<?xml version="1.0" encoding="UTF-8"?>
<testsuite xmlns:xsi="http://www.w3.org/2001/XMLSchema-instance" xsi:noNamespaceSchemaLocation="https://maven.apache.org/surefire/maven-surefire-plugin/xsd/surefire-test-report.xsd" name="TestRunner" time="580.447" tests="1" errors="0" skipped="0" failures="1">
  <properties>
    <property name="sun.desktop" value="windows"/>
    <property name="awt.toolkit" value="sun.awt.windows.WToolkit"/>
    <property name="java.specification.version" value="11"/>
    <property name="sun.cpu.isalist" value="amd64"/>
    <property name="sun.jnu.encoding" value="Cp1252"/>
    <property name="java.class.path" value="C:\Users\Claire\IdeaProjects\Automation_Testing\target\test-classes;C:\Users\Claire\IdeaProjects\Automation_Testing\target\classes;C:\Users\Claire\.m2\repository\org\junit\vintage\junit-vintage-engine\5.7.0\junit-vintage-engine-5.7.0.jar;C:\Users\Claire\.m2\repository\org\apiguardian\apiguardian-api\1.1.0\apiguardian-api-1.1.0.jar;C:\Users\Claire\.m2\repository\org\junit\platform\junit-platform-engine\1.7.0\junit-platform-engine-1.7.0.jar;C:\Users\Claire\.m2\repository\org\opentest4j\opentest4j\1.2.0\opentest4j-1.2.0.jar;C:\Users\Claire\.m2\repository\org\junit\platform\junit-platform-commons\1.7.0\junit-platform-commons-1.7.0.jar;C:\Users\Claire\.m2\repository\junit\junit\4.13\junit-4.13.jar;C:\Users\Claire\.m2\repository\org\hamcrest\hamcrest-core\1.3\hamcrest-core-1.3.jar;C:\Users\Claire\.m2\repository\com\intuit\karate\karate-apache\0.9.6.RC4\karate-apache-0.9.6.RC4.jar;C:\Users\Claire\.m2\repository\com\intuit\karate\karate-core\0.9.6.RC4\karate-core-0.9.6.RC4.jar;C:\Users\Claire\.m2\repository\com\jayway\jsonpath\json-path\2.4.0\json-path-2.4.0.jar;C:\Users\Claire\.m2\repository\net\minidev\json-smart\2.3\json-smart-2.3.jar;C:\Users\Claire\.m2\repository\net\minidev\accessors-smart\1.2\accessors-smart-1.2.jar;C:\Users\Claire\.m2\repository\org\ow2\asm\asm\5.0.4\asm-5.0.4.jar;C:\Users\Claire\.m2\repository\info\cukes\cucumber-java\1.2.5\cucumber-java-1.2.5.jar;C:\Users\Claire\.m2\repository\info\cukes\cucumber-core\1.2.5\cucumber-core-1.2.5.jar;C:\Users\Claire\.m2\repository\org\yaml\snakeyaml\1.24\snakeyaml-1.24.jar;C:\Users\Claire\.m2\repository\de\siegmar\fastcsv\1.0.3\fastcsv-1.0.3.jar;C:\Users\Claire\.m2\repository\info\picocli\picocli\4.0.3\picocli-4.0.3.jar;C:\Users\Claire\.m2\repository\org\apache\httpcomponents\httpclient\4.5.12\httpclient-4.5.12.jar;C:\Users\Claire\.m2\repository\org\apache\httpcomponents\httpcore\4.4.13\httpcore-4.4.13.jar;C:\Users\Claire\.m2\repository\commons-codec\commons-codec\1.11\commons-codec-1.11.jar;C:\Users\Claire\.m2\repository\org\apache\httpcomponents\httpmime\4.5.12\httpmime-4.5.12.jar;C:\Users\Claire\.m2\repository\org\slf4j\jcl-over-slf4j\1.7.25\jcl-over-slf4j-1.7.25.jar;C:\Users\Claire\.m2\repository\org\slf4j\slf4j-api\1.7.25\slf4j-api-1.7.25.jar;C:\Users\Claire\.m2\repository\ch\qos\logback\logback-classic\1.2.3\logback-classic-1.2.3.jar;C:\Users\Claire\.m2\repository\ch\qos\logback\logback-core\1.2.3\logback-core-1.2.3.jar;C:\Users\Claire\.m2\repository\org\springframework\spring-jdbc\5.2.9.RELEASE\spring-jdbc-5.2.9.RELEASE.jar;C:\Users\Claire\.m2\repository\org\springframework\spring-beans\5.2.9.RELEASE\spring-beans-5.2.9.RELEASE.jar;C:\Users\Claire\.m2\repository\org\springframework\spring-core\5.2.9.RELEASE\spring-core-5.2.9.RELEASE.jar;C:\Users\Claire\.m2\repository\org\springframework\spring-jcl\5.2.9.RELEASE\spring-jcl-5.2.9.RELEASE.jar;C:\Users\Claire\.m2\repository\org\springframework\spring-tx\5.2.9.RELEASE\spring-tx-5.2.9.RELEASE.jar;C:\Users\Claire\.m2\repository\com\intuit\karate\karate-junit5\0.9.6.RC4\karate-junit5-0.9.6.RC4.jar;C:\Users\Claire\.m2\repository\org\junit\jupiter\junit-jupiter-api\5.5.0\junit-jupiter-api-5.5.0.jar;C:\Users\Claire\.m2\repository\org\junit\jupiter\junit-jupiter-engine\5.5.0\junit-jupiter-engine-5.5.0.jar;C:\Users\Claire\.m2\repository\com\intuit\karate\karate-junit4\0.9.6.RC4\karate-junit4-0.9.6.RC4.jar;C:\Users\Claire\.m2\repository\net\masterthought\cucumber-reporting\5.7.0\cucumber-reporting-5.7.0.jar;C:\Users\Claire\.m2\repository\com\fasterxml\jackson\core\jackson-databind\2.13.0\jackson-databind-2.13.0.jar;C:\Users\Claire\.m2\repository\com\fasterxml\jackson\core\jackson-annotations\2.13.0\jackson-annotations-2.13.0.jar;C:\Users\Claire\.m2\repository\com\fasterxml\jackson\core\jackson-core\2.13.0\jackson-core-2.13.0.jar;C:\Users\Claire\.m2\repository\com\fasterxml\jackson\datatype\jackson-datatype-jsr310\2.13.0\jackson-datatype-jsr310-2.13.0.jar;C:\Users\Claire\.m2\repository\org\apache\velocity\velocity-engine-core\2.3\velocity-engine-core-2.3.jar;C:\Users\Claire\.m2\repository\commons-collections\commons-collections\3.2.2\commons-collections-3.2.2.jar;C:\Users\Claire\.m2\repository\joda-time\joda-time\2.10.10\joda-time-2.10.10.jar;C:\Users\Claire\.m2\repository\org\apache\commons\commons-lang3\3.12.0\commons-lang3-3.12.0.jar;C:\Users\Claire\.m2\repository\commons-io\commons-io\2.7\commons-io-2.7.jar;C:\Users\Claire\.m2\repository\org\codehaus\plexus\plexus-utils\3.3.0\plexus-utils-3.3.0.jar;C:\Users\Claire\.m2\repository\org\jsoup\jsoup\1.14.2\jsoup-1.14.2.jar;C:\Users\Claire\.m2\repository\com\google\guava\guava\30.1.1-jre\guava-30.1.1-jre.jar;C:\Users\Claire\.m2\repository\com\google\guava\failureaccess\1.0.1\failureaccess-1.0.1.jar;C:\Users\Claire\.m2\repository\com\google\guava\listenablefuture\9999.0-empty-to-avoid-conflict-with-guava\listenablefuture-9999.0-empty-to-avoid-conflict-with-guava.jar;C:\Users\Claire\.m2\repository\com\google\code\findbugs\jsr305\3.0.2\jsr305-3.0.2.jar;C:\Users\Claire\.m2\repository\org\checkerframework\checker-qual\3.8.0\checker-qual-3.8.0.jar;C:\Users\Claire\.m2\repository\com\google\errorprone\error_prone_annotations\2.5.1\error_prone_annotations-2.5.1.jar;C:\Users\Claire\.m2\repository\com\google\j2objc\j2objc-annotations\1.3\j2objc-annotations-1.3.jar;C:\Users\Claire\.m2\repository\com\googlecode\owasp-java-html-sanitizer\owasp-java-html-sanitizer\20211018.2\owasp-java-html-sanitizer-20211018.2.jar;C:\Users\Claire\.m2\repository\commons-configuration\commons-configuration\1.10\commons-configuration-1.10.jar;C:\Users\Claire\.m2\repository\commons-lang\commons-lang\2.6\commons-lang-2.6.jar;C:\Users\Claire\.m2\repository\commons-logging\commons-logging\1.1.1\commons-logging-1.1.1.jar;C:\Users\Claire\.m2\repository\org\seleniumhq\selenium\selenium-java\4.0.0-beta-2\selenium-java-4.0.0-beta-2.jar;C:\Users\Claire\.m2\repository\org\seleniumhq\selenium\selenium-api\4.0.0-beta-2\selenium-api-4.0.0-beta-2.jar;C:\Users\Claire\.m2\repository\org\seleniumhq\selenium\selenium-chrome-driver\4.0.0-beta-2\selenium-chrome-driver-4.0.0-beta-2.jar;C:\Users\Claire\.m2\repository\com\google\auto\service\auto-service-annotations\1.0-rc7\auto-service-annotations-1.0-rc7.jar;C:\Users\Claire\.m2\repository\com\google\auto\service\auto-service\1.0-rc7\auto-service-1.0-rc7.jar;C:\Users\Claire\.m2\repository\com\google\auto\auto-common\0.10\auto-common-0.10.jar;C:\Users\Claire\.m2\repository\org\seleniumhq\selenium\selenium-chromium-driver\4.0.0-beta-2\selenium-chromium-driver-4.0.0-beta-2.jar;C:\Users\Claire\.m2\repository\org\seleniumhq\selenium\selenium-devtools\4.0.0-beta-2\selenium-devtools-4.0.0-beta-2.jar;C:\Users\Claire\.m2\repository\org\seleniumhq\selenium\selenium-http\4.0.0-beta-2\selenium-http-4.0.0-beta-2.jar;C:\Users\Claire\.m2\repository\org\seleniumhq\selenium\selenium-json\4.0.0-beta-2\selenium-json-4.0.0-beta-2.jar;C:\Users\Claire\.m2\repository\org\seleniumhq\selenium\selenium-devtools-v85\4.0.0-beta-2\selenium-devtools-v85-4.0.0-beta-2.jar;C:\Users\Claire\.m2\repository\org\seleniumhq\selenium\selenium-devtools-v86\4.0.0-beta-2\selenium-devtools-v86-4.0.0-beta-2.jar;C:\Users\Claire\.m2\repository\org\seleniumhq\selenium\selenium-devtools-v87\4.0.0-beta-2\selenium-devtools-v87-4.0.0-beta-2.jar;C:\Users\Claire\.m2\repository\org\seleniumhq\selenium\selenium-devtools-v88\4.0.0-beta-2\selenium-devtools-v88-4.0.0-beta-2.jar;C:\Users\Claire\.m2\repository\org\seleniumhq\selenium\selenium-devtools-v89\4.0.0-beta-2\selenium-devtools-v89-4.0.0-beta-2.jar;C:\Users\Claire\.m2\repository\org\seleniumhq\selenium\selenium-edge-driver\4.0.0-beta-2\selenium-edge-driver-4.0.0-beta-2.jar;C:\Users\Claire\.m2\repository\org\seleniumhq\selenium\selenium-firefox-driver\4.0.0-beta-2\selenium-firefox-driver-4.0.0-beta-2.jar;C:\Users\Claire\.m2\repository\org\seleniumhq\selenium\selenium-firefox-xpi-driver\4.0.0-beta-2\selenium-firefox-xpi-driver-4.0.0-beta-2.jar;C:\Users\Claire\.m2\repository\org\seleniumhq\selenium\selenium-ie-driver\4.0.0-beta-2\selenium-ie-driver-4.0.0-beta-2.jar;C:\Users\Claire\.m2\repository\org\seleniumhq\selenium\selenium-opera-driver\4.0.0-beta-2\selenium-opera-driver-4.0.0-beta-2.jar;C:\Users\Claire\.m2\repository\org\seleniumhq\selenium\selenium-remote-driver\4.0.0-beta-2\selenium-remote-driver-4.0.0-beta-2.jar;C:\Users\Claire\.m2\repository\io\netty\netty-buffer\4.1.58.Final\netty-buffer-4.1.58.Final.jar;C:\Users\Claire\.m2\repository\io\netty\netty-codec-http\4.1.58.Final\netty-codec-http-4.1.58.Final.jar;C:\Users\Claire\.m2\repository\io\netty\netty-codec\4.1.58.Final\netty-codec-4.1.58.Final.jar;C:\Users\Claire\.m2\repository\io\netty\netty-handler\4.1.58.Final\netty-handler-4.1.58.Final.jar;C:\Users\Claire\.m2\repository\io\netty\netty-common\4.1.58.Final\netty-common-4.1.58.Final.jar;C:\Users\Claire\.m2\repository\io\netty\netty-transport-native-epoll\4.1.58.Final\netty-transport-native-epoll-4.1.58.Final.jar;C:\Users\Claire\.m2\repository\io\netty\netty-transport-native-kqueue\4.1.58.Final\netty-transport-native-kqueue-4.1.58.Final.jar;C:\Users\Claire\.m2\repository\io\netty\netty-transport-native-unix-common\4.1.58.Final\netty-transport-native-unix-common-4.1.58.Final.jar;C:\Users\Claire\.m2\repository\io\netty\netty-transport\4.1.58.Final\netty-transport-4.1.58.Final.jar;C:\Users\Claire\.m2\repository\io\netty\netty-resolver\4.1.58.Final\netty-resolver-4.1.58.Final.jar;C:\Users\Claire\.m2\repository\io\opentelemetry\opentelemetry-api\1.0.0\opentelemetry-api-1.0.0.jar;C:\Users\Claire\.m2\repository\io\opentelemetry\opentelemetry-context\1.0.0\opentelemetry-context-1.0.0.jar;C:\Users\Claire\.m2\repository\io\opentelemetry\opentelemetry-exporter-logging\1.0.0\opentelemetry-exporter-logging-1.0.0.jar;C:\Users\Claire\.m2\repository\io\opentelemetry\opentelemetry-sdk-metrics\1.0.0-alpha\opentelemetry-sdk-metrics-1.0.0-alpha.jar;C:\Users\Claire\.m2\repository\io\opentelemetry\opentelemetry-sdk-common\1.0.0\opentelemetry-sdk-common-1.0.0.jar;C:\Users\Claire\.m2\repository\io\opentelemetry\opentelemetry-sdk-extension-autoconfigure\1.0.0-alpha\opentelemetry-sdk-extension-autoconfigure-1.0.0-alpha.jar;C:\Users\Claire\.m2\repository\io\opentelemetry\opentelemetry-sdk-trace\1.0.0\opentelemetry-sdk-trace-1.0.0.jar;C:\Users\Claire\.m2\repository\io\opentelemetry\opentelemetry-api-metrics\1.0.0-alpha\opentelemetry-api-metrics-1.0.0-alpha.jar;C:\Users\Claire\.m2\repository\io\opentelemetry\opentelemetry-sdk\1.0.0\opentelemetry-sdk-1.0.0.jar;C:\Users\Claire\.m2\repository\io\opentelemetry\opentelemetry-semconv\1.0.0-alpha\opentelemetry-semconv-1.0.0-alpha.jar;C:\Users\Claire\.m2\repository\net\bytebuddy\byte-buddy\1.10.19\byte-buddy-1.10.19.jar;C:\Users\Claire\.m2\repository\org\apache\commons\commons-exec\1.3\commons-exec-1.3.jar;C:\Users\Claire\.m2\repository\org\asynchttpclient\async-http-client\2.12.2\async-http-client-2.12.2.jar;C:\Users\Claire\.m2\repository\org\asynchttpclient\async-http-client-netty-utils\2.12.2\async-http-client-netty-utils-2.12.2.jar;C:\Users\Claire\.m2\repository\io\netty\netty-codec-socks\4.1.53.Final\netty-codec-socks-4.1.53.Final.jar;C:\Users\Claire\.m2\repository\io\netty\netty-handler-proxy\4.1.53.Final\netty-handler-proxy-4.1.53.Final.jar;C:\Users\Claire\.m2\repository\io\netty\netty-transport-native-epoll\4.1.53.Final\netty-transport-native-epoll-4.1.53.Final-linux-x86_64.jar;C:\Users\Claire\.m2\repository\io\netty\netty-transport-native-kqueue\4.1.53.Final\netty-transport-native-kqueue-4.1.53.Final-osx-x86_64.jar;C:\Users\Claire\.m2\repository\org\reactivestreams\reactive-streams\1.0.3\reactive-streams-1.0.3.jar;C:\Users\Claire\.m2\repository\com\typesafe\netty\netty-reactive-streams\2.0.4\netty-reactive-streams-2.0.4.jar;C:\Users\Claire\.m2\repository\com\sun\activation\jakarta.activation\1.2.2\jakarta.activation-1.2.2.jar;C:\Users\Claire\.m2\repository\org\seleniumhq\selenium\selenium-safari-driver\4.0.0-beta-2\selenium-safari-driver-4.0.0-beta-2.jar;C:\Users\Claire\.m2\repository\org\seleniumhq\selenium\selenium-support\4.0.0-beta-2\selenium-support-4.0.0-beta-2.jar;C:\Users\Claire\.m2\repository\com\intuit\karate\karate-gatling\1.1.0.RC4\karate-gatling-1.1.0.RC4.jar;C:\Users\Claire\.m2\repository\io\gatling\highcharts\gatling-charts-highcharts\3.6.0\gatling-charts-highcharts-3.6.0.jar;C:\Users\Claire\.m2\repository\org\scala-lang\scala-library\2.13.6\scala-library-2.13.6.jar;C:\Users\Claire\.m2\repository\io\gatling\gatling-app\3.6.0\gatling-app-3.6.0.jar;C:\Users\Claire\.m2\repository\io\gatling\gatling-core\3.6.0\gatling-core-3.6.0.jar;C:\Users\Claire\.m2\repository\io\gatling\gatling-commons\3.6.0\gatling-commons-3.6.0.jar;C:\Users\Claire\.m2\repository\io\gatling\gatling-commons-shared\3.6.0\gatling-commons-shared-3.6.0.jar;C:\Users\Claire\.m2\repository\org\scala-lang\scala-reflect\2.13.6\scala-reflect-2.13.6.jar;C:\Users\Claire\.m2\repository\io\suzaku\boopickle_2.13\1.3.3\boopickle_2.13-1.3.3.jar;C:\Users\Claire\.m2\repository\io\gatling\gatling-commons-shared-unstable\3.6.0\gatling-commons-shared-unstable-3.6.0.jar;C:\Users\Claire\.m2\repository\org\typelevel\spire-macros_2.13\0.17.0\spire-macros_2.13-0.17.0.jar;C:\Users\Claire\.m2\repository\com\typesafe\scala-logging\scala-logging_2.13\3.9.3\scala-logging_2.13-3.9.3.jar;C:\Users\Claire\.m2\repository\io\gatling\gatling-jsonpath\3.6.0\gatling-jsonpath-3.6.0.jar;C:\Users\Claire\.m2\repository\com\typesafe\akka\akka-slf4j_2.13\2.6.14\akka-slf4j_2.13-2.6.14.jar;C:\Users\Claire\.m2\repository\org\simpleflatmapper\lightning-csv\8.2.3\lightning-csv-8.2.3.jar;C:\Users\Claire\.m2\repository\org\simpleflatmapper\sfm-util\8.2.3\sfm-util-8.2.3.jar;C:\Users\Claire\.m2\repository\com\github\ben-manes\caffeine\caffeine\2.9.1\caffeine-2.9.1.jar;C:\Users\Claire\.m2\repository\io\pebbletemplates\pebble\3.1.5\pebble-3.1.5.jar;C:\Users\Claire\.m2\repository\org\unbescape\unbescape\1.1.6.RELEASE\unbescape-1.1.6.RELEASE.jar;C:\Users\Claire\.m2\repository\org\scala-lang\modules\scala-parser-combinators_2.13\2.0.0\scala-parser-combinators_2.13-2.0.0.jar;C:\Users\Claire\.m2\repository\com\github\scopt\scopt_2.13\3.7.1\scopt_2.13-3.7.1.jar;C:\Users\Claire\.m2\repository\com\softwaremill\quicklens\quicklens_2.13\1.7.2\quicklens_2.13-1.7.2.jar;C:\Users\Claire\.m2\repository\net\sf\saxon\Saxon-HE\10.5\Saxon-HE-10.5.jar;C:\Users\Claire\.m2\repository\org\jodd\jodd-lagarto\6.0.5\jodd-lagarto-6.0.5.jar;C:\Users\Claire\.m2\repository\org\jodd\jodd-util\6.0.1\jodd-util-6.0.1.jar;C:\Users\Claire\.m2\repository\io\burt\jmespath-jackson\0.5.0\jmespath-jackson-0.5.0.jar;C:\Users\Claire\.m2\repository\io\burt\jmespath-core\0.5.0\jmespath-core-0.5.0.jar;C:\Users\Claire\.m2\repository\io\gatling\gatling-http\3.6.0\gatling-http-3.6.0.jar;C:\Users\Claire\.m2\repository\io\gatling\gatling-http-client\3.6.0\gatling-http-client-3.6.0.jar;C:\Users\Claire\.m2\repository\io\gatling\gatling-netty-util\3.6.0\gatling-netty-util-3.6.0.jar;C:\Users\Claire\.m2\repository\io\netty\netty-resolver-dns\4.1.64.Final\netty-resolver-dns-4.1.64.Final.jar;C:\Users\Claire\.m2\repository\io\netty\netty-codec-dns\4.1.64.Final\netty-codec-dns-4.1.64.Final.jar;C:\Users\Claire\.m2\repository\io\netty\netty-codec-http2\4.1.64.Final\netty-codec-http2-4.1.64.Final.jar;C:\Users\Claire\.m2\repository\io\netty\netty-tcnative-boringssl-static\2.0.39.Final\netty-tcnative-boringssl-static-2.0.39.Final.jar;C:\Users\Claire\.m2\repository\com\aayushatharva\brotli4j\brotli4j\1.4.2\brotli4j-1.4.2.jar;C:\Users\Claire\.m2\repository\com\aayushatharva\brotli4j\native-linux-x86_64\1.4.2\native-linux-x86_64-1.4.2.jar;C:\Users\Claire\.m2\repository\com\aayushatharva\brotli4j\native-linux-aarch64\1.4.2\native-linux-aarch64-1.4.2.jar;C:\Users\Claire\.m2\repository\com\aayushatharva\brotli4j\native-osx-x86_64\1.4.2\native-osx-x86_64-1.4.2.jar;C:\Users\Claire\.m2\repository\com\aayushatharva\brotli4j\native-windows-x86_64\1.4.2\native-windows-x86_64-1.4.2.jar;C:\Users\Claire\.m2\repository\io\gatling\gatling-jms\3.6.0\gatling-jms-3.6.0.jar;C:\Users\Claire\.m2\repository\javax\jms\javax.jms-api\2.0.1\javax.jms-api-2.0.1.jar;C:\Users\Claire\.m2\repository\com\eatthepath\fast-uuid\0.1\fast-uuid-0.1.jar;C:\Users\Claire\.m2\repository\io\gatling\gatling-jdbc\3.6.0\gatling-jdbc-3.6.0.jar;C:\Users\Claire\.m2\repository\io\gatling\gatling-redis\3.6.0\gatling-redis-3.6.0.jar;C:\Users\Claire\.m2\repository\net\debasishg\redisclient_2.13\3.30\redisclient_2.13-3.30.jar;C:\Users\Claire\.m2\repository\org\apache\commons\commons-pool2\2.8.0\commons-pool2-2.8.0.jar;C:\Users\Claire\.m2\repository\io\gatling\gatling-graphite\3.6.0\gatling-graphite-3.6.0.jar;C:\Users\Claire\.m2\repository\org\hdrhistogram\HdrHistogram\2.1.12\HdrHistogram-2.1.12.jar;C:\Users\Claire\.m2\repository\io\gatling\gatling-charts\3.6.0\gatling-charts-3.6.0.jar;C:\Users\Claire\.m2\repository\com\tdunning\t-digest\3.1\t-digest-3.1.jar;C:\Users\Claire\.m2\repository\io\gatling\gatling-recorder\3.6.0\gatling-recorder-3.6.0.jar;C:\Users\Claire\.m2\repository\org\scala-lang\modules\scala-swing_2.13\3.0.0\scala-swing_2.13-3.0.0.jar;C:\Users\Claire\.m2\repository\org\bouncycastle\bcpkix-jdk15on\1.68\bcpkix-jdk15on-1.68.jar;C:\Users\Claire\.m2\repository\org\bouncycastle\bcprov-jdk15on\1.68\bcprov-jdk15on-1.68.jar;C:\Users\Claire\.m2\repository\com\typesafe\akka\akka-actor_2.13\2.6.14\akka-actor_2.13-2.6.14.jar;C:\Users\Claire\.m2\repository\com\typesafe\config\1.4.0\config-1.4.0.jar;C:\Users\Claire\.m2\repository\org\scala-lang\modules\scala-java8-compat_2.13\0.9.0\scala-java8-compat_2.13-0.9.0.jar;C:\Users\Claire\.m2\repository\com\microsoft\sqlserver\mssql-jdbc\9.2.1.jre8\mssql-jdbc-9.2.1.jre8.jar;"/>
    <property name="java.vm.vendor" value="Azul Systems, Inc."/>
    <property name="sun.arch.data.model" value="64"/>
    <property name="user.variant" value=""/>
    <property name="java.vendor.url" value="http://www.azulsystems.com/"/>
    <property name="user.timezone" value="Asia/Singapore"/>
    <property name="java.vm.specification.version" value="11"/>
    <property name="os.name" value="Windows 10"/>
    <property name="sun.java.launcher" value="SUN_STANDARD"/>
    <property name="user.country" value="PH"/>
    <property name="sun.boot.library.path" value="C:\Program Files\Java\jdk-11\bin"/>
    <property name="sun.java.command" value="C:\Users\Claire\AppData\Local\Temp\surefire9075905053595040030\surefirebooter4003385211785486569.jar C:\Users\Claire\AppData\Local\Temp\surefire9075905053595040030 2022-08-08T00-08-23_598-jvmRun1 surefire296395207475547225tmp surefire_011725856089649954813tmp"/>
    <property name="jdk.debug" value="release"/>
    <property name="test" value="TestRunner"/>
    <property name="surefire.test.class.path" value="C:\Users\Claire\IdeaProjects\Automation_Testing\target\test-classes;C:\Users\Claire\IdeaProjects\Automation_Testing\target\classes;C:\Users\Claire\.m2\repository\org\junit\vintage\junit-vintage-engine\5.7.0\junit-vintage-engine-5.7.0.jar;C:\Users\Claire\.m2\repository\org\apiguardian\apiguardian-api\1.1.0\apiguardian-api-1.1.0.jar;C:\Users\Claire\.m2\repository\org\junit\platform\junit-platform-engine\1.7.0\junit-platform-engine-1.7.0.jar;C:\Users\Claire\.m2\repository\org\opentest4j\opentest4j\1.2.0\opentest4j-1.2.0.jar;C:\Users\Claire\.m2\repository\org\junit\platform\junit-platform-commons\1.7.0\junit-platform-commons-1.7.0.jar;C:\Users\Claire\.m2\repository\junit\junit\4.13\junit-4.13.jar;C:\Users\Claire\.m2\repository\org\hamcrest\hamcrest-core\1.3\hamcrest-core-1.3.jar;C:\Users\Claire\.m2\repository\com\intuit\karate\karate-apache\0.9.6.RC4\karate-apache-0.9.6.RC4.jar;C:\Users\Claire\.m2\repository\com\intuit\karate\karate-core\0.9.6.RC4\karate-core-0.9.6.RC4.jar;C:\Users\Claire\.m2\repository\com\jayway\jsonpath\json-path\2.4.0\json-path-2.4.0.jar;C:\Users\Claire\.m2\repository\net\minidev\json-smart\2.3\json-smart-2.3.jar;C:\Users\Claire\.m2\repository\net\minidev\accessors-smart\1.2\accessors-smart-1.2.jar;C:\Users\Claire\.m2\repository\org\ow2\asm\asm\5.0.4\asm-5.0.4.jar;C:\Users\Claire\.m2\repository\info\cukes\cucumber-java\1.2.5\cucumber-java-1.2.5.jar;C:\Users\Claire\.m2\repository\info\cukes\cucumber-core\1.2.5\cucumber-core-1.2.5.jar;C:\Users\Claire\.m2\repository\org\yaml\snakeyaml\1.24\snakeyaml-1.24.jar;C:\Users\Claire\.m2\repository\de\siegmar\fastcsv\1.0.3\fastcsv-1.0.3.jar;C:\Users\Claire\.m2\repository\info\picocli\picocli\4.0.3\picocli-4.0.3.jar;C:\Users\Claire\.m2\repository\org\apache\httpcomponents\httpclient\4.5.12\httpclient-4.5.12.jar;C:\Users\Claire\.m2\repository\org\apache\httpcomponents\httpcore\4.4.13\httpcore-4.4.13.jar;C:\Users\Claire\.m2\repository\commons-codec\commons-codec\1.11\commons-codec-1.11.jar;C:\Users\Claire\.m2\repository\org\apache\httpcomponents\httpmime\4.5.12\httpmime-4.5.12.jar;C:\Users\Claire\.m2\repository\org\slf4j\jcl-over-slf4j\1.7.25\jcl-over-slf4j-1.7.25.jar;C:\Users\Claire\.m2\repository\org\slf4j\slf4j-api\1.7.25\slf4j-api-1.7.25.jar;C:\Users\Claire\.m2\repository\ch\qos\logback\logback-classic\1.2.3\logback-classic-1.2.3.jar;C:\Users\Claire\.m2\repository\ch\qos\logback\logback-core\1.2.3\logback-core-1.2.3.jar;C:\Users\Claire\.m2\repository\org\springframework\spring-jdbc\5.2.9.RELEASE\spring-jdbc-5.2.9.RELEASE.jar;C:\Users\Claire\.m2\repository\org\springframework\spring-beans\5.2.9.RELEASE\spring-beans-5.2.9.RELEASE.jar;C:\Users\Claire\.m2\repository\org\springframework\spring-core\5.2.9.RELEASE\spring-core-5.2.9.RELEASE.jar;C:\Users\Claire\.m2\repository\org\springframework\spring-jcl\5.2.9.RELEASE\spring-jcl-5.2.9.RELEASE.jar;C:\Users\Claire\.m2\repository\org\springframework\spring-tx\5.2.9.RELEASE\spring-tx-5.2.9.RELEASE.jar;C:\Users\Claire\.m2\repository\com\intuit\karate\karate-junit5\0.9.6.RC4\karate-junit5-0.9.6.RC4.jar;C:\Users\Claire\.m2\repository\org\junit\jupiter\junit-jupiter-api\5.5.0\junit-jupiter-api-5.5.0.jar;C:\Users\Claire\.m2\repository\org\junit\jupiter\junit-jupiter-engine\5.5.0\junit-jupiter-engine-5.5.0.jar;C:\Users\Claire\.m2\repository\com\intuit\karate\karate-junit4\0.9.6.RC4\karate-junit4-0.9.6.RC4.jar;C:\Users\Claire\.m2\repository\net\masterthought\cucumber-reporting\5.7.0\cucumber-reporting-5.7.0.jar;C:\Users\Claire\.m2\repository\com\fasterxml\jackson\core\jackson-databind\2.13.0\jackson-databind-2.13.0.jar;C:\Users\Claire\.m2\repository\com\fasterxml\jackson\core\jackson-annotations\2.13.0\jackson-annotations-2.13.0.jar;C:\Users\Claire\.m2\repository\com\fasterxml\jackson\core\jackson-core\2.13.0\jackson-core-2.13.0.jar;C:\Users\Claire\.m2\repository\com\fasterxml\jackson\datatype\jackson-datatype-jsr310\2.13.0\jackson-datatype-jsr310-2.13.0.jar;C:\Users\Claire\.m2\repository\org\apache\velocity\velocity-engine-core\2.3\velocity-engine-core-2.3.jar;C:\Users\Claire\.m2\repository\commons-collections\commons-collections\3.2.2\commons-collections-3.2.2.jar;C:\Users\Claire\.m2\repository\joda-time\joda-time\2.10.10\joda-time-2.10.10.jar;C:\Users\Claire\.m2\repository\org\apache\commons\commons-lang3\3.12.0\commons-lang3-3.12.0.jar;C:\Users\Claire\.m2\repository\commons-io\commons-io\2.7\commons-io-2.7.jar;C:\Users\Claire\.m2\repository\org\codehaus\plexus\plexus-utils\3.3.0\plexus-utils-3.3.0.jar;C:\Users\Claire\.m2\repository\org\jsoup\jsoup\1.14.2\jsoup-1.14.2.jar;C:\Users\Claire\.m2\repository\com\google\guava\guava\30.1.1-jre\guava-30.1.1-jre.jar;C:\Users\Claire\.m2\repository\com\google\guava\failureaccess\1.0.1\failureaccess-1.0.1.jar;C:\Users\Claire\.m2\repository\com\google\guava\listenablefuture\9999.0-empty-to-avoid-conflict-with-guava\listenablefuture-9999.0-empty-to-avoid-conflict-with-guava.jar;C:\Users\Claire\.m2\repository\com\google\code\findbugs\jsr305\3.0.2\jsr305-3.0.2.jar;C:\Users\Claire\.m2\repository\org\checkerframework\checker-qual\3.8.0\checker-qual-3.8.0.jar;C:\Users\Claire\.m2\repository\com\google\errorprone\error_prone_annotations\2.5.1\error_prone_annotations-2.5.1.jar;C:\Users\Claire\.m2\repository\com\google\j2objc\j2objc-annotations\1.3\j2objc-annotations-1.3.jar;C:\Users\Claire\.m2\repository\com\googlecode\owasp-java-html-sanitizer\owasp-java-html-sanitizer\20211018.2\owasp-java-html-sanitizer-20211018.2.jar;C:\Users\Claire\.m2\repository\commons-configuration\commons-configuration\1.10\commons-configuration-1.10.jar;C:\Users\Claire\.m2\repository\commons-lang\commons-lang\2.6\commons-lang-2.6.jar;C:\Users\Claire\.m2\repository\commons-logging\commons-logging\1.1.1\commons-logging-1.1.1.jar;C:\Users\Claire\.m2\repository\org\seleniumhq\selenium\selenium-java\4.0.0-beta-2\selenium-java-4.0.0-beta-2.jar;C:\Users\Claire\.m2\repository\org\seleniumhq\selenium\selenium-api\4.0.0-beta-2\selenium-api-4.0.0-beta-2.jar;C:\Users\Claire\.m2\repository\org\seleniumhq\selenium\selenium-chrome-driver\4.0.0-beta-2\selenium-chrome-driver-4.0.0-beta-2.jar;C:\Users\Claire\.m2\repository\com\google\auto\service\auto-service-annotations\1.0-rc7\auto-service-annotations-1.0-rc7.jar;C:\Users\Claire\.m2\repository\com\google\auto\service\auto-service\1.0-rc7\auto-service-1.0-rc7.jar;C:\Users\Claire\.m2\repository\com\google\auto\auto-common\0.10\auto-common-0.10.jar;C:\Users\Claire\.m2\repository\org\seleniumhq\selenium\selenium-chromium-driver\4.0.0-beta-2\selenium-chromium-driver-4.0.0-beta-2.jar;C:\Users\Claire\.m2\repository\org\seleniumhq\selenium\selenium-devtools\4.0.0-beta-2\selenium-devtools-4.0.0-beta-2.jar;C:\Users\Claire\.m2\repository\org\seleniumhq\selenium\selenium-http\4.0.0-beta-2\selenium-http-4.0.0-beta-2.jar;C:\Users\Claire\.m2\repository\org\seleniumhq\selenium\selenium-json\4.0.0-beta-2\selenium-json-4.0.0-beta-2.jar;C:\Users\Claire\.m2\repository\org\seleniumhq\selenium\selenium-devtools-v85\4.0.0-beta-2\selenium-devtools-v85-4.0.0-beta-2.jar;C:\Users\Claire\.m2\repository\org\seleniumhq\selenium\selenium-devtools-v86\4.0.0-beta-2\selenium-devtools-v86-4.0.0-beta-2.jar;C:\Users\Claire\.m2\repository\org\seleniumhq\selenium\selenium-devtools-v87\4.0.0-beta-2\selenium-devtools-v87-4.0.0-beta-2.jar;C:\Users\Claire\.m2\repository\org\seleniumhq\selenium\selenium-devtools-v88\4.0.0-beta-2\selenium-devtools-v88-4.0.0-beta-2.jar;C:\Users\Claire\.m2\repository\org\seleniumhq\selenium\selenium-devtools-v89\4.0.0-beta-2\selenium-devtools-v89-4.0.0-beta-2.jar;C:\Users\Claire\.m2\repository\org\seleniumhq\selenium\selenium-edge-driver\4.0.0-beta-2\selenium-edge-driver-4.0.0-beta-2.jar;C:\Users\Claire\.m2\repository\org\seleniumhq\selenium\selenium-firefox-driver\4.0.0-beta-2\selenium-firefox-driver-4.0.0-beta-2.jar;C:\Users\Claire\.m2\repository\org\seleniumhq\selenium\selenium-firefox-xpi-driver\4.0.0-beta-2\selenium-firefox-xpi-driver-4.0.0-beta-2.jar;C:\Users\Claire\.m2\repository\org\seleniumhq\selenium\selenium-ie-driver\4.0.0-beta-2\selenium-ie-driver-4.0.0-beta-2.jar;C:\Users\Claire\.m2\repository\org\seleniumhq\selenium\selenium-opera-driver\4.0.0-beta-2\selenium-opera-driver-4.0.0-beta-2.jar;C:\Users\Claire\.m2\repository\org\seleniumhq\selenium\selenium-remote-driver\4.0.0-beta-2\selenium-remote-driver-4.0.0-beta-2.jar;C:\Users\Claire\.m2\repository\io\netty\netty-buffer\4.1.58.Final\netty-buffer-4.1.58.Final.jar;C:\Users\Claire\.m2\repository\io\netty\netty-codec-http\4.1.58.Final\netty-codec-http-4.1.58.Final.jar;C:\Users\Claire\.m2\repository\io\netty\netty-codec\4.1.58.Final\netty-codec-4.1.58.Final.jar;C:\Users\Claire\.m2\repository\io\netty\netty-handler\4.1.58.Final\netty-handler-4.1.58.Final.jar;C:\Users\Claire\.m2\repository\io\netty\netty-common\4.1.58.Final\netty-common-4.1.58.Final.jar;C:\Users\Claire\.m2\repository\io\netty\netty-transport-native-epoll\4.1.58.Final\netty-transport-native-epoll-4.1.58.Final.jar;C:\Users\Claire\.m2\repository\io\netty\netty-transport-native-kqueue\4.1.58.Final\netty-transport-native-kqueue-4.1.58.Final.jar;C:\Users\Claire\.m2\repository\io\netty\netty-transport-native-unix-common\4.1.58.Final\netty-transport-native-unix-common-4.1.58.Final.jar;C:\Users\Claire\.m2\repository\io\netty\netty-transport\4.1.58.Final\netty-transport-4.1.58.Final.jar;C:\Users\Claire\.m2\repository\io\netty\netty-resolver\4.1.58.Final\netty-resolver-4.1.58.Final.jar;C:\Users\Claire\.m2\repository\io\opentelemetry\opentelemetry-api\1.0.0\opentelemetry-api-1.0.0.jar;C:\Users\Claire\.m2\repository\io\opentelemetry\opentelemetry-context\1.0.0\opentelemetry-context-1.0.0.jar;C:\Users\Claire\.m2\repository\io\opentelemetry\opentelemetry-exporter-logging\1.0.0\opentelemetry-exporter-logging-1.0.0.jar;C:\Users\Claire\.m2\repository\io\opentelemetry\opentelemetry-sdk-metrics\1.0.0-alpha\opentelemetry-sdk-metrics-1.0.0-alpha.jar;C:\Users\Claire\.m2\repository\io\opentelemetry\opentelemetry-sdk-common\1.0.0\opentelemetry-sdk-common-1.0.0.jar;C:\Users\Claire\.m2\repository\io\opentelemetry\opentelemetry-sdk-extension-autoconfigure\1.0.0-alpha\opentelemetry-sdk-extension-autoconfigure-1.0.0-alpha.jar;C:\Users\Claire\.m2\repository\io\opentelemetry\opentelemetry-sdk-trace\1.0.0\opentelemetry-sdk-trace-1.0.0.jar;C:\Users\Claire\.m2\repository\io\opentelemetry\opentelemetry-api-metrics\1.0.0-alpha\opentelemetry-api-metrics-1.0.0-alpha.jar;C:\Users\Claire\.m2\repository\io\opentelemetry\opentelemetry-sdk\1.0.0\opentelemetry-sdk-1.0.0.jar;C:\Users\Claire\.m2\repository\io\opentelemetry\opentelemetry-semconv\1.0.0-alpha\opentelemetry-semconv-1.0.0-alpha.jar;C:\Users\Claire\.m2\repository\net\bytebuddy\byte-buddy\1.10.19\byte-buddy-1.10.19.jar;C:\Users\Claire\.m2\repository\org\apache\commons\commons-exec\1.3\commons-exec-1.3.jar;C:\Users\Claire\.m2\repository\org\asynchttpclient\async-http-client\2.12.2\async-http-client-2.12.2.jar;C:\Users\Claire\.m2\repository\org\asynchttpclient\async-http-client-netty-utils\2.12.2\async-http-client-netty-utils-2.12.2.jar;C:\Users\Claire\.m2\repository\io\netty\netty-codec-socks\4.1.53.Final\netty-codec-socks-4.1.53.Final.jar;C:\Users\Claire\.m2\repository\io\netty\netty-handler-proxy\4.1.53.Final\netty-handler-proxy-4.1.53.Final.jar;C:\Users\Claire\.m2\repository\io\netty\netty-transport-native-epoll\4.1.53.Final\netty-transport-native-epoll-4.1.53.Final-linux-x86_64.jar;C:\Users\Claire\.m2\repository\io\netty\netty-transport-native-kqueue\4.1.53.Final\netty-transport-native-kqueue-4.1.53.Final-osx-x86_64.jar;C:\Users\Claire\.m2\repository\org\reactivestreams\reactive-streams\1.0.3\reactive-streams-1.0.3.jar;C:\Users\Claire\.m2\repository\com\typesafe\netty\netty-reactive-streams\2.0.4\netty-reactive-streams-2.0.4.jar;C:\Users\Claire\.m2\repository\com\sun\activation\jakarta.activation\1.2.2\jakarta.activation-1.2.2.jar;C:\Users\Claire\.m2\repository\org\seleniumhq\selenium\selenium-safari-driver\4.0.0-beta-2\selenium-safari-driver-4.0.0-beta-2.jar;C:\Users\Claire\.m2\repository\org\seleniumhq\selenium\selenium-support\4.0.0-beta-2\selenium-support-4.0.0-beta-2.jar;C:\Users\Claire\.m2\repository\com\intuit\karate\karate-gatling\1.1.0.RC4\karate-gatling-1.1.0.RC4.jar;C:\Users\Claire\.m2\repository\io\gatling\highcharts\gatling-charts-highcharts\3.6.0\gatling-charts-highcharts-3.6.0.jar;C:\Users\Claire\.m2\repository\org\scala-lang\scala-library\2.13.6\scala-library-2.13.6.jar;C:\Users\Claire\.m2\repository\io\gatling\gatling-app\3.6.0\gatling-app-3.6.0.jar;C:\Users\Claire\.m2\repository\io\gatling\gatling-core\3.6.0\gatling-core-3.6.0.jar;C:\Users\Claire\.m2\repository\io\gatling\gatling-commons\3.6.0\gatling-commons-3.6.0.jar;C:\Users\Claire\.m2\repository\io\gatling\gatling-commons-shared\3.6.0\gatling-commons-shared-3.6.0.jar;C:\Users\Claire\.m2\repository\org\scala-lang\scala-reflect\2.13.6\scala-reflect-2.13.6.jar;C:\Users\Claire\.m2\repository\io\suzaku\boopickle_2.13\1.3.3\boopickle_2.13-1.3.3.jar;C:\Users\Claire\.m2\repository\io\gatling\gatling-commons-shared-unstable\3.6.0\gatling-commons-shared-unstable-3.6.0.jar;C:\Users\Claire\.m2\repository\org\typelevel\spire-macros_2.13\0.17.0\spire-macros_2.13-0.17.0.jar;C:\Users\Claire\.m2\repository\com\typesafe\scala-logging\scala-logging_2.13\3.9.3\scala-logging_2.13-3.9.3.jar;C:\Users\Claire\.m2\repository\io\gatling\gatling-jsonpath\3.6.0\gatling-jsonpath-3.6.0.jar;C:\Users\Claire\.m2\repository\com\typesafe\akka\akka-slf4j_2.13\2.6.14\akka-slf4j_2.13-2.6.14.jar;C:\Users\Claire\.m2\repository\org\simpleflatmapper\lightning-csv\8.2.3\lightning-csv-8.2.3.jar;C:\Users\Claire\.m2\repository\org\simpleflatmapper\sfm-util\8.2.3\sfm-util-8.2.3.jar;C:\Users\Claire\.m2\repository\com\github\ben-manes\caffeine\caffeine\2.9.1\caffeine-2.9.1.jar;C:\Users\Claire\.m2\repository\io\pebbletemplates\pebble\3.1.5\pebble-3.1.5.jar;C:\Users\Claire\.m2\repository\org\unbescape\unbescape\1.1.6.RELEASE\unbescape-1.1.6.RELEASE.jar;C:\Users\Claire\.m2\repository\org\scala-lang\modules\scala-parser-combinators_2.13\2.0.0\scala-parser-combinators_2.13-2.0.0.jar;C:\Users\Claire\.m2\repository\com\github\scopt\scopt_2.13\3.7.1\scopt_2.13-3.7.1.jar;C:\Users\Claire\.m2\repository\com\softwaremill\quicklens\quicklens_2.13\1.7.2\quicklens_2.13-1.7.2.jar;C:\Users\Claire\.m2\repository\net\sf\saxon\Saxon-HE\10.5\Saxon-HE-10.5.jar;C:\Users\Claire\.m2\repository\org\jodd\jodd-lagarto\6.0.5\jodd-lagarto-6.0.5.jar;C:\Users\Claire\.m2\repository\org\jodd\jodd-util\6.0.1\jodd-util-6.0.1.jar;C:\Users\Claire\.m2\repository\io\burt\jmespath-jackson\0.5.0\jmespath-jackson-0.5.0.jar;C:\Users\Claire\.m2\repository\io\burt\jmespath-core\0.5.0\jmespath-core-0.5.0.jar;C:\Users\Claire\.m2\repository\io\gatling\gatling-http\3.6.0\gatling-http-3.6.0.jar;C:\Users\Claire\.m2\repository\io\gatling\gatling-http-client\3.6.0\gatling-http-client-3.6.0.jar;C:\Users\Claire\.m2\repository\io\gatling\gatling-netty-util\3.6.0\gatling-netty-util-3.6.0.jar;C:\Users\Claire\.m2\repository\io\netty\netty-resolver-dns\4.1.64.Final\netty-resolver-dns-4.1.64.Final.jar;C:\Users\Claire\.m2\repository\io\netty\netty-codec-dns\4.1.64.Final\netty-codec-dns-4.1.64.Final.jar;C:\Users\Claire\.m2\repository\io\netty\netty-codec-http2\4.1.64.Final\netty-codec-http2-4.1.64.Final.jar;C:\Users\Claire\.m2\repository\io\netty\netty-tcnative-boringssl-static\2.0.39.Final\netty-tcnative-boringssl-static-2.0.39.Final.jar;C:\Users\Claire\.m2\repository\com\aayushatharva\brotli4j\brotli4j\1.4.2\brotli4j-1.4.2.jar;C:\Users\Claire\.m2\repository\com\aayushatharva\brotli4j\native-linux-x86_64\1.4.2\native-linux-x86_64-1.4.2.jar;C:\Users\Claire\.m2\repository\com\aayushatharva\brotli4j\native-linux-aarch64\1.4.2\native-linux-aarch64-1.4.2.jar;C:\Users\Claire\.m2\repository\com\aayushatharva\brotli4j\native-osx-x86_64\1.4.2\native-osx-x86_64-1.4.2.jar;C:\Users\Claire\.m2\repository\com\aayushatharva\brotli4j\native-windows-x86_64\1.4.2\native-windows-x86_64-1.4.2.jar;C:\Users\Claire\.m2\repository\io\gatling\gatling-jms\3.6.0\gatling-jms-3.6.0.jar;C:\Users\Claire\.m2\repository\javax\jms\javax.jms-api\2.0.1\javax.jms-api-2.0.1.jar;C:\Users\Claire\.m2\repository\com\eatthepath\fast-uuid\0.1\fast-uuid-0.1.jar;C:\Users\Claire\.m2\repository\io\gatling\gatling-jdbc\3.6.0\gatling-jdbc-3.6.0.jar;C:\Users\Claire\.m2\repository\io\gatling\gatling-redis\3.6.0\gatling-redis-3.6.0.jar;C:\Users\Claire\.m2\repository\net\debasishg\redisclient_2.13\3.30\redisclient_2.13-3.30.jar;C:\Users\Claire\.m2\repository\org\apache\commons\commons-pool2\2.8.0\commons-pool2-2.8.0.jar;C:\Users\Claire\.m2\repository\io\gatling\gatling-graphite\3.6.0\gatling-graphite-3.6.0.jar;C:\Users\Claire\.m2\repository\org\hdrhistogram\HdrHistogram\2.1.12\HdrHistogram-2.1.12.jar;C:\Users\Claire\.m2\repository\io\gatling\gatling-charts\3.6.0\gatling-charts-3.6.0.jar;C:\Users\Claire\.m2\repository\com\tdunning\t-digest\3.1\t-digest-3.1.jar;C:\Users\Claire\.m2\repository\io\gatling\gatling-recorder\3.6.0\gatling-recorder-3.6.0.jar;C:\Users\Claire\.m2\repository\org\scala-lang\modules\scala-swing_2.13\3.0.0\scala-swing_2.13-3.0.0.jar;C:\Users\Claire\.m2\repository\org\bouncycastle\bcpkix-jdk15on\1.68\bcpkix-jdk15on-1.68.jar;C:\Users\Claire\.m2\repository\org\bouncycastle\bcprov-jdk15on\1.68\bcprov-jdk15on-1.68.jar;C:\Users\Claire\.m2\repository\com\typesafe\akka\akka-actor_2.13\2.6.14\akka-actor_2.13-2.6.14.jar;C:\Users\Claire\.m2\repository\com\typesafe\config\1.4.0\config-1.4.0.jar;C:\Users\Claire\.m2\repository\org\scala-lang\modules\scala-java8-compat_2.13\0.9.0\scala-java8-compat_2.13-0.9.0.jar;C:\Users\Claire\.m2\repository\com\microsoft\sqlserver\mssql-jdbc\9.2.1.jre8\mssql-jdbc-9.2.1.jre8.jar;"/>
    <property name="sun.cpu.endian" value="little"/>
    <property name="user.home" value="C:\Users\Claire"/>
    <property name="user.language" value="en"/>
    <property name="java.specification.vendor" value="Oracle Corporation"/>
    <property name="java.version.date" value="2019-07-16"/>
    <property name="java.home" value="C:\Program Files\Java\jdk-11"/>
    <property name="file.separator" value="\"/>
    <property name="basedir" value="C:\Users\Claire\IdeaProjects\Automation_Testing"/>
    <property name="java.vm.compressedOopsMode" value="Zero based"/>
    <property name="line.separator" value="&#10;"/>
    <property name="java.specification.name" value="Java Platform API Specification"/>
    <property name="java.vm.specification.vendor" value="Oracle Corporation"/>
    <property name="java.awt.graphicsenv" value="sun.awt.Win32GraphicsEnvironment"/>
    <property name="surefire.real.class.path" value="C:\Users\Claire\AppData\Local\Temp\surefire9075905053595040030\surefirebooter4003385211785486569.jar"/>
    <property name="user.script" value=""/>
    <property name="sun.management.compiler" value="HotSpot 64-Bit Tiered Compilers"/>
    <property name="java.runtime.version" value="11.0.4+11-LTS"/>
    <property name="user.name" value="Claire"/>
    <property name="path.separator" value=";"/>
    <property name="os.version" value="10.0"/>
    <property name="java.runtime.name" value="OpenJDK Runtime Environment"/>
    <property name="file.encoding" value="UTF-8"/>
    <property name="java.vm.name" value="OpenJDK 64-Bit Server VM"/>
    <property name="java.vendor.version" value="Zulu11.33+15-CA"/>
    <property name="localRepository" value="C:\Users\Claire\.m2\repository"/>
    <property name="java.vendor.url.bug" value="http://www.azulsystems.com/support/"/>
    <property name="java.io.tmpdir" value="C:\Users\Claire\AppData\Local\Temp\"/>
    <property name="java.version" value="11.0.4"/>
    <property name="user.dir" value="C:\Users\Claire\IdeaProjects\Automation_Testing"/>
    <property name="os.arch" value="amd64"/>
    <property name="java.vm.specification.name" value="Java Virtual Machine Specification"/>
    <property name="java.awt.printerjob" value="sun.awt.windows.WPrinterJob"/>
    <property name="sun.os.patch.level" value=""/>
    <property name="java.library.path" value="C:\Program Files\Java\jdk-11\bin;C:\WINDOWS\Sun\Java\bin;C:\WINDOWS\system32;C:\WINDOWS;C:\Users\Claire\bin;C:\Program Files\Git\mingw64\bin;C:\Program Files\Git\usr\local\bin;C:\Program Files\Git\usr\bin;C:\Program Files\Git\usr\bin;C:\Program Files\Git\mingw64\bin;C:\Program Files\Git\usr\bin;C:\Users\Claire\bin;C:\Program Files\Java\jdk-11\bin;C:\Program Files (x86)\Microsoft SQL Server\110\DTS\Binn;C:\Program Files (x86)\Microsoft SQL Server\110\Tools\Binn\ManagementStudio;C:\Program Files (x86)\Microsoft SQL Server\110\Tools\Binn;C:\Program Files (x86)\Microsoft Visual Studio 10.0\Common7\IDE\PrivateAssemblies;C:\WINDOWS\system32;C:\WINDOWS;C:\WINDOWS\System32\Wbem;C:\WINDOWS\System32\WindowsPowerShell\v1.0;C:\WINDOWS\System32\OpenSSH;C:\Program Files\Maven\apache-maven-3.8.1\bin;C:\Program Files\Git\cmd;C:\Users\Claire\AppData\Local\Microsoft\WindowsApps;C:\Program Files\Git\usr\bin\vendor_perl;C:\Program Files\Git\usr\bin\core_perl;."/>
    <property name="java.vendor" value="Azul Systems, Inc."/>
    <property name="java.vm.info" value="mixed mode"/>
    <property name="java.vm.version" value="11.0.4+11-LTS"/>
    <property name="sun.io.unicode.encoding" value="UnicodeLittle"/>
    <property name="java.class.version" value="55.0"/>
  </properties>
  <testcase name="testParallel" classname="TestRunner" time="580.34">
    <failure message="failed features:&#10;src.test.java.examples.boquiren_3_1.PUP_History: [1.1:18] PUP_History.feature:14 - evaluation (js) failed: waitForUrl(&apos;www.pup.edu.ph/history&apos;), waitForUrl: failed after 3 retries and 9171 milliseconds&#10;src.test.java.examples.fallesgon_3_1.PUP_Student_Council: [1.1:13] PUP_Student_Council.feature:8 - evaluation (js) failed: click(&apos;{a}Student Council&apos;), &#10;java.net.SocketTimeoutException: Read timed out&#10;src.test.java.examples.muyrong_3_1.download: [1.1:19] download.feature:15 - evaluation (js) failed: waitForUrl(&apos;https://www.pup.edu.ph/downloads/employees/&apos;), waitForUrl: failed after 3 retries and 9164 milliseconds&#10;src.test.java.examples.rosemblot_3_1.Rosemblot - pup_studentservices: [1.1:13] Rosemblot - pup_studentservices.feature:6 - &#10;java.net.SocketTimeoutException: Read timed out&#10;" type="java.lang.AssertionError">java.lang.AssertionError: 
failed features:
src.test.java.examples.boquiren_3_1.PUP_History: [1.1:18] PUP_History.feature:14 - evaluation (js) failed: waitForUrl('www.pup.edu.ph/history'), waitForUrl: failed after 3 retries and 9171 milliseconds
src.test.java.examples.fallesgon_3_1.PUP_Student_Council: [1.1:13] PUP_Student_Council.feature:8 - evaluation (js) failed: click('{a}Student Council'), 
java.net.SocketTimeoutException: Read timed out
src.test.java.examples.muyrong_3_1.download: [1.1:19] download.feature:15 - evaluation (js) failed: waitForUrl('https://www.pup.edu.ph/downloads/employees/'), waitForUrl: failed after 3 retries and 9164 milliseconds
src.test.java.examples.rosemblot_3_1.Rosemblot - pup_studentservices: [1.1:13] Rosemblot - pup_studentservices.feature:6 - 
java.net.SocketTimeoutException: Read timed out

	at TestRunner.testParallel(TestRunner.java:22)
</failure>
    <system-out><![CDATA[00:08:33.492 [main] INFO  com.intuit.karate.Runner - waiting for parallel features to complete ...
00:08:34.523 [ForkJoinPool-1-worker-3] INFO  com.intuit.karate - karate.env system property was:  
00:08:35.096 [ForkJoinPool-1-worker-3] DEBUG com.intuit.karate.shell.Command - found / verified free local port: 9515
00:08:35.096 [chromedriver_1659888515065] DEBUG c.i.k.d.chromedriver_1659888515065 - command: [C:/Program Files/Google/Chrome/Application/chromedriver.exe, --port=9515, --user-data-dir=C:\Users\Claire\IdeaProjects\Automation_Testing\target\chromedriver_1659888515065]
00:08:35.128 [ForkJoinPool-1-worker-3] DEBUG c.i.k.d.chromedriver_1659888515065 - poll attempt #0 for port to be ready - localhost:9515
00:08:35.487 [chromedriver_1659888515065-out] DEBUG c.i.k.d.chromedriver_1659888515065 - Starting ChromeDriver 103.0.5060.53 (a1711811edd74ff1cf2150f36ffa3b0dae40b17f-refs/branch-heads/5060@{#853}) on port 9515
00:08:35.487 [chromedriver_1659888515065-out] DEBUG c.i.k.d.chromedriver_1659888515065 - Only local connections are allowed.
00:08:35.487 [chromedriver_1659888515065-out] DEBUG c.i.k.d.chromedriver_1659888515065 - Please see https://chromedriver.chromium.org/security-considerations for suggestions on keeping ChromeDriver safe.
00:08:35.518 [chromedriver_1659888515065-out] DEBUG c.i.k.d.chromedriver_1659888515065 - ChromeDriver was started successfully.
00:08:38.065 [ForkJoinPool-1-worker-3] DEBUG com.intuit.karate - request:
1 > POST http://localhost:9515/session
1 > Accept-Encoding: gzip,deflate
1 > Connection: Keep-Alive
1 > Content-Length: 57
1 > Content-Type: application/json; charset=UTF-8
1 > Host: localhost:9515
1 > User-Agent: Apache-HttpClient/4.5.12 (Java/11.0.4)
{"capabilities":{"alwaysMatch":{"browserName":"chrome"}}}

00:08:40.446 [ForkJoinPool-1-worker-3] DEBUG com.intuit.karate - response time in milliseconds: 2367.92
1 < 200
1 < Content-Length: 791
1 < Content-Type: application/json; charset=utf-8
1 < cache-control: no-cache
{"value":{"capabilities":{"acceptInsecureCerts":false,"browserName":"chrome","browserVersion":"103.0.5060.134","chrome":{"chromedriverVersion":"103.0.5060.53 (a1711811edd74ff1cf2150f36ffa3b0dae40b17f-refs/branch-heads/5060@{#853})","userDataDir":"C:\\Users\\Claire\\AppData\\Local\\Temp\\scoped_dir13788_521546781"},"goog:chromeOptions":{"debuggerAddress":"localhost:21727"},"networkConnectionEnabled":false,"pageLoadStrategy":"normal","platformName":"windows","proxy":{},"setWindowRect":true,"strictFileInteractability":false,"timeouts":{"implicit":0,"pageLoad":300000,"script":30000},"unhandledPromptBehavior":"dismiss and notify","webauthn:extension:credBlob":true,"webauthn:extension:largeBlob":true,"webauthn:virtualAuthenticators":true},"sessionId":"883329435ddfce19272cbd4cf3e5f759"}}

00:08:40.477 [ForkJoinPool-1-worker-3] DEBUG c.i.k.d.chromedriver_1659888515065 - init session id: 883329435ddfce19272cbd4cf3e5f759
00:08:42.106 [ForkJoinPool-1-worker-3] DEBUG com.intuit.karate - request:
2 > POST http://localhost:9515/session/883329435ddfce19272cbd4cf3e5f759/url
2 > Accept-Encoding: gzip,deflate
2 > Connection: Keep-Alive
2 > Content-Length: 33
2 > Content-Type: application/json; charset=UTF-8
2 > Host: localhost:9515
2 > User-Agent: Apache-HttpClient/4.5.12 (Java/11.0.4)
{"url":"https://www.pup.edu.ph/"}

00:08:51.911 [ForkJoinPool-1-worker-3] DEBUG com.intuit.karate - response time in milliseconds: 9796.33
2 < 500
2 < Content-Length: 1205
2 < Content-Type: application/json; charset=utf-8
2 < cache-control: no-cache
{"value":{"error":"unknown error","message":"unknown error: cannot determine loading status\nfrom unknown error: unexpected command response\n  (Session info: chrome=103.0.5060.134)","stacktrace":"Backtrace:\n\tOrdinal0 [0x00666463+2188387]\n\tOrdinal0 [0x005FE461+1762401]\n\tOrdinal0 [0x00513D78+802168]\n\tOrdinal0 [0x00507210+750096]\n\tOrdinal0 [0x0050675A+747354]\n\tOrdinal0 [0x00505D3F+744767]\n\tOrdinal0 [0x00504C28+740392]\n\tOrdinal0 [0x00505228+741928]\n\tOrdinal0 [0x0050F153+782675]\n\tOrdinal0 [0x00519FBB+827323]\n\tOrdinal0 [0x0051D310+840464]\n\tOrdinal0 [0x005054F6+742646]\n\tOrdinal0 [0x00519BF3+826355]\n\tOrdinal0 [0x0056CF6D+1167213]\n\tOrdinal0 [0x0055C5F6+1099254]\n\tOrdinal0 [0x00536BE0+945120]\n\tOrdinal0 [0x00537AD6+948950]\n\tGetHandleVerifier [0x009071F2+2712546]\n\tGetHandleVerifier [0x008F886D+2652765]\n\tGetHandleVerifier [0x006F002A+520730]\n\tGetHandleVerifier [0x006EEE06+516086]\n\tOrdinal0 [0x0060468B+1787531]\n\tOrdinal0 [0x00608E88+1805960]\n\tOrdinal0 [0x00608F75+1806197]\n\tOrdinal0 [0x00611DF1+1842673]\n\tBaseThreadInitThunk [0x7796FA29+25]\n\tRtlGetAppContainerNamedObjectPath [0x77BA7A7E+286]\n\tRtlGetAppContainerNamedObjectPath [0x77BA7A4E+238]\n"}}

00:08:51.917 [ForkJoinPool-1-worker-3] WARN  com.intuit.karate - http response code: 500, response: {"value":{"stacktrace":"Backtrace:\n\tOrdinal0 [0x00666463+2188387]\n\tOrdinal0 [0x005FE461+1762401]\n\tOrdinal0 [0x00513D78+802168]\n\tOrdinal0 [0x00507210+750096]\n\tOrdinal0 [0x0050675A+747354]\n\tOrdinal0 [0x00505D3F+744767]\n\tOrdinal0 [0x00504C28+740392]\n\tOrdinal0 [0x00505228+741928]\n\tOrdinal0 [0x0050F153+782675]\n\tOrdinal0 [0x00519FBB+827323]\n\tOrdinal0 [0x0051D310+840464]\n\tOrdinal0 [0x005054F6+742646]\n\tOrdinal0 [0x00519BF3+826355]\n\tOrdinal0 [0x0056CF6D+1167213]\n\tOrdinal0 [0x0055C5F6+1099254]\n\tOrdinal0 [0x00536BE0+945120]\n\tOrdinal0 [0x00537AD6+948950]\n\tGetHandleVerifier [0x009071F2+2712546]\n\tGetHandleVerifier [0x008F886D+2652765]\n\tGetHandleVerifier [0x006F002A+520730]\n\tGetHandleVerifier [0x006EEE06+516086]\n\tOrdinal0 [0x0060468B+1787531]\n\tOrdinal0 [0x00608E88+1805960]\n\tOrdinal0 [0x00608F75+1806197]\n\tOrdinal0 [0x00611DF1+1842673]\n\tBaseThreadInitThunk [0x7796FA29+25]\n\tRtlGetAppContainerNamedObjectPath [0x77BA7A7E+286]\n\tRtlGetAppContainerNamedObjectPath [0x77BA7A4E+238]\n","error":"unknown error","message":"unknown error: cannot determine loading status\nfrom unknown error: unexpected command response\n  (Session info: chrome=103.0.5060.134)"}}, request: [method: POST, responseTime: 9796.3328, body: {"url":"https://www.pup.edu.ph/"}]
00:08:53.780 [ForkJoinPool-1-worker-3] DEBUG com.intuit.karate - request:
3 > POST http://localhost:9515/session/883329435ddfce19272cbd4cf3e5f759/window/maximize
3 > Accept-Encoding: gzip,deflate
3 > Connection: Keep-Alive
3 > Content-Length: 2
3 > Content-Type: application/json; charset=UTF-8
3 > Host: localhost:9515
3 > User-Agent: Apache-HttpClient/4.5.12 (Java/11.0.4)
{}

00:08:56.161 [ForkJoinPool-1-worker-3] DEBUG com.intuit.karate - response time in milliseconds: 2353.56
3 < 200
3 < Content-Length: 51
3 < Content-Type: application/json; charset=utf-8
3 < cache-control: no-cache
{"value":{"height":590,"width":1108,"x":-8,"y":-8}}

00:08:56.490 [ForkJoinPool-1-worker-3] DEBUG com.intuit.karate - request:
4 > POST http://localhost:9515/session/883329435ddfce19272cbd4cf3e5f759/execute/sync
4 > Accept-Encoding: gzip,deflate
4 > Connection: Keep-Alive
4 > Content-Length: 141
4 > Content-Type: application/json; charset=UTF-8
4 > Host: localhost:9515
4 > User-Agent: Apache-HttpClient/4.5.12 (Java/11.0.4)
{"script":"return document.evaluate(\"//a[normalize-space(text())='Academic']\", document, null, 9, null).singleNodeValue.click()","args":[]}

00:08:59.443 [ForkJoinPool-1-worker-3] DEBUG com.intuit.karate - response time in milliseconds: 2944.95
4 < 200
4 < Content-Length: 14
4 < Content-Type: application/json; charset=utf-8
4 < cache-control: no-cache
{"value":null}

00:08:59.546 [ForkJoinPool-1-worker-3] DEBUG com.intuit.karate - request:
5 > POST http://localhost:9515/session/883329435ddfce19272cbd4cf3e5f759/execute/sync
5 > Accept-Encoding: gzip,deflate
5 > Connection: Keep-Alive
5 > Content-Length: 156
5 > Content-Type: application/json; charset=UTF-8
5 > Host: localhost:9515
5 > User-Agent: Apache-HttpClient/4.5.12 (Java/11.0.4)
{"script":"return document.evaluate(\"//a[normalize-space(text())='Institute of Technology']\", document, null, 9, null).singleNodeValue.click()","args":[]}

00:09:01.251 [ForkJoinPool-1-worker-3] DEBUG com.intuit.karate - response time in milliseconds: 1701.57
5 < 200
5 < Content-Length: 14
5 < Content-Type: application/json; charset=utf-8
5 < cache-control: no-cache
{"value":null}

00:09:01.534 [ForkJoinPool-1-worker-3] DEBUG com.intuit.karate - request:
6 > GET http://localhost:9515/session/883329435ddfce19272cbd4cf3e5f759/url
6 > Accept-Encoding: gzip,deflate
6 > Connection: Keep-Alive
6 > Host: localhost:9515
6 > User-Agent: Apache-HttpClient/4.5.12 (Java/11.0.4)

00:09:01.619 [ForkJoinPool-1-worker-3] DEBUG com.intuit.karate - response time in milliseconds: 83.26
6 < 200
6 < Content-Length: 41
6 < Content-Type: application/json; charset=utf-8
6 < cache-control: no-cache
{"value":"https://www.pup.edu.ph/itech/"}

00:09:01.668 [ForkJoinPool-1-worker-3] DEBUG com.intuit.karate - request:
7 > DELETE http://localhost:9515/session/883329435ddfce19272cbd4cf3e5f759/window
7 > Accept-Encoding: gzip,deflate
7 > Connection: Keep-Alive
7 > Host: localhost:9515
7 > User-Agent: Apache-HttpClient/4.5.12 (Java/11.0.4)

00:09:03.616 [ForkJoinPool-1-worker-3] DEBUG com.intuit.karate - response time in milliseconds: 1945.18
7 < 200
7 < Content-Length: 12
7 < Content-Type: application/json; charset=utf-8
7 < cache-control: no-cache
{"value":[]}

00:09:03.624 [ForkJoinPool-1-worker-3] DEBUG com.intuit.karate - request:
8 > DELETE http://localhost:9515/session/883329435ddfce19272cbd4cf3e5f759
8 > Accept-Encoding: gzip,deflate
8 > Connection: Keep-Alive
8 > Host: localhost:9515
8 > User-Agent: Apache-HttpClient/4.5.12 (Java/11.0.4)

00:09:04.350 [ForkJoinPool-1-worker-3] DEBUG com.intuit.karate - response time in milliseconds: 729.34
8 < 200
8 < Content-Length: 14
8 < Content-Type: application/json; charset=utf-8
8 < cache-control: no-cache
{"value":null}

00:09:04.350 [ForkJoinPool-1-worker-3] DEBUG com.intuit.karate.shell.Command - closing command: chromedriver_1659888515065
00:09:04.523 [chromedriver_1659888515065] WARN  com.intuit.karate.shell.Command - exit code was non-zero: 1 - [C:/Program Files/Google/Chrome/Application/chromedriver.exe, --port=9515, --user-data-dir=C:\Users\Claire\IdeaProjects\Automation_Testing\target\chromedriver_1659888515065]
00:09:04.523 [chromedriver_1659888515065] DEBUG com.intuit.karate.shell.Command - console readers complete
00:09:06.319 [pool-1-thread-1] INFO  com.intuit.karate.Runner - <<pass>> feature 4 of 29: src/test/java/examples/boquiren_3_1/PUP_Colleges.feature
---------------------------------------------------------
feature: src/test/java/examples/boquiren_3_1/PUP_Colleges.feature
report: target\surefire-reports\src.test.java.examples.boquiren_3_1.PUP_Colleges.json
scenarios:  1 | passed:  1 | failed:  0 | time: 26.6689
---------------------------------------------------------
00:09:06.690 [ForkJoinPool-1-worker-3] INFO  com.intuit.karate - karate.env system property was:  
00:09:06.721 [ForkJoinPool-1-worker-3] DEBUG com.intuit.karate.shell.Command - found / verified free local port: 21797
00:09:06.721 [ForkJoinPool-1-worker-3] WARN  c.intuit.karate.driver.DriverOptions - preferred port 9515 not available, will use: 21797
00:09:06.737 [ForkJoinPool-1-worker-3] DEBUG c.i.k.d.chromedriver_1659888546721 - poll attempt #0 for port to be ready - localhost:21797
00:09:06.815 [chromedriver_1659888546721] DEBUG c.i.k.d.chromedriver_1659888546721 - command: [C:/Program Files/Google/Chrome/Application/chromedriver.exe, --port=21797, --user-data-dir=C:\Users\Claire\IdeaProjects\Automation_Testing\target\chromedriver_1659888546721]
00:09:07.237 [chromedriver_1659888546721-out] DEBUG c.i.k.d.chromedriver_1659888546721 - Starting ChromeDriver 103.0.5060.53 (a1711811edd74ff1cf2150f36ffa3b0dae40b17f-refs/branch-heads/5060@{#853}) on port 21797
00:09:07.237 [chromedriver_1659888546721-out] DEBUG c.i.k.d.chromedriver_1659888546721 - Only local connections are allowed.
00:09:07.237 [chromedriver_1659888546721-out] DEBUG c.i.k.d.chromedriver_1659888546721 - Please see https://chromedriver.chromium.org/security-considerations for suggestions on keeping ChromeDriver safe.
00:09:07.268 [chromedriver_1659888546721-out] DEBUG c.i.k.d.chromedriver_1659888546721 - ChromeDriver was started successfully.
00:09:07.315 [ForkJoinPool-1-worker-3] DEBUG com.intuit.karate - request:
1 > POST http://localhost:21797/session
1 > Accept-Encoding: gzip,deflate
1 > Connection: Keep-Alive
1 > Content-Length: 57
1 > Content-Type: application/json; charset=UTF-8
1 > Host: localhost:21797
1 > User-Agent: Apache-HttpClient/4.5.12 (Java/11.0.4)
{"capabilities":{"alwaysMatch":{"browserName":"chrome"}}}

00:09:09.656 [ForkJoinPool-1-worker-3] DEBUG com.intuit.karate - response time in milliseconds: 2324.39
1 < 200
1 < Content-Length: 791
1 < Content-Type: application/json; charset=utf-8
1 < cache-control: no-cache
{"value":{"capabilities":{"acceptInsecureCerts":false,"browserName":"chrome","browserVersion":"103.0.5060.134","chrome":{"chromedriverVersion":"103.0.5060.53 (a1711811edd74ff1cf2150f36ffa3b0dae40b17f-refs/branch-heads/5060@{#853})","userDataDir":"C:\\Users\\Claire\\AppData\\Local\\Temp\\scoped_dir16952_542612926"},"goog:chromeOptions":{"debuggerAddress":"localhost:21800"},"networkConnectionEnabled":false,"pageLoadStrategy":"normal","platformName":"windows","proxy":{},"setWindowRect":true,"strictFileInteractability":false,"timeouts":{"implicit":0,"pageLoad":300000,"script":30000},"unhandledPromptBehavior":"dismiss and notify","webauthn:extension:credBlob":true,"webauthn:extension:largeBlob":true,"webauthn:virtualAuthenticators":true},"sessionId":"db0de460d916ed7f19a3d5c5db1af997"}}

00:09:09.661 [ForkJoinPool-1-worker-3] DEBUG c.i.k.d.chromedriver_1659888546721 - init session id: db0de460d916ed7f19a3d5c5db1af997
00:09:10.530 [ForkJoinPool-1-worker-3] DEBUG com.intuit.karate - request:
2 > POST http://localhost:21797/session/db0de460d916ed7f19a3d5c5db1af997/url
2 > Accept-Encoding: gzip,deflate
2 > Connection: Keep-Alive
2 > Content-Length: 33
2 > Content-Type: application/json; charset=UTF-8
2 > Host: localhost:21797
2 > User-Agent: Apache-HttpClient/4.5.12 (Java/11.0.4)
{"url":"https://www.pup.edu.ph/"}

00:09:25.594 [ForkJoinPool-1-worker-3] DEBUG com.intuit.karate - response time in milliseconds: 15052.31
2 < 500
2 < Content-Length: 1205
2 < Content-Type: application/json; charset=utf-8
2 < cache-control: no-cache
{"value":{"error":"unknown error","message":"unknown error: cannot determine loading status\nfrom unknown error: unexpected command response\n  (Session info: chrome=103.0.5060.134)","stacktrace":"Backtrace:\n\tOrdinal0 [0x00666463+2188387]\n\tOrdinal0 [0x005FE461+1762401]\n\tOrdinal0 [0x00513D78+802168]\n\tOrdinal0 [0x00507210+750096]\n\tOrdinal0 [0x0050675A+747354]\n\tOrdinal0 [0x00505D3F+744767]\n\tOrdinal0 [0x00504C28+740392]\n\tOrdinal0 [0x00505228+741928]\n\tOrdinal0 [0x0050F153+782675]\n\tOrdinal0 [0x00519FBB+827323]\n\tOrdinal0 [0x0051D310+840464]\n\tOrdinal0 [0x005054F6+742646]\n\tOrdinal0 [0x00519BF3+826355]\n\tOrdinal0 [0x0056CF6D+1167213]\n\tOrdinal0 [0x0055C5F6+1099254]\n\tOrdinal0 [0x00536BE0+945120]\n\tOrdinal0 [0x00537AD6+948950]\n\tGetHandleVerifier [0x009071F2+2712546]\n\tGetHandleVerifier [0x008F886D+2652765]\n\tGetHandleVerifier [0x006F002A+520730]\n\tGetHandleVerifier [0x006EEE06+516086]\n\tOrdinal0 [0x0060468B+1787531]\n\tOrdinal0 [0x00608E88+1805960]\n\tOrdinal0 [0x00608F75+1806197]\n\tOrdinal0 [0x00611DF1+1842673]\n\tBaseThreadInitThunk [0x7796FA29+25]\n\tRtlGetAppContainerNamedObjectPath [0x77BA7A7E+286]\n\tRtlGetAppContainerNamedObjectPath [0x77BA7A4E+238]\n"}}

00:09:25.598 [ForkJoinPool-1-worker-3] WARN  com.intuit.karate - http response code: 500, response: {"value":{"stacktrace":"Backtrace:\n\tOrdinal0 [0x00666463+2188387]\n\tOrdinal0 [0x005FE461+1762401]\n\tOrdinal0 [0x00513D78+802168]\n\tOrdinal0 [0x00507210+750096]\n\tOrdinal0 [0x0050675A+747354]\n\tOrdinal0 [0x00505D3F+744767]\n\tOrdinal0 [0x00504C28+740392]\n\tOrdinal0 [0x00505228+741928]\n\tOrdinal0 [0x0050F153+782675]\n\tOrdinal0 [0x00519FBB+827323]\n\tOrdinal0 [0x0051D310+840464]\n\tOrdinal0 [0x005054F6+742646]\n\tOrdinal0 [0x00519BF3+826355]\n\tOrdinal0 [0x0056CF6D+1167213]\n\tOrdinal0 [0x0055C5F6+1099254]\n\tOrdinal0 [0x00536BE0+945120]\n\tOrdinal0 [0x00537AD6+948950]\n\tGetHandleVerifier [0x009071F2+2712546]\n\tGetHandleVerifier [0x008F886D+2652765]\n\tGetHandleVerifier [0x006F002A+520730]\n\tGetHandleVerifier [0x006EEE06+516086]\n\tOrdinal0 [0x0060468B+1787531]\n\tOrdinal0 [0x00608E88+1805960]\n\tOrdinal0 [0x00608F75+1806197]\n\tOrdinal0 [0x00611DF1+1842673]\n\tBaseThreadInitThunk [0x7796FA29+25]\n\tRtlGetAppContainerNamedObjectPath [0x77BA7A7E+286]\n\tRtlGetAppContainerNamedObjectPath [0x77BA7A4E+238]\n","error":"unknown error","message":"unknown error: cannot determine loading status\nfrom unknown error: unexpected command response\n  (Session info: chrome=103.0.5060.134)"}}, request: [method: POST, responseTime: 15052.3078, body: {"url":"https://www.pup.edu.ph/"}]
00:09:25.786 [ForkJoinPool-1-worker-3] DEBUG com.intuit.karate - request:
3 > POST http://localhost:21797/session/db0de460d916ed7f19a3d5c5db1af997/window/maximize
3 > Accept-Encoding: gzip,deflate
3 > Connection: Keep-Alive
3 > Content-Length: 2
3 > Content-Type: application/json; charset=UTF-8
3 > Host: localhost:21797
3 > User-Agent: Apache-HttpClient/4.5.12 (Java/11.0.4)
{}

00:09:28.405 [ForkJoinPool-1-worker-3] DEBUG com.intuit.karate - response time in milliseconds: 2616.32
3 < 200
3 < Content-Length: 51
3 < Content-Type: application/json; charset=utf-8
3 < cache-control: no-cache
{"value":{"height":590,"width":1108,"x":-8,"y":-8}}

00:09:28.725 [ForkJoinPool-1-worker-3] DEBUG com.intuit.karate - request:
4 > POST http://localhost:21797/session/db0de460d916ed7f19a3d5c5db1af997/execute/sync
4 > Accept-Encoding: gzip,deflate
4 > Connection: Keep-Alive
4 > Content-Length: 142
4 > Content-Type: application/json; charset=UTF-8
4 > Host: localhost:21797
4 > User-Agent: Apache-HttpClient/4.5.12 (Java/11.0.4)
{"script":"return document.evaluate(\"//a[normalize-space(text())='About PUP']\", document, null, 9, null).singleNodeValue.click()","args":[]}

00:09:34.635 [ForkJoinPool-1-worker-3] DEBUG com.intuit.karate - response time in milliseconds: 5907.57
4 < 200
4 < Content-Length: 14
4 < Content-Type: application/json; charset=utf-8
4 < cache-control: no-cache
{"value":null}

00:09:34.708 [ForkJoinPool-1-worker-3] DEBUG com.intuit.karate - request:
5 > POST http://localhost:21797/session/db0de460d916ed7f19a3d5c5db1af997/execute/sync
5 > Accept-Encoding: gzip,deflate
5 > Connection: Keep-Alive
5 > Content-Length: 140
5 > Content-Type: application/json; charset=UTF-8
5 > Host: localhost:21797
5 > User-Agent: Apache-HttpClient/4.5.12 (Java/11.0.4)
{"script":"return document.evaluate(\"//a[normalize-space(text())='History']\", document, null, 9, null).singleNodeValue.click()","args":[]}

00:09:36.591 [ForkJoinPool-1-worker-3] DEBUG com.intuit.karate - response time in milliseconds: 1881.00
5 < 200
5 < Content-Length: 14
5 < Content-Type: application/json; charset=utf-8
5 < cache-control: no-cache
{"value":null}

00:09:36.717 [ForkJoinPool-1-worker-3] DEBUG com.intuit.karate - request:
6 > GET http://localhost:21797/session/db0de460d916ed7f19a3d5c5db1af997/url
6 > Accept-Encoding: gzip,deflate
6 > Connection: Keep-Alive
6 > Host: localhost:21797
6 > User-Agent: Apache-HttpClient/4.5.12 (Java/11.0.4)

00:09:36.774 [ForkJoinPool-1-worker-3] DEBUG com.intuit.karate - response time in milliseconds: 54.15
6 < 200
6 < Content-Length: 48
6 < Content-Type: application/json; charset=utf-8
6 < cache-control: no-cache
{"value":"https://www.pup.edu.ph/about/history"}

00:09:36.776 [ForkJoinPool-1-worker-3] DEBUG c.intuit.karate.driver.DriverOptions - waitForUrl - retry #1
00:09:39.787 [ForkJoinPool-1-worker-3] DEBUG com.intuit.karate - request:
7 > GET http://localhost:21797/session/db0de460d916ed7f19a3d5c5db1af997/url
7 > Accept-Encoding: gzip,deflate
7 > Connection: Keep-Alive
7 > Host: localhost:21797
7 > User-Agent: Apache-HttpClient/4.5.12 (Java/11.0.4)

00:09:39.812 [ForkJoinPool-1-worker-3] DEBUG com.intuit.karate - response time in milliseconds: 23.71
7 < 200
7 < Content-Length: 48
7 < Content-Type: application/json; charset=utf-8
7 < cache-control: no-cache
{"value":"https://www.pup.edu.ph/about/history"}

00:09:39.814 [ForkJoinPool-1-worker-3] DEBUG c.intuit.karate.driver.DriverOptions - waitForUrl - retry #2
00:09:42.826 [ForkJoinPool-1-worker-3] DEBUG com.intuit.karate - request:
8 > GET http://localhost:21797/session/db0de460d916ed7f19a3d5c5db1af997/url
8 > Accept-Encoding: gzip,deflate
8 > Connection: Keep-Alive
8 > Host: localhost:21797
8 > User-Agent: Apache-HttpClient/4.5.12 (Java/11.0.4)

00:09:42.842 [ForkJoinPool-1-worker-3] DEBUG com.intuit.karate - response time in milliseconds: 15.14
8 < 200
8 < Content-Length: 48
8 < Content-Type: application/json; charset=utf-8
8 < cache-control: no-cache
{"value":"https://www.pup.edu.ph/about/history"}

00:09:42.842 [ForkJoinPool-1-worker-3] DEBUG c.intuit.karate.driver.DriverOptions - waitForUrl - retry #3
00:09:45.848 [ForkJoinPool-1-worker-3] DEBUG com.intuit.karate - request:
9 > GET http://localhost:21797/session/db0de460d916ed7f19a3d5c5db1af997/url
9 > Accept-Encoding: gzip,deflate
9 > Connection: Keep-Alive
9 > Host: localhost:21797
9 > User-Agent: Apache-HttpClient/4.5.12 (Java/11.0.4)

00:09:45.873 [ForkJoinPool-1-worker-3] DEBUG com.intuit.karate - response time in milliseconds: 23.48
9 < 200
9 < Content-Length: 48
9 < Content-Type: application/json; charset=utf-8
9 < cache-control: no-cache
{"value":"https://www.pup.edu.ph/about/history"}

00:09:45.874 [ForkJoinPool-1-worker-3] WARN  c.intuit.karate.driver.DriverOptions - waitForUrl: failed after 3 retries and 9171 milliseconds
00:09:45.882 [ForkJoinPool-1-worker-3] DEBUG com.intuit.karate - request:
10 > DELETE http://localhost:21797/session/db0de460d916ed7f19a3d5c5db1af997/window
10 > Accept-Encoding: gzip,deflate
10 > Connection: Keep-Alive
10 > Host: localhost:21797
10 > User-Agent: Apache-HttpClient/4.5.12 (Java/11.0.4)

00:09:46.870 [ForkJoinPool-1-worker-3] DEBUG com.intuit.karate - response time in milliseconds: 986.84
10 < 200
10 < Content-Length: 12
10 < Content-Type: application/json; charset=utf-8
10 < cache-control: no-cache
{"value":[]}

00:09:46.876 [ForkJoinPool-1-worker-3] DEBUG com.intuit.karate - request:
11 > DELETE http://localhost:21797/session/db0de460d916ed7f19a3d5c5db1af997
11 > Accept-Encoding: gzip,deflate
11 > Connection: Keep-Alive
11 > Host: localhost:21797
11 > User-Agent: Apache-HttpClient/4.5.12 (Java/11.0.4)

00:09:47.339 [ForkJoinPool-1-worker-3] DEBUG com.intuit.karate - response time in milliseconds: 469.27
11 < 200
11 < Content-Length: 14
11 < Content-Type: application/json; charset=utf-8
11 < cache-control: no-cache
{"value":null}

00:09:47.339 [ForkJoinPool-1-worker-3] DEBUG com.intuit.karate.shell.Command - closing command: chromedriver_1659888546721
00:09:47.386 [chromedriver_1659888546721] WARN  com.intuit.karate.shell.Command - exit code was non-zero: 1 - [C:/Program Files/Google/Chrome/Application/chromedriver.exe, --port=21797, --user-data-dir=C:\Users\Claire\IdeaProjects\Automation_Testing\target\chromedriver_1659888546721]
00:09:47.386 [chromedriver_1659888546721] DEBUG com.intuit.karate.shell.Command - console readers complete
00:09:47.589 [pool-1-thread-1] INFO  com.intuit.karate.Runner - <<fail>> feature 5 of 29: src/test/java/examples/boquiren_3_1/PUP_History.feature
---------------------------------------------------------
feature: src/test/java/examples/boquiren_3_1/PUP_History.feature
report: target\surefire-reports\src.test.java.examples.boquiren_3_1.PUP_History.json
scenarios:  1 | passed:  0 | failed:  1 | time: 39.1696
---------------------------------------------------------
00:09:47.932 [ForkJoinPool-1-worker-3] INFO  com.intuit.karate - karate.env system property was:  
00:09:47.948 [ForkJoinPool-1-worker-3] DEBUG com.intuit.karate.shell.Command - found / verified free local port: 21893
00:09:47.948 [ForkJoinPool-1-worker-3] WARN  c.intuit.karate.driver.DriverOptions - preferred port 9515 not available, will use: 21893
00:09:47.964 [ForkJoinPool-1-worker-3] DEBUG c.i.k.d.chromedriver_1659888587948 - poll attempt #0 for port to be ready - localhost:21893
00:09:47.964 [chromedriver_1659888587948] DEBUG c.i.k.d.chromedriver_1659888587948 - command: [C:/Program Files/Google/Chrome/Application/chromedriver.exe, --port=21893, --user-data-dir=C:\Users\Claire\IdeaProjects\Automation_Testing\target\chromedriver_1659888587948]
00:09:48.354 [chromedriver_1659888587948-out] DEBUG c.i.k.d.chromedriver_1659888587948 - Starting ChromeDriver 103.0.5060.53 (a1711811edd74ff1cf2150f36ffa3b0dae40b17f-refs/branch-heads/5060@{#853}) on port 21893
00:09:48.354 [chromedriver_1659888587948-out] DEBUG c.i.k.d.chromedriver_1659888587948 - Only local connections are allowed.
00:09:48.354 [chromedriver_1659888587948-out] DEBUG c.i.k.d.chromedriver_1659888587948 - Please see https://chromedriver.chromium.org/security-considerations for suggestions on keeping ChromeDriver safe.
00:09:48.401 [chromedriver_1659888587948-out] DEBUG c.i.k.d.chromedriver_1659888587948 - ChromeDriver was started successfully.
00:09:48.526 [ForkJoinPool-1-worker-3] DEBUG com.intuit.karate - request:
1 > POST http://localhost:21893/session
1 > Accept-Encoding: gzip,deflate
1 > Connection: Keep-Alive
1 > Content-Length: 57
1 > Content-Type: application/json; charset=UTF-8
1 > Host: localhost:21893
1 > User-Agent: Apache-HttpClient/4.5.12 (Java/11.0.4)
{"capabilities":{"alwaysMatch":{"browserName":"chrome"}}}

00:09:51.173 [ForkJoinPool-1-worker-3] DEBUG com.intuit.karate - response time in milliseconds: 2643.24
1 < 200
1 < Content-Length: 791
1 < Content-Type: application/json; charset=utf-8
1 < cache-control: no-cache
{"value":{"capabilities":{"acceptInsecureCerts":false,"browserName":"chrome","browserVersion":"103.0.5060.134","chrome":{"chromedriverVersion":"103.0.5060.53 (a1711811edd74ff1cf2150f36ffa3b0dae40b17f-refs/branch-heads/5060@{#853})","userDataDir":"C:\\Users\\Claire\\AppData\\Local\\Temp\\scoped_dir6484_1362651088"},"goog:chromeOptions":{"debuggerAddress":"localhost:21896"},"networkConnectionEnabled":false,"pageLoadStrategy":"normal","platformName":"windows","proxy":{},"setWindowRect":true,"strictFileInteractability":false,"timeouts":{"implicit":0,"pageLoad":300000,"script":30000},"unhandledPromptBehavior":"dismiss and notify","webauthn:extension:credBlob":true,"webauthn:extension:largeBlob":true,"webauthn:virtualAuthenticators":true},"sessionId":"070e9d8d1b7356f0563636966a9ed777"}}

00:09:51.177 [ForkJoinPool-1-worker-3] DEBUG c.i.k.d.chromedriver_1659888587948 - init session id: 070e9d8d1b7356f0563636966a9ed777
00:09:52.125 [ForkJoinPool-1-worker-3] DEBUG com.intuit.karate - request:
2 > POST http://localhost:21893/session/070e9d8d1b7356f0563636966a9ed777/url
2 > Accept-Encoding: gzip,deflate
2 > Connection: Keep-Alive
2 > Content-Length: 33
2 > Content-Type: application/json; charset=UTF-8
2 > Host: localhost:21893
2 > User-Agent: Apache-HttpClient/4.5.12 (Java/11.0.4)
{"url":"https://www.pup.edu.ph/"}

00:10:04.291 [ForkJoinPool-1-worker-3] DEBUG com.intuit.karate - response time in milliseconds: 12100.64
2 < 200
2 < Content-Length: 14
2 < Content-Type: application/json; charset=utf-8
2 < cache-control: no-cache
{"value":null}

00:10:04.532 [ForkJoinPool-1-worker-3] DEBUG com.intuit.karate - request:
3 > POST http://localhost:21893/session/070e9d8d1b7356f0563636966a9ed777/execute/sync
3 > Accept-Encoding: gzip,deflate
3 > Connection: Keep-Alive
3 > Content-Length: 141
3 > Content-Type: application/json; charset=UTF-8
3 > Host: localhost:21893
3 > User-Agent: Apache-HttpClient/4.5.12 (Java/11.0.4)
{"script":"return document.evaluate(\"//a[normalize-space(text())='Academic']\", document, null, 9, null).singleNodeValue.click()","args":[]}

00:10:08.640 [ForkJoinPool-1-worker-3] DEBUG com.intuit.karate - response time in milliseconds: 4060.02
3 < 200
3 < Content-Length: 14
3 < Content-Type: application/json; charset=utf-8
3 < cache-control: no-cache
{"value":null}

00:10:08.703 [ForkJoinPool-1-worker-3] DEBUG com.intuit.karate - request:
4 > POST http://localhost:21893/session/070e9d8d1b7356f0563636966a9ed777/execute/sync
4 > Accept-Encoding: gzip,deflate
4 > Connection: Keep-Alive
4 > Content-Length: 150
4 > Content-Type: application/json; charset=UTF-8
4 > Host: localhost:21893
4 > User-Agent: Apache-HttpClient/4.5.12 (Java/11.0.4)
{"script":"return document.evaluate(\"//a[normalize-space(text())='Academic Programs']\", document, null, 9, null).singleNodeValue.click()","args":[]}

00:10:10.750 [ForkJoinPool-1-worker-3] DEBUG com.intuit.karate - response time in milliseconds: 2044.77
4 < 200
4 < Content-Length: 14
4 < Content-Type: application/json; charset=utf-8
4 < cache-control: no-cache
{"value":null}

00:10:10.817 [ForkJoinPool-1-worker-3] DEBUG com.intuit.karate - request:
5 > GET http://localhost:21893/session/070e9d8d1b7356f0563636966a9ed777/url
5 > Accept-Encoding: gzip,deflate
5 > Connection: Keep-Alive
5 > Host: localhost:21893
5 > User-Agent: Apache-HttpClient/4.5.12 (Java/11.0.4)

00:10:10.856 [ForkJoinPool-1-worker-3] DEBUG com.intuit.karate - response time in milliseconds: 37.53
5 < 200
5 < Content-Length: 52
5 < Content-Type: application/json; charset=utf-8
5 < cache-control: no-cache
{"value":"https://www.pup.edu.ph/academic/programs"}

00:10:10.895 [ForkJoinPool-1-worker-3] DEBUG com.intuit.karate - request:
6 > DELETE http://localhost:21893/session/070e9d8d1b7356f0563636966a9ed777/window
6 > Accept-Encoding: gzip,deflate
6 > Connection: Keep-Alive
6 > Host: localhost:21893
6 > User-Agent: Apache-HttpClient/4.5.12 (Java/11.0.4)

00:10:11.745 [ForkJoinPool-1-worker-3] DEBUG com.intuit.karate - response time in milliseconds: 848.43
6 < 200
6 < Content-Length: 12
6 < Content-Type: application/json; charset=utf-8
6 < cache-control: no-cache
{"value":[]}

00:10:11.747 [ForkJoinPool-1-worker-3] DEBUG com.intuit.karate - request:
7 > DELETE http://localhost:21893/session/070e9d8d1b7356f0563636966a9ed777
7 > Accept-Encoding: gzip,deflate
7 > Connection: Keep-Alive
7 > Host: localhost:21893
7 > User-Agent: Apache-HttpClient/4.5.12 (Java/11.0.4)

00:10:12.210 [ForkJoinPool-1-worker-3] DEBUG com.intuit.karate - response time in milliseconds: 460.93
7 < 200
7 < Content-Length: 14
7 < Content-Type: application/json; charset=utf-8
7 < cache-control: no-cache
{"value":null}

00:10:12.210 [ForkJoinPool-1-worker-3] DEBUG com.intuit.karate.shell.Command - closing command: chromedriver_1659888587948
00:10:12.475 [pool-1-thread-1] INFO  com.intuit.karate.Runner - <<pass>> feature 9 of 29: src/test/java/examples/defiesta_3_1/DEFIESTA - pup_program.feature
---------------------------------------------------------
feature: src/test/java/examples/defiesta_3_1/DEFIESTA - pup_program.feature
report: target\surefire-reports\src.test.java.examples.defiesta_3_1.DEFIESTA - pup_program.json
scenarios:  1 | passed:  1 | failed:  0 | time: 22.9281
---------------------------------------------------------
00:10:12.727 [ForkJoinPool-1-worker-3] INFO  com.intuit.karate - karate.env system property was:  
00:10:12.740 [ForkJoinPool-1-worker-3] DEBUG com.intuit.karate.shell.Command - found / verified free local port: 21972
00:10:12.740 [ForkJoinPool-1-worker-3] WARN  c.intuit.karate.driver.DriverOptions - preferred port 9515 not available, will use: 21972
00:10:12.740 [ForkJoinPool-1-worker-3] DEBUG c.i.k.d.chromedriver_1659888612740 - poll attempt #0 for port to be ready - localhost:21972
00:10:12.760 [chromedriver_1659888612740] DEBUG c.i.k.d.chromedriver_1659888612740 - command: [C:/Program Files/Google/Chrome/Application/chromedriver.exe, --port=21972, --user-data-dir=C:\Users\Claire\IdeaProjects\Automation_Testing\target\chromedriver_1659888612740]
00:10:13.024 [chromedriver_1659888587948] WARN  com.intuit.karate.shell.Command - exit code was non-zero: 1 - [C:/Program Files/Google/Chrome/Application/chromedriver.exe, --port=21893, --user-data-dir=C:\Users\Claire\IdeaProjects\Automation_Testing\target\chromedriver_1659888587948]
00:10:13.032 [chromedriver_1659888587948] DEBUG com.intuit.karate.shell.Command - console readers complete
00:10:13.225 [chromedriver_1659888612740-out] DEBUG c.i.k.d.chromedriver_1659888612740 - Starting ChromeDriver 103.0.5060.53 (a1711811edd74ff1cf2150f36ffa3b0dae40b17f-refs/branch-heads/5060@{#853}) on port 21972
00:10:13.225 [chromedriver_1659888612740-out] DEBUG c.i.k.d.chromedriver_1659888612740 - Only local connections are allowed.
00:10:13.225 [chromedriver_1659888612740-out] DEBUG c.i.k.d.chromedriver_1659888612740 - Please see https://chromedriver.chromium.org/security-considerations for suggestions on keeping ChromeDriver safe.
00:10:13.268 [chromedriver_1659888612740-out] DEBUG c.i.k.d.chromedriver_1659888612740 - ChromeDriver was started successfully.
00:10:13.329 [ForkJoinPool-1-worker-3] DEBUG com.intuit.karate - request:
1 > POST http://localhost:21972/session
1 > Accept-Encoding: gzip,deflate
1 > Connection: Keep-Alive
1 > Content-Length: 57
1 > Content-Type: application/json; charset=UTF-8
1 > Host: localhost:21972
1 > User-Agent: Apache-HttpClient/4.5.12 (Java/11.0.4)
{"capabilities":{"alwaysMatch":{"browserName":"chrome"}}}

00:10:15.899 [ForkJoinPool-1-worker-3] DEBUG com.intuit.karate - response time in milliseconds: 2562.74
1 < 200
1 < Content-Length: 791
1 < Content-Type: application/json; charset=utf-8
1 < cache-control: no-cache
{"value":{"capabilities":{"acceptInsecureCerts":false,"browserName":"chrome","browserVersion":"103.0.5060.134","chrome":{"chromedriverVersion":"103.0.5060.53 (a1711811edd74ff1cf2150f36ffa3b0dae40b17f-refs/branch-heads/5060@{#853})","userDataDir":"C:\\Users\\Claire\\AppData\\Local\\Temp\\scoped_dir13084_125831227"},"goog:chromeOptions":{"debuggerAddress":"localhost:21975"},"networkConnectionEnabled":false,"pageLoadStrategy":"normal","platformName":"windows","proxy":{},"setWindowRect":true,"strictFileInteractability":false,"timeouts":{"implicit":0,"pageLoad":300000,"script":30000},"unhandledPromptBehavior":"dismiss and notify","webauthn:extension:credBlob":true,"webauthn:extension:largeBlob":true,"webauthn:virtualAuthenticators":true},"sessionId":"596c079b70bea37b566a358e234a3ec4"}}

00:10:15.902 [ForkJoinPool-1-worker-3] DEBUG c.i.k.d.chromedriver_1659888612740 - init session id: 596c079b70bea37b566a358e234a3ec4
00:10:16.604 [ForkJoinPool-1-worker-3] DEBUG com.intuit.karate - request:
2 > POST http://localhost:21972/session/596c079b70bea37b566a358e234a3ec4/url
2 > Accept-Encoding: gzip,deflate
2 > Connection: Keep-Alive
2 > Content-Length: 33
2 > Content-Type: application/json; charset=UTF-8
2 > Host: localhost:21972
2 > User-Agent: Apache-HttpClient/4.5.12 (Java/11.0.4)
{"url":"https://www.pup.edu.ph/"}

00:10:29.583 [ForkJoinPool-1-worker-3] DEBUG com.intuit.karate - response time in milliseconds: 12966.70
2 < 200
2 < Content-Length: 14
2 < Content-Type: application/json; charset=utf-8
2 < cache-control: no-cache
{"value":null}

00:10:29.699 [ForkJoinPool-1-worker-3] DEBUG com.intuit.karate - request:
3 > POST http://localhost:21972/session/596c079b70bea37b566a358e234a3ec4/execute/sync
3 > Accept-Encoding: gzip,deflate
3 > Connection: Keep-Alive
3 > Content-Length: 141
3 > Content-Type: application/json; charset=UTF-8
3 > Host: localhost:21972
3 > User-Agent: Apache-HttpClient/4.5.12 (Java/11.0.4)
{"script":"return document.evaluate(\"//a[normalize-space(text())='Students']\", document, null, 9, null).singleNodeValue.click()","args":[]}

00:10:54.730 [ForkJoinPool-1-worker-3] DEBUG com.intuit.karate - response time in milliseconds: 25028.11
3 < 500
3 < Content-Length: 1205
3 < Content-Type: application/json; charset=utf-8
3 < cache-control: no-cache
{"value":{"error":"unknown error","message":"unknown error: cannot determine loading status\nfrom unknown error: unexpected command response\n  (Session info: chrome=103.0.5060.134)","stacktrace":"Backtrace:\n\tOrdinal0 [0x00666463+2188387]\n\tOrdinal0 [0x005FE461+1762401]\n\tOrdinal0 [0x00513D78+802168]\n\tOrdinal0 [0x00507210+750096]\n\tOrdinal0 [0x0050675A+747354]\n\tOrdinal0 [0x00505D3F+744767]\n\tOrdinal0 [0x00504C28+740392]\n\tOrdinal0 [0x00505228+741928]\n\tOrdinal0 [0x0050F153+782675]\n\tOrdinal0 [0x00519FBB+827323]\n\tOrdinal0 [0x0051D310+840464]\n\tOrdinal0 [0x005054F6+742646]\n\tOrdinal0 [0x00519BF3+826355]\n\tOrdinal0 [0x0056CF6D+1167213]\n\tOrdinal0 [0x0055C5F6+1099254]\n\tOrdinal0 [0x00536BE0+945120]\n\tOrdinal0 [0x00537AD6+948950]\n\tGetHandleVerifier [0x009071F2+2712546]\n\tGetHandleVerifier [0x008F886D+2652765]\n\tGetHandleVerifier [0x006F002A+520730]\n\tGetHandleVerifier [0x006EEE06+516086]\n\tOrdinal0 [0x0060468B+1787531]\n\tOrdinal0 [0x00608E88+1805960]\n\tOrdinal0 [0x00608F75+1806197]\n\tOrdinal0 [0x00611DF1+1842673]\n\tBaseThreadInitThunk [0x7796FA29+25]\n\tRtlGetAppContainerNamedObjectPath [0x77BA7A7E+286]\n\tRtlGetAppContainerNamedObjectPath [0x77BA7A4E+238]\n"}}

00:10:54.733 [ForkJoinPool-1-worker-3] WARN  com.intuit.karate - http response code: 500, response: {"value":{"stacktrace":"Backtrace:\n\tOrdinal0 [0x00666463+2188387]\n\tOrdinal0 [0x005FE461+1762401]\n\tOrdinal0 [0x00513D78+802168]\n\tOrdinal0 [0x00507210+750096]\n\tOrdinal0 [0x0050675A+747354]\n\tOrdinal0 [0x00505D3F+744767]\n\tOrdinal0 [0x00504C28+740392]\n\tOrdinal0 [0x00505228+741928]\n\tOrdinal0 [0x0050F153+782675]\n\tOrdinal0 [0x00519FBB+827323]\n\tOrdinal0 [0x0051D310+840464]\n\tOrdinal0 [0x005054F6+742646]\n\tOrdinal0 [0x00519BF3+826355]\n\tOrdinal0 [0x0056CF6D+1167213]\n\tOrdinal0 [0x0055C5F6+1099254]\n\tOrdinal0 [0x00536BE0+945120]\n\tOrdinal0 [0x00537AD6+948950]\n\tGetHandleVerifier [0x009071F2+2712546]\n\tGetHandleVerifier [0x008F886D+2652765]\n\tGetHandleVerifier [0x006F002A+520730]\n\tGetHandleVerifier [0x006EEE06+516086]\n\tOrdinal0 [0x0060468B+1787531]\n\tOrdinal0 [0x00608E88+1805960]\n\tOrdinal0 [0x00608F75+1806197]\n\tOrdinal0 [0x00611DF1+1842673]\n\tBaseThreadInitThunk [0x7796FA29+25]\n\tRtlGetAppContainerNamedObjectPath [0x77BA7A7E+286]\n\tRtlGetAppContainerNamedObjectPath [0x77BA7A4E+238]\n","error":"unknown error","message":"unknown error: cannot determine loading status\nfrom unknown error: unexpected command response\n  (Session info: chrome=103.0.5060.134)"}}, request: [method: POST, responseTime: 25028.1097, body: {"script":"return document.evaluate(\"//a[normalize-space(text())='Students']\", document, null, 9, null).singleNodeValue.click()","args":[]}]
00:10:54.855 [ForkJoinPool-1-worker-3] DEBUG com.intuit.karate - request:
4 > POST http://localhost:21972/session/596c079b70bea37b566a358e234a3ec4/execute/sync
4 > Accept-Encoding: gzip,deflate
4 > Connection: Keep-Alive
4 > Content-Length: 148
4 > Content-Type: application/json; charset=UTF-8
4 > Host: localhost:21972
4 > User-Agent: Apache-HttpClient/4.5.12 (Java/11.0.4)
{"script":"return document.evaluate(\"//a[normalize-space(text())='Student Council']\", document, null, 9, null).singleNodeValue.click()","args":[]}

00:11:24.878 [ForkJoinPool-1-worker-3] ERROR com.intuit.karate - java.net.SocketTimeoutException: Read timed out, http call failed after 30022 milliseconds for URL: http://localhost:21972/session/596c079b70bea37b566a358e234a3ec4/execute/sync
00:11:24.879 [ForkJoinPool-1-worker-3] ERROR com.intuit.karate - http request failed: 
java.net.SocketTimeoutException: Read timed out
00:11:24.895 [ForkJoinPool-1-worker-3] DEBUG com.intuit.karate - request:
5 > DELETE http://localhost:21972/session/596c079b70bea37b566a358e234a3ec4/execute/sync/window
5 > Accept-Encoding: gzip,deflate
5 > Connection: Keep-Alive
5 > Content-Length: 148
5 > Content-Type: application/json; charset=UTF-8
5 > Host: localhost:21972
5 > User-Agent: Apache-HttpClient/4.5.12 (Java/11.0.4)
{"script":"return document.evaluate(\"//a[normalize-space(text())='Student Council']\", document, null, 9, null).singleNodeValue.click()","args":[]}

00:11:24.990 [ForkJoinPool-1-worker-3] DEBUG com.intuit.karate - response time in milliseconds: 92.43
5 < 404
5 < Content-Length: 884
5 < Content-Type: application/json; charset=utf-8
5 < cache-control: no-cache
{"value":{"error":"unknown command","message":"unknown command: unknown command: session/596c079b70bea37b566a358e234a3ec4/execute/sync/window","stacktrace":"Backtrace:\n\tOrdinal0 [0x00666463+2188387]\n\tOrdinal0 [0x005FE461+1762401]\n\tOrdinal0 [0x00513D78+802168]\n\tOrdinal0 [0x0055A2EE+1090286]\n\tOrdinal0 [0x0055A0D8+1089752]\n\tOrdinal0 [0x004F5447+676935]\n\tOrdinal0 [0x004F59C3+678339]\n\tOrdinal0 [0x004F5DFA+679418]\n\tGetHandleVerifier [0x009071F2+2712546]\n\tGetHandleVerifier [0x008F886D+2652765]\n\tGetHandleVerifier [0x006F002A+520730]\n\tGetHandleVerifier [0x006EEE06+516086]\n\tOrdinal0 [0x0060468B+1787531]\n\tOrdinal0 [0x004F51D7+676311]\n\tOrdinal0 [0x004F4C88+674952]\n\tGetHandleVerifier [0x009295BC+2852780]\n\tBaseThreadInitThunk [0x7796FA29+25]\n\tRtlGetAppContainerNamedObjectPath [0x77BA7A7E+286]\n\tRtlGetAppContainerNamedObjectPath [0x77BA7A4E+238]\n"}}

00:11:24.994 [ForkJoinPool-1-worker-3] WARN  com.intuit.karate - http response code: 404, response: {"value":{"stacktrace":"Backtrace:\n\tOrdinal0 [0x00666463+2188387]\n\tOrdinal0 [0x005FE461+1762401]\n\tOrdinal0 [0x00513D78+802168]\n\tOrdinal0 [0x0055A2EE+1090286]\n\tOrdinal0 [0x0055A0D8+1089752]\n\tOrdinal0 [0x004F5447+676935]\n\tOrdinal0 [0x004F59C3+678339]\n\tOrdinal0 [0x004F5DFA+679418]\n\tGetHandleVerifier [0x009071F2+2712546]\n\tGetHandleVerifier [0x008F886D+2652765]\n\tGetHandleVerifier [0x006F002A+520730]\n\tGetHandleVerifier [0x006EEE06+516086]\n\tOrdinal0 [0x0060468B+1787531]\n\tOrdinal0 [0x004F51D7+676311]\n\tOrdinal0 [0x004F4C88+674952]\n\tGetHandleVerifier [0x009295BC+2852780]\n\tBaseThreadInitThunk [0x7796FA29+25]\n\tRtlGetAppContainerNamedObjectPath [0x77BA7A7E+286]\n\tRtlGetAppContainerNamedObjectPath [0x77BA7A4E+238]\n","error":"unknown command","message":"unknown command: unknown command: session/596c079b70bea37b566a358e234a3ec4/execute/sync/window"}}, request: [method: DELETE, responseTime: 92.4306, body: {"script":"return document.evaluate(\"//a[normalize-space(text())='Student Council']\", document, null, 9, null).singleNodeValue.click()","args":[]}]
00:11:24.998 [ForkJoinPool-1-worker-3] DEBUG com.intuit.karate - request:
6 > DELETE http://localhost:21972/session/596c079b70bea37b566a358e234a3ec4
6 > Accept-Encoding: gzip,deflate
6 > Connection: Keep-Alive
6 > Host: localhost:21972
6 > User-Agent: Apache-HttpClient/4.5.12 (Java/11.0.4)

00:11:27.360 [ForkJoinPool-1-worker-3] DEBUG com.intuit.karate - response time in milliseconds: 2375.77
6 < 200
6 < Content-Length: 14
6 < Content-Type: application/json; charset=utf-8
6 < cache-control: no-cache
{"value":null}

00:11:27.376 [ForkJoinPool-1-worker-3] DEBUG com.intuit.karate.shell.Command - closing command: chromedriver_1659888612740
00:11:27.451 [chromedriver_1659888612740] WARN  com.intuit.karate.shell.Command - exit code was non-zero: 1 - [C:/Program Files/Google/Chrome/Application/chromedriver.exe, --port=21972, --user-data-dir=C:\Users\Claire\IdeaProjects\Automation_Testing\target\chromedriver_1659888612740]
00:11:27.451 [chromedriver_1659888612740] DEBUG com.intuit.karate.shell.Command - console readers complete
00:11:27.561 [pool-1-thread-1] INFO  com.intuit.karate.Runner - <<fail>> feature 12 of 29: src/test/java/examples/fallesgon_3_1/PUP_Student_Council.feature
---------------------------------------------------------
feature: src/test/java/examples/fallesgon_3_1/PUP_Student_Council.feature
report: target\surefire-reports\src.test.java.examples.fallesgon_3_1.PUP_Student_Council.json
scenarios:  1 | passed:  0 | failed:  1 | time: 72.1473
---------------------------------------------------------
00:11:27.752 [ForkJoinPool-1-worker-3] INFO  com.intuit.karate - karate.env system property was:  
00:11:27.768 [ForkJoinPool-1-worker-3] DEBUG com.intuit.karate.shell.Command - found / verified free local port: 22088
00:11:27.768 [ForkJoinPool-1-worker-3] WARN  c.intuit.karate.driver.DriverOptions - preferred port 9515 not available, will use: 22088
00:11:27.783 [ForkJoinPool-1-worker-3] DEBUG c.i.k.d.chromedriver_1659888687768 - poll attempt #0 for port to be ready - localhost:22088
00:11:27.783 [chromedriver_1659888687768] DEBUG c.i.k.d.chromedriver_1659888687768 - command: [C:/Program Files/Google/Chrome/Application/chromedriver.exe, --port=22088, --user-data-dir=C:\Users\Claire\IdeaProjects\Automation_Testing\target\chromedriver_1659888687768]
00:11:28.220 [chromedriver_1659888687768-out] DEBUG c.i.k.d.chromedriver_1659888687768 - Starting ChromeDriver 103.0.5060.53 (a1711811edd74ff1cf2150f36ffa3b0dae40b17f-refs/branch-heads/5060@{#853}) on port 22088
00:11:28.220 [chromedriver_1659888687768-out] DEBUG c.i.k.d.chromedriver_1659888687768 - Only local connections are allowed.
00:11:28.220 [chromedriver_1659888687768-out] DEBUG c.i.k.d.chromedriver_1659888687768 - Please see https://chromedriver.chromium.org/security-considerations for suggestions on keeping ChromeDriver safe.
00:11:28.251 [chromedriver_1659888687768-out] DEBUG c.i.k.d.chromedriver_1659888687768 - ChromeDriver was started successfully.
00:11:28.423 [ForkJoinPool-1-worker-3] DEBUG com.intuit.karate - request:
1 > POST http://localhost:22088/session
1 > Accept-Encoding: gzip,deflate
1 > Connection: Keep-Alive
1 > Content-Length: 57
1 > Content-Type: application/json; charset=UTF-8
1 > Host: localhost:22088
1 > User-Agent: Apache-HttpClient/4.5.12 (Java/11.0.4)
{"capabilities":{"alwaysMatch":{"browserName":"chrome"}}}

00:11:30.912 [ForkJoinPool-1-worker-3] DEBUG com.intuit.karate - response time in milliseconds: 2477.88
1 < 200
1 < Content-Length: 791
1 < Content-Type: application/json; charset=utf-8
1 < cache-control: no-cache
{"value":{"capabilities":{"acceptInsecureCerts":false,"browserName":"chrome","browserVersion":"103.0.5060.134","chrome":{"chromedriverVersion":"103.0.5060.53 (a1711811edd74ff1cf2150f36ffa3b0dae40b17f-refs/branch-heads/5060@{#853})","userDataDir":"C:\\Users\\Claire\\AppData\\Local\\Temp\\scoped_dir6884_1422218714"},"goog:chromeOptions":{"debuggerAddress":"localhost:22091"},"networkConnectionEnabled":false,"pageLoadStrategy":"normal","platformName":"windows","proxy":{},"setWindowRect":true,"strictFileInteractability":false,"timeouts":{"implicit":0,"pageLoad":300000,"script":30000},"unhandledPromptBehavior":"dismiss and notify","webauthn:extension:credBlob":true,"webauthn:extension:largeBlob":true,"webauthn:virtualAuthenticators":true},"sessionId":"e7c27bd2d1dd6e59ea387ad4f9f895de"}}

00:11:30.916 [ForkJoinPool-1-worker-3] DEBUG c.i.k.d.chromedriver_1659888687768 - init session id: e7c27bd2d1dd6e59ea387ad4f9f895de
00:11:31.694 [ForkJoinPool-1-worker-3] DEBUG com.intuit.karate - request:
2 > POST http://localhost:22088/session/e7c27bd2d1dd6e59ea387ad4f9f895de/url
2 > Accept-Encoding: gzip,deflate
2 > Connection: Keep-Alive
2 > Content-Length: 33
2 > Content-Type: application/json; charset=UTF-8
2 > Host: localhost:22088
2 > User-Agent: Apache-HttpClient/4.5.12 (Java/11.0.4)
{"url":"https://www.pup.edu.ph/"}

00:11:50.410 [ForkJoinPool-1-worker-3] DEBUG com.intuit.karate - response time in milliseconds: 18714.94
2 < 200
2 < Content-Length: 14
2 < Content-Type: application/json; charset=utf-8
2 < cache-control: no-cache
{"value":null}

00:11:50.572 [ForkJoinPool-1-worker-3] DEBUG com.intuit.karate - request:
3 > POST http://localhost:22088/session/e7c27bd2d1dd6e59ea387ad4f9f895de/execute/sync
3 > Accept-Encoding: gzip,deflate
3 > Connection: Keep-Alive
3 > Content-Length: 142
3 > Content-Type: application/json; charset=UTF-8
3 > Host: localhost:22088
3 > User-Agent: Apache-HttpClient/4.5.12 (Java/11.0.4)
{"script":"return document.evaluate(\"//a[normalize-space(text())='About PUP']\", document, null, 9, null).singleNodeValue.click()","args":[]}

00:12:04.325 [ForkJoinPool-1-worker-3] DEBUG com.intuit.karate - response time in milliseconds: 13751.57
3 < 200
3 < Content-Length: 14
3 < Content-Type: application/json; charset=utf-8
3 < cache-control: no-cache
{"value":null}

00:12:04.392 [ForkJoinPool-1-worker-3] DEBUG com.intuit.karate - request:
4 > POST http://localhost:22088/session/e7c27bd2d1dd6e59ea387ad4f9f895de/execute/sync
4 > Accept-Encoding: gzip,deflate
4 > Connection: Keep-Alive
4 > Content-Length: 149
4 > Content-Type: application/json; charset=UTF-8
4 > Host: localhost:22088
4 > User-Agent: Apache-HttpClient/4.5.12 (Java/11.0.4)
{"script":"return document.evaluate(\"//a[normalize-space(text())='Board of Regents']\", document, null, 9, null).singleNodeValue.click()","args":[]}

00:12:07.158 [ForkJoinPool-1-worker-3] DEBUG com.intuit.karate - response time in milliseconds: 2763.11
4 < 200
4 < Content-Length: 14
4 < Content-Type: application/json; charset=utf-8
4 < cache-control: no-cache
{"value":null}

00:12:07.240 [ForkJoinPool-1-worker-3] DEBUG com.intuit.karate - request:
5 > GET http://localhost:22088/session/e7c27bd2d1dd6e59ea387ad4f9f895de/url
5 > Accept-Encoding: gzip,deflate
5 > Connection: Keep-Alive
5 > Host: localhost:22088
5 > User-Agent: Apache-HttpClient/4.5.12 (Java/11.0.4)

00:12:07.341 [ForkJoinPool-1-worker-3] DEBUG com.intuit.karate - response time in milliseconds: 96.50
5 < 200
5 < Content-Length: 46
5 < Content-Type: application/json; charset=utf-8
5 < cache-control: no-cache
{"value":"https://www.pup.edu.ph/about/board"}

00:12:07.372 [ForkJoinPool-1-worker-3] DEBUG com.intuit.karate - request:
6 > DELETE http://localhost:22088/session/e7c27bd2d1dd6e59ea387ad4f9f895de/window
6 > Accept-Encoding: gzip,deflate
6 > Connection: Keep-Alive
6 > Host: localhost:22088
6 > User-Agent: Apache-HttpClient/4.5.12 (Java/11.0.4)

00:12:09.274 [ForkJoinPool-1-worker-3] DEBUG com.intuit.karate - response time in milliseconds: 1900.61
6 < 200
6 < Content-Length: 12
6 < Content-Type: application/json; charset=utf-8
6 < cache-control: no-cache
{"value":[]}

00:12:09.281 [ForkJoinPool-1-worker-3] DEBUG com.intuit.karate - request:
7 > DELETE http://localhost:22088/session/e7c27bd2d1dd6e59ea387ad4f9f895de
7 > Accept-Encoding: gzip,deflate
7 > Connection: Keep-Alive
7 > Host: localhost:22088
7 > User-Agent: Apache-HttpClient/4.5.12 (Java/11.0.4)

00:12:11.900 [ForkJoinPool-1-worker-3] DEBUG com.intuit.karate - response time in milliseconds: 2617.95
7 < 200
7 < Content-Length: 14
7 < Content-Type: application/json; charset=utf-8
7 < cache-control: no-cache
{"value":null}

00:12:11.902 [ForkJoinPool-1-worker-3] DEBUG com.intuit.karate.shell.Command - closing command: chromedriver_1659888687768
00:12:12.186 [pool-1-thread-1] INFO  com.intuit.karate.Runner - <<pass>> feature 14 of 29: src/test/java/examples/lupo_3_1/pup_bor.feature
---------------------------------------------------------
feature: src/test/java/examples/lupo_3_1/pup_bor.feature
report: target\surefire-reports\src.test.java.examples.lupo_3_1.pup_bor.json
scenarios:  1 | passed:  1 | failed:  0 | time: 39.5941
---------------------------------------------------------
00:12:12.466 [ForkJoinPool-1-worker-3] INFO  com.intuit.karate - karate.env system property was:  
00:12:12.486 [ForkJoinPool-1-worker-3] DEBUG com.intuit.karate.shell.Command - found / verified free local port: 22179
00:12:12.488 [ForkJoinPool-1-worker-3] WARN  c.intuit.karate.driver.DriverOptions - preferred port 9515 not available, will use: 22179
00:12:12.500 [ForkJoinPool-1-worker-3] DEBUG c.i.k.d.chromedriver_1659888732485 - poll attempt #0 for port to be ready - localhost:22179
00:12:12.521 [chromedriver_1659888732485] DEBUG c.i.k.d.chromedriver_1659888732485 - command: [C:/Program Files/Google/Chrome/Application/chromedriver.exe, --port=22179, --user-data-dir=C:\Users\Claire\IdeaProjects\Automation_Testing\target\chromedriver_1659888732485]
00:12:12.800 [chromedriver_1659888687768] WARN  com.intuit.karate.shell.Command - exit code was non-zero: 1 - [C:/Program Files/Google/Chrome/Application/chromedriver.exe, --port=22088, --user-data-dir=C:\Users\Claire\IdeaProjects\Automation_Testing\target\chromedriver_1659888687768]
00:12:12.804 [chromedriver_1659888687768] DEBUG com.intuit.karate.shell.Command - console readers complete
00:12:13.054 [chromedriver_1659888732485-out] DEBUG c.i.k.d.chromedriver_1659888732485 - Starting ChromeDriver 103.0.5060.53 (a1711811edd74ff1cf2150f36ffa3b0dae40b17f-refs/branch-heads/5060@{#853}) on port 22179
00:12:13.055 [chromedriver_1659888732485-out] DEBUG c.i.k.d.chromedriver_1659888732485 - Only local connections are allowed.
00:12:13.055 [chromedriver_1659888732485-out] DEBUG c.i.k.d.chromedriver_1659888732485 - Please see https://chromedriver.chromium.org/security-considerations for suggestions on keeping ChromeDriver safe.
00:12:13.089 [chromedriver_1659888732485-out] DEBUG c.i.k.d.chromedriver_1659888732485 - ChromeDriver was started successfully.
00:12:13.145 [ForkJoinPool-1-worker-3] DEBUG com.intuit.karate - request:
1 > POST http://localhost:22179/session
1 > Accept-Encoding: gzip,deflate
1 > Connection: Keep-Alive
1 > Content-Length: 57
1 > Content-Type: application/json; charset=UTF-8
1 > Host: localhost:22179
1 > User-Agent: Apache-HttpClient/4.5.12 (Java/11.0.4)
{"capabilities":{"alwaysMatch":{"browserName":"chrome"}}}

00:12:16.913 [ForkJoinPool-1-worker-3] DEBUG com.intuit.karate - response time in milliseconds: 3766.58
1 < 200
1 < Content-Length: 791
1 < Content-Type: application/json; charset=utf-8
1 < cache-control: no-cache
{"value":{"capabilities":{"acceptInsecureCerts":false,"browserName":"chrome","browserVersion":"103.0.5060.134","chrome":{"chromedriverVersion":"103.0.5060.53 (a1711811edd74ff1cf2150f36ffa3b0dae40b17f-refs/branch-heads/5060@{#853})","userDataDir":"C:\\Users\\Claire\\AppData\\Local\\Temp\\scoped_dir7120_1437492741"},"goog:chromeOptions":{"debuggerAddress":"localhost:22182"},"networkConnectionEnabled":false,"pageLoadStrategy":"normal","platformName":"windows","proxy":{},"setWindowRect":true,"strictFileInteractability":false,"timeouts":{"implicit":0,"pageLoad":300000,"script":30000},"unhandledPromptBehavior":"dismiss and notify","webauthn:extension:credBlob":true,"webauthn:extension:largeBlob":true,"webauthn:virtualAuthenticators":true},"sessionId":"68a27c63c4519a1ad0316761c461d0e1"}}

00:12:16.917 [ForkJoinPool-1-worker-3] DEBUG c.i.k.d.chromedriver_1659888732485 - init session id: 68a27c63c4519a1ad0316761c461d0e1
00:12:17.924 [ForkJoinPool-1-worker-3] DEBUG com.intuit.karate - request:
2 > POST http://localhost:22179/session/68a27c63c4519a1ad0316761c461d0e1/url
2 > Accept-Encoding: gzip,deflate
2 > Connection: Keep-Alive
2 > Content-Length: 33
2 > Content-Type: application/json; charset=UTF-8
2 > Host: localhost:22179
2 > User-Agent: Apache-HttpClient/4.5.12 (Java/11.0.4)
{"url":"https://www.pup.edu.ph/"}

00:12:23.052 [ForkJoinPool-1-worker-3] DEBUG com.intuit.karate - response time in milliseconds: 5112.05
2 < 500
2 < Content-Length: 1205
2 < Content-Type: application/json; charset=utf-8
2 < cache-control: no-cache
{"value":{"error":"unknown error","message":"unknown error: cannot determine loading status\nfrom unknown error: unexpected command response\n  (Session info: chrome=103.0.5060.134)","stacktrace":"Backtrace:\n\tOrdinal0 [0x00666463+2188387]\n\tOrdinal0 [0x005FE461+1762401]\n\tOrdinal0 [0x00513D78+802168]\n\tOrdinal0 [0x00507210+750096]\n\tOrdinal0 [0x0050675A+747354]\n\tOrdinal0 [0x00505D3F+744767]\n\tOrdinal0 [0x00504C28+740392]\n\tOrdinal0 [0x00505228+741928]\n\tOrdinal0 [0x0050EF2F+782127]\n\tOrdinal0 [0x00519FBB+827323]\n\tOrdinal0 [0x0051D310+840464]\n\tOrdinal0 [0x005054F6+742646]\n\tOrdinal0 [0x00519BF3+826355]\n\tOrdinal0 [0x0056CF6D+1167213]\n\tOrdinal0 [0x0055C5F6+1099254]\n\tOrdinal0 [0x00536BE0+945120]\n\tOrdinal0 [0x00537AD6+948950]\n\tGetHandleVerifier [0x009071F2+2712546]\n\tGetHandleVerifier [0x008F886D+2652765]\n\tGetHandleVerifier [0x006F002A+520730]\n\tGetHandleVerifier [0x006EEE06+516086]\n\tOrdinal0 [0x0060468B+1787531]\n\tOrdinal0 [0x00608E88+1805960]\n\tOrdinal0 [0x00608F75+1806197]\n\tOrdinal0 [0x00611DF1+1842673]\n\tBaseThreadInitThunk [0x7796FA29+25]\n\tRtlGetAppContainerNamedObjectPath [0x77BA7A7E+286]\n\tRtlGetAppContainerNamedObjectPath [0x77BA7A4E+238]\n"}}

00:12:23.066 [ForkJoinPool-1-worker-3] WARN  com.intuit.karate - http response code: 500, response: {"value":{"stacktrace":"Backtrace:\n\tOrdinal0 [0x00666463+2188387]\n\tOrdinal0 [0x005FE461+1762401]\n\tOrdinal0 [0x00513D78+802168]\n\tOrdinal0 [0x00507210+750096]\n\tOrdinal0 [0x0050675A+747354]\n\tOrdinal0 [0x00505D3F+744767]\n\tOrdinal0 [0x00504C28+740392]\n\tOrdinal0 [0x00505228+741928]\n\tOrdinal0 [0x0050EF2F+782127]\n\tOrdinal0 [0x00519FBB+827323]\n\tOrdinal0 [0x0051D310+840464]\n\tOrdinal0 [0x005054F6+742646]\n\tOrdinal0 [0x00519BF3+826355]\n\tOrdinal0 [0x0056CF6D+1167213]\n\tOrdinal0 [0x0055C5F6+1099254]\n\tOrdinal0 [0x00536BE0+945120]\n\tOrdinal0 [0x00537AD6+948950]\n\tGetHandleVerifier [0x009071F2+2712546]\n\tGetHandleVerifier [0x008F886D+2652765]\n\tGetHandleVerifier [0x006F002A+520730]\n\tGetHandleVerifier [0x006EEE06+516086]\n\tOrdinal0 [0x0060468B+1787531]\n\tOrdinal0 [0x00608E88+1805960]\n\tOrdinal0 [0x00608F75+1806197]\n\tOrdinal0 [0x00611DF1+1842673]\n\tBaseThreadInitThunk [0x7796FA29+25]\n\tRtlGetAppContainerNamedObjectPath [0x77BA7A7E+286]\n\tRtlGetAppContainerNamedObjectPath [0x77BA7A4E+238]\n","error":"unknown error","message":"unknown error: cannot determine loading status\nfrom unknown error: unexpected command response\n  (Session info: chrome=103.0.5060.134)"}}, request: [method: POST, responseTime: 5112.0465, body: {"url":"https://www.pup.edu.ph/"}]
00:12:23.198 [ForkJoinPool-1-worker-3] DEBUG com.intuit.karate - request:
3 > POST http://localhost:22179/session/68a27c63c4519a1ad0316761c461d0e1/execute/sync
3 > Accept-Encoding: gzip,deflate
3 > Connection: Keep-Alive
3 > Content-Length: 142
3 > Content-Type: application/json; charset=UTF-8
3 > Host: localhost:22179
3 > User-Agent: Apache-HttpClient/4.5.12 (Java/11.0.4)
{"script":"return document.evaluate(\"//a[normalize-space(text())='About PUP']\", document, null, 9, null).singleNodeValue.click()","args":[]}

00:12:43.697 [ForkJoinPool-1-worker-3] DEBUG com.intuit.karate - response time in milliseconds: 20497.72
3 < 200
3 < Content-Length: 14
3 < Content-Type: application/json; charset=utf-8
3 < cache-control: no-cache
{"value":null}

00:12:43.758 [ForkJoinPool-1-worker-3] DEBUG com.intuit.karate - request:
4 > POST http://localhost:22179/session/68a27c63c4519a1ad0316761c461d0e1/execute/sync
4 > Accept-Encoding: gzip,deflate
4 > Connection: Keep-Alive
4 > Content-Length: 152
4 > Content-Type: application/json; charset=UTF-8
4 > Host: localhost:22179
4 > User-Agent: Apache-HttpClient/4.5.12 (Java/11.0.4)
{"script":"return document.evaluate(\"//a[normalize-space(text())='University Calendar']\", document, null, 9, null).singleNodeValue.click()","args":[]}

00:12:45.668 [ForkJoinPool-1-worker-3] DEBUG com.intuit.karate - response time in milliseconds: 1907.49
4 < 200
4 < Content-Length: 14
4 < Content-Type: application/json; charset=utf-8
4 < cache-control: no-cache
{"value":null}

00:12:45.720 [ForkJoinPool-1-worker-3] DEBUG com.intuit.karate - request:
5 > GET http://localhost:22179/session/68a27c63c4519a1ad0316761c461d0e1/url
5 > Accept-Encoding: gzip,deflate
5 > Connection: Keep-Alive
5 > Host: localhost:22179
5 > User-Agent: Apache-HttpClient/4.5.12 (Java/11.0.4)

00:12:45.746 [ForkJoinPool-1-worker-3] DEBUG com.intuit.karate - response time in milliseconds: 25.42
5 < 200
5 < Content-Length: 49
5 < Content-Type: application/json; charset=utf-8
5 < cache-control: no-cache
{"value":"https://www.pup.edu.ph/about/calendar"}

00:12:45.772 [ForkJoinPool-1-worker-3] DEBUG com.intuit.karate - request:
6 > DELETE http://localhost:22179/session/68a27c63c4519a1ad0316761c461d0e1/window
6 > Accept-Encoding: gzip,deflate
6 > Connection: Keep-Alive
6 > Host: localhost:22179
6 > User-Agent: Apache-HttpClient/4.5.12 (Java/11.0.4)

00:12:50.335 [ForkJoinPool-1-worker-3] DEBUG com.intuit.karate - response time in milliseconds: 4565.81
6 < 200
6 < Content-Length: 12
6 < Content-Type: application/json; charset=utf-8
6 < cache-control: no-cache
{"value":[]}

00:12:50.335 [ForkJoinPool-1-worker-3] DEBUG com.intuit.karate - request:
7 > DELETE http://localhost:22179/session/68a27c63c4519a1ad0316761c461d0e1
7 > Accept-Encoding: gzip,deflate
7 > Connection: Keep-Alive
7 > Host: localhost:22179
7 > User-Agent: Apache-HttpClient/4.5.12 (Java/11.0.4)

00:12:50.667 [ForkJoinPool-1-worker-3] DEBUG com.intuit.karate - response time in milliseconds: 329.24
7 < 200
7 < Content-Length: 14
7 < Content-Type: application/json; charset=utf-8
7 < cache-control: no-cache
{"value":null}

00:12:50.667 [ForkJoinPool-1-worker-3] DEBUG com.intuit.karate.shell.Command - closing command: chromedriver_1659888732485
00:12:50.713 [chromedriver_1659888732485] WARN  com.intuit.karate.shell.Command - exit code was non-zero: 1 - [C:/Program Files/Google/Chrome/Application/chromedriver.exe, --port=22179, --user-data-dir=C:\Users\Claire\IdeaProjects\Automation_Testing\target\chromedriver_1659888732485]
00:12:50.713 [chromedriver_1659888732485] DEBUG com.intuit.karate.shell.Command - console readers complete
00:12:50.823 [pool-1-thread-1] INFO  com.intuit.karate.Runner - <<pass>> feature 15 of 29: src/test/java/examples/lupo_3_1/pup_unical.feature
---------------------------------------------------------
feature: src/test/java/examples/lupo_3_1/pup_unical.feature
report: target\surefire-reports\src.test.java.examples.lupo_3_1.pup_unical.json
scenarios:  1 | passed:  1 | failed:  0 | time: 33.2823
---------------------------------------------------------
00:12:51.120 [pool-1-thread-1] INFO  com.intuit.karate - karate.env system property was:  
00:12:53.926 [ForkJoinPool-1-worker-3] DEBUG com.intuit.karate.shell.Command - found / verified free local port: 22262
00:12:53.926 [ForkJoinPool-1-worker-3] WARN  c.intuit.karate.driver.DriverOptions - preferred port 9515 not available, will use: 22262
00:12:53.926 [ForkJoinPool-1-worker-3] DEBUG c.i.k.d.chromedriver_1659888773910 - poll attempt #0 for port to be ready - localhost:22262
00:12:53.926 [chromedriver_1659888773910] DEBUG c.i.k.d.chromedriver_1659888773910 - command: [C:/Program Files/Google/Chrome/Application/chromedriver.exe, --port=22262, --user-data-dir=C:\Users\Claire\IdeaProjects\Automation_Testing\target\chromedriver_1659888773910]
00:12:54.191 [chromedriver_1659888773910-out] DEBUG c.i.k.d.chromedriver_1659888773910 - Starting ChromeDriver 103.0.5060.53 (a1711811edd74ff1cf2150f36ffa3b0dae40b17f-refs/branch-heads/5060@{#853}) on port 22262
00:12:54.191 [chromedriver_1659888773910-out] DEBUG c.i.k.d.chromedriver_1659888773910 - Only local connections are allowed.
00:12:54.191 [chromedriver_1659888773910-out] DEBUG c.i.k.d.chromedriver_1659888773910 - Please see https://chromedriver.chromium.org/security-considerations for suggestions on keeping ChromeDriver safe.
00:12:54.207 [chromedriver_1659888773910-out] DEBUG c.i.k.d.chromedriver_1659888773910 - ChromeDriver was started successfully.
00:12:54.457 [ForkJoinPool-1-worker-3] DEBUG com.intuit.karate - request:
1 > POST http://localhost:22262/session
1 > Accept-Encoding: gzip,deflate
1 > Connection: Keep-Alive
1 > Content-Length: 57
1 > Content-Type: application/json; charset=UTF-8
1 > Host: localhost:22262
1 > User-Agent: Apache-HttpClient/4.5.12 (Java/11.0.4)
{"capabilities":{"alwaysMatch":{"browserName":"chrome"}}}

00:12:56.848 [ForkJoinPool-1-worker-3] DEBUG com.intuit.karate - response time in milliseconds: 2390.14
1 < 200
1 < Content-Length: 790
1 < Content-Type: application/json; charset=utf-8
1 < cache-control: no-cache
{"value":{"capabilities":{"acceptInsecureCerts":false,"browserName":"chrome","browserVersion":"103.0.5060.134","chrome":{"chromedriverVersion":"103.0.5060.53 (a1711811edd74ff1cf2150f36ffa3b0dae40b17f-refs/branch-heads/5060@{#853})","userDataDir":"C:\\Users\\Claire\\AppData\\Local\\Temp\\scoped_dir12304_61677443"},"goog:chromeOptions":{"debuggerAddress":"localhost:22265"},"networkConnectionEnabled":false,"pageLoadStrategy":"normal","platformName":"windows","proxy":{},"setWindowRect":true,"strictFileInteractability":false,"timeouts":{"implicit":0,"pageLoad":300000,"script":30000},"unhandledPromptBehavior":"dismiss and notify","webauthn:extension:credBlob":true,"webauthn:extension:largeBlob":true,"webauthn:virtualAuthenticators":true},"sessionId":"0fe75e5a670d3c74994221d2110c3d27"}}

00:12:56.851 [ForkJoinPool-1-worker-3] DEBUG c.i.k.d.chromedriver_1659888773910 - init session id: 0fe75e5a670d3c74994221d2110c3d27
00:12:57.475 [ForkJoinPool-1-worker-3] DEBUG com.intuit.karate - request:
2 > POST http://localhost:22262/session/0fe75e5a670d3c74994221d2110c3d27/url
2 > Accept-Encoding: gzip,deflate
2 > Connection: Keep-Alive
2 > Content-Length: 33
2 > Content-Type: application/json; charset=UTF-8
2 > Host: localhost:22262
2 > User-Agent: Apache-HttpClient/4.5.12 (Java/11.0.4)
{"url":"https://www.pup.edu.ph/"}

00:13:19.810 [ForkJoinPool-1-worker-3] DEBUG com.intuit.karate - response time in milliseconds: 22326.33
2 < 200
2 < Content-Length: 14
2 < Content-Type: application/json; charset=utf-8
2 < cache-control: no-cache
{"value":null}

00:13:19.847 [ForkJoinPool-1-worker-3] DEBUG com.intuit.karate - request:
3 > POST http://localhost:22262/session/0fe75e5a670d3c74994221d2110c3d27/window/maximize
3 > Accept-Encoding: gzip,deflate
3 > Connection: Keep-Alive
3 > Content-Length: 2
3 > Content-Type: application/json; charset=UTF-8
3 > Host: localhost:22262
3 > User-Agent: Apache-HttpClient/4.5.12 (Java/11.0.4)
{}

00:13:20.301 [ForkJoinPool-1-worker-3] DEBUG com.intuit.karate - response time in milliseconds: 449.76
3 < 200
3 < Content-Length: 51
3 < Content-Type: application/json; charset=utf-8
3 < cache-control: no-cache
{"value":{"height":590,"width":1108,"x":-8,"y":-8}}

00:13:20.365 [ForkJoinPool-1-worker-3] DEBUG com.intuit.karate - request:
4 > POST http://localhost:22262/session/0fe75e5a670d3c74994221d2110c3d27/execute/sync
4 > Accept-Encoding: gzip,deflate
4 > Connection: Keep-Alive
4 > Content-Length: 63
4 > Content-Type: application/json; charset=UTF-8
4 > Host: localhost:22262
4 > User-Agent: Apache-HttpClient/4.5.12 (Java/11.0.4)
{"script":"return document.readyState == 'complete'","args":[]}

00:13:20.416 [ForkJoinPool-1-worker-3] DEBUG com.intuit.karate - response time in milliseconds: 42.65
4 < 200
4 < Content-Length: 14
4 < Content-Type: application/json; charset=utf-8
4 < cache-control: no-cache
{"value":true}

00:13:20.477 [ForkJoinPool-1-worker-3] DEBUG com.intuit.karate - request:
5 > POST http://localhost:22262/session/0fe75e5a670d3c74994221d2110c3d27/execute/sync
5 > Accept-Encoding: gzip,deflate
5 > Connection: Keep-Alive
5 > Content-Length: 82
5 > Content-Type: application/json; charset=UTF-8
5 > Host: localhost:22262
5 > User-Agent: Apache-HttpClient/4.5.12 (Java/11.0.4)
{"script":"return document.querySelector(\".services-widget\").click()","args":[]}

00:13:20.651 [ForkJoinPool-1-worker-3] DEBUG com.intuit.karate - response time in milliseconds: 170.88
5 < 200
5 < Content-Length: 14
5 < Content-Type: application/json; charset=utf-8
5 < cache-control: no-cache
{"value":null}

00:13:20.716 [ForkJoinPool-1-worker-3] DEBUG com.intuit.karate - request:
6 > POST http://localhost:22262/session/0fe75e5a670d3c74994221d2110c3d27/execute/sync
6 > Accept-Encoding: gzip,deflate
6 > Connection: Keep-Alive
6 > Content-Length: 152
6 > Content-Type: application/json; charset=UTF-8
6 > Host: localhost:22262
6 > User-Agent: Apache-HttpClient/4.5.12 (Java/11.0.4)
{"script":"return document.evaluate(\"//a[contains(normalize-space(text()),'Applicant')]\", document, null, 9, null).singleNodeValue.click()","args":[]}

00:13:24.831 [ForkJoinPool-1-worker-3] DEBUG com.intuit.karate - response time in milliseconds: 4113.46
6 < 500
6 < Content-Length: 1205
6 < Content-Type: application/json; charset=utf-8
6 < cache-control: no-cache
{"value":{"error":"unknown error","message":"unknown error: cannot determine loading status\nfrom unknown error: unexpected command response\n  (Session info: chrome=103.0.5060.134)","stacktrace":"Backtrace:\n\tOrdinal0 [0x00666463+2188387]\n\tOrdinal0 [0x005FE461+1762401]\n\tOrdinal0 [0x00513D78+802168]\n\tOrdinal0 [0x00507210+750096]\n\tOrdinal0 [0x0050675A+747354]\n\tOrdinal0 [0x00505D3F+744767]\n\tOrdinal0 [0x00504C28+740392]\n\tOrdinal0 [0x00505228+741928]\n\tOrdinal0 [0x0050F153+782675]\n\tOrdinal0 [0x00519FBB+827323]\n\tOrdinal0 [0x0051D310+840464]\n\tOrdinal0 [0x005054F6+742646]\n\tOrdinal0 [0x00519BF3+826355]\n\tOrdinal0 [0x0056CF6D+1167213]\n\tOrdinal0 [0x0055C5F6+1099254]\n\tOrdinal0 [0x00536BE0+945120]\n\tOrdinal0 [0x00537AD6+948950]\n\tGetHandleVerifier [0x009071F2+2712546]\n\tGetHandleVerifier [0x008F886D+2652765]\n\tGetHandleVerifier [0x006F002A+520730]\n\tGetHandleVerifier [0x006EEE06+516086]\n\tOrdinal0 [0x0060468B+1787531]\n\tOrdinal0 [0x00608E88+1805960]\n\tOrdinal0 [0x00608F75+1806197]\n\tOrdinal0 [0x00611DF1+1842673]\n\tBaseThreadInitThunk [0x7796FA29+25]\n\tRtlGetAppContainerNamedObjectPath [0x77BA7A7E+286]\n\tRtlGetAppContainerNamedObjectPath [0x77BA7A4E+238]\n"}}

00:13:24.834 [ForkJoinPool-1-worker-3] WARN  com.intuit.karate - http response code: 500, response: {"value":{"stacktrace":"Backtrace:\n\tOrdinal0 [0x00666463+2188387]\n\tOrdinal0 [0x005FE461+1762401]\n\tOrdinal0 [0x00513D78+802168]\n\tOrdinal0 [0x00507210+750096]\n\tOrdinal0 [0x0050675A+747354]\n\tOrdinal0 [0x00505D3F+744767]\n\tOrdinal0 [0x00504C28+740392]\n\tOrdinal0 [0x00505228+741928]\n\tOrdinal0 [0x0050F153+782675]\n\tOrdinal0 [0x00519FBB+827323]\n\tOrdinal0 [0x0051D310+840464]\n\tOrdinal0 [0x005054F6+742646]\n\tOrdinal0 [0x00519BF3+826355]\n\tOrdinal0 [0x0056CF6D+1167213]\n\tOrdinal0 [0x0055C5F6+1099254]\n\tOrdinal0 [0x00536BE0+945120]\n\tOrdinal0 [0x00537AD6+948950]\n\tGetHandleVerifier [0x009071F2+2712546]\n\tGetHandleVerifier [0x008F886D+2652765]\n\tGetHandleVerifier [0x006F002A+520730]\n\tGetHandleVerifier [0x006EEE06+516086]\n\tOrdinal0 [0x0060468B+1787531]\n\tOrdinal0 [0x00608E88+1805960]\n\tOrdinal0 [0x00608F75+1806197]\n\tOrdinal0 [0x00611DF1+1842673]\n\tBaseThreadInitThunk [0x7796FA29+25]\n\tRtlGetAppContainerNamedObjectPath [0x77BA7A7E+286]\n\tRtlGetAppContainerNamedObjectPath [0x77BA7A4E+238]\n","error":"unknown error","message":"unknown error: cannot determine loading status\nfrom unknown error: unexpected command response\n  (Session info: chrome=103.0.5060.134)"}}, request: [method: POST, responseTime: 4113.4558, body: {"script":"return document.evaluate(\"//a[contains(normalize-space(text()),'Applicant')]\", document, null, 9, null).singleNodeValue.click()","args":[]}]
00:13:24.856 [ForkJoinPool-1-worker-3] DEBUG com.intuit.karate - request:
7 > GET http://localhost:22262/session/0fe75e5a670d3c74994221d2110c3d27/screenshot
7 > Accept-Encoding: gzip,deflate
7 > Connection: Keep-Alive
7 > Host: localhost:22262
7 > User-Agent: Apache-HttpClient/4.5.12 (Java/11.0.4)

00:13:36.404 [ForkJoinPool-1-worker-3] DEBUG com.intuit.karate - response time in milliseconds: 11541.76
7 < 200
7 < Content-Length: 456064
7 < Content-Type: application/json; charset=utf-8
7 < cache-control: no-cache
{"value":"iVBORw0KGgoAAAANSUhEUgAABVcAAAI+CAYAAAC4+zqVAAAAAXNSR0IArs4c6QAAIABJREFUeJzsvXeUVcWeL/6pffI53UDT0DShyUEJIqCikkyooGJWjNfszNw4d96dmffWpHdn5v7Cmvdb682b4Fz1XsM1oiKYA6CgoohKUhCa0EBHmqbpcPLZ9ftjp6raVfvs030auHfmu1b32bvqW/lb31RhEz3XSyEDeag/oP3Poo9FDkw+XpkT+583iiyEMHHEA0/2zjyK1aNiOkq4WMojMz9UPXaUer9LgKsFZcP7N1revf1fAAAgfB/zFMCDZoWL5CXpaCJJXyxNuaHP1FNiQup6KFM9/JQpgG7+Esn8NJ6J8F68gL7Wn5D+DrKTns+KwDtrNp0qD3Wa4rjF4MznPET5IgHftHAqJfkpgFKFvMgIijEGO6qP/VaMSAlh9AbC1cRrbnrlWqymxJT3upiPGU5V+gB1cyqvUrnWKOSPn0DiEfdf8PsDv7ecR1JxFUvwaqNbD+9jdRyTA+yTcnrY+BJbxSsB4Mm/RNvE3T5Wj5ELKGraKaqu4HiRh51C4d0m4qqgqGkp0vQDysOuFLmUlDlLMHK7053En71aNLM/RJ7tVymXRvujZzaOSnHZd9aB4IOp9NlY6GM6O33xOeen7P5Ug0jaros4irSU9p+YzwQZKOsDbyie4ExolwXJfL7seRI921N+5yokDj5/icpVfH+K9hnBgM+mio4EWThRcgSieOZBnPRiGpHpunym3AuL58OZ6sn4XbVQ1LBIGT5w/gtMUOkuHp3oxzlDSue0ZYUBK51T7B1gm6ueX/0s2ke4p5vCjwO4TPy1L85VP2l4HC+naH94p1CmP7RSkU4r+GrTfwbHqq+qF3cKUojKpQ9Hoh+DRQXiPFDyYcsA9udg7YtzlYgGm/3ioRso+8GLg0nK7qf8UbKcM38K/+GDz+lxZnIfkYCKC1/VUrfaQehRfIly3M888JKQnIz1Jfvljlb/Oovc8WM9ypLREm0VP/xZ64Nn25+VVjxt/0GeG/VSDop52iGMvw98o0w/C+Eltv5U8fB+MKA+6VUKPUNlW3vKXg4Yy4W1c/qjp/iGvtv7XkhK/UBRsiYilgh+/eN+VEU1KOZtqdn8nsCZ0q7UgDhXM91lbx91PfhMN6A97eXWc0N/q0LEN1Emecg1UnRLq3wC6rx7wVuZEVZ+qQSJ+jCs7BrJwqS1lAD1y/jOlKl4hgJjdBbte9dOBifcT9pSFqLPFKD2PxWC3GgqjercneDHceoVp+KntrokdQrrPhe4Ts2gqRynfpRtbpcqH2WHchhy286Vb/HQYpFnLsF7Olg9jFQp4kDDABVDPd7UUX4MGgl+UeZSOhi07knMDo7gYNXAG7UcvgAlOVZVTgzpM2VK1B3nr7Q0Ko1j22OHEYazqeSYCs7cKfufD/7A1LmS5DyFUj4XYyWiVuIl5z39qsIkcstWZ8YSBsEtUinkGrza1ahapJbpOlKnKqUcT5L3sXoRjI3xYgmyOCm+pCi5TaMoub9zoc+eIx8L0kXDJfatO6FUHrny+YMG0REqx7LkroKqvQ15G3SAEp5XuPQWhU/kFDhc/SyQitRQis3pi5T9gB9dWTUErPojy7YMu1pPKZSVLBS+pdMEKb3826ZIIdNVtG193ajmGP8+K8M8l7PDS9lFK/KfkuohUfSl5o2IZ29915gaEAbdelarSjy7FYQaq61RnqFSgXv4cqgWY75MtHgFAJHgcOGSzH7PWNCZARbJiEPloYRJdSWPye/Tb1U8zhP6mNBr7haTlNaTRPj1ly8VSy91qjIvsnjx16sg7/L7PtP6dlWA310xrPHHPEse/DtZeexygq9c/9CYGpU+ngYooXRhwjiszp0Hb88oZ6l6JaQUEIiViOEyYjYdrFYM6+5QGrUeYOkBjrxmzDTZbhmpTqCbPFTdX15XBMlsbr8yp8/Xf/yhzcsSoBjFnuYDK/2GU119L1agivOqo5jGd3uImqxFJ4Rja4i581eRyO0aP05W5oojl93C/bP1L84isdtOJaeePXgUW4aihr5OJ8CfDSNYYEq8YqF9As6QVuTr6YwV0njuVmWNWW+HrC2b/Gw59A48w8G/fcyHe+kVRd6tWWXKW3EuGf2oMzxE0DFUCxRlgGIjaFWlJJIstQ6lJuiT/cSAxFfnUoV+H6AE+VQUyjCVB6r70gPhXNXTXf5ciCW2qi+dUM4FE3lWMqej37Q+QSFfeMcBZXAczSeTySKVzmLQ0BE42dGGeCyMaCQMxwlB7FRsIWxunA+UrRc1mKsVLjt641oh9jhqo7wCoMggyuZXMaVdsb5WUhmnEgaCAfS3TcoT12xlNWZcOQerujL+HEml9kh/D3D0kZdw6weKRYYyUpdKlVLqXmKc+SKKBSUPkMIAORg97t9SH/eVE6n66L9g5KmOQ4s7X4u/nFY4Q6vFwSk5TaYuvXxJfDlKPfD8Ol1LAcVuVeIRx76r6N2vk1XpWFUZeEK4g2c5rC2nB6upuEr1rFORDbySBOI8+n2zav4LygmeS/Qy0pChU0WcH9JicIru2pQEKNlMMfBotr1Wowh3v/CLl/KFTC8nq2CrsOHCi8tGMRNT1oHKeJlLOWXnKw5ezlIxH+OnuNYq8FWPXPuwHOYvtdJR6rx4XR2gvhZAwaA9lRkfhoSyKeVWjMokH/xmo3Tki5OeM0okGenKhV9n45Th1eO/16Cgl1IVOxVPLAY+naVew1+qL57zWXjVV+XaIKTke+H6qyefUVqL6B/qb0Z9hX5/88MN6QEwaIie6ix7rtIMvWScD5yy1QOEE9ol6kWe4MkgTM7W05sCQBEKBhEKBQEC5LI5ZDI5kEAQ0WgYJH8UJDwa6XQBhXwOoVAA0UgEAS2Igp5HJptDoaCjIhGHFghK62nzPOoOV/Fsm+maCFInjWV4+bhf1Wm/aiSYZ2V2pRGFdAzKtf2+BAOtnKRccu1VgkfMS95ZTrBmNtlDJwKYbum/T9S7IJ9QtO9lCArFw4Xqusm8SE9LoktyqjLzlwqBbLgzauxxOXndys3wS72HraTdquxOVYF4CYfHVUian58NGH2jOVWa8vX0aXW4luSs94/VL+hLEUqZxc93m58Vdajy81CpcfhU3KhsR5jEq+jpZO2Hg5VQyuwqsxJQ+b1s4m5VZucLvwuGvevN9cCXz+UPiTzhrwPwM2VZ3csTztBFjDMSziiLzx8U1wnYOaS0rr3jSqyHwEakyG5bxfVJOQbcmrZnrZjrNfjNG4q5ZeK4nY4yXiT++tB7GB1M6i+y+8niu1QI519KvU+y2M7VYs5WpT3DMWBZnVQO7D5AqXqMBF99R6pc5vjB8XTY+nGynmLoN4sr2Z51wtkTNMU/FEk52esQP4GKsVjYSlamqGFRRMnYFR9OPhOVw1RaV5WJRaDU9VjbVgmyXafqnBR97AHUB47fvIomPtUTaqC+SuJAX05iFYNM2XMESCF1on9TzK+P7RQOssk6FOHmc5HmefhfXODyPUkGn4Iil82CkiCMHVcUGiGglIKCoKDnoOndIIVGJE98idjgmdC1MaCBoQiFYgComS+BTil0XYcGimg0Ak3T+DZL7EDeXqRw7mNhlRTK/rgcqp7PXkB5FUuqmAhZla6q/ucF7j46IU7mUHJ/OZYfE0rAX1AhaJXKo5y+PLp9QvAEtR6jyJd6vhrXFYlhxKsgbyjG+jx3skj0I5ezlcrzUe7WKcFZxuvEpY9TMccru3Ofv2uaL13uZCVOOlkVXR5ZwRT0o9OXHnFaoSQnrMqolyEONAxQEcYcKm7QAHB2WcqcgJzB45VeTFdCwxQ7Ubl31U7WIg5Wv7WwZQQA6XF/ZreqqB+4nKrsOTjXSq1K4FM3DVuomgQdkmluVEaKKw8oEc7Mqa+G3wM1qYhf6xRCeQdX7TSVBCvksgu3mP7CgihS5SiSxQpxoYdBsB9drlX7jZq2iqQkV9vYDSAUPHvgWTK1AyjXhxS2s1Wl2/ThRJ1otxTDZ20YecvLBWJb3J4iKU+0I0W5ImTJOUWLOFElBoaLKqROVmkPer7+XoDaGCkaztKP4VSVee2sI/+uGQPeoUptSSpb3DVCdHDGifK0XnHwO1SeeF7OWZUjVTYv+1sZlXkr5ds8TyNK/iMPF6sw8K7JEqFMspgy/8uTl7vv+pN7Viv7zjAEy3K+T8YD/CD5iJJG+6qyfBqYZoDUV1LqjlYZLoHJGJlVYUopdEpR0IHEoAoEAkHk8znksjkQAJFIGBrRkettQU/HFiQ7PgfyHaiouRKRyjGAlkAmnQalFIFgAJFQGJTqSPb2oFDQJU4Jvl72r/1AbIcqy6gdp6rDRaTHbajEbcPgyVaARYVKJGVxx76MzZcsawfKoX8GHTFU+fwsB6mMqdvVJ3ycdcm4JUQsnYhSQciVvfl9z9ArpXMxvEAHbJ8QCNcVuelY5gsoVraZgxuROB3IDgNl8L0MK2txRIrjEv7WvO4bX3Phu2SFSvF2HDvulXc+jWgQWThGcqeH7HyMROYjNeJAbVOQRbMHzq6chW/iiHQgA6Fu6p4sUdT7Zk2l8TCO1EqVq/3AUiUZME5Zsg4gKOHS9MJOES65KE2ZN0odxVt19MxLz2IZLSQjLsRbYXZ5hBi8jmPYxpxhFyU8eSVXVVv480jiLlbBqcq1nwIOYzV/CJXrDgyO82jiUaZyzKY9alaam+aKDKmoHvWHKAdE/p0C+H2s82mB8nWU57VjVE6tUpYjYHlfZ8Zr1o6mb72LD2LBtiTldECAglBi6kjE1OHN+nA77k2njqKSojbPTifuHlXF5g/ZKTtq/7IFySwIeNZLZbewXcVrEmrgxYD8PkuZU7pvILhkbNmgKJFT6GXlu3VgI5R1mHIDYcgZm8+zeTi0QBkcrgxOP2PrKdbx1ED/i1Xl4K0YGTTIcwIp7YonamynKrVmramPUF5csXNC2PkqBa+NEQLJOexD3XtK0WnJZ0WfWA9sen4TBT/XVVVw+yyUVZWCgh07eVMFnpCG53k8lEW9OEUnFh0o7hIeiLLPdJXGw7na96pLUyqLUU/gvtfAe31DsomeD/coWDYZeCeVs1pkGRyFfAE6gFjFIAQCQRBCEAqFEQqFnXRUBxAAaAGgGVA9BWghkEAMmhZAPJEQSg6gonIQkj1doFRHMBgAIY5ixSox7HE/RwlhFRmYdVUpMXAxYKUBBoniYQlg5kU83KRc8WFxpCV5gahxlQHOMONKpbTZxr7E727vXBXHlElv6UTEfjdjdYVi2ed+6Z8D3DO13SAqDwdAzM7QARCVwqBKW6RuVCblbUVTkqXgXGGrIxXG9rx1V9bBVwxMqfNNqmixypoQQ9kkhDPSHBzHwILL0co6YR3KtO+DJMSkT2oaE1bfMU5WW2mjcO64YPJiSxL0ehVIaV9oly/wWV4JiL5T+q9p37XPAWORvjKm0mfXdGQ0d5cpY00q6kIGoc6nIQgrKEWhZ0/CIpXm0hI5fxYcp9wEo9RwcPhwsAqtdNOGQq5TyTUAdtkA7F0w1o4brivNtKxOQfkj/nxnmOLE7gchmmkIJYBm8VSNyYrROSibzPd861v0Hzb0T1aroF9dWvbx8NlG2WRiQJTT7kepRLf1EY7Mi/BVPoxXYigzD+x8GZXAmmes5UCpIUUJNwmNeUyopdfYmiF3T79aEWRdjA4O2wvOqTqLIzMLSLBYiMNEeKcqGy7pADC8zVUzpw5cOMuvmP+eDlahv2X5iuWqsfwQt2THlcR5yg6lkzXjxFTcY2DpsMS0I40wwjTeHCdGL3MrVhadWHmK1WXSgk9zKqH/rMQrBypFkZ124VzxlImTyF9nfhh9xukmZhxVpAUhgNeHfPqy8c4jCUcWQoT7NKWbZimYj3RKFqLdNqmgw8hw/IDIU+xwN68zFpZKzIepX3lAXlBfZ5S/enljeVuP5YEzTTULluUbcX6yUBIc9bHBUJiWRfVfOYJc5Mv97h7zQxJoHKJmnYdWm1LJFHIFHZFYBYLBkLLOhGggwcEIVZyD6tgYFBBCIFwLQoKeaULhGLpOdiAYDGBQZSVfR5Mx63CcbcYfZRQWq9ZsGMu0hbZT6vExK6b9kvS8DaUYJSr7EqmVvXrgvUmIje3nxvszbQYDrsazehN7lIEzPFkdSNAuOQWSMDuI2DJEp22f+kWiiPdTp6KyF0+JRvn2KjOT5+PZbIU0507LKpKJ79ROaIZJ0tsqFidbrfnIC/1SWTahTGOknnXR/0pd+pzrXjfi1I2/29dKSwQ/koNk2Q/GNXiOssg5WSnbZToI1azGgO8hQYNTgNqeVnOsPmSmQKfsS0nQb5ZVIt1I5cYpB3elbX7nMmgYWqCuByEfY3JZlMbNM8rguDL0AstYpWyIfSSTlbecE7UEB6tqFwrP7yj/awdTuCaz1NGq83yGcbQyWgEAyrsEXEzX+doxW21b5ljTnUlBwHQfhW2FCd3KYEvg1NvzHnBmKRr2+J1Z1XKgbKeUOKnnbq6Mb/vsEzea2aseeYlpLG1d9yyTuB45HYey+h0RTjI5M5VYiop9lMm0c1yVcgqhnCC3EDWhHTw34MiKGvLYsUeoaaNYvMXhDWwuVJKZ+qOkXAKJs0eon4AnqCpOH7tWmIk8fzupehC5NJ5XKzH2DMcsTb2KqSbXItbDztQVIp5FcSyRUMrFwbX4TXjV3qYJ81fRsVS6CP57CH4WU+1HyeTngtx9wS+AWjvFnYTExqFOOIXbmWrb+4r69sW5CqV54IoTSU5zHh3yYciJjSMScnVJdrfw95L+Ljz5iwVGDakYr9hs5gpTdW2fZcnAw5k+I1W+vHLC2rVrsWLFCl+4JN9zrN99Jt2g5TOtQZwlGKcUkDplAO5+GD/lU/GXuuNKAcveKeTzSGcyKOgU4UgU0VgC4UjE3rWqAr2QQSHXDY3koetAIDQYWjDmWaau68hlM8hk0shmMiCgiMaiCIfC9u4uqz2UZQaUgFoKi9l4B1euoEi3p6nirD5hn1kB4MJ3MNW3X3iUUVS5PsNZQxlsA2kWoj+MSE0GR4CJgpC4n6VlKuvvp9/LYxj5HmHFPHfxIpXOUVKt1PhUcyO4eJJdLx5HbZjI0velf0tNIzpYZQ5XPl9iHSdUpiH2L3+1JBMO8GmEeB7LcegqKueq46kGL8VUmWYgq+slE5VGwqkGn4JbqjFTgQkIM0hl6LCTjgWvnSBKIO5nQgF7fljzwjJ0+XDxvlUiCfMNJe5YJWY8t6NMTANqy363cePg2XLJr5wh/O5XZSs1VRzbR2e4fnAawaWpnQFdVZ4qeM+LcjbTZYR7hIsyXIxw6Sx+gbgdGEYw4fVCW4ZyktOYb4x8ZaSvdIJSM5xnu0a+bJh4qs7oEwPD+iaFFUntKCuefaZcPk6ZpdkprjhFJ1utIBgAe6bEGAeFCK/CeMiy8rjrm5Ul3DffZGMv0b3U5YhtYeQeB+W/C7EU8J5fPmS90mktk49iFCNXAZfs5cKEeCcjalfVwbQmCHXPlTKAuJRi1USpbYvk53pwv7pUGgVplz7HxBQSTJYPK4074srLE19ZfhG80yqLy1N42eVsHyAfDhfFWbt2rf3sx8FK8j2t1LhLx10t0pfVYIrS/VyicmGl10UEWcYUlGhCSJHiPWwxWVrfA0aAQqGATDaHQDAMQEM0HkckEjU+OkXldg6l1PyDaRyZE5Pq5jcsiPwjWSbHIgCyGcPBSqnhbI3HYggGg3b9KVMWr8Q4ebm+vikYSfYoUO+vGBLm2ewWNQ4XT1yOv5IoUEJ4ctHc9+k8ICsjfnSmUrNzdzoXJxNgTjoq142YAAKnu6V1O8X+KemIFmFEHP27MiEuZEbnUYNPf53XR6xkehY/h5l4gZeJdXR95KoP968S5j9PL14eDdahaTmHJLl6xXERRPAX8VzDSsA7ZnnqdaJY/mPtlFDX/3SApDuK45e7yio5yYWfTu3OQ5Ar0Pg0KqObyiebLJxA7VD1NOpVX2ciTh3ND1ix84AQ4uxoZcI5g5gQ9Mm52gfHKnt3m41vVV9mDAquI5khJDWuOPZD+TCpDJPgUQAa4avhk1+fHjjFc+u0Gmr+of/VLDa4yk929gm8dil52Rsy45mCD/SzcCrX4Rg+A0ZaCpOJ/5I7vxjKOdi4tE4a3dIRqBPOcVTm5Bxnk1D3Pc6U/VYE0zmUsmFmuM16BJ7GvVC5fSAZMJm9orJz+BHhbZpS2QqnexVHdL/IZAUEunHJH+GZmL4Ai3UyDNrOnWu8pCfsR1bfEtvF4rNjcHocrGoeUB6nKmE/+CCgcediTFpnad4IF545utUdFE5noez0MOvhls6lgoxCPbmoJIFrnijlv7pMlW0rAxlVuVxOIlBZtDkLFGojAZFTjJS3q0EZf9rltrwC/a1W+ZqlyskhkHwk4pkD61i1oJiDleS7W8o7NH4dsl52R3+KVzzz7+5p70rnl/AF/0K+UEAul0ckPgixeAKBQACU6qB6Brl0O4LRYdC0KPfBF13XGUMmDz3fDRJIACRkXBdACDRN4+6k0Qs55LMnoAXCCAQTIFrY2MWay6KnqxPxWBTBYNBm0cZdLLAZq620mBfHc7tVbSTKMAtTgaCCOa0wIKVMkMrUK0DjM+Qe+2P7DJR95KGuDQhwYtqrUcRD+DAvxuEuXggRwLkCAP5sc34XoEelBhj6sjOTXdyVjiAbXoYhVo2bbKOsyItYfqQzz5ZKLxPo/I51VqkuBv77knVqsulUu1VVjlRn5wx4orSzJgwuTFzRKSoYfhJDj8tZYVt4KvKndcuWfFwGdNeqBb6Vbx/9cyq6UCFPbJPOtboqzDzXhGInk6hd87s2GaveVS3R6HZycLx/rgWLog5WE190rgL9Ig6vqwAMfcJxrDpOVYGpSh3T3hqaKJM4PCKLY96Z+wHZOA61qHX2X9B38Jrc8s5WLs70iU+Ua0AdGVCuxXT5l6atMEGjlBrwVpxf7dNpA6un8fOGuMKJEOda9CRquW8yIrNekkkKgUUyYRZPkdkoXH9Qh2ZkTlUq2C02uHb1uUHp6hPkiaghEAHHyxXo4U70hqKIKp6nMRqiMyZUxQgZA4DTvSjMhjG5ceMvkVusTsg9aGYdOCvEu02nEdQUUwqTYmWp1S6Du8g+pGbTMiDXQ8DSPn9VH3ttAGvL89XxqLvHxikpSIZJZXsWG1HXQqksDyKJ57w7pZfrAlFFVESzGxBZPsWOsPDtN2m+zCdNXODnezR+4VRbMKfTYmJB8VlHGwrRqDKtzLFqgZeDleS7m/vefl8p3Q1x6dgl51kc3VuFt4Dw9oNHOSolixOklhzSKVKZLAZVDUcoHIKe70Uu3YTeYx8jMWwJQvE6aIEoAA26rkPXdcN5SrPIZ1qR6dqOUGIKQrE6kEACurkzJhAImPnnkEu3INXxBYKRakQqpiIQqUGhAPR0n0QiFgXR+C9GOhtKjAe3EmPhUVs5sZQbML+WEsSGuUAI58Qsu8rL3Umks13oCSqcM0MUnz6w2s9+oIAS+S5hmd1t34FJmDETBZlorMrCT+FAFHNh8MiMKWPe7WvNa874kRpCRMogqIDiq6a2guuO5fgW88Vce86K+EK9rR82P2d+u9V+P+yWU5GVbZQ4d8DSGfGMU+8+teiQuHCNHXpuoemk10yallead8Kw+TCGqTRlGaDfjlqJ4eJ6KQPIDFUnsmiw71Yqd3r0BwQ5JBX2lMOTGTREDGMMfGc3iOUosD7V6L8Nhvlr4quO9QunV7wcrIRJ0xfol2PVY7erld7679TOrV2xLID34VBHJslkEaECm3JbWBx7EYfp9J5CPbNBSdKlzFen08syy6WZ+NMi1eUXT08Jde7w9gGqFhvzyeEnMj2ADZDJejUY8tE1l1w4rIuMiFHiBDSwXMoh42SznaZq94eonxCLjVhhguPUuoOVvXeV373qpHEKZPm6vKeU349gWiM+c78C6+JsHVgtlZWh/raEWsVSxLiCJbU2tu0rUMSWMY+Wk5RDERkvQz2iQaBw4lKlF00FA21UlEvn8MpW/GIuK4AkMpN7ZueDM/mNBQnruxiMTLbevZyqqueBACKfSzI92JtfQSBHR5fwPEkJOelyUMy+kwVKjv8DQtcKSYnE8BNxvMCXzVbG4Sx9gXGAaamk0rxinXEoxOTXb3o5Vi1QOVhJvqtJsECK1Kc/oDNM1asMn+XL0FRXJto7N8X0VK1klaoysrOXUh0FLYJgIAea2oOetveQ7D6E+OCpSAy7DNHB50ILViCfLyAYDEDTCHLpZqRPfI1s15fQYpOQqF6IcGICKKXIF3RoxDhiku3dh972j9Hb/gWC4SjiQxcgMuQiBCKjkcv0IBwKg1NgOKcS61ilTB842o2hDpjP7G5Uan0ci1FajAKcPhD7hUvP9BXc4eBqLYZ79PtphVPLSAAU7QyXEBMCJKqU3dminswKL6nOVqxuA7i1jlXWuSKpWihaM4EA9pE0uTNVCBd1FBm+V1OFOKqI4xyoTPmcMULFZ82FY70oP9bHMce+zS71DjHGtcHtgJGEC+Xz4U4aB896twxH1TEz0Rnlow0Ak5cm4A0Q9EsLIpIn8aXvoLz65Yx3qvJ5yZ2q1oszmZy57oTb94SbQYY9RPlJyN5dDud+Uf9AzAUxUw77cLBSQgx8Ys0FSOdRqfy3lKsAZI5VSnlDz+VU5Rgqy8F5bm6RhXHKgjpySyHL3PJLvM+ZByLOuzNXwRh4KNu082fI8Jh9YRoq8Ofs9DDnfYYXi/MqT95emZx341G3r8SzZFb2MiGSqrvmDaPgibLYTsPuThQVR07Ll50UlG/+oFYbGV3NsjFsVkztUNjXqVn5SvkOuDBp2yUbQpjK2sDeJ8mxIuoOc+FIS7fydeuEbnzJJf2AZIA9Slc6WSUMln1ntwvKd2ZwaYksrVAnKubja0oNBEMeABvOlSV7/J8ISDzNOkHMDGDlpo1OnZlFnXkCaugQ0o9XgdGHRDtjJqSCAAAgAElEQVRe/uDVKA786qAuaihiV/I4lIsnUhx5+cUve3EnknaHigf7uWdVmVYa7RHoHwaAuge0vHLVVyl3AYhjrcfjZSrVgaB6tEsEH+nsyc82THle1n9xLkVEmKCWM5EwuM6vuyCPuSAFO19qTWBjBS+bSkKLRxEMVYIQigCS0LQAAqEESCAKXS+A0CQyXfsBEGOnGgH03DEEouORSx9DPtcN0BzC8YmggQoQLYBAqBLB8BBotAdE1xGMDAVFHOlUCpFQyFAw2MYy9TP6gt+Z6jBlU8ExtRt+1Ri8wiJRVMRwTRAWIis3lBqrxyzVyj8ITVTilAtONZMSQZAvbjBp34omhPnqMoNj7UylYPQea6zETiVM1rJyxQ6WKhUDY6EyahoX4rUIawlYytEzy4+YR8983OB38dfF8hjBanU/hbsrLWew23nsfKVbxbu4uon3rlKqGCL2e7MmcPd2sZ3FGnLMeFiKHkdAxFQMTeeQhQNTYSTEQWfpT3gCJaBEZ+rIyxYrL7uJkjZSsY2s4kvcFFYO4A03n3NDOvn4XmGD+7um4duxKsoYH0lKiCwB5Pmod6vySR0l2Jl5bseqIwepxUhN/saXI2oZXkAAYjhkdWIa2ZSaX/FmBtJS3E3ezc8NynzZm59HpYB755fTHmM++nOsqhy0zn++f5h9u4IuZWITCo3hbZYhZX/E3MyLWP1D7V7hfAdswziWp1Ik/CgYfwhwStooan8DAXJdw11eUaWFCe8fI1VoyWolwKtKfd1dJjZDnEhMuGvRgblr05WRPYlY+e5MGn5287LU/qo8NWaqrfNYvNbE5DeGUFBmIwi3+Czu2mPrKDTbczefvKWchmG927qTMJasE0c1YmLeVIiRHbihrINONp6AW1+zcRm6s06omf1PrAK5sTaTaO72KZUplhuz9edkkRNBTDkna4d62vV1Tg4Q1/GTLdMZ3F2qTAaOw9MJtymfDWNksmPLcAqMLZdt+jSBsPLZVUW2/NL6SpwbRlkQiJyfExw1SIqzZDlTQS5cYa4wiSUVLApU3XRFeFE1WRLv6mLF7tcSqlEU8dSrMX0vsbx1HTjZXgycLx5BUlaJrfQt+3lLX6Jo+C9aiifwKXGuSele2MFaStOpWQinRlCgkM+A0jgC4WqEK2YhFB0NLTIKgdBQEBKErudACz3Idu+GXuiGpmnQaC8CJAmSP4p8TwqUaoAWQyA0FJoWB0gQJJBAKDYB8eFLAAQQitchR0PIZTOIRWKGE4bpA2cyU+H4M8uMTSVHsntV5VQV30GpXOZTloHqTP8TeyXYEiWcHsDkpRLl8hcnjf9x9Ic5IEyqyByXCS8uTtHplky3+oHVbyw6pUIenN5k0oTUQGUz8GoDZZEHFoq65iX6g5uGuR9pelWQp5/MX9WkeYi+Gk49c1fdwaH+8JQFu7B54J03lqLH7hiznDIwlGibthh6oJay5ITx/liHIDlnKRzXiZcjyeVgtSvP1lxsIzMZSgSvXvSax/LM+EHj6+6dW1/tcElO6hiFwHSnOMWqncSgdivw8snEzhee91FOTtpeALM8x9nKluqrsua8MJypOiGCgxUm/ZuOI3MuERimtmYuyCpy5h20XrUQd7NYTLKPjlVbY+A6lO0Xx1FghfL7753utO55p4S5n93iGzKZRpy8XOtGgi3P6hsQ8U4x2Z528CH0+vKN2/LUw39irzvYbbp04fiUfzbvdVfS03yyO86ayyyPcoxry8nC8q2+d4cHU+aUP6sWmjApLCQKUE0It5JRp08sYc+4F22LSGiXFWZxUUtfsfkrHJ5EzXIo4zBy/EnWFQFsW8WynDDXs7tFCjT5KDgLOXarOH1C4QP1BMdxK4uR5MVc/eDU2czFUqTs5Iy8ATNW9nDz8oLoQrgl5kSdSyZnBN0NEgcr74VlHj0769QyZl+l+aAVFy+lgMUP7KnD4bG7shlGwM0L68+ch7pjXztyGLy8ttOq54RXvb1ineEz6cwjjQaDllgKUJ1i5UhExsu8KlQquRTDp9wPEy7jt4R7p+KzV4FFnK4ucjktoC68r9Uqt+pV/hr6g8Df/OXP/64oloqY/fEQSVriieeXmfkpXnbqUDZ4tpjvszJD7bwtGZJKpxEKRxGJVUALVSE2eBYC4REIhKtAtAgAHXq+C9me3aDpepBcA0ihDQFSAGgXkGuDnj8JkBgCsUkIhAeDkIDBRwNxhBOTEEpMQCBSg1yOIp/PIRKOCDWCw4xNxYU6QZxC4zhW3btZOaVPtUoslsdVgu8jsZMJKA4ePoxjx49j8KDBpvDnobmtDU2tragaPBhaCbtyfJiWfYg59aBshyjEJIjE/Mtks9i9rx6fbNmKlvZjiITDSMRjTn8StwOK8K9uXcjXh63cPVnQC/i+/iCyuSwGVSRUCW3IF/LYe6ABH2/+EgePHEUwGEBlRRya5nEcUCjWJf9shUWhuHoQgIwtSv+I8+xKIMuUunmUONXES84dI8bRt1i68MpLWRePCPH+RzEN5/8Df8yZPTLGfsBH/ECCc7KZKcu8BkAvUNTv34eGhgY0NzejubkFzc1N5nMzWpqb0NzSBACorKjkDYZ+tNsvqERkabmaVCOxPYyXgfZ0ePBFKkcTzIcy16cIKOSR+4MRbu04m8viuz27USgUUFlRAUByvJ1aRoPEKLGdrWLeRSYb+2jKPEr4HZf2vNCciWJQhnlNgEUikntWicfdq6lUCr97/nl0dHRg/Pjx7nlM3c3w7VhlV4Q8dsUU9AL2HTiIXDaHykRc7BKuj6zwo80tOHj4CKoGD0YgEDCMMKFLv68/iH/5zfN45c330d3bi5nTJgME2FN/EP/y5PNYtfZ99PT0YsbZk4vOyVQ6g2deXoOOEycxYdzogZ92AwU+p2P9wcOoP3QEjS2taGxpQ2NLG9KZLBKJuH3vPwA0HGnCUy+8jpEjhmPI4EplfoVCAXvrDyGTzWJQZYW0LtlsDt/uqUc2m8fgQRXKerW2H8fQIYMcmS/Kd4VlJh5BLuQLeP2tD7F7735MnTTOQ4dQDLZCiEj5Pscb1BySU6MUKlXxo63uerHpdb2AvfUHkc3mUFmZ4MSLdXosm8vh2z17DV5YmYB1BQ/sXwObazUjuykAEPbYvxOeSqfx3Asvo+NEJ8aNGwvLYefYBKY2w/Ib89eKtuwY49n90V0A2L17N958801MGD8eEY8vQSvvXGVsRXaUXNTA4Ln0ZLGsUsM9FBVHv+SpgzDjI82M21JI3HaW5DoZl2whDq5cH1GU7WqU4vkM4a++ZpoLSZXKCedJzllkZGmNigqWQ+R8mC2PLRsA/LOZRma/u/Qlqc7SNx1O9RE91i4CpWhtb8fWbTuw5ZtthnyoqEA4HFLq6CIJcihFrtjibRIGFMlYUUKEVUWVjai2LxW9qiSX8lxXeSqh1Hop8UuP8ATi4496yIi+QhDUz3W1BFIvpcohwYIYIVGwvdBVS+WllQdG63F2l1JJEu/dbx5cnynH2C0F6AUdoEAgVIlAyFA+gzAVArMfCNGMuFwBpNBjYBANBAUQZEC0EBAMQwsEQaCDUh1aIIJgiL+Al2S6QGkazCd6rObav7ZCYncFhXXfKr9j1ewnQcFx0si0VwnzBtvtLNfh1D376dMtW3CyqwsP3nkXApEwN3QUwI7d32HvgQMYN/pOaJGI7+sKz1RmxEPxWqp2jRiGLfPO609GWkqxYfMXeGvdBmRzOSRiMWSyWbxWeB/jx4zGfbfeiOHVVQCT1ji2YwURcBPHrgstXnUWl4FcLoc3P/gYZ0+ZiNG1w1WJAADbv92Lp1etRW8yhVg0gkJBx9r3PsLw6io8sPIGTBg3Rt1B7qJZPZ4Jce4gLpaHtMmq4hlC5owvWSZW/1KeRzl5edVNB5UoARSO3mHPNpZ3iwRkV4WpgWCcWsf6HX7nLtd1rJ+jH+NFxPMLuXwO7733Hg4ePOCJd/XVyzBq5ChwuyggkKS07D5USkhdSji8SuOO8rF1p65xKR94yGiF7s2n8Muci9TfN5OX48m/xCsGUSSTSbyyejUuvOACjKwdwRj7sIQnnN2plMuu/fhxfPL551g4/0IMqx5aVMfhO81hCuw84ua+Neg6+Gv3mK5TUasxvyiOtbdj46ZNWLxoEYYPN3ht58mT+P7775FMJrFwwQKEQyEnEbWXWM2do9ZdiI78t3QBwjzz8p/afWe8OQzXGpd8Nod3N3yEaRMnYmTNEqfdrB/HTEMJkE5n8PzqN3CkqRkPrLwZc2dNd9pudkBb+3E8/fIajKgZhqVLLsLEcWMAULQd68DTL65BbU01rjTDOeeKYi51nuzCnn0HkUymsfiieU4/DSSU84sUdp4+cCjw0adf4stt37qiwuEQbltxJRbMnwNCCA41NGLfgQYcamjEuDEjlVnmsjm8+b4l52uc6jBNTCVTeHH1u9A0gp89cjeGVVe58vn40y9x4mQXJjx4BwKsM5SdjtYzsf4Ziwhvr9uE88+dibFjRgEA0qkMvt2zDxTAlZcuQEXCcRobleMkNVydp+ArxU77i2DTu4t/EUPf5/As3iC5RsOVK5gUznMul8O7H36EaVMmYtTIGnA7T01IplJYtfotXHTBXIwaOYIpQQe7g5U5O2LzMWfK6uDOpZkRnZ1d+H5vPZLJFBZcNB+hUBjtx49j0yefYcGCi1FdPdTDscpeC2CEp1IprN+wAeeccw5Gjx5tJcS+fftw8OBBtLe3Y9DgwU7XuBxK/Ltq+FTUIBc71Fde1jMfrrKpKYvEOFWp7fihxOgf7v5pO7lcV/CjQtj81XywbhBghl1AlBWiSXDYF1FZ9K7TQIDnVPXFjqnkSXjjInTGaSfsMpUlZ+QhpXAcpkwXUh7RltfUojSF/V7sWgAP16KbzhnZrVLvTnZ14dlXV6P+UAOCgQCi0Sg2f/UNQsEgli5eiCsWXoRgMOAURxwa5OlV0reSMlmS27F7Lxpb2nD5wvkuWS4mde8mFpQu2TOAjV9sBQAsPv98Oemwagd1BbHUUDR9OaCc2Q2A5tLPsk5ljRwI+q+cjEEoUisNJglz9xHQL+ISpKLIpzzmhyS8GNMxUczV2GgsilAo6E5DCKieQSHditSJzUDme2i0FyABJkdivNMMaOYgksc2IFo1H8H4OASC7pX9fCGHbD5rp6VgeCjDTHWzkpahZPxQmzHz9xlRpt8sBIZ9exwrsFphfQDLMWIc1ZC9HJ5PbpQl7VumbA9e6oK+yOrTMyU9QDXdAHBHg+C2zb7auQtvrduAubNm4IallyMRjwGUYs+Bg3h+zVv4t2dfwI/vuwvVgwc5+TJCkggSwO7PYsaEW3uUIMsa5oTtP3QUT69ai/F1o7Dy+qtQM2woAKCxuQ1PvvA6/uW3L+LHD9yB8XWjJNm4lVVbfxBoTqooUwZNEi9LYivJHtq10y1sDoSjcRlvdHFDyhpoZjuEhRV2LvKN0VS6lFkVaj4SMzO+TfZdjy4HK3VKlTwyQUpcOVjOWIJIJIIf/ejHVu1wsqsT//zP/xvz51+Iq666Wp7cy8EqLe7UcgDP0hh+aMx360Xgu+U2SmRi3y7aT//Q4g3rR7QXyIdP1GQVl0Kw8s9mHJaH05oPFKAEvb292LZrF86dNQvDhrqdQt7gJnrXXat2tG7zM/ZqAPV3p50Senp68M22bZg7Zw6GDRsGAKgdMQJ/+9d/DU3TBCODdayyJGbWi1qLsewJF8GxavcPw0ckBhyrY4gy3aJzdhwbm1vQ3tGBUDCIr3bswuzpUxEIBBwfEYDe3hQAYMXSJZgwdow5nhS9yaQRfuUlxg5Utr7Eenbz7ZEjhuHv/+KH0AIawuGgXXepwCjLBBwAvlNKlgSYPKEOP37oDkQjYQBAJpvDqrUfYPXb6zF+7CjUjRqBJRfPxflzpiMWjcJrRyW7oY1wOiVbPeOtvaMTq954Hw/ffbNjXAtNMMhNXZ5zAt8Yz0wuh2927MbE8WMwts5wAicqYviLnzwEnVJEZbtWbLoo4mR1pfMRLggeokMwmRymQ5gnlVNVbVU5MXIeQY21GkqM+6TVyzM8mxJEtoPKRDDH0Vm9q3bEcPzN//gLEI0gFAoDlKKnpwfbd+zA7NnnYOjQoWZW1P61+IrsvtVsNotdu3ahrq4Oo0aNstNcc801uPyyyxCNRgWeJNKdx4hyMlc+sJIu4XBVPWrFOc/2DZoCeTA5MAn48XLGiFj6H9Gt0RUKd/gbq0JQ9sXk8ezOVCqMN9sungbERpvaMNXBOlgpkSWQKRsDqND0G8tnallm5lzhKVKCKMhMVl7qkhwcmqG2XOb1Fcpkzfa3V4vl1C+jfYA68pqV3cwwptMZPPvqahw/0YlH774DZ02eCI1oyOayeO/jTXj3o4+hEeDKJQvYKqgKdNfLniPGrzgLjjS3YE/9QVx68fmec18ZwfAFmXpLKLC/4TAAYNH587jKsma0ePpQfCaUSD9IXCq4mnJa1YvyFH6qy+sLuD9oJQMdKI3JuchNGu5iyn6zKwqOAc3za3X5Kt7iDiaueOIKNkpKJVPYsOlrfLf3iL3Srus6ItEoZpxdhyUXjgDNHQUpnACQd+VtfD+4AKp3Qc82gubb0PJpE05sb0Lm2HFoQdNxq+vQxlSjYs5ZwNCh4GY8ZVQ1S/hSo8HGDzVxxPuMnDwshca+/8kHU1Yybso6AR0FUuxUuYLiKElOe4BUJo0Dh48gn89hfF0dBlXwR9TSacPYioYjONzchJNdXTYepRQdnSdwpKkZVUMGY+zIUSDCETGq62hpP4amtjZUD6nC6JG1CAbcTvO+gz8CV9lthl1o9InmigC6enrw7kcbcc5Z03D7NcsQtI72EYKzJ03Efbdcj8eeewkbv/gSN1x5uWncGzuvW461o6n1GIYNHYKxo2oRtGiOkeY61dHc1o7GFhYvwOMRIJ8r4HBTCzpOnMS4MSNRkWC+0CelI4JsLoc1723AiGHVePjOGxGLRu08R9fW4I/uvRX/+4nn8N5Hn+GhO29EQHMMslQ6jfpDR5DL5TFp3BgMGlQJUEDXKXp7kwgEA4ib+Vml5/N59CbTiEUjCIdCoBTQKUVL2zE0tbahuqoKdSON9llpstkcMtks4vEYjh3vQGNzCyaOG4uKRBzpTAYViTi6e5M42HAE0VgEE8eOMZwZrKOSUhzv6MThxmaEw2FMHD8Wkahj9BXyBSRTKcSiMWTzeRw8dAQAMH5cHcKRqN3V1rzIF/JoampBx4kTGDGiBsOHDwchDnVQEOh6AceOtaO1tRVVVVUYOXIkAsz4cvPUUrQFZYl3sPI0WkQH4sELmcKH00JdcDKVBAEQCodx4MABZLNZTJ06DeFw2OAf6RQOHNiPTCaLsXVjUV1dbTiKqUEPyVQK8VgMuXweBw7sBwBMnDgJsVjUVYuuri4cOHAAoVDIhZNMGnwoFouitbUVjY1HMXLkKNTW1kqPpaZTaaNe2Qzq6upQXT3Mvr4jn88jlUohFouhq6sLhw4dQm1tLUaNGmV+KFZHS0sLmpqaUF09DHV1Y5y5C8MoTaczqKhIoLu7BwcPHkA0GsPEiRMQDoedfjQhlUph/4H9yOXymDhxAiorjUWYQiGP3t4kIuEwIlG+P7KZLNLpFOLxBOco4eW+elxdH1cpAZR3rLKPtjOPOoGWDQJDfgMUkXAEra2taGppwcjaWtQOr4GmEYASpFJJ9PT2Qtd19PT0oKu7G/F43OGxALq6unHgcANCwRAmjh9n8DATcrkc0pkM4vE42js6cLSpCZPGj8egykpjvsfjyOfz2H/oEEAIJk+YgGiMP7UCGLzuwMGDyGQyGDeWoWEAyWQS3T090HUd3T096OrqQjxuHPHOFwrgJJnpOD3Z1YWDBw8iGAxi0vgJjpOCUuiUItnbi0AggGAggCONjThx4gTqRo9GdVWV7bQ0DAiKXC6Hg4cPo7u3B6NGjMCIYcMQ0GwG4h4fOOLAXowxlY8du7/HsKFVOO+cmVj36edo7ziBEcOqbcRkOo3unl5QStHTm0RnVxcSsSjyhQJ67PBedJ7sRjwWRSRsOJWz2Rz2HzqK7t5ejK6twcgRw6EFTD2SUuQLeQQRAGgQlFL0JlMIBgIghGDvgQYEA0FMnTQWgUAAuq6jubUdjc1tGFY9BGNH13JzrzicPoOAK57Z5RQJBbH88ouxa3c99u1vQN3IGhTyBRTyBeiFAjTi0Hs+X8DhxhZ0dApynslPPGFhwdSJ4/B9/SFs3LwVly2cr6wgmzqVTqP+4BHk8nlMtOS8CelMBie7uqHrOnp7U+g82YV4LIpwKIx8Pu/owDYQpNJp7D9k5DdpXB0GDargnKwEBPl8Hkcam9F+/ARGjRxh0IvAw3VdR0vrMTS2tGJYVRXGjrbkK1OeaT0buwGN8Gw2hwOHjqC7txejamswcvhwkIDlmNIN2gsGEQgEcKSxGR2dJzF2zChUDx3CLHAaEyKfz6PRHIuxgs7FawOsI9ZNf8lUCgBBNBox2tTcitGjalE7ogaapkGnOnp7kggGg4jFYowOT5A3ZUQ0GkUoFEa+kEcAAYBSJFMp9Ji8qcfiTbEYAkFjnhV0Ha2trWhpbkEiUYGx48YiFAyBAsik0+jqNsY2mUyiq6vLLCOEXC6HfKEAnfIuxnQ6jYbDh5HP5zG2rg4VFRUcLSXTaRAAkXAYbcfa0drWitqaEagZPgwB2QcuBT5lPXM44FUbucPVtIUIm4+QK1uAbQDxHienXu5FIlFB86OfsRss+Pp6OaVl9TIURPtkBoXCwTqQUJyv9p/zSvQMF4pHKbJ7TShPb5YNbi+2UCtP1uh3OthwtzP2vJ3Ioy5MuNvjIUGHRF9z0asBm7/6GkebW/DoXSsxcVydjRwOhXDt5ZcilU7j061f47zZMzF0iLPrPJVOY3/DEeTzeUwcO4a7PoZSiqTJF4PBAI40mfJn9EgMM/miruvoSaaQTmeQzxfQ1d2DQj6PRDxm06WuO7ZsZUUcE+vGIBxmTvTYdclgf4NhW04cOwaDKg3bslDIoyeZQjaXAwCc7OpGOBQyFyCdfrGek+k0ADg6oTmWvak0goGAfaUJhSFXj7Y0o+NEJ0bW1KB22DDA60o8BajU6nI4couDmn7+0CAI3U+zJBPeN8jTUumLZA1WWazXIIlx7MqrO53q0ngJprJcJ39iy7x8Loevv9mFte98YijiAPIFHYmKONKpBVh04WQEYxNBkQHyWYAmwfeBDiAMEqhCMDoJgehInNz9GQ6/8RF6Dx5BwJz0pKCj4qJZCI2tBUAdxZXy9eOO9nEVNyvv4VhlmbrxI5O4DEM2n60uZx2pjmos9KdVFOU/RMHTio2EQqGA9zduxPrPPoNGjPuD8oUCzps1C7csW27vxln19ttIZwyGevDIYUPhIgS3XXMN6hsa8NXOnXbaKeMn4IHbbkXUvLu2ua0NT736CtqOH0ckHEY2l0P1kCG496abUTdSfRSudPAn+KWKGeH7StRZDjQcRk9vLxbPPx9BLQBOWhNg/JjRuHrxQuhURz6fQygYQGPLMTzx4qtobe9ANBJGJptDRTyGR+68GVMmjIW1P7Kx5Rj+4zkBLxHDo3fdjCkT6uw6NhxtwePPr0Z7Ryci4RCyuTyWLpoPXTdZuoueDNpobG7FkaZW3H3TcsQiERfe8KFDcO0Vi9DY3IZsNodYVEM+X8Bb6zfhvY82Q9OIYQwVCpg/ZxbuuOFqBIMhrP1gAxqONuOnD96NhO2soNi05Wu8s34TfnL/XRg9shZNrW144sVX0dZ+3G5fddUQ3H/bTRg7yhj/7/bV49V3PsCMKZPw2VfbQCnFQytvAQC8+u4HmDvjbGza8hU0jSCdyaIyEccj99yG8XVjAAAnOk/iyRdfQ8ORRiTicRT0AvL5PK658lIsWTAfIASNTc145sXXMHf2THz6xVZQSpHN5hAMBnHrjdfhnFkz7H6rr9+Pl15djWQyiXA4jEwmgzFjRmPlbbdi8ODBoABaW1vw0kur0H78OCKRCLLZLKqqqnDrrbdg1KjRUnpjDwL6ocvSQGaeiM99g1dWrUJvsheFQh719fWoqqrCz372c2iahjfeWINNmzYiGAwiEomgp6cHM2bMxN1334tYNIqjjUfx1FO/wXnnnY9NmzYBoMhkMgiFQrjjjjsxd+48AIaz8+WXX8KWLV8gHk+gUCggn8/hmmuuw6WXXgpCCFategn5fB6xWAxbt36JUCiEdDqN0aPH4OGHH0FVlbHrsZDPY+3aNdgo1GvmzJm4++57EIvGcPToUfz2t7/BOefMxqeffoJ8Po9ly5Zj1KhRaGxswm9+8yTa2toQjUaRyWRQXV2N+++/H2PHjgUAfPfdd3jttdcwZ84cfPLJJ9A0Del0GhUVlXjkkUcwYfx4u13vvvcuPvjgA2iaBkIICoUCFi9ejBUrVkAv6HjmmacRiUTwwAMPIhBwdqesXv0a6vfX48c/+jEGVQ62gj2AjzVkADP+Pp2t6qsAhPyL5PPy6teQTqURCGjYvXcvCAhy+RymTpqMB+++G9FIFC+vWYOvd2wHADz+7LOIRqP44/vuw/i6OmSyWbz0+uv4escOBM3dlZpGsHzpUlxy8cUghOC7vXvx2ltvYfrUqdi81ZjXD9x1F6oGD8Zvnn8e58+Zi02bPwOlFJlsFqFgCHfefhvOmzMHgDE+a996Cx9v2oRgMIhoJILunh7MmjkT9959N2KxGF5atQpbv/oKAPDYr3+NWCyGH/3xH6O2tha/fvxxnDVtGpZffTVAKdKZDF54+WV89fXXCJoODl3XsWzpUlx56eXQNCCTyeDxZ55BbU0NjjQ2oqW1FRTG3ZoXzJmDW1esMJzLuo4Nmzfj7XXroOs64vE4enp7MbKmBg/dcTuqBg/m7EHHUrQG0qIBQ3vo6unBru/34Zyzp2HmtClY/9kX+AdwGGAAACAASURBVG7vfsO5atqSL77+DrbuMI60/9vTLwEAHrnrZnyzaw++3G6E/+tTLwMAHr3nZsyZOQ3rNm3Bmvc+hk51JOIxdPckMbp2OP7k/lsxdMhgZDJZ/PtTq3D2lAm4duki+33Y0CE40NCItvYOY6fn2JXoOHES//Kbl9DWfgKVFXH0JlMYVFGBP/rBzRhXV4q+0A9zo9+WimtQAAC5XB461Q2HNKU40tiCX//uNTxy902YMNbYNdhwtAWPPyfI+cW8nJfr6EZZ0yaNw9SJY/HWh59g4rgx3GkUS5e0XAb5fAFvfcjIeUKQzxcwf+4srLzxaoRDYazb+Dne+mAjAOD5V98CADx09y2YM+ssvLj6bQAE9995EwDDeH1n3Ua8v+FTO79CQceSBRfghuVX2A7y7/bW4+kXXkOPuaiUzmQwfuwYPHTPbRhaZfC59uMd+Lcnn0NbewcqKxLoTSYxqKICD/9gpZwOiKHzbtj0Od54dz1Hi6Nqa/DoD1aiqmoQMtkcHn/6ZdSOGIYjjS1obm0znJAFHRfMm43bb7oGoaCh4x0+2ozfPvcKjnd02rrr5Ysvgq7rCqnqlu/W24uvvoFUOoNAQMN3e+pBiEEP06ZMwqP3341INIK1b7+PhiON+OmfPIR4PGHmSPHJZ5/jnXc/xI/+5BEMq67G408+jWlTp+DqK6/AqldX4+tvtgEAnvzNU4hGo3j44Qcxtq4OR44exXPPvYCOjg4kEglkMhkEAgHcfPPNmDF9Oj759FOsW7cOALBmzRoAwMqVKzF9+nTs3bsX7777Lh5++GFUVlaikM/j448/xqZPPjHuGTXl2OzZs3Hd8uUImbbCG2++iUwmA03TsK++3qSpPCZOmIC7brsNUc5JYrmPCaO5ONfOyajcXixy9bCdpZOWsOPBpJIp+X0E6qoCEX4h9dP2tWT2Zht/DtbyaJd+7auylaHKzBXOOkQJOBcXZX+Y/2y4wnFBmbwII1s53uuyueSOEOcsnLIRdnaWC0SFnslmsHPP95gxdQom1I125aURYNEFhk6dzWZh8fn3PtqE9zdt5uz8+efOwu0rrkIkHEImm8Vjz72CkTXDcKSpBU2tx0Bh8MWL5s7CnddfjZ5kCv/vY0+jo7MLAPC3/9+/Y/L4OvzoB7chGomgobEZT7zwOtpPdKIyEUc6k0UgoOHem67FudOnGf6bfAFvb/gE7zF1Keg6lsw/DzdceRmONLXgX599Aal0BgCwc89ezJs5A/fdcoPZF/zS1ctvvQMA+MFNNzJ9lMWTL7+MaRMm4KrFi0EBNBxtxBMvv4x0Oo14LIaeZBIja2rw4G23oWrQIHiBX6ep196W/sCpdpyWpuXzsG3btn6Xf+655wIAgr74lueWcUA1LPZE9vmJUfb+KxVB8Ma+rDzzmVsBkjM9sVaKFB4lymrncD4Kis7Obhw50oRQyOjqQoEiEgmjqaUTmcIQDBl0LjKFbuj5doD2mAt+mpmBDp2EQEK1CA+ag2B4PDJtH6D3wGGkGlughUIACEhBR2jyaBTSGYeJMl+a41aq4Nx85hztI/YOVpbBio5VQql9zN/OUbkrVewZYpcNi1kzQoI4tTLrUOTYPwW+2rETG7/4AjdeeSUumjsPhBiOrhfeWIuhgz/DlYsX2StS+xsasOKKK/BHd96JXD6P59euwUtvvok5M2bgV7/4BULBILbu3IlX3nkHBw8fwdmTJ6E3mcLza9egMpHAj+65FxUVCSRTKTy7ejV+9/pq/PCee1Hp40NM/QUKgyK8jrlyCh3hda+GxiYMHTIYw4dWwepbADa5BjSCyxfMtwVjd28Sz7z2BuKxGP7hz36I6qrBSGUyeG7123j6lTfw0wfuwPDqKvQkk3hq1RtIxGP41Z+beOkMnn3tbTy16g387EEDr6u7F795cQ2GDKrAf//RD5CIxdDV04vHn38dDY3NmDFtkrJdTa3HEAoGMWZkDdxUZcCFc2dx6bZ8sxPrNm3BbdctxeIL5oIQgp176vH0K2+g+uPBWH75Ipw7/Sx8vXM3GptbMXXiOADG3XC79uzDxLFjUDtiOHp6k3j2tbUYVJHAzx68B5WJCiRTKfx21Wo888rr+OkD9xgfv6HGCmXLsXb83Z/+EEOrhgAAtn27G50nu3C4qRl//4sfIxGPoe14B/79mZfw4cbNuP+Om0AArH1/PXp6evGLHz6IMaNGQtd1vLNuI9Zv3Iyzp0zGiBrjGG86k8HO7/bgp3/0IIYNG4reZBpPP/8yNn66GVOnTEYkGkF7ezteeX0NJo4fhxuuvxbRSBTH2o/j2edfwNvvvItbb70FmXQaq1evQaKiAg/cfz8SFQmkUmmseuUVvPrqa3jg/vuQMHd/i6qtUgWmPjaXcuBW4m2+Z4f7E4x+sOrr9+GSSy7DI4/8EcIhY2fm1998jc2bP8NNN96MixcshEY01O/fhyeffAJbt27BwoWLARjHmHbs2I6f//y/YURNDXqTSTz55ONYv349zj57BmLRKHbu3IkdO3bghz/8CSZPngxd1/H+++9i48aPMGPGTNTUGHcNfvvtLsyadQ7+8R//L0SjMbS1teHxxx/Diy8+jwcfeBjhcBjbt2/HZ5s/w0033YwFCxZC0zTU19fjiScex9Yvt2LhokV2vb777lv86Z/+HHVjjIWM3t4ePPfc71BZWYmf/vRnGFRZid7eJJ56+rd45pln8JOf/NTe2dXZ2YnDh4/gl7/8eyQScbS1teGxxx7DunUf4r777kcgEMCXW7/Ehg0bcPPNN2PBxQsAQvDVV1/hpZdexOjRY3DBBRdgxvQZWL9hPY63t6OmpgYUxjH0/Qf2Y8aMGaisHAQqjJJfjYL/MIMaT543leKUQlXf1+/DlZddhgfuuRcEwFfbvsFLr72GHd9+iwvmzsEPVt6OSy6+GL998QXct3IlxtcZ40ApxTsfrsPuvfvww/sfwOQJ40EpsP6TTXh33TqMGDYM06dNA2DcP9Zy7Bj+9he/wNAhQwBC0HDkCDKZDLbv2oX/9qOfoKZmOHrTKTzx1FNY//HHmHH22YhFY9ixcyc+3bwZt9x4IxYtWAAtEMC++nr8+okn8OXWrVi8aBHu/8EPcOmSJXjyt7/Fg/ffj/Gm4zxt7pqwQKcUb7/7Lnbv3o1HHngAM6dPBy1QfPL5Z1j71luoHjrUduoCwNfbt+PW66/HvNmzQXUd723YgI8+/RQXzJmDyePG4WBjI9776CMsvOACXH3JJQiHgmhtb8evn3se6z75DLcsXwZH5pv6iGjIWeviFDjc2ITeZAqzz56GYUOrMHncWOzY/T0uPu9c0+EH3H/7Dbh0wfl48oXVeOiOGzF+7CgQAHNnTcNlC8/H48+txsN33YgJY40FpENHGvHWuk9wycXzcN3SxQiHg2g5dhz/58mX8N6GzbjjxqsEinHqu23XXty4/BIsvnAuNI2AUuC59z5GPBbFP/3tz5CIR9GbTOPfn34F76z/FA/deYPrqPsZDbZOaOzUWfPux4hGwjh7yngLgfvt6rHkfCX+8sf3IRE35PwTv1uNhqPNmDFtonruUSevyxdfgL0HGvDaW+vwx/fdiph9goNxClCKL7425fyKpVg035Dzu/bU4+mX38DQqsG45opFWL50ERZccC7+6V+fxk3XXYE5s852irT/G1Jtyzc7sH7j57hlxVVYNP88EI3gy2078cIrb2LMqFpceN5stB7rwO9efh1nTZmIO265DpFIBO3tHXjsqRfw3Ko1ePS+OxAKBfHGuxsQi8Xw//zdnyMRj6E3mcJ/PPUC3lu/EQ/cdQtPB6Zi13CkEe98+DEWLzgf1yy9BOFQCC3H2vFvTz6PDz7+FLffsMxO8tW2b3H7jcsxb85MUErx7ocbsWHT57jovNmYNHEcurt78cyLqzFk0CD84scP2WPx29+9isNHmzF92mTXEMjsIRb27N2PZUuX4JH77gIhBF9+vR3Pr3od23Z9iwvPn4tzz5mBr7ftxNHGFkydMhEUBJlsDjt37caECeMwckQNsvmC3fsUwD133YnFixbi6Wd+h3vvuQt1Y+sACqQyGaxd8wYSiQQeeuhBVA0Zgmw2h1dffRUffPABxo8bh8suvRTz5s3Df/zHf2DZsmWYMWOGuTGDkQAmrWzfsQOfbd6MZVdfjfPOO8/Ycb53L1a//jqGDB6MS5YscWyFAweweNEirLztNmiEYMfOnVjz5pv4bs/3mDt7NqOhODaWo624r28QcXgHq9vKseNMG1LcNe0gEdO8tsJV2ll/gaj1Pim2N3C2PZdxKaWcKqDcT8mpuXTqTNgPJlGGmjj1x+t4rbSaxL4v3YUg5sXa9LBG3CnA0xYXqkJY+1KAk93daO84gflzzjHJ2inHQh89YjhWXne17TH4cvtOrP9sC25ZvhSLLpgDAoJv99bjmVffRHXVICy/bBGsXtu641vcseJqXDB7OiileGvDp1j36RZcNPccTBlfh1/94od4a/0n2F1/yHSqGrZAOp3By29+gMqKOH724B2oHjIY2WwOz65+G2s//BiTx9ehIh7Hlu27sO6zLbht+VIsPN+4e/zL7d/i+bXvoK52BOafOwv/9N//DL955XUAwH033+D0jO2H4Wc+JG+sDyaTyWLthx9iyvjxWHnttQiHQmjrOI4nXnwJm7ZswYorrvAkT78coZyzzMNVUbbSy2cdDgxook9L+lcU3IlcX5UtAv293o5jBZQNYepF1Y0qi0iyjQPjN6BpCIWCCIfD9l80GjGO3XV2oe1YB0LhBHQK6DQEigicQywEFCHoNIwCDSMQTiDfm0XmeCcKmSwCsRi0SBhaJIxAJAwtGAS1Pk4muVWfwlI0rKpSGKsojmPV3tlqpWAcq5RxrNo9aCM742yrqtS8Z9Vy4FL+gxhGfmy8ke5oUxP+6bHH8Kv/88/4R/PvH8y/jz//3C4unclgy/ZtmDZpEubPmWsqRgTTp0zBheeeiy93bEfnyS67vaNrazFv5kwQQhAOhTB3xgwEg0EsmDcPoaDhpJ4yfgIS8TgONzWCUmDfoYPo6unBrcuXoyKRACgQj8Zw7WWXoTeVwoHDDcXnTr/+HHpy33qjm398H1vvlKH1zu4uhMNhBDTNFtAUxtH4zu5udHYZfz3JJKiuY+/BBhw73oEbr7zUPpYRi0Rw/dIlKOgFbNm2CwDF9/sb0Ha8AzddfSmqhwwCKEUsGsYNVy1BoVDAF9/sAijFt3v3oyeZxO3XLUUiFgVAMagijhVLFxnXK3jwiBOdXQgENPv4pgXJVNqud2dXN7q6jaO56UwGn321AzOmTsSi8881ju8CmHXWZCw4bzY+/3oHOjtPYtLY0RhePdTc5WTQauux4zja3Io5M85CUNOw7+AhdHX3YOWK5ahMJABQJKJR3LD0MvQmU9h/6LBB5wCikTBuuOpys78cHhMKBrHs0oV2u2uGVWHeOdNxtLkVvb290DSCe25Zgb/8ycOoG2XsPNc0ghlnTUa+UMCx4x12mymluGThRRg+zPhoTjwWxUUXzMPx4ydw/PhxABQ7dnyLUDCIq6+83FYchg2rxoprr8GQIUOQy2Zx8OAhdPd0Y8V11yBRYRwTjMWiuHLpFUgmkzjU0MD1tacSIIBPdi+Aaqdq+QyFcePGYekVS4173kyYO2cufvnLf8SCBYugmVcm1I2pw8iRI3Ho0CEbj1KKyy673HaQJuJxLFywEO3t7Th2rA0A0N7ejkgkjOrqagCApmlYuvQq/NVf/a2dDgAqKytxzTXXIRo1dkvX1NTghhtuwqFDDWhoMMqcO3ce/v6X/4iFCxbZR03HmPU6eOigWSnj59prr8OYMc4O8b179+HkyZNYufIOVFYaTtREIo7rV1yPnp5e7N9fb+OGQiEsW7YMCfOoaE1NDebNm4ejR4+it7cH6XQan3/+Bc45ZzYuvmgBiLlzdc6cOVi2bBmyGWN1fsYMY9f07j17bOpoaDiErq4uzJzJLnxwVVeAqT+UUSnizYbSYOSIEVh88QJ7l8LMs87GqJEj8X19PZu5Czo7T2L7t7tw7dKlmDJxAggh0DSCxRddhLrRo7F1+3abF0cjEdywbJnhWAWBrXxTisuXLEHNcGNxJRGPY+HFFxt0194OADhvzlz86n/+EosXLLBppW7MGINWDh706BRhVlOKE52d+Gb7dlx04YWYOWOGURON4OIL5mPalKn4dPNmwyFrpp08YQLmzJoFAkAjBBfOnYtoNIqDhw9DBzB+9Gj83Z/9Ga69/HKEQ0FQCtRUD8O40aPRcqwN6UyakUcABftsPRjyLF8o4Iuvt2PUiOEYNWI4CAHmzZqOppZjaGpp4+SdlZg7gcNl6uQ7oW4U/u//8SPcuOwS8z5VoHZ4NSaMHYWmlmNIpzNMX1Euj3OmT8aSi+baMiaTzaCzqxtVgwchHouYYxbFzx5eiUfvuenUOVZZ3bsvfwDqDx7BT//6f+HRP/8VHv3zX+Fnf/O/cLK7B3/6yJ0YOmSQ049Oofh2z3709CZx2/VXIBFn5PyVi005D3grPAbEImHccPUSNLUew/pPvgTVdYFeKVKZDDZv3YHp0yZi4QXnGvMTwMyzJmPB+efii6924ERnF6A7ui1LT5bqZKlPqXQan3+5HbNnnoUF8+eBBAhACOaeMwPLr7wEmUwWoMBX23YiEY/jluuXIRK25OtQXL/8ChxpbEZjcysymSw6u7pQNWQQ4ua1MIl4DD955F48fO/tUscqAIwfOxr/8Fc/x/XLrrBPXdUOH4bxY0ejuaUN6UzGloiTJ47D3NkzoBGCgKbhovPnIBqN4kDDUQDA7u/r0dubxC3XX2Xcrw9gUEUC1151CXdliV0Npm9VMLK2BpcsvNA+wXDOjLMwetRI7Pne4IUTx4/D8OHV2GruRKWgaDt2DEcbm3Du7FnQAgFhDpo/3GYN4zcSDuORRx7Co488gqohQ0ApEAwFMWPmDHR3d+PEiROOjWnmITpWLUhnMvjmm28wefJkzJs3z3aiTp06FXPnzsW27dvRdfKknVfN8OGYf/759hU8U6dORe3/z957B8lxnHmiv6z23eP9wA1mYAgQoAMdSIEiQSNKS6ulaCRRJKXd1e3uvbcv9nbj7r97ERfx4sXFi4u9vbvdlVaiRFL0HjQACYqgSIqiAUB4K/gZmMEMxva07877oyqzvszK6u5xBPZJH2LQVenNl5+rzC/b23HoyGGiF6k6Lif6jmwW+RXP9JRkOblKeaPGYiWGhk9RVqqwa9W3TWVM8ZNuC/d9Of+gkqbJZa2yX6rvTWI8N+XWp1/QNEb9n2v5TJeRGxqqcF+FJ2h1KbzCTMfpOqFx6Yx9ZF73c61gDHc3W2UzWXy+bScuXtKDNVc5dJ4Bl1wk9LldGBkZk+Uv6V6Aqy5ZBsbsU0Jfu/JSxKIRHD7Rp7RPb3M0EsLf/tl38R/+/Hu2LguOcDiIK1ZchNHxJIaGR5DJZPHplztx+cVL8bWrLndORQKrVi7HHWtvQDaX9Zk0fdj9x0+hac7cZHNZjI6Po7WpEeFQAEAJbU2N+Pu/+DPcfcstqq3N549X8Tfd/BXL8uCVjmOTq7u69BWHRlunMwfV+VzVk1TYouRtLD0MUBkms42Zl332sgM3pKTFTBaYJ6e974pDfNMsOj5/6E3ajNlH+fpOnsbWbXuwfNnNAM+DBzrBgz1gLINCcius2FJwqxG8mIfFgEA4gIEdhzB+tBeF8QlY5KIsxhhKxSJKhYKNUPLLCCdzQUmnCFRH2iU7Akmdd/dBkgGmhbkfH7ksWbJq5sZxzggLL6l5ATQ2NODG665DyDmCReP2HDiAsWQSHBzj40mcGx7G1668CpZlKW26qGcRNu/cibHkuL1lngMNtXWIOA70RWflvHC35+4gcBw/eQqRcARHe/vQd/qMbEcqnQbnHP2Dg7O3MkXnudMuSFf1aqSGulwEMfJMI50+ZnM5/OyFV3D4RK+MXrRgHv76Bw/gWN9JdLa1Ojf7cjHhaG6sw/zOdpwZOAdwjqO9JzGnvRXzOlohB44DzQ21mD/HSQeOk2fOoq25CS1N9bQ1mNPeirYWcQFMpVXPlTTPvv4ONu/YK9+bGurwn/7qEWRzeQycG8aNq1fZR5Sd+WEAViztwWdf7sLoWBKN8+uwrKcLO/f/HuPJCdTGEzhw5Bgi4RCWdi8AwHGs7yQikTCOnuhF36nTsq6JlD3/pwcGcYVkzhE01tVB+DbizlfZRDwmL+AS3bAshhIvyXVlWQzhYBBDIyM40Xcaw6Nj2LZrHzKZLEqlAoQmGItG0dHW4o41YBvMYR/dLRZK6Dt1CnM6O9AgLyazcWdRTzd6ursBAH0nTyISjuBEbx9Onz4DgSWpdAqccwwMDCgjr5o7zUK19KXF9Bjvm+oXTg9Ta2F6od6CzaARlob6Ro9PUACIRqJIp1M40XsCI8PD2H9gP/r6etHQ0CDTxGJRdHR0KsVagQDEkWnAVsA2bXofP/nJP+FrX7sBF1+8QvF7KaC9vR319eo6mDdvHmKxKE6dPoUlS5ba7YpGkUqn0HviBIZHhrF/v7dd0WhEuhIQ7Tp+/Jht4Dp6BL29vXK4JlIpgHOcOePSsUQioRh+AYAxC6WSjZtjY2MYHBzADTfcACvg8u9AIICbb77FGWeO5uZmLFzYjT17dmP16tUIhULYtWs3Ojs7MU/c4GzkyOXBS+9MaapTBSlUsydalNnW1oa4c/kfwBwjqe1jUG8Wbcfg8BAy2RzGk0ls3bETDsMBYPtZHR4ZcY692XPdKHCCuaVFo1F0trc7+exdSgHLxTtxQiEajSCdzuBE7wkMjYxg//796O3rQyPBFXVozL0fHBxEPp/HZZdcQowAHAErgBXLl2HDe+8hm8ki4ny0mT93nnJrO7MsMNjyjfgIGw6FkM1mcbq/H4NDQzja24v9hw+jo7XV2yanTgscXO5YtVsxNDKC4ydP46brrrZlA84xf04H4vEotu/dj4Xz5tjptd0wgCNz0HDSfw6OSDiETDaHk2fOYuDcCA4f78Peg0fR6ZwY0Boqi2lvbVLKjUbCuHhpN97c+DH+5cmXsfrKlVi+pNu783KmoGJxU6+vvbUJt9+0WsphqXQGH322Df/PP/4Cf/3od9DTNYeUb/PAk2fOoq1F8Hm37s6OFsLnDW3yBHH0dM3FLTdcg/c+/BwXLVqAxQvnyTgOjtGxpM3nr1vl+O91L/C5+KIefLZ1J0bHxtHYUOcWT3BMqZSL8oZww/WOPOnIPFYggFtvvB4AQ6FUxPG+UwiHw9h38LCT2aYmA4NDyOXzGB4dw8KueVi+dBHe3vgb/PSJ53HtlZdh2ZIezUe3U7+4PMgpSeDiqdP9GDw3hMPHerH/4GF0tLdCEgcGdM3rRDDgXgnrukUogAE4deYsWlua0NzUqNDQzvY2++MsBaOBzQsdba02LRQpBS10XMvFYlFctGQxdu7ei/HkBBI1CRw8eAiRSBhLFi2C7mfXc5pB6BeOxhsIBJAvFHH27ABOnz6NgcFB7HA+ShVLJcVUIvI7D8rz+Pg4hoaGcPXVV4NZloIPixctwo4dOzCWTEq+3NLSglgspuiTNs13MIeJnaWq7mNruaqZmpFfmYa7ZfjzL3Oc2LpjyZapcS77MMhpVc6zGl3e4Fomo/FddQVAQFUiJ1HfLMI0dLvqsnLNsKpnKi8z0VHypuGS3km9iawJvaH0f1a28dz7apgqZkirY6uId+0m3qLGnJ2uX79mFQIBVXK7eEk3Ptu2C6Pj4/JjZtfcDtc1FVS66NsHB4KBAAqFIs4MnEPf6bPoHxzC5p17pbw1Oj6OgaFh3Ki1JRhguPVr1zillJQq5B03etdNwPUH+7cmFsOirgX4zWefY2hkBKtWrMCiBQvsO0GI3u0HMyF1THU1TrfuavNXTjeLdhofCFJ7UtWgYEu1w242sPLKuFEWyt2gSUVoo0blSuPecvW0nmTmMaBEZWxsDLlsFgHLUrIHAgGc6R/ABx98im/edh3q6q+DxTiKxSyK6WMo8EMIBdoRrl0JK1gPxjh4IYHetz/E+JET/o0qaeRY/ohdo847B4TvD7pr1f01G1blkHHVPYCSjrRMpxVMuiookVR2iHhKxOO4ZPlyRMIRBVsYgMGhIYwlkwBsR9C5fB5WwPIwg3AoiEKxiPGJCU3Nqvws3jnsIwzDoyN49+OPPEalSCiMaCQyu0tW9IuJL3netppuY+QknDOgvbkZx/pOIpXJIBoJgwOIhEL4iwfvQ6FYABjw/ief44RjQBwdSzpMSa0xYFmIhMMYHU8ik81hRKZTxyZgBex0Y0lkMiSdYyBQyxPOws3rcE57C9KZLIZHxtFQ615U8b17bsd3/uRmAMD2vQfx7of2ruaJtI0XQcsiDM6GcDCEQrGIseQEAIarLl2Bz7btwrHeU7ioZyF2HziEZYu6bcMkB0bGxjE0PIq3N33sIRPhcAixMvNP6Yd8ptI2gV37DuKZV99GKp1BTSKOhvo6dLS24NSZszKfLuKayFmxkEcmk0Gkrg6M0YM9qgQ0NjaO4ZER/OaD33joXzgcRjTiKoGqybNaoBYnZnokKRnErc6VK5gki/eZHBE8MjKMJ574pWOQjKGurhZdCxaiTvgwotobpZ9aYZwDC+Z34f/8P/4G69a9hrfeegOvvvoyamtrcc8938aVq66SaySRqLHdEhgIUDqVBufA8MiQt11dpF2E5ylyMuwdk0NDQ1i/fr1nXYYjYUSjUe1rrUH4cyCVSiGfzyvCqjqQdsZAIIBVq67ASy+9hIGzZ1FbW4sjRw7juuuuQzgSIQJgNfNHP7I4irDrNMyIAQYSWBEqG1jN92sT+4YnjMJEKoV0Jo3ffvG58TKjBXPnGjLaRlTOyFAJGsxgLyCSxQJwbmQYv3jySRw7fhyxaBS1dXXo7uoiuFIl94V6GAAAIABJREFUcCA1kULBuYjB3elnR8cc372jY2Noa2lxMwGQxgxiJOKw3Q489/rr2LV/P0LBIGprarBg7lzHkCzwzp0FQbGEAQIAuLMj8fCxExgdH8f7n3yGDz/bLKpFcmIC+w8dRWpNWhp+PDqKlG28kE7n8NTLb2H7noMIBYOoq02ge8EcZ3emOj7GArSw229cjaaGeqx//xP87Ol14Jyja14HHnvwTh9j7WzA9KWS2kQcV166TMoLAHDNqhX4n4+/iI0ffo4///49iq7OOWw+zyrx+Spa7qS55WtX4/eHT+DFN36Nv/mzBxVanHL4vE2bVOkoFAwSPk8KZIJyetX8VDpj0zpy6aNoDGc2RufzBaTTGZw8dQbr1v/a0/ZEPO64nGG4be0NaGpowIb3P8TjT78EzjkWzJuDRx76NjqloVS0y35Op7P41YvrsGP3fgcXa7BwwVw0NtR76tLpkKT1zs/I2Dgsy5K7LwXzDQQt+XGEBJsLrwAeuZkzXHXFZfh881YcPXYCFy1djN179+OipYtR31AH2wBeUvIqu1bFO+coceC3v/0E727ciGKxiJqaGjQ3N6OzsxPj4+MQC9KzU5WrYRxAJp1GPp+3d/Zr6YOhkH2JaTIpl7ix906k2LBgy9iutsdAjaV+khcAxhT6pqQxVOzXnhJjtlGKcbjulJiklyoQvqEIdAbpTvk6roc5PazC/5M/t4Z/p3TBasYMrJOnh1XlqCKRfxKVJ9Geujq3f15FfPQ3fEy6XUwXKCUYNr9Qy65HLuLGpA11tYhFIzhzdhC42Fwc/RV6PpVBpT4XsvW58eRERd5aCZM459j0u81Y997HKBSLqKtJoK25EfM72zE6rtoc6L0CtPzJ4gzzCdfDrEAA991+OzpaW/HbzVuwdfceMMZw8eJFuO+b30J9TY0p24zDdMqdbpumnn+2RqMyBKs5fqd8XfEQVpq/EgqrBtbpb/pThXnzs5lQyXTa9j7m1y4vlyTPJdClL2Ly+TxKxaLX+BSwMJGcwPYde/Hyq+/h7jvXorOjFVZxDLw4BivUAhZqQjA6B8FoB3LDo+j9YDPObPoU2YEhsEBArZ8x8FIJpaL7dca2map952Q8uBBMuHg2dZkoT7Jc9/iBq7sYMysvDHBunnQH0hZQ/DCQu9iiK0bcPuIUjUSQyWShlghMpNOwLAu18YTstbdRdGy0Z+e3pakRczs68OOHHvIcY/Dp6CyAy4T95BGmIz1Ieg4smNOJ93/3GY729qGxfrnU0xOxKMDsiwlO9vcjFAzCYgytTY04M3gOxWLRLZgz5Ap5JCdSqK+tQTQSRltzI84MiHSQaXN5J11dAtFICG3NDSSdO175Qh7JiTTUOVKhvaUJgYCFPQcPo5tcBBGPRRCP2S42ek/1IxwKwbIs1NcmEI2Ekc5m1TK5gxeMoa4mDqCEtpZGdLS2YOe+g0jEYzjVfxa3rnF8z3KOtqZGzJ/Tgb9++CG5+6gMD4T9dcOlJ66gQm721HIOj4zi5bfew9Kehfjut/8EEaeeY70nsWv/QVJ4BTyGbRitralBLpdDsVSEZdnH/wQdFBcvNDc3Yc6cTjzy8PcRjURQouIMkfK9oreZvvvuWmXum0cJdAcJzPMZRX+aHFQjlnPO8dabbyKZHMff/d1/xLx588EAZLMZ/PRffzKlejs75+Av//Lfg3OO0dERrF//Nl566QU0NjZiUY/t425sbBSZbEYxYGdzORSLRTQ0NNjtestu19//3X/EPMeHZzabwU9/+i9aL73Q2tqKefPm46/+6q8QjcYm6QdXhfr6OkQi9q5IDygf1oCe7kVIJBI4+PuDaGxsRCqVwkUXLdPST5ZWkl0ATFVkZwKqFogleBUGv/wNdXWoq63Fj777XSx0LhHzNkBbYcra8FlrpCWcc7zx1lsYTybxn/7+77HAwZVMNot//kkVOKzx7fr6egRDIeRzeZLG/m9kdAyRSAT1zq24NF5+A6SGEg58+OmnOHTsGP7soYdw8eLFztrneOrVVzE6OubIla4hjnOAMdfjHIMte+byeWzZuRuN9XVY1DVfGfeJVBqHjp3A4RN9uHTZYg3NuKTHUtZTO4ZNn3yBg0dO4K8fuQ+XLF8sp+Dnz71hHyv30FzulktlBwcsi+HaKy7GtVdcjEKxiN6T/Xjixbfxy+ffxN/++LtkF+u/DaBDFotEsGJpNzZv34dUyksT2pobceYslQdsyOcLhM+bKqEVEX4WCuLBe27DP/zrc1j37kdy5yAAKYOk01mNszKk0mlYFkNdTQLKUXGJGxxc2+hRV1tj07ps1m2CZjwIh8Ooq63FiuW1+NH377c/YCpiuEujLMvC1VdehquvvMy+5fnkaTz1wqt48rlX8X/9u0edXayq4Lbp48/w+8PH8Jc/fAgrly2VuPiLZ17B8OhYVQRLUI62lib0nx2054LQmUK+gOREymmvKffUQAxxW1sLOtrbsWvPXiRqEjh1+gxuWft1RwJQ6Zpw/qIYSLktqfT2nsD7mzZh9erVuPWWmxEM2T6Vd+/ejYMHDzoGfTWfMKwqa51z1NTYc5vNZDzDl06lYFkW4omEotdwTu6P4LKlEtdUfYbOokUkLdI80XObyEndRoSX42t+cSWnPlGzTK8bWKudZ5MBVm7TNbSybLkVcKkqRj4T3H7y+llVOapI5J9EVWhVw6optxeX3M1Oml7gdwBQJvHT29VdtGqVPoXS6eE6PTH3vjYRx9z2Nhw4chRrr7sasaj9oYdm3Xng93h94wd45E/vlHQ+41wQRdeV0Odqa+JufQae7N8md+yO9Z3C2x/8DjetvgJ33rxGumX5cs8B7D54GAB3eU4mY5we16ZE4xQPumo6B+yTYiWbfzh0TZ6McuYoHApi7bXXYO211yCXz+PA0WN45Z138dq77+IH996LgOPqZfLYXh1Mq1yur+LJlVbtSfayDTgPYDFHpvdTwvQdnOW3jE8SpkA3veqNtyj/o6k+5J+rbF/bIKIkdkUE9/C9paRxmS9jlm341ItiDCXO0X92EL965nX8etNmHDp8ChNpDivcjkj9SoRiXSjlw5joO4czv92JAz97GaMHjqGUzYNZ2k4iZl9GUSwUoFA7KPKk/a4IsirQXatyJ6tmWBWFuOUayuKiXvK/0EmkmYkreT2lcBv3zE3liMdiaG1uxva9e5HP56TQwzmw68ABJGIxx4edWqby5wknTIoDCzo7cfbcOdslAMmXTE5gz8GD9rFOvUy/OqYMzPCngT8fBgAsWrAAPfPnYf1vPsLg0Ignfuf+gzjWdxpXX7oC4VAI3fPnYHBoGMf6TikF9w8O4cSpfvTMt48E9syfg4GhYRztPQnqxMxNZx8JXjivE+eGR9EndmI6cPTEKQwMDZOGewduTnsLVq1chk2/24rDjj8xCkdOnMS2PQdx2fIlqE3EUROPo6O1GVt27kMuX5BFcw5s23MANYk4WhobAG773r3m8hU4dLwXn23bhaaGBvTMd48fds3tRP/AOfSePg1310UJ48lx7Np/ALlclvSbTMAk5n10PIl0JoNVlyxDLBqWTrCTE/auwXKgMyzGGBZ2zceJvpM4OzCoxH+xeQt+9osnMDExgXlz52BwYBCnnJ3KgppMTCRxYP8B5HM5jZ5qBNVkNNVbxdzE4lFXBBgNK2OYVfL4jsDkmEkum8XwyBC6uhYqPkuz2SySyfFJlcU5R2/vCezYafuaY4yhoaERX/vaGjBmIenstgeAvr6T6CdH8wHg6JHDyOcL6OjoRC6XxfDwsNsuTtuVRCXo6upCf3+/dAkgSNr4+Bh27dqFbDZbJrcKiUQC7e3t2LbtS+SdI+yAfYvrL5/4JV597TWJ6nV1dVi0aDH27NmDLVu2oKenB+3C5cBMyAzTKKMcZhglCKan0Q2f4lFP6KZramxEJBzG9j17FCNAsVTC7v37MTQy4slr71h1dv4p2pddruJeCEAml8PwyAgWdnVhwbx5Mi6XzWJc4Eo1SqAjILQ2NyMei2Hr9m3KTtRcLoude3ajraUVsVgM5IiMotxJIdjhpf2Dg+hobcWiri5pWM3n8kgqOwpV2qmcsHFCz547h1Nnz+JbN92AH9x7Fx6+9y48/O278Mif3oVH77sLbS1N2LX/IIpOZs+HLG0MpD84cJw5ew6dbc1Y0uMawHP5PMbGTeNnUs7cfuTyOWzbfQAnz5wFwBEMWOhe0ImrL1+O8WQKWef245n7m2XQqigUijhxsh91tQmEQl6/nQvn23z+5OmzSjuP9Z705/PGjy5ufHtLI779rRuxefse7D14RKaoicfQ7vB5+jGA8xK27z6ARDyOpqYGb6nSlq+qbAmnvC937EE2n3dQmCGbz+MXz7yMV954F2AMXQvm4sixEzh77pwiV58dOId9Bw6hUCgil8tj+669OHm6HwAQDAawsGserrr8EiSTE8jm8lD5mv3cf3YQHe2tWNKzEMyy17yCi4DKF4nyJqiGCO+aPxdDwyMOLrpw9MRJDJ4bhgqqXGnmseLX/CFUQDgUxtVXXo5Dh4/h8y+2ormpEd0LuyDMInKmDVNP3QKMjIyCc46VK1ZIw6rwC+0WAEmjOMkPtVjE4nG0tLRgz549rkzFAV7i2Ld/P+LxuO1uR+MxfiuMNptuNlLCoYaboETjmZpOycN0fY+pv0q4KYy21ZSXGFCZls9ywsG1eKj5y7xWEVEGpkPnJp+3qhzTJb0++f2LNY+b/Dgp4sudDKpq6E0tqM60xWTaEpiWh6JMwLKw5upV6Dvdjw8/2+zZeZ7JZvHB7zajNhFHZ2uLTedbmrF19z5FBuWcY/veg7Y+19QA7+rR+WT5sJHRMXDOccWKpQiHgjJ8aHhUllrrtGXL7n0o5HOyv/l8Dj9/8XW8/M6vIeQPY32G4bUYw8C5IUykU5Ignjp7FmcGBpUx2bp7D4ZG7baEgiGsXLIEPfPnYzyVki4PyqLlNMQMXjaeV/6bhtxiwj5xnw/9K9+GKvo5C2DJe3FK9mLV/2gn5RU64guhpx+GcFahPybbkd+fA2o5fgZWt5aytF6xRXLHaGp3ntE/ZdGILPr3b1GcUy9RiIiuAsDxlchL2L//EP7H//oFnnr2VWzbeRxD400oBFaD57ow9vtBHH5xPXb+t5/jzMaPwfMFZ9cqBRt57JO1NhOkQoaUQZz2Qnm2v8QK5cpkWJXpNcMqALOhnS4mp8+Mi9HipGx3DJVFIIoQaaGWJ+LDoRC+fs01ONrXi9c2bsTo2DjGkhPY+PFH2LZnD9Zeuxo18XjFhUPVMD3p4q6FWNDZieffehN7D/0eqXQaZwYH8Nxbb+LF9esxOKwLqcYKpv4HgK48Lg18hsTc5xkc4VAQd6z9OgrFIv7b40/i/d99jv7Bc+g704+nXnsTT73+FrrnzcHly5cC4FiycD66583Fc2+8i137DyGdyeJo3yk88bJ9O+PVl10McGBJ93z0zJ+LZ9ZtxM79h5HO5HC09zR++dLbaG6owzWXLQfAsbR7PuZ1tOKJl97Gzn2HMJFKY+e+Q3h5/QfSp5sf0WYAvnXTajTV1+G/P/4CXl6/Cb2n+nHm7Dm8sn4T/vvjL6CuJo6brrvC6WsAt665GoeO9eGFNzdieHQMY8kJvLXpY2zesRe3rbkWNYm4HKfFXfORzxfw6Zc7cFFPl/0l1UHOpT0L0TW3E7967S3sOnAYqVQGp/vP4VevvY3n3tiAgaERKAINXXQebDJNLkdrUz3q62rx8RfbMDA4jEKhiD37D+GVNzc6vswE3RHZBC1SyZf9XMJlKy9GPBbDS6+sQ2/fSWQyWezZux+/fv83aGtrRSIRR093N+bOnYtXX1+H/QdtvB4YGMBrr72OdW+8gaFh9xItk39U8W7L467xlBpNjYZVcfzfiWE+1NOV4ZlarimtW4shxh8i0SjmzJmLw4cPYc+eXSgVCzh7th/PPf+sfTkY12fKzIu50+HtO7bhhReex46dO1AoFjA6NooPfrMJwWAALS0tku4FgwG89vorOHb8KCZSSWzZuhnr3ngdl1xyCebNn4dIJII5c+bIdhVLTruec9oFwPZdx7RW2H9Lly5BV9cCPPPM09izZzdSqQmcPn0aTz/9NJ577lkMDg6iGuAcCIXCWLt2LY4cOYKXX3kZIyMjGBsbw/r167F3714sW3aRMhhXXXkV+nr7sG/fPqxcudL206rziCnTQXjLqgLK4gKjuOgG6bKPjYYM7l4jt1mMMYTDYeTyeWzetg1nBwaQLxRQV1eHNddei08+/xzvbNqE0bFxjI6PY+MHH+DJ55/Hrn375PoBXDIi3WRQBdr45dv2yTp3zhwcOnwYu/bsQbFYRP/Zs3j6ueckrojGhsNh5HI5fL55M870n5X+XmUCAImaGqy5/nps3roVGzZuxFhyHMOjw3hp3Tr09vXhG2vXOpc/OnnI/IiL/dzyOHoWLMCp/n58uXs38oUCRseTeOWdd3DkxAmSigw0ZfPk+cvdexEKBtE9bx6RPez4eCyGZYu6sff3R3Du3LBsEqNl0QmDWseihfPQd/ostuzYi0KxiJGxJJ5f9x4OHetT0utt1OcCYCgWOTZs+hRPv/Iu+geGUSyWcOT4KXy6ZTc62poRj0Zl2pn508DAPyfz5+7y5BifSGHrzn3YvH0PNm/bg8+/3I3Hn1uH3QcO4/IVSxANh8lA2PmXdM/HvM5WPPHi29i19xAmUhns2nsIL79dhs+b+qDBqkuW4bIVS5HOZGWicDiIW9ZcjcPH+vDCG+9heGQMY+MTePvXn2Dz9r249evXojYRA+O2z+BwKITPt+7EqdNn7XLo7dzcdhm09obVOHKsFy+v24CR0TGMJ8ex/t3fYM++g1i2dBE4B6664lJEoxE8/tSLOHqiDxOpNI4dP4nHf/UCXl63Hql0GsViCe++/xGee/kN9A+cQ7FYwtHjffhsy3a0t7Ug7lz2pePQop4unDzVjy3bd6NQKGJ0LIkXX9+Aw8eE72xKqcrDkkVdmNvZjl89/zp27T2IVDqN3fsO4rW3NtpzQXg05buqnuXH+03zZcnXxYu6kS/k8dkXW7BkySLbFQ2E7E/op7MOg6EQ8vk8vvxyGwYGBpDL59DW3oZgMIjPv/gcqYkUcvkcNm/Zgg8//FDWywFYAQuhUAjbt29Hf3+/feGe1rxQKITV116LE7292LBhA8ZGR5FMjuPDjz7E7t27cf111yEhdq7KjO6aUIO5S1skjXEHzpXRywyVDgbd1o0jJz1Nxk/Qd6ZNlctbuCLHlTesco/xlqtlf2WGVQFTERomJysoOaZZrJqsukz+Kcy8f3rjqdfoV7vZSOrmsf+oXcSjJRDSYv9yLF+8ELetWY13PvoE//L0izh07DjODQ/jd1u347/+5Jc41T+Ae2+7CdFIEOFQADdffxUOH+/Di2//GiNjYxhPTmD9B584+tw1qEvEqhoNMWrxaBQn+wewfc9B23jKOTrbWhAKBvHR59uRTKWRyxfw2807sOHDT2X+cCiI266/CoePn8QLb/8ao2PjGE+m8Oam32L3wcNYvqhbpo1GwjjSexL7Dh/F8Jj/Zo0VSxbhzMAgnnr1DRw7eQqbd+7CK++85/JLcCQnJvDWBx/gzfc3YWw8iUKxgF0HDuDA0aPobGlBOBxyP4ZXbeB0/yr9m4k1ZrYTVv4zGU+racXsUYrqIaj7ODMBvZxIYzUwL3ISXvJJMhVgngY4tbnHMBzzov3MJC9XsnqeGaAXbOqvqjyoYo53t6w9bfFwCfFICWMT9p60UIASHAvxeBS9vWfw+C9fw/p3PsQli9txSbwey8+lwHv7kTx1FvmxCQTrorDCFkpZgBe5/WWbc4ABxUIB4VgcdS2q3xGBOPblFGJXiNMjakiFd3et6DmHlkfEcoP3KiKICIMqoDmD4O782OkYaYEsXSlbPFOGxQFc1NOD7911N1599x18sWMHAPuW0Xtvuw1XX3qpp0dlV6G+zDhHOBjEw/fcgxc3bMAvX3lFXl7T2tSEh++5B3Na25Q+G2G6MoWhAA44Hw9MEYZn2Ltw/+aR7+PVd3+NNzd9iHW//gCAzQT+5MY1uPm6q2y/aNw2XP/o/rvxzLoN+Olzr6FUso8sLF04Hz+8/07UOMpBOBzEnz94J371+rv4l6dJuu75+NEDd6ImEZN1/NmDd+Hp19/FP//qVXDOkYhH8eCdt+KjL7bTzhJwG99UX4e/+/F38cqGD/DBp1vx3sdfALANVdetWon7vrVW8X968dJu/PCBO/Hcuo34ZMtO2YYH7rwVq1ept5e3NjViUdd87P39EVx5ycWyGRw2M33s/rvx7LoN+Nnz7vy3NTfhse/cg7ntzkVeRCrzo4h+UJOI45Hv3IFfPP8G/ss/2Ed56+tqcfOaq7Fh0yeTKMmuuKamBo89/BBeeGUdfvLzJ8A5h2VZuPKKy/Gt229zjEEhPPCdP8Xrb7yJ555/QfarpbkZ99//HXS0d9jFeQR490G6AlD/I/+7UpXRsOpzvICROrzlejNUq2ya4I4/uRNjY2N4/PGfgXOOYDCIG29ci3Q6NemyvvGNbyKVSuHJJ3/hjmdLCx75wWOYM2euTLdkyVJ0LejCP//z/0Iul4NlWVi1ahXuu+87sKwAOIA777Db9XPSrptuXIt0Om2unDNBcBEKhfHoo4/i+eefx89//jMXZ9va8Nhjj2Hu3LnmMnxg2bLl+MHDP8CLL72Izz6z/RrH43E88MCDWLZsuZJ27pw5aG1rRTabxUUXXeRd0lOVYhS6xn2MjV6YltjhUSC5Uy1RdhkD4xyd7e34xk034e2NG/H51q34d48+isU9PbjhuutR4hzvvP8+3tm0CQAQjUTwjbVrsebaaz39ELs7xU40LdLYvrvuuBOjY2P46c9/LnHl5ptuQiql4nBnRydu/8Y38Obbb+Ozzz/HX/34x5g/392xLbj919esQalYxIaNG7Fh40YAQH1dHX748MNY0tMDzksKvQNsY0PJLUTC6iuuwMC5c3hl/Xq89NZbsCwL11x2GVYsXYrkxITKO+UzlySVMSCTyeLg0WNYtGCBc+KAu5fB2OIPVi5dhN9u/hKHT/ShtbmRfqeVF6gwqNWJctZcfSnODg7h2dc34ulX34FlWbj+yktw6fLFGE+m3EqUkaIFufJzLBrCDx+8A794/i385//vX51pY1h5UQ8evu92hMMBzMQhNyNU5c+4THbtvX9gCE+9vEG+W5aFtuZGPHb/HbjqsuUwQTQSxo8euhvPvPoO/vkpwufvuhUffe7H500t4MpTMGjhjluux9ETJ2Uo5zaff+zBO/H86xvxO8Lnv3PXrbjuykslHtQkYrjnm2vxzCtv4//9x5/je/fdgdVXXa7WxoBlS3rwgwfvxYuvr8dnW+z2xuMxPPind2HZUtutS21NLX78w+/jV8+/in/4J3vNMcawYN4c/PD7D6DW8Qv/yHfvw5PPvoL/8l//EYCNByuWLcF3778H4RB1DeHiw9euXYWBgXN4/tW38ezLb8KyLFx39eW45OKlGJe7vV0wucwU4bFoBD/8/n149uU38dMnnnfmIob77/0WPv50S+VCaJhJ1iQ6g/7b3NyMRd0LsXf/Qay6/DKFXLhr011H7e3tWLv2Jrz77kZs3rIVjz36KLp7uvHte+/FK6++gi+/3AYA6OjowNe/fgM+/PAjqZfE4wnceuutWLduHf7lJz/B3XffjcsvJ3PrLPpFixfj3nvvxfr167F9uz234XAYt99+Oy679FKID/mkqT46r6rPUN1EnDigWg/1BsyglgsQ2iTDSa3MrcU1rIr50IUmg2GVylJKej1NOcOqlsfXsKrX75fuwoOZNK547SNTrX8mxowBrFRlM0xY7tcabgynKMKhur2ww21eaoHhGzdch8aGOqx77zf4x18+B8DmMUsWzsf937sNnW3upXsrlvTgse/cgefffA+/+5Loc3fcguulPkepEG2fl69ct2oFDh7txZOvbsC8jlb87Y8eRGdbEx6+9xt48tUN+HTbbgDAvI5WfPPG1Vj/m09lORcv6caPvnMHnn3zPXzitCURi+J7d9+OixcvlHV86+vX42T/AP7p6Rexculi/MUD99o+n51WiTG6bNlSHL96FT7a/CX+4ZdPob62Bvfedgs+3rxVtrqlqRHfvfNOvLThHfzf/+N/yrG69rJLcfctN3tmxwg+ODB93K9cwnTrmMn1+VUCyw8eJuYEwHjpVNl3H4ZMn5l/2VMG44gTPzlUQNN66C2G+8aXB4cdMvrmRu09cAwbN7yEXTs+BhDAgb4w+s9xFIrcvsCqxFEoMtTWMMxtLmJeRwkNkQAmdkRx42gRsXQeVg1QtyyCtutrwKwC+j9MYWRvHqWcbWDlnAO5PNq+dQMW//uHMPfKlZK8CEHGPW5j/1dyBsXdTUt2HDsSEFVQ6BcDwBVY/Ayr0OI9fFnEc2qK8T9KYOTrdrNtAs45Upk0SiWORCwGi14gNiXG4oVcIY90JoNwKIRYxHvreFmYBdnClonMTA4UHw24WSwVkUqnEQhYzng5achAi8d8IY90OoNINIxYxPWPI3daOb+5fB6pdBbRaBhRcmGCDplsDtlcHol4FEHPLmxjLxUocS59htUk4vLCBhNN4pxjIpVGscRRE4+5twBrGYxh5IE7/ZPzb7h13iO7GuaA62lJnmKphImJtFQGQVx/cE58u5XgHm3k6gEU0RcO+zKvTC6LTCaHaCyGUChsGCcgly8gk84iFAohGnNvAjZebAAhFjDtBJp+S61LF8saVpUxc8NYOcOqpgwyvyjfPF5Ip1LI5fOIx2IIhQXuTm3R5vM5pFIpBINBxONxxYj8q6eeBAD84JFHkc/lkErbl/CIuVGaDCCdTiGXyyMWjzkXpUCbC5rBS8PstqQRDocRi8X17EbwXBAiw0ut9pQrAAAgAElEQVSYmEihVCqhJpFwXdOQ5LlcFj/72c/Q3NKMB+5/QDWg+/BrFfwbR2mOfZGHN60e4qcQeF41AsA4CeOAfWrAEYcJv1Tq4hyFYhH5fN7DH0rO2AFAIhFHgBBclyaINaOtO3nsFzKea2kYGFJpB4fjcekvzDsKHIVCEfl8DrFozOX1zhgw8lwqlZBM2hcUxQVdKDn/OcKB2OXIaV5ntz2ELAEgm8kgk8shGg47Ox5lYRr4qJkMAOMavhMyqgsJjO6jE2Om2hTkDcVOeCaXQyabQzTi8i8PhvnSF2+7U+kscrl8RX44YzAN42pZ6WfSQrGdYXJ8fnLVu0uP8Pl0BqUiRyIRg8UsFbucoSmVOFLpLOKxuMqYNcNQCUAqlbHlyUTcVYrpRw8GZLM5ZDNZRKIRxCIRoyKQTmWQK+QRjYTtNPAkIbXa05jN5JDJZhGNRAy4M3ktJZPNIpvNI5GIOXNhMoSZpGyhu3lPmKitsDT5Q22pTk7dHZ82/Sk5eQqFAvL5AiKRiNRFCvkCUqkUrIDluCRxdRZBgzhsv4WZTAbRaNT7UZjQ6hLnSKfTKJVKiMfjCOgfuHxGxRvn9RRPJVEGywnTZHTqD1VBF+rWwR5zj0zPADoXojydqXMwWELmVFwB6BIVow2XaT2s1ajguqc4lDSehD50aerkasaB+75Msyxfi5ZfJa58oWYXC4aTJFxNT2UY6W9CpCH+O6UeT+twNQiXlblGWT85ShVDXJ1foRgSdTjBP7XQdCaDfKGAmlgMwWDAbYuWjnMglbb1/NpEDJZAcn2cmfHRA5lsDhazEA67F44WCkUkUxlHN3ZpidgEJqDEucMjSojHbZ4j2wk4G9qAdCaHYDAgeaA9TYRScLfefKGgXpJN63TKS6XTyBeKiEejCIWCTpmVhPopRVUB1eWeTh1TyTuVPFZzMwDID2/TAfFxL6iRfpRTeMo2WmY3EFaTLxilsMqrgel5qGGJCFslmYjJDGIHK4O3WuqQXB2ByoqfTTAMBgAHLAuYyFiwGHDlsjwuXRbGwd4QTg/FkCnUgFlh5FMnsGp5EPOa0xhL5rH/9wVMDBZQBBCqCSA8N4L65XHMubkOvJTB+LEckscKYIkA4t1hTBzLID8ghAzVvbXdDVXUkYSZXDGo99SUXxeYlGfNsErHkRl+wZik3XbakjL+el7AJVZUgLFzAhYDEkIBdKS3SgvMjGbmXBz2DbQh51a+yqWXL3bacgVzCbNgcMr46cisKX/BgH3xk6dxTj76YTwcDCJSV2PQ3dQyw6Gg46umPFDltTJ4x9licC6kctN4UwnmzFATj5F4v3nzmRGC1+FgEGFxK6NnN5Mhv47QFeoPWBZq5ZzYIGQk5iA/ZxCWJZ9y3NZwANFwBOGwehGXSuNsv7PhUBhi1TK9eHJ0WpQwI4ZVpbXuoytQGehqxV02U4NYPI6YJ3RqIkEoFEJ9veF2Zz1dOIz6sP864ACisTiiesPIzk19Tr1tCaO+XtTB3ew+9fmDvTurpiahyeTqyjpw8CBOnjqJ27/5TR/DaiXK6ZVG6JvYhWg/c20ZVMIHgaeaxsDhCghKUVRosBzJgslG2JtMqaLBbB4RDHp0J4sFUOfsaKPrhivyA9U8nHWj+1ll2m3QZMdSPB4HpYpuZRrtDwYQDMZgUvBoiGVZqK2psXkp5w7/Jb5WpWGVsBehzIHMNOcIRyIIh8OkNdwdX1K721W1bXIa6BBx8c5dnHYqYBC3aTOnjVzJzzhQYtz5MGuHR8MhRCMhj3zhy1f9Bs6BeDSCuLi8anoaTJVQoRJufJw2+K26WMT9GDul+nwymWRTBudyTt3wJNIL2ZFZSCjygF4wQ8kxbMXjrgFWTrtCf4BIJIxIJOJgmVkPiMejiCMqqzCqSSQnAxCNRhB1LnrxNnbyfC8aiboXKGrZtc+T4DQRNawSnszlf4Cyk5979QRHHFefuUMfuJuHgyMQCDinN1w6EggGUFNbC7GOTYZVwL5ILhbTmKWmu4gexEk6PU5f4h5R2pOTGdK6Y2LTITWeg5GTZ5pMI8ec1MYYdCO35BeKz1fbqOrKcKo8ptbHaLRmWCV8w9ewSsFPLvPB1WmKblXRkxkkctUVVUWqabZJuRrJy9qrA4FKvvGUyOlTReUzKvuoTXINqyUZrpSloVQ8GgFDxCWyADxqAmzdryYeI2vHR5hFdShm0kODwQAaHD1MkU6EAUKUz4BEIipP7dCLuYlEh1gk7KEhrvblFhkMWggEbFc7Oj+h5SZiJv7Fy76a4KsQSaZbh2/+CqeFZ04znB4EPdzFAzZqVBworhdQgchKrGE+yVx09PAFAIpxUCmCkV0lbhpqYJXN5SWSyw0399YrWTNWLhwIWhYGRgM4dNLCkvkcqy/L46LuKA73N2IwNRexaBws3Y+rl5WQHOP4cFsA+3tDmAuGQIwj0RVBrCeKxPwI4u1BpAeZ3WTGEKwPILE4gsy5HApDDKVCEYW8essvVRH0y6E8vlahIrPyTIUUHbENO1ZNAonyq2wr8BpWaRukUCvzc09aeUxnEqvZW6c582wQIb/+TqUAYmvxr4QcG54q6CeRyrfPr1EzD/4E2FC/LvkD/l/91MViLqui1u0FXUmj+cvKS8yVe6gjDZVpa2SVK9k1Uk8UJVvct5+Yu2dC3x2o7jjVd2AwN4wBlV0BMM8j08PVytXB+AMDFd3U9TVZejK59D7rgKyPQ4cO4Zlnn8Ho6ChWrVqFrgULjOkU/DMZ93z7RPCI6pzKOirfKxWrDAtDaqREeVGUGQvMcbEg4kw8EgC8HxAAxRWOo34wd7GQuiw7iOxIEuvCa1gt02X61c0PysWV1J2lylUxnGbnbqwI15PSI7emYwKiJK6GK/Z57k4RnXJ7TFQDq/3MFZ7HuUubOADGmcfAauJxFD1kU/+tkZ8KrGyqUM0wTKk+n0zc58V9tCVBimHqGlXXjMmJj9yhpGm1shyH9Kq8V1WEXTxinho4/EUjI/XzpJ3+DOoGVVmyguSW1gYqLziv3N0fXsmw6kZ4qIaMU07OuYnslGUMq5C6jOHdh/94e0/YgE+4/mxyD6C6jTFUCBgIDdPCnV/JH5iSnmluAAT+WYzWSfKQ+aP5bLx26/mjYXWqRc0kVfWrQZfgNTBFyzDHWC/fCZ4Z85VkFG2BW6yXRxPpxS0DCqrJByOW6OhqSgOo7vBmB8WUciYzs0p6IpxSmmIx53CPSMbgManYeUyWjiqgigbPPrZOvw7f/BUMqxcSqFvNDILjTLByI+ich3kenDc9v6b8GAabMQYuzs8SlBcLUwraMsaVoqpCZ4XzcklheKnkGCcsWBYQDAXBrAAOnwrgxQ8CyOWzWLu6gGVdDMNpIBbJoj4cxvi5EWz8lOODnSEkRy0sDJbAixyJ+WE0XpFAXVcElsUxcbyAVF8J+WQJVqSEdF8OpYyrBJVK4vg/R7Fo+79kzODN1CSYeoQYOEKOOkIKGAyrermUsHBIuu0MITWsmsmJSbAx6Td+O7IuVPgqdDTV+ODfACXdTDXsKzSwzgj4aW6TKsBAPEmQLlT4Cfsi3ALZvQoyR0zILu6KkfkYkzYF1dcgMaBSQV3W5JTrSDnqMVoq+ZiMqoRyMqB6VwD0WalQHcl/S3hUBtasuWFa+RV0mub60umqf6qyj+AA4okE7rzjTtTV1aGnp8c+RsvVlJIflBGO5CkSH+PkZPzrllfzfDQRSQiJjEE/TInjwY7hUV5WqbfVRHSZoR1yXXElgW1YFdnsZ7Nh1U+7qDBOnqOB3OXf9MM0L7lGY8VI4UgUHPJECd21KuIADrOMoGOQ6dmL4kYDKwRl02aBO+H6R0WF79kGVkbCTcvq3zT18Vm304VqxmRK9VXTXt8Idy151yRJAgVToSCFXodB4ORSELUU/OKEVlBapVTtO3BfDZYx8r8I4eXctpFGq2NqdvHmJ0ZJ46vzy8kRZ49LMicD58zVVxS8IIZVzym16g2rItw08np4VWKxsLqjTGIFCagwRHiBJm+paZx8Eo/Js1425SFaWZzKY5K3ePOq/ZimYXWaUBU9mUEiN5P0ctYsWopi4GCpxT1edxTd2k/5oMUqadzEkzGs6ul80cpHJ9DfqzGszibQIRHP3BluPVzmETLFlGoUfpu1MjF76HQhwP9f+hbUNzOX65kSVQ5bmHEJEcVQrDKzEiIfDfoPwEg4lYQdMUnqRRa4WORaOdLISupQlA2/vnElsUwrCM7oRAqZTA5NjXWIhEOIRSOIhOxjgoOjFl7aFAJyY7h6eQrd9UdQSBcxdq6EN3/L8dmBEM6NB5AIcPAiYAUtBEIBhGIBhOuDCNdEEIrnUTs/h9wgR6nIYQUYwnVBFM7lwYIBBCJh27BaKGLg3BDC4RDq6+rlAqf6rrtXlalxZGzl0R29/4C6U6eMwkzdMVBdlTNOxt5l7vIyMn2coc4ZFXY01uLXkipCvlowordvbBUFacxOL0fOg2GgvOOmk/MpgJGrnCdVtexwTvHWPY2j6oq8ql5Zngh9vr0MmikGVjWO1Ks3iXHpz9hOR5UjpqWnq5PJtPJ/pv4qAhpUH3SM1EXjvIZV9XZ2pR5o4+JjKPITzi5k6O7pmXYZytIlZ7Il35uEwbU8heH+j/KEgv3b2dmBzo4OPRF55V5eDn8K4+EnEn8dMxr3ooWvmufLy8lKYiTMIY6uoddJQI2M2nYDFe99wLPzmqx2shjo6mTOevR+6ChT3yQN7p5p4QC441xJjJFuYJUyATFzcKi/tEm0eO9WNvlsWtPuXKtIKMeECHHK7lVnJDkXBlau4I0uP3AaqPFTD5gWzmzQoKpFAHPCarJP50LAqdRXbZ98k3G/V8rjbASRKCkn2g335Cs314RFSg7F1TwqT7V3inkvpfPrlD/M1OxwgvfeGnw6okkwLlhKmHu0H0p6PZ4aTgUNsb/JCDrD3HTEsOruUqX3RJjaxQmpql5+1uWuKlFBTcnUMZRpGJPSpVquDx2Xu1JN4e6vpJYyKaVm9EeUR9tGymKG/kqZTIyMn9Hd9HIehbEZVOjOt26oAxVRHCHfQcaKe1odfYAU5FE8hU1Fl7v0V51qusX57lglCY2YUUacUeU4boyYFWyTg608yijjMxEJ3XAzNdF1OpHB452KAZzT7TWeLJ5n/858NTg9FZFFp+GzA265Jm//U/cK7w9k56oXEcp200nu7pzinjhzFp1xGDAZUI0DsgB9ZyNFfRvF7I+H3ClDTebR2SD6QKrWpQQdfFZzEQHkCkCBAyHHKXNDfS1amxtQXx9HrpRCTRewfQRI9BexEkWk08D724EDpyxwxpGIloAcA7OAUobj3NYJjJ7IITEnjPbra1DTFUHPQ83ovLEOQzvTOLt5DLmhIkpFINJYh5qOVjDGYAUC4LyEQqGEQqmEQMARhqRQowoyRtB0JvMTpK8R47CQMqhQwpnwgeYaytUDXWolJUdcFeGe8uDFBGNDLnBQ216RZVYqwAhKNEeVungVBVeddRplzQR4hnRmbm/We+TtoSNil+m6l2HaYyWYsYIRliPHMLJ7Va43KjRrQjctA3THgi7+uxfnqMK7DADdbcqIFKUYiDRXArI2mYR54vR6dPCV6/9AQOVXVAmyafxkDKz+NZR9VJeRJ4JmMh9u0pehxqq1SEqovPTDT7VjRkShEjBNwF085NzFfddqrYR72uepSitbTyCXhdM3TSZiTp2uYZXQjukYVg07UelFVnJcOAcXtNHzUVUTDnzYlOKmzLDDzO1QyRPinWaHIgpU4CAGViZlCjcvTaCPgVu2+NBI8/plKwszzdamoqVMMvu/dcOqC5reImkQuQjS2VVofw4wSIgCZ8qNCffyVa4hC5OGR8IjAYdPe+VVc1dMvNo/xA8UJZ55Hkh5fhSU1qjKEVQe0VUmDkJmRBwXz+62DkFKdBdlro4C5fg/54L+iHe11qkYVicL7miRcfCc5hHPfrOs03stvY/7JMWwqiQlcyP5ilYWc3GShjEdI2Uch+8F1OX6db5gBqf8/GmLdC7MrfCLUQ7d8GoyqOF0s5O5Xqo1qEVUNKxCxQxF9K9ClFFsSz5lzgqQMdLbb5JX9XD5zDQRURt7/9muunk+ZZTjIzMPUxFZvDLhbIBb7sxo+9WB8QaaarvIuSXnz+vQXUYoq4nuUlTAo5B4QT/Mr2ZWTQbuZRGuhG9fCME9I6yoQeWqMLWQMeQKJViRBCIJhuLEOEaSaYSCAUTDIVy8vAcrl/Xgi53bEYoyjAUtHBoNoMijyGeC2NWbxMiEPX4BCyg6lfAiR7o/j+LZPJJHMkidzmHpY22Izw0i2h5CrKOI7GAR+aE8onM6Ub+0C7GGeqRS9m1yYJZ9S3g4glw2gwC5sdXuWkl951z9QkyEFTqGUgkTebThUhQcAwjRVuo/Mg/38WHkV442b+RdjTt/rHIqoLZ9qmTXMHYzrfxNptzZqtu3vmor81FMufm5WvCvvfJAVJpxhTxJA6sTRl0COKn9VSnt8gqlbbbUoxhAxZNyZE2QbTfMs1tVZmf6Iy1Aq0WUaYLzKMBfQKBg0gz4VFZLnkQ6Rb/VVGxfHjAF8DGwKj5YfdeXSbTn2mKikrTKPaiBVWZRtiro0nO5+kGUWnjwnDNxERMMhlXm071JrgmNlystF3dWiTHh3tM/rgxAub9qFGGciyvAXFTwaBhOheXayejU23NEDaz6eJh2p7q7V83xpnr9fLBeWODDvy6IVsxsWdp9Iv55FbJEJpDbkictoyT/t9TKPUzT5XfCJQCHfRyU6j8MUHYpqjqRztlN+o9vrwj4GLxkOS5X56C1ToWf6nEarTLk4GSeOFwyoZyCIwmoYVXZ/KHXoG1Z1Q2os2FY9V/+VLZR5Ryh14CZuZG8OEovX/vAZnQHIyphWr0evkDKYi4e6oZaoXfpcpjilsDT9WnIZbNFS2eQAF2Y2iKlHT4agiP7q3YPTdapUIRJjHRxxCtFcUxux6qOon5QjWH1fIMyhGQxK3zKFj5A17sA44YZGHa1iqKYvZu/XDt8pvXCAl2O9HmbjQq/SsMqQC+0UnmEBM/2ZUBTqNQMnq/CLveAS851n3okoecIqfNqEswpJSjRDFoNzHWQzggF4dyLjszzYIpUqkKBM8QjcdSFa2AFQ0hNJGFZIXDGsXJ5N264/grsO3gEo/3jqGlhOJIO4syZEHgpiHMTAeRytoCRLzFCrACUnPCxIkb2pTByMIXRwwCzGArJEgrjBXBYaLruMjStWoFgJIxMLo8SZ4gnalBTW4dIJIxMJiO3PdvjQI/fiFA/rOfeICevCfRQRvJT9NENq5WAGl71+pRyDfVNGcrIwl8dMOXJcwyzQrsYpz61pgPaOqG8e5plOSVOtTBD0VPvr0LaZoXeV8ZMr2LkZboyji4KwuCpWMLAoB4uEYK/Ki7RG2ZdA4RNk8y3z3p9q4KJHLSb6s4O6krAzUub4qfS+DAp72tVMV8p+OIS9+3v1OuaaplVILz/mUy1HE8yjW6VaYHJqC/qFsqmskO37JKqQhmkTor1RjKyjsq5AqhoYCXpTC0hu5boupV5jPLI1PDG2ErZ9hKZPkHkbflAsafSfJqbCKcUwpe5uVKuTRzjpO+ksZQgCi7ooLgMprtX3Qnzxw0S7rdcvFmrQN7zDKrIMl26Unmtz2yXfeh+xbpdrFH4t0AGzrxoC3d8TCitNsfBBA0hBE+1pCzElB1kAj85BJtmKhrr9RqXud8cmgfFNOd+/TQD83l2oUQKc42pwt2ChjPcXf8l55cDciMHJ0lJFqmbuM90B6vaE3nhbjX0t4xM7yE12rMnk+/WPCLfcD2tNhdiN6o8DaSGKdI/c/OoMpTaCHpaiF5YReuTrVCsYC6mGuE8GlbLiRozBRcA+S4Pjoyh7Bljzl0lXElCgKt4aCgPUER1mYUG6aBgyhQNq+U2b9vJqBxWvj2zC360lsYwTziD4AVcLi9OEimeDsScMsDiRF+rUqycUZgkGa2+2FnqSNW2qK8WgrIRUkAoA5TTGAmtcSk576pC7woZREFSLItaqYzBa3um0rHzrgjszjNzFCOZ3MZksRtCKE0VLdse3mP3JhCMgnMgHA6jqbkFzS1tyOfzSI2eRWdHC25cfQn27T+CjZu2IDlQAC8Vwfm4I6QEIC7YKjIgqlE1BoAFGEK1Fga/HEf6dAGBmIVoaxCBUBCRrjmY9yc3oOHSpeBgqG9oQigUcvpZQqFQRCQcQbGYdwUdA5K7ofquVQ13DYjskUU9Me4bgy4sq24Fyu1e1Q2sXmFILctPr6oKzNL4eQe5K1vATLXrvPdvBhrgR7uJIlBt9tniZ5T6latDl4e4mxmEX5NRYw75ExKN2CFurxjhBc5zXNF5sy9/UQUEWaZMT7U/cWpBCPSiTkuZRqOLADcDqcsbrgssppfyGHMBLFigsmYwZWNouTqJtF1dhurLNKUlBjamkCeNVpWrkrJzRhPQPnBTQh8wI4o3ByPF0vKd/xSFVO+DJiH7uA5gelvp7lhSvoLxhg/NVGbi5Nm3TXqU9qLvCLTpg7ZbVZ9P7q1DLYNIE661pEIb1YYohiYPo7dfqNjnZnJkAK4E2WEGtBFF+n68VaZNp8oXFtCWTc+wqs9VValmALwywOS+Cxv4alnyQyVHQzu4d/0BroohyEWJeXcmmakFWfO0pVVMlZFmVQO+dE99k233KIFqmzl5o+86SXCNriSFJB3us9RJpDGVPgMza1hVV0gZxcVHGjXTb1qUZ+X5yDOScJGPaaYPbIrQx0T5zNA49dJQ3aiqug/Q6wPsHvzRsHrhgE5RzBSG6wEiXMypozjY088JTaP8VsM2p2BfDYVRdlzZFYAuu1flCsCH8H/1En15zPCTCJRw8kLDheFUii9Vlj2rUA0ZnVKxs9STKg2r5wOCyvIla88XJu2QylIMAPS5xIghzapGHLRNBJ6ho59yqAStYLWbRjAayZidOIsU6zHjelaA29p8ehzJ5Dg4CyJeU4dYogY7tm9DW2MNWhoSWL50If7DXz+Izo5mvL3xU5w8NYhisQSAgzEOy7LALLqzV1TjtLlYQv5sEUNnsnZokCF7rgHxG67FokfuQcvFixEIBjE8PIzjO3fh8itWgZdKmEhNoJDPIxgMIhaLEjGHeYQZV9JR1aRKoKdmWowupFBiYoqfKlBPWrTMKZXv1+2Zauw0wWNgrZR+Ro8N03JxQYzHVMG1FflI1zNTi3xS8L7KwVNsClQ2koxZO35GGDbXbpp0qQvxbkyOqSkCtmJQciR7Bri7VUmc2DGmH2sjbaLto/2uRhGZGoqRXOcTTy8ELl8RfBqpKMtcDRZsVfAQQzm+htVy9BVQcNhV/Jibxlk79qPD0LU5pmIKffZFA5pYhnG3MYDRaGofx+Pqu/OoGOwMx/9N1Ru3fZjKmIIxnho6OXfGTp6nBYQLAHmih4teiLzaPCv5iZGDkx2kJuHXE2ROo8yhkNvkPLuUTTGWEhcAFYHgDONQ5FEF5Tgd7vOi8lQERY6fSWJXmTTMMMwMsaaH0riGTNTvqldKNTxTvYjiGrz4KciTapdlhBa4/JrDPi3imrTUWfQ++Yx6VcNV5ZiKtUXIggk40Z/0sl0y4/pyFipGRcMqzW/S9Wg9UzasTg7s+fKhvaoAoz1SYc0brnzMJoZVtwjKuBgpz1CfRbBESetDDUQ7yl1a5TbOL8I/zySSnG+48Kh5GVDYj6sJKioeU2mQJH+mjjrl6dII8/HDUs54Ws2OVRM6aCpB9fz7QgRNPNCmyzOmNIiRF0sL/0p2r85SHX+IhlXA4HO1OgOrSdFQlxNR05136jHVXWUlMKOwAugCil6PyEESU4eDYqerWLklKtKIJFSJUKmPX+/sF6bExCJBRAHkixwW8rAsC81N9ahLhBAOB2Exhu6uTjzy4LdwzZUrcOzEafQPDGF4ZBzDQ2PoPXUWp/vPYTSZsn2uAmBFDlYqwYpHEWxrRGR+ByItDQg11iHW1oTaeR1oXNqNRNcchKMxwAJi8SgaGuoRDoUwkUyCAYjForAscheawRUCHUldHzLuWpW7lLxQjWhs2iVC85XbvWp+L7+cZkZcn43CLmD4Q+mnDhcKZYbLeBWbgpR57GPR7vq0Ka6rG+lmV/fkgEoJ6SS7u1GpiC9pPaOqIfkabnIPAPnqpPOKW+VoqjHNdOB84HNZXNIjJ99AvxxqeKVyK1tPVMMq15LROMqCDdp5tRKi5Mco0/zqxqsqwyoFVgb7/IQ5XzcWfuaSMrjvZ8A1xJs5OcpI4wa+zwBhyeZgQMn+6Ksm5cqj1Lu4N9oM3PhYDdBZNm1UruZIv8BLKRZq+apCsQuYH6o4Nt1GVp6r2WeRMzzYUqfRKKOhI4L0GMOdKHHSTK4Zx6CvG+HsPJbkmao/VlM1jOgltFY33hdmargI7dU9wMjlLiNsZ0VUZ5DPkka4hlVxcZ79J55cfVGUzQVxoTtYlXoxA4ZV8wxUxDx/Ii5/BB4wPZHwr2Si92VcANAwtUzmfgsHoOxW9chxtKmiTkd2KwcXgGHVl89dEDDDLSOdLbsnhqTzY/ee4dfJCnWbw91EjBasaQt6UT5o6q2foKanSXLpcF+cOT+sl6tjUw4R9S9qJtLNDdEM8NixnbL0qaF+V6tbE5Pgo9WQ0epKmpFc56/cmYOg8eNjOaHKIGx68cie+hIs+bXWzcL0FaWhgJNWF6IZjdWeFbcAcCgSVyUCSYHUXX/CT6B4E3H+LEVtAQcQCtrGy1KpgFwuj1IqjXAkDisURK5QRICVEI5EsGjhXHR2tGJ4dByjo+NIpjIYG5vAwOAoTpw8gwNHenH898dQ2nccgY4WNCzvQc3Shaid34nonBYE62oQrIkjUl+LSEMtYjU1ABjyhQIK+RIYC6KjYw4y2SwKpSJCwQCCoRBUR/GuRqR+vddBD5Tw+4gAACAASURBVPX//qAv4WqW9GQuryoP1S2yGRXXZ3pdl23YbLlhLtOJC1iRnCxU1P+n7jh2RoH50lIXdEODrdTBWdu2YZX6VjW5AHDLYFBKNxg/7ct1aJBQGRjJI+gnUSaUYs3aiCp4VZFmJmCqeF3NetfL5b4v06ioemVQZeuTJFhUqTYZVl1tlyYkooGbjuvp/Iw3TJ95rq5Nui1jBugT81jpfF9c2cHPiDrJbQUMUA2yvsZZk5LtLUuH6jkiSVkqkbyCknBh47ANHZSa+tkrhCjm5CnbMFMZzBuh0D0IcqOl4e6cyt2rumzrJ+tSW4NpHRtk3gsHZmifarWuJL4ymNxg+8qm5YRW5dWtj3NmxgOQdUvtD7B5rapfu3SKXuLr6hfulgDqn1g9vs2M64G++4+QOcZ/LlXDANeftbSuMdXyoQsGtwGAevQfNl0VxlSPYVXm99FQ/D52cbMO513+JoJQBsxiCpSxUx6YKx6JnaWMSFDidJAu/yjIwEgwKdeyx1LqUOIEkoI/evt1nuNMsNJ+f823IswibRQtvXBgFltDOms0sBqsqUxPSwdMHzwtTmKZUqSayYT68kpc5o3TG2f8Zizr5ySgQlmTSqBB2SkrE6mPpV9yHwOrMpI+iCxXIplaZfeq82yBazpeJRApLHNwlWDwhl+mrtmGC4sS+IG7c7WMLOPRO6QQq+ehqpw9mWUvUiF5hQBiF6+u1vJDSZQe3YGFsjMVEnNFTS7zdkUdk/ckvX+ivTKUCFjJVAqDpwYxOjqKluZG1MajiEeDqLOCKJU4AsEAWlsa0dbaBMaEnxyG0fEJHDh0Als/34nemi2Yt3IpFq65Ak0rl6C2uQmBoJ2/yEsocY5SiSObywNgyBeKyObyyOXzyOXyGBgYQEtLMxobGuQE63PoHv0zCTfucJqetaLc4fYZNSWuzPD66TH+ZfMK8WXacSGBb8O+6vvt/oDAhIMzTbOngGyVqI+LKpZC1oSyIj5muQqbekGOLmO5/xFB3inUFtiYzCvTkB0PijCvkG2mLXqtXlKPKWbW1ulsEQGdYCkRs1FJpdBpVFFVOjeh7pJFPHAlHWUm5npd0UL0iPRMPlbHGdxL2GxQsMxX0tdetOP+MwW8Qnl+vomnXanD5+m3Z8XlAT3mr7ZWPordZzJAGkvgGJldeaucYcQfzzQ8MUy/bvty7d4qPpgwRQmjoiPKrKHqUO48wOw35KtWY1T+N7nBrobs2vcJED7ItU0GGiHz0BCnSR4+yuFetue8M0Z2H4kPoQC49IBOK9SaruC4nqaSWj09vFBcKlRjGSDrXfSdw6EVzrOywUMzrJq2bdh5yLvy7N933X2NaSSmsoQVmmPiFfo7mXtYTOq3ihXF5BbAyStxQ4pWzoPFXPcuzHIvq2XkkisdyvIT5hNero9TS/JHmAQoa5Dbrt3KpLHFcgOTcnQDKbYzdy15SjQub1Vr0FGfmZ6hhptArAWTYfWCRKUyJFclkVwyDaaNtaSlzlyUJau0HJLXvvDKy38mxacnzdS59nw+Z+irlkimDqpbAEfaNOo+VInWhE26C8NL4JmWRfMRKJ+Y8dUMzLDLQEjKVPoWz4T7E8cWUliSb9zwrNXhtsDbbMYwNpbE9u07cfDgQSxZsgTd3d3oaG9DrhhAPpdGOBiwd5QGLQSsAELhEELBIBrq63HtlZfgspUX4cztN6BzXgeC4TCYFQDnHIViCflCEYViEbl8AflCAflcDsUSRzAYQjaXQ1/fSezcuRMTExO49tprEI/FEI6ElZUpFB7u6ZG5n553TXjRUzHAuJNHmS6nOVPdvVqN0DSTgtVXAh5F8o+G1T8UqEZ1ooYBW/myBS75gUvT/CyCQZI5g9JnRqigtmo8R9Vswd09Wmk5fpEIsWZcKdvVJPz7OSXDatVCWJmVPlliUy1Mh+9X3SafhLPkV1mtF54+0gusBG8RyrXXR6e3OAWY1ANgX0zkCPaCnxPDhsr//Sm/PlLqDcxquF8eKH0xtXt6HEXIDjNVXiWgO+UUEDu+uG7AkGYT8uodD1pu+eO6ZRBBR28PXxTle32r2uKrnaoseqBMHXzWh3+GYAYbeYH5Lpu0sqiAlz4qu8Q5eSBGVjfYFehLpDjq516qvILOUXUD8LjYVFtEPKxSIxq4m0hsXjHmF8DKvqqBqsyuswnjaiSGAfVMgjsOlCpIkiBpP1TDqlaP0EFkft9NHuqGD/kxyKRjlNE7/HSVqsCXNru44spJAL1YyqZFjHgEILKRYNkWIw0iRlJG6iM4YUcTGYxRua6adiuJqhe4ppHkjzB5MNNBQitcZHBTinDlw7BaEFMFNhFIhC83nkj0SnHyngWJxFq8VrQnnrkaSPUyfZlKvmrQx5S+ljOw+uRXgkgcTUbLUugXSWQ7ajE1twReyQWIEarlxOdLWrhwQRpXPcKFJ9z5NcwP40xmk+KHR0hVBV77WVu6ppXsB2KFUjFGVCCYTok8k12tjGCw98tsFUYtYhGU/WEM4QDD3I4W3LBmDWpqajA4OIgvv/wSiUQCc+fOQXI8iRUrVqCjox1Fy0Imn0N9vAZ5i6GQyyKXzaBQKKChrQXJbB48V4RlBRAMhBAMhVAEs32yWgwTqQns378fg4MDGB0dw/DwMHK5HDo7O3H99ddj/ry5iEYjcI/XuKKMMqfc8AxN3uZqYFm1iXPf6fMjCH5pTM+VhCK//L7tmDGYAeJCxx+TuJjjj3DhwbRkUk6WhzkVA5RLsRQRi9H1Iigtq9wo5RiaS4w5+eAm/VRD3ylBiLcmTSlr3qgmVh6sqRk8qIrrEzUlmKV1aSrW2G8fCjbrBlZSPQRu0SBOlGvCWIzau+fFLZeJj6fEwKr0txoqb2g2QSLdmGoqwbjD1VNo9e76bfT3KbOaumj7aXBVbglM5gX6StdKSU3C3fn16615ik1pfZFBDfaZbgctPBOmGkW5XAum3akK9sh4gWuG+i84KCdhVR88xWTeDJMZqyrz+IiHVZXt69yLKsMmw6p8d33bSf93jGwFcPCD4pDy7q3ZCVfvnXA5N4c8BKoyS1PTlejqhl4ry0co9o63utpdwypzKYE2iELX8Pjm5k5pnORzHlTDqqp76IZV7gkUUf7Y4hdT1TKvZKDU54sx4xyK74P2n3hhLt5Qo6teH93wRD8OMlna5NrsCZ+WsPpHmEVQaYRPAi70AZKMhNuvjmzIAXG4nBFXiW5i92N5ObMMU/LQk7+exnv7w4BJGVa/EtybAjPTpkV51XeeimDmki/FuwNJJB99fK8q940ayi1nYAWEdjlT8EcbhR9I46p+A7kyZHLlQrlS1Wa2ruSqKyPegy9UTfrf7L3dr2XHcR/6q+619tc5Z2ZIitQnFduypESQv4T4Sk9BjAAG8pAAectD/oH8TXnJU/KYAHkIEhtGAhhB4vheQNcWLCsSTUumIGZIzpw5H/tjre66D1XVXb322mfOkEOKzmUTw7P32r36s7rqV9XV1cHBWVMKg753n+m3FjpSmr5kcW4KglblTz9T5Q2uw6dI05Xv/bsh/SYAXQhY9YyHm4BvffNrSN/4Og7DiMvLS7zzzjv42c9+Bgbws7/5G4QQsNls8M1vfhN//ddvY71a49HDBwAB7z25BDPwxhtv4OZmix//+M9xfXON3W6PruuwWq2Qc8bPf/5zvP766/jyl79Smvfo0SM8eHCB8/MzdJ1zTDYwadvJHgKxh0OnAPo9FpHmmbuwqmRxwwiSe8bmvFefB3zuq26fBrqffrzwQjcff5ZeKD3H1PDy0kcgsimk8lxnRiYXXtoaEWZCASivb73vKx/mElyACpj3JxfauKuTFp/yALwrruTfqvRpWY8nONhLNLCeVljrc2LzWOQK+OYMq9y+N1eWlijyaGpgfa5L4THXb+TDHYbVuXSnwvq8vHelF90lOLluPNimeQPrzBF/GVKH9I5CAXjUzs28HV28UAwmUg6BnwMT+MTnE1lPDFXhbye9VyVXU8RzAYWtG+WfdwGMX2o61YiPtuZf+O3pVN5nbF6wko883DNkXfHu/OT6a6nY/+TOhTfyVb8UGewEc6NEz/bHnoQZgnN13WMgWoPpKcSLk3MwvedWlHs6zj9zIW4dV/2uD4QtuKP/zrB6KhyAL7uRP+x1lckb99pcmk93ku4JI+WxdKGaxys3R9Yp1Zep6splnFtUhWnYgKkHqxXcbDx+HEbVF8j2WXoZ6Xh93SdroxcQNESAW0vNM64HeF02mimXMP9Xvky1D9fuOZK0th1VeNcaPPXDx5VeUNBPpqv5agZWmmCn+0yxy9PEXnVyZfaVlwf/P0sfMXXMXjDPENXkUbUrzgOB6QuSvQoPWVpzn4Mrdn7VTeGQlVwokX0uT/FCkTRZ09krJZ4iWQysd+IV59llfykAHRhny4A3v/AqEiLGkXF5scGiC3hwcY7N2Rm6rgcAdF2HEAKur28QYwemgP1+j5/+7B3knHF+8QAUAjLL0f+uS+i6Dn3fY7FY4Bvf+AZee+1VrFdrdH2HLgas12vkzFguelAI82AEM6nFMc2XF1CJSrrLwPq8dKwmt5/rs/sJolPs8uXpS59xs19G+ts06g3vovvSXTii8Jb+j/BRXRfs/wj/Nf5cDaVTBYBLnYqCUD96fmcSfA7wH/f3oxpWP/ox3Ze10n8JFHdn071R4ES2F+l6IwNars/T392XGmwGVbP2+fnoy2ydlQbljzewVhlPLh/VMu6rJ97TsNoYYD/GkAAfW1mn0kS2F7TO4kFGxRBi2f1cFosJjuaxqWPmt3uBiBnamAMCc99dd+aa03iv8gTCvih7+NRpMHfNxSfYhLvG8EO24+Mcak/FlYPR8WfHforhnqExVU2voHKSZCqjPY8GpmRs+ae3y2sJR3rHcR/ul6j5M1tAARJ+HOR7M1Zcx46bHP47HRk97TwO+/x3hAM4auZHMKJ+HKmNw+oH1um75H+jyXeTR86j2TxTTxhWvd5TcdpM3qM0paX7Csz7ZfssfQzp5JnyyYNi/mCUixxnzCBH5RhPO1F1i/fI3fJwXOTdD2aen7Dr3KucD5vuNBfc4VR3r/efn83LBZ7LSzjawLZ4u0fv0Udgh/7irY+c7jkon1D69LREPVfvHOuJnlQeN+gUmEUBTHpRghID6lHSCkOm705X3anhaksCUBnLHGcxoZbr3nQoaGlC0TQlZf/bLCsq/+9iRBcjQITd/oDdOOKVixVee+XrYATsDweMY8aYEpiBLhI+99qrOD+/wHq9AgBsNhvs93sxsJ6d4c03v4IYI8ZhBBEQY8RqtcKDBxfImTEMBzAzuhixXK00eDwjM8B+B4snniX3oMQXzN6k+xpYT8VevQ9ep7m5Ppn3/s+Pc52u5TP88cmm+9IhT/7+0tMJ/UbSVPWqK2fKiQgGA+qlU14vkmcTJY68cBdAX1nljNXCnje/23fL0/Lt2X69qGH1PqDrQ6X7rNyPRikvi86O+j2nlc/U2vLDSZZTzG/u8ZFSPP+teq2iKMjzVUxW4kQsz7dTZLIZWMulDic8vF40zSMO2Xg4Gu5imXuJnORU6IxJ4hP5LPzOy2jR/PzWuWJgcpHV3Hv3rODOl6Z8CPcAAUYT7pGHddSS1P3Les46+tQYWE8t4o+/iqNMR/leDgf/eIZ6gk6ZUS+J5Mm6qwaL5mKqote0mJXR4llgbiTmgp2QyzuRvScHwPs13TdZrbmChefmP67DmpS10wwU3cPqkMvDTMFsj/3fN87q9JKq5ybvMvyxpLv0VarP3B8LBUDkJDRN804xFdAaVus80DTvyzKqfixD9gLg48MU+2lgwy81ufXmj+439g0uWb1BjlFl39GoHx090Xe0jOP89WMoD+YHm44+zJMnTRp2f9K8a5JfgGjvpJmptWLO/vOcpjwn29Hzu8o78dvzmmCXXt1pKp6TJx/a4Pq89z6ZBfppYwOdk2cnx6jBxmX1ooBXS3fpPea9asCjAok2nl/9XEq9ozV1pdQjrvMMBDhxdK787Ei2ZJuQ8ZG3qmWeF4ir5ULinmofcwb2MeIwAEMCUgZ2N9f48pe+gK5fYLFY4tVXX8Wv/MqvYBxH7La32O12ePWVRxjHEZwzQgiIMaDvOvnbByyX4gnL+fRFVVP/U+a61+wjJH0kUDOTPqwH6xSwTj9/GBX71Dt3l/X8MXg56v7fjvTL7ud96fDTxGhfBNu2qln7Grtvfp+VzAgFMUKBvSeElDk1ujHZNQuTWgrgnyh3qHG1ySsFd3XqIxhWP5n08lbup4XeTobUOdbk598/MqzOZfSUyJPHVYZ6D0hMP/tmeQvE1Brm8ca0Ey9h+jwtNljG0+7HpKzfJ6brSSD9Iq4LzdF//VzsKxqHy+Kpe5lv8+lBhT/zq39ZQwLM133i83PTBI+dENxHm0g8P01zsVdPggzYOnK0MfsOzSspn1j6BOr+SFW8RP56T6X2+D0qLbF/khyKnMD+QtpFoamEY8tuSkvZ5Sz3xTT2EGqcWEz7qaxvOk5Ty8ScVWCij5wa6pPjFup7jgdPN8r4KNN0LNvvwiYmPML4zqTs5zfWBvOesa2nAVs/JgOrlxWzlySWqXFY6sjaRPWjYi9qfq+fKxVTzT/N19R/D3x2qs2fSPqQC/pjLurTk1ynJuuzMUnY3wkcmO4NnSzaRNhJu8nd+vsp3eYuW/8LPQfw/Mn9EHLmXjRzItM96a3JNp03N1935QNQdLrpz0cQ0EOm/yPXxOn0aexqlzZvvLTC7tvB9DILe5E0tQl8EmlK/EugW7pgty5lBna7PXa7fXlhuVpjifW9ikf45XTx/y/plzGu99FNP42M5bP0f25qDwnemfFFHn9GyH+bU1EeX5xL3gc6n/xlagD8LN0v2XiF0P79iMV9Uumz6f4sfdT0SWBlnvw9fjD94dT3T1OajByhDTf6WfrQ6fkY/yQB3a+gl/3OZ+mTSUe2clmDc1P22TR+ll52+ii8/W+DXPgocbtPpe7qr/4ci2WP5WKBricwZ+R8AIPBoQPFJUK3RuiWyLzAu48f49nNLRA7gAicAeYEUEbODOSIEMWvii2Ol+0eM2OxWOBzn/scLi4uQERISUytFn/UpxACuq5DSgk5Z4ASIkVEBGTSu7UCEDiAEHUDQ9pCxEDK4PGAPGyRh1vQcAvOCZwZICBQACGDeJQKicqxDfPsDH4LJsRyfEV2DRg5MwIHsLWd9d1uAeoX6JZnwGIDhCUSAhJLVMNIAUQMzowcpB5mQs4ZMcbGk8TG0P55QgghIKWE3W6Hd955B7e3t+X3lBJijCCScq0c/9eSfbY67LP/zdrl855qYwih1JvVOyaEUD57rx3La20u7aMg4oMZIQA5ZyxBWDCwzEDkJHRKGZSOj2sRIjJnQOPWMhhxuUIGYdjvgJzlWjVmxBgRQNrmUdsVYawhjWOzHefH6cjbazI+Na96DGdpi5RvY4BmvEIICEQIRMiZkXNq6ELGkRACqWNSRgjR7WbVI1fV09DmXd7pKCDnEYyExSLg4mIJCiNiGNW5SVDz9IgcayVlfUzoxWgtEEnMYO1PhYWehkIdFwbAETfXI3bbBEJEygmb8w7nD6Rt9j7pemPOtQwAnCVYe86MEAgBQcomoF5+wkAmBIpIKeLyyQ0O2wzConZT+QMAoaFTO4SowoMCIyOhXxIuHgg/BSUwJXAmEAUQBQ3VkY/WjfeWYrZ1EsCcwWzrpNK39DGCkxg7A/U47DOePtmCOYJ5xGIR8eCVNWIHDGCMYQ30DzHGDTKz7OhkRtCxybZDSlBaqXMG95kAhBiVb7GUxaxrnAv9Zc6IQdZhoNp+ZbKNc4nNo80d64+cc6FhGS+471lpqfXeIVR+kHMdZzbPO107R3NY1rSj99LGOjdWZdDTFiFIrNrM1XO0jkulmbZfXMaBdB1Vjx+jKTkOKPQwhSl1HcWuE/5RZCWX9nRdhxipka+eZ3lePJXZ/vmcpyUR4XA44N1338Vut5M8hgnKGmUEZkRmRGQsCVjmgAi9t1YNs8x6ldrIyMTgYGGFCDl0WFxcYPPwAlj2SEqFIkerLJvyZcMQJie9XIoxHmEO3/9T4wUIj/N1TdMpsPY8b9UpT7hPuSEEDMNQ5Jin9XEckXPGYrFAjBGHwwGHcZAxYWDY7XB48hS76yvk/R4d5GLOlAZZjxQg8RMBkR+sz4GcBGclPjZTBcC9ozQMNAeE/Fiad1ZZi/qFCYW3SHGV90sf8+zxt6xygIKOWQ4IoUdKA2I/4tErS2w2HYCEbPwADtOZjCtzoXw4ixXJ5LPxHgaDs12sSgjadlnOjKjyL6lcBFU5WYNlmYOK8C7hDx5zoNQXVF7U0wu6PlnGq8gPEEJ0a4RR+wUbaG1rwQcNxTV4wrHBdr7L8W/UCQ6VpxkNgAAkBmJEShmEgHFMSMxYr5eIXQDzCCKV6/l4PQj/1fUXglSXWWkViv9l8LPKKoGRAYQOu9sBT28PuBojtglA15d159e15xdlNHRwjDd4vGp8xeO+zWaDhw8fYrPZYLFYlDJtrdo7IYRSl8/jsbTVTxTAxEX2MRNi7ICcZvm2x90xxtLmaZ+6rsM4jkgpNe3y/TF8Oo4jnj17hmfPnhWdw/PLOWxsY2xlzskUP/5TXcGP05wOMq3Hfvf6S4yxlGWfbd6tXGuDffd9s/Isj31erVa4uLjAxdkDLNcrZGYMh1FoPmeEGMuat+VBweY2IARCShkpjcLvAM8VlD/SUb8LD8ys7TVuRg5318i+WTGH8YUGa3jdAcp/ULFJIELKuaxj412GyeDax1A+B0LOqbCFoH1mTMbCM/3ZeW3xnLI6sPJQ00VkDFoarJ2s323eWNtkv1m5WftZ+kENly4ySdqo6ywKjQSazlMd+8oravvtxG7hLarzhUAF14nskXHMKVVdSt83nNd1HQ7DHpQTOh6x5C1WuAZhi4RVwYUEklieOYCRwZy0XRE5AcPAOOwThkNGyhmcM3IOSopV7hEBsSN0XUDXB6xWPWIMoJBFOnEGClrListFB+JJPAKCno4jKrdNGA+w5Nd2+4PH8H6u3XvHj+W9eiQPDcU4vcZfQEe6fiyPpcZ2pGuj4Bi07S5hQuD4IKkeTBnEwhcEAgRkBKSUMeyB3e6AlACw8Y6+yHaR41W3FBzAwmsIALqCpUyP8bzYy9mMtm+1zGPdYfruqXxTu5a3Ddk6EP5XcRe59/wUTnG/z5NzRnK8MAQpC9rvnHPhGUQBr3zzm3jZqaNMwJiBbkROHRA6UGSAIqg7Q1xsEEMA8ggcnmATE25yQmKAYlcAGRBl8UQgRgJzaICGdXwYBlxeXmKxWGCz2cwKCzO4EhHGcSzvEyKYAlLhsgIsEmVYLA8x6HTyGzFo2SMuVqC0QRh3yOOI4XAApREpH8DpgD5GEUQUwKSTPXOZTGKASRhM4CBKZM5IISCGHhwjEHvE2GNcbhBjDw4dQBHMwvQDlJkSBPYFlWhqWJgqdFMlzhaBPc85Y7/f47333sPNzU01bDkQckpJ88Zay2PKqCmeMUZ0yuCDWAALOAdQgJaBLvt3yghr3z1o8Z9NCSYihChChiAKdqSAxCPGEBAJQDLthUAhVmHFCi4iI7Oy9L5HCB3GYQdOoyhSxCqobQ5UQaAoIRhUDMnERQBiWMwKdkza5ySXn0U1vvvRFgNpUOYqeRJlpJTL+JlKKQoaowuxCNgEYz7RjR1gxiEZL1tnVeAVBc0BDT/uRIQEFvqDCjkAMXRqCDMG6GgPAIWIgCxGJGNoBeyQCh4pMjODcu2nCZ+MKniM+QujJxUYDCAj62cCIRaQkkRMJz9uAiJhYE/nTk66qJLGGZxtysTIZyBNTTxlvkwQZs6ggGLYZ1aAVcqVJpAauJMKMwEsBIqq1HDQthtl5GZNtgC+xiWjYEqGriEDZFqP/JYAMkHMKvwjzDBt5QcAPY/gcQumDh1FDNwhowNFADwAOQGIE/Ck4FjbI+ND1vCiCFSg6RV0U6TqNVkOKotwC0osSjc5Sz1+bMzoWvh7oWMDB+qy79rjQW1dN1Wg2hiLobOuq/ZYPdX1ZO1jFw+Oq3FD5EcdN0tBgW9RRODq4gogPJCU9UPVKIC2TP259CEEMv2r9tVAGwJyYnSxgyg/8wr4XJryC6BukJlR9fLyEs+ePWtkfYYqTSmDQhCQw2Q7SEgsxtMuywYpkmyeIQSMZY5UAmdoRwfsry4RKWP18AGoC0DXAdm8N0z5DUh5RE4JnfHsidzxhlPft2MjTjsuUzA3ff9UPg8o7ypr+nnatqkh2J4bXmrlfQCRyOG+60AshqDMEpu9B8D7PYbLS2yfPQOGETFDAD4YFJcFhINrfNfCAyF8Bsx6fBoNrRActgA18oJINhaK8SYoqHZ9gtZnG55lzI42Z6coTVKIhMQJgQU7sGypIkRgzAFXt0BcdOhCRs+yGZEpiPHUjBlBcIB0HNKaKPIhcRYMrOuUgHqBKLP8Jg0tChSIEHU8wZUnws+/KhZgNRRkE+DaLAaYUxmrYO/bOUAChOqDiB03L4VmdLxy7Zj4JGgzjP0WCdvgCS48qcwLSA3sUGOEGnQUU4MCkm4oMzE4MHgIoLzA/naPlAc8fLQUo/44isMEBXXcsCESzJxS1g0VNbBlKt0nlQGlr6xURaLIB4pIA2O/Z/DAWBGQQNiPGayGKZkrmVEOEWak9rh7zslgDmunlHBzc4PtdluMrMvlEovFoinTGxunZcwrqawbokE3LwXf2Bqzdtp7ZjAdxxGLxQJd1zWGy+ww2tSQa4Ze689ut8Pt7S2ur6+x2+0a7DInV/xvDX+g1khp+U/1uZEv2jczjj5Pv7F8vjzTLW38PW/1xlspSzAn59qXoIaPLnbYXJzh4sEFVqtVlR85A4ZLY0Dfd+CcMYx1XkBQw2NGZCm3VwN8Tu2cZDbjr4FY24R2TguG2eRb15Oq4gAAIABJREFUoRXDTMItdDNAsVw2+i7/s8/CG1gxFQHFyYJskx8oeMvwHgjFKAsyg4s6yVSAUsPRaDvlddtkk2ByDFZdhFQ3q3hNyqib2YFaed7Kh6pnTddGgxNtLVDV2YjJXQzdypmKyqS/OSWEGEWvCFQMvzYPsjEpDgfMhulruSGYCZzR90F0PqWRlJPMVSIQTGYmUIggMCIRuhiQc8IiD+jzNRa4QcQBQATTRp3IdGxYcFpWLs8ghEygwIgxlLGKMWAYGONI4AFiXGcxwtq45USK26R/fR/RdVHbb3ObVG4mQN8P1BV6VelQ5WIJJV3luzezFp6RGZN4TtI3mmy5CgFr3S2vgcMmJqetVpPhvpiKyad0MIlzStq7or5Qs/bZaIrqxqTQblRdj8FUeVEXO6Q+I6aAMY+w1c7OOVAqk/UWkJGD6lbacGuDyXGTq/BrzPVtjrf6xG79e3j6PJ3C52kMs8wS39+wJyXYHnMxVk/kgJXhMX0IAZxsdgQ3Ga5hEKDru9i0PobUDcoHAzN6YkRi5P4coV+hjx1CHoDDDQLvEajDxVmPm13E5W4EENRTrCpeU0UhNwxG0u3tLd577z289tprWC6XZaDmlBLPLJtJ8HlUITfjVk6sMQlruwIWQOgQFozlUjxaUzogjwPACTkNyEgAGJkTFqHuZlvKZt2IEWIMVS+Y2IMXPSguQKEDxQ49+qIBZzVQRQKYKwV6UGFG5Lkd6ykx+jbd3t7i8ePHePr0abMLYPmOgLUru+97xBjLX3vW932zk46iBIUqGB2Bm0BiZgzDgJRS8TYex7E8sz56AOiNx9ZO29E35aowIjYgnyWIPgiUIQwz6O6lKvNjTsg5ou87LLoewzDgsL9F9UVVxkQodWVlcAY+EnMBBUqVDd35MTbhXvrneAuX2uz3IHYGowGeMJowt9jN0Fk9GGuF0DKMR/pdJmuBCPScRXiKTDHAgaLEZS0ksxipTTAws8YQ43rpC3MzlvY+w5id0b8bDFsTqoQJOJSdOiAAHBECA0gF0HAZnwraSq2N4lcBpjZPq6wA5xjwF44rQIcd0HRCWHpIxZBa59LNELeTbvNbgBTavJWPQQU6NYLa8oXg2tgkcvVzyWAG3gpuxbjACvCYR3AaFDjYioiap3asejwQxH6p7fXt04Gu+mwu828ghouhxSaFmnEFULw4mTOqplwVBXt3GuYwBKrzBaoCtAjoCiLK70Ys4DJ+ZT0wlTGwPhuNybjW3VAG1Ogv7+dCGF4pURmk/a9xsdl0pAJm6oYDyyaRjnsoNFTbat4EBg6Ej9aNKpt7xY4Qw0H1avQ87IiqnFzyz0zZNt79+PHjslFqRtfKD0npQvh7VE8/KMAeAcQgJ0dCMBrlYqTyyyWYZ3oasXt2hQzG8uEDdF3EyEkNOHUFFPoLMmfe+Gj9mmKJUwbQuXRq3O5Kp9b/nEFlLq/9ndY9xUjlfc44DIMubT3pMyaAMyKAfDjg6oMn2F1dIx0GBOXbGUK3UZUlbRHMYAqocphlFdiGwrFR2G0Sl/+7PuqpAipeQ9yOhckWVXREQQgzXqrHNGp/wwRrseI1zsAwZhwOCXEZkEmpxtYv1zUIQmkPTB66RhR6N+BvMsc2zbmsdi3YNb3wIs1BdeOKCMXAUviEE0zGiakMjvxmLLYUW9rpZsLVZ/ynyqCan1sKAFxdVf5R6Ys0QT4EIiALZjTeLZuchDwGHPYjxsOA8bDH5myFvo9gJISgxumk3n7K170cMVopz5slUenU2ifKKiElwm63x2GXQFmwxzKK5+xo3tNq4AgUEFk2f/z6m/KL6Vr1a9p7yZuH53q9xvn5OdbrddF9ojp3WLkN9gaa8qZY3gyU3thoaXpazX83TG582zD3VP8wDL/f74tRdbvdYhzHk+2cS9Pxmnr8Pk8uTXVD4+Xe4/SU3LJ+eEcOf0LMt93nt9+7foE0VrkHFoPtZrXCxcU5NpszNUiRevhVpT85p4LQdUqHoguZnAxObkeSsmOISMmMYVCDVl3bntmYka6OdS64rMSKc2ueSDa7bLMtuPEUGCybxuZpCaDoJMYXPBZsWZo4xbCNafE8rE4LUKNH8Vwl/z7XewKIyslR0veb9UYoJwKsEZlZnGuo6kLSD8GK2dEoAw2PJ+WxVqedMCj4cYJZgVqxtYENh2U/H4q/QjUg2UTGEB1GFexTjMk5YxxTwYKRI4AEBLOVAEDGiIjQBXQ0oh8vwXyDQBmRAeIeGQGZhc5EjhgPtfYZXiXRw4gRYsQiRHSREMIICoNuNNoYJpXx5gnO4CEBLD4aeZHR9x1iJ7ousxryte9GmmjZpxtWm6cJLyAc8fcjQTfBJJUvCG2bbmZ0NW1DXS5uDnWcyJV33GRu9WJH22JrcPRrY4+6eXEsS6AXiSoPAKOPAbmT04rDqOtLZaEYvH2lJi8JNSo4ipx/URTr7TbHPHoqh4/H5pRhdeo0UGVobTMzTthF5tsp9TVT2MoFAGLDu1+ZHyZ1lBnggBELhLBCt1pi0W2AfACPT8B5i5gDKAcQ7bDq1nh41uN2GLDnBH8pylRhmApUG0jb0QWAR48eYb1eN0fYvQAGUIT4kQuxlj93vC/rESECASy75yOxAnoA/QaRE7qcgJxBaQRRQuYE5gQkJXgtj4gQDCAGKQ8hgCgihoUaHmPxlIyq7eWcdVEdA4vpURMbwyMjowNG9hwAttst3n//fVxeXpbypsZse8d7ofZ9j67ryi5613WI2j+kJMcLVivExQK3772Hw80NDrsdYt9j9corePr22zj//OfBKWH37BlC16lCTFgsl6DFAuh7xM0GgxpXD4cDDodDARY2t95L2VJpe8rtMxIlJWVgYEYE0OuuKCuTHPSYYOg7xH6FnBP2OzGqdm430dPsXCqM0gGTkpUVBGQuwoK6RgMyBKTHCuoxrMBitDWjCMGYhlszDX90SqsKYebkmEYVQpkzchYvVw/EfJGV1lQJ0aMIyY5X5izCEKxbUaZimfTXNW3DUubGhIYHtnJaz/MBdo0qa52pKtksF7aZoim0L4Z6Cqz9Ve82A/YMMVqV4/M0bUpLR40ZRkOLxFB5Wea6GcrVo9ELKAMoBt5q2XXd5Tyz2+2IiD0qNNCqWKEVtKUxMm9EMFDjywpKkwJa1RuLK5IQPJPB+QDinZwwQAfoDjKbhYqakhveVftZOlSE/9FvsOUhfFO8LpR22Bs2vWA2RVoAfKUtVX7UuirGswiCKDA5ewOaGCVlfbY8tUAz/Z8d0/frqaFnmHFfPIMs7AQU+DfK4DFOK3PWsAWlk7LWXb52XBnEYlAqPBHSFg/0WT0lxIM3FzDeFnfsYXnfZIDKTjV0nUQMX6/XuL6+Lh5Alq8xuFD1XrH2JxASEUYK6PUhu7GVPsoPdbefxdiRR2wvr5CZcfboIRDES5uDYgCtOsaIvutV/tZ+AK3R4S4js08vYlCd5vX450UNs3PG11PJH/2t70O9RQBOIzoAabfH9uklbp88BaWMqIofs8orPf1RFBmyjU0U2vXQPMI2nCp/r8vHA3nti1e0uWSTMaqDNmMscZjyRFushDrXGjqFRKdPzOhWa5ydr7HcdGDeY8w7ICcEyiqaWDdvWWSCrlmqkrDWUXh47Ze1ooTPKbyubiDYeBJR3dIyDAiT2dWIUWSQYySutKL42XiI7dvTzESxMHTr8E2te5rXZ5nQb5FbzqhZYVGZ2BgiMiJyytjfMg57cX3oFz1W615C6uSsssZ78PtWtGNuc1VlfiHa2uZMYl+iiJSAw168vyLJybNllMAQOwZSjCXMgByeYaBVK47S3AbJVAcyT9GUUjGyrlYrnJ+fY7VaYbVaFQcH6Ph73ccroH5NeD42F8LE3p3qX96pYVqX/+1wOOD2Vi7VtX9Wr+lc/tjunOI8/T4dL6/bzTniWPJ5vF40Z1D1dQGtIdePwzSflePxAjOXzRQzrK7WK1ycn2O93qBf9OqROtb5y7noWzm1x9a7GIsjho079AQdQMjDqI5CZrg2DO48kyEYIAQqmzhsOBh+Y1fKrvey1Q3uRudEXUcl3AZso6Hy76KDZTl5YnhXhq++b1PhMY+fHqvDTpuZSlBwnq47ww1sOoiOY13ppH1q9QvDq/Wvzbts5hYXO93QN+/delIslfzhhKNLlY0kXuTI1VGH7feKY0yetUhecZnOow+jlkY5fQN9phMgJ2cJkJOwAcwDAu+xSiOWaYs4XsMIlnJABslpXJ2DSurTeZPxzUwImQFKCBQRO6DnAEYEmDCEhJyAcbSNc3POIPVgVX2NAXE+i7oxEMRTlQiZU6FpQig0a3N4FIatDBg3Rms4Gpgqe0Ept+EP7CVqq6vINPHRZ3uX28Fz3swTzD9pR1tj03B5zoIKSr2w9UqCnbg+BxFCAPo+wMK+iaMZKU6xo2DVOYG1DcikQm3eaD3lgXPPAaiePW/bm+0kGH6QphjYyyi/8WU6wbT84khRMIBb2zPypqy/Sb8+idSJi3mPfnGGfrUGxYAwPEXgPcw9PxMDMcnh2XzA2XqB812P4XYAxVXLqPXv1IvSvpvnCzPj9vYWOWe88sorODs7A9BOkt+pLR6SLk0VJB8rR3YMY0PWRLEYEBi6QEInvChmIKjxgbMYGqdJXGQLk7NjUyF3+jMVLyM7XWbmmCOB7cbGG1unY+mP3QMSF4mZsd1ui+fQqILdFGAT2sxcQNBiscB6vcZms8HZ2Rn6rlNjMSGPI3ZPn+LmyRPsLy9BRNi8/jrOv/hFvP3Hf4y032P7/vuIiwW+8Du/g//7X/0rfP0f/2OkwwHv/cVfgCxsQIw4e+MNnH/hC1g9fIgv//2/j2WM4L4HPXgADgHb7Ra3t7e4vb3F4XAoMaCm8+qNjM1CpoBMGSNJDMkQCB0H9aYBqOvQdRIiYNhv5TjkmGQ3NVBhzt4YMKU7S9VQwAgTBlCJypRKMWxGzSchJgA0oNFOubZlMAMxah+SMb5jgxVnViBADowokwaB1Ihrxizh/y0Iqv1UyKJGuPI8mOKrTL82otXVSL0Ap6cvGgXDgKzUbzvBjDoORwyxzLO+a0oglB/YomIW4zu53xiubvOCk/ctPpl5/ZoBzxg0UfUUKhNb/prxLYs3jrn0WqzBQqdJAEDpD6My+LZowXNcyqaCEVpF8ojeUHmeV5BKXo1rlDLr/MvON8cqaCkPCGEH5oAu9BgRkNhojgq/gqvfTukw+7WAYkyoXatgJytwZG9kZsgxYlWaS0xSmdKyTmw+M2uIB0dTVtOUn6LQnE6IoXCbBzf+5gkyp5wRORopwECMGQjVqGqgstKunzuUuJMF6EzooIagcGDBajJlycbfeWhYMc1RRmtTAYjVYEwG39x6A+b77pNXgm1jzgyrAPDw4cPizeTLKXUoSDQQn7gapgclgajzRJn1BK/z3iYXTILF6zqAQMOA/bNrUM7ozjfoNmeyNHMGWRgbNhCYG+Dl++7xhccSvu+W9y7j5lG/Z9IpY8DcO34931VOs+6nMgW6OctJPXIyeiKM2x1u3vsA26srUEroSDeFwboJLCFpZHNZ1nLBLzD+DLhD7WWNE0E3nCvPLptxjiYYdprBDOqysWNzX3mz1C3eVa2Vi4HiFWXGPaCuNVjbo2y4MuRUzvn5BZZn5+gXPYABaRS5SXpqSyNsaN1U8UfhUUKLzGxn8uucHk1kmbT2mX41rzH/vMiOssjd3AP1aC50qetYkQqQIne5cuY5+WPNst9EvJU35HeTt21nagFatixzZXQmE1jyyu8ZMfSIHOWI6X5EgHmqSrw+WadWamjkedN04yfZxx/n0pYSV53N2E0gRKQR2O8GDAeGhLZgQI8cLxU773JST1WSexRyQuKMOSNli9+Ocb3H4XZiyxsFb29vsd/v0XUdVqsVzs7OsNlssFwum+PuXtb7U17WJm+QnfKDaRkhhKJLEBH6vi99sN/2+z32+z3GccR2u8V2uy3l+bABfgymHrXT7z7d1Tb/m//udTsbw6lTxl3GVf/+XJ1eB5jrl9XVdws8ePAA5xcXGmYHxRBAqBuQ0/aDGTmPiLEa0RahQ0oab1jLj1EMWOM4IjuZCyJgVG9XOL5MpFgB5cZ3AiGHgFjwHGDr1XgpuMaAZngMUmPJ2ypXFgNADLiGWYApXyEQ6WYPV0zLVicUozhcbU0rxmfA8SxjLIpfcuVEBZOjciLjHYTKnxwSKv+VzSrjcQQJM+KNZfq5Jt2sKs+o9G2aSha2mqVNwdGiN1yLU4f0J6UMbuIhu7jHQcN+aQz0yITIGaA9lvkG6/EGlAe5J4d6IMs5tIwMkP7jTngfGW1IvRZuQrw61UhsoXQoiIFVkBqIGOOg4f8Si35RQsdJCLNc9FThe12vDjOI0ncnDgntUFce5jE/F3lvssWv7WKAVKITGDI1tnGTp2kAqMjLojd6XOWyEomxmzzR+Q54eY5WJzhKNJ9Hl7KDAKLXWfkhBnQdI+cOjFGGmXQlkyutOELpmrW46EU3sL8zXuHWFoeLDZfN4eJ57Fv5N6me5HUWjxM9r6/8N6qOFhpdTYehDiDaKfXlYdJe+1t4A58wfr+E1MWLh1idb7Bcd+h4hzBsQbwTwwkLuwuU5WOWnZ9FJDy6OMNuvMbtUHcxp4bVqeCzifJCzYQ3AGw2m0ZwTsv1xkdvvJVdPzNjSp0B7Jg9AGaEYF6LAdWPxnCggTnxfMpUvawssYuVKCEC9NfIyJnkUhhlTFmDOJuhi6BHrandZfY7tpY8Edjxej9uz549w5MnT/Ds2bNyPMcDH4sJ1XVdifV0fn4ux/118d08fox3v/99iU23WuHyZz/Dk7fewle++108+clPcPv4Mb75z/4Z/vI//2d851/8C/zqP/yHSPs9Bt297pZLfOE3fxMPvvxl/M2f/inO3ngDi9UK426Hx3/5l7h98gRvfPvb+Ks/+iPsLi/xxre+hS/97u+i6zqcn58jpYTD4YCrqytcXV0VOrC+EFVjXIlraLMbxOA/5ATKrM8DYhdBMWBMGYfhgJAGZIjHKhjIo/OEhcVPrIrJlG47u0CKK2NuGIuVVJjkxIPDgbjCgIlgcY98XdVrY+rFfMw4KqNphXxzPMoUJ3c0sngYUi602xhbVdlgqHG4AZ0KxNxFGaQxiosHb4N0DFbId2YUQ1rdITaDpwJgQol+ah6XcpTQjTsqMJoC9Xq5VwtyGt1WGW4dE/EbkrZEN7YKmFm8lyR+oY4iEWogHddX0tbP6xV1/soY+Tn18+BBRe1f9QpgMEf3bgVtAEqsYgOuKSd0JPnl+G8CMCDlHTgsAI3XWo2GcFpzGcbyrEZS4AKkSxsBcLbNEhsbuEupJvjGA+jpwNXXYR4MddRYYvIV4Vkvf/NGrDoZVOMIZ2e6adY81XrRTqMUp6b+MkRGS56ecERzOkEoc+sAPvssTdeNr9Txs4zFgK1tNcNrSrYJ1xbG6p1e46O1vKfkm3lu8bfnLpxcr9e4uLjAdrvFMAyNbLO1w0mwQwwdTEFjCkhIGBlInMuFAkZ/XsmqfSD10gE6SCzM/bMbDJzRUURcLtF1i2J8YpbwA0Z35BTsaR/9pu2cUXPOKHpX8oaOU+9M65kavU/9NjXkTLGR8VThnwxKctQ0J8awvcXNB09wuL5Fx3L0Ty4/EHqyPY+gR7tNUUGRS77e+nttqm1YoPKKzCgWy4bcdM1OPIMCkcaunqwJmuJIG5eqhTSyEyJDEgDqeqw2a2zOz7HYXCCDMBIQOEuMfF4AeqkHdDMnTyvXL4ENh5BuBjgMOcmdOZcus9KgtTOXy4h0nKBKt5VAla/6GqYbON4I0dAFJnTn6mjyMlSxRi3EpGwpa17xIqAo4pjIAuFJESBGhBjyhoN6jmbb8GAsF4vmpEnF+zaKHgO5TVOqytpUphtJCD+JACLSOGK/G8GZwCGrTBe+3FHEIhAOWU5UJZWVXGjMFT3DQ+fyTH/3xlF7nnPG4XDAMAy4uroqJ8nW6zXW63U5YeZjgnqM6vUoz29sbEw3sLAtdmLMxm0YhnKqjJmx2+2w3W6x3++b9lrd/kLVQgNOH5vqNkeKufs356Xrx2uununY+vzTeu6as2rAOc3nfer7Huv1BufnF1ivVupdaCdrono6khpcU1Oe/BOvZduYNF2t7zudByrHe+0CGyLovQxykW6MEYvQIyU9pcNmJjmWXd74ygWX66alYrTmhImNY5jMLxPATgdA3bxpcY/b1JmAH/tua7bMQ8GsKPivyCAN9cRgC5lsLLH0C3bCHO7irBLmTOuZXBiak4s3b/XY8JR2VZ2lhrax8wHtyQPDoDAcZ1jWhfEy71NGqMf7u3oRrNRrl0YpImR3iR3LMfvq7EWIGNHjFj22WKQtCEnDtdmxf9koLcZdjqDcg0IN0WBJQiUAUTUvM/TaeAbVwbpO7/iIATGK49rhMKrB0yao6mppZBx4AHPCQsPzxU76FcPk+DrD0a2tU8dXC36eTzL2U9xvBTs85nFz+3LLNxTEkNGE0YX/Z79N2tAkV1XR4zz2n8ju+pJiDYhDmJVLrLeVECF2Ab3K3RHi2AXFRbbbQjp3tkzZ0ZBVLEupGj9P8d/SOid35g2qrs+elTie24yb3ccwmQPT56ftad+t2Nd/tzZOnfas7zZ/09AnLzt1D199gIAD4vAMkQ+Kg22gdVeOCcikMRgZzAecrdZ4sOxwsx3Ei5OEYBZBADuCg4pkO14o3/1E2vH2nDMuLi6KF6aP0QmgCKd2EC24PCEqU04pl+OeRtbFY9Ud5zWq9vGQ2W61njsPVIL2o1COGXRA5ZQBbAcRtYqiKVi/rX82BrYja/3yhEgk4JSZcXV1hffeew/b7XbWkxdA2Qk/OzvDer1G13XYf/ABUs64ee89vPMnf4KzN97A6sEDxMUCDODii1/EL77/faxfew3DzQ2G7RaL83O89tWv4u0/+iPc/OIX+OJv/zYWZ2cgAIvzc5x//vMYt1uMt7dYbjZ4/VvfQrdY4N0//3P8rz/4A7z/ox9hf3WF8y98Aa/82q+BU8LTt9/G5U9/CgZw/qUv4eGXv1wUdPNq3e/30ndkBOoRQ4eUWS5HihIAnkPAwITEwLrrsQQhjQPyeADnJIemg3o+Kh14o5kBa3OVJ51Lb+2gKMKCVGkQEGtG7FYZCILm0cQ9zC3DtvrNk7OShpiWwGhuKa5rvhrpaxwye17LsOMApnSaMbMcl80oR27knRp71W4YJKLioF12wZgBstuRUY1CWY9Kq2JlSjmX5VG9QgU4cgFGRHI0T4SMjoter0yQeHwMOaaSGGBILCAG6S3MXBQotnXlvVLZe6m64/y2fnXOBfsJ+Kl6gdFKrgANAFFdo8yp0pKudXnDLrGS53LhVGUwNq9eYLRCSueuMWxbw2Ityh2REeEintsxBFAwg7XsLjcl623fMTMyjwi0BVMAoUfxOoDFWyQQR3e5mW0eoBkXK9xYqsXANgBiwNOAaWPItE+E4k1q8cDkKJFdnlCBuI0R65qpzytgbuUlub/tRkmCrIMQar4yL+5/rBVNgVXZMJhpV1O1wfNyPJ4L7eml2CVsmq3hZBuIREh51DVjBjGdx6A3DdvJDnLKguaTtig9e1BkgNP6AdusHBFiRBfkFIAo1ceAK8aIzWZTwvp45SkrH8icgQwMnECk117q7cZMjA5idOoUGGbKII5lAr1stnGW+NpyoGy43WObnmF1fobFOSGETg0DjBA7IEYtqgLrsragXLjwDjXYEJXjT0ZTpsxO06zRaUbRnzOW3gVi75OmsoWIEEOnF/ppbOBAwDhid3WN7fvv47DdIjDK5hlRaOWaAW+q8mna/qNb7I2OHHgvBjKSTSG7dK7u9en7gQRfcl0zdvqDj4bWPHGg8kg8bjJB6UiwHwfIBUUxol+tsNqcYXm2Qeh7jByQdFMmIiLQEjkyAmekUU5rEUXxqIXx98rrigyzJWQ9cUqYjZEfS8srscyj8q26UqdKoYhcwwJlmmuqr/pJKnIXhrGNd7myxR5DRVb6q1vJIBADFjLIjn5WeWMSFHXOdYNOQmJJ/HRxNkhFLhwOA3a7PSIFZE6IkbBc9eL0gHZdCG9yzrSuLkblkaXpbDpGgs8k3YgY9gPSIMAmZpL1znI9ZmBGD6BnxmiynIBIETlYYSovNHxZbdKxF7n1YYrhGxk64QE553L0/urqqtxsb2G7zNhquoI9B+ppQLt41soz/SLn3Nx7YN6rwzBgt9thGIaSf05p9kbRudN1hSQn73lF3JczLXduLL3xz9fp8/tTFN7w640gwLwh8ZRxwC4zg8ZfX63W4u2+WOqpQdL4q3J5UOvJa551QlN1vXQQg6kYlWr9YjTvNWzEOI7gnGpszmxHrDNyjuhiRNcF5FzlvZ2O0Y45lOv6lNnuS679V55P3niji796+QJ26iNb2C3UkGPtuLl4/U48sPLlomeRkwkQHhfZPOesiVFP/FX5G0JsjoubPmb0oaBMYzwzbCOpMWrZPEEQXTE0M9cY97BNGyp9MDW7GMQKfOIyZhWbSK12MqOEsNL56WKUTU3mglO4yAIu8ydyppN26InETAFL3mHB1+iwQ6CEyCMyJNQStF9VxxA3sqo/eKEhnqnlBAoB0JMKAaH0SWjHvMarfknq7TsekuBUNtlRT6OlxOC96CA5BSxWwGLR6bpLcvgvVRcDporR6rkYbS7XeSSqx8OljXUuin5B5nTlgXjLA+B+AVAuTSaicvL4CMYr8XEh8PZSX5sFFPxT65vjg2yy3uQBqGClghCo4k/rTwwAd1BcHsCDOeipDqBzLh65dtryWOdkZl2axg9tk9eFK3IpUtBL0Bx/dfLBym42Uu5ItvlkOj0ADbHZnsw7GjdX11QGTeXE1K5m6z4wiuPJx5G6jm+AfJAwAApajSKKTlYaKDtDzAkBCRfnS1xuge2MD/jtAAAgAElEQVQwAHob8TiOxRIOP2CQXY+52DohBBwOB3zwwQeNgdUPon2eHuEwgCiyqP7mcK5j6FwB6kQ5KO/BCPiUAG6NYjBFhcVDrImjmishpDSejPMzPQID1LhpJrxtd/uDDz7A7e1tKdcbnpfLZTGorpZL9DGCckbfdfibH/xAyl0usb+6wrjbYfUbv4G4XCJ0HdavvorDzQ0++PGPcbi+FuPpG2/g13//9/HBj36Eq3fewbjd4o1vf1sYbd8jLpdACBhub9Gv19i89hpWDx9i++QJQgj4m//xP/Da17+O1//e30N/doanP/0p/td//I94+Oab6M/OcPn229g/eYIvfuc7CDmjDwHr9Rq3t7fYbrc4pISRM8AHxEAIOeOQhQmP4wErIqwXC3RMGA972SVkFk9VlMgzzS5hc1xAYzIKkA56CVY9PlRBWVU+xFXdC15jas2eVKUVB+RIGWYIUyAI1SL0c8MMKu2DRCkQIIBCoxJXzogdpa2FzMs6qIpQiZ1S0IoCqKzSypinY+rVb7Ae1SjrQKv18K6sN/WMirbjpU0qQskECREoRASSbWnOdst09coqIQwCQOqBbkqkjNOkTW4cCj9zvFR2Uh04K0LBgJsJXNfvcqQfMEs1gXTnHw40VQB3LARqeaZMC8v0vKFl+r5Lti9NaAWmgWW78C2QHDUTXKq7zAQAGYESmEcETogkge9LXFQjHNEVHL/VGGB28RSs3TYKlS8yZGfQaJrIvNGVrlz3bFoaoOFpdzIIhl2lbjd/RyNHDvTKfImxxIHwFjk1oKqMtoHn6TyC9LZ0GQQ7zjNV5vwci8ygcsF3GTm3dq0GW2deWQe1ccZzrkcLaW4EaEL0mir4NK/vjMwJXbcoHlMmS6fJ+rder7FarbDdbo9iiRs9S9zTLBF1bJOWhXxGAF1QfiS7P+BmExOqNEkfcrZLQHTdZ8Zhe4ucJP7U4myDsFwo/8jumDoqLyM93aFYJIOLQa9USW4eJ3M+HYO5NLdx8lFB3BQLlfL1czVwy2ZfZkY6DNhfX+PmyVOk3U7O5Rg96AALO7XNcPPyQNlcMwO98RuUdez4LRSWk60Je17VG8tsS5eZgZSrogSUm6bZlW2JQtB4cGYOlPnsQ1Q+xeAgXqdxscLm4hzLzRmo68AhYGRoPG3hY1lvpw7UgUMPpq7IWaO7cildWZ4mD7W9hPrNxkV76VGBzZnw6+phZXLQxtv6UUcVtTxjGCYnNEs7Tjx5b5psRtiKUr5USiyynoujk7UPZdyNHgrOZoCZdB1JWEPpjsjvpLH3AejFswnLVYd+EWWzpET4Oe47TTvaCsL6zAz15X1xkhgOA3a7g3iAmZesexUQ79oFBQyQGMWyieuPt1d5LtXdvTFyyojYKLVO2Zsq38MwYBzH4lX65MmTwvPtNIEZW82w6pMPJ8bMxWvVYr9aPR7vzrVxqnPNKa1+XOYMyD5NQyz4sfIeSHNxVX2aGrjnxtTGYVrX9FlNVNb3crXCxcUF1us1YuhRjKesgktp37C/vW88QvpDQKbC6zjXS43YYDYknFqIEWJsHYuOnHUcAgsuG0aL5dqh7zokN8chBHXmkOaYN6f2GmXlZj+epnM4+ej4j2E9Yer6mztlGfSoejEm2ly5uglQiNzqtyZj6lFlOIHv5L+NqpYvz7Vsb3wxvuxxJcG1B/C7dbUd2kWTXWQ07DdAqqNK4efsRteNl8gPLv212LtTT202xxSufNxEMqtrSeA9mMUXmgCs+RYL3qLnHQijNqINYcDW7zKvVKbDsgnPVh7uWZhhaUc3pmWIvMqgkBEi0KvRlgBgkBO21ZBdZg05M8aRAQx6WVcoHqzMrHfcKB1QrdkQK7t5L7erKPbwekIuepriNR1/NPdeVDldx0vojV1ZTFXbLXJ5MtdH4MTRNso4WDl+RFDaVvQ31+86FW2d7OssYpDQ9TpfPGIcdUOCLWCl9ddv0B7LrYYXyiICMNNn17ZiEOeJHWEm/7SOqazQJhaaJTq+zH0uWb65Oufwt/+NldecLv2jp67LO8jRg1yVCEVMfhClpcJAIoCMhPUy4tUHK/zvD3YYMwEhYsyp3nbnCY7qsWvfaRMM3sB6OByKkTA2uzz5aHd2yrCNmfk6pmlqVZ9OvDfCnppc/840vqw9M5BgoMbH8DGG6/tgfZpa7A+HA549e4anT59iu90WojIwIcdW5BbSBxcXiCFg/+QJ3v/5z7F/9gxvfu97uH3/fVAIeOVXfxWf//a38Vf/9b/i7I03cMaM9SuvYPPqq8jjiKuf/xxgRuh7XP/iFzh7/XWcf/7zeOsP/xD/+wc/wPLBA4zDAFZDZh4G7C4vxUgbI0LXIS6XiIsFdk+f4tGv/AoevPkmbt59F+/8z/+JD956C1/53vewuLjAL77/fbz7Z3+GN779bVy+9RbyOGLz+ut4uNlgtVzi+naH3bjFOBzEcxUBcoAh43y1wIPlAsPNDQ7bvQIg3QVhH/ShutL7AOU+9irAjWHe5t0MewGsR3SOmZPNQVHC2B1/noDSooh42gMK+/W/VYDY0ndOcgQEM+C1vC+ZTRuED4waAkkMZZNecGBIl37BOECzs22VGMASOvSeo6JVBdd/1neKUU2Bfba+BAKheoSCxVAcu4h8kGMpnCQWbYiiMDFq/40pM+xSgDoObaiFqlYKgKIyPrLJlyW0h9uxNh7ohaKNSwjtpTEyN5rHgvHbURs3TXXODLDY8CpoN4AHNGBwmjizenVSaZfMYgCFDrDbPFn7CmlPKRsSZ5DyAch7xLgoALUAPm3j9HhGatyJWto1T+YCJ6iOpwXsL4p5UXGrR7TVasC5KCZFP3B5yOqodTeDPR2zAgSkZJvbClxoSuqTz22MWCnFAyozVc4JdK0i13NuUnf10CjyV4uTPlaQbB23DYFsMtDWo5Xh1nsMASEegxUzImVQiU8aIqHvOnRx0Wz4zSm5Vk7f99hsNiVEjc/jZZRdEORlbuaMPQsdxwBQghhHQuXLaIdb37W+JOhdu0iHA/bPrpDGAYvzMyzXa8QYKoUFjV/m+CaR8EIDdaoS1ePxMwDvvpjivunDGl+rTHGywryDYgDtB6TdHjeXl7h9eglKqfDKArxNbtnFJUHDiTD05FGpDVVKOdgti7P0wU5+lBWm3u3VwFoV2KwbVLJmc4mpyvYMxxoHM0ssOJb4vVJPKJvjCQC6HpuLc6zPHyD2SzG2Anr6ARDPjlBoUi786ICwAIelhEdRRdKOxbIbr8Kw/byp546I0MqPqyJY32kQta5r+05l/tu+F3llOcsf5SNm/KxTd6fSMDe8Zugtsp8AH1JI8FE50lLwTpGNKahBlRGihOASQ7LEjBwGxnCQk2hymiNjsYgAyTHnRr8z6FJt7g4bTdcgt39LJ8xIEDAMe4xDEgMWk1ENMizGrozfAgEjMsYMjEjIQc0czJiOaMNH3bNTa3jqWTk18k0Ng3PlpySbaMMwHPHlOX49p3BOj+37dMoYasZZ072Mz3sD51TJnTMoVz7RttXXb8/MuGq61am2+vZNDavTtllZ0/irvi1dt8DFxQXONhusVivFC4JZSC9JRs4tljf8ZQZIpRUzPprwTzmjC6abArbJAjXkidFpgTGNgF5oNKUv6UMCk/DbRd+rfnlMo6VtVp/xCsUytoJtkWWWy/+sY9HrocHChNU5qhe2TvQQh5eJLFxT7YN+ECOW15eKsHfrRB0+WE8W2VokmNNMdW4xfMlFV2vbotXKNzdPteGKoIOdEPMIVf7nydDKqrRUnQlM34m6SV0M5orXyNpqUZxyLmFkupCQEXFAROQBK95igT0WvIOEABAnE9uEnvILw04FQ7lx90blKc/1WNr4qNC/YlbdfAcIFO0y6Q6gAThoCMPihSz9l3BMjMNhhIVeXCw6dL1ihRxgu3iF73udqMxLbdY02WZpHYu6VsgJtCk6L7rAFGqwIcG2ThtNbhZ/uxHdEMhdqcBbpzdM8Y6WdyxTMoCoJ7VVj+Dab/kXKz9yBCy/Gf+a3wCrw3C8oViaP5kTG+Y5c+UcXzbePtUtjvQd145pmV7+nMrXltnmY09wH0PqggYkZoowZ+wSN7AAY65A2UAVJwRiPDpb4ea2w+XtCIo9rL8eNATdsRhzagbRAwF7No4jrq6uyhGVzWbTCG4/Ef6zjznq0zHTaZ/PpjvG+j6AZAqc7Jl59tiY2DNrv4EnCwEwjiNub2/x5MkTXF9f43A4NIAghIDVaoWHDx/i0aNHWC4WOFxf4/byEu/98Id450/+BE9/+lN87hvfwKtf+xqG21t06zVe+/rX8f/863+N1YMHCF2Hbr1GHkesHj7E69/6FjglPP7BD/D//pt/gwdvvok3v/tdXHzpSxi2W4zDgJxSuc1wPBywu75GWCxqUHA1vH75d38Xm899DkSE68eP8bP//t/x5ve+h4dvvomsYOjZL36BcbfDj//Tf8L+2TN86TvfwWvf+AZe+9rXcHF+jieXl7i6vcXhMGIYGMsu4WLT4+Gmw4IY1weAY6WLPJEO1ZgiLMxwchEAk3ktYCtnNfC4nVAYQ+biIeHBrc3jdL0e06y2TttWj2NW3iztMTBYmX2GeCUV4UUat47cmstT2q5CNucMtt1z6KVUJZyA7UbKEXxV3SroKWN5DNpFBJPEBrJ2BBGuduEJ1NhaGbz3OGUQibJlQEUEZtZ1ktFxkBviOdVycju2NofaMjAbYFAhVhQlGyttRwDy6PkLFYU1s9sUsvK59rsAmQy9BCS5WC4EzBw98KEKasn2mxv3O1LpV5Wecswq2jEQjSmTFMArPcNoGBmBByDtkckMEXr7p06jH9ti5HR9MaBexlsBtwecqknIGOi/6UVWJcyBB8QFWxm9Sp5g4TesPteenCZeKQUDOa9W48HNJTl1h5/Kd1uoZWbqUBeQzrDlQe5SlmYdGz2V8dT14D0iqDa3LiEf80vaYjGrMtewOYCengCXo3Nyk3BAjDR7CsTmxo4hmjdU0Es1fD7/t4yEW2tnZ2dYLpfY7/cn80RqBrIcA8rMOBCjU0tK58LxlJ3/sn5RjXC2TlMCgRAJyMMeu2cHDMMBGEesNmcIfS/AN1dDUOkLO0W/aS+O0l0gdDq2Pv99DKZTA+5984lBTDe7kNApvebDAbdPL3H1VLxVaRhLWKaiFJPwKotdZ7QZKIADl/UGQMNBUVn7dQnUtW5aqBn8uxglnq40FA3PncpTtvWgMg042lcq3nNWTBCv/GS8JHbo1iusLx6It2qIalCVcs1TKCAjcFDTQkDmEQkRMSyBOMilhjzo71UWSGPh4gE6jm2KlWVyfSu8zz0jCu658SEnWY0H+YFyg8LGd9BuYhl/5TtplSsvPFrTqLIeNU8xArn2k1fEIZuhAEtIGjUAUIiCJTiCxxHIEvqHidF1hL6XWOaF45LnfaXTM7KTmzVcnwv/9dgujYzDXnScjqLeeyDjb/vGBHVqAGEB8abPWcJNwGKzOt5x11r1v5tR5a40Xc/+mck9f9LP43/7bVrPnBI8NdJ5hfOUXuTrmyqylveusfD1eN3Nt3WK2byuZ/WaPnWE0V2ZU6PxqfGaGpfkklhG10UsFks8evgIG71c2eSTEVldk+QYkXFCrVvXzxGNTmha+mFL3I0jmWFZvho/9fPBmZGQkDOcx2suG5jeyFH0d2tP2ZDPVb46CGm6D2tfp/RTy9KuaZgxUvlSeb3Dcfa+x5M2j4oXj09vKn8JtnkvOol559Y1Xg1GMZqBzXgZUA13NkOKxUo8BapzY3je8L31z7pl2Zx+ZY4kdjeDbEC0xiLWEBzFccrGSsdExlQFcSAgdogExHxAl6+xylfo8kFC3ejYZRZ7TUe1fXUpchmX2u5WjxVaqLy+PEObx8N7IsPbshkWIqFDAJMY8oaDeKmKI5JeJm5xWJExDgw5mTSCOSL0tj3n5Z8RY2jGV8a4OqIFddLw9Gbz7HW2I0zneZ3NeSt0igz2Y1JoU8sgP5gvkky/4Vq2Ra2t+Ihr2/SvtcXWglkDCADFiL6r62dkG+e61sBOXhf+ZHzwFF6Qsc16OfKc7DOMULjgc4ZlTh7N12+G4QmesnGYyC6/CdcaU73edVzvHf5LHzl1mQ0kA9FGhiFHHRVMEkPjL+gOHnRQc8Iijnh0scZ22GJwAsI6UoSlA2dAe1xjKvxSSri9vS23V56fn2OxWBTi8fHdbCC9cLVA7laPz+fbMCWWlhmh5PG/+2enDKWA7DJPA8570EVExZg6HRNmxs3NDW5ubvDs2TPc3Nw0u61Wxuc+9zk8fPgQq9VK4vIdDvjpf/tv+Os//mN88Xd+B1/7/d/Hn/3bf4uf/OEf4tHf+TugGJGHAcuHD3HxpS/h1V//dXzhN38Tw3aLv/h3/w5gxtO338ZXvvc9vPb1r+Ov/st/Qeg6fPDWW1i/9hp+9fd+D6tHj7B68ACv/NqvAcxYP3qEr/2Df4DNq68idB3GwwE3jx/jyU9+gsU//aeIeiNpHkccdju89vWvY3Fxgcd/8Re4+sUvcPGFL+C9H/4QRISvfPe7ePjVr+KH//7f45v/5J/glV//dbzxxhs4u93i8oP3EfMeD5eERRgRWWJ3XZwvMe4H7HfiqdcF8QZGCBqrps5d4lQ8EeolAWwEXz3BlNkaA7eLzAqAUIFsTDBxtrsUa4wptvipUr8pUCW2oXotwxQiFQrkpJl9L8Y+xQGyM0vF+FnBRCtojRGX38tgiAdKBTEEsOx+UQkLoswKHgDCtcuAv9WpSghV70VA5Xc2gOgBrgAc8gYuZmkXNMA7a+BzA5o5gxoGNF2rdW3aODLX9kvbqpeUgcfYqUezi9lqzTFsbWCwMAiV6bIubWz04rqkl0GEHkRyzHCCsIvAatqPuRuSaeYZioExOy8KGZusO5pyaQdI4hASoMqCHjIKAcRZfHXyDkgaCymsEGDeCxaL14S6GVxMlHLplpUvesecxFLhzlODIpUxdsul6bOVC61VlIo6OTWv98yoz2r7dNwYsDiQ5YI2pSnf9gYsuOkTpcR7urcT5EFuIxKLoifPWi9YNf4FKoEGxQBe+b1dlCAeEC4MgANNBKhRNSB27Wajl1c5Z4Q8IHJC360Q+g4ZhJS5mDdPApIJQS4WC5ydneH6+rqcymgVJfH0DoGO5XEISJxxgMjLAADjAH/KoCw2PzO6pimgxEvrKGDICePNLW6HEYfbLTYPHsipihDAXVeKMSWSohql9VIS88S/yygxl6bY4EXSKcPs8/JJZoBJVZmcMFzf4NmzS9x88BQYExYxqPIL9fpU+qWqfInng90UTa5oHQMChHdDKNIpqpX0jGfWDYYqy9jF+m69J6xfiS20jS30VuGxfKQKpnidikdNt95gfXGO5dkFECMSVObYZGe7OFFisAcValGNDTkHhNAjxwUoH0B5VD6Qi+JQG6HtcOuO2mErcjBkavpodFvCxU2mk1EflpAM9gPhaC23Y4MyP3Nj51O5cKU8kAJ8/TDlW4ScoH+KqtI5j1wtL6q7N3Oul+9lkUE5AYe9GYOE5/Z9B4TchI0xGVFxSos5PBM+XjNKU6q4Sp8I+92Aw35QfCcxBrls0AgNmskiBELHQeL3h4QDublG5Vn+WL3XXSyPnyOv/Pnvc/xievy+xamVf/tUsYr85nlvOz7H+s/zkte1TGZYm6YG3KnxE2hP8nm54fWcaZ6pV6t/b6ovWlmnLvyattXrasKHZDNps17iwcUDbDYbxK5X/C5ryJZKVn7COasHdK2DQBLrmdgtxPpXPBIFF6KbH/t6+lEwinlPSngHdbCweS34lZCKF7EY5LLFadXNW8Nt1v+qAtSNCCiuI7ixhq455TtccGbLO0x+1M0WP18Q9sG54K1qcG4xjvE64e22seU3cQqQ12TrQ/iGOTOUUwQQGVDv2pvQGuqJAZ9YsaEP74JJXsOphrXAgplC1FN7xQgpOmdOcvphSotGZ4aDohqw+gh04xXi/ik63oGJkGIsoeNEU3AY3MArpthXNi7vSkKigpvb51R+q9iLije2nWYLYAkRgA5yJ8WoY1/lAwAQBw0RUPlEREAXa7+J6klDFBlbZS3lih+LMx2jzE9tqcerQAXIk+T4JE9zmdw3XkOwMMxVVuIYJz4X/Zl4DX6tUfMuA/XUa9NcbmLNZtQ8MTIWLGEgkeUUZvZLxk1H8bI9kQr/1j6D5laKa6t77y7sOpV/Xn7WetsypvK1ljeHgY431WZ6V2kM95eFHyZ1oZMjU8I5ZahIjahM5qFnjQzKTHK5fTcgYbPosF70GLbJuO1Ro3PKx6AOx8dJ/GDbTZqHwwEXFxfYbDYlj71jwt/eM9d7i0fkQYe90wy+IXX51RkR7gazvq1T4W/xjjoNVA60MfKsnb7/BixSSthut3j69Cmurq5wOBxKqAMLi7DZbPDo0SOcnZ1hsVjg+p138MGPf4xxt8Pr3/oWfv6nf4rbx4/x+t/9u/iNf/7P8cP/8B9w+/gxHnzlK1h84xuIfY+Hb76Jxz/8IcbdDhdf/CIefvWr+Pxv/RaWFxfYvPYaKAR88bd/G9sPPsD+6gpP33oLT3/yEyBnDLsdrn72sxJzNS6XuHn3XYQQsLy4wKOvfhX/17/8l3jla19Dt1oJoS0W2LzyCtJ+j/3lJd7/0Y9w8+67+NXf+z38+A/+AMgZ+2fPMG63+LV/9I/w8Ktfxc277+Lq5z9H6Ht8+Tu/BRquEbZPkHc3iCEDuUOgBZbrBYbi1atxL8u81EXmAy9LjBjALj6jsljrDcayLNQTTOkajn4gpSPlBHO88ZsJjbJibF8FfowKSllj7+S6e2WCywxnAGqsJuWSVdlwDE6IVj5Q9dQq8TcViDDM81NpnnSH3K/BsuZreVZZOeLvUgsc6tEXCQEzpXWgxnOqw5PBCOr5GzR2HvTiFTHiBgGolBG64Mr0u7TV2GwAjHTNiRLYXo5AERJknsjdzEjt3JUhoOqFywy7tK9606m3CgRIpJTECNiMdTUut+K01uOg25FZCWxj1vIeWB9JDE4hOOCQAWbrtxmQJE5hQELghJT3oLwA0Kvnkxy4FqBpxtbiB1HGx8dlbNrpFCE7QjrDQUUmZL9WS29UoafaZbiYhmweDHX8iue18m/b5ChjSNY0gsgygt5YUhWD4saBGjNb/0dBj54pmVSALZsA8qyB4QJaSXfSmYv3QWlOmBibbDxLn0iP6gk4T2NCylXm+bkPRHIJH+w4mqzFzFkuOrI8OYGHPYb9NSIl9F0AuAejk7oyGtoKyqemhlWv7G42G/R93yjZPo+10T9nu/QNwMCMTlls5xS1Cq7Ny6WmrBglRAJYbwMGsAgBeRixPVxhGAYsNhtsLi7QnUvIHEaNTxqDiz/NZvwKM7TqCMgnt66nfbyr/6dSlTw083QGwGe5vGrcHXBz+RQ3T5/isN2hg8xbVC+95LwPzfvSajJ7fm1frckUHVOsibjGJ8P/x967/dyWVPehv1E151rru+xb3+gGGhpoMLcDxDixkO0TbCX2QyyfOFIecmQ5URQpyh+QvOQtf0SkSHmy8pI8WIqcWCFAbEIM8Q0DJhi6ge6mG+iG3r337v3d1pqzapyHcalRc63dxjac83AyW72/71trzppVo0aN8RujRo3RsJ4/Sy23tr1LNg2Uf9RQd3kaeCqOutedjZY2ikKEvBpxdHyM9bXrSOOImrPordpOWxARUm5RnYnIfYZEhEpZy/clMI0gGlFp2/Lw2zpXnVerbYYzLPdrm1uji+jLOIZmxOq9bhDHOQ7bKVGXNwK074CO59idESpH/B09x+zzY6C6jUHfa21JU1qQZ6FzKOl5N6qu0diwEgyjV+ymSUmWkBJLpXR7j8tT7p4LnBAwtnzW6wujA7x/OQG1MHZXE8pckdMKGooKq1DceFb4FEQY5A/MLM604jnGe9m1jBRdOlgPGXr22aE8py5rU8tJeijC81Bxp/iOGMW67wijrk9v9PnSboqO1WWbh95jbSzfc+hnHOPSqbqkc7SxDuVvXeqo+Fl03ALAer3GtdNTHJ+cYNQgEPveU1ux2gAw2HW4OHM7nSQ2pWEXw2mAOhntdA6Rt2v2SK0Vq9UKpLgopaxRrBllnjFbII7+z9ofO301DFKAshQCY96jnacosD4t1ZnKjOhktXHbKTLAnL9pj87aCBaIdU+OG1ZMSitzqgCiiyjF9QMAVni34TibF+K0x7cmNU0awxBrkC0PdC8RPN1Ww+KWIk77Vo0m0hFKUkiSAN14MfuSw0kujbR0urPn6k8pIRNhSAzCjPXVq0h1AtEMSoPMm+bnlfcCyfCk53kNLrogE7uBhXlxGlD8fjmPqZl9pgdgeLS1l7JsbFNoa57Z14G0lsC12FlMTDsG04ikEdSyqZCU/nCbAgFTmx62HOUA5AQOtx7L/b1ebQ59b8V50Pipte9P9Q1rP1y3al+ijrfmnTcOUDRepLbNwXUY8FR3v/aN7cgRILqXJP1XHjJyUfxT2AipL6Flk3vv3pPlKa7RBeaIeJHfuNhhe6bd3+kcnVMLSBOsF+jM3OjlMxewjL3vgL6JfYl4of12SI791a8BnKSyoe7qugHqL0ye36VWoLJGZBYGOAMzUHdbrDBjnRkzrcBJHE6kUtBANdAU3CElGYGHEaSUgvPzc0/uvszFakSLx+vj5MaJWYIOA5e2ucPKj5WBIcUJ6ZWzPRt3S+O9KSWM44icM7bb7V7Kgnh/bHO32+H+/fu4c+cOdrudP2cAZ6NJ1q9fv47joyPs7tzBbr32/ISvfetbeNOHP4zHPvhB3H3hBdx+9lk8/Uu/hPvf/S6e/+xnsTs/x7U3vxl5HPGWj34UZy+/jPHkBHkckXLG5e3buP21r+Hy9m1cvf46tvfv4/LePWzPzjBdXKDsdqjT1KIuU8KwXmN1ciJVea9dw8rJSDgAACAASURBVOb6dWxu3cLxww9jvrrC6RNP4NoTT2Bz4wbe+Tf/Jspuh9vPPAMw46F3vhMpJVy+9hoee//7QTlje/8+3vaxj2E8PcW9F1/ExauvYr68xPb1e3jig+/H0ekNpDSAp3PUOoNQcXq8kqIFlwVEg2z/as7JdrBWhJItZMsXVFn4OpPNnTjLKkuhE2g0VQNRbSHHdWrgnE37IeazQzuqp5rDNxQNrKoRbIa9+GQ08pkgR+qsLSuIVVvBDRf0flGrnKnC2lImEGeplpsZQIu2ZlsL1PIWCb+yHDWv1rIKeC2CA9MF3I5u2F1Jx0ogICd1WJE6pACv7qtKFSxRvVB6gkUmcRXHeeVJaFA0GoDMqLSjEtD+CDgYUutLB5qJtK8NRFflGdIIVHO0UUqS/8q6pBNvBjfUwSsRPgRKox5JNSN/35hID1AC7TNon6uDoKirWFGBOD7tM9Pswreo4pCaZ6ByQqahi5Y1gJUAZJ7B9QqZEgqOUDVnXdI8SWCrESmdI6WLvbKtL5vv2M8QUbLYYFviQMMu5mYowbDpDWmVt6BQmMZoHhrz/gYaGViz429Aj9IAB3DGyga2jcdaJI/SW8Ga0yJU+m6YMy1wDvncNoewIPcESASqReqVikmNqz1+MaCiKQAoiZNFTtwSQAMYhJwImK+Ai3tY7c4kapkyytUKaTxCzgqAgiSRit9to+aQIU1EWK/XODo6wna73XMy6BTs6VMiifQoXDEzYQILjw5CRCaR02Qup2TcKpMra8Mc6pCUEWCNFCcplLXbYTcXzBdXWF9e4eT0GvJ6JUV1IIKVIEV2QE2ux4IgNuL+gG8bi4PvQJpDjoNDv3e0hOIuBorlPA0GsXhBJXpfTgRU8G7CxdkZzu7ew/byApgnDJQwUhL6mUFg2E55jVhyABIRioLSiIMEl2gaFxsgkUYamm7RExQ2nxYVDpGvlFulaWMCwZHqDFInL1UpIASTp2wJqvRK4oivtaKAkceVOEROTrBab1DzKCcdatgEXVDWjLISJpSs6m2yjcUVKB+BeYdaJ4xA0Cuao9NlsehfWbds5HH6mbGAjidkHljxB7lBanzWNgidtmjzYsaqyf5oGrgcduFrDzWHrm9wkTfn77D3m+wFCFyTyl0zUOXOAUnzGzJk86OC2I6Nc6DHAFDGNO0k5ymtAAbGVcY4SuUGAKhqevhmmM2hMJLSJBpHjZ7CuqItBKuRRE3VhGk7Y56ARFqnoTuVw5BIK9MXWnmdJIXJKiXM84SS5DhyAlBLUSyYQLnpoaVNs/xs6XiN16GUZ9E2iM8cSg8Q33PIqbmUxfG+pSNy6byMTt5D71raWUsn5zKn3vLo/oMM8d4+20+vEN8XaRT1S6RfjHYD5KTF6ck1HJ+cYL1aNcNcWm/rRP82m13EcHSItGfktBADbOmKoEURm84yzLd07Nk4pmnC+dkFNkdHWqBM3pVTkrRrWhTOcB5ZygptV5yvsgKHnFE1qnIuM9oJHdkg89iGWFPBdFkn43T/Wd8nNyjucx1pdrjaR6xBVk3QYumwlXkEpCPJA0DY54/1lFmQBUY7/agGO86/Nz7kJkvtfvdF2Dw7vzpQhG1tVysQ6nNmPAeA1DmcpEi3NF0klSGgQEDtSFHUaINo76ogrAeJOB54i2E+Qy7ngJ5KEoek6Hrf7EtNFrPTHbpxpLLeB+zkV75dpihZzgmHzx3J+jy6Deu5hTUaGYRhkChUw3REVQpEF27Pq500F8UlVABOGIeEYcgYNGo70sn/VSzNYbNL0Z+P0aESjFcR6GB8woIl2DYnelsMyh9mS/jiDzwW7zXaeh+sxwS3YRqNbV3B213ClcghQI+Z5XtzMEr6ORuPmaEpA3k0PS8n0WIaC1Kc5zKoAy39u63vnV6wdeOyQu7Lof3DDth+PPFeay/KMl68v08bgr1L/C8aEBTX/OKdLODWv0yBZ37U19ALakTE0gSLv1x2Zcx5klICSsZuuwVVyZtWqhw5zhrN1R+DnvcMLPs9Eu/QcZLtdovtdouLiwucnp7i9PTUdxvtskqaS4ctAD9+vwQBLj/sz2ANH/a8t/ZqrQdzEcWCVZY/FYBXS419sOjci4sLTwVgaQ1sDCklrFaSaP3mzZs4OjpCubzEd/7wD1FLweljj2HYbDCs17j97LN4+D3vwcXt2/j+V7+Kt3z0o3jHz/88Xn/pJUzbrTiKasXRQw+h7Ha4vH0bd775Tdx54QXcee453HvuOZx997u4vHMH83arhSP25Uq8TPxmIgzrNTY3b+L0zW/G9SefxI23vQ0PP/00br3jHTi6dQu7szPUecZDTz+NNAx45ctfxo23vhWPf/jDSFrxdHXtmv8cj47w+ksv4ZU//VOAEh59z9M4uXGMYZOAq/sgrsgp4eT0CNPuAqXOary1OXMg5vNOSKk2oRh+RuEj+TxldxCBV8mOIwShOaSE4KpRO1GPidT4bBA+gQWXR0YKNGIMC8FA+yBlj6ddoEeIGMAqkQMEU9KmGOQWVV6szv2Uu7XkbVkYEZEDUotINaUTCkEfFGKmxKX7SXetJfppUlGZAFgtSsoDiKoa/gaWBDDaWrZxSZNqIKhVXT2fdKCZzotadqqk7di+AXUzKOy7xktdMQFmB9cCdrSolRWTcpYJiFGJ2txz9pX83XZqm/LxJsKzDoVyNCpIHSyNk5jI+8JK+4SKUidQmkE0gyg7DU2GG20prAUDeJX5gPEgPepyAAf+Eto1BWugw0BQNdMkRDIgtk22k98iVTnQrQfQsQvSrkeMq96zfruRbxsh7rnwKfY/lriL935pfBIdwtKtloNYHKI2rxrNoM7rUuamvwBNX9HrzyFrKgDdwKipohKBeMTAI0q5h7q7QN6+jqFcYuAJQMJcGXV7CWy2QBpdEli7bc6aLI2/28/VaoXj42OcnZ3tpbB5kHPBjWAaPIVLJUbRY2qWosGfCKBQADDBMLQuaTAsikKAfCVI5Ptui/M7BdPVFVabI2xOpOgVOGsxY8kRCdJCYar1iMQFB2bdaGifx3l+kGN16YDYu6g556wdAkAWdQA4ziCucuyrVJTdDlfnF7g6P8PV+TnmecJAIm+yVc6Frav+qKy9N27s9hFpthkdsHecBx8bOszY5Ls5Dg3TacSTrjF3KJlFlFIvCnWes1oLlRlzKagEjMenuHb9OsajY3DWvKoWeQwsjryRb+Z084C26UX6U06eEJBWQNqAaUbFVvQ4S5QRAXK6QS0k14NqIS2NooPzbbSkpAYYwJaqhiwAQJ9dbERVH0Ogc6CXj1rpXC3ECvs82RX0NEOEzJErHbONVn8TybpMLNFKLaw3bmGLLaHnplErsN3NkGy38tk4ZgxDljznqDr+oZsnP9kSxhSvJk+iw0SxQEqoE7DbzSqLRBY0eZM9Ei1MiL8vZSCz5HEeFCdV0qruAJAO51I95NBcfrfki+jAjONfthMdmlHuLz9fOj+XjtBDf9v1Rk7g5d9Lw/mQc3U5njcae2doH3hnJ7sOvA/onbCx7VLkuHFKCcfHx7h27RqONsduC3Xvtz7v2X7LMQX+QeNUSiEtlEYrWr5QOx025Awr5BTt3WEYcHZ5jlIrjo6O/PQlSFxFVlCslCKb/UFHCe9XP3adckZO2Z1/tc7tNB8FveAnUzvpJZiuiJM0cbNNLFjEcozKEfgwRyr7rb2Ozxa8C6BtehsOM/ynl+TJ9l7BURo1V2/DBDa+Nie+YRSKYpnasbQJy2tppnR8B4CsYLbqgaI85Jsq1g/dsLdxgSBF8ihhpA2OMGKslyC+B6qvAzyBOVsPnQXZ6EXQDUnDpfCNS8uha31sm1Lk9DA93Y9rOVqho5wYowWPK+84/mVU2MaLbCLkFQk+zQU0JWA3oRSTzsYHMr5SAJDYcUxJ6JoIlPRkAVk6xdg7W/c27oa9PJgFQEb2e8jsMbOTWPMTEyHpprPzUFK3rLGR6kTy4/Hs8+GF24nEJlL7xDBG4xj4O6wmQrNQet2tRlkYp/W5TaHPnYFFhsqTLFHErCtjrgdmN1DS5ECc+wO+heV10I92oO0f5ortHNIx7R6pIxJTb/btpIZHoGQ81AXTi/KH8PMP1dO/+DWYAQuTsVCAyk3RROHV5ISEx++2BdN2RuaMTR5Q54KpVj0aFAiXqM9ntxCyZblTpESIzstaK66urrDdbnF+fi5K8ugIq9Wq2wGOCvtBzlr/O/xr31tl4XgxcweAbAdxo8feY55Xu9eM5PgMICkCLJ/s+fk5Li8vcXFx8cBUAcMw4NatW7h16xYSM6bzc+zOzvDi5z+P73/1qzh97DE88ZGP4Npb3oIXPvtZvPdXfgXXn3gC9196Cc/97u/i/X/v7+H/+Af/AFf37mHebnH761/H8//9v+PF3/s9fO9P/gR3vv1t7LZbMVj1f2OH4RDXWNDBYuUyM6arK+xefhl3X34Z9QtfAAFYrde48cQTePwjH8FTv/ALePJjH8ONJ5/E2csv4/zVV/Hmj34Uj773vTh66KGuyZtPPom7zz+P3dkZTt/0JnznD/4AdZrw6Pvei2uP3ETaJGB7D6AZ69WAo+MRZ+fiNDDF4I7VLECn+vHIhqyZq+yqedGOGr4jtIzDQpWmq9SAzUHpmwCv3Aw7WzQcvg/8lOzdAKiGCAZCMOih99hul0h8D07rwDTQcu2Y8RwWOBCENbmGsqryBiQJ1I7IkLzP3lODwW5XjAo1yzv6wxygxq44TURLiJNJCxlAci/6Dp0rS9JobYLlbDXjGksHEHRcpuPIIrIaCEMiLQxQVGGGSBQyhdk6bGB2X8G0nVwB9Yw8UM9u/muLiBAhr84k0rlwLWHPUNdGnENv1+RFNqVpea4kTUGGOFqlYrIZ3mLUC9qYQOVK8hKnBMYAd1yHnkdggwPfxPEdytfDbswG8Oz8q7olksyAOdTfYDxr4KCSF2UwusWjznHVBlzW/j5wmTO93U5hLOyZZCKgNeMiXhHP2rtszqNzyowLm0MictBum4V7hgnQ8qtmO8om0Zu1DEg5IdMOPN3GcHkfuW4x1p2MgySHV0IFyg51d4k0bEBj1nkwr6VSoMN/fT9Mx5ouvrq66vT48v/YhgFVUj6cwRhywgCRhWQbFyZrAdnA1bETNQPD+YJN1ogjqDKDmJExY764wHRxie35OTZHx1hfO8Fqswal7EUMhdaL9W5tB6PRP+oWN7kc6vmpP07rtLQWnaZocxtkN5cJdbvD7vIKu8srzFdXmK6upDAkV6yg0QMWMX2Ir6OD8cBcGOqPlXfbprfIfouk7h0dPUg2A6PRr+kn16wLe8KdIWjycgapgZ8wHp9gXK+xPj3FsBpRquX2bovKjKKqDGDOjWrWDOAG0aE0YswApwEpHYEza5qJKrpTo48M+7psMAHhcsssp+DEdapEfhd53taB0h4mu0MHA9/ZvLTvSWVPc0GI/unXrOsPnd+ajEZBZ9trVCYlm1ONDsvuzQgRtqaWNJLZnQw2n5VQCpDzKPoIjHE1SuSnphSQ3OqmU01nNz3iOtKNzMOGncmCjIx5LpgmjTVO8cQA6cEO2TC3jctkdoE2m8BYpYRSttiBUG2DmeAnmYRnekZa/r387JDT8kH5Qg/9vmzvUNvL1AEPclLGjRWzmZb32PeHnLNLmWY2jxxlpw7jLsce8eqhYlQAvJ1lceAlLZb9Xb4rpYzNZoPTk1Ocnp60E10PyIPb+MxkG97wijiFAj1bzQ1xUkql+P1+2nvHccTJyQnONdDGHKwmc8GSwiqnjJJmTLMe/Td57r0hcK2YNY2cH1vXgCAfq2JxAmA7PVV31NwJq/aGCy9um0oxhZK0afirOS0j6cgI6rJY5JDfa7pT7401K0zu2rcWWEGh8Yj/HAqYbE6HZYa1bW2QyuG00HOu3+wnA8wVc6l7vNc5+bVjEulOQFphnRMytkjlLnK5D563yFykJgpYo/hVe3DAe8HuMDks6b8AsysbRVjv7Scgbp7DERV8fk0PtQjFSCiVwV0bULk/65wl0JgFjyYZw9VOC0UG+STNVWgWBRBZsS+oM19rRvThRTD7trORQN633lVmOi/qYBIHqtq6FHE+NZ+BMQ+ROE5rIgAVfhASTXare1i7uJRV5O+Vn8m7pY3sYcU9Z2NYcwi0d7lJGsUNc7BKai0GUMyRGE5oxv71my37pwmS2uPs/Xiw/FpehmX8XRCZ0TmfqR8vL+bKvo9k6vuPTj6R9pvRpShuVGPeb+fPE/B/yWvw0A9AGFY71oL1Ggi0XStgAHHCPDO22xnghKxnZsecRZmY0a47OS6UsA8I4v8xh+qhY/iWe/Ti4gLb7daLaZyenmKthSuisn7QrmhTqq1PDQjoweDwzFLJLwW1VW6OwCA6Vq1fu93OI3DNqTrPEtEbHcnWv/V67YWrcs54/jOfwe1nnsHbf/Zn8dF/8k/wjf/yX8C1Yths8M1PfALf++IXwfOMN3/0o3j8wx/GneeeA9eKMs/47h//MZ75rd/Ctz/3Obx+5w7K1RV4twOVghgD/EasRhk4eiRje6+iXC0WWni2i4PZ7XD3pZdw95VX8OxnPoPrjzyCJ//6X8e7fvEX8cG///dxopG3Bk7sevWZZ/DyF74AZsaHf/3X8fKXvoTV6Sluf/0ZvPYM4Z2/8DfBeUDd3kUagOOTFa52M6bKALeK6SlGr/jKCmIvAjXnB8gumg+RzLOjxnpPLKIWGVtri0ir3li/8O0Z6V8Al4lAdR9IN/+gOHytGjjC9wYuoiOumsEQeTmApMMGMYFIqz2aq50Bd77CDMeeUw5FX1j+NXdy2bpw0GL5lBiFKwYiJBqQhwzKM5IWtWJozjeq6Cu1Rjmlip8saof96Kbs5Pb9FcecOsZTAidLES7yymBECvLDhbklBgp0S0TuDJedfym+5OkE2ovBgY5NyJuyM+LpZDno3HfeeauaAoMhskdybzXn/FwKBmj1ZjKQlHwMBMmyWnkCMKHSAMAqxxtIazzJzLpbC/++c8boxPRHUhrdLRdjk6kEG0B8lwN1ikdUEfI+2hAMHba+2HpbzLor6qRHp5fvdADnfwceW9Ld+kjm6I9HwOx+KwbRRwfmIbuRR6kZpQYAmqMiOciIxmAeBo9CXxJ5BQDTBTDfBcrr2NQZ2ojKCZmrxFWKLsxXSNhB0nDY7pn1d3/d+CiC8bFerz26ZnksNt4LRL3c3lFVTk1V5ibZZo7+ZyAvOgcrGuD2jZbSCiMIOK4abS3/z6Vgvig4v7rCxdkZ1kcbbI6PsDo6wrBaATlJMB4tIsI6Z4Llw1amdZFErmeWmOPQRdCjSbDITrMGCeAKzAV1nnB1cYHL11/HvJsw7yZwrciQokwpDZriRA27UlyOEUz+UItABxo/VXhKm6obgn5vIjsfh3DwS/mzyaUKwNK4RKe5y6qUXACmJAXMfHUbnVKSGdbhV430onHE5uQUm5NTDKsVKhEmdQCQ5uN2viKNcrc+akeiPjS50+So8QXUGAGQVqCBQdii1h3kyHiCRWo1jND4EnG8kcYIkSwUXmfiyv9Wh5XxDKPt8ZossvVEaIEK+o6KsBahOAKpG6XJ0da/xhNkxaBgulId7ElypMr6kShT18egQAvBB5bXsTIBFRpJp7objHFMGFZDY3qiBViEy2TW/ra+xyibNn5xBlQQC3YAJ+ymGaXI2rDxw3XtwsXgPGEGmMQPrCmBs4xrTgmUshTuUvz0RtfSqflGV3QwxgK3h2ygeG90osbglAc5Z60N+3z5dwzqOOTUje0d6pv9PBRYEttc6oQON5isDXaWpYB7UHHi1iYAWLFgieQbV2ucaLSq6KbU3ENs4wkOnMAYjgHCOnZ6ELobbUwix1uqmpQIVQOVDFOy4SbD6GFcq/UapVRcXV3i4vwcq/Xa9aq0JZsNwzCKvJotglWaq5Y+jBZRuUnxguKN2SLApMMKnzQgRLEy5eCqU9uimU+69kk2RJzFGIgrg/xUAsNyUll/GUB7g86rw1nFb3XfeelOpkTdy2xtx6m05lu9iUVQA4C+mJPhKbVwiJByzF+v+VRr1blovFhrldQhFtna8bAUW04AqJyD5jtAPQNhRkprEK+EhtTWv59I8O4liFOx9ZVI5TG1OWGQinnydIwAgSyiMV5kqX06tRRnxXG70B4QO0sK4lp7tVQAM6RwqURMr1YDGIyCCkxAmU2HiH0J5alagWlXwTyjVnluGLNNqmwKKG8alol2i/mtfNJZcbhjaXIaAWqjGeinRQ5lo6HZXYofpDxDathH+9blBUUv2w7J/71N772/o12ztDeaHYiA+90ZrIEIEqwFDJyVX0UuiC3WfEwmkyRFAzd6+RvJ0xwu/RbVuhTpHto01e7MozYNKz9HevtCdUxkuFHnQoPeKj8gaKA74dNkmdMx0JR1fZPf/eO7BlGA3AkwO64EwBPaCmVk4UoBl4xp2mLaFakurRO/ygmzViMXcC6pAuLEAL3CPfQ3gE4520/3phN58SeLAD06OsLR0RE2mw3GccR6vfb2YtVL68cbgZ8IAuJisbQD5mxdggmJWJN3WXSr3XdxcYGLiwtM0+S5WAE57hHfZ/06OTnBrVu3cO3aNUALMB0//DBeSwlf/63fwod+7dfw0NNP4+z738fmxg38tX/8j/GmP/5jzNst1jdu4KF3vQtHt27hS7/xG3jx938fr3z1q7j30kvY3r6Nqs5ghdM/1EUZ2Nwk/MQvrfDC78248/wsuXcP3dsTEzzP4HnGfHmJu2dnuLx3Dy9/7Wt49hOfwNt/7ufwjp//edx86ikMmw24VlzduYNvfepTYGa84+Mfx+bmTTz+kY/guU9/Gq8+8wyuv/WtYMqgzUNSJOPqPlYrwvHxBvfnHbhmOfofeiOLPSkI0TyNSRSWVKI3njAHDgCoI5UoLMgWoWJHYGqYP8+pq9EciVtuHoBacSoFHZSsEqT8jdTeldSYYsR1oPHm1BxIPbkbvxrIixsJzWp7g7kmkjw+ZO31YBhEIfG8jsuUlOUYIqAL1Q98YS4oShlMahgxAXZ80HcUNddzleMUZHkXXWYbEErq5zChGo7nBGluoIrDDmPKCeMwYM6MUiM6VKXcySZ5X9VjzE3RQ6L9qUVHCYhODrbEcGwtRwNtOYcRQPjfzOhuI+M/a0OqyDNlOcKYVSEzNArSHIuMlDRvMlukpFZ0he5CJ9a5b5Pmji5VgB71EyL9WHPuNnlvRozxSJO9VZ0TmkkmjAMO9li1OIcvOcwPh/vjGrUrzgWhOV/YCiz6cZ8AJx209+No94SJRKCR6QpT7jqFnr8VDTAxowF0tCN/pj+6yHewbBKkVrxhyAJgbT69XyS5gzHdxTDfx1BncE1gyqicxGVKBbnOABI4jwADZd4izVdI4wh2AKYDM8AT3hVlna2jcRyxWq1wcXHRGb3RyJCxx8/DmtJEEDMYo/J2SmIKWy5n5lYd2mR4Ozeo82VRJzLTEDtMNtsqM7LySmUGzTOu7p/h6uISw2rEerPBcHSEvFrJiZhxcF3gOjrIkw4nqGYQO/KNk/tH/nSuZaDOM4oeZZ2urlCurrA7P8d8JamXKEl+cKnDJk5Li+RNOYuTTVMIAL3T4kGYZ3lSpt2bUGtfMLRtJCWXD7wXrdFHw1lFeDOOWt5tkrystpzY5oxAWaLNNqfXMBwdgVPGrLxIlP3dKWWXOa67gZZCORwbt0KEptftYjXEbNkyJeS8BvEGQJFUDGA1CC0f3v58+jxSWOcIjiKYzte/COK01PvJ+2XrImw8AV5ULghD+M6dqVuTrdUzZLdxuhz2p9tPp12C5X8fkkpYrpJ7WY0wtocSugaJCJkGxxfMwG47SQ5UNQjH1QDSiDfZGBFasApyyyFv7VkPo+yMDoZElo6pOWFLYcxTgeRUzVJM13S98bUeq84Lhw8pZkmApnoCtrNGLVPDLXHMUb7FdbaUd936WURrOv1yDrzcNqGWsja2u7Rr7DmTk0vn6rLGRRxLHNMb2WL2+yG5snSiHvo+9vOQMyL2Mcr7pVN36cyoVcZkUaCnJ6cYV1L/opQisl/Ftzv5VG/kLJvPVYvFKIQHfG0uHCdsztS26ScYFQF7tivt8cN+CgMCYb1Zo9SC3W4ntTdKwWq1Fn2ULZKM1eHanKhVNxXlNFD1pVlqka0hi6gdBlBKmHZTp9MFIyV3jCyDRdr8xVFxt2knKdNiLntNGWX8zuLchY6/2VIMdudfe4HlVKWIxZPm9dQ5dIxmdpv+7nraaEImgznYD4uxwYQke/56MKNUdahqQUNKSXK6o8E95wvo5rCeJkqUxLlbd8D0GvJ8BuICcAawRkkMTqpjiuQhBbUNH9sKFD3J7YQbTP92IB1mN5nuiHjFdCHpvft5WO2yzTN42xVsB2NA6mDF4lQhNBgGCciUMGDAqAEss0aqSi0uBqktzrWisDhXwRJ8k7Lodnfgo+l2A3xuIhldQLAaHZY0Qk5ho9kGCuYs5ZdttjD3Op2IvBiZUUBscZI0QQubxvkgAYnVYRnJ6dCg9d0+tOCBzrgzvU+Qk4YcvudehgKyKVstkJUIGQk0FhQoPrIMINzm3u7tlnOQc0SByOwvtpE229r4DbFPcczQ06zKjTYn9v5Ax/AywLCT87jM1/KytW6O2ogVbOO06SJdUU1o/NiuoQ3MorIIua3EJkg1zFu0SMJuYlztNHdFhQytAiMIx3nAFRhXXOTIJjIyyzEvI5JEabYRRvAQHZfLXJRRYQ2ao7MUUUTzPOP8/NyLa2w2G6zXa08bEA2HJajwqCH0EXjLHdYluIhRpxZVa+1st1tcXV15tOput+t2mOPxgQiqiKT68o0bN3B6coJ6eYlvffrTuPnUUzh66CE89oEP4MXPfQ7P/87v4KF3vxvzboft/ft45MYNPP2Lv4iL117DdH6OFz/3Obz4+c/j+c99DneefRZXAOAe7gAAIABJREFU9+6Ba/Wj/3+RqwIY18DNJwnv+tkR914CXn+5Yndefqi2mokA8DTh4vvfx+Xt27j7jW/gB9/4Bl75ylfw9p/5Gbzlb/wNXH/ySbzyp3+Kq7t38ch734tHP/AB1GnCq3/2Z3j5S1/C5sYNPPq+92F3do5XvvxlPPTUW3F0/QSJLnB0nLG9Iuy2EnlFZACs6nEgkzAepyG8S0Poq2mugpYzU77xCp+AHNMnU3zsQsABIEnbJgzlEUImK+YkCz0B4JzcIPICPQYwa5XotsB/zAwapHpvLXJcIfK1hPMDWhkLUWAVZM8xKk68Ck1IpKAcKFyw3NFteaKEcKxFOZJFeZlYs+rMDRJJF3RHHZDqkOaAsujKTFkNSCkQMCQC14Q8iPOvcsGY9HihAiZJ6aAGRtRNnhtKx05GAYI52Fkdi1wZeRCeiFfOqUtsbw6HUqsfI5QjhjK3Ree/VqlgLrmGMhJL2wVFCacRUA50xPn+IMOF2aI3dUxxjjuZlPTEQcE4EqYdAZxRMaHMBPCAPACTRmNJASNdBCYVGBjqDJqvUHPGRGtYZWVKCoYJHpHACMey9aqa2iJnqSpaywRAHIJsq8eMHKWVAdQm62vjswAePdKKAKuwRqGwGtj4zaSNOZTNOWdyFg7cvF3WNqvR2jrJ7dis80LbsCON/Ki1+Fq3/rtD3nWpAV05spooIQ+5RRzq//5+bvCOIHoip+T0r1xAFpGMHTDfx9HunhY+AgDJUQxNCpF1nIWkui3KjIGSHDGcZqR1FYcmDWDWqERq+XQjfxoPxt/jhubS8D1kYNvhOZmzBK5AIWACkBMh1wSJIEkaha40JfhJD0tRYusjOtqgfNUMimYqjNkiESrqXMBlwsXlOeodwjCsMW5WWB1tMG7WGFcraX/I0peUUMniAJqMjZHaXcy05tX0vjGD6yzjnQt4FuNtd3mFaTehbK9Qphm17EAsqR4yibFRa7WAdgX2zeSQzYqQ89Z0kvFiWGOipxp3uQGnxmNzmvbzxmZMdbZA75BxfZcS3K4GpEAdtVMesokwyAZ8SqiJsNocYX16gtXRBnlYSfRF1egco5/qxSVvRYPa5KuvbeUFSxniveLk/SMiFAAVhFU+AnhGLbMWSmMPkoiA3kB97/gMU6+yXBytMUc/wQp4tNx5Im+SF19a0r797vwN9mKTZuiKIWjIzBxYYmHZU0RW1I18Y1Aci1WN5yZrjTckZQ75KZ7O0GPdsOKMWgnMA7bTDqxRdEmj5zDoxiRSwMvBWINhH7jzQIxA2SDpU0po0ITOM6ksm2YGpRG1VNHXZkcYbrBItqg/SWQNl6YbUiJskAAuKEyYQUhxY3bhdFwelV+uB7Np+jnlro3oVDwkPw1fLu2k2H78LuKK5buX/VsW/bU2l+841N5yvHFcERfHZ4kIsx5vj+kE4ljMNrTTgDEi03WAOmxySlhvNrhx/TqOjyWvailF11RzcC8dq6Y3QHJOWYo+WdE+oCkOAyUBO4ny19uqbhZTCJqoKlsMr4WN+UBjt1MIWI0rBEiDq+0OlSs2m41vGMuBAKGp5bWUfSBzSML/ZW6O+qTYYbVaqdOQHWd5uijtp+CntmlMQEurAMPGhk50LEYPlb82hzFiUOyaojmyCUjQgIUm+4QmMe8me7/YnCQ6Qg9usT4EPiVodCJLgJIXVTV5VZuMyHlo2IKBuUyaQ9cK75IHSzRppTJY8cwGjJozaD0gUUWedxh3ryPN5zr3rCqnuvwiELhq/xWomOPL0qxJBLTQyviVkcHRRlUby9oU3rLeGo+3uYq5rv1Tgkd5Rlkro47Rr01mk4GrZIE/FUiEAQlYZ+FVzEhUUWaVB3YqkmRspWg7WwYwYFwRUg4bcJ6wMGyYgqHiGVB+afa73k2Anbrs9DO1+2zNgIU/bCPTHNmWPpM4Yvlgm0TbjdC9p2ET+deKpZKuswTdFOJoayZE4ps+psZwsNMjbgeZ3aOnNnMmDEywTQueKzgVsXtJT5MwvBifjJ8AKooXs4g2n2MDnCr8CIi1mowFAhu1y+lj4z5wDykKdf4M86OTabSLzmgigDirv0U/01PHFObZ7K9+CfQ49kd5DRw60BjGRsTwkGo2AUoAEkqZUQsjUZZVxy0UeEgJYy2YKqMkE5z7R0UaUJSf0ZF6KEfZctfSFFI8Tm/RrBcXFxjHEcMwYLVaeTSrfWbOzNiuAZKohGI06jzPWK1We+8DWj5Yc6BaTlWLUI3gKwKZ5ZEXM1Bv3rwpR1lyxuX9+/iBRp0++dM/jYeffhoA8Mx/+k84feIJrE5OMF1c4PwHP8AjWszqxd//fTz727+NFz/3OeymCZn5L+xQjRcDGK8Bj70XeOw9CQ+9fYVX/qxie344wfAbXQQV1KVg+/rr+M4f/iFe/V//C698+ct49wsv4Kmf+zlc3L6Nxz74QTz6vvch5YwffO1r+OYnP4np8hJP/ORP4uSxx/DyF7+I5z/zGax+5Vdw9PA7kTBixBmOTwjTdCFFKlh3wKg5KsEaeYMABhFAJpnskB1H5uj4kvWQKFb6ZXW0ilbyKHU2YR3AJrWjrBau5wfyqG1wLMSO/026Cyr4paoTqznZ7POKaKBxa47NLmrjtaPi0Vw0Q8OBlgEweyYIJ170NToim1FJbaGbclClJqRilGzrUY/lJiuqIqClVHUOoQFi9dLu0dH6kbTt5qTSDrAAEhuP8MhsXfM+yZitqJQaLkk2hmKxLpAUwGBXVrMAXm4gUBSLzQlcQTCqRvcoH0bFoyCkyV8gURYQHECnc6ce6cqjOlrFrvDKquAkUatlhis6ZgCWRoOBxCAqACbkNABYuRECuRMI09lf0qbrkhARboC3rTlxYAcSuu42HuvmjBoNYIb4wkBp37kG84IM9rcbHkGpWvRJLCzFgO96u0ps0xM2MKi1Qcp/GvFgc2rywqJ1LbenrZV5njUvVdAR+r/xeSZxUAtdKgoyUiKkukMuW1C5AMq5OPdhBcHYSZQUhJv9JOJJaVEruMyAOoWZqzhnwnjf6LJ5tWia6EyIBr/JKYuGMR6H0h7MKGBMXJE1/Uli7d+SJ9riCzKTPeKggdr+OVvzrIKeqTn7SIVcmSdM97e4uH8fWfECjQOGcUQaBuRxRB4k/x3CnFuOKhhfMHvhtBmSx5NLAc8zyjxjnmdM0w5lnsGlgous66Q518hMkBT4l5oR5kavRvAxq4AnOxIua9ugmzsEAE8lYDn97Gh+I2wPmKN+snWqrAlzgtm6sN+XR3mzG9gWZgFMVcaUV2scn55gfXICygPY+mg3BszYwGO/jhtDoqX8ACFunBkNCM0nAqWx595kQqUBKY3gNACY5EhtWA3OV2zNLzY/jSe1D/t6vc1QAw2+peNypzlhGg0seMmM6C7lQ3CuKPF1vSvP6+kQcyC6sUHQ1DY611Q7Wer908VkGsELuzqPCXa24jqiX4FhyBhXA4Cd078Fv5Icu7RNIaW1G7X2ALf7wZZ2yUsfolbGNJUmWwDfjFpu9jTy2His/YAfUsI6JcxzAUO2sSK7RTm3lHnxHXa9UbDIsl/x76Vj8lDbcXz2rniZ3eLy1+emOTAPtbP8LLZjPw+lFIi/d3o/fLZ8Jl5Lu8juc2ddsoAAaWO9XuPa6SmOj08k5U5tVd99U/YAzfYwn3zRxhbwisvg6ojO7xfbQh0//u4en4izNnW0iO+VMRFoLakFpmkSxwvEBr26upK8q8OAnFvbZqvOsxxNr+YE0r6Z/DH7FpD8rXYS0/Trkv4mR+LR6Ug75wH71oRJeDeUTl6nwZ43xRHxLlHTa4HqskQP8xOIvMhq7Ls9bU5dWsyFfW8+hJxatKkUDauNBmrPtNSIyg3KB5lITzwklDRgHAhp3oGmc+T5Egkz4I6oSC+HleoQSgs6kxZUDLrDdNtiLlwfEHVj3btsjvQnd1+xO1b3L1rMC0EKUqFRl9B0rb4mpYRhhOLcClBFmZveZo02rcyYK8Bz0VMuCQO0eHA3Jnk3IfiQnDbuYgwyMm7c6TgArT2h9FQ9Lfqw35j2dypfR93SMFhw9gLtfUs5HXR6fLdggAyzU5n3A+DMQm+Tpd1CaNPeq5gjpYQha88YUtg5rBXph2JI58UkNqC+NRGkBkebVr+/+QKCPu0WdOtnjyL0zj02o+6+fvTtFmJqqRLJ5qubGdgWWpRD+01TfORHeoWcqz3o63IbmADU3EllYlxd7nwsWXezJcyfMXCSnX9K2EJOF/OQkMOxVH+PT9D+LqpdSwBjSiJ+b4wVgf2sxsvFxYUDAotiPTo60tyEg/80RQPAnarWnhhBk4MS+93eYZ9tt1sX/nFXOR7Pi2Na/hzHEY888ghOT05A6tRdX7+On/jlX8YXf+M3wPOMk0cfxeMf+hDOv/993Pv2t3Hrne/Ekx/7GLb37uHlL30Jf/iv/zW++ZnP4Pz2bQxAl0/1L3sxgPUN4M0fBjbXCQ+9Y8DJYzPufW/7V2rXomjniws89z/+B7731a/ixc9+Fj/zL/4FHvvAB7C+fh13nnsOX/+P/xHb+/fx1Mc/jvX16/jWpz6Fl7/0JZy+6U1yxGVbUIgwrk5wdALstjMuriY4f1MzME1w2rhAZhDGnhnQNOedVZ0F7Ggq0KL2vDooAZ7fk8xmahWnpU2b8x6gNv428NUEDRH21sgh8HnoiGcEKPKPjUOiLTOlpiQZQNJ8q+G4tCSitnHJwIgt8Tm8vSBJAbRk/pQEmHB37J47edjkAEIbEm3D1Xbg9iM5GYGOFLPKwNCTvId9X0scCZVa7s4sa7RQcwa2uUghCqT1u4vmC7yT8iDRm7WiMokzlLnxD5njJOwCKx16EBjmOg5IB22w1mCH7dASATkPSHnGVCsIskNZqxkZYoj2wF48buLUrqA6IXFGphE1jRJhx9YfeSf3SqIBnaWyTQdkO8vaEnuaHSQ08wU6Lvb5k6lMTWmGYmZOJzMYNSy3Rplr/XFlHAFe5JnA0MGwsj5a5ANFz4w+t9TTBMDy85qTn4jc4GeWHF62SWdVwzsDVUF/ThabKH1LvMNQd8DuDJi2SJiQkubbJKNedaDVGfPqvPDCcAxxuJcChHQqfw5MD0OXu9brNcZxxG63c71neQSjXu+ioCJvKK/PlTExY2Dy4pomA6Os7J1Zh/tmxcnac+1EQ6X+qC3B94oxUJZFMxXQVDDtdpiUthquL3JQjx6JYZZgueBaEUF57zTPEn1bq0Sz16rOQ/YiOcwSjyDBgQkebUjwvJqeP457x3Vbf/G9jW468Qs81c+hYKumn5bGf7NnAwhOFgEs7VfDjwzZdDRD3+Q1yQmfwrp5PwzYnJ5gc3KCYbNBIYSNKQsk143ussB9sVOLS82UMLPwVDbG12Qyl8zBrmsVkLzTvAHlWfP4WjS9rQm37DzXaHPom60WZPein4Z9/Q/vZT8n9mwyWjgmCOupn8h+zKRFIZFQmVBhG0ik+J2kWFX4Bqiao68ZjKAmxzoHB0Hz6JoTVFbRNCv+IolSy0OGwPBYu8DekOU9lrv3gAx2u7G2NSBsqNqCMqZdwbSrDYaESC6bGPb77RXczVFPc9ngWWdCrUWix2IOf7R1s3QgHnKGPsjpunQsxmCPZRv7a7I/Bddjyf3+xNN1yyP3D3pXfG55X3zvg9KuxfYe5AQ+RJdDbfU0kBOMp6enOD09xWpcoWphNfdexLlxnIFGw6C33Ykf3sNAS13SvujWe/c5NWcmpQTMuoZYckmntF8MLPaHSDe8hoRS5JRTYtHlhhWGUrDerPaKfo1jxkwEzDOaRGFftxa1Wlnyro5JjthjGIC5oNSGQ7qCVYewzSE+XtCid3Dpx2G+O0wS3tH4FyZIVccccrxEusuITVcKnuB+PCZTuK0Lc/QaL8vmr/5nuci7fN3csGCSzfJR8dmQKnB1hXJ+H7lcgXIBxizOM+M+Yyoyp5zi25RDfniZPyKK2dX83UYWM2JNXx/CoN7aYu3VJhb37o62SLN97B5X8LARRH4wJx+zwANKgl9TqpC0MRW12MaIYKnsAVDAbjervZewWmWkbJhH0/Kw9UN7T4CdvGvyPEa/tMt0Sz+e9rvlGVWCNYypo+3p1d+jbKonCPfvNf24x8XKj/beOGdmfLDPe7AZ0T22WE+S/o0GAml0a+GWj79pdgqy0npJoVFdh65rm5x8kFx2mnCTfXE4vUwPoyX/p2F8cLjDnmMs5014u+nLjsYu/384e+ZHcQ2mcPpr4VGmBpDBCbvtJLlWk+RxYwPOGnqdCBgpS6h3rZgqg3LbHW2E7RX/0nACsPf3Emwsj8Yuna9LZW6RpVdXV10bKSVPM7A8nkJEbiDaz7gDuHSQmSM39s+ufRrIlVLCarXyiNWr27fxgz/7M9RpwlMf/zgeed/78N6/+3fxrU9/Gl/6d/8OP/XP/hluPPUUKCUc3boFLgXf/K//FX/wb/4N7n3nOyiXlxhxYGr/EhdD8rzdeBh48icBVMb1x1e4/uiE72cCl2Xs4l/8sni++e5dPPuZz+AHX/86fuqf/lP8xC//slRGvrzER/7hP8TNt78dz/3u7+J7f/InOH74Yfy1f/SPcO8738FX/sN/wLBZ4yO/9n+DmHFyvWI3v4555tB6iyZx56QaBZLxxnbyCWDLW2eGBEDUOz9FqCloCoBbdtrYlTewMDBJK9YHJUeqmAnUDG6iZsyZkCFqTkoipCG7ok2B15dCzwxfcSjY8QFd0tqnwgWFgYHQkGQAiow2BrNMZVfVBtGEqx+RDhFXQmduR1T9sSaD3CZKUrxOjpBADX4zOLgbL1k/ENrolKy9KArzNo8EcgAACk5yNEdudL4bYNhbXQQ1vESIl8oomiqFzYHtwCn5fHCgQQMxZggYnVvPZRMrJCZ3hWbqkpAyIQ8J0yQFB2thlLkCq1H76dIXCkXb3DIDKCCeQHUH5BXsCEpUab2RR7DjY8EebgbNQg6LDPQRKUmE303Ph8Q8aECAu/d7xIcqzqpH9ZfX8v0RLDqWMuXcGfQLGESQo34OPIy34c7SPn+zzZmAeotYBdDlXE1EnubC1zCApE5/C4uuLNXL53kCbc9AaQueLzSCMqMwvBCUXJqKQR1KzUDUWC+d70SQSJtpAg0cIum44814HTLgx3FcnE6RZ2LanUYXpTe1jdHKFVTV6U4SwUogDF5gD30bJiPDBFn0j/d/8d723P48k2IfAYRV137gHdKNV8jmraUEARHqBJjjH5FFfE1Q2K8SumZ91o+sQoxrA5AmtwWwa8R8IETERUtMccgQjdgrZzo4pzYemCiwv+17fYXFC0oOPXMm64aRJqe0zR7vJxEKsxyvXq2wXm+wPjnGsF4DlFCYfHOA0WQJEWsu6OwYn7yPB8apvF2j7k6WDsY29YTG7lQFXBwBkOOWaQ3kgsoFhbdSHE37R4s3OvwP88B9k2jBDBGLINzhTKM8SJ2IFBncz3EnbztdGvhbc5BHuUxE7tQnlCbLVP9rXKjSoukW6yZRch1cWXMrAiAaUKtEKYnhnJCGLEVKUoXUge5Ws2IpajooEs+oo/k0YYVNAq5KyABnzFORCtTYP+HW+KTnyW4WnRfc7AS44HiVgblinmZQWu3ZG4fygC4ditFecNxC/Rpc9slSjbmeWzjlljJt+c7lfXFDxn63IJJ4b7SflinaDm2URTrEMS7fb88fSo3QrZtAk3b0P+o1Qk4Djo6PcXJygvVqrZH3EjHqm/mdjre1wAc+26eT5Vg0R1uL1KLGIdz6moODW+F1y6ns63hfVvWXyaaKlDPyUFGn2VNNkWKcuRTQbodxHF23Wt9zTkhp9OCfWityGnxjCUEv77ZbgDSHeyJQGkR8c9uUJR3Lkqc55GLtdOxijImoK49p+t7mwD4zui/b7Xje9IHJcrTVGufFJbq2W2pxXEeqb5f8JsWzmh1on7tTlbnxjumeDORhBBGQmFGudti9fhvz5QUyV+SUMa8GDEgYssyNRNFb2pPiOgpasIraoadGT0I4fNGO04v8C6nqYI477tYK4rxQlG4pzIPZcmKjBKi4uCjoP4sUZb+R0edytnHkIQHI3o2Zqmw8+Fibnc4s+/xlJtRsqecAsk042NiVRyBr3XLzS7mQ5pSL0bhkv9vPiHketHGGSP/4/ZLdGwceUC97WPSNZL/1ze4QHudQzFJ5UPUmsySHMJwgwzO5IQE+ZRA7MI6v8Yxs39q8agf9XRZBvYd8CO2dgc6+uc37Mtf8IPA7g66wMSvdhV8DPiPaJ7yzdlsoh/S7D/P/hWuwvExRWQB170YxXhNqIUxTFZCbBtgiJrQ8k9begIRRi0hMc9HEzjGCs4GcfrIfzHz2eQQz8Xu7lsf+TTEcyu0zzzOICLvdrlPyEYjEvnSCdwEy4u+HomvtuRgVy8wYxxHXr1/H9evXgVLw2je/icvXXsPJo4+CS8GwXuNNH/oQ6jzj+1/5Cr7y7/89HnrXu3Dzqadw79vfxjc/+Ul8/ROfwL3nn0fd7Zpy+RFcDGBzHbj5NuDW24DtPeDoZsb1J0Yc3co4e3XuowX/khcBouAuLnDv29/GH/3bf4s7zz+Pp//238aHf/3Xcf0tb8FL//N/4pUvfxk3nnwS7/k7fwd3X3gBL3z2swARTh57Gt/9ky/hTe97N1YnjKPdjIv7l6F+E3dOMgB+jDoKBePLrMUyLC+aLXiLUoH9DcmHx8GoNOHNqoTkIzk2Ai3o4baDCwuo0lID1eRbmAiGRjQljaLRZ1xMmUGBHjzauKzaLxQ4SlSYCNUGHdr7o5MopbA+QZK3jHs+a+vXdqc1tyNDKgh3kfJCV3NmWpQd6zzJOi3QCgGohbu2YXl00O9amUAOp1P6ixtYlPUt8iDlDNvhQxhnG1cziA8Z9BUWQZQgx3Klaq1US64AZTAKLO+dR80yO/+ZE9rYobMOnHJt57MzRCP4BWEcBky5SkEjVM2FqvTzBpbKPQE8694Ag+uEWmcwZ8SI7H2iLmlNDZjqI10+tzA+J6XmHI4Ogjh0dzSZ8raI16AzYkX3CLjbEbQgu4PCNprX+GL0uqkbo9GaoDnH2T8zQByTrycAlLMfUYubc8b/ETeYUWF6zIAVmHH/9fu4c+cOjjPwyI0R65wkVSxL1DTqpFXgJYqSC4PIjuFr9GswKgmSkbXUgjLL8Weje3P4HUYkUU8C8BMgMRppaZgjtAtGl2+YUsKojh2iilITShInZAqpBB5kiPccszBSws84l1GPJ5ADc5sUiYKpe9hlzFkL/cALXh28UoxIZQeNYhtEAE1yasAMQrQo21prXxR1MQfxJwd5cmjMDd8seDnQgsPLWu/CBh+Rp9sAWp5lWwdsuUVdpQpjF64oRFidbLA5uYbV5gg8aK566EZChRdBJVL8RSx8GZWh0a4e2EzUULMOW5rhpt1xPR3XfBC3tRYwEoa8QeUZmAsG7FRHSyPu3Ftg/SaXRV5ZuQJLR2R8RIs5snkBsRd+2XfALd9zOBoSVNscQ41gkpMqSZUywYqUsJ5OYYCTpn6JG6rWZmrGnX+UkOociEoaYVc1qlmw1DAOeuIlO+3augsqyX4nQkKgl41T9ZThFdK+1iIFUwgDUm7RmEs7IC0W0iEnoOsvqkhUsdmssEorTPcvcFXaKaZ4Rfwfj90vHal/ngPULrvXbIml/RF/P1TsanntOQwO3LPsW/z/QdG0sZ2oCw61uXz/0oaK98WNWMu3Cohtt16NuHbtGo6Oj1XfWsCBgT6zL3XzJ/xuG5cwnaRVtg0rOLPr3xZ0I+3KPwYlZAMo2IlhTkspoGxFeYRXaxhz1IVt3NE2JoyjODt3PIG5dikZYq7amI4nabS2BCQwZskA1c2bOVml0FPCxGIDS9qhhExWiHoRoKA08K1um7+ArbCc5zaxi3aaTeW3INpMKhtixHVa8JI9z6Z3wvcLPrJj/VnniVU4WqSz4EdyQWQ8Hy8i8mJV4qDVdFtlxnR2jun+OXi6UmdgwnaakIoUbeUhAStJ75RMP0rOI8WQim4D/lJyd/R1i9I/C7mBmSEFHyPd28TtISWi8J1SPBTMCpMF1hokPk9KU/ueYjCErW9F1EwEShl5YBBJUUMiye9f5iqFhNHscEIGV2CeACLJzTto3Z9EFOSd6DB58FC+6DhOQ49wjEMAPECbguxBL8tsXQm86fFSR6UDMtroc8hm6ujf4YfFSVrtoJu8OgvCj0v/Wb9+iADKhMyEAbZRZXxOi0je3GRosLX0dcJyi8Ai33QN827tGVTwseg9shEWGkbAnljS1RFB47+lzmgkcro00vVzchAr/RiuoXGVgRQ4QR0fVqUoJ0xTwVyqRlEAKQ0NVGkybisukggYkVAImGuVI7upOT1T6hXsISUbCz0tQVIHzhbH7uN9hwBOdJrGqJpDCycCmPieJUjpAfJytxxdP+N4h2HAycmJ51g9f+UV3H/5ZaxOTnDrne9EUhqMmw0eff/7sbl5E2evvILTxx/Hq1//Op79xCfwjU99Cveef16M0L8kMzzoqgBOHgce/QlgdQO4vMMYVoTTxwacPj7i/qvzj+xdJjt4nvHas89i3m6xu7jAh4+Pce3Nb8bZK6/g6NYt3HrHO3B19y6+8YlPAACe+MmfxOnjj+PlL0rBq+tvuoXja9ew207YXbE6Gwh5MWfmWHN9wuyKqqijx6MRNaI0OpeIgAQ7VlLFN6XGkRy9VkcWWZ5WiRxtUSTUBg4ApEUbWPrLRSr1CqhtQivmkK0sO3WSF4n9KJwDvcCCAiwtygkq82tQre24q1qDzfAnnx1vMgKfJXg/OL8UiAczNlVpUQJpdXAkgDJ0XPJdVUVgUfAmqAErGdAUiimCSNrOTaBH0tmUc0oYhoStzps9KWlwbFdQ2hfgFmWNgR6LTLFCR9mfFaVRFGgw4o6xgW6ji+ftRIQDcBBp4DNetjPrygmvznbKAAAgAElEQVRAGgiUlZ6cUCpQKmMA0KV8UG+D00KZOIOBMoFpB85rzKZG2XaEqzsPbCyNpYORQz1QMaeC4VZvYbEU2h/WvvGXPCMOp9QVqnBnJDcntb1zr9kUecacLuTGg+sWS0UQQW9ruP+ONMrBxqJzldKgcqfs6aiq0bItqpWRU/Y8hqJPC87Oz3H/7D4uLy4BACVl7GZgtR6AVKAnbt2xxbquSHW7O2nt8+STL2OtFVQmEM8ABo1nVpdanLsDazvq4dVqhYuLi73TKHvGPHOXN0nFjUTREslqIfLdeBBglYhIN3KF1XqZEpp3POMyPAA5ETPGp43LiNx9H+FRk7sWYR0jmNEcoQLAgwNCj6cVLno8EUZV5bns7RBYA6PZN/6sZ9XGbQDfo+QDuISN2R8zqdK+DDJC/kx+h6kLHz9M5ukce8YIi/6REw8RN4JIqxoDxBrVKMyBtFrj2vEpVkfHoGEEA5hKkchryEkn0bltPfn6MGCu69Vs6pRj9E0bMyHUmYk639qh5lhR21z0eQD4Qg+JBOO8RuUJucOHBJdM4fNam7Ml6kubd+uT9y3Mh+su6YzrLDdizFDTOUmNi/2nlMsb/F5Svpb1JW/roqj1OKrpUVY+8VyLQSe5HrIxEEA5q6gXO2EuUuzW9EQeEvKg84bcLC8i/WkRs+0VbUkrnRRisTG8cpxgr6wnRSpAkhfd6l3Xzugmj+BbOjoNU7R5lw2RPCSMK8JqHHFtWmE6lyJddswXXJAo6EHqI1njtTzJdshmMB465JBdtnXoXmsvPnMoovSQ8/SH6WtMmRadrcsNtHgdsvOWbS/7FvtrbY7jiOPjYxwdnWAwR2Nt2Mn5ASKDrSvuGOk7BRhGCEd4TeIecn6aUzLqURge0r72hbPQMExtWOGBzu9u3sSeHlcDmCtmC76EbDbJ2IECqbQ+DqMEb5DJvYRhGEGUW2oe14UA1yqORtboXGLMKEiJ3WFrUbJ+Kg7ijDQZ6vPXRZc2vWgOTAMi/kTAT8BSH/b3Rb7zjfclnzuYPPBuAgYtVGWOYLdXLNWVHSmHSBWJt7e/ATvCT+p89tzU84z5/ALz+QXKdiuSmAZUFElwSSIXp90MriYvEngwXU6A5WKFyEo2LEKNvyoHPGCyz+UwgXSzqdeCRiedOzK2CfxrV0oeMbgnaSwnRmpRp67Rgk5w21gpaujR5qmCoVliMKQseGAGGBPKzDp601UDmFl4u1TwlAGqyJSRVa57IIqyl+sjf/9iGOFEIqjhGhuRYxzD/8aRyl+84K8mLcwx6qBa+damgGWe/Z29bLZUbX2XQ9+6eaGDY7Rh+RF+uHbUsUttlgHsRVe9uLduYTpGUTpYMeho57bpPkRf65vK+pQ8SCfebps/Ta4aWaMu3I98tj60wI32vW+QeR8NJbb2D10/Tkfr4IJI/xUCaQgxFzWkM0ADyqRCIoB+UmBnSsQjG8AYoNFbxCiJ9eh0WxgP2rVcfr4HgB5AlCXAWN4XAcHyHctnPAfeG4AS+/wQKLGdlbijfOi9KSUcHx/j2rVrWK9WKNstpqsrnL/6KsbjYxzduoU0juBacef55zFsNnjsAx/Aw+9+N773hS/gq7/5m/jmf/tvOH/lFQz4MV0E3HoSeOx9gL+EgJNHB9x8y4iXv3J5WCj/1V6JDOD1b38bX//t38bu/n0AEMfpW94CLgUvfPazqPOMa088gZNHH8Xq9BR5tcJ0eQWmNcajFY6Ot5inc8ntYpFcTFKZEsof1I5oR/jVL2Llda5grr57w+YUI3Ok8p7ib0cTATsm2dhNhUFKHqniTgG273XdWFoCpxBkN5B1h5DEWRydKATLNWRjUsdruCTaqEqS6GjhJdPtAfTrdwbUmshv0XfW11q5A2FNRIeUCF1fCCA9jpQIw5AxZDETSWlYq41BJibmZvN1BlP0Ca2Msn0Dp6c46ApyIqQ0KKhMXlwqWTSyMkGoHwCLAorvrU51uJO4qvO7r7YedgSpQbjovKsG9hk9cNV3mtJoPNj1THZ4s1Sil4hfQqmyYynzGQreGPAyeprSVV5LdUKlpHpBt2/UQBfeiSCFunVEhnzQy28QNL1FRZtC9vf2M2afo5tjl7v+WYvgSRqpyt5ubyTZEf5OZ5jREwBUe3/rP4d32ZWs2IGC3+bIic64WZxHCx0V8yVzZTkOmCRyJJHkmfzBqz/AbrfTo+jiqJ3LjN08o6wHEFWkaiDYQCS836iNhn5UG+LwVzQlS4+LWGydoROcQ9FwCT/jdxZldMiI7v42Q4eDXGM1hEk4mas4GwszsvcHxjAC0EnkQtg6EfFFaOsMhD5HcJQVDVDK3Fo6GO2iP2HOMhIamUFhHEENbi8xgeEEouT0lKXcZKhJbDIcFfpqhqWlhGFL7eJ6wjY80P1UkvogKAzI5Xe8UefbAF3DtPJ5SuR8YUosU0bNzWkgcqJVV0YipGHEuNlgc3yKcbUCp4TKEiku6aXEmCGjKbcIQ3KZhMYrHiramYh7l8lIoOG/NvfyTw12or8ftvGn8jmNIC7gNIg8DyI3cJ1JcrhPwWZbdVrhEH3tulgMnm6zTufCjQ5qb3CfAbdb/XPXba4JfD3JJklVrNA2gEDkBblMrwJN7xP6dW4rjZ197BeRPxVJIpHUeUpg5IFCCo2Gf2z9ifMALhNsLZhh5mvFIr+ZRb277gWmKkdsKelmBZl7VU97KhSpsN9bdFdQX43eKlOGMSMNCZSBk80KF9sZOwY4ZYkurw2TRcfZUv4t7YdDgRfx8yhD/7zI1fj7IfvJddfCjjn0rP19aCz2+6E0CIf6dOj5Q/dGOyrqcFZH2Hq9VqfqkUZpDq7fIy4A0CK5lHctTU+zb9v3DW+wdQ5xVpaytOmIdkPE08wLXcntc1siS5p1cxPkcfw+D4JFpaJ8kP0qO+ZafLNvtVph8BMvrVjTPAv+YNYcpDnOseEpeWctggsSJQxDcBa7I902fnmfD4i6NF0uaI2W4fs9vnOihkmwNiMPebNNH+05pxlAEn7wDZUqMtBsspYShnW8aq9VKQoMIqnHoBvddooxl4r5aouL1+8B2x1SqcgkGzluB3iNBRlDKRXTVFDBGDgjpQrK1OwZMMDLGP4ewyB86zzm3/b3RTo1O6ZvnkPthUb22r/FNr84B33TzULog10tEQR52XboXAIpsUSiAqhVgxeqif4ECgV2uTLKzJiTUiOLXStne7g7rn+oJ6235OsmrrOl/PCvTPeF9jy1hn5GFOwWRLlOrkdlzKzrjsJ91q8et3bk1X70o4r9QtPFICCkemI5guW6D1lOgNUho0LlBRvuNtwJt1XjOw7R12jkn/jvTX/D+Hrvnt4PEnEa0GK79t4a6Nddid1+i/aFzQ8HW62bw302+ZFde/44EfDWN1Kii5dlngt2U3Hmj6A9GiNk/6WEAYQ1AVwZOxOkKlwdky1GuExwvlTGSyflITBxaDc3fm/PHTKCTLEfetfyHcv2lo5UO8Zx6N2ARK3euHEDR0dHmM7PJTLz5k1sX3sNr56d4frjj+Phd78bNAx48fOfx9FDDyGPI17/znfwO//qX+HFP/oj7O7d+7E5VhnAOAAPvw147GkAk3zIFTi+lXHzrSOGgVDnBy/Dv8qVAWx/8AN89T//Z2zv3sX/+S//JYajI7z4+c/j8u5d/Ow//+f45ic/ideeew6Pf+hDeN+v/irGkxNZaGWHzfVr2G13uLqaQF6UqU8rYXkOAfiCTCQ8XKscWXBBQvCobcNkXEvHb3aZIZdIK11b1DMYfsbTjDluidSlT4HnXfmzFE0RORIcOM1Ic8GtefDiRTAgKA5iN9wAj6gCxOAdQo7QNiZ1WFEDdt5DMhXerzl32rkJCHFwu4WzBAg5bP4JzbTAuQK5HsyCekFpIFaON0ifzbh1IjhhMihpZFyVaNMhD5g8bUMDnkTU5lu/bUyga94VlMlMOQ5UqxX9E9qDLGJKnVwmM9IScDfdtZQ3XXXooKSML3KC5uwaME9FCUiY54JxNYKSOZAkWrhpUu1TMrMUACZwJaQ8ApQB34U1Z0hzIATlofwWPlsovs7ZSRSiCQJtl8YKgKVs9yNdoV2X46Susro88H9Yr1qetU7ed3q4yXdz4MbxRMM4nojwY6Kh0XY8VX5PiUDZcgqL4//e/bs4Ozvzzb6cBqcBMzBpTumUssiQ1KJaDgxOqtFSiKhhpbM6DksFEnPTzw+43sj4jkcUbewPug5GXykwlaPJkoC/gDCDJB90bVFuNucpxShFHRyhqyJsoDGCWQY0LUdz2MUoA+1cG7MTwOQptT8MECnj2+58M7jNYaRv3sMU1qfecboEnvIucgVk33P419ce0JxWYUwc/+10DYAwzr6LBHByvGyPpQQtuCIOO3GAJhSW6IXx+Bibk2PkcQUQYdZ3ss0dGIVroKNt2sDpYMDf0+5E229hpMRxmNx254bSlCuLHRvmgnxgZmRIpA7rMQqmFVLaSKoUzB4Z2eZBGidkcG50leq7xjQe34jITDYkjp9F68N5cTEvxgedDpU0H8v1Ib7P5Lq1a9DmhMzB3/S5vZCNxspPpO/wPH1MACXUmaUqsZ5KoSQRdElP95B5hVU/E1mc0GKNxUk22lLSdi2vtURyl8KYpllSo0SeNf2qfZT5DJudcW12cl94ImWJxM8po4KxXg+4frrB3bMtZsiGtETJ6hgO2ARtCMv13tspSydoLIRL1AI+7Nk3snkO9cF11qIPdsVUZodsmgfZYVGGL/NtH+qPjePQd4Doj0iD09NrOD4+xmq1Fh2pa06gQjwhELcB25UMr3rKrvA+ez8M/gSZb+vKeGSp6/TzdIhWNjaS78vi2UM68RCdfQxJaoLM0yxOwST5yQF4hFhlRp0liSWPK+QhNxWfCMM4gMqMWmqTr0TugIQPOWAWajgKdvKuLp4HVGZKv+/evYOLi3OUUnB5ebk3lv99/e/r/y/Xb/7UT/1/3QW/Ntev4e0//VN4zy/9LXzgV/8vzLPapxooAJj+DXYJ0BXj1psavtKfESqbPWiyxGzhaB5qQ/qWhnEN8lBOndztcLbizN7FrLLoAHA1vfegjcUf1zU8wAwTAJIGMDRX4AzME4OLOqZAzYYjAZBMtYUCqzFLBAyJ8P+w995hdl3lvf9nrb1Pm6YZjWYkjXrvxUWWu+WKjQXYgIntAAYTimN6CLn0agI3YEMgJM7FQLjBeSihGHe5YLlJlqtsod6L1Wc0feacvdfvj1X22nvOyCTY+fE8V0vP0Zyzy+rrLd/1rvctKL3LG1tFwTXOCs9DG3u8jqgGbvrfh2NQ9q+/E2zf88vLCjrZe74SnS07m6dlSFmXAlJKGhoaKJVKRP397Fm9mud/8hMWXH01k845h52PPsrqf/xHJp93HiOmTKFQX+9cATzyta+x86mniHt6XjuLVSACRoyFUdOgoQUwHgDiSJGrCagfnaNmVEj3ocqrEtiqWpKAGBxk6+OPE37nO5z09rcz7ZJLOLhuHV379jF60SJKTU3UjBql/WZKSeeePcSVMoXaInWNDURHjhJVMK4oLLjqCWcZoAQpCWSAiGNEHLtxg9Ry1otdSDPXjRWKnS9OwJJelMFEKEnmV3XB1dethLde0hYjSVXi2KgoAhOAAqfIKCc5mcAxGq1MrCKVMgKaVXyT3UF9X7jgVLaP/PmuTPsdeGyENq2UmX/KHuHUViAOCDXHmJMAYolS6KJNY+3J7G6wB1e4frJggVWU8Qi78ipq16xM9a8IJQSCuKz9sNq3rMKnTD+7fE2/uT6RGphRYNwYGH9DSqA1eYESBnDzALAUjfGEfteuakTaja/pBW+uQDIGMhAEgSQ2jCeOhQZ7A+1PWJkAXlaVRlnAybZbIagglQBRAREQx6FRcq21BW4OJ0qrP0+S76kmWCE+Q8f9iLYKT2nx+joF+nsodIr+K4WzSs8oldWSBmi9+pry9OyzwJ8JcmQVJn8dePwwkEFieRN5lgBCYI/7WR9qVom29ZZS0NPTzdGjR726ZayahOazUay0lbMIkgjzIs3bnJWOkMYxa9JtCkmghPOxGZOM6R/TX0PKsf04DC+11+zzfrASXzkXps81UmJ9R+qjSoEdA2loshlq3e92TaehNiGspZ4hnnZch6wtYSe/Oz6Jsi4oPJnH0H5lrDKSXXp/nion2+iNOlApIc9ftHquOosamaYvVoZIlGU7o9I8wLXNWxOuDt59TDlAEvjFgmtCGItyH+hytUxos9IhrfSBC+EARIH2mZorFcjX1pArFhGh3RQQ7ui5HSUhRMqXoKVn/hyqJm8ldC/hBe67TMbZ5hGIhNZafpSUYyigqZrdXLU8QAntLzSmCAqksZrB8SMrCwhXF6Io4fUuWF8iQ/h9K3z5w+vrlNJjTrb4pz0SkiOdjpP0FSZPszvp6FsyLzB95iIkK80DYivXOLrrqKA/hRySaTeohRA6IrECYYLQySAml5MkllyxmfpJXj5Q4+QiMkkmfevyUlrYUbE+KWODogglQFrXBEJvKBlL1GQzWhfsNiRE0p/KBM3M5QLCfE73YaSPTNeWcvQPDtI9UEEQYno4NaL+fB3OH2pWb8n+9g08fP2h2ru2rOHA3Wo0eDgdKQvGZoHSbBn2mWpBsaqBsOBbkaeT3SyVUlIsFp0LgJS7H2fRbtaZT0OrJOcmAOUCS/nz2Gbm//RYeWojW3rj5NNCR5dNW1P80+UtTLCitE5ZzXgnmxxflAJUhKWzePPE5hPHisHBQUIVkgutOyI9FmEYogIdmDmOjBsNIJBaf/ArLoUGcJUWGPWxYhE6f/F2rGz9lFK0tx+lp6eHmpoSDQ0Nr9iuE+lEOpH+Z1J/ZxcbVzzMxhUPg4I5V75J863Ip5tpGu50zKyfdX9d+3KPwPnA9z+Q8KI01pGppC+nOh0uKxf4Fv7D1ystqwzVt1/rFAqRtaxEG6jFxp+esVytxBFRDMgQhI1QnigPujGJ7xAhjUKP9nOpJFqJUxBLZZzgR4bxiVTHZ3c8s2k4xuS/Uy2YVBbASgv0aYEme0Qn+z0r8FQTOrL3/XtWeGhoaEDGMVEc0zhpErOXL2f3449T29rKiIkTaZw4kd5Dh2DnTlrmzqVzzx7+8NvfsnvNGuKeHsRxrIL+1GSFxpFTYcQEkAWIB3CaQRAKakYGNE8v0N1ewbhee02SUAo5MMDOxx+nUF/P/DCkde5cdj3+OGMWLqR+7FiCXI6oXObg2rVsve8+wkKBCacvpe2khZT6++nt7seZv2fG3B4BsWcElTLWNAJEIN0xGVcfNwcSIVpYSCDIzDf7nlXcHJgizPET4yPNE6atUpM6RmQyiX3iZbP15qDAHmkkXT5gLT3sMX5zFTuoOi+pj9ypCOWtTy3YaStP+QojnShwFqAzYJytjluKRhkSoAh04BCj8MhAaktSG2BJ6aM1MtDUJxFytWKfBloTpdkRWXtD4zFIoa0LY6MEh0FIEMTIoKItTR3Q5Flm+m007XMKrVPSdalSI8gmqFWgfcraqSD9XidxbwBDCH8St8ujMVX6X8+JwAGAQkEupy1XY92tOlJ3LLQ3PkfsLUikAfVs+Q5miMo6KJMMUspHomRkmG66cokVYYYW2rF1bUCAOfacovWud3GgqzcSqXo7YNNad3jl2mi01fpQK2C4/HwsTXlzLrbKogVgld6plVI6oCSOrIW4/0xCL/z1LqUkiiIGBgbo7Oykv7/fKeb6WT1T/GAsItL7ynFs/XSKhIFbamFRR2/eYQEJ4sT6VikQ0ju6689H0/7jKPb+76zFlW/FOhzvTm18Oh3PrCllLCIRSGNxmFDDBKbSIIq/BtNjZsfIfbft9OaXncjOf6rJJXAuKNxEcWW68hzNs3MsEThB+28eIof431L9aptv+IxKXKw4upOiB6lqufqk13J2rJLrwkwRC1yk3Jh4wEM6f+ky0a4bYuMCIKSmWEOuVETmQr09Z4hYbARje4LC+Rvzayh03j6bSGQ4a/Wf9Kswlfev2z7za67fN/fte17y17rjrMY/ugZPJUoUIIhRcQUVlw3fNTTUI2/KVcRWVBhClxkJf26mB8Wbr4ap2XqlO8Y8K11gKjsj9eYDbqPMMr7Y9MVwPETTKhytsjUeutZTDXE/tDWMcGVKE4jEKUXuY/NP+/bUNNMvz19H9li/4fWxIFY6cCRKIIPQ+dcnlo5puHmlBToHhCWyoCE6Vo6SmheG+dC4wjAdSUQhCKivKTIYDTAY6bYImbTHpzfVZP+sblNtg8rfcLPv/DFH8avRYx/k9K9XyyP7u1osCz9l3b/47c0GDvbrUO3EoL2ey+UolUrOBQBkQGNP4BBmfQ2dyZmkzJq3rnusvpl5LNsHdp6AXcpDS/LlhKGyk66fMyRIuVBKyjxe0rc177fyamz8d1vCY92lBFLqmA5xTLlcRilFPpdLNgpNeWEYEssYKiYYoamsAzA83m1/x5EJaCQgDLQfV2vVZtvd19dLXV0tTU1NhAbYPQGwnkj/L6b/CQDvv5s23f8g8696i/YNrCxJdYKL1sCFCaiZoa5KOaTAJcepRdpK9E9Z/z7teaWurMpPxdB7Pj98rccnZfToKmEbJK0VA5TLFX082h3LSd5JhInIKQFaAFJGaQ8JhCQnMDtleiil8VOZKJ5iaF0yKcuonaPujODiMwn78a1kfIA0KxT45cBQQcBeG47RDufX1a9jLpejrq6OfD5P5+7ddOzYQVypMObkkwkKBTr37qX30CFytbXUjxvHiAkT6G9vZ+tDD7H1gQdeU1cAqXYCrTNhxHiyuhkAhfqAlhkF9j7XS2XgtZ2sEhg4coQdK1eSK5U46Z3vZOS0adSNGYMQgvZt29i7Zg0dO3eSr6sjLBbpOXKEnqMdFGpqKA9EDAyUwVMKAaMNpRUgZZUQG1HQV2xJvyqERDkflonSKVUmWq1pRRB4GwoiCQziP6uUQsVaqfeFO4fhmaQtnayPKkEcWaEoSM3hrOVBdl76kJ2N8G6P7Ll1YpSiwI8k7TBFC+wKl5+RJU3/GateAJVYAuvykjqqVP/pI+sC2/fJuS63S28UxUAEJl+/f4xF1lCNNlHtrEWPoXM6GmXiHN5aOlulNjWWPuMwWqwGr21+WmmrRBFK5Zxll253Am4nOnjStjSKocu3QJKdB1llO1FQkjEOAg3MSaG0H7wYcyxMR4XUfnZjDwxIrLWcUG+sbitxGSFyqDACEuf2dg6l+sO1QyX9nqGXviWKFMmRxJTNoXDQrlsvwq5D89utGW+IrZWfXbPKPu8nkVYy3brw1wZ47w8VKnywWwbSWE5qixCr8Mgg8I5bJsqNTdL4Q+vo6KCnp8eMW5Cy7pEyAQFcfYUAJROwwVsbfv855U/Y4UiQfWXolz6ELx0g6MZUMSTPbKqmkGWPmFYL5Oj3Yfq63cxIxsP6AlYiMvMBHYDLRg9NRbcH37JcGEVcerTVL8+tOxeh3vYjrr/9eeaUc4/YDOkfYUEEPYPSAIXNR5Lt1VQ/uKmoNyacVSlpVpxqxxAgw1po6nt2XScBBWy97PqVbk1WpXX+3AKElJSjmFiACELyxQKl2lpEroCSOiiZUuigS0p5R2hxZVs/d0kbcHPTr4Mwlr1uTLy+xOXnnf01N6x86U7mO37CkDGBZDNN97TdVDW+y2UOKSNENAgG4PBl2KTYhFZh72VoSwK4JDVI7ClJtdH1gvD/piaB+yOF5aFRQisBVOSC1NmLSmnrMytnuLmlEsvedHHmuhSJxTN2vQkgII4j4/ZH18GCq6CS2HOZ+qf6yYJmQ5LXH0r3luWz5SgyXlGECc+JicEik37Gun3xAmL6Y2HHQErtU1dof6tW59SbfRGIiJpinu6BmEq/3i4IgpA4rqTakm3fcDqNz4OGRHQn4ZPV3vNTtY2r4ehttk5Wb8kCwtXAXAuaRlGUKsPKidnnq9F9fd/2OCbfkFKpRE1NiXw+7zYc7Ua6o88pv4emTVV7Fqf3WZkqEQE9ua1K31TNy7ZlmHLsX7dhmaLlwshoNrxa0g/V8vCvxzZAtJSEQUAchlQqFccbMGPmn3awG7yVSgWlYh2/IAxT5WggW29MVCrGVYOpU0y6LyxtsMGqlRAEYYiwVqzGqj6KIpqbm7UrjYxLvBPpRDqR/jzSzqee1icaYwWBOdXhXE1pbSDO0GuwtCkhm9Vo1nB8JwtoDuUHatjrWb70SvwUnGrvJDlNw5Q90oMLZufls3jx4j+m+/6oFOJZrlrBWwu8mMKl2RnWO7lBmDBFK+AknaCDNQgrnGAc/xuBqSBNECEVEKMdagsUqNgBAjhAKy0kJGWkmV81n6bDCTc2+TvAWaWv2jEY/z3XV8eZJPZj61ZN+SwWi9TV1WkhZXCQvqNHGejuptDQwOhFiyg2NfHyc8/Rc/AgrfPmUT9+PBtvvZXN99/Psd27yQ03oq9SssJpsaR9rTqXAG7sI1QkCAsxzZMCinWS7v74NbVeBe2DtWv3brY++CB1ra2cdsMN5Gprad++nf3PPcfBdetQccycK69ksLubzr176Ro3juLMaRTrIqKo2wQL0nMyUd2s5YhdeJij50bNEsbKwQhJfYcPs3PFCnY/+GBKoXPwQBjSPGcObUtOo+3UU5HFIjqQhEwUWIwgY+Y9WP3LgGNB4iMrtn4GXRJuncSxZyUSmoiUThHXbZFB4IiiDLyj2KDfExKlQpTQAaQ0nY1RSpr269MDQoJ0AKHpE5J1q1ymWiOTCmLzTAKKJe1HCHcUWbmovgZQCiRhqNseV0xfRSAITRsiR1sUngWeyddXaLOE2/fFaAFKGUAYCCqB7lMsyGOxKOXRIJGMjQMvLIhi+lTIwBB2RYwkJ0MiyliLf6+qycxxF9N1w7vsFG8BKo45vH4z6/7jPzm8fpN7cfwZS5j9ljfQNHkCYU4QVRLlqX37Lp6/52fvsH8AACAASURBVG72PbWGYmMDc69+M+PPXEKuVHLrweIAQgSIWCGUIkDpaNkqIBZCB7kyfeFskvQAu3Y5pubmm3Cd6VNyfz6kgSCRvOc/a7V++4zKnB4A7aLGrqVU3wpXls1PmjbYMfCB3AR0JX2M3NJ6O3/MWtZH5tJKsxDWr2qQ4iuVSoWuri66u7tNsKq0/7qk/VLvMidFI6UOThNHIajA0Ss9fgY0t4oWifVMEsgm0BGMhebzUmmfq0KZIHJYS1vp5IJqKauApwJ0ZZROywezJ0OSdtnAcRqo8UohMr6rUZCLtP9VG/8h4deGd1kEx4ybndPJWk3WndOzHYri3/frloyNXXuHXniRDb/4BT37X67aNzWtrbQsXMjEZcuob2vz+I0PKNprkKydTOEyWQFpeUO6dlm6krQ1LcMogTuyZd7W32PfB6KuT2T8cEnrJgRQxMZq2JzSsAEQcyH5fIFcoUhQKKKEIDIDYdeeEvY4l0rxnuTYtAX3lGUdjj44YVnFmmObpS9IAlzph3WgyazxtePMKR6gknG0cpkw7bE+yIRAKOu30NI5iMmhRBEpFSKuWC6RHkJLF5wSYq5nLMi8x90YeQ8YWgQ2elUszCanChAEBtiICAKQQq9XS6uMU1mTuTLz2zrWsXTWnK5yxFu4JROpyG2+2IapZLfUdKe1Fq8gCYhjQRTpdmqQV5DPax/MiMjMIl/5SmQsO0z+/Ew61O8n35rGWJjHkbO618F8tJWzPdFiabBKZoPrGoF2g6DzsZuNMbl8iAwlSOWdINLWeFIpGmtCKpU++iOtiGbpm5+OZ3Xqv+OAwNQ0SPhUFhDNgqP+O76O41+vBoJa9zTDAbn+s/Y5X/eq1jb7nL+RmNRTB4e1675QKFBTqiFfyHsyr5Y/sPxbWn/PnqxgyzbrN7auM6zsB1UBa8uzLe2wm3mOp3trL8vH/DHJyimpvsIueRus0sRCFxJ9Osyncj4/yoy395SQEIYS0H5pbZ0D4ws/VhX3TuzGQFuxxnHsrEn9FIZaN3DH/a00l+VBJHTZuQMQBvA1LgT6+voIwzDlb/5EOpFOpD+v1H+sk1BKCBWCmEiYjT0j70Uq4ZGQ1mUg4Vla3zVnU41c4AzSPH3Z5yvV8LLheF42OddewsjrhiBVezzlQMq5bEzorH8K8LVIoa3cUIIa6EoHAZXBiCjSfgjBiUfumLAVcqXW+BIl1j5jCwsgL/RR6nKijuPAJifcD49iZ9MQ0GSY57NCif9+Fmn3gdFsOdVS1om7zSO7A2m/FwoFamtrtYPyvj7qRo+mUF/P0W3b2LFyJYGUTD7/fKZdfDG9hw4Rl8vsfOQR1t95J0c3bHjNLVYNVAY5yYjJASMnBZTqJETGalmWELIIQhAWIurHChrGl+jr6afSU0mUmNeofhLo2rmTZ3/0I9pOPpn6tja2P/IIHdu3M/uNbySOIsp9fRx44QX6OjoYt2QJSklypRL5cpn+3n4jcBvhx8xjsEK0jfyd3jFxc0RATUsLM668kiPr1rHpF78AYNENN7Dg+uuhUmH3I4/w/K238vw//zNjTjmFMz/3OZrnzXNCl1VkAIhjAlnFPYf5YpVAK/gpE0XcKoYysFYj6bVgd+vd0VizviwQlE5akdbvoZUTF+ncAjZGKDWBX2KVvGvr7DZFhHJ52Ud0PxqrVEMXbfs0QG0jRNpkjkErPOtWUzej0FrLMLB+z4zQbGiZPubtKWM+CGHO5luQWgEyFyIrimjQ+iL1Nlgyc0GRpT9JP7hr1hVKpIhCG2QsTYs8PcDV0fWZAcc9aMX0s+kQKWmZM5sZl1/K09//IQCt8+cw602X0Th5AiAIw4BKWDFHwKB+/ARm/8Vb2f3YE0y56HymXnSeN1YJDXSghoi1damy41hBiNBYgpmNBz3ouBDWqZmRjLVts1VKUqmKguK6JEN/s7TVKlo2j6rMuZqykKLPZjxiDQAFwljUEuMQJps/lnZIZ+ms37VRldJlSM8HqwWUent76enpoa+vzynW9vkh7SVprwVO7WIWbgysxYwB0iwaIdBgjMfeNU2JsQF2bNT6QASu8v68PB7/q1bnaspm9nsWLKjGn1NAi3HTghAa1FehDsYGECuHW/mRRu1mh277UGcmyp+Hlj5WqX/qmlknQkpGn3IycRzxu2uuAWDkrFmc9/d/T8OEifTu38/zP7yNx7/4RZ6qrWXx+9/Pove8h6BYNGvA8JxUu10F8EEQf+5W9b2o0uvO3nNr2IIpMtnFd20NPPDD9LW0/rNd9hKD0RPFsRa+A4kMQ4qlIvl8EQJJ7Kz+E9DT8i8n1EJSBwSRPXrvAaVqmHGw/hPtWpcqsWozDg0dLahKX6rIaO42eo5Y2zJ/oybpf4X2JZpDqLIhC0mwPMerzZt+7fU69Z7zqlW1nnEFpyKYa6gAKUJiBYPliEqlTCA0jXc80vAM3Z+Oouu+lEm5WtQx/uJNGUm9BFIOlTS1TJRsgirsPApQBjBDGOtGy6scuJeW85WrhEd7sz4xM4Oou1cZuhUAxkLeLHI9u6QZp4Qv2+/V1pOQOichzIk79FzK5wvIQGAlC+uD1pLeQj5PbUkx0D0IXlDUrD5h2zwcQPdKtNO/Xk3P8fMbjob6Sm61OlpQ1/ZRFiR+JeXX13ey/WCTPY3h++ksFAqUSiWKhYKuAxh/t4kbFJMZ+GBypg5WfnNUMFN2IgszdE1S/Z4u+xWUfrsus/eE0241nZISZfuIofy9WkrmRbpmOriVpFIup2i5HxHblq+tf2N9hN/0vQU//b7JgqHZeLi2J9ymM4anSONfPhDany3Dn+o8kU6k/9dSw//fFcikCBjAhM4JtCuhQAioKCBGxSIBSqvogv5f5/aSxC2Zlen0M8PXI8sbEv1ZDSkLIcwpNY/Gp2jt8GWk9cTq9LyKJvqqpNBm7kCRFNEXqFgSRRWUssxBC9qWwDrpLVaJQuBlEfsMUWmrlJwBbCyzsY30/7qGVwO3TBqiYGeSL1Rkr2e/Z4WIrK9Uvx5Zy5tq+VWbPD64WiwWqfT1sfGOO2jfvt34sxH0tbdz8KWX2LJiBTOXL2fGZZfR397O6u99j/bNmxNB+DVIChe+iCDMUzdyFDMumkD9jFZE0yiIGxGihqIo0FifozJQRsWdlLqPMunMHQx0beHojoOUB3WEyPA1qqtl7D1Hj/LEt7/NOX/3d8xevhyUomnqVHqPHmXf00/TOG0akyZMoNTczIF1f2DklAkUa2so9w8Qxxo8lCJZ0FY/lQiq+dBKhHSzC2KUS5tyxQKlkU2gYOZb3kKuvp4HbryR/c88w5Nf/zrLvvlN6saM0X3tzemBYx3se/wJXl6zhs6dOwGoHT2aMaeeyrizz3ZuD2ySMuDlp1ZzeN06onLZXQ8LBcadfjrNc+aglOLlNWs4unEjgz09KQWxprmZiRdeRKmpEYC4XGH3oyvp2LqVOIrIl/I0jmnh6NYtyDBE5hM7aaf8ViFIA+0dzLrickrNI9ly30OpcqttlgSFPCe/5+0E+Tw66JdRwoHKYJlDL61j5xNr2PfMc/S3HwOgZd5sxiyez6Qzl1I7dhRKCPrbO9h6z4N0Hz7s5ocMQurHjWXapReQKxYp9/Wx5e4H6Nr7squ7EILa1lFMveRCSs0j6TlwiPZtu2mav8BY8sQIJVP17t63jz2PPsrAsWMOmJFSUtfWxqQLLuDQiy/qcRkcTNpZzDNm8XymnncmQoZo1qbVgd5DR9j12CoOvvASh17aAECxqZHRJy2g7dSTaFkwh3xNrTsia0G2NASNCRSY/FZCA24KDAgiqdhj90KgghwyX0AEQULXo4hdjz7JuNNPJVcqJZl5Cmq5t5vtKx6h6+WDROVIR59GUBgxgkkXX4xSiu333Eu5pzuZr0FI7dixhKUinTt3pvpGIGiaNZNJF1+CzOfd+O157DEOPvsMKoqQ+TwNk6eglOLY1i1OiagGoJS7u5n2xitoWbyIcm8v2++6k+49e9LzTylydfU0zphBqbmZplmz3RzXAIREGguYcm832+66mx1330X/0aOENSVaFi0mKBSY/qY30Th9BlF5kJ0rVnB04wbtv9ekXG0t4846m65dO9m/6kmKzc0AzrdqpVKhWlLlMjIMyTc1MWjmmV1zYbFI6+mn0zBrFkLo49ZHN2xi4+pVVPr7EAhKjSOYcuE51I9vS81dn89bwLXv8GF2rnyC3U+uoX37LkCD7+POXcakS15H4/g2fDdAAHtWrmT/s89SGRioWv/BwUF6jh2jcf58xi5bVpU/7l2xgsNPP02+qalqHv7zQgjiwUEKzc20nb+MfStWEHf3GPtJRZDLMWLKFCacfTYyDOk/doydDzxAr6EHVrmtHTuWSRdcwOEXX+SQoZ1D5pCZJ3G5zKj585m4bFlV8EI/qvtTeoqqkJJ8XR3FpkYKTY2c+dnPUunpYfv997Pm5pspNTcz9+qr2b9mDQdfeimh30qRq62lbckSRs6eDcCR9evZu2qVXi+mDmGxSMu8ebSedBK7VyY026Z8bS1jlyyhcfp09jz6KO1btrj7ytyffOGF1LW1Je0A4krF5acMWKVQ5GprGHvqadSMHcuuBx+g99BhfdwqCAhzITIIaZgwkdq2sdSMHkPd1CnIMKfBwUqFnQ88wNENG1BxUkeAfF0dTTNmkm8YQfPcOQSlkmvj3scf5dDzzw/hbaMWLWLcWecQV8rsWfkIbWeeRWjplAe+CCEo9/Sy87576Nq7l9jLp9AwgomXXEyuto4dd99F76FDwwJbSiniwUHmv+/9lJqaDB+DY3v2sOWXP2ffY48RlweoG93KyBlTKTTUM+eqK8nX1pjMLJgGiEQpSGHo3hikfgtteSnsVWX9GAeUyzHlckQcRUgZEIZ640ZgThTZDAUk1th4JVRRJvxTWQ4YUqm66beFoQfG0t/qAehTGlFkNwsDIEaGEhkEKOMz2rKTZEMjab/rA/8BQaKb2IvGZzSmj6IKqJTfVo8Z+hsRnouO1DiDAWUFUmrfzoG0FpdRspmCNO4OLD1Q1BQL9A9G9FcqII7vY7KajpO9N1zKArFZELUaqFltE6GaHpX9bo/jZ2MA+OBsNd0rDc7FKRnX5mXdsOVyeW2tWlNDIANiFVMxOpCmqwmYZ3l2loenNmnNC4mKnvz2AUjLy7JAsLk4RF8Z0pf64hAZ2OmRZnMpyVfPrnS77AbFf+3YvE+npJQa+I9Usryt7mLlPiGctWwQaPkmjmIG4wpBoJxFuQ92299KRdqtlbBgSWI9nJ1X2kVBcpLrBLB6Ip1If54pAGqAXjT/0ifGpXYNgN7oFvHw69cetQfMaSpNCwNz3ck3JEEetT6K3ffWNFVKTxBIn85xlNZgM0qhA+6aZ61hWJbOpGE+n9/p/Oxms/UTbfN/rVKIspU0DYk9BiYkUSUmqmhhyfpx8a25nGVIxjekvecz/EBqMEvFsfaThC9wVrdisclnctUEg2oA6isBr34ds3lXA0azQrgfwXI4BSxbh0KhQMHs0g729tLX3s6x3bvJ19XRMmcOE848k6kXXEBcqdA4ZQoDXV28cPvtHNi0iUpvL2k199VJMRALQb5QoHXmTJqmTqW2dTQ1I2uYdckg9aM6oHwYor1ATKWzxMDRWqJyiMzlCAq1TL1gCcVRi+nc20PP4UO0b9/GkY0bGezr08GoXuU6C4BymX1r17Lt4YeZf9VVjFm0iFyxSG0YMm7JEjp27uTwxo1svuceSs3N1LWMojS2hUJNH309g8ZfmvXBmxyv1PkLs18w9Piqb91RpVZG2BO0LJjP6JNP5sCzz/LyqlUcWbeO2jFj3HwZaD/Kutt+yLp//3dGn3QSi2+8keZ585BS0rlzJy/8y7/wyKc+xcwrr2TJxz5G3bhxbj6NPe00ZBhy97vfTbmnh9GLF3PRd75D/YQJrjZtp53GmEWLeO7WW1nzne8A0DxnDhd/97vUjNSghhACkc8x4bzzOPD00xzdtIllN32JkePG8PsvfYWaUSMZu3ghQkqicpnnf/RTNt+zAoCL/+ErNM+YhlKK/qPtrH1sNdMuu5iG8eOYfcXl3P3Xf8P2h1bqZ//3lxk5Y5pWcATsf2Edx3bsNvRG+1ZFgYoqbLjjblbd/H2O7drDwuveztJPfJzS6LEQRXTu2cXW3/6WB//2syz4y6s4+3N/Q7FxBLOuvJwHP/VlXvy/PwPgom99hVlXXq4VMCCsrWXWm5fzxDe+w5P/8F0ATvvIBzj1g+9FBCFKgcznWPWtf2Tq6y9jypvehJABQolUcLD6ceOYddVVrPnmN3n+X/8VgHO+/GWmX67Lalu6lHx9PQ986EMc27GDxunTufAfb6F1/lwUepewgqRzz8s8+fVb2PTbuxk5cxpnfPIjLP3YjRQa6unvOMbeVWv4/We+Svv2nbz1Fz9mzCmL3Hgls004Qb46rROOkeVygfatpQCkDmStTN8ToIgIcjn2P7uWTXfcy7mf/zuKTY1OgVCGseVLeWa+6TJ2PPgYv7nqWgBm/sXVnHfzLRTq61BCMvuaa3jk4x9l08/0WJz/3e8x86qrQAjaN27k/ndfx+EXXwRg3vXvYeENNyDzeZy1EjD+7LPZ++hKdq1YwUX/ciuNs2ahlGLzz3/Gir96DwBTlr+B+X/1XmROKw6V3h423v5TKn29AORqapjx5rew6itf5tlvfROAue96NzOvehtdu3ex+ktf4MAzz9A4YwZLPvVppl1xpdssEVLSe/Agj3zkwxxeu5aln/88Ey68CCEl7evW8ey3b2HqpZfq/g1CJr7udSAFd77lzQCMO/dcLv7BD2kYN46ODevp2bePceecQ1kIent76XrqKdaZNTn16quZ+MY36oZHEXtWrKDU0sK0q69m3+9/zzOf+xy9e/cCcPott9A0d64ZXe2PrmXBfKLDh7j/4/+LS26+iWkXnptIQML9lwCrQN/hdtb80//h2R/8hHFLTub0j/81LYsWIsOQzj2HWHXL97j3ve9j/jvfwdlf/DINkye5d8efey4EAb98/esZ7OqibelSTv/0p8nX1yOEoKujgyO/+hWVzs6UUg2JVUvU20vf/v20LF1KrrYWIQQHnnySl779bQCmXXMNk6+4wvXJ7vvvByGoHTeOScuX8/iHPszLjz8OwGU/+iETz1vmlMBSUxPTL7+cR7/wBTb+53/qNfqVrzBj+XIQgnFnnIHM5bjrXe9ytPPkD36QfG0tSimicpnt999P2dTfrrtqG0TCCYH+stPXpBAUGxsZvWQJ2++/H9CbBtOXL2fs0qUo4A5j8TpmyRIu/s53qBs71q235jlzCHI57r/xRtq3bGHE5Mlc9N3v0jJvHgCTL7yQXUHA3ddfD0Db6adz4c03UztmLKCYdMEFDHZ28uDHP67XyyWXsOwb36AwYoRrh/NhGoZMOP98CCT3Xa/XV9sZZ3DBzbdQHD2aGMWk5ct56qtfZcPtt+u5+OnPMObMpXTv2s1jn/0MB555htGnnMo53/wmo09dgszlmHzppQx0dLDir3Qdpy5/A/Pf+17icpk//OTf2PSLn1NoauKML3yROde9iyAMGXfOueQbRnDvO9/Bsa1baJo1m0v/7Sc0z58PSiFzOQ6sWcOWX/+aM7/8FYojRw4Zl7CmxPQ3v4Ud993HnW+5EtB0atkt3ybfoO1JZrz1Kh77u0/y0g9vA2DJpz5N29nnOOG9c+cOdj2wwgE4Etjz+EoefP8HaJoxgzM+8ylGTByLqPSx9a572f/M88y96kpXj9gqCsIDwQyNy1rLOZcEiWqhQUkVI0UOhKRSiSkPVKiUI1DCHOVOW4s4AuoDSUm2HrhrVoub09KB0zbZIItODzFzWzgf3Z4luAhQkSKKyiiVuFiwIJC2NtV+0YUYKg1aQN+1RVQp19UrKT+qCCqx0nXx81UM0VOqAYuu+mZs9OGLmCDUltqaXQpQ0mwk6rGzR9DzQUhdTZG4Z4Cyrb+nSwwHfto6Dac3uGYMo9dUs0z137Fgl1+P4epQTefx6Z5vSKKUcgBpcnw/Tr2TzkukZOh8vkg+n6e2pgYZBC4ivV83p1MO6Y2hyfaCa5/nd3SIAYCtk39ZKTff8HTYav3urDZFYu3qtzULAoMOIBp4ioW9Eyuta4s/4Wiq70sWrw6CJK5IAizr65VYW7GiFGWhyOVyQ9weCCEIwxzKBFpOzRHTj1lIQiml8z2RTqQT6c8+Fdw3YygI5sSOMnKLMEEp7VM6+SvfbShZZ/ZY+qEcjpK8J4w4IpzMgqfv2aeGJruxY5/Vm6BOvXG8LU2RlPJl9kQmStUrJWC8+ilMwtSYxlpA2Qgn5UqkLVHtjpzHdJ1/G3DmwbYxiUzkMX0kEu3XMBJQsZYfQqSPgSmV9McwAko2VRMu/Hu+UOJbofoWq68E2maftTu89nmZ6ZtqfuWKxSKFfJ6ov5++I0cYs3gxdWPG0N/RgZCSuFymedYsSo2NVPr72fbww2z43e8YPHYM4R/7eBWSDYRSHDGCxmnTaJ42jWJ9PZWBMv3th8nl+2kc1U1OtEN/J6g+lIqodJXoP1JDZTBPkMsj83WEQSMDHYr+9pB8qYbxS5YwatYs2rdvp33bNvoOH0a9iiCrQAvk5c5Otj3wAM3TpjFq5kzicpnDGzbQuWcP7du3M9DVxYjx42mcOpVcbR3IgGJtDYMDMXEsgcgc/RKQJSZSC4aG8gytQKYxViS08l1YW0eurs7d79iymYkXXYiUkmNbt7Lyf32K/c88w+SLL+acm26iNKrFrD3FqLlzWfb1r5MfMYI//Pu/c2TDBs75ylcYc8opuh+DgFJzMw0TJ3Jk/XryDQ3k6uu14OOEQAhKJea+/e0c/sMf2LFiBUfWr+flNWtonDoliVAvBJ07trPvqac47ROfoK5tPEpVmHbhBUy+8CwHOFX6+9l81/2uPS1zZzPutFOc4jNm8UIGunsAQaGujoYJ45Nn581h3Gmn6PUgYPwZp7N39dO4ha4grkSs+f4PWPmlb5Cvq+WSb93E7DdfycBARHlQH9VrnTOHsfPnMGbhAvatXq1dlQhBWFNDw/hxrrxifQNCZFwtBJLmGdPd73xtjbGyMoTbAA2PfuEr9Bw+yvx3v4sgV7B79qZPtX/aXF1tkk99fcryJyyVnEVV/bg26saMNb7xtMLdvmkr9974CV5++nmmv/5iLrrla9S2jjLUEUojm5n++ksZc/JiHvjE57SFaOwrKbGHnSU7csMlIQRhLiSsRNqBuZJ4jjd1viqh5S/+5D8Y7OzkvK99nrqxY3TUyFghUUgRECtFvr7G5Z+rq0PmQz2ISgM1udpk3jfNng2mnk0zZzL7mmt57MVPAXDkxbX0HTxA/aTJKd460NnJ0XUvMfNtb6Np1ixNj4WgYfJk90xNayttZ56ZWNkKwagFCxns7HTPyCBI7gP148cz/txziZVi3LLzefB9f8XelSv5/Yc/RE1LK+PPO8+toW2//jXb77qTpZ/7PLP/4mqUofF1559PWCoh83niKHIKTK4+OQTUNGMmtaNGIaSkdsxYlnz5y1TMcfARwMDBg+7Z2rY2Rp9xhuM5rUuXcuCJJxBSMvbcc5n+9rez9hvfAGD/o4/SdtFF5OvrwIAXlb4+Nt15LwvfeQ2Tzz9X7/J6Yw96alsu1L55G/d+6JPsWf00M15/Ma+75WvUtjYTGVcgLQvm8bp/vZV800ie//73OfjCWi7553+m7fTTk74fNYrGqVM5+MILFBobGX/WWQ7k6uzspDhzJp1btgxR3C0frhkzhlO++EUKzc3uXv+BA0P6xCp+Laedxv7HH9eWevV11E2aBAZczdc1aPHLRPhWKiaoqaFh4kSXX76uzgWEQoghtHP0ySdTNFa0CkXr4sV0bN3i5sJwp2Sq7XsLaa0MAQG1o0a5e1179tDX3k6uvp5SSwvNc+ZwZP16cqWSdhdgynf1bGmhrq2N9i1bHF2x8w3QNN+kxqlTKTQ2Wg0YgDpvs600ahRhsejWuau7Pc4pBAVvDjdOmUKhqREldLCZXFNTqk9HTJtG2znnEhAwauFi7nnXOzjwzNM89sm/5eIf/JCm6TNQKBomJe/oNXsWQbHI2DPPQuZybLj9pzz+2c9SaGxk+lveilCKfE2JXI2mMfUTJlA3ztB2BxQI/vDjHzF47Bhnf+N/U9fWVhUwKjQk/ZOvq0PYkyYKgmKRWs+Ct2nadMafe64T5MdxLs3z5puAk4KBri7W3XYb/e3tLPnUZxi95FRE3I+MBlj4jmspjWxG5vK4OAYqckCMUw5MpydBE3HgrS/863USIERIHJmAshXtyzmQoeEDEQhFEAYGWDTuuowsHxMzRKYVerwd9GT6Uov4woFavvLhKzKm9q4der5K46EZo5AZ91FE7rhxHMfG77twa8oCNTpLmQBTdowzG9qOhsjE569e76ZMPHndo3sC6RQ7e+qoajIygBCKMGeseZwqYvvJbGkqRSC1G4FiLmQwH1EZVEM2k7K6hz8W1a75yZ6Qyz5jr/vtPR5YKoRIHfvPWh5WA1eHWPdmgGD/e7UNqGydrAuAQqFALpfTx9IVWpZxa0OPvbQ016uHGwMzX4VINiaGDKObX4ny7tff/63z80DTzCZItT4GjFsuNWS+YeokLQCpVAKsqmHmXZU0tMxMSw2gmvjJTXWAe1d4j8dGb7A6fBzHDAwMOIDVnwdSSpSUiCjSQahVGqp2IGuVvjmRTqQT6c87Wc3Y8WMgIMDsSqLjXKUBjuxmVUKavDMuxg2eEgppT94IS5OT9xy4ms0LSy59XuXdFMmJmdTLxi+6v+mllFc3I/cgMHKFlSVeO7olLStRwgpKCkzkYOIAFWufcoGQCCkTIdA2SujdwiQ4g/EFKQQikIgg0IKTRcdVBSliagsBtYFCKB1NVCs+Gl7IBcluqb9zmv1kU8hOTwAAIABJREFUGYK9ZgW6as/Zow/ZPK1Dd/+ezcu/5icrNNiPTdly7d8wDCkUCkgh6Dl4kL1PP40MQ0YvWEDrggUUGxvpO3qUjm3biKOI9h072PbwwxzetAlRqfxRO7l/bIrR1nyNU6cy9pRTGH/yyTRNmUKlXObldevY+eQDdGy9CxE9ioi2QtylB54iyALIEIiJy12Uu3Yw2L6aI+sfYPeqh9j3wloG+/ponDiRtkWLaDvlFJpmzCBXV0fsFuKfngSaSBz6wx/Y+dhjHFi7lv6ODnY/8QQHX3qJviNHKI0cyaTzzmP0/Pn0HDhA58sHELkchWKAEBFISays1YYVLIQR8oz/QWWBLYkQAVLqYBJa+fGFKj3PldCfaLCcOgJdaBqJDHJU+vp5/l9uZf8zz1DT2sqC976XmpbWhAAZ/4dhbR0Lr7/eKeDPff/79B05opUpa1bvj6nRBGQQIAITiAqoaW1h4fXXU9vaCsCGn/2Mrl27jUoE8eAgG37xSyZecAFtS5eCEMRBSPO8OcggD9gABJnj6EIgjLCmENS0jKKutcX4Zs5shMiEFghjzdIybxbIBCzctuJhVn3rewAs+MurmPWm12vrhlxgXEBry8sImPb6ixk1b44GwIPQjEUWuvfHTQ69b5VAKQyQrts32N3Nqr//Bqtu+jqV3j5D7xSxSqLVZoVdHT1Zuk/SSeg5I0KiSDDY3s2Tf/9tXn76eerGtHL633yIutGjESJIjvILiFHUjB3D4r96JwS6jsrUkyCZY0pIHYlryBGzAIT2gxdjfGPlC4YmWwVX7wkqEaBEkJpPG39zF3ddfyNHN2xCqhBBCKKAPvpowFjXRuMI3eRRVdC2DFUIpr7xjYw5dQkA+9esYc8jj+hsPMVm78qV9Lz8MlNef7nhSzhly2UpjCWktxZKo0ZRa6z/BKTHwntRCEF9WxttZ50NaHcC+1evwgLYUX8/R9b/AYDBri5UHCdBP2JF88KFNEyZjA7CFqOP2KSKIAgEAwN9lEfUM+BZEVXbJEzxokKB+smT9fdcjmlXXUXbBecDsOe++9j/+9+bI/EBQRCy99HH6Dl0kEXvugaZDxEycHNboY/OYqJ7D/b0sOrmf2LP6qepG9PKqR98P7WtLSACJIJQ5iAokq+t5ZQPfZjWRYs4+MILPHnTTfTs3z+0L0kUVX9s8vX11NhxyPBgpRR1kyaRHzHCvZflr34fCSEIikUapkwxz4bpY8zS8G9hLIqEMBbyaQHMzhM7l7Jzwn3Qbi7qx413ebk55oS1ZL1n6bCw9CTQfwd7e929XG0tuVJpKJ3w6iCMu5qgio/Y5Dmq5pHU097P9KkU6bYKu9eiUDJN32MEZQUyn6dYX0+pYYQGD22/278ipmH6VNrOOAPQa3rvykcMXRek3EpYLE1IiiNGMH7ZMgDK3V3suO8+ot4e7WahinVjah6ZfLb8+lfc9853cHT9+iFzcEjZ+L7Gh0ohQgjny9ymEVOmEtTUIISg78B+2jdtptzdxWDnMb22ZIkoKBKHOaa87gLypYLZiBKGD0onK6Ck4VPmuq2LkAip163+a91u5RkciOnvqxBpJ2lAml9JKcyxezQ/CALzSWRSJXA8RJcVIGWY1CXTR9aHqTAyuzCyvOVNSjtqc/VAxMRK+2mMYmUCOWpf8EFe8zXNs3Q9tJGG1Tkc2qx5XKCDS8WohN8Jc0/YfQCrPQXaDUGstI93obRGIxVCsz9EIE1dTZ5GaFRGR7EfK0cg9f0gZ/icVA6I1vVWIPS8jg3IlwsUdQVJUSggJjZ7l6Hxs53VUarpMcPpHzBUZ8nqRsfTb3xfmv77/v3UuHvr7JX0miwvS4GPHuhXLBSor6+noaGBUqlEYAFjPbmSOWDzkdqVhK/LOQXZjINeH6R0UFt+bGISCJmum4UaVewBxV65fhudD2hHFzI8zNucwO8HUxdLXTQNBoS1roqTj22Po1nV+V9W1tSX9DtBECRzx9bd46cJLQncR4oQKfT6j2MoD1YoD1ZQKpkPcRxpmSYQhKGxPheKWEUoFWmx2ftk5Z8T6UQ6kf7Mk9EPtQqpdFDMUCBDadQHZf56hgtGXtT82uj0wvo51zq2lAFhkDPEIQAZGD1Vyx72d8J/s/qs9N4JNMYQBFrPl/a0jhXVjSWsKdv+lUa20bEuAqT9buiefz0Qr00UI2kBI+scXgrjKVNIIqWPNSClFnSEcA1K5PP0d2kUEZlibKYwwyyDIDB+RwvkwsAE6BFO+Pd37908qCKg2N/Dga9Zpc7PazjhoJrim303K3QMV69UR0tJqVQin8+DUnTv38+Ohx/mudtuY9NddxGXy7SdeirNs2ZxeONGOvfuZfeqVWx78EGGQjl/WlJCIGpqGDVjBjMvvZRpF1zAQFcXz952G8/99KfsWfsComaQ8UtGkBvZjChOg/xJUDwLUTqPXNMF1Iw5n5qx51BsWUK+cQ41zeMYNauZoCFi7/o/8OxPf8rTt95K9+HDjD/9dOZecQUts2YR1NdDkAWC/vtJAFGlwt5nn2XLihXaD2AQMOctb2HJjTcy4YwzOLJxI3tWr+aln/+cvc88h4oF+VKRMB8ihBZQNChqhXirvFhQzo6tnddWOJWkRkYk96SUtG/e7I4/17S2Msoc5zz0wgtsv/deAEafeiojZ89JAXMisN8FIyZNZPxZZwKw86GH2P3wQ35xqY4QgadYm7Vk9dCxp53GrLe9DYADzz/Phl/+Uiu/geTlNU9xbMcO5l17DYE5Yi3DUFuCCpxQKqxAm+p93L1cbS01rS2J0HmcUVMioNjYRJAvgggY6O5j3S9+zWB3DwDTXncxQbGEjjosjLCs2xcjCGvqGH/maRhvLwxZJO553KfKQbFUUpk6v/Rv/8ajn/scA+1HtaIY2LHNAsdWqK5WD1u2II5h9xOr2fCbOwGYuOwcRs6azpBkhGIpBGNOWmjAL6M4GBNEK8gfN2VomRQQBDJFp+IoNgE65JC+2bvqae5670d4ec2zVWhotonD96xbP+bZ+gkTmbp8ubu/8757GezQPnWVUpR7eth+911MXf4GGiZOTOh7lbzdsTiTgkKBQmPjEKWpWp0QaX+ZcRQRG9+QPn1/6Qc/YNWXv6St702wjbBY1ILFMCmOYzo6Oujq6qJ23DiCfL4qz0n1j/cZMW2a+15qbWX29deTq6uj0tPDltv/g979+5FCMHjoMC/98CecesN7qB3T4hvKJACad3T4wLNr2XSnpj1tS09l9IJ5rp+UW0f6d+PUKUy84AIAtt51F1vvumvY9tpkj40C1IwZU3UjUwjh+sTKA8OOkfe9YerUIXw31U6BBpvkUL6fllWEkTfszeReMh5QO2a0eyCRcfwyROo9V46Z6UIIKj09HHz2WXe/ec4cCiObqtMJrykOSMrsrFvQwfKlIXlYQdi4ufGTsjaU0m4gAmZ8gkCDST7QJqSkWFdLTV09Qb4whD7avsLKWd449hrL7GrWWq7eCqQXyLHv0CGiwfKQ50lZI6gheb686knuv/7d7H/qqdQcU6oKjG7X3ivIeTYVmhpTlu82Pfq//o5Nv/gF8eCgAWRDwlItsdIgYIS1JrNGB9Xky0ReiFVs4hPovKI4oK+vn6iiSGR0O6eNjGyAVbdxNaTXjHIiQi3fWyDVyai+DGOUI6R+3ilMWgHTGpXRrMzHATZuk9nOOyvLW+vKOA0gubFJLun6aBol/PaI5FSbMgibhcVilLaqExgXT9KAR6avkN66Tdas3iwXGVqRWF8GoQa4dbm6710/mHz9wGRCCHK5HMViPnnCyh6kdYbhdA//OUsTs7qN/1w1neV4ek22bEgDsb5OY58fLn8gBdpmn7epUChQX1dHfUMDNaWSA1zt2qu2lvXIVu8fPw05zehZVlbV93TGhuRpEDGw8naV/nI0pGrpfr7C1ccHY21eypPXsmNY7ft/JaXqi3E1kOnPxLJWJUvfbkRg5BwhiOKYwYFB5wc+oZ/V56W/oeq7iziRTqQT6dVJ9ePHc/H3vsd7N2zgY52dfHD/fq66+25mXnnlq1OAsLKi0Dw8sJt8hp5b0UAYmm2MHpONK5fNELk3kQUyH1nl2pCPp7R7eSYylPTK8AXpdJkyU5Z73t8Vstjma5CkFV6sIK+N5rRQFUWRsz7QfhlM5Uk6L2HabiScoJNudGIxEgQBuZykmM9TzAdIYgIpHLOzx/d8oeR41qtZ69Jq7w2325vNK7u7m/1Ue/94edlPEAQUi0X9PZdjzOLFLPviF5l1xRV07NrF0//6rzz+D//AlvvuY8by5fQePsyu1avp2LOHVxNXjwFRKjF3+XLmvfWtVPr6eObHP+bFO+6g6+hRUIrmtvHMOOcSZr7hRsLGD0PxTZBfCLJZzw0VIURAkG8kP2ImteMuomHadcy47P3MWPZ6Ro2fiIhjerq6WH/PPTz3k5/Qvn07C9/xDuZcfjnF1lZeTe88AXBs61Z2r1pF/7FjLPrLv2Tk9OkMHDvGrsceY/U//RM7Vq6kZd48Rs+fjwhy5Io1FAq5xHhxiDIuEmsKIVLAq1N6Xch7+w5mFwUOrV3LM7fcTLlHg4Vzrr2W5gULkFKwf80ad7151ixqGke43SEZyGSnSAiCXJ7GaQkAt//Z56j09TvBLqWoZayS9CaHtugM8zkWXHcd487UQO2m3/yGI+vXM3Cskw0/+zkLrnsnNS1jQAhirFN+CcLsIAlPOUtKxFrm+LtXYJX0pHO0Qa5wQZbat26n3N/vLEG79uzl0EvrAWidP5f68W1p4S6QSRlKW8o3z51LUCx4YG4W5ZCYw+z6o7QlX9WUIugwas5sTrrxr9n50EM88JGP0rl9Bz49SxclEosxa9Uq/Gf1nKlUKuxZ84x7b+S0qRTqR+AsmYyi6pRDEVDTPIqmKVNSCmNaETbWTBmURdm2i8SKPwgkuVxogBU9jlFslHqpLbj9/jn1Qx8gX1fLne+5kc133oszqpZpIFagI7VLfMvMVOcmYKcQyDBk2hVXMGrBAgB2PfQwh194zr17dP16jqx7iSmXX64Dblnhfdhjdbrcwc5OunbtcuN5PJYphKDS003H1q3uWv348Q7sCYpFtxlS7u7imZu/xS8vvIBt99ydCiCU5UM2DQwMMGACPg3Hc/w8jsefpJSMPussZr373QAcfPIJ9tx7D1LE7Lr7bkYvXsj4s5Zig7Jg+Tm+4qY3IXY/scZtYLTMmU2hvg5I5opd4wpJkM/TPGuWq+fLq1dT9qww/frbv0op4kqF7p07U+2spuwP1x/VnkkErAQcs0nveCf0hZQA5nLMCGb6WrV7caVC+5atqTKzglvy28o+fjlmfvX2sfYHtzm/r6PmzmXutddoYH4IaOLXISNoev2GsxqwoFOa5tkNOrsJmO0DS5stTXenMYJA5+nlF+RCiqVaCAMPLEyPkc0/Guin79Ahd6+mtdWBKJm3vPcUvYcOeu+06OCGelQz7w0fvPTkj36MfF0t973rnWy747eJSJ7lCV6dq847R7r19e7du1MuRmrHjqVp5kwAOjZv4r73XM897343Hbv2gAyJCYitXy3nM8jSIZ2ns540R8pjJYiMlagM8kSxZGAgZqBfoWJjRmnzslYd6Qal54cfgNG2xc4XvBMAvgyTkXP0yQnvOX8UMkvHbW4paU51J/PabuRpI8WAxB2NL08EZh4mfxPANnDPKitTiATwVcr4DLa8N6VsHf+TrOnA1dkCpUEYannD9K+1mnQ6jJN1kjEIwoBSMadP3amYwCBZw+kUWVpYbW4fTz/JXvfzGu6Z473zx+hI1erv19OmIAioqamhvr6euvo6gkD7e4+j+LggnAPqSIN21frF+WU1fH7oSYQhL2HlNLtxDUNBwuxrzhep9z1bjq2DLccWr9ejV0+vDxkuv/9iEn67srTN1iFpAUIkm4P2vq2TQjE4WE65uvPL8QHWVNnD8PAT6UQ6kf576aQbbuC6NWs4+cYbGTlrFvn6empHj2bqZZfxpp//nLf+7nfaHd2fkoz1qTMmk97piSCLJ2A25S2PtjzQk80zBge+EYL7iOrXhF+UeaaabJJck6nTLO5UTUauSe4nn/8puhW6jFMFSGIFlRinnINAGgHKPm42Id1fcwdLxLOVjrG7vHq3XQaKYiEkimMtvANKJYwi6yPHF0hcaVWuVfOfqpRK7bb6R2DsO9nnq6WskljNx1C1uoRhSD6fJy6XOfDii/QcPEjr/PmExSLTLrmEMJ+n0t9P57595Gtq2LN6NYdeegleRSfhMVpBmHzuuTRNmsSORx/l4Pr1dB84gIpjRs+axegFi2mcPJqxcwdoGv0csucAxP0QDwJllIopdxToPVCiMphDBiEiKBDk6wmCFsafMpZc3RV07j3MvmfWcGTnTjr27qXS30/3wYNMOvNMxIUXsueppzi6adN/MV5m9STQ1qvtu3axdcUKmm+4gY133MHhjRvJ19ay9IMfZMTEiVT6+ji6ZQvdB/Yz6YzTyOUDcpWASjmuqghWm2eQzJVqQvGOFStYe9tt7HviCQAKjY2c/OEPM+8d7yA0vnZ7PSU039CgLX48yxxhlGZ7fC7v+ffs2reP8mA/YW2NPu7mdYLdUXKWjbZz0GuvduwYFr7nPRxcu5auPXt44bbbGDl7FvWTJ+vj0RJzdDF2YKifrOsQlwzxNWIbNtofRoH0FbNyTy/97R0A9Bw6wuY77+XUG99nlCrBQHcv7Vu3A1AzuoXiqFHEaEVFSqn1SuXRGhVotVUYdTFDHwd7euk9cjS1vpVS+pi/bY+tN1YJ9YDjIGDu1VfRtnQpj3z60zzw0Y9yzk1fpWXhAoYUlqF1mZOlmlmIgMrAIP3t7e5645SJYOin7UcLOujxt3PNWi+ZeptuHmKhmCnT0SNpQTdz5MNEAsagcJUIbS2daVbrgnmc9L538eAnPsO9N3yM8zs6mHvt27QPXr+9xPojjmu/ij97RkydxpTLl3P4xRcpd3ex7e67GXvGmRAEbLvrd0x63aU0zphplPfE2sXv52iwTH97O1FfP0rFbLvjDprmztV+IYd5x/UNsPvh37Ptd78DYOry5Uy+7PXm5ISm2bPe9jYOPPMMG27/KQDtmzdx51vfzOxrr2XpZz/PiMkTndJh/Ze5MjywNWttWc1/53DKtf0rczmmX/uXHFy1ioNr1rD5pz+lpqGefU88ycU330QQ5jALWA91il/q/q/0l+k5mKY9yg2L0BM3yOFmr1LkPZ/Rnbt3U+nrc74wbYorFTevoyhi54oV9Pf00DBlyhD+6o+H3y/VeLb/3YEhJONn02BPN70dx0gcoWh/e5XBZDwc4CxMLt5utYoiBro7NT1VsH/N01QGBxg5a4YRcNJW77Z0ezw1Sw56jhzhpdtvZ+vd99C9Zw8Aky66iNM/+bc0z52TIqL2axxVGOjuRIQydXOgq5NYnwnXz9pGvEKy0VVVqh/NqQhhLci0JWusgFihhCTIJ1u5QgZEwnrKHwpguJyVYsd997lTFWOWLGHCsvOPK68ppWjftJEtv9LAc76+nsmvu3QYhcHwGZX2o2hTy8KFLPrADTz80Y+w4n3vpb+9gzlvfzsyDIeuK28eZlO5t5f+o0f19+5u1v/7/2XhB25wz+brG1h04wdp37SJwy+uBWDr7+5gz2OPsvSTf8uC666lUMrheTQb0m9S+D4S7RE3TT/KlUgfc1caHI9jTxawbosQiFygnaLZzSzpzUcEGoxUZjUIktVijmAbBmLztv2RiLKelam9Z/K36y95LvGfmrwvEML4WHWuCOw6SvhASqZyr/p95ln9ySBzfNrGeBCuX+zrvuhezdpaOpc2Rn5z/FTLW0GoZQvlnkne1f2UBHDSALlCEJMLJaVijt6+inbRL4UOWlSFB2X1Gf/3K/lRraZzOKvQzHU/DVdO9l61svzr9th5VkcSQpDP5ykWi4Rh6N5Xhn5aui2t/1f9Uup9/5rLv0od7HcnH1Rps7DzvUpKbw4PvTak7zJ5Ddm6FUOueLlbubg677d1/1PAViEEgQy06yp/vpj7iQWr946UOpAcyfxRKqJSqbgxzrqFsM+SyfcEsHoinUivTlp4/fWce9NNFJuaiCsVDq1dy+F168jV1THhnHMojRrF1Msu4+LvfY+7rrvuTyjJ6AvWFynoo/siJoi0DBETaR4L2IeyPBaqr/9q9ExVeVa5jXvhsYOEAw+Xv19ONX0qy+uG42uvVQq1rJ4wNc2shPFLg9nh04q4tgpJo6vWaixhpEZw85UXKyQhCHNGeDF4SCkXEseKnoEE0NEWWUOdr2c743gAaPZZ+9u/lnU6Xy2PV2KGww2Of19KSd4cgYwrFQa6ujiyeTPH9u6la+9exp50Es3Tp5Ovq6O+rY2eQ4fY99xzdO7Z86oFgIqBhokTGXvSSYwYP559zz/Pvmefpa+jg7rWVsYuWsSItjYGeisMdu5AxPvJ57bDwFGItXKnfTvmUVE98WCZSp9CGMBVBHnytc0Mdo5koGMEKqpn0llnMWLyZA6uX0/n7t0MHDuGCAJaZs+m7aSTQCmObt78qgGsfQcPsvWBB5j9hjcggoD6tjaKI0YQ5PMc2byZgY4OokqFpimTUSIgyIXkC4o4Lpuj0UPH3Cl0tpzjLUYhmHTJJYw//3y6du4kHhykcfp0gkJh2LlabGoiVopQ2o0L5QDEasEXhLBH4EQqir1VelKBMvDmoWnDxGXnMfutV/Hij3/Epl/9irFLlnDxd7/rfOkJqTc4FBDHekMiUXzSfjmTo3K63hYYVENQWHjiG7c4xXmwq4vWBdoq0AK0aatEz4oCBeZIvo6AakpTup5a0DO+/Tw094XbfsKm396VMAVdM/oOH0mVowxB11YwItU+GQZMvugCalr+Dys//Rke+NCHOftLX2Ly+cvSgAFp+iFFetVqdwL2OFVyXVvUBr4E7MBeO4a6btaOyDwolHsvsazwLWnSfR+beYXQO4I6ErIBTIQgjhQqRm+UpDRJaJg4gctu/R4rv/BVHv7Ul+g+cJhTP/iBdCEKF3zEB8JSSST9opRCBAGzrrqKrb/5NUc3bGD3Qw/S+R4dpXzfE4+z7OZbXCC19JxLvu955Pd079njlISOrVu45Ic/Tp6vorAIITj0/HOs+upX2XHP3TTOmMn8d32Kude9i4IJaGSPvtSMauHCf/o+ky66mNV//zU6Nm8CYMPtt7P9nns5/9u3MO+aaxgYHKSz8/9j773j9Lqqe+/vPuc8zzzTNL1Joy6NZKs3F1kYW7ZsjDE2JLTAhRACgRAwSSCQkBsgIZTkkkKA0Ay5LwkB3xhjW7jKltxULHdZfTTq0khTNJr21HP2+8c++7TnPFMkOTflro+tmTlnn9332mv99tprDTIaY9WplZaochqtk6/cxAckEcKgauZMFvzWb3Fu717OH+xk2599kVt/+B1qpra6goheD8WHDT6g41N5fZ0vKRmuZbdr2aOGdWKCx5mXXuKR3/kdzERCgWaHD7P0U58qCqKiFbZgu8faZ0NKHAICoEYw7Yt/+zeUVVUTnSWDLrAZLCtONuh57TW2/NFnXYBafXfF738KL3COoGhs/FKK94TK5ibW/dmfseoTn2DwyBGqpk2joqnJP7wRxe3tfW03T/7R5zy3LJrsfJ7ePXuCnRKyXgwdCAXro5dAKDcXrPPYs/CAZsMyMS2LRHlF5AsD07UMlE54AjmO5NTWrez9559w8J5/Izc0RF1HB1f+6f+kdu5c9/tiGjp6lIP3/oL9P/8Z5w4cIFldzcrf/wPmvOW2gMxXWnaL24OrZ8zg5rt+xDN/+nme/uxnGOk+zco7P1WUbiz4YtcPvk/nvfcCUMikSVRUsuxjv4sG4CSStivXcMfGjbz093/Pq9//PvnhIbLnzvHUH/8Jnffdx03/8A0aOuaoJSVdQFC4qoKUyngTF/43lPVloSAp5JXvUMOwXGBV+XHW889wD30c6SCkujmgrp+7e4owQAT9OPpdGLI2lVquCIOh6kZJQLZ3Oys02wN8NVSGVBa4KkCq6R464LmnwJPlQWD4OoSbl3SceJcTukyXR4XH3UC6LlxMw8BxVHn6nMjPIyZfw3SBa3f/N/DkP8NyD8UCY1asG7i8OgTLSQzhUJ5MYNuQKUgUqByWxUrtAUGwMqrjxO0HpRTKUvy01N9xgG4p5TMKruk0pml68SSC0ef9b/08HSndOxRC6/Q+BQ5Eg+UFLUqF3q+CdScwV7z0wpub/ndBuSpGph+jzVB6PsSRdwxgqEoE95+wrnxpSAilcwunePyFSlCcHsJ7CWptgLIudlw/8/qQODgnTNP0gjZfirbs27ePp556quT7hoYG3vKWt1BWVlYyzetJW7duZWBggDe/+c3/V8p/vWnfvn3s3LmT22+/nSlTpsS+37179//VMfjvQkt+8zdJ1dWRHRjg6S98gRe++U3vXePll/PmH/+YtjVrmP/Wt7Lswx/mlR/84ILK8fRRn7mqPdAxkJbENV9yXdGpdw4uH4juMxPgiZqCAGswr7jDsVL1nsyzUoaZY317KcjSEbWDCrEQBrZTAFcAdFxgVEgZ6BgNyIKWaKJ19PZBfeonwEq4Vk/C8ZStZMIim8+TcwICwhjIcpxwERQI4p7FXWUpFgLC30L8KXIwTbQucUKJcoOQQAhBZmAAs6yMiqYmhk6fJn3uHOe6upBAw7x51M+dy95f/pLezk5yQ0OXBHh0gFRjIy3LllE/dy49Bw5w+OmnkbZN3cyZtCxeTFNHByP9/Zx84QXqpnYxc1kGRBKMRjCngEiBYYFIYlXXUFZfhpGRIDM4hVGc/CBO/jzpnqP07C5w7mQbc9a/geaFCymrrKQ7maT/8GEObd4MQPNll9F+5ZWkz58n29cHtj1BVT6eDCA/NMSZ116j+7XXaFqwgPzoKEMnT9JzCi5MAAAgAElEQVTf2UlmYIBkdTVVLS2kausY7eunojqFlZAkCgXyeZfLaKHDPRBQv2lLbCWIGDFzDfw5ZZSVUe9eH9TrRGqFwjB90AgYPnkywJxcJmYIF7BT3wdFUMNKuFF3o7C7wHOqFFJGBCKgzFjl5bSuXsWuf/oxAPULF5JqbnbLdPUeYSBVGCRMtz88Yby4VLePXEtbV3mSEbcA1335C0y7ao1i1naBrkefCK8RyyRZVUVueJj88Aj5kVE3+riDgYFhSgxbBc2QKMAwfe48piUpq60OVwZY88nf5fJ3vt2tm097776Hjb/9cXe88Cxq/FbgvdP+qJqXLmPDP/wDT33+8zz2e7/HtX/55QjQ4I6Rq5AR5UvaQsYw3AMKRaM9vXiAh1e6ezgVaMtA1xHq5s4ON9AlrXSbluH1n+bbGpwPzVThup4w3fkqlL2fbUtMM7JJqg4iVVfL9V//cyqaGnn2y19ntKeXWTddH0gnQToYOMiiq8g+nwwpbUBdxwLmve3tPPfVr9C/bx/7776bRFUVravXUNexoEgZjKKDMzfcxLV/9dcqAjrQv38/djY77mbZvHwli97/fo489CAjp0+THRzESCbcpitLJYnEcWyMhEXHu95Jy1VXsfPLf8Fe14o1e66fHV/5ChVz5lI9bx4gMM2A1R++T7uxFNXg73H7iZ9GuYFoXLyU6hkz6N+zh9rZM2lcOB8991RQsQD/CpLauEN+MQdPnFTf6oMdN6CODH3kk+H6IoxS25o13PqTn1DZ1EQul+PU/v2c278/pLxH2+kdCoyjlAUVRBnfMtZ84YtMXbMaC+Ee2joI4Pm//Tt2/PVf65wImZQH6tW8fDk3fftbpOrqEQJGzpyl/8AB9H7gC6BRNED3UgxXNAxS9Q2UNzSE03pad3CvgRa3DmV1daqB7uF0ur+fxz7+cY5vedIDEErNIzcBmn+omw9hlwXqXcDC2TBJJJMKFLEsDMsMpTc0oBBTtmEI2q68kmRlBS2rVlEzazYtV1xBsrq6NIgpFRB6+f94P7Vz5oAQTL1mHdVTp4b55hjSQBBsCVJZXR3X/tVfU9HUpHwk9/Qw86abIt1TOt+Vd36KBe9+jy6Eo5seC3aFB0xWNDWx9s//gunr17PtC1/gzAvPA3Bq+w52/t23Wf+/vkKivAwC4KgyHPDzEBg4NhQKjrJuRM3NoLwKBkF/pYpfeyoPfuAfLS+7e68T3qtloAFez4WmjXD9vUb7RhtPxPeXktOFy//17QjVFiUL+ZarquGufKIP+wjIKbFliNhflWsgZXGtfcPqqgtXjtLrzG9ScM1I1WeRoqQGqAxVPweK0+GDytLLXyAMVaZpClLJBAUnT0EW83lv+cf05VjWNHG6TSkqxXPjyot7DuFDweDBUvBvDbwlk0mSyaR3gKzz8aQZ9xtDGEoO1qK296vWD4XX1hCfCfQbgTxB96MuCf9ZcD54fadkiLibkWqB+vzS3ybCB/8XpoiX4NeRZ3E67Lg5h/oMz+JdyUuoPSauzlIihfB0GW+ckL7cKCWOutYQWgd6HujDU22kdDE+V+fOncvUqVMByOVyPPHEE7S0tLBixQoAL07L/6P/R/+VaeE73kHjokVIx+HgffeFgFWA3j172P61r3Hzd79LRXMzM2+44YLBVU9f9f7WvF/JifogWDjK+EbziOhedaHgZEjf0bdvithfUB+O36uEe9Ss94BoHqHqhYQiGSjh0pMF4U1Wnc65zrGFFq/dDc47GNfCu4jcUhNokMgzXtNykwQ/6q5+pz60TEEqaWHnFKATBLKCFDwhK6XAB9NG30UFhbjvgt8H30WFi2AdSinFQUEl4Vr19B44gFMoMGPdOqZMm8b5Y8c4+vTTHHv6ac4dOsTS976XrscfZ+TsWS6WdB87lsW0NWtomDOXgWPH2fPAA5imSW37dOZcv56aGdPpfOwxjj73HLKQY/aaBG2La8FshNQysDrAmIIa8QKJ2gTlZhkpRwHGjp0mN3iIwvA+aqcfp6a9h4NbD9J/1wFmv/GNzFi7lpqZs9j1s58xdKabrieewDBN2q+8ilnXrOPAY4/hjAzHrawJkbdepCQzOsqxZ5+lurWV/oMH6dmzh9nXX8+C224jWVlJdmiI4TNnOLt7NzOuWI1hGiSSphvMJqqI4E5pd5K7zEgraY7n6ytQl8gc1H/q64CJVBmNl1/upRk5exY7l8NIpZQgFLjqr8XT4VOnvGcNl19OWfUUt5w4/2uGX3s9d20nHHynFDMUwnXdYfjKhk5bYmyCwLCUwuMZvhLotwYdtdxK0HblahyhDmwEUNnaSuOiyzi1Yyfnjx5jpO8c1TNm+GNgGkjD8S1OhGDo1GmSVSmStTWx7XICj+KrLzzlF8AQ4aMMHUgLQ1A3Zx4b/v5bPPPlL7Hls5/zAD3dB0IItzzhK5GBfpVCkihPUTt7tvd46OQpnHweM6mudAf1AA3S5tMZ+g8cos61BPP6EkL8J1VXR83smfTs2k1hNI2dzQd4qAa+XX5kQu78gPJ3aKkAhtKN9Ex0zFzLo0RlJVd/7g+pbGnmmS99lYP3bYz0pIMhbWxpuD0fan68wmeazH/b2+i89xf079vHK9/5NhUtLdz8ox9jRgRpf57FkPt8ysyZFNJpNT9su2TAKYmk7aqrmbF+PceeeIKdX/8aySnVrLrzThUUDrV288NDJNxr8TWzZrHh+9/j8ve9h6c+98f0vLqLc/v3M3Cokynz57lzPrweg/tOcZUnt3/pkVE3OtznKiHajY831/23fn4CzPIUTYsDvOfMWfLZPIlUmfIV6UbyDKqs548e9dI3LV1KqqZmTIHKtm0qW1u964ZxbYXxrxYGyxhX+XR5lYNQh0E+ihXIz/XnrkFd/Pmk5DbXOhPlL9RRpnA43jwqPjxWdadorWvfkNH0YUUfZSUUqaO+eeC7K4n6U45fS6odwrvV4AXcCSn2KisHwFQ3N6xEAmElXe8qIrx0XZat115R3wuBmUjQvGIlTctXhOoUnr/hPIVhUD19Ogve/R4fWIm0L7jcw90b8zBAicpKrvjjP6GipYVtX/wCnff+IlTfsUjv6/qvllWrscrLFRAhJdJxsPN5FeDKEMxYfwNtV17Frh98j+e++lVyQ0OcO9RFun8Aa1qr3xfuYamUEiENHNtxfVDizlVfjvYUDSEQ7qKOBcCU1YI/3/TABeejez3M24fdJSFj+tMIrIcYZDJEoSmiy3ct5tT8dY0ZDDNQlnTXl8B3H0TgZzzFqT9CKJ/r/hpWh4V+Mn+dxW/7YSDbb6vjBaXUoF8gq0BaxXNF4FMV5EodMScSBsmCoS58adnA0W5zwjehghR3BTuofxQ1I0YXCYLzcdaqwW9LHtKMUa/gs2QySVlZWcDXuDuJ/Vy91R3UL9UQuXNcMmafuJVTMm1UoZdB8D+gf0Xa4s8eQbQYEfpFr6swmDuWfqh/99JJWfStNm6YCCgxFrAeNxeifNbTVfBvSQX73/tOf6vHIfgCXTfp9buWu6NzQT+L3kqZLCUSCRLurY1sNusZJAWtKNNp5dKrPBJgMPh8ZGTEBfoN7yZRZWVlbN3y+TxpV14slWYsSqfTFAqF0LfpdJp8Pk8ikfDq6TgOIyMjpFIpr43R5zqQWLBtIyMjGIZR9ExbiQef2bZNWVlZ6LnjOIyOjlJeXk4mk6G/v5+pU6d661V/F+3PibQ7n88XladprH7V4+M4DmfOnKGlpcXLw7Ztb8wqKipKBjr9r0wNl11GorKS/Ogox0tYch+4916u+PSnqWhupn7+/Isorch/XehPw/ULL1yJNCg4THR/ClJJQ0YjUI8i3ubyM5e3STdNOB8lA/h8cqw2B/haaROAS0K+z1V9JVZIdU1UKoFB8V73NM8g0sGErv9rCoJKwWtRlhfp1r06jPJfZBgGZWVJCrJANm97gxynTEUVrbgNLvhd3EYUnRgToThlL5hvXD11OsuyMA1DBVzp7iZVU0NZdTWGZVEzYwb18+dT2dRERWMjw2fOcPK558j193tYvL4UPFmSqnCa5s6nZckK+g91sv+Rh8E0qW5t4/K3/Tq50VFe/te76ek6iJ3LUdeSpPGy5dR2rIWyFsgfg9wOKBwDpx/pFMicruR8dzV2vhwzNQWroo3klDmk6u8gWdfPYN92Kh56nNGhAoe2b2ew5xwzVl3Jyt/8HZ7/4T8y2HuWw9t2kMvYLLjlLfTsO0jfkUPk06MX5AZBLS132WSzHN2yhY5bbmHuhg20X3UVCMHhzZvp7+xktKdHWW+uWIGz2gVXExa2LcjlCkpI9k58A4qJHntP7xBFio8QIhAh1/cpJVzBTetE0665hsZFi+jdvZveXbtInz1LcubMIkFYArnzg5x95RUAKltamLl+PViudZl2OO2WE7SU89aFbdO7Zw/NS5fG952IBjswPGtIP0gFRANU6Y6XgUjkIiDMFQm4Wnl031U0NgLQf/AQla3NVE+byszr1nFqx06Gu89w4plttK1YptigFO7VeoE0XPBXOhx/+hnar7nKjdYcbZmGmERI34wK/8EAXWZ5BVPap/pvDQPDUsEYkIKKtlau//rXSNXW8MoP7wp2IhiGN3dD/CHQryCZcd0bqe+YT/+Bg5za8TzDp7upmTkjNB5enlIBYD27djP7xvUuCBsZAldhq2xppm7ubHp27ebcoS4Gug7TtPgyvxd0O13rjJHTp7HzeRovX4hwAR3bllS3Ty8qQ/eZWZZk+Uc+SKq+nic+/ceh90oWdzCEjAY4H5Pq5ncw6+Y30b9vH7mhIS5///tpWuLP1eiaMMbg2VZ5OVZ5OfmREQaPHaPhsssCtQ/UVggqm5uZ/2u/xrEnlJ/IV7/3PWZcdx3NK1YhgfzICF2/epCOd75TAVECEobFrOveSOq73+ZXH/gQAwcPeg7ZtXuduHrH/R19FwwwEmtR5P5vinBeiuf4SmrpstSzGddeQ/OSRZzdtZszL7/K6JkepsycDsLAMCx1O8GlzLlzdD+vrPKq2tqY86Y3eQHG4togpXSDYEoq29qA8YHTsW6OxALyQqhDmcA7wzC9642aDxV/H77OGlKkvDXqr73qqVPH5Z2q7HiFM05WCJYbB1R6V/6lD4mKoMCr9xcvb0JzLpSHaykYKl8IHNPCSiYwE0nMhIUhTHKjo5w/eoz6hQuLAhgFwYriOVl6vk+UJirgCuG6qHLnWfWMMM8Mlm+lUiz76Mcob2hg8+//fiSfsSx/PaEVCaTq6xFCMHT8OGZZGeneHjL955i2bp3X8kRlJas+9fuU1dTy+Md/F8ULTaRhAS4oEZCtCwWBbQuk7fJkg6LxDtYnDD4rlUA/N2N8vvs+lIHIYWFAT/GSBHPG278F/saPD4b5b33FR/gWihq01HpBcCtzuzWy3oP5x88DKQO3z4TQiVU3BPrIM16hNE+JUpQPGYaJaeq90vE6TLid4x98+n3nfe/xXuVGQ+sznizpAgVmQJ4sZaU4FuhWCiCNGoPo99H0pfIvRXH8S1sRBmNYqJ/FfljDsy06lyAE/vsFFXGF+EO1YtC1FHlzIjjx9VyKaWvcoU+46NI8JFQLd86H45+F+3S8upcCMEoBsXqPcZz4IIRxc8W7nRAHMErXHYmbPm6/+/eggwcP8tprr3HbbbdR7boYGx4e5v7772fBggUsXryYhx9+mOnTp9PZ2Uk+n6dQKFBeXs4NN9xAS0uLl9fzzz/Pq6++immaJdOMRUePHuXJJ59k1apVLFq0iHQ6zeOPP053dzfJZJJcLse0adNYv349lmWxZcsWUqkUGzZs8PLo6upi69at3HzzzZw4cYIjR4541+51uyoqKrj11ltJJBKcP3+ejRs3smbNGjo6OhgYGOCxxx5jcHAQy7LI5/PMnTuXa6+9FtM0GR4e5sEHH6S5uZmuri7Kysq4/fbbAdi0aRP9/f0k3QCSMwL7aSlyHIcnn3ySk+5ty3w+z5IlS7jqqqsm1K/ZbJaHH36YhoYGjhw5guM43HTTTbS3t3PgwAGeffZZb34ahsG6deuYGzIq+a9PXjwLKbHz+ZLpbDe+g5Eo1gknTRFe4FdGYKq7S4B0fYtrTaQoi7iM3Z9asAgaKEQFTZ1P4GAruHe5gouCIEOSp7vFaLQseGulFF9SsliRsHuJycLrPLdQfGBFiIDEomob6pNS17OKNimXmZuW4WI07jUoQDmmV9arZQkD23awHelZEJXaDIrKCWxApU4HJyp0RfMe6/uoohZ9bxgGlmVhCEHOjRBfVl3t+Z80LEtZ+RgG+UyG3s5OBnt7sfN5DAGJckFlswmYOLaWeSeikKhJZpVXsejtbyI/coJs7y6qpmRITW/isl97F07mHP1HX4LRLuoabZLVM1hw6xuZde0UTOsoDG0G+zw450GOAjkl+OTzOJkchWwCJ9dHYbSb3MBBrPJGEtUzaF26gtUfmsWRzb8iP3oGUxwi1wdll8HqD72Do09vZPjUERJ0Uhh+kSXv3MCRzaMMnz4UvDVdemzcf7QQX8gKRvsk6XMSCgX6Dx/m/PHjlFVVce7wYQaOHqW6tZXW5cupqK8nVVdHqq4OM5VSgboMh0RSXY22leMwF7Bw7RdEQFAVgQODuKtlbt8TUEqDx+NCQO3cOaz4vY+z5TN/xJkXX6TzgQdY+bGPIQLuAoS71o5u2cIx9wRr6Uc+TNuVV6hACXJ8wF0IwdnXXiPvzjtPEI5J5yv9+pqQVhq0AO2gr+CFmxxWlPzfon0jQv6dADIDA5zYuoMl73s3wjRZ9J53cvSJJzm180X2/+I+5tx8A/Ud8905r/08qawGj5/kwC/vp231SsBEyuiVJFdJ0ow4oAyGKhriIQYEr3abhrIkdgJuTaqrufrP/oxUYyMvfuvb5IeH3bYJiFzHDPav6kNB/fwFXPae9/Dsl/6cUztfYN8vHmD1Jz+GaSWKTuUkks4HH2HoVDeO7QRsZQLdKwRSCpI1NVz+7ndyZNMWcsPD7P75vzF17dVUNDYE9U4kUBgd5eD9DzDnphuVb0R3Q3Mkrs8tf2yFNw9wp7XJ5e94O+V1dWz+7J/Sf7DT71YhQdqhqR+lKH80UykWvPOdHLz3F2TPnWPuW25T1mIBGu+2QpTHn9r6LFXTpvnKQhwvF4K5t93G4YceomvjRoaOHePl73yHN/7N35CsriHT18fRRx+l/brrqWmfiuEUsPNZTOFQO62VmhntIKBm5kx36EVoDgYPLaJ1n+heFu4D5YPRtGIEIW9dC3+eE5uEhvnzufIPPsEjn/g0p3a+yN5f3M/qT3wMkbCU1aowPMZy+JFHOLJpEwArP/lJpl59dVG+wTo7juOBq2YEhB3L16r+Gbd3xlHcc89XHCiLPyL8UfiHrmOBucH3Pa+9RmF0dNLKoyAMbERBjmB5kYfejR8NEJcsQLdPRJ67UVKV3AXBwyMMA6ssSaJCWZNIAbaUnHjmGaqmtavvJtvWEiDRePO5VFpNkd5S/RUYd8OM8KnoejIMFrzzXZTV1fPUZ/6QcwcOjFuuVhukq9wIIbCzWY5ueoyOX38H57sO073zOdquukrJbd5cEdS7Bzl18+dT1tgCwlJuRVw5tlAoUCjYSMcCTOXax1UGSvVJGFQNA2gSNc6GZ/UR8FU7hk6heb0m35I73CfBA0kVO0t6Wfj81NUXcK1ZhfDBYgMUuK93H9dyUwb5ufS+FyWO1YWWpcKN8GQUDzALbo3jzLd4XiMQhvT8rSplLVyT4CehOe9rc65OJElYJmUJSSZrq71AqFtBoRwvAJQq9c1kn0+mLH3dW1vMWZZVdEik/W+G+IE3FccfDy+VKzzEyVBjgdHCXbNahpKR95qC9Y7uQd4xgfAtjEvx7uDhQzC/aFo3TLMnRwX3mWj9JnMoMN47VU7geYAvuK3085HRNaZ1e1/u1fV3HN+dX6k9/fWi9vZ2Xn31VU6fPu2Bq93d3TiOw+zAjbC9e/dy3XXXMXPmTPL5PI8//jjPPPOMB1x2dnayZ88ebrjhhpJpxqLjx4+HgFVQPlmz2Sy/8Ru/QUVFBb29vTzyyCO88MILrF27llmzZrFr1y6Ghoa8uh85coSGhgYaGxuRUrJ//34GBgZoaWmht7eXTCZDoVBgcHCQhoYGetxAyBqofOKJJ6iuruaOO+4gkUjQ3d3Npk2beOmll1i9ejWgrEjPnTvn1cu2bR577DGklEV1HY8GBgaYNm0aH/jABzAMg23btnHw4EE6Ojqor68ft181nTx5kre85S00ugY23d3d7NixgzVr1rB48WIcx2H79u1s376dhoYGamtrJzpF/tNT3759KmhsZSVtq1ez+yc/KUoz9aqrlEsl4PzhwxdclrdehYjBGQWGoZzyqTthAiEd1zd5bG5jlaSLKfk+qpZDnGSkeJgI8U6/LTLAloMGniG+JDVP1lzQ1V3GqP2FkgpoRRDIdKNfuvdsQqCl0OKnqqXWp6MUFUIErlWdZfinyyqlv6HhYFkGZUmLbM72rtgGN5w4YNMvszhNdLOa7IlhcbsmJsAE//YcggtBsrISpKR33z4KmQx1s2eTqKggc+4cZiqFtG1Ov/gi+XTaE9jMMqhtF0xfZWKlLOycRT5rIJ3AhBUQnYpS2hhmBan6+Uy7spm+fS9jOX1MWzqd6varaF5cTf/+FzHyJ2mcVUFyykIq2tbRMNegquYQcnQXonBM1cOoBrMdrEYElSRqU5QXkpjpHE5+ADvTQ2HkBHb6LE6uj/LamSx9extTl96CM/wsTroLK3WI2pmCspbbaFu0jMyZPJbVQ2Xr81TOfB8tc+eS7RtA0EcRBWV5V5KXjoldsMicNznxks2pkTzuMTHZkRF69++nsqmJREUF5fX1tC5fTvXUqZTX1WFVVPiswC6ArSwjk2UJsrkCjqOvdPoLVCvnGrxQMmBUoBAu4BoQKaNzRoIUkvm3305+aJhtX/0qz//d31HR2MDCd73LA1iFlBzdvNnzGXjVH3+O5R/5SMBfq6pb8PqtUqxdf0mOw/GnnuKFb36TN37ta2AEA1OFNBHX16LhBspQIKrvZ0pf5VOHIDqIhCrPRAYDaAWydZAhH0wq2r0P3Jw/dpynv/hlZt24HmFaCAT18+bx5u99m8c/8yccfnwzWz7/JW74669SO2smoPyZOY7g/LETbP/LrzD1mrU0LlniBmWCfCYYHVxdzfU3jbCi4D3TCYQADFx0Ha3Qm6a6xuk4elwNrPJyVt15J5WtrTz9p//TmwtSK7oBodPO5Sjk8h4gLhIWSz/8EazycrZ9+S/Z/ld/S0VDA5e/+12YKf8U0s7m2H/vfRy49z7e+JdfIlERBRzdOku9LARz33QTV3/u02z72v/i4P0PUtnSytrPf5aKxnqvmZmB8+z8228x2tPDjZ//HMlUCtsGPTCFQnB8hRd0JWTHIQSzb9pARVMjm/7gj7Ru704rBxHxvWW717bUp5GrjBIaFi1m7m23kRsconXNFaFvo6YXofkXITub5cA993DwF/ew4bvfLbmb6zVb2dLCqjvvpOfVVxk6doy9//Iv1F92OSvvvBMKOQb272Pnl7/EtX/xRSpqqjCFA1LS8+qr9O3ew7KPfZSGjnlIpGvB6JdXSKeRtl3y+nv02nx0r4vubaYwMQ1JMhG8bq78+errPQpsK6GABnCahW+/nez5QZ760lfZ/ld/S3lDA4ve915Emeke/kq6HnmEZ7/0JQDW/fmfs/qTn/QAJXCVrMg464PNsIIXv3fHjUlcnwTni/fTtikE55QHMBmuYu1KFcH6CXU9G/dQSkZ5p36PQDqSE08/xfPf/Aeu+/rXwAwDCaF6A0Wm2oafF2iwTiu4flq7kFd7faQfQkp7UTt0X7rKciBt3p1zCIGBiSNkCPA3TJOEa3HmAIVMloO/uIcD99zDhu9+r6hthXQax72u6HZA0ZhPhKQdXrOhfTNknRAA+QKbiZ3N4uRyY+ZZTKp/Zt98MxVNTWy+85NFdShujwvsuBJ6ureH57/xDRKVlSSrqihk0rzyj9+hZvZsLnvf//CsEZ1cjhNbtlA9YwaLPvghElXVSFkAKSk4Esf1q6otN4Tw22p47mAi8qiUyICLoOihiSBoxSzRfk1FZO4Utdl944M9RYnw5B5XERHBgXG/D7vQUcChWlcGCEetGQPXtRCoA1DXaMIOrHNvjcTxraC+gWexIt0r+FLX13WFFG3KRCxDgweZwtTrVmcWsMotAs102WowPWVOB90TUJYw1fg7rn9cScCyeGJ6x1h6yoXoMBOlIB+3LMu7tq2tVeOMWLx5EpmDxdMnDOb578ffI8aocEg+mUyPhPVCQmM9oT4uMc+C+U9o/5tAPhNNrw53BY7txBzChS1+Q3nLYjcOUexVSl+2V+XEWSxfeqqvr6ehoYGjR4/S4ca0OHz4MHV1ddTU1HhX66dNm8bMmUpnSCQSLF++nEcffZTTp08zffp09u7dy6xZs0Jp1qxZwyOPPEJfX5/n+zWOjh8/zubNm1m5cqUHrPb19dHd3c0b3vAGKipUQMjGxkaWLFlCZ2cnuVyOGTNmhIDhoaEhzp49y5IlSzBNk7q6OsrKyjhx4gQtLS2cOnWK5uZmCoUCPT09NDQ0cOLECWpra6mqquL48eMMDw+zdu1az9VAa2srCxYs4OjRoyxZsgRQhwnLli3z6jUwMEBvby/r1q0L1bWjo4N9+/aN2f/l5eUsWbLEk2k7Ojo4fPgwo6Oj1NTUjNuvDa7/+YULF3rAKqhgWfX19VzmHlAahsHy5cs5ceIEZ8+e/W8FrnY+8ABXfPrTtKxYQcfb307Xww/T9dBD3vtkdTWr77yT6unTKWQynNy+/YLL0nudCPDL8DoWrrcsQ5lASiPqNcrTQeOgUC9VKdYX4Nmhwx79ZUQX8vfqgA7pydQBfhWQg4p2AgOEDLqQiUlziZQpVZoAACAASURBVMgKgQs6CqYWAoQIWLCB73Q/KOAXd6qrArlyh8uczRgfZAEBTyKxTAOZsLAdQSFmUyt14ueVG1Hsik4RY4DaiWxqY1HcphlVKr0rn4ZBqqaGoVOnOLVzJ0OnTpGaMoXcyAj1LS3kRkbofvFFT5GQKOwvn3WoqLdpW2ySqhU4jkUhY1LImUhbAa1FLZAFEpVTqZx2DXb2JMzsoW5qOanGRVS1X83IySepnXqCmtYEyep5lLdcjVXeSubsZnL9L5AV5yivrQWjVfleNZrArAPKMCvKSNamEOUFZH4QO9tPId1DYbQHmT9OwjhMw7yZTF1xK+RXQwbIHUDa+6GqjZaFiyA/AumzSPs4VB2ktWMW5Hoh1xeVqUGC4wgc28DOmzh5k/yoxWC3yalXJLmMQz7ryzgS6N23j2mrVtG0aBGGZVE9dSqVzc0I06QwOkp+dBSEoKyyDNM0QNgkEgnyBelJhCGBPwBoGAIKmQwnnnySo0887iU5umkT0994LU1Ll2EmEy6gGBFiNMiWTLL0tz7IrBtv5JXvf5/nvvEN9v7s58y47jqEaXJ6505O79zJnDe9iRUf/R0aLrs8oFhD5twAB+79JX179wJwbPNmftCxoGguztqwgcrmFk+ZPH/kCF0PP+y9737hBU5t3Ur7G96AmUwqIM0wQBpIQ1uwCpx8jiNbnuTw5ie9b3f/9GfUzJxOdWtLKNqvk89zbMtTHAmk/emNtxbVLVlVxYqPfdgDOwRQv2A+d/z8Jxx66BFevut/809XX8fM66+ldeVKHNvm5LYd5NMZln/kw8y55U0kypM4BYczL73M8Sef9vI+8MCDtK5eRd2c2Soon2Nz7lAX+++5z0tzcttz9O0/QN28uch8gaObn+TwE1sAOLvrNQ5ufJAl738vVuUUF0DxBU0jkWDxe99LqqaW3NCgGlshyA4M0PXww/Tu3q3yeeUVjm7axPzb30pySrUCypJJln3oQ8x/8028/P0fsvXr3+C5v/sW82+9hbL6WgaPn+Tk1m3MvO5a3vJPP2BK+7SivvNctQjX8kdKRCLJlZ/6BLNvXM/z3/wOe/71bvb9273MvP5amhZdTs/uPfTs2s3SD/0mb/nsH5KoqKRQACkdCrkC548c5uAv/f45+MBDtK5aTe3smQjT9Pi3nkutK1Zw6w//kV0/+akLdkjsXJbjT2/l5DPP+GNxzz3UdiygaupUN5+wdYuVSrHw3e9h8OhRrMrKeCsQKRk5fZp9//qv3qNdP/wBu35Y7Mx96e98lGT1FJCS/gMH6N75nPfu9LatnHnheVpWrATDYNob3sBb77mHV77zHU4++yzPff1rACx6z7tY86lP8OK3vs1Prl7H3JtuYMqMafTs2kPfgUNc9/Wv0HHHHRSkJJMrMNp9hqMbfT+03du20f3ss7Rff706ONNtchwGDx3iyP33e2mPP/YYU9/4RppWrPAPVyL7ngnI0UGOPvQIZ199DYCBI0c49ODDVDa/j1RtLZpxxYoKAf4lrATLP/xbzLppAy/94/fZ9vVv8NpP72bOhg2IRJKT27ZxcutW5t9+O6s++Ul1LT4AdGbOnWPfz39Oz65dAJzcupX999zD/He8QwFGEYvdkMVdZF/3+qSri8P3+XPv2KOP0n799TStWBGyErRzOU4/8wzd27Z5aQ/ffz9VM6ZT3dqmDnwKNt0vveS5fAA4/tRTTF17NVVtbeQHB+n8ZYR3LijBO5ua/LO9qLzhOAyfPs2+n/3ce9a7ezcH7v0ly377Q6Tq6ggsGvWNO6Vz5wc4tPFXnO/qAqBvzx6OPPYo8976VhKu0pMfHeXwww/R/eKLXt6ntm6lqqWFZHU1w6e7OXT/A17Zp7Zt4+QzzzD9uusgWc7I2TMcvOce7/2uu+5i110BdyYuLfvoR0lWVjF86hQHf+H7KD3x9NOcfOpJpq+/ASOR4MwLz3P0Ud/CZd/dP6dl9Wpq580ruk6qbj9Jhk+fZu9Pf+o9P/LoI8x+0y3Muukm5Vc5BGyo3SYzMEDXrx6g59VXATj70ot0PfgQHb/+6yQqKxk4dIgDgXZ1PnAfzatXUzN7tn/46MqeQghaV63ilh//E6/973/CKRQQQuAUCpx54YVQex764Ad46IMfKOqfW37yLwjDYNaNN7Lsdz/Ojq9+hdd+9CNm3HADZjLJ0ccfp6Kxgbf+n1/QsmwZ2itpIV9A2hqE0C521N++1aXbfkNbGrt9AWipTrhyuEB6aZTBglIs9E0aT8mIyByqO7SSE+UP7nMvvX+QoZQuH3z0PzF8YFErKm4btbKj1Al918L2+gACAKZXGpS6ohcLSnmBHiLWpNFkkfdx5IH5Lhil2qwPaFyLW5VgTGMOrxy3T4SQWJZBwlFXhAHPfYwU2rI83toxrv2ldB39XPt0LfV99ICqFFgb1Vt0vAgdkFdHkS8JGMYAd4FzPVenjNRrHDB0LKOaaBneNwGl3usb77DALzvUv+HziwlTsGwPaAyAlEKE21DqBuR4FJwrpcY7mBbUGpQBIDQ0h4npN8PwAlcH6xXtMyEEtm0X3VB5vWnu3Lns3LmT8+fPYxgGfX19rFy50ruGDtDc3Bz6ZsqUKZSVlXmWoLlcjq6uLo4G/MlLKclmswwODpYEV3t7e9m0aRPNzc0sXLjQe55Op8nlcmzZsiU0Jrp/MpkMNTU1NDc3c+jQITo6Ojh9+jSGYTBr1iwAysrKaGpq4tSpUyxevJienh4WLFhAf38/J06cYPbs2fT19TF//nwvz4qKiiLgsaamhnQ6Tda9Nm6aJqlAfIh0Oq3irUS+09a0Y1F5ebnnRgAUeKqxjYn0qwZXKysrQ/mOjo5y9uxZfhqQE6SU5HI5ent7PSD9vwPlhobYd/fdNCxcSHV7O7f98z9z8L77OLp5MxWNjSz+wAc8eXzk9GkOT8DiuBQJHS49uHwDepkGHw0pAEf5Vde8IcC3NaYxVklRVhXl+3F+4APFePkEAEjFv3QeGmssdeNAp3cbHOKd4wkJF0hCpvsDkJSJXYBC3inRWTEbshac9L9eb6lzedUQiZUwVDRqcAUQPYg2uIKnAi8EuXyBTEHiYKjo09KJdZFQ6hrFhV7/j920J5FXXL7JZJJUKoUsFOh++WXK6+uxMxl69+3j5PPPU8hkmHnttbStWMGZ117j/o98hNHeXrBt3CmNY0B1Pax8J1z2ZkHDXBM7k2RkIEV2OEk+Y2HnTb+DpESYFmX1i6mecRsD+39EbvgYyeqZlDetwSxv5tzeHyILoyQq20k1rSHVuJyBfXeRG+4mUZZjSlsFDfPnIsrXgbShcBzswziFXga7LYb76nFoIFnVRrJqNlIYZHpeJGk9R3XDIVLVDpgzofK9YJ+G0V+BfQowoPojIPOQ2QL5I2C1QNW7Id8J6QeBgnvCL5COwM4bFDIW2ZEkmaEyMiNJzp8SHNuRYf+jgwz35ZEF6V0sKwDNl13G1XfeybQ1a9j1s58xbc0a2lauJFFRwciZM5w/dgyrvJy2pYupqK9GOnmQBnZBkssV0AtZR4X3LYri/RiFTs69rwPMw/1XCDf6qNDKiBs8znHIDw0ibWUDIgyTRFUVphWI3u2tmRKKSKgs95n0dCr3cxeA8aeKm6WMfKkoYRqYlj6ZdhXDIMjGOIJhnMBfMm1xPoXRNPl0xq2sgbRMzLJypHtJ3jQNrIQA4SAiPr9KKhaG8K5+aoqezvvPlRCp/K66yqEMKwOFXM71h1qirTHdI0UB0zSxLKXAZQcHXSFY+URNVlUFrJTj6hXzUIRrYOdy5IaHGT3bC0Bla7OXr1Thf3Ac5WvVtt1DBdRppWmCZSl3C8Hrmz4T9ivgFApKKHetph0MpGEhheWOU9yIh+ebdC0hg0GoggrcxQnwGhR3D7rcdSClo668BkAMAweBg3BshCxgOAWyQ4M4GiQxDMpqahRgj4XtOORtSd5WeWmFXnrdqerv3pYNKCdqbnldodef0JzDAelgIjENZQVl6ICQ7jr0lkuULxQzqNgJI1F1kAjyIxmkUP6ehGGQrK4uGotSpNuUTqe9QAZjjsYFCjNjHawGyZCOx38NqWauUvhLgQ+aP7jPvH8mUzedX/jvcFkun3HzL2bnxftLsJmOtMPySrCa7tyTrkAsTAvTNDEs5Y829morYd4YBcDD7Ru77y/2kDpaThwQP9430fpEySkUvPk9HpXiOwIDp2CTGxpEWQVLRFmSRFWV4nSOxCnkse0CZsENBOHxBBkYf1E0zzQg5O/TkQSqFS5ApIwRDFO4bkmK+8qRvo/qifahbx0SLtlTqNAAlW6HgXSUzmDb0ltPnrwfuyBirJ/jfLojkTFphbTI5Qo4tk3A235Mm0AHigyvLduX5wKL0EyYWJZQOomXwYUH6UEIbCnIZArkCtINYCdDfTtRUC34M2g1ejEUd7NP56sDCmkXABMBZy+0DsHyJ5I2Ticr6cu6xLMgTaYtF9rvWvbQ1+qDZV5MIKg4CuavwXBdh2i6iy1H56vb98orr7B8+fKLCkaUzWbZuHEjbW1trF27NvRueHiYBx54gBUrVmAYBi+++CK33nor1dXV3nezZs1i1apVoW/uv/9+Vq5cyezZs9m4cSN1dXWx/lXb29upqakper5161YOHDjA4sWL2bNnD/Pnz+dq103SiRMn2LJlCwsXLiwKDpVIJJg9ezaJRILOzk527NjBrbfeys6dOwFCPliPHDnC1q1bufrqq3nuuee48cYbGRoa4vnnn2f16tVs376dDRs20NDQwL59+3jllVe47bbbPAtUgAMHDvDcc8/x1re+FYAHH3yQdevW0d7e7tX1qaee4uabb/bATlDWozt37uT2228PBRELvt+9e3fIbcLg4KCXf1NT07j9mkql2LhxI4sWLQqB0w8++GCRawdNjY2NE/aD+x+Rvn6BfPLGb36TZb/920Uu0kIkJWdffZUHfuM36N2zZ9JlfGZI6YWUkHVcyQXcg0DHcShogNXdxDRAq/d9T3bxNrnx2h+Pp2ixXMsdoewkYekoBJwGah+ndwfLCbS9YF364GmWH2nUBQ6QISu0IMU9jVWchXBP4t28BW6gBfVaSun7q3QBC1+AcH2UOgUcR2IKAcIoAlfjrFDjrGImQ6WA2guh4IaDlOSHhzm5YwdNl19O2ZQp1MyeTcvy5Rx79lmqWlspZLMMnTwZAlbBHRUHRvph+/8Hp3ZLlr2twKLbbVItGeSoIDeUIDOcJDNcRnakjHzawUy2Yaamkh85TX7kNEhJomoORrKe4WMPg5NDmCnKGleSrJnLYNf/oTDaDTKLUX45VF1FnkYSo/+GyB8GewiEuupmp1Nkz50in4aMaWIkakjWzGfKzLVU1DaTYAtkd4JzFEYfhbLVUH4zDP0YcCD7HCRXQvJKyB2CwhlwzoFZA9YMZK6LfNYHU7PDZeTSCYRhYuege3eGQ08Nc/zFUQoZCbYMicAGMHz6NKO9vSQqK2no6OD0Sy9xfPt2nHweadtYqRRtK1ZgFy4DYSLIg1BXJ60E2AX3gEHPCU8Zilzj0/NExKwEEZqweABVJK0QAmGapGrrQkqM/l77GNHrcrxZHT6VCVfHZ5iRKpbI1EEqgDZwzZUSQvlYlhMTo+K0VnkFiYpKt1hlOZEvOB7vdNz/TUMBhcEstJWC1Kw3oDgG+3isPUAIgSGVr1dtxRsdaWsMH02l81a81pEqIE95XR3FfmNLU1wgwSiZZWWUl5VRHhCi/NJNly274Ke0Vf8h1NV7Q2+aATAP3Qeo39xfzYQVyhmJGxB64oqYME2IWEGUUvxK8Xv9LA4YCVpTSqmvyhku8OYoy18kwil4vwNIwyRZU6srERpKA0f5PTQNTMfAtiUF2/EOTwzhCyYI5ctPBPctF2BWRsiBtG4vm4YgYZlYpoVp6Gjg0h8Tb+1GlKai3pWEfG8G+kr5bUyQqq8AIxGyKgqli/weTTOuRVMJivKOsQ5Mx1NCve+k6mdDnzZIAUK6kdljv3S/n3C1Y8oe+++455ofF9clvg9MoSx4pZvMd6rkRrM3lF9qw7TUoVyQ33llhtdK8Fl07May1Iu+nyhIMlGgI7r2x/p+ovNtrMOq8erjPzAgAcm6OjWn9Dg4Ese2KRSUfGG4MrDadsIyRKnaei3Tm0YQ/As817uQThLlS157S8jBpfpQg3bC2xMD5Uu9l+oPfMs8vQ9jeLa26netIXl192oWW34xCaBY6dEylHZTJoRw13bcAUJI0lJNEsG9wE/rKXV+BiUOMceYb8EPpMQQBpZl4kjb90sbo7v4nxQfLkCxz+rxDEHGMwoJ8tOgBa068LU8q7QokHsxoGrU2nayNJZeNxHr30tBcbLFhOSbCD+LjuFYMrSmyQDx+vexQOdLDZDb47pquXiqqqqira2Nzs5ODMOgtbW1yOqyv78/9PfAwAC2bVNVVYVlWaRSKYQQ3rV+XXfbtkOWmVFqbm5m9erVlJeXs2PHDqZMmcKiRYuoqKjAMAzq6+uZ4/rCBMjlcr5bQGDq1KkkEgn27t1LT09PEXDc2NiIYRgcPHiQVCrlWdxKKUPPdD/k83kGBwdD4Gp3dzdVVVWUl5eTjrgcAqioqMBxnNA1/bg+myxNpF+1NW2UqqqqGBgYYOHChV5fOY5DLpcLWd3+d6JNn/wkh371K9Z98Ys0LV1KoqICaduMnD3LvrvvZsr06cy//Xaaly7ltp/+9MIA1mjAy8j+aWh5I8CrDFe/U7qqJ4noDD0ZRQY0xckK1lr+0LdZg4eRweeBUiMykAIL48T96CNPznkdKHCHSp1ASzlZphuNHBhAlV3ZzHd+7fsz1B0m9WarZTgBhmmQTFjIvO0LmuptoJziOsYJ5MGJMZENJircXMwG5J1W5vNkBgeZMn06tbNmMXjqFOn+fupmzaJm5kwkMHT6NOdPnqRg20RVAAHgQH4Yjr8Eo0PQe1iy9G2S2lmQapAkqgpU5jMUMibZYYlMzIdkkuzAqziFLFbFVIxkLXZukPzQERw7R0XzcsyyOnKDXeTOH8Sxs5TVX06qYRWObdC3+5fUNu2lrCqHkWyDxFyE0UqqpZrqhCA3fJ7C6AnyQ8dw0i9hFY5jWSsQ1jUgC5DfDbk9YKpvSa6C3C7IH4TEPEhMh2QrMt+DTB/CZha5wQ5GTneTz1RRyCWwCwZSqqvEI702R3eMcOKlNH2Hs+RHtIVScX/lhocZOnOG7NAQVa2tmIkEVa2tpGprMZNJ5QPLNElUVrpz3lTCsGFgWQLp5N3gSSI8DsHVHphORlDxILpofR9nWin25qKIhJSTsnixTxBULa5o3KtwXv5aLVZOFAUBP0MplDF5l1onMrYekziw8PpVgdpCKAs+xwkqMYp/qSuXxetWxPZHxIqoZJXUdUHTlNja/WDMeEz6CEa6FpQaKQFEHAB2IXlPhIREulGsheVegSzY4AiEMDyLVssycQLzVYG6kZOucMbeHqBA+Xjro5LVGoPfTga8Dyumem67IJTXo2rOGNLBwAZHYsiAgqDB0VCB3j+A40WwNgwDWyjfq7YjlaUzqLYL/HUT5AkaTJcghKqXikekFHLTUIFQ9LxX3uS9Vo3RT1rHL+JIxQkNU1lU6QjzseunWKEMKuRCCE+IvhBwNfgz+vtYz0rn6SqUOC7ID1pIjFKptTWZXT+aR6lvo6PhHbdFMvDBOPVPKD9B6KBZR3AVlolpWRimiWkEfGMFPi6l1IfKjKlHKUA9CuRcCmu68cZ5MvPgUl5X1eVqC1FDH4hICY6Nnbdx7IJ7KKJkCcVew/JDeJeVAc1BA3sqz+AhR1CeVutT8QHvGj4ydtKV7KlS6yBu7UbmhwC1bxRZ1gr9n1s334Jff68PNWPH0NMBIgBpTPWV0YaNH7DS510xGXsSj+b74X1Wt0+D0Tof9f/EgseG2xHlvYmE8mFfsGUI2FVtiddpLoQHRtf3RPZSvXYNw/CA1bGsDuP2gvGolC51MevzUvGbiyl/MjTezYCJ5DmRNscdeGmQ3JmAv+zJjO+lBK0nQ3PmzOHxx5U7thtuuKHo/YkTJ3jttddYvHgxQ0NDHhDa0tKCaZosWLCAZ555hj179rBw4UJs22bbtm0cP36cW2+9dVwfn4sWLWJwcJCdO3dSW1vLtGnTaGlpYefOnUyZMoXGxkYGBgbYtGkTVVVVbNiwAdM0qaiooLW1ld27d1NTU1NkkVlVVUVjYyNdXV0sXrzYc8dRVVXF4cOHWbFihedfta2tjdraWp599lluuukmqqurOXjwIEeOHOGKK64gkUjEgqv19fW0tbWxc+dO6uvraWxs5MiRIx5YfaE0kX6NWvVq6ujo4LHHHvMsdIUQvPzyy+zatYsbbriB9vZ2Ojs7efnll7nmmms8cD349+nTp3n22WdZvnw58+bNu+B2/Eeiw488UvLaf7K6mjf/+Md03HEHzUuXcstdd/GTMQLOxlHRCo/yZwI7qlA3E03AkY66Tq1eeP/66YN4R1j+iTMmUElkSKQI3vkN5iVjcojLcywBXgTFpVhs4NKQFcxYg6vjVS5ESgoMPdJXjJX/xmDUZNW9weS+oCNRMZqU9UvSUtZiBW0xFgF1JnKCGAewjkVBxfBiT1mD3zuFAum+PvoPHSI3MsJoXx92NktlUxPp/n5qpk8n3dfH0KlTJWEI3XvZQTizG9J9MNIHHTfCtOUO1U0OOJBMQVmlhZMsx8bBtF9CNA1iVK9EJCW5oSM4hSzCqiAxpQNpZ8n0vYq0s1jlDaTqlyGEQfrsC+QHDpBINGDVdGCUuw6onTTSlkinArOsDivVSFlNB0nrWZKJLkTeAWMNlK8Hp0dZpeb3g1kNqTVQ2A/OEE6uG8dpwc4tItOzA9s+i6ich52fzVDvSzh2CgV+CApZh4ETWU6+NMrJV9KcP5WnkHZKwgsC5QNmtL+f3PAwU9rbyY+M4BQKZAcHcWwbO5NhtL+fGYlrSMxoV1HhXWFamAbCMpR/geCYBguILJDo7PIYTcx60v6M/deBuXwJBRY9ZyKmS8HahcHcGJRAChVJz3QDZoQZ3/hUEoOLhSTiRtT26ioRytJOW2+5zZBSuIZ8hsuO1AvV0qgSCNrqRv0MAhklZpQAgQlOxF3KBJQFoYopIh38Sp//SRe4LlF88fcXq1hEBsYwDKTp1kcodwC2I5W/HRFtqsAHvYvr6idV4JZddEI6OYrj31HeHFQkoumiaTwrJVlwb+PbavPDCQUj0wCJ+1FMxRSIoieFaRoYhorALi0TKd2Te6n3w3DAJqmXlKGsUQ2hrviaQriBQ6S/fmVA1PHkjhJzQAj08aX00sXMbYELrJoqrQhbZZeyAo72p5TSs1opJaBPBjQrlbbUnh9bNwFIEyGcKOMO5zmZdVSqXqpSY6bxS/f5kSdTjiUIxtQhmN4wTIRpKhnLVAEGbbc+QgQAr4jcpbIqVvbjrMPHA1mD+QWtH0ulmQxd7OH2RGgivNTjLxq4lw44Emnb6nq6dLwL6qDYiKOYadHc8OaBa12hQVNvWQvfwlUK4e3RIUVHyxDetzFtCJYdeBa7n1Ase4TG0cvLrZuX1N23hLYeFQjhuP0UBn11e+KsUT1L/EB13bsEXvF+z6mbb2q7VACzd9suZh0GpJ1gR4SSCcV43YjDAuG5KYiTyIuvMoYoIh8aQmBZKuiXHT2wFxM77BjvbyhenxOxglTGBJbnW3UitxTGyzuOgrwmyiPGy2sit6ImAiiPV0ap78fLe7KyWCnr5InQeOD5WMCtdktQ6ttS5fxHo5aWFs+CM+7K+LJlyzhw4ABbt25FCEFjYyPXX3+9B0zOmzePTCbDjh07eMaNDVBRUcHatWsnHDzpiiuuYHBwkO3bt3PLLbewbt06nn76ae69915vvra0tLB27drQYcWcOXPo7Oxk2rRpsWBje3s7x44dC/l9nT17Nt3d3bS1tXnPTNNk/fr1PPHEE/zsZz9DSollWSxdujR05T6O1q5dy+OPP+7Vtbq6mlWrVrHL9aF/oTRev5ayXG1tbeWaa65h69atvPLKK4AfDEu7MxgcHOT8+fMeYBz9O51Oc/78eQYHBy+qDf9ZKDc0xIMf/CAAHXfcgWFZJKuryQ0NTTyTCfBKH59w/Y+bBkqkdsJ7RTjjIsE1eLgqI8/dx5HtWfOfcF76IPWi+L2IA2QvPQmZHfIcKDi2g/IJXdpLXsmMQv8oX1RSGmjH7komjQhw0v9FRxXVCqjAIO8IMnkb6UX3CpR3ARvrRK+kTSbPscgwDJLJJNL1sbp/40bPj51hWVQ2NTHS00PHrbdyrquL5++6i72/+hVJ4gEVr26ALSCRhLlvgIVvgllXQ+00N7CxqIHUjSAacAZ+RC7tQOX7yaUhc/Z50ufOYJTNobz1TWQHuhg5uRlhWJS3XkVZ7UIy/btIn9mOkaihatrVVLc1k6rsxRR7cXJdnD9lMXi2HinaSNXNpKJpGuVVx7DspxHOSbA6oOrXIfOkcg8gM8jkcki9mUL/DyiMnsF2ZuNYq3CcBgY678bOJyhvuQmzYiqDh+4GqZhmZtChryvLsR0jnHgxTXbERjhj9w9AHlh4222s+fCHaV68mIMPP6wit6fTOPk8ycpKzp84wcK3vY22pYtJVqRAFtwxt7Btm0K+WBCMp2KHzYAr/AcsJFHX7IsPI+JPtC/WctqvAxABbj1FbtwMHAX4WCbgRLMZv/xJCIDxo6rBVcXgBQLbsXFsreAYCEO6wFbA5wu+gBhVEDXePVHZUQjle7dg4/rgDec7piAq41slXWRFIjFNfQD17ynMhrY49GFYIe/POyklhik8X9mu0xi33fF11fNDSgMdtMUxEpeu1hNYE6UAwShPt5y0yi+gaEvpukNAuovHtYaOG0Vvz4rWS6B7y3Z8HqIOZ7UFq0on0JapAoRruRrf8ADAITVS4dXDSwP+UHgAswAAIABJREFUog+shbhcHaFcMRiG9utsFPXtWIqgZ83nOKTTac9ydSI0FlB6KSxipFRuAbSzI1FiHUY+ChgSxijzpT67gPoVr6DIIZA3lv4zBfwEDghMA8MFx4UQSB2QVOgZGJZnhBhfKC31fqLXbi/EinU8a6kLsZZ7vUig9gDpOCqInyuvSqnmmASE6y4AKQKwZ1R7CJIPWuq/opBgdK4ov9jCvbqneQMhyw6BKPp7/EUwRstDFfHnq3QE+XwBL2iXoaw1i4DJcWQoL08tNwVL8fZwkAWJXdCHVYbXrhgc2WWbxfNT/65LFqbATOjCdX+axW0Yg0ofTCj9Jpd3VMDUgOXsWHN+smtxvHZG02prVdM9nAkelr0eVonBNr0eZVxsnqW+n2i+46UL7pdRgP31sgKNguUT02cuLH+AXbt2XbTP1fEon8+zceNG2tvbWbNmjfdc+1zVPj1HRkYwDKOkxSQwoTSTIdu2GR0dJZVKeWBukLq7u3niiSdYv349ra2tl6TMbDZLLpejsrJyUtanF/rdROhC+zWdTuM4TlHQq/+sdKE+VydDszZsoG/vXoZOnJjUd59Jn1e/xBzu+Y8l2q+qlBIME9txcBzbVUWKsYyxaOyDIVWefh+nbwT3j1L5TEZe1Gmzr4NsqW6gGybSUSFOPL+oMYnHKt8XgsDLRKjgLBgGUsQwdIGr0OjO0N8qAcc0IGEKCrYMWxRFaDIbxWSVv4lS3OmzttgVlkVFczOXve1tWOXlFDIZRnt6GDp1CjubxUgksLNZMufOTch9vgAsCXYW9m6Cni7oOwSr3gtT2sFK1CNkCmQGw7BJ1ZZBVTVllSepSHSSrzdwymaSz/WTsU8hRBZhVVPecjWZnhfJnduHYZWTalxGWcN1jJ75JU7qGarqzoIQyEIVhXSe/Gg3Iv8C1TWNWNW/jciOwGga8och/QSk1iLzx7HTe5H5Phw7zei5yxk+IylkMljVI6SalpLP1ODkzyPtDKZVRrKqhcLIEUbPFTi2M03XU8Oc7cx6liETGRkJ5EZGSJ87h53L4eRylNfV4dTUkKqpYeY113By504S5eXYuTyishwfgHAUoCTBtmXYPcBYOlJk/DWUEjwpKWX1GSfwXJKTckP7fPT9qMnI6dFYJIThKvUuFCQE8QpHKQExXrCPfgul2hUMqqPyM0xDwXwBS3tHI6aBrCWoaKnhwuN+HZeEYWBK1ypRKuscr5zxgAetN3rTQo+1QAUuEkoRF8oKSGoAbdI0GZ5VPAZCCEwTd+NUAIF0q6cjUwt9WFCq84Teb/VM9wFKH3RUHTIBt7EqhxKbf/TvuHR6rgtUG4Rjg+Ogr2OLSMCTMMAtAHPMbvUwMA9o996oMk2fY0VzLqYxCgoeEOgWFQ1hZB1p4AXc6/ECXAAOYYasVidiaTgRQC6opE+ExrI0HqsuY5HE9VXuAqra/2/QctjQOI4REOKC4Lhm9wG+7FykAKb5r843PF4aSBMhK0KvbD17XAtnTOU6wvX86751EKFpEVwPhPIrWccJzIOJfF8MME0cfLjQ91GaDCgSzT8OJDYQYBdU4EFHhqBLzef1KOrtKAhtxrUhOPYRVcLvt9BTQCpfnkHAUVt+ChkAcwVh5WfMroiTzeOTqcf+unVQSpfatRzFA1Rj40spOSbB9rgrwZGhuav4uQGGG2DSa69Axh1Oen5gdRH+3xI9buoQMbgPuJ3p8feJzKU4Xub7oTawTAMcm4LLi7055rbbiLTzYtZiHN8O5qmv/wcP9qNrdyy6kIOOUha6EzF6iTuEi0s3ke+DaceSLcZ7finTvZ6AdvB3KeWY1qvRvpqMQdK/B42MjNDZ2cnIyAhz584dM+1EALpLDeKZplnkAxYU6Do8PMzLL79MTU0NTU1Nl6zMsrIyL8jUv8d3E6EL7ddLBXL/d6Ijjz12Qd+JENoki35oPc7jAHqfQN3gkfjY3bhlTWjPUuWN9U2pPSoqw/1786U4skIKBWP5GLqQ0zXlFkCEyohSieERDgYGCRNUVOcYZfJ1pP+fvfcOj+Sq870/p6qrc7fUiiNpNNIET46ecQYb5wEbY3DArMEs5uLLLsHGS9i9+O7yAov34gW87PreZb2wGLOATbJxtgdwDpODPTlJmqRRVqtjdVW9f1R1qVvqlrolTbBdn+fRTHd11Ul16tQ53/M7v1OOsFVswJ/tuMT7+zm8di2J/n5mX3opkVmzMDQNQ9PQVBUlEODIunXlmXQzvE9qXzts+DUcexMuuA2aLojg9QtIDWCKU/VgeBGouJQUsjsIoQaMZBteeS+pcBpVr8SlCDLxw2RSg3gq5uKvfw9Dhx4j1bsdNZRBVjx4I2krfwrugE6wJoo/eAAx9HPwvx98gxB/CiO1Gd11CfG+euKdx1FVUCp70PXZpONH0FLdyL44suJB9oYwMgPo6X4MPYbir6XzzV3sfnaQI2+liPWO9kM7HgLT72omHqdq9mzOvPVWhCRxdNMmOt98kz1PPcWxTZuYe/XVSLNngpBGzR5Iso69KZvd8S826sj+nDuYGS2l5s7O5B8fPWMz2c5esXDKnqUUOgbC9i9pFFzWR+GN8Ap1zgx7/ETeKK7AYNJOQl74pgg2POM/LEbY59vtmGByDUdW6LTaMmu311LLMDt4NqvXsEAC2cG7hDEsnTDczmYlE0HpOxYbE9Nkc+I2s5XdyMI8ZmDeRknKWmIVjiQrKJD7PyPvdVaoLyNVY7TFxQaFIwdNtu9SDDMB1mSBdYKdgbGWaJearsJIBfJculXUiJjH/jUrgOTdEEtyMRj2cy6ydp0Tf0IMY9glwFR1bKasY5Sjk5jPVc49yGlyis105woPMPldnfMEuyJlJcSwawZ7ll5YHWFh+q4X1qStUWZ9PRWUIs6fjLhLPW9kHbAnC3QdTdcRmlbyZEI5fcVyMJBs10K28bplcY8Y7k8b+Ur78KNQ6JVcKBkFk2ZNuhnDYqQQ+mi9VFjjiYI5KDXP+cKqeeWIYzlWoOW4K8oLUwynd/Q5xujuRcF7VnhCVJKEJQCbVsbm5ofmoNSwB6vWfRzxLitXcCs0kZE3OVDAUrUUcbNUyjUGmIjAOt47phxrpVLjLpSOtzNj5aEUEfpUMTAwwGOPPUY6nebcc8+lqqrqVCepZPbs2cNLL71EKBTiiiuuOKGWvQ4OpWCPp0eImlkKucwSVp9DGALd0G1XQAXDL9KfnlSay5jsKau/fgI243MNiw9WD2KM3nqpM5rDL0LLSbwkQbGdsIt2VMyOkyRj7mud0TAKbPhSDuOp3RMJY6zjWctVQ9fR0mlkRWGgo4P00BDC8nNkABXTp6OlUmQSibKlIAGQgVQfdGyGNf8Myw4HOGN1huoZvZCWQKoBPQ1a3OzASQKkAEJ04/b14fJ6MZRakA4gph0iHRbgrgBjkHT/drR0gvigH/m4wOXpxzAELkXDW5EkWBdHyBmMxC4MsQo1WUOiazapgS489QMkB6aRiHahpxPgOo47shjh8mAkMhhaCgwNyRVEcskIKUlqMMHhDS42PRSj72CC9JCByEzsxZ5JJlHjcdsfCUBk9my0dJq+vXtpPOssIrNm4Q4EC5etJCG5MF0yZp+LcUT+PCuTAskeOTtjX5cdLA2fNDrAMilndn5MDMnU9+TRAnQJiShwbES2jPxzsxJrngFebqfaAHNjK9B1wxJNLBHTLt+s/U7h+EsdiA1LtFb8sqCcm1JoMJAVRoaPm+WqkxVWDGxfdrmJGD+2iatkw4lDCNm0zrKEYQPdlAENybJg1YtWg4L6OuRtwiPZJ02uw15sImLkgBLMTcnsU3TDdMo+8n0yBS//8igWV7HphdLDzT4GuQIdligjhGy+A6z2ZjJ5zhVXyxUfT1RZjwx1WDw27LpYsFkYR/gqZnFUcroK1K9c/9vZtAJIhpTn9UEIYb4jEfmiWsmxn1wKLr+egvt9ogf5o9ppTUfXdQzDbPPknHPGE4fGyu/kJyCy/+Q+35BbIwrGYRglC/KF+yo5giSQu9JMZAVVaWwBrHQKuFvK5lmYG1mNV7fGui/ZOjpCgx5xcjZ/ufHbgZeQBymv7yLLpvsfTTcs/+Y5beYUCO/FxiFZQdUek+SN06Ymnsmce6LPmcpnsdRx8MhrxprEGTmRdyI50ff7RFFRUcHHP/7xor97PB6uu+66k5ii0pk/f/64vlAdHE4m406cFHjmLUdmmOtHTNdv5tu/qNhhMyUtW7F2yBj9+6meDnLZM7bCWuo61lrNUmcFs+KFYOzwiodiRmeJDLIkQIaMPrniKtTZn4yFau65Y704s8cyySTdu3fbgqueyeAJh/GEQuiZDFo6XXaewJKSNEhFoWMLVJ7hQwlrpHqGiNQJvNMqECKJ6cdUAhTzz4ghiTiSEgZfBWTakSoH8FZUYri8aOpuwjVHSScEatJDOqYQ6/KjawJvOIk3mMLQBEPdXtJDOlKgC516koMziR3vJejpxTAqgAr0TBQtPYisBJFkN+aSKxXD0HB5fSR7Bf2HYqSSUTr3CI7vyZCJ5W8SUS56Ok0mmURLpzm2ZYvpHiCTITU0hK7rZJJJhjo78YRD+CMFHJlbHW/TEXxWayojNUVOLXQ4f7O27FmlGt2P3ZDkDRiLnlT4Vx1jWOMb5/ErFHZBmciKK285brbNyIpBIwZWuQIrwrQE1TXrF5E1LbEGdyL7TBZJVDnY1n+W5aphLnss1T3qcJUZlk3N5jbrf8WyYrHvdY41brYNLTEPU9EvF3a5C6vOC8DcnEnXTUFSEsU33ypM1jeebi7pzLUEn2x6C7ThuYPG/N+F5SZDxszCsDhxaihWBlM3kMl7L2EghGwKBlb9myphNbecx3WTMQEmnM6scJJrxZvXrhQWoKxI7f+K9z+L9AkKnmvFaIWX2+TaKxqE1U6I7MZBAiTTFYCQpDwbdzsvp7oXWYATZbF6Ii0f8sI2rM2qrJUKtosJW4nLTYdRsB4Vi0nkV0A7vlLJb9fMCpA3gTr2xYV/Lxj/eGVtxQ2m+y+w0zQl99wum/zP1sJE+z6M5Uu2mMCc/c1+PxdN74hyybE6H3mWKLTCJK/xMJCEsOeq0Yv4lc2LrvR6kZ3cyn33ZcXUrAuA7GqP4eSdetHsnch4QumpKvdy4z0dLFYdHBymnuGVexO40uykWovvClsrjOhGkzfmn2Ly+5v58Z8qTHHVMP0VGWN0UoDyhaXcTsuY08MjMLJSg3mBJEBIwvQJOwVM1SzpyHOLzQQbuo6mqghJwmX5OMmkUqZ1GJhWa5qGkRmxPX0ZWN1NMkA8qnBoI/TsSFM/W9BymYdgrYpLSlsDazcgg6FaZpkuMLxgHEZW0shKANwKRqoNd/MQ6TikhtKk4wrJqBvJpaP4VPSMINoZIBn1kIrpuCtiuIISmh5BSwu09BAuXy2S4gEjg6GrICsguXKkJh01LujcrjHUF8OQ4ySipg/NyWhjAtA1DV1V0VSVY5s2kY7H0TUNyeXCEwwydOwYktuNL1KJv6qy4ERAtoNqPqjDe7sXjXeCnSaJQhY+pT8zJ6qrJo3YxV7Y30eWQeEUFNrFeLidscoyO+DLEa9tz3H2WCb3RWCdIw37J8x61jR9xGateQQTX3ptRSckO6uC7ABGG7ZkHu/6/MByvmf9UmdbNWHlVeRVMXOWsLQ8lLsssmAIVhCSZPl/tQRWYZn7GdYSx2JVs2Cx5PgBkGB4OcoU1Npigl52UJmfDMvKWbIsh3Vzs7T8565I3S6Wr9EJmkg2csK04hsVbhk9BWP0TLKw3BIYkrAE1sm0rjlRjVgyX471zUSWZE6YHNNpc8p2zIhGHij7to59+nB49pNgazDWb8K0eDNdsZj1L1dYzbVcnawocyI4HdMExdM1cnJc13WErpn1RFjlrRu2pXF+KIXbh8Ii5khreTDfgSWmn+wqsPznN98NztgUaqMLi5BjXG+I4edEMgdZ5vNsWa6KYkMuym4jcz272Zbe1oSqsMYvhfskRRg52ZwtyiKGIMU3BRt+UYsxzQCsfogw+zWSyC7J1+2JlKL9pwm0edlrstaqxc6ZzPM41VboUyX6lWIsM9G26WS8r07k5NHI8IsZEDniu4PDu4DsWNso5OptPO0h53djeNvOfHLG9naUJ689OdVNlyune583AJko9mDXmqXNs8IqdLcM+5/cUPJvljAt1exNKCaYtmL+ZKaSkRYb5tIyU+SrmjOHacuX48/6ijEMU3S1zpmKwYcEKIog3gdtr8KWh+CiDMy9GsKVVr/U7sxZabUH9OZGDRgyGDJCyiC7wetO4w5kSA8pxHq9qEkJw5DJpBSSQ140VcbQU7g03ewwSqYYY/aDpZxabpDdQdfsGIOuGhzenGTr7xMYcoq6JRkUjzKOhFkiuo6h6whJwltVhaeigqGuLjKpFMFp00zXDIpiWV+JUXU/uzO6QCAkA/RsR3Xs5a+lWHAVu8720TlGR66czuHIJXDFKC0uS8gsOhArw/rFyBUsrDQW9KOQH2ruJfaSPluYMH+wx35gWUpOkhGPiZAk0HNr6NjtSKHNGIb/lxm2PMo2cJI1WM4duI3PVPpfFMKU43TJAN2ytsMqUyOnXuRVj8LDaXvMOsXtbaHnLNeCsugzJATmRlXZMs55RxV7BxZ8PEoXJArXkXKel2LhFrhcWG/QvAdHyvHdOUY8ZWBb9eWUOZT3Xj0pnS0rv3lpzD5quYUksq3H5PsKxdvTEZq8fS9yllULAdnNMK0HT8dAErIp/JnqeU6aTr1oebpRzjvYvrOGZUloLVPJW02CtYIF3b5PwysvYKTcOkbC8r4aRdrM3DyMxEDKukvOTimafbZRGSqShNJSWvR9Imy/Gla9tf8F+4XMGGVScnUdrt/2JbY1zLDf4WxfoFDOxnMLYF9bTOC06kHeXcoLsoTSzK0f1mdJYniCNifuQn2FYukvGp1lEFDIknVkHOPFdSIpZoxS6rUnK65C8Y11b06HSaSJUl7aR4wNHBwc3jbkDJkp6T1mn599v2f/yZorjBwPv7vbBNvnquVyHYRp3TOpkbotrNmj6jGmsYsGMvzRavBlSWAYOpoxPHguO2knSc62fd1lTe+EQI3H861ThUBWFGu57XCndLJoqori9SIpLvoGDbY+kcBT5aJ5kRt/WMdbnQYymD307DLdNEiVpmWpiGOQRMtUkeqVSEaDJKJ+dFVG8am4PBout0awOoEkBoj1e0gM6LiCHhAu9HQaQ5cQsh89k8TQkqbfXaGAkUGSNQzdINFvEE9k2P5MH93H0lTNkFEUGWOqnAtbg1SX18vcq64Cw+DYli30HTiAOxwmFY0iZNlc5lzo8pw6KAkJQ7J8TRY0/Rj7+vHOzU3y8GdRMIxC/k2K1WvbV2ju41TG9dlBv2FYu/SKIskvo4HOLoG1h6/ZMUaJbbHdlAiBJGV3r88GlBUkh9NVYE6uYFx6qY+fEKYGZ4+tpdzcFDp91PescJ8NITsJZQ4AchvLMiwlSj6zxPAEyEKYW2vlGFeJnJsmbEFy9CxlFv0EiaojjxWyVB1JnpWqJDO8g7yVh5O6Q1A5cZV4rsFw5RY5O2Nny2eK7kV2eWmhcj9tMfI/Cije9k8iSwZZAWokZl2TpOEBuGH1vMxylIafLWtGwp7QwbJgF7lTe8XbhtPxnpyKNJUyoSgQGLpB1q+qvaS6wDVSztGpyE7ZZSKs94PIkzSnvvEfK8jsJhYi+9kSew1zAiD3PTzpBBj5ZWRuACXZZT9e8RWeB86+A4YnsscrvskXr8hGbr4nhUCWQdN0Ow1mmor1IfKF0VwRL/faQis2Cl1bKK7T7fk8mXGVmo5SJhFLEb8nGv94TCQfpVBYdHXEVQeHdx15E4BkB7TWZOHw2LVQ37rYZsjvRFy5DaTZ3lpT4pNs6/MHXUbx8MoQZSRJQtcmnrRinYoTMdOYzb+wBFRPKET0yBGObN5MZOZMfJWV6KpKJpUiUFeH7HIhTdEOgplEAqmyEk8oBJpBum+Qrr0BuncGUNBZfqNKcK6GJAdB9oGUBKMHQzSTjvlJJwYwlDQoy+hv20AmpaHrLryhNOG6IZJDHuL9PkAQqhuiIqgRrDEQwTrUlEpCO4Ae1lGCdaQHjpBJxgEPsjuMEDHifQkOvhYjHk1QtwJSvUMYagbZ40Fyu0n29U36nhiAcLmQFQUhBIrXC0IQmTWL9NAQbS++iJ7JMOvSSwk1NGDW+RH1ImduwDRpMTceKnVJ+FQMeIrYP0359dnHcGSxZ5tHkfeclnFvCnbicoVIMc65BYK0xNnh9soSKoQpkGYHS1nBs7DgV0BgLqyQk7vMOrssULdeKtnjRrGNzowy7oFVxuZwa1isPOUvJMmq91ZmzOqfsxmIEKPKqTjDs5unw4BieODJeHvVvX2wRI+8Z1aSct/0k44ia7V6IjhRA+6C7UAZ1xcS27Li58iDhb1l57xjciZWJKtNybMuKyNdDhPHMKw2zRaesu9CMdq/LeOtWcmnUN2agnUU2G+qbB0q4gf0xCPs/3LnA20r0rL8co8dhf1ViEnPfxXrexRaOTN5VzuF4sd0c2ZIyAi0MYqp0Jgl1wpzpLCae+7b2YLS4cRTjpVt4XeyPTDiHdJzcnB41zB2P9t6h4+goAGSgfnuHKmNFJrYPKnGK6cWF0LCXGhmFmZx+6vSO/zW2M6eoZ2qBthcTpPdaGXiSzzs8E5whzQbviccZtqyZcS7u+nevZvuHTtweTwoXi+uQICW97wHSVGQLX+sk4oTUIeGkFwuvJEI6BrJni7UuERfm4fe7YLkkMbCG6PUzqhCNipR44NoRhdy5QUM9TSQ7G1H8g7ira/AcK8gE9uF29OHP5LEW5EmHXejJt3E+gSKL02oNgP+ueCL4Eq048p04A14kGtCiEwneqwT3Qjj8tXSvesYe9b00bFOxRUSRObppAcHMVQVdyCA4vfTf/Ag6JPzlQkgu924fD60VIrD69eb5SNJaOk0br8fJAnF70dSXNbgJH/ok2t9NPxcCIaGhujt7SVcEc4p98J1KaNlGOgfoKWlBXmKxPPJYBgGsViMI0eOMBQbAqC+fho11dV4PJ6cMZphCU6Wr0ZyfIMWsfYqROFHzMiV2MpvFkT+pgxkO4nZgYYlYgjb3LKAqDbeRPyI48JaMpqNQ5IMdMOwNkUadnGgaRrRaJTBwUGamprMjSRKz1hO4gw7H+gGPT091NTUlBzSZNE0jVgslmNhZ/pfBZBkiWAgkFNew4NpMdKn4Egm0eSOt6xxvMHC6N+y9y67tLXcBE6+jZocBTpABlgOEKHg1EL58o6qqsTj8eEoLJ+UPp8Pl8tlHx9ZZ2RZJhAITInF0JSQ+3jlHyqJkqWKok3a6PZfkkROP8mKZwr6NoWYCjczpVJ0SftpIvgU3NgnOxE2hhVhOakvMg4p6byxzzWsDc+siibMDQNPHtl2Lzfl2aXzujXpOMF3+zgYVt6nhuH7bBRqSyl8aGqittzuiPJ2ksgVU3P/Rv5e7PvbkYm4RjhVjOeG4nQTvieXnpH9H4NAIDDpNDk4OJxYwjOaxx/HlyH4CUPkGKcUD/c0bbZPCObIyOpYZi2littalVoyw74Qs0qrGXwhKbt4fAWCtQXW3GWJk+VEv6gllwt3IECir490NEq8u9v+zRuJkEkkbCFwMjJ0trhTAwMA+CoqkHSdWE8PupYG3PS0e1n33xq6u4MV19fjCzQR6xwgk+knINykkrNIxgYQiU7kQBu+mpVIUhqvL0qwOoGQzRkKXdNIRl3EeqvxVYZwBd8LRhSX2IsrrOKrWYDhjiOnD6GIbjSjEs1Vx94/r2XXml6SUS/TlobQUklSsRjoOt5gEMXnI9bZCfrkty9zeb24AwE0VaVzyxZ0XUfxepE9HoINDaixGOloFDUWw12wU5AjuWRNWnSD3r5e7vnePzN37lwqwqbA+uabb9Jx6BCKonD22WcTDoXQdZ0dO3ZQVV3Nl26/HZerXHF1stMcw2FomsYbb7zBLx/6FYODg5x37rmsWL4cgKefforX33iDafX1fOpTn2L2rFnYgqHdLpgWorn7WJRCwZTmCgklpb5YGMP3xBwcj9jFfqyEljGOyrZdw7UBhJCQ0Ic397CE3Gh0kG9+61s0NDZy+xe+kCc+jQ61UArMp38oFqO9vZ3tO3bwwgsvsnzZUv7H//h08fxMMbJLJhaP873vf5+ODrNen3P2WbhcClu2bmFwMMrixYv5y0/eQkPDtBxrpRObrrF8YU5kgGBfL7KadmHb28LZOtU9hWKVOHf1ydgTpqWgKApdXV3cfffdRKNRmpub+fKXv0woFMorf5fLRTqd5p577mH+/Pl84hOfKLqhyiklr5pO9h6W2xYPv91N1xQnrw6V0885YdbDZYR7QkQV3bCWZ1gTKsaINiA/tsnFVRalWk1m687wZKKBVPDMEynfZCf+bItfyRpDYPoQn5qiE/kfrQxNvm7m9rDNZ7CoEHyiRLCcvJj1cHyf+CNF1JHC6snYU+JU8HbKR6kTiZPtt0w15VixFsYAYeByyXR1dTFt2rQpS5uDg8PUUrNw0fD4uJgGV/IY+cSP+96OuOxBZV5naSpKKhuGMTxwLXpaGfEJCUkIczfXKbBcPZFLG7N/id5eDj7/PPvWrKFh+XKW3HQT/tpaDq1dS7yrC8nlsoXASccLJHp70VQVb1UVshCk4nES/f0oHjeB2lr6jh5l13PbmX7WdVTWJ4kd60BICeTQDtzhFvR0H4nuDQwd/iMVsz9JuPVsfJ40blcMPaOB4UZIEkbGTzrTRFJfiV+uRYr/AtI7wTUXvBcj0m/i9R/H69fRZR8DvQHa3tjFQHeUiqYZBOvrGOrqIq3ruFwuPD4fANEjRxCT9LtqAIrfj9sSAIKNjeiqipHJoCaTpAYHGTx8GF8kQiaVsgpvZH0qPLhzu9187avvWqIzAAAgAElEQVRfo3n6dPv4f/74x3QcOoTX6+WaD15Dy4wZCCHQNI2XX3mFTEYjlYqaoRaw7EokEqTT6by4vF4vkiTlWY3lkslkOHz4MC0tLVRUVBQti0Qiwf/70b+zdu1aWlta+Pv//b+pram1fz/nnHP58LUf5t/u+zf27NnD7FmzczKcDSPJgYP7iMcTaLqGz+ejtaWFcDhsDRCGRdxc67WR+QRQ1TQxK09CCAKBAFomQ29vHw0NDSMK3PwvlUqRTCatg9nBsUzHoUP4fX4qIxXYvuAslwFZq/noUIzjXcdZuGABuq6PKucsPp8Pj2U9budDN5fDZ9Pu9Xhxe9wgTH9pQ0NDGNZaCVmWUTMZdN1g/rx5eDxeO+379u2jv78fr9c8FggGmTN7dgFrZjOsYCBEJpPh0Uf/gKqqBdMbi8XYvWcPqVQKRVEAqIpUMXNmK21t7QzFhmhsaCgqcGUyGdo7Opje1ERtbe2o3xsapjF/3jw6Oqx6fc01tMxoJp5I8K//9n/ZuHEj3/zWt/m7v/saLc0z8ppxwzDo7e2lvaODVCqFLMuEQ2FaW1twezz2RNnoe2vidrvx+XwYhsHQ0NCoZehutxu/32/HlT0HzCXrhw8fJhAIUJXdPDBbujmWGrFYjOPHj7NgwQIyahpNyxQUV/t6+0mlU8yfP2/EL+bz3dnZydGjx1BVFVmW8fv9tLTMIBgMAqMtP6G0Z9/j8XDs2DEikYhdL3MZmW8zRebzlNEyJJMpyJmdLmRJOpz+oyPS32KnH6C2tpZwOEw0GqW6upqKioqC9aqiooKamhqamppwu92jfj9tmLLXfhmCJYDI94lYUMg/ycLm6TC4L8SJtN419xUYKQKeyhFCmfXI2h/B1jELGi5M/X214x5htWq/d63vIv+CqU3ApLOVFdPFqEOjTz0BdWLEEEswvouckcJc7mZVWQodeydwIizrHUZTbnubN6a3/IKEQyH6LeMeR2B1cDj98FZWMv+G64ff0sIo4saqPEzrVYOTu2/F6YuL7DJOkWOhN0lMIyajwMHJYSDZM72SJOUNKicU3hS/oIv5dJU9HipmzGDVbbcRmT0bf00NuqpSNWsW/W1t5gZUwSCeyspJ9xslTMvV5OAgvupqfJEIQ319DLS3E2lpoWrePHqOdqDIB1HcSdzBatLBaWTix4gffYnKM27GW7WYTKILdXA/8UM/IrDoPJTK9wAXIDLHUGo1Qp4wSLVISoBktAcSD+DzH0T2NoFnBYgKSL4CWjcoM5Hcc/CEu6mZ3kfXAZXg9OmEGhro3LoVXVUJVFUhud0kBgZIRKPIk7y3AnAHg3hCIZKDg8S7uwk3NhJsbMQXieC1fN5KLhcun3eMUEbWW0E4FMZt+XLNOzX3s2Raa0sumabpTbjcCocOHuaf/umfSCQSvO+ii7jtM7fZHWKfz8fjTzzOb3/3OxRF4fYv3s5Zq1YBcODgAe62rmue3sySJYsBU0Q6cOAgn/70rVRWVhbMgaZp/Po3v2bt2rWEQiE++9nPUldbN+q8mpoaPvWpT3HgwMG8fPX19fHfv/hvXnv9dS5873u57LLLCIUCvPba69x77w+pr6/j1k99innz5gKmxWMyleT/++a36erq4j3vuYDP/fVfmZYtForbTeeBg/zH/ffzta9+hYqKCjRN41cPP8w5Z5/NeeedO+oZ8ng87Ny5i+/e88+oqspffvIWLrnkYp597jkikQiLFi5ECIlnn32WzVu2EIlEuPkv/oJAIMD+/fvY9uabzJ41i3A4zK9/81ueeOJJ0xrznLMJBoNs2/YmR48eZenSJfzP2z5DdXU1iqLwswd/zh//+CcArrvuI9x4w/W2laxLdrN//0F+cO+9fOHzX2DVypUcOnwIxa1w/nnnI4Sg41AH3//BDwgFQ1x33XVUVUVYu3YdBw7s5wufH8uyFSorI3i9XlNcHWGlsnXrNv7lh//K4sWLWH3llXi9Xv705z8DMGvWp9i5cyebt2zhgvPPx+/3s3//fn79m98CcMP11zFr1iwGBwd5bs0aPnrjjdTVja4TQF67LYRASBKBQIArLr+cjRs30tfXxysvv0rLx1qtQaPOrl27+c8f/5i+vn4+8uFrWbVqJUNDMR5/4gnWrl3HBRecz81/8ReEKyrte7t+/Xp++MMfAnD99ddz/fXX23F6PB6efPJJHnroIXRd57zzzuNzn/tcXrp6enr4zne+w7XXXssll1zCmjVriEQiLFy4EFmWeeaZZ9i8ebNZL26+2aoX+9m2bRuzZs0iGAxy33338fLLL9v1ImxZpff19REOh/PEVU3TWLPmjzz8698gyzIfvfEGFi9eRCaTYePGTfzLD/+V5ubp3PmlOwgEAhw71sl37rae/fddxP+87TPDgr3Xyx8ee5zf/tZ89u+4/YucdZb57Hd2HueBnz3IZ//nbaMmULITPT/8139j3br1NDdP53/93d8hK25kxc3WbW9x7733oqoqV111Fbfccosdp5n+NTz88MNm+j/6URYvXmylfyP/8i//QnNzM3feeefbbqlfSX2Y4X7lySN3k6pTQDn9pdPVWmwi1qz5m4tax3KsKwvbfZ7eCIA8Fyyj7+3JuIdCEjn7GY7w82yvw5qqyIYtZqcGa2LTXo5ykp7MEd1GyYpXLzAoLbbMf6zNGt9pvJ3yNZH2aSy3DuXGdVIRo9ucujpzkj46NMSuXbsYGho62alycHAowqz3r2bprbcy77qP5BydpGfxHKMmK7gpYbIa7aluH12mS4C3z8srF0mSTnkB5lLsJekJhahfsgRJUXD5fGAYaKkUkiyjpdOoiQTuQIBAXd2UdEUzuk5iYIAKVaV20SJib7xB7969VDQ1EZnRgsclU90CqDuQlGX46s8hevBRdDVK/OjLeKqXE5x+OcnuPxOq3Ibb+BMiXg1yBEQVgkr0TBw1th0t1U0m0UlCOYp0xkx8FWcjXBGIPQR6LwgZlHmgNOOS/sz0MxMc2xskGKlFSJItrkZmz0ZyuRjo6EDX9VG2EeUiMH3d+qqrkRWFQH09QpaJHT9O7549RI8dI3bsGPOuuYZ6S6wsNeBQKGR+zrFyK7RkK8ucOXMA8nwUzpw5M09YE0LYYo7X66W+rs4Ow+cdvm7+/Pl88pZP2tf19PSMOWjetXsXf/yTKQ6etWoVM5pnFD13etN0FJdif29rb+O799xDb28vt3ziFlZfeaUlsBlce+2HmD9/Pv/nu/fw7X/8Dnfc/kVWrjwTMMWyrNWaz+cr6GvW6/Xi9/vzLPKSyST/+m/3MTAwwOrVV47qaFZWVtpiY1NTE0IILrv0UltsNnTBpk2bAPD7/SxbuoyKyjArV67gvPPOM/2fCkGdZaXp9Xr50DXX0NIywxTn7v4nNm/ewn3/9//xlS//DT6fjxtvuJ79+/dz4MBB1q9fz+WXXWpbQ2qaxuuvv8GHr/0wq1autO/7V7/8FWpra9E0jSeffJJoNMrtX/wirS2tdjlve/PNMYXVsUgkEjzy6KMEg0H+8pO3EIlEALhl+sfZvXsPAM3NzVx00YX4LGvw3Ljmzp3LsmVLAVi58swJdYADfj9er5dkMsnx48dRVRWXy8Vzzz3HTx/4GeFwmLu+/r+YOdPMc309fPELn+d3v/s9Dz38aw4ebOOrX/0q1dXVAHlWksFgMG8QqSgKq1evZs+ePaxfv54333yTw4cP09raap+zadMmVqxYwerVq8lkMlx22WUsWbLEDnPjxo2AVS+WLaOiooKVK1fa9UKWZbusvF4vH/rQNbS0tNjh79612w5L0zQe/Pl/8+STT9Ha2sLXvvoVOx8ATU1NrFq1kp/810/JZDJ2mPaz39qa90wIYVp8ZM8bKXRv2LCR//Pde/jSHbePsjD2eDz2xEpNTU1eOdbV1dnPS11Oe6JpGg8++CBPPvkkra2tfO1rXyuQ/lX85Cc/sdM/EkmSCr5/R/oEnAiTFYXK6RMUjsuYki7RKIvC01SwLMTp6vN1MukqWicN49Qp3hPldKpLedakp1G6SmBYDD5FFSBn/DXekvLclXan6+SHw2hO1IqBk9lGl0NdXa0tsr6zEaMUoNNJj5gK8g2ITvUeAycGo+AuTcMMl4FR9gTcSr1w//kdSY6LG/PrJNunyV5+it+RLgR5TvynAqtopyy8QpzqgitGsXRlUikOvfACuqaZlU/XMXQdNR5HS6fxVlYSbmqakm0JBBDr7CQ5fToNK1ZweONGYt3dxHv7qJ1Xx4yzllA7pw0jvZdMogmXvxlv1VKSvVtJD+wGScFbvYCK1vPxB0PI7AR1P2RkDFGNOlhBqkcmHUuAkUbIPkTgQjI0klE1XNomRHoLGCp4zgZ5OmQ6kbRdNC5WmdO5nFQqRH/7IWJ9fQggMnMmhmHQv39/QXvRcjAwxSR/ZSWBujrcgQB1ixYxdOQIPXv30rd/P8n+frzhMC6PB8mlFN/QYGTZiuEd4ifzzBiMnpnJbbaNnPd23nmWVWyWyqqIKa4W8d23ecsWUpbbg2XLlyMrxQU9WXLROL0JMJdq//JXv6K7u5uFCxdy4UUXImRr2ZlVTnPnzefSSy/lD3/4Az994Gc0z2ihtrYWI68WixHfyQnD/C37h7XM+oGfPcjAYJSPfOQj9nL33Hizn2WXm3nzFwyHLxUoQyueuvppphiENCocA4mKyipmzZpNR8chOjoO0dXdS3NzM5WRam666WN8//vfp62tnWeeXcNHP/pRJEmwdcs2+gf6ueWTt9hlM3/BAjvsRDxJW3s7yWSSzuPHaWlttV0oLFq8aPwNzkT+jc/ms69/kKNHj5FOp+nu6aMyYgpjLsVjl8es2XPwer12eRTKM4A/EMLrCxS8R9l4C13X299vL+WvjERQPG7a2tp4+Ne/QdM0rrzySlpaZ+YvNxFw2eVXsHbdeg4cOMDDDz/MbbfdNm45CCHwer189KMfZd++ffT19fHoo4/y13/91yiKwqFDh9iwYQN33HGHHdb8+fPHDDNLfX19EbcJElnH7ELAjJZWO+/rN6zn6aefQZIkrrvueqqqa0cNzac1NPH+938gp34XLsfcY4V+zx7fu3cf//idf+L222+3ReWcErL/L2V5z4YNG3j66aeRJInrr78+T1jN0tDQwAc+8IHhNI3c/KfA5+z3Yis4ThZlWf8UDmFKui9ZX82nC6c6LVPhhmkiS4THsvazTni7aYJ59dYs15Pn27hgeUqF0nWCjB8mmdW8jYXso5PtdZbOqOdA5P1X9Jrc/x1OT95N96d4n/HdQ3ZFnv08v8Puf37r/Q693wWydarfEW8rRhbJqHJ7dyLB6AHR6fx3OjJe+vRMhmRfH4fXr+f49u307dtH34EDDB45QrC2FncggL+mhnBTkykmTTKfEhA/fpyhzk7CTU2EamvRDYO+9nZSg/2cceVFVM+uAmOQVO8utGQvvvrzUIItGLqGOrAVI/4aweoMSmgxwnsmKItAbgJcGHoSQ9eQ3BW4K+bgq1uFJ3IWyViI+PGdZAZfB5EB1yzwnAVokNiArMeonhOm9cKlSLJO55tvYkgSobo6AtXVqPE40SNHCuypXB464AkGCdbX4wmHSfT3Ez1yhL6DB4l3d6P4fDQsX868a64hMmsWsttdVv071fUyG2cmk0FVVdxF0p9Opzl06BBgWpplLQJL+evo6GDnzp0ALFmypOC1kiSxePFiJEmis7OTDRs2FCyPUssyiyRJPPLII9x///0kk8mC5wghcLlcBfNeKF63243L5Sp6jqZptgWn1+vF5/PZvy1dupRLL70UgDVr1tDR0UEsFuOpp57i2muvLVqubrebcDiMqqrce++93HffffT399tpL7e9yx7z+/34fD6i0Sh///d/zy9+8Qu7nLLh5qZ/rHIpVoZjxZ9MJvmz5YLA4/FwzjnnIIRgw4YNRKNRfD4fS5YsQZKkUeGFw2HmzjVdSGzYsIHDhw8XTV/2c5bm5mY+9KEPIUkS69atY9u2bei6zhNPPMHll19uW3XKspwnyo+FoijjiruJRMIu10wmw6uvvoqu69TX1zN37tyiZbdo0SJ706di5T/e/ck93tXVxbe//W22bds25j0aC1VVeeWVV+z0n3HGGUXPXbhwYZ4l7LuJUtvJ8do1h3zGa2PGOm+y55Z7/dvl72TnodRyO53L9lSmbSJxO7zzOB3v86l+Lt9uf+/EcnPqhig4dnH+Sv9zgDwztrdjobwd0iwpCv66OuZ+4AME6usBiHd3k45GCdTV4a+pQXa7CTU04ItEiHd3mzMnE4xPAOmhIQaPHSPe20v98uUk43F69+whEAkx/5qP43fPQY3uJTWwF8MwCLVeS6DpMoYO/RmZPXjcG5GTG8A4F5Ql4F4BGAg9hqdWJuQLYBg+hCSjZ4ZI9b5FomsLbu9RRKMLpbEKAh8GQ4fUWkhvR0gegi2L8XXVEuveTNfunSh+P9PPOw9d0xg8doxkLEZpskhhDExx1V9fT7ipCSFJHF63jvU/+hGSLNN09tm0XnQRdYsWIblcKNamOFNJsQYm91ihc4r9XqyOt7W1oWka8+aN3GhnmKzLgEAgMOzOoAQOHDhAIpEAzGXCxYhEIgQCAaLRKO3t7VNiqbJkyRIuvfRSfvSjHzEwMMDnPve5MTfsmgqOHDnC7t3m0u+zzjorbyMkWZb54Ac/yLZt2+jo6OCJJ56gpaWFWbNmsSDHUnUkHo+HK664gu3bt5NKpXjppZfYsGEDN910E5dffvn4lqtFqKio4PLLL+eBBx5A0zQeffRRXnjhBT7zmc+watWqE9YmDg4O8tRTT/Hss89y+PBhZFnm4x//OAsWLCCVSrF3714AwuFwUR/AQggaGxsBiEaj9PT02MvvC5078vvFF1/M5s2b2bx5M4899hiJRAJd17ngggumMKfDqKrK2rVrOffccwGIx+O0t7cD5oYN/jHaj0KbUE2Gz3/+82zcuJF77rmHz372s5x//vll3+uJpr9YPMXasHdzJ+vdmu/TDec+OBTCqRcODg4OhXHaR4fJ4tShEeKqw9RjGAaSy4W/qgpl+XLe+vWvObxuHVo6TaixEZfPR80ZZzBtxQpC06ZRPW8esYEBSKUm7XM0fuwYB59/ngXXXkvf3r3Ejh9nqKeNvr0vU/+Bq4ke/C1a7y7UoXYG9z5EaNaNVMy+Brf0Z3zu50FPQuJVSK4DuQLkagwRIRMLk+x1o8YSaKlutFQ3hpbG0FKkqSCRWkgwcBGS6IL405DeC8IFcj34byA9+DLpoS0gy/jDYVre+172r1lD365dk7ZaBVNgDTU346+pQfF6qZ0/nwu//nXUeJz00BA9u3fT8eqrBOvrmXXZZYSnT5+CWMvjd7/7Hc8880zesVgsNu51r7zyCm+99RYA/f39fOlLXyp6riRJ9u700WiUAWsXz7FQVRVJktA0zT6W9UU5Hr29vaN2PZ8oy5Yt4xvf+Abf+973+OY3v8mXv/zlKQl3JMlkkt/85jc8/vjjyLLMjTfeyAc/+MFRwmd1dTU33XQT9957L88//zwzZ87kb//2b8d9iaxcuZK77rqL+++/n/b2duLxOD/5yU947bXXuOOOO2x/qeUghGD16tXU1NRw//3309/fT39/P/fccw8XXXQRt956a8n3rBzC4TDnnHMO06aZLhbmzJmTt9lRVsjPWsOWQmdnZ1lp8Pl8fOxjH2Pfvn1s376do0eP8vWvf71kS9VSiMVifPe730VRFFRVpbm52RZXp4KJPvt+v5/Pfvaz1NTUcN9999Hd3c3VV189Zekqh3ezeOrg4ODg4ODg4ODg4DASR1w9wWQHoJlMhiPr15NJJGi98EKqzjgDxe9HSBL9Bw+ipVJ4q6qYtnw5HZs2YVh+MieKBKixGD379zN0/DjTlq8gk1aRRDse9zYyidn46s4FQyHZu41MopNo2++IzJqLt2YRstICqU2gvgV6HDJJ0PsBN5lBP6keN2rCACONgY6shHDXLMNTuQCXt4KBtt2Ewq8iS20IoYFrDgSuhsR2ahq3UVnXTWVDA7PedymDhw7Re+AAycHBKfPqUrtgAcGGBnr37WPHo49SM38+1WecQfUZZ4BhkI7FEELgOcEWkcX4yEc+wvvf//68Y0899RT/9V//NeZ1F1xwAZ/5zGcAc5nwWJsRKYrCjBkzeO211wBTjB2PPXv20NrammfRVsp1YG6o4/F4bF+ck6W5uZmvf/3r/OAHP+Bb3/rWCRGSvF4vZ511Fk899RTxeJxAIFBUGJw7dy51dXUcPnyYOXPmlCyMzps3j7vvvps1a9bw0EMPEY/H2bFjB0888QQ333zzhEQqIQRnnXUWixcv5ne/+x2PP/44mqbxwgsvsGDBAi655JKywyyFqqqqPKveLLlCfjKZJB6Pl2RtnLViLYfGxkbmzJnDpk2baG1tpd5aDTBVBAIBvvrVr9LS0oJhGGzdutX+TZblvHzmTkKMJJFIEI/HR/k0neizn43/xhtvJBwO8/Of/5zu7m7bwrwUpiL9Dg4ODg4ODg4ODg4ODvm8Qz0Un4boOom+PoINDTSceSaNZ55J1ezZCEliqLOTRF8fvspKGlaswO31To1jbE0j1d9P20sv4q2IMH3VIhoWVuMN9BA/+iqGpuGpWoy3ahkIHRdvoUivIPMmghS4F4BvNfguA88qUFpBqUb2V+IK1OIOzcBbvYxA4/sINF6Cp2IehqGT7N3NYPtGokfbyKQNcC8B73lgaBB7lWDlIaYvC9N6/gLCza10vPYaQ0eOYBTZmboshMAbCFC/aBHeigoSfX0ISSI1MMDhtWtpe/FFjm7axODhw3grK3FN8dLdk0lVVRXTp08nk8kUtRhdvny5bV24fv16VFUtGp6qqmzYsAFVVWltbbXdCHR0dBRd7n/06FGi0SiA7UszF13XC15rGIZt6TgWtbW1fP3rX2fmzJn89Kc/teOaShobG1myZIm5mdYDD/D6669PSbiaptHd3Q2YQvf73/9+vve979muBDo6OiZk6ZtKpWwrZJ/Px80338zdd99tC5X79u2bkvSXg6Io9iZSg4OD9Pb2FjxP0zT2798PmNbAdXV1JYWfSqXGFAJPFEIIFi5ciMvlIhaL4fP5bDcGx48fH9Ma/Pjx4/b9n+o0rV69mi996Uu89NJLvPzyyyVfO9H0ezweampqAPP+FmtHVFVlcHBwQhbZDg4ODg4ODg4ODg4Ob1cccfUkIWSZcFMT3spKEn19HNu6lcPr1tH24osk+/sRsoynooJpS5ZQUV+P7HZPerc1AZBOc3TjRvoOtlHZUk/rhStwB72k+raT7N4MSHhrVuCrWUi4yY/H3YaUeh4SL5iWqnIdKHPAuxDds4S0toyh6FKEexmeqmV4axbhCc9B9tagpfpIHn+D2NEXSfYfJTYwjYyxHMN9JkghSL4Myd0oXkHjygU0rZxD3/6DdG7dhjoFVqsGYLhcRGbOpPqMMzB0HTUep/ncc/FWVtKzZw/Htm6la/t2Dr/xBloqBSdiN9uTRHbjnn379pEqYunc2trKxRdfDMDmzZvZs2dP0fAOHjzI9u3bAZg+fToXXXQRAFu2bKGvr2/U+aqq2kLknDlzOPPMMwFz+fKMGTMA05dpIcu6Y8eOUVVVNabPxyyBQIAvfvGLXHbZZeOeOxEUReGqq64iEAig6zqPPPJIwfyWSzQa5Y9//GOeKFhdXc3HP/5xfD4fXq+3yE71Y3Ps2DFeffXVvGOtra3cdNNNACWV6Yng3HPPZebMmbaf0kJiaGdnp+3W4sILL2TatGnjhmsYBjt37iQzFZMvE0BRFJLJJO3t7ciyzKWXXkogEKCnp4fNmzcXvMYwDDZu3DhlVtwjEUKwatUqvva1r5UlZE40/V6vl8WLFwPQ3t5OW1tbweva2tpIp9PMmTOnzBw5ODg4ODg4ODg4ODi8fXHE1ZOEpCjULVlCcmCAfc89x6af/ISN999P55Yt1C9eTO38+Sg+H5FZs2hYuRJ3ZSXj2/WNjwAMTefgC38iOdDPtOXn4Y3MR8heEj2biR97BUhSveCDhKYvx+WtB0OA2gZDj0L0fkg8hp7ZQXxQ5cjWSt58NMyRbW7ifUnU6H5ih9cwsPcXDLU/SXpwHwID2VuN8F1ERroBTfVgxJ+C5AbAQPjmEG5dhuJX2PXY78mUsax1LAxAeDw0n38+wWnTiPf0EOvqorKlhcqWFhqWLWPhhz/MohtuIDx9Ou5QCMl1ajxjlGK1WQr79u3jxRdftJf6jkSWZT72sY9x1VVXoaoq//Ef/8HBgwdHnXfo0CHuv/9+3ve+9xEOh5Flmeuuu46zzjqLtrY2fvOb3+QJuIZh8Nxzz/H666/T2NjIX/3VX9mWroqisHr1avx+P7t27eKFF17Is17t6enhscce49JLLy3ZV6bH4+HTn/40N99884QEyfGYNWuWLUIfOHCARx99dNKWkgMDA7z88su2mJglaw148cUXT8hXaH9/P48//jiHDh2yjxmGwdGjR4lEIrz3ve+dVLpzwyynnkYiEW677TZqamr405/+xOuvv55332OxGA8++CDd3d1cdNFFXHvtteO6RDAMg/Xr17Nr164p3yCqVFRV5be//a39fc6cOXziE5/A4/HwyCOPsGPHjlHX7Ny5k9dee41wODzqt6l69gEWLFjAN77xDZqbm0u+ZqLpv+KKK1i5ciWqqvLAAw/Q1dWVd01XVxc/+9nPuOyyyxxXAg4ODg4ODg4ODg4O7yocn6snEZfXy5wrr6Rm7ly6d+0iNTDAjPe8h2BDA4q1AY3L62XW5ZdzaPNm4mVu9lIMCdDiQySOrUONBqiZ/1E09Zek+naTie1HGziGMm06wv8B0M82fa2m10HmKBgZMI7Qv6uTnc9uZt0vJXq6BT43tKyQmXWBQvUcF7qmIYSMyz8NT9USfDWrMISLwS1CfwUAACAASURBVPbnSXvWEq49jOJ1gWse+K9BxI4gks+ANoRAn9TmXbm4PR5aL7yQQE0Nsc5Okn19DLS3E5g2jcrWVoQkEevqQvH5UHw+xAR3bM+iaRodHR3s3LkTMK0V169fT3V1NcFg0D5PVVX2799vW4Jt2LCBs88+m5qaGoQQDAwM2L4dY7EY27ZtszcOyr0ud0MrVVXp6enhhhtuGFOkUxSFW265hQsvvJBf/vKX3HXXXcyePZuZM2cCprVZJpPh1ltvZd68ebbgFQgEuOOOO3jxxRd59NFH+du//VvOOeccQqEQr7/+OseOHeO6667j6quvHrWB0oIFC7jrrrv4+c9/zoMPPsjGjRtpamoikUhw4MABbr75ZpYuXWqX4ZEjRzh+/DhgCr2HDh2itbU1b2MpWZa55pprCIVCo5adG4ZBW1ubbXnb3d3Nzp07WbVqVV4YI8t548aN1NXV2RslVVRU8Nxzz/H000/j9/tZvXo14XAYVVXZuHGjncY9e/Zw+PBhGhsbiwqEjY2NnH/++Xz/+99n2bJlRCIRYrEY+/fv5/Of/zzLli0res9SqRTbtm2zNzrKjW/WrFksXryYf/iHf+DMM88kEAjQ19dHd3c3d955p201nGVwcJBXXnnF/r5hwwbmzp075qZXmqaxd+9eNm7cWLCsijF79mz+8R//kUceeYT//M//5Pnnn2f58uUMDAzwyiuv4PP5+MpXvsKqVavsckskEuzdu9cOI3fDp2QySW9vL3feeaedrp07d9rnHzx4kIMHDzJnzpxRm5BBafXCMAy6u7s5evSondfshlZgitmhUMj2kyqE4JJLLmHBggX86le/4u6772bevHk0NTUBsH//ftxuN3/zN39DfX39hJ99VVXzyuWtt95i9uzZee0KQENDA3fddRe/+tWvSKVSeDweEokE69evt91obN26lXPOOYdIJFJ2+rP4fD7uuOMOnnvuOX7/+99z5513smrVKioqKhgYGLCf69x76+Dg4ODg4ODg4ODg8G5AGMWcKTqcENR4nP1//CMdr72GNxKhZu5cms87D9ntJjU4iORyoSYSPP2Vr7DvmWfQ4vFJC48aEKx1sejqCAuuasVftxQlNJdEz5vI2loCkTZCdR6Eazq4WkFuAtkLUh/I3RzfcpS3ft/FzicH6dmfIqPrSEIiWO2hcUU1894/g2lLpuPy1YAcxtB0MvEjqNF21NgRFHc3oWkuIrMXITznQmYfWnITB185wDPfStO5G4TKpPKpA0ooROPKlVzz7/8OQtD11ltkUilmvu99uDwe1GSSgY4OYp2deEIhpp933tva5+pE0TSNWCxmWxV6vd6SrAITiYTtI1SWZQKBQEkiSiqVsoWlcq4rhmEYaJqG6xRZHZdLbnlPRf6zqKpKPB4HwO12jyl6ngoMw2BoaMi21Cy1nr3dGJlPv98/IYvkyaJpGpIklV23JpJ+wzCIxWK2dffpWP8cHBwcHBwcHBwcHBwKMTg4OOVhvj3UiXcQajyOnskQqK2ldtEi+g8eZN9zz5lL44WgduFC6pcupWnlSrp27qR7x45J3yQDqGhyE6oH9C7ixzfg1WW8lQ14g+fi9QYR4i1IbQetB7xdZDLTiHZ5Ob6vnoH2amJDSUKtKcItOshWoEgoFR4GjlegbXUTqk/hj3QgRC/p/jYy8U6Eyw/uRejuVtRMBYrYj0ivQ5Y6CDakaVgCxw+AMUlx1QD89fXMufxyQg0NdL71FkogQGVrK+mhIdpfeolMOo3L6yVQW0tk9uxT5hLgVCPLcsHlyuPh8/kmJKB4PJ4pFdWEEG8bYRUmXt7joSgKFRUVUx7uVCGEsF1FvJM5XfJZyHK3FCaSfiHEKAtaBwcHBwcHBwcHBweHdytvH4XiHYQvEkHLZHAHAqQHB+nbvx8BhKzdvmVFYcYFF3B061Z69+3DSKcnLDwagJCgcoZCsM4UuDKJbpKdfyQYWYEv0ozsWgUpN8idoHeR6FlP1z6FA6/WcmDdTCR3DZ6gH39dEJfiQkgShq6jqRnUVJpDm/pI9PdQOe04dWf0U92i4asMoASbcAWaUEJzMaRKho7tJRh8BsXdj/Do+CqhaRlsfxbSCSuxE8yjy+ejes4czli9GpfXSyaZRFNVEr29HN+2jd59+0AIIjNnUjNvHmFrCayDg4ODg4ODg4ODg4ODg4ODg8NEccTVk4y/pgaX10vX9u3sfeop/LW1NK5YQePKlaZPUFlGSBKNZ57J9JUrOfTqqwweOsSEPYMKcHskKpsUfJUyuiYQwoXbP4jCH5DTM0E+HwLXYegH0BNv0Lmjnc0Px9nyWBfJ9FGEpiMZBrIQ5rJTSQJdR9N1dMNAFwJDknDJLhoXeph3aTWzLzkDX91KXL5G1NgR4kdeID2wBVqShOoFigK+ADQtgWAYBgZBz0zMelUDwo2NNK9axbTlyxGShDcU4sj69XTv2IG/uppln/gELq+XWFcXacuPpYODg4ODg4ODg4ODg4ODg4ODw2RwxNVTgK+mhhnnn4/78supnjsXxe9HdruRZBksf3nuYJAZ55/P8R072PDTnyJRvvBoAMiCiukK4QYFl1fC0A1c3gyR6VHcwQxk9kHiKIbxIomB8+g99AF6uyWUqiNMX76DgY6DJHt7SScSZHSdjKaBroNhIAGyJOH1ePBWVVExo5XahfPwTGshOugnYxxBNn6PljyMlkpg4Kf/qAeXtw9JTuBy61Q0QfVsGOoDbWCCeQQaV6xg9hVXmMIvUL90KZUzZ5JJJnF5vRiaxq4//AHF76f5/PPLjMXBwcHBwcHBwcHBwcHBwcHBwWE0jrh6kjEMg3BjI/5IBElRcAeD6JkMajyOEAK35ftOSBK1ixZxxpVX0v7KK/QdOACZTFniowEIl6BqpgdvhYyQQZYzVEyL4gmrSC4dXDrJWJTOtSk2/fbP9HZsRkjV+KpqqFkwj8ZVK8Aw0HUdXdPQVBU9k0GSZWRFQXK5kCQJJAk1FiPZ28/uJ/5MItqL1z9Ey6oU9fMFvoiMnhFk0grR4wFkWSdQm0AJQ/NK6NwHyQGQysxfBpi2dCmzLr6Y+iVL7N9ktxstmSQ1MIA7EMDl99O4apXpczVnB2wHBwcHBwcHBwcHBwcHBwcHB4eJ4oirpwDF70fx++3vmVSKQ2+8QfToUVovuohwUxOSy4W3spKG5cuZ/8EPsv7HP0YdHEQYpTsmFQIUt6Bmtge3T0Z2afjDSYI1cWSPDjr0tkP7WoNdz6Y48NphUgNHcfmDBGpr8dfX4a2oQHG7cXm9uDwe022BYYCmkVFVtHQaNZEgo6ok+vtJdHUR7+omOTiArBgkez0MdflpXOqnsllBkiE55CXWm8HlzyAHVKavgJ1rYLCN8vyuCoHi9zPniiuYccEFeCsr7Z969+xh35o1pIaGWH7LLbiDQarOOAMhSbi83jIicXBwcHBwcHBwcHBwcHBwcHBwKIwjrp5khLXs3zAM+7MQgmNbtrB3zRrURIKlH/sY7mAQhCDc1MTCD3+Yw+vWcXTzZtRotCTrTgOQZIE/LBOZ4UbxCbyBJMHaGEpIRU1A737Y+wLsfBY6NoChg4SOGh2kNzpIz/59CMDlcuEOBFCCQVOYzG5olUqhDg2RHhpCy2TQMZf1S9afloZjb6WI9+vEe3Vazvn/2Tvv8Diqc/9/ZvtqterdsuSKZVyEjRsuYIyNgVASEoKJUwi5hBS45Afc3JuQenO5uYGbS0gjnYRQHAgBOwFMN8UBXHDvRZZsq9ddrbbv/P5YzTAazRYV25J9Ps+zz+7OzKlz5sw533nnPRnkVFixWM34vU7MrVGy7V4Kq2LklkHrAQj50rNelQHJZqN89mwmLV9O3qRJxCIRIsEgFrudoxs2sPuZZ8goKODCL3wByWTC5nL1qXeBQCAQCAQCgUAgEAgEAoFgKAhx9QyhFfhsmZlYs7LorK9n8+9+x6QVK9RX7y1OJyWzZjH7llvY+LOf0bJzJ3Ia7gFkwOQ0kTXGhivPgiMzTEaeD0degGAQWnbD5kfh0DvgbY43BK2oqV1AKxaJEOjqwt/VRUxbht4wWkFVi6k3H10nw/javbQfCTD16myKqhxgsuFrzcSeEcZd6qdwiszJ3RBIQ1yVASwWMgoLufCWWyiprsZkNtPd1ISvqYns8nIOv/463sZGyufNw5mXZ1jvAoFAIBAIBAKBQCAQCAQCwVAQ4uoIoXT6dCrnzWP/88/TcvAg3ro6TFYrJdXVlMyaxbQbbqD14EGCXV10HDmCNUV8MmDLNFF4nh1bJmSP8eEqDtDTKXNoPbz3CLQdh0hPvBEkkxwlzfdAfKIqYcxALBCj+WgIzyNtTLokk3EL3eRPsNLVlIWzIET+xCjuUpm2Y6njjALuMWOovvFGJl15Ja6CAk5u3szhV17B19zM+GXLiHq9TLzkEqZ//OMf1omwWhUIBAKBQCAQCAQCgUAgEAwj5u9973vfO9OZOBfRC31mq5XMoiLyJ00i1NWFp76e4++9R+uBA5RWV+PIzcVVWEi4u5vOY8cI+nxJhU5JgqwSG5MvzWTMBQGc2T4adkT44EnY/jdoPwbRAEhycmF1uJAAYhAJynS3RfG1RZDD4My1Y7NLWKwROmpitOwDkuQpAmSWlXHeypXM/8pXyB4zhs5jx9jxl79w6JVXcBcVYTKZKK2uZszcuWSPHYsjN7e3TiQhsAoEAoFAIBAIBAKBQCAQnKMEg8Fhj1NYrp4hDIU+SUICuhsa6Dh6lIYdO7A4nYzdsIHzr7+ewqoqpl53HSGvl93PPEPE50OKxfoJkTHA6jSTU26hZKqMHPFx8NUwh96Uqd0EXScGZ4U6VCTifl19zRHqA34CXVF62qOEvDYKJjnIKZfJyIvQ3drXLYFCFHDm5zPh0kuZccMNFEyZgmQycXLLFurefZfWAwdwOhzEwmFc+flYnU5ikUjfPAhhVSAQCAQCgUAgEAgEAoFAMEwIcfUMohX65FgMX3MzNW+9RUyS6Dx4EG9DA5bMTI69+SbnXXUVZpuN4hkzmHnTTfhaWqh55x0iXi/oBFYZcOaZyCkHk8nPkQ1Bdj8fo2FffMGoM3nSpd5P0BOlcV8Ab2OYng43VZdbsNitZI2J4m2V4wtW9YaRAVmSMLtcjFu8mOkf/zils2fTVVeHu6yM5r178dTVEfJ4qN+2DU97OzarFVtWFmMXLz5jZRUIBAKBQCAQCAQCgUAgEJzdCHF1hOAuKyN34kT8fj81776L5PPFRVOzGc/Jk0QjEdqPHsXqdFJcXc3if/s3/J2dNO3eTdjrRYrF+sTnzJaQpCj71vv54KkYAU/cBcBIOeEmQA7LeJsj7P5HJ/5OJ7kVEpkFZqDvgl2yyYTkdFI6fTpzb7uN0tmz6ThyhGNvv83sz3+ekNdL1O8nFo3S4/XSdfgwU5cto/iCC8iprDxDJRQIBAKBQCAQCAQCgUAgEJztCJ+rIwBZlgGwu90UjB+P9/Bh/O3tBIJBsFrJKihg6nXXsfX3v+fYhg3YHA4qliyhZOZMPHV1dNXXEw6F1Nf8TRLIEZnOEzFqt0QJ++LC6ul2A5AKxTWBBHiaInSdiNLTKhPpkePmqsR9rFqysqiYM4cV//3flM2Zw/GNG9n08MPUb9/OlGuuoeatt2jaswc5HCa3rIxpV1/Ngi99ibEXXYTFbj9zBRQIBAKBQCAQCAQCgUAgEIwYhM/VsxTFPYAtM5OyCy9k2Q9+QOuhQ3TW1dF57Bj+5mb87e1IsRj127fj93rJrqyksKqKBXfeSWZJCfuffx5PQwNW4kJq0BMj2C0RDZ2eBauGggTEgjL+jl4ftL3aagTIGjOGicuWceEtt1BSXU3L3r3sff55jm/fTul559FVW0tWURHzvvhFCqZMwVVQgLusjOyKCmwu1xkumUAgEAgEAoFAIBAIBAKB4GxGWK6OJCQJq8OBe8wYTBYLzpwcskpKcOTkEOrupu3AAZr276eroQGn283YBQvIHjsWV2EhVoeDnvZ2Al1dyLEYcgzk6MgXVhUkgBjEYr0+VoGCqVOZes01zLzxRioWLcLicLDvb3+LC8n19WRmZyPHYthcLtwlJWTk5eHIyaFkxgxsLpdYvEogEAgEAoFAIBAIBAKBQKAiLFfPBSQJk9lMqLubzro6Al1dmCwWDr/0Ep3HjhHu7ibo93PktdeY+elPY7HbKZw6FWduLo6sLPa98ALtBw4Q6uqKK5WjCBnAbMaakUHepElMvfZaJl1+OdkVFbQdOEDW2LE07d5N9/HjyIEA7UePEvT5KJo5E4vdjsVuZ+yCBZTOmoX5TBdGIBAIBAKBQCAQCAQCgUBw1iPE1RGEamkpSUgmE7X//Cf7163DIknEgJDXSywUwmQ203HkCN6TJ/GcPInN5aJo2jQu+trXKDr/fLb+4Q8c37yZQGcnhMPxKM9csVIiK99WK/bcXEqnTuWiO+9kzPz5BDo7OfjiizRt387sW2+lu7GRcHc3sWAQb0MD3sZGTuzZgzMvjynLlzPmwgsx22xntDwCgUAgEAgEAoFAIBAIBIJzAyGujlDKZs9mwVe+QmZ+Ppt/8xt6enqQFEvUaJSg30/Y5+Pktm3Ub9pE/oQJLPnGN5h4+eUUTpvGvueeY9eaNdTv2AHET/RIFFgV36oSUFpVxfkf/zgzP/Up3GVlNO/Zw5bf/Y5jb79N+UUX4W9vp7urC38ohNQbxiTLFE+YwIxVq5h+443kTpqEySKatUAgEAgEAoFAIBAIBAKB4NQjVKgRirn3df8LPvc58qdM4cSmTXQePUqwq4uQz0csGqVx504y8/KQLRb2vfwyMrD4nntwjxnDjFWrKJo2jZoNGzj84ou0HztG2O/HBJjOdOGAKHFh1WyxUDRxIpNWrmT80qWUVFfjLi3Fc+IEH/zxjxxcvx5bVhZjqqtp3r2bosmTKZgwgYy8PCSzGVd+PkVTp1I4bRpZY8cKYVUgEAgEAoFAIBAIBAKBQHDaEErUCMaWmUlBVRXu0lJKZsyIvxLv8xH2+/F3dhILh5FjMaRIhO6GBvavX0/RtGlUXXcdGQUFlF14ITmVlRRNncqJLVto3LGD9kOH8Le1ESMusioWoKcaZZGqGGCSJDLy8siZMIGS6mrK58yhbM4cbC4XsWiUQFcXh9avp+btt/HU15Nvs+E9cQKLy8XYuXNxFRfjzMvD7nbjzMvDVVSE1ekEsYCVQCAQCAQCgUAgEAgEAoHgNGL+3ve+970znQmBMbIsI5lM2FwussrLya6sxJaZiWQyYXU46Kytpe3QIToOHcLf0kIwECDS00PJjBkEPR7aDh4ko7CQysWLyZ88GXdRETaXC5PdDmYzciyGHI0Sk2VV/IThEVtlzbcMmMxmLBkZuMrKKKyqonLRIqquuYZpN9zA2AULCHR0cHLzZjpra3Hm5LDp17+mee9eYn4/UiSCv6MDs8WC2eUCwOZ0Ujh9OpnFxXEfq0JYFQgEAoFAIBAIBAKBQCAQJCEYDA57nMJydQSjLHAlyzKSJOFvb2f/2rXsXrMGX1MTruJivI2N+NvakKNRTLJM086ddBw7Rk9zM0deeYX8qirmfvGL5E6cSNG0aUz9+Mdp2rmTw+vXc/K992irqaGnq4twKASRCESjcWvYXsF10Pk2mcBsRrJYsNhsZLjd5FZWMnbhQiasWEFJdTXO/HzCfj8NH3zAuz/5Ce1HjzJ24UIKJk+m7cABIl4vkiwT8Hpp2rOHtgMHCAKZhYVUrVxJ4dSpOLKykEwjwdGBQCAQCAQCgUAgEAgEAoHgXEOIq6MARWR1l5QwaeVKwt3dbPn976nbuxc5HMYciyEB0ViM9vZ22urqKJo0iZwpU3j/iSdo3rOHi7/xDSoXL8aRnU35ggWUXHABoa4uOmpqaNi+nZNbttB+6BCeujp62tsJBYPESN+aVTnODFitVly5uWRVVJB/3nmUzppF6ezZ5E+ejC0zE4vDgdlmI9TdTf0HH7D+nntoPniQKVdeSeXChRzftImu9naCkUg8XVmGSIRoLEbFvHlMX7WKKVdfTVZFxYgRVuVolKDHgyM390xnRSBIm56WFjIKC890NgTnIBG/n3BPj/rfmpGBxek8gzkSCAQCgUAgEAgEgsEhxNVRhGQ2kztxIjM+9SkKp0+n5p13aNq2De+JE8jRKBmFhWRPnIhFkgh2dmKzWnGazdRt386up5/G5nJRsWgRFrsdi92OPTMTR24uuRMmMP7SSwl1d9PT2oq3oQFvYyO+1tb4Alrd3YR9PiKBANFIBGIxJJMJk9WK2WbDmpGBze3GkZODq6AAd3ExmaWlZOTnY8/KwpGTgyMnR3VpoOCpr2fvs8/SfOQIUjRKpLsbX1MTzpwcLvvWt/AcP053YyORQABHTg5F559P2axZFEyZgqukBJPZfAbPRl98zc3s+M1vmP/1rwuBAIiGQjRu2cLrd91F/fvvA1C2YAG2zEzaDx0CYNzy5Vx4xx0UzZwJkkQ0FKJm/Xpe+dd/xVNbS/7UqVz+y18yZuHCuOsHDWGfj71PPMHrd9/NpQ88wNRVq7C6XHQcPswb99zDkeefB6B41iwyCgvpqq2lp6WFcZddxqwvf5mxl1wyYoT5M0XY52PbL3/JrC9/mYyiojOdHcE5QsTvZ9uvfsWmBx6gYulSCqurCXm9HF63jsyyMq55/HGc+flnOpuCs4x070kzv/AFyubPP+fvDwKBQCAQCASCgSHE1VGGzeUib/Jk3GPGkDdxIh1LluBrbibi9wNgz84mGgrhra+n4/BhCAYJdXdz4t13qZg3jzFz56pClWQ2Y3O7sbndZI0dC0DY7yfQ2UmgszNuWdS7gFYkGCQWChGLRuOWpJKEZDZjtlrjYq3TidXlwuJwYM/KwlVUhCWJL9SQz0f74cPUbNhAxOfDIkl0Hj3KSbebwqlTySgspGT6dOwLF+LIzsbqcpFdUYGrsBCLw3F6KnsAtOzaxc5HHmHClVdSOm/eKUsnFokQ8nqRYzEAzHY7tszMYY0/0NGBIzcXkyV596BYnhkJIWabjTEXXcT4K65QJ7KX/u//Ur5oEdFgkM3/93+8+c1vsv+pp1j5q19x/k03xcMsWkR+VRWe2lqyKioonDGjn7AKYHW5GHvxxYy56CIqli7Fnp0NQH5VFVWf/KQqrs67+27OX70aORZj7xNP8PJXvsL+p5/mkv/5H+bdfXfKMp7NdB45wr6//IXCGTM47/rr0w43WItD78mTuIqLT3udxyIRIn5//DrR9EfRUMiwbRkxkGONCHV3E9X49bG53UOKb9Qiy2z/zW94/a67uPrPf2ba6tXqOVnw7//O7kcfxeJ0IkejBDo706qnaChEyOvFkZODNIIeuEH/tifHYsix2ICvgaH2y9r2J5lM2LOzzznxcCD3pMXf+x5z7rwzvfYky4S6u7E4nf3OzVDqPRoKEQ2FEt7fo6EQ/tZWMsvK0opvsOjHHCaLBXtWlvBzLxAIBAKBQKDj3FUWRjGSyYQtM5PS2bMpnT0bORajp7WVxu3badyxA29rKy1799K0fTsBrxcz4Kmro37rVopnziSnshJnfj5mi0UdIMuxGEGPh64TJ4iFw2QUFFAwZQo9bW1EQyHkaBSz3U5Gfn58otfVRcTvx2y34yoowGSxEOzupuPoUbobG8kuL+83+JZjsbh1bEsLnbW1nHj/fXxNTZhjMaLRKO11dYSCQbpbWsgsKqLy4ospnjGDgqqqM1DL6RP2+dj35JN4ams5tHYtxbNn958AyzI9LS28873vse3hh4G41YzJaqXz8GGKL7yQGTffzKSrr8Zst/dLo+vYMbb85Cfsf+op1dorFgpR88orAMy5884+YeVYjK6aGl69806OPP88maWlXPmHP1C5bFkfsSLs87HnscfY9vDDXP7LX5IzcSLPf+5zBLu64hMooKu2lvYDB9Q8a7dPW72ahd/+tnHFSJKhdbHZbmf6zTdT+/rrHHv1VT74xS8oX7SIrMrKAdR6YozSlEwmzvvYx6h97TV2/fGPbH3oIcYtX07JhRcOS5qjDTkaZf9f/0rbvn0cWruWyuXL1fNqRDQY5PA//sGWhx4i2NnJpGuvxeZ2q23QbLNx4e23M+maawwFiWgwyAe/+AXTVq+mYNq0/vmJxeg4dIjX775bFca1ba2npQWz3c645cuZ8fnPkzN+vNq/6C2esyoryZs8WRUxelpaKJ03j8sefFAVgSOBAFt/9jOmf/azuIqLk9aV9+RJ9j/1FHP+9V/jZeu9lt+//342/fjHAFTfeiuLvvtd3GVlar7CPh+7H32UbQ8/jD0nh/ErVmCy2Qh5vRx94QWyKiuZd9ddlC9ZkjT9s4nuhgYOPfccRdXVlM6d2+ceYXO7qVi6FMlkIhoK8da999KwaZPqtqKnpYWmbduADy3Sle2l8+Zx6QMP0H7wIC9+4Qs079hBUXU1V/7+9xRVV/fpjwMdHWz63/+lcetWLvvJT8idNInOI0dOS9sLeb2896MfMeu22wz7u1gk0sf6PrO0lBW/+AVl8+bxwhe+MOB+OeT18t7//A+7HnmEqTfdREZREZ2HD3Ni40auW7OGwpkzh+nMjhKS3ZM+9zlqXn6Zug0b2P3oo0z8yEfImzKlX99kc7spuuACrL19SdjvJ9LTwzWPP07elCkAadW79u2LkNdL3pQpZGvaRKr7a/fJk2z9+c9Z8p//ibV3oU8tsUiEhk2bePkrX6F5xw4ceXkUVVcT8ftp3bOH8kWLmPaZzzD5uuv6h5dlmnfuZPP//R/HXnmFSddeS/b48QC07NhB0/btTP/c55h1223Ys7Px1tez8fvfZ8dvfwvARd/8JvPuuUd1kxTo6GDLQw+x8fvfB2DGzTez5L/+q09/KRAIBAKBQDDaEeLqWYBkMhEJBGjdv5+dTzxBS3193LIsEsFkt2O2b4RS3gAAIABJREFUWjHZbNRv2YLJZGL8smWMmTePjIICLA4HkslELBql49gx9jz1FHIsxrhLLsGZm0vdxo1Eg0HCgQDOnBzGLlxIsKuLln378DY04MjJYdySJbiKiuiqrWXv3/5GJBCgdNasPhNaORYj7PfTfugQtW+/TdOuXXQ3NlI0ZQrtFgv+nh6isRjdXV1EDh7ElpGBxW43FBpHGq179lDz0ksAHHz2Wc7/1Kf6C0iSREZREeWLFqni6qX/+7+UL1zIsdde4/nPfpYj//hHf4tKWebgs8/y2l13AXD1Y49Reeml6oRk3j338P799/PcJz5B1Q03sPxnP8NVXIxkMpFZVoa7vByAjKIicsaP72cFZnW5KJg+HVdJiToxvOC225h83XWqQPDPH/yAt7/znQ/zvGgRAMHOTo72lnugOHJyyJk4EV59lZP//CeeEyeGTVxNhNXlImfCBCAu8rTv33/OiqueujqOvfwyEG+z0z/7WSovu8zwWF9TE6/ecQf7n36aC++4g4vvuw+b263un//1r7Pnsceoeeklxq9caWjF2nH4MIeeew6TxcLi7363nwArmUzkTZlC2fz5qsClbWvIMg1btvDqHXew5aGHmP/1rzPv7ruxOJ39LJ4nXHFFHyE1Ggxy8Lnn+qQXDQZp2LQJORZLasEci0TY9cgjeGpriQSDWDMy1Gu5eNYs9biKSy7BPWaM+r/9wIG4yLdzJwu/9S3m3Hlnn77som98g/cfeIC6DRvOKXE15PUS6Oig8+hRGrduJe+88/qIK0q/GfH7qbj0UpY/9JBab3sff5y/f/rTwIcW6fDh+TVZLGSPG4erpAR27MBVUkL2uHH9zq0jN5eC88/H39ZGdmUlJovltLU9s81GoL2dv69ezcpf/7rffcJksZBfVaXmpXDmTMZefDEwiH5Zltn5hz+w65FH4veNZcvU8hx87rlRcW89nThyc8mbMoW6DRto3rGDntZW8qZM6dc35UyYwJW//a16v0SWOf7WWx9apKZZ78rbFzkTJtC8Y0c/ITXV/bX29dfZ8dvfMvGqqwz7bpPFQvGsWZQtWEDzjh2Uzp0bd7mRl0ftG2/wwi238PfVq5l9++1cev/9apuNRSJsfvBB/vmDH1A0cyY3vvJK33baez1s/P73Oe+jH8Wek4N7zBgqLrlEFVcnXHVVH//zjtxcxq1YoYqr45Yv79NfCgQCgUAgEJwNCHH1LMFdVsYFN9/MxJUrObl5M8fffZe2/fuJRSKUXHABlUuW4MzNpbu5meY9e2jevZuKxYspqa4mo7AQs8VC0fnnc3zsWORYDEduLp21tRx88UVm33wzktlM8549HHz+eXzNzZTOmkX22LF01tayb+1aqj/9adprauhpb8eemUmgqwtnbq464Qj39NB++DBNu3eTWVpK+fz5uMeMwWQy0bx3L60HDhD2+3EVFFBQVUXuhAnY3G6sI9AFgJZoMMj+p56i8rLLOLR2LW379nF43Tryq6rSe6VQkiidO5cxixZx4K9/pWb9eqZ/5jPqq34n/vlPXrvrLjy1tVzxm9/0EVYBLE4ns778ZRo/+ID9Tz+Ns7CQS++/39CSJR0kk4mi6uq0Xl205+SQO3HioNKRZRk5Gh1U2EEjy3G3Fuc6ssyhXv+W+VOn0rZvH/uffpoxCxf2E0bDPh9vf/vb7H/6aSZ+5CNc9M1v9hFWIW71Ne3Tn04oUMrRKPv+8hf12pi2evWHwkS69F4nS3/0I/7xuc/x9re/jc3tZs6//mtKyyez3U754sV9jgv7fPhbW9n28MOMWbCAsZdcYhi2/v332fG735FfVUXE74+LqynwNTby+t13c2LjRqpvvZXZX/1qPyHL6nIx5847ObxuXRqFP3uwOBxYXS5CXi8vfelLtO7Zw4L/+I9+bQpJonD69LQEQLPdTuH06afOAm6Y2x7AiY0b+fvq1az4xS8oX7gwZTyD6ZcDnZ0ce+UVrJmZZBQU9CnPuBUrzk23FEmIRSKqu5PM0tL03Q9JEkUXXEAsHAYYtnq35+QkfPjX3dDAvjVrCHm9CfvuZPktX7yYKddfz+YHH+TgM88w4+ab42nJMvvWrGHD179OZmkpi//zPw0fFJfOncuFd9yRXnoCgUAgEAgE5wjnltOtsxiTxYLN7SZ3wgQmXX4582+/neU//CErfvQj5n75y4xbupSyOXMYf+mlTL/xRqZefz0FVVUfinCShNlmU62znPn5BDweAl4vktmM1ekkGgzSvG8fbUeOYHY4yBk3Dkd2Nm1HjuA5eRKTyYS7tBRbVhbtR44Q9HhUMcvSe/z4Sy+l8uKLKZw+nawxY8gsK6N8/nymfuxjzLjxRiZfdRXF1dW4ioqwuVwjzoeeno7Dh+k8epQF//EfjFu+HIBDa9fiqatLOw6T1YojJyf+22LBZLUCcQFo5+9+h6e2lrL58+PxG0zCM4qKmHjVVQDs+fOfqX/vvUGXx5Gbq1p3pkPJnDmDSqerpoYTGzcCMGbhQrJ6LWxPJd2NjZzsTTOztJS8Ee5u4lTR3djI8Tff5KJ772XcihUAHF63jpZdu/odW//ee+xbswaASddcE7cKNMBst1OZoH1qrWSbd+yIWwfK8qDyXjpvHhOuuAKAfU8+SdexY2mFc48Z00csCXo8+Nva8NTWsvnBB/E1NfULE+joYOtDD+GprcXX2Ii/tTWttI48/7xqAVl1ww0JH3Q4cnMZo1hHniO4y8uZ/NGPAnEr1nf/+79Zc9llHHv1VdWnI8TvF0buIxJRMG3aKffFPVxtT6F5xw7+vno1B599NuX1MJh+WY7F4m4GDh3izXvvpemDD9R0bJmZQlzV4amro3HLFiDuZmEg9W3PzsbZK6QOZ73nTppkuL3+3Xc59uqrQOK+OxlmqxVbrxuJ7oYGIoFA/HdjI7v/9CcAKpcvj7vuSEDZggVi4TmBQCAQCAQCDUJcPUuQZRlJkjBbrTh7rT/HzJtH+YIFFFRVkVFQgD07m8ySEgqqqiiaPp3MkpIPJ32yTCQQiPtRtdlwFRTgKiwkf+JEvPX1NO/ZQ3dzM0gSYZ8PZBl772JYQY+Hpl27CHZ1gSzjb22lbuNGetraVGsOk8WCIyeH7IoK3KWl2N1uJLNZXeQhq7ycrIoKMktKsLlco8MPlyxT89JLlC9eTP7UqXELJeLWbsdefTVtAclTW0vD5s0AjLv8cpx5eUB80qNMmgpnzCAjiW/IgunTgbhgcfzttwctXp0OvCdO8N6PfkTbvn3Y3G5mf/WrZFVUDCouX1MTPWmIXoGODrb+9KfqhPTCO++kqLp6UGmOdurffRf32LEUTp9ORa/FZndDA4fWriUWifQ5tmHTJkJeL/BhG0uEoYjU69Zi3OWXM/2znwVg/1NPpS1M6bE4nerr+PXvv0/9pk0pw/RoFvxT8Le1qdfWobVr2fXHP/Ytuyxz4K9/Zf/TTwPQefQogY6OPnFkjRvXL61IIEDjBx8AUFRdnbJdJxJPzlYks5kLb7+dJT/4gWqt2rB5M89efz1vffOb9LS0nOEcJma42p7C+TfdRNUnPsHzN9/MB7/4Rb9rb6jY3G61jzvyj3/wxNKlvPmNbxBobx/WdEY7ik/Vd++7j7Z9+8ibMoU5X/tan9fak6FYwSsMV70n6iMDHR3qQpD5U6fS3dDAnscf77NgXipC3d10Hj0K9H246amtVRf7yps8ub9FuQatoCwQCAQCgUAgEOLqWYOkXzxKlpF7BTbtb/V4kwmTxRJ/zVCWiYbDeOrrCfp8SGYzjuxsssvLmbB0KSaLhc7aWoIeD4VTpmCyWIgEg8Si0XgcZnPc4tXlwp6ZSTgQoO3IkbjV6gBEUm0Z9OUZiXjr6zn+9tuMX7kSyWRi/MqV5E+dCsQFpO7GxqThY+EwNS+9xCt33EHzjh0s/Na3uODWW1VrXX9rK+0HDwJxUSJZnTjz8ymcMQOIv5asWKKMJKKBANt//WseW7yYPX/+M+VLlnDN448zddWqUyamy7EYB//2N9Zcdhnv/c//UDhjBlf+/vfM/drXTvuq9SOBoMfD4b//ncnXXovZbqfsootUi+uDzz6rLpADcb+XXbW1QFzcH4yVknKNTL3xRiZfdx0QF6YOrVs36AcA2tWzu3oFAi2+piaOv/02dRs2cHjdOrb/+tf9jvEcO0b5kiXq9brt4YdVq2aAtv372f2nP1H1yU8C8YcWPc3NKfMW9vnoPHIEgIzCQhy9D0oEH2JxOll47718asMGxl9+OYC60NMz11xD2759ZziHiRmOtqfGlZXFwu98h8sefJA3v/lN3r3vvoRC7GAw22zMvesuqm64Afiwjp+64op+lsLnLLEYR198kTUrVrD3ySe55Ic/ZPVbb6l+bo0I9/TQuGULdRs2UPvaa7x///3429rU/YOtd8/x49Rt2EDdhg3sW7MmbtFsQMPmzVhdLqZ84hPqmweH1q5N23o14vezb80aDj33XL+Hm51HjqgP04biA71l5061LMqnZefOQccnEAgEAoFAMBoQ4upZiMlkwmQyqWJcTDeY1wutsiwT6emhZfdugl4vMnFRymK3M+6SS6hYtIjssWNxFxeri1cFPR58LS1Ew2Eyi4qYsGwZEy67jIolSyieOZOs8nLcJSVY0vCZp8/PaKFm/XqyKipU67PcSZPUyc6xV1+l7vXXk4Y3Wa2MX7mS6599lllf/jL//K//4qkrrhjR4sJQMDscXHDbbXz52DH+XZZZ/dZb8dXl0/AjOFgkk4nzrr+emz/4gH+XZW7ZuZOZt9xyzi7m0rh5M6HubopnzwYgs6SECVdeCaD6RB1OX7g169eTO3EiuZMm9RFyj/zjHykfPgwHgY6OuKW9Dk9dHdNWr2bu//t/8f8a9wARv58PfvlLJl13HVNvvFEN09ErmgqGAUmiePZsPva3v3HpAw+oFnL177/P+/ffb3jORhuJ2p4Ws9XKzFtu4SN//CM7H3mE1++5Z1gtS13FxVz95z/3Wcm+YfNm/rJiBe8/8MCwW8uOOkwmJlxxhWpVv+1Xv+LEO++k/eAnEggYWlsPtd67GxoMjwn7fOz/y1+YdO21OPPzmXzttdjcbjy1tRxKo++O+P1sfvBB1n/xi4xdsoTPbtrE+TfdNDreFBIIBAKBQCAY4Zx7plvnIGaN31IjIVOOxYhGo1hdLoqqqjCbTHTU1JA7fjzthw9T12vRNW7pUtxlZUy87DLaDh3Cc+IErsJCJi5fjjM3F7PdHl+QatIkQj4fJrM5PknRDNy16Svi72iwUtUT6OjgyPPP03XsGM9ce626XTvROvDMM/1WzTXC5nZz/urV7HnsMVVcWPHzn+MsKCDvvPNo3LoVORpNKkJrX3N29bp7GInWq8NNRmGh8PuWJtFgkEO9/vnWrVqlbg96POrvQ2vXMnXVKrLHj8fidJLda73UsmsXPc3N5CfxUxvo6CAaDKp+WXuamzm6fj3z/+3fMNvtqpB77NVXOfbqqxx94QVmfuELAy5HqLtb/Z1t4BfRVVzM2CVL1AVePMeP962HUIielhYKpk1j7NKlnHjnHXY/+iiH1q6l7KKLyJkwge6TJ1n4rW/RVVODze2OW662tCBHo0n9QFtdLnJ6F3nzNTXhb2sjo7Aw4fHekyexZWZiz84eUB2MVmKRCLFwWD03VpeLeXffTeWyZbz5jW9Q8/LLtOzaRXdDw4h0mTDUtmeIJHHexz5GRnExr3z1q7z0pS8NekFCI8x2O+d/6lNULlvGW/fey84//AGAA08/zZSPf3xE1vPpRDKbmXzttex+9FE8tbW89a1vkTtpEoUzZxoeb83IoGTOHFU0LV+0iGgo1O+4gdZ71tixVCxdCkDF0qV93iJQaNy6lbDPp1rWFs+ezbjlyzn47LMc+OtfmXrjjUl9FVucTs6/6SYOr1vHkRdewOpysfxnP8PV63IoZ+JEtb/rPHq03/hNixyN0nH4sOHihIUzZ1Ku8yet+JIXCAQCgUAgOFsRlqvnGJIk9RMzJbMZu9tN6QUXMOUjH6Fy8WLcpaVIJhMZBQVULFrE+GXLKJgyBYvDwZg5cxi/dCmVixdTNmcOxTNmYLbZkCQJV1ERpbNmMXbBAsx2O3o5cDQLqloaNm9GMptZ9dprfPKll9TPjS+/rC56cuzVV1VfqqnIKChQF9BQFpjILC1VX/Vv2bWLHoNFdxRad+8G4kLt2CVLQJKwOJ24x4wB4gJ6InFWjkaxud0j4jV5a0YG2b2+LLvr65P6YPQ1NRGLRLD3LswhSE77gQO0HzjAJ198sU+bven117ngttuA/v6CS+fNU60KG7duTRp/6969dNbUqP9PvPMOLbt28fa3v81TK1fy1BVXcPgf/1BflT+0bl1ar9prifj9NG3bBkDZ/PmUzZuXMoziC9bf2kosHCYaDNLT2oojPx97Vhbz7r5bdQ/w7n338da99zL79ttxFRf3WUjI39JCJIVfQ4vDQUmvVXDLrl109Lr1SETjli34ToMF70ihbe9eWvfs6bux14p14Xe+k9THYzpo+w85Gk34CnYsGsWakTGgBROHo+0lRJIoX7SIax5/nO76enb98Y9p5ysRYZ8vvphSL66SEq747W+5ds0aMktLaT94MO1F2s52CmfMUN2WtO3bx9af/zxt62nF92jY5yPk9Q5bvSvia3d9PRB/OHbgmWfoqq1l3apVPLVyJetWraK7oUHNdzpvHmRVVDCu1x3H/qefZtcf/qCGyaqspGz+fABa9+zp8+BNT6CjI+7fXSAQCAQCgUAACHH1nEcR3Mw2G878/PiCU2Vl2DIzkUwmHNnZ5E6cSE5lJfasLCSTCWd+PnmTJlFQVUVORQWO7Gz11W6Lw4EzLw9XUZE6ce3n73WUC6thn499Tz7JhCuu6GeV6szPV10DhLxe9j35ZFqTNF9TE807dgCoQqfV5WLmv/wLWZWVSRfJ6mlu5sgLLwAw7TOfoWzBAnWfsrBGy65dtO3d2z9hWaZxyxbyp07t40/wTGFxOplw5ZXY3G5adu3iRILFuWKRSHwxsSVLVKsbQWLkaJT9f/0rpfPm9VtkyeJ0qr4voa+/4LIFC5j2mc8AcPjvf8d78qRh/LFIhKMvvKCKWYGODvY89hiX/Pd/9xFyP/nii0z79Kfj8a1bF38FdwA0bNrE0fXrAZh6002qkJYMyWQi3NND07ZtmKxWIoEA0WCQjN7FWApnzFDdA4S8XqpuuEG1DHMWFKiWuJ7jx9PyiTnx6qtVoebAM88kFCiCHo+6wNq5Quu+fRx/6y3Da9qZn0/2uHEUzphBZmnpoOK3OJ2qJV3rnj10acR+hWgwSOPWrRRMmzaglduHo+2lomDaNK55/HEmfuQjaecrEd0NDRx77bU+YptkMjHxqquoXL58SPV8tmG225n+mc+ofkZ3/Pa37H3iifTcA/Q+sG7YvBk5Fhu2epfMZnyNjar1c/OOHTTv2MG1TzzRp0+99oknVEH00Nq1eOrqUsY7bfVqdWyw7de/5uR77wFxNzEzPv95bG43NS+9pC5uZUTjBx+cUw+GBAKBQCAQCFIhxNVzHCNLVi0mqzVu0ShJfURSi8OBzeWKW6cmmIAocY92MVVP6549dNbUULlsWf+dksS45cvJnTwZgJqXXkpp8dfT0sKuRx4B4pYjF95+u/qacPnChVz2f/9HVmUl/7zvPmrfeKPPhC/i97Pt4Yc5vG4dVTfcwKLvfKfPK6WVl13GrK98BYDdjz7aTxxr2LKF2tdfZ/pnPjMgK660kOX4omYDZNzy5Vx4xx0AhmWORSLs/tOfaNu3j9lf/Wq/fA8mzbMdT10dx996i0lXX214nssWLFBfSdX6C7a6XCz6zneouuEG6t54g43f/34/n5ByLMa+NWto27dPtbZq2LyZsM9H2UUX9TnWbLerfgIB9jz2GIGOjtQFkGUaNm9mw7//O4H2dpb+6EfM+tKX0vIVGPb5eP+BB9T//rY2oqHQh1aSksSUT3yCqhtuoGz+fKr/5V9UK26L00nW2LFAfKE4rcVZIgsxV3ExS3/0I8oXLWL3o4+y5cEH+4my0WCQbb/4BXIshrt3pe5zhS0//SlHNEI8xK/pQ2vXEvR4mHHzzUN6Lf78T32KydddR3dDA7v++Ed1gR4AZJljr75KT1MTkzTuXJIyjG2vT7QJXL1kVVZy9aOPUn3rrUSDwQGtAq+P//DatdS9+Waf/tN74gQtO3cy+aMfPefaXrJ7UtEFFzD7q19V+4V/3ndf/EFAqihjMY688AJ1GzZgy8wctnrvaWnh3R/+EKvTqV4fYy++uN/DMa0lav3778cXwkohCueddx7zv/511V/rpgcewNfUBJJE1Sc/ycJvfxuAd77zHcPxS8vu3bz3wx/G35IRCAQCgUAgEADC56ogDZKJo2ebcJqMWCRC07ZtvP3tb9PT3Izn+HGyKiv7LMgUi0TwNTWpPti6Gxp49777MDscZJWXc0KzIvkb99yDxemkeccOsisrmXvXXVx4xx19LaIkifOuv57i2bPZ+tOfsv7WWymbP5/C6mpioRA1r7wCwEf/+lcmXX11v4WarC4Xl95/P3nnnce2hx/msUWLqLrhBpwFBXTV1BANhVjx858bWmHJsRgdhw71sV45/uabFE6fntJHZDQUonHLFmp6Lb0Ajr3yCvlVVTjz8pIKE1aXi8Xf/z7lixez6cc/5m8f/SiVl11G6dy5yNEotW+8wZiLLmLlr3/dx59lLBKh4/Bh9j/1lLqt7s03Kb/4YtxjxpzShbNGKnIsRueRI7zz3e/S9MEHdNXWUjx7dh8XEHIsRk9zcx8B8P0HHsCRn0/lsmXq4ixVN97Itocf5pHZs9U2FPJ6OblxI+NWrODK3/0OW1YWDZs3s/nHPwZJigtbJSXq+Y5FIsQiEWyZmYS8Xg4++yz555/P7K98hZDH06etvXHPParLh56WFsx2OxOvvppr16yJ+4LtjTMaCnFy40ba9u8H4Oj69XQeOYJkMiHHYrQfOoQ9K4uqG2/E39bGvjVr6KqpwdfUhKukJG6hn5vL/K9/ndrXX//wWpBlepqa1Ndum3fsYO+TTzL79tshGmXfmjVqXuvefJOxvT6pkSTypkzhky+9xO5HH2X3n/7EgWeeYVKvqBxoa6N+0yamrlrFsq99TfXPeS4w8aqr8NTW8vJXv0rhjBmM6RXfT777LmarlY8/9xxFF1zQN5As462vj4tVvZzobXMZhYX9+hJXcTFX/Pa3FEyfzp7HHuPEO++odd+yaxdZFRUs/9nP1L7DqJ8b7rY3ddWq+P1j+3aat28H4g8gmrZto3Tu3H4WtI68PC578EG2/vSnfcXhBPk16pezKiqYcsMNfe4ZIa+XujfeYMbnP88FX/zi8D9QG8GkuieZLBbm3X03ZfPmsfORR6jbsIH1t93GJffdp749AtB59Cgv3nor1t7rtqelhaZt2/jIn/6EZDanXe9hn4/jb70V920K7Hn8cdWSPxoO07xjByWzZ2PLzmbfmjXsefxxpq1eTcjn6+MKJxII9OnPt/z0p3HBdcUKWvfsob7XKrVt/35ObtzI+CuuwGyzMXXVKmxuN9t++UtqX3+dt775TS66916yx41j/j33MP7yy9ny0EM8c801VCxdSmF1NXI0SuPWrdjcbpb/9Kdxt0UG1+fRF16g4Pzz1Td7Ah0dHOsdq0D8AZ62vxQIBAKBQCA4G5Dk0bpUu0BwDhKLRAh5varVl9luT/t1fjkWI9jVpYa1ZmSMCmEn1N2tWm9JJtOI8Q97rhLx+wn39ABn2fmQZUI+3ylxj6Fvw3aNK5VzEX1fNJB+bCDo+0ub2z0gVwBnmlgkArI8pMWAtHVwVl2vI5yzpd7119BoGTcIBAKBQCAQJMOTxLf8YBHiqkAgEAgEAoFAIBAIBAKBQCA46zkV4uq5azojEAgEAoFAIBAIBAKBQCAQCARDQIirAoFAIBAIBAKBQCAQCAQCgUAwCIS4KhAIBAKBQCAQCAQCgUAgEAgEg0CIqwKBQCAQCAQCgUAgEAgEAoFAMAiEuCoQCAQCgUAgEAgEAoFAIBAIBINAiKsCgUAgEAgEAoFAIBAIBAKBQDAIhLgqEAgEAoFAIBAIBAKBQCAQCASDQIirAoFAIBAIBAKBQCAQCAQCgUAwCCxnOgNnGw9MnZpwnyzLw56eJEkJ45YkKa00jY5Rtum/ld9G/7XHavfHYrF+cek/ifbr4zOZTOrHbDZjMpn61EE0GiUajRIOh4lGownT0NePxWLBarVis9mwWq1q/Eoa2jBGJNo+3ChlUcoZiUQIhUKEQiHC4TCRSEStE0mS+vwerjwmiudUtO+BIMuyWmbt+dOeR2W/grbtnOpzmCz+ZPtisRixWEw957FYjHA4TDAYJBQKEYlE+oSXJIlfBgL94rlv4sR+24yuM/21EovFBnT9a8Mm25aovaRqR0Z1pS9/uvu021LtS3Qdaa8zbdtKJ+/p9CeDbZf6c2K0P1Xa6YRNdv9IF6O2obQ77TVq1NaSxaHfnyqvRsfo/6dTPwM9f4M9x+m2e4VU5yVRPzjUvl0b5/2trX32/XjatCHFPVjO9P1qJHAq6iCd/luWZXw+H62trYTD4X79ZqLr1Gw29xkDWSwWCgoKyMrK6tc/G93n9deLdlyppKH8DgaDBAIBApp7qbJfG047RlS2R6NRTCYTdrsdq9UKkkSsd1ui8sViMaxWK2azmWg0Sk9PD16vF5/P169MSt9oMpnUMZ+2fEq+srKyyMnJ6RMuEomAJIFBP6eMNZRPJBIhEomo+6xWK06nU61/WZZxOBxYLBZ6enpoaWkhGAySl5dHYWEhNpuNQCBANBrFZrOpeVXOpdVqxe/309LSQnt7OwA2m02tg1gshiRJan7OO+88JEniyJEjyLKsjtuV8losFiwWi1oPZrNZPQfBYBDeOHMmAAAgAElEQVSPx0MoFMJkMmGxWDCZTGo5AH7Y1NSnTn44ebJhO9R/K+dD/618tGOoRPchfdvUjyuUb6W9KR/tuEMfTrtNm0aib/3vdEk2HtCPKbV1pP8diUSIxWKEQiH1/GuPO1UMJe5U4yyFwY7/08Goz0sUr9G51m5LZ2yVKO504lL2K7qAUTrJ4lL67VTzCG04/TjSKM5EeUmmsaRKX3tdauNT/uvTVfJqNpv7bH+wqytxAQUjEiGujiKSdQ5GDKTzSRY2kUCS7HcqwUa5oRrlM9G3XuDQD6a1ndXpEjsFIxOjAaV+f7L/Q0lX8CHpPuAZCIkEoKHGp4/XaHKiJ1U7O9Mkq/+h5Neoz9UPvJP9T4a+v9dvMzo2nfiGg5Fyjgf6AGGw8Q4HI6XOBCMHfZ+abp+eqk/pMwFXjkszH9qxqiK+Aar4pkx4tUKP8tBT/zDebDarIlEkElFFU2262jQlScJisRCJRAiHw1gsFjIzM7HZbLhcLjo7O9V86POsxKvsN5lMqiBl1IciSUiAjPHYWhEEtA/mlbgjkQjBYBCLxaLmPRgMEo1GycjIoKKigs7OTjo7O/F4PBQUFJCXl6eKrKZecRwgGotBOIzNZqO8vBy3201TU5MqrCnioSzLhMNhMjMzsdvt+Hw+9YGykiet4KLUiSKcKuKu2WwmJyeHYDCIz+cjGAz2EbONxJ50+65EYuVg7j36eU064xD99SPHN562vncg9/dUom+689t0Ge7xohHplD+ZcGjU9oyOM/qvxJ0qD0ZjKaOxr75vSoWRaKhNM5mGkKhsybSLZMJqqraT7Bzo0Y+pEo3z9eU1KlOyOWiifOr7Y8HoQoiro4x0xNSB7Eunc0okjqYjqA5UdE1VjkTiqr6DSxZ+uMUewcgl0aB3sPHA0Cz+RkI4hWSDFO0xA8nHaL22kgmsqYTVZMdojz1ddZNIJNYfk4iBiBx6kTXdftgoTaOBryRJqkigTUd7/EBF24HmxahdnEmSndt02+HpumZHSp0J+nOm+mql/Wmt6wYSFvr2O3phQm3fGjHR6Po16qu0x5jNZhwOB5FIhJ6enj5viOhFS0mSVHFVkiTVmlLZp4idWqtDfV60Yqgsf2iZqxUVvV6vKjxCXFBV4tdahIbDYTVP/fqzJPWrCLPab20c2rpW3pxSxEkljezsbJxOJ11dXbS1tdHT00Nubi4ul0sVowFMvaKtInzm5eXhdrtpa2ujra2NSCSCxWJR8+F2uzGbzfT09KgishJeKbv2o7VMjUaj6ptpTqcTs9lMIBBQ3/5RypkOyYQSpd70YqG+rWjPuzZ8MkFntPSlye7N+vJp68vo+tR/UtXBUMaxQ2WgYzx9XaQzdkqWhlFdp2p7icZd6czHk4mX6WoRic6pvg0lqw8t2rcK9IKxUZ4SjaUGO29MJMIqbV3pQ/XnRd8PGMUnGF0IcfU0MFwdu5EQmujpRzpPbZJ1oEZCqH6fdrvWCjUdEdUozkR50w8wjDowo+2pbkRnm9B6ugYQo43B3ChTCfTDma9THUZLOv1Com36fAy2vWkHfaejzSYbYCY6LpVoZdTXJJt0jXQGmk/9fSeZcJEojNHx6V53ejE8kbhrNNhP1e5SDcJTkUz8THX8YI8xSjNRGRO17eG+FkdL2xeMThRRUdt3pGrDyR486QVbk8mkvgavvLKsuJzS9vnaMbAiNkqSpIp7WiFUiV8RB/UTbJPJBFJcGFZFyN58KKKlz+frY72p5EFrgam8hq+IvFqrV30dav70sXbUCqxAH/FR66ZIQUlblmWsVisFBQX09PTQ1dVFU1MTDoeDgoIC7HY7shy3RlXyEA6H1bQKCwtxuVy0trbi8/nUunE4HJjNZoLBoFoW/T1Bea1cyYfWHZTiKsxqtfb5aOvSqI0lunckGlOkEkVTiWj6MOkIiv2OkeX4+Rwg6YpYA7l/JrsPyRgbzGjDpiPGjVSSiefaBxXp1u9g7tHpCJip4k7WZvXny4hkwqU2nLa+tOM67TajazJZesr/ZEK/Pl+prttk8RiVUfutdxEiODsR4uopZqgXj9GkM11RMtGxiY5J9p1KMDUSWo32JcuHlnQmk9oO61zupBKJFUMZhJzuAcxg00skhOhvkIMRWI3iTUd0HC2kesCRiGT1cCqE09N1fScSUNMV/Aay73SQzqBXf1yybVpSCRpG4dMVQfSCg35Cm27flo7QapSfUyU2GnEq29aZui+e6XY/XAymHGdqHDJaxj+JrrWB1LX++h+IuKrPixJGiVNv+aQImzabTRUbAVXES/RQSNmnCI5ay0ittaXWklXJS6zXGlXrJ1VJw263q35Ee3p68Pv9qsCphFEsAZ1OJzabrU8d6SpAqcC+3xq0LgKUeBQRUymfIihr86rUp91up6SkBJ/PR3t7O36/n9zcXLKyslTXAloBVymLy+XC4XDg8Xhobm4mEolgs9nUNI3ai5K2VlxV3DtYrVYkSerjx1OpR4fDQTAYpLu726iZpBRqEo0btL8TtZNUIlGqvKQbbiikEpkGM4ZU44ZBCayDId0xzVBI1AelO0bS7zOq61Tjk2T79eH1/W+ivtlIHE0Wd6IwieLR6wTaflgfn7YvSpR/ozaUKj/DgdGcM1E5UrWTRH2GYHQgxNVTyFA664GIpom2JxM009mn7fDS2ab/nSi9ZPk3ItHEeCBPl4ziS/cmONo4U8LqmRa5E+V7KMJqqoH1aCRZ/vXXcirSFZyHKrjqww60jRsNSvWDrUQDQyWsfr9R33OqBm0DIdUETHsu0hk0DzTtVMJ7quOUPKYT76lsf4Npr8NVn0MVVgfCcPZn5/pE4HRM4M8WBuMWAIwf2Cc9Hvq8Cq/tC5RPLBYDScLaa22qHKcsoKX4GrVardjtdkwmk7qAqL4fVRbAkiRJfa09Fov1WWhJK7zqBVaT2Yys8ZmqF1nNZrPqKsBut9Pd3U0wGOzzOr/ZbMZmsyXtjxRhS4++39P6XlXyofiSVYROWZZV61NZ/vCVfKXcTqeTsrIyPB4PbW1teDweCgsLcbvdqkCrpKn1O5uVlYXD4cDv92Oz2fD7/QSDQdU6WPsKvlH7UHzfKharigisX6RLWZTLqC4SkUj80AvFyQQVI6E21T1koNfMYESaZAJaov8DmW8m259ofJVO/obCYOaSieIxqvMB9VkJzpm2P9Dn0WhMpw+b7HeiMXA658OoXWvzYxRHovqWZbmfuGp0vD7vqY41Ot7ouETzn3TGdonqKR2tQZvuuT6OOhsQ4uop4lQKq4mOH6qwanQDTEdc1W9PlpdE5UqnM0mU13Q4G0Sx4eZ0DFAUzkTdGz1F1H4nEmvSifd0k2pwMxIZjddcImFVu1/PYCYvp5pUg+xEQvBwnLN0BVaj7foBZrK4jCYWqfI0GtrkYAWnRJOPdOpPMHoZbedRmTzrRadUk3d9v6xnINeNvn9RhMKoxaJah2rzprzyb7FY+giXkiSpYZVjZTm+yJNWPNYKrIpvVu1K6MpK9+oiThorWf3DPeUVf6vVSk5ODhkZGXi9Xrxeb5/4lDz2m0/0rQh9JYL8oRWvfmEsxdoU6PMqfTgc7rNdEViVfWazWXUVoPhVPX78ONnZ2RQWFuJ0OlVRVak3pZw2m021HFaEZKUNWa1W9fwYtRHtKvSKqwRFMFfi0LqASIRR29O3XaWulfOm9QM7UBKJW0bilz5/yRiKcJNqfpnof6r4jIRVowcv2npPNr5IxkDmJ6n6G+1xqcpsdL4SCZna9JKJgPp86cdQycqjj0/bHyfKq9EcREkvUdzJxNVUedKXL5HYqa+/wYiyycTPZG1qoPcwo75DHzZZngSjByGuDjNaH0RaUl0wA72gkomiRscYhUlHdFUGLalEWKP0U5UnXUE1Uael3Z7uYFs/UNWGN6oHfTojDe0AXMupyu9o6PBTna9UA5aRhiRJ/RbtSDTIhuQPM5L1FYkGGAM558n6koEOUNO5tlP1CwNFO/gx6ieMBofJBoXpDh4THTeQwac+X8kYyCQjUfhEk51k9wOjPCQbxCZrE9p92ld0B5J3/eA21QQlFem0vWSD/XTT0IdLNPkf6qRQn45R2qnyNhykM3kdKEOZpJ9uRsN9VyGZKKEIWvo2mmpF5GT9TTAYJBKJ4HA4DNOQYzFkUMW+aCyGSfpQqFREvFgsplpfKlamysr1mZmZZGZm9lnYSjnGbDYTCoUIhUJ9FndSVqlX/J6GQqE+LgIUoVVJOxAIxP2A2myYJAnJZEI2cLElafIOYLPZyMvLw+l00t3dTXt7O7Isq+n2GyPKfV/FN+oD9f2K4sZAqVebzaYuBqV1CaAcp1jlKq/ja/NgsVgoLS2lu7ub1tZWvF4vhYWF5Ofn43K56OnpUQVipS4tFgs+nw+73U5lZSWNjY309PSoQrjJZFIFVOW/LMvquVL+BwIBJCnursBqtarpJOrz0xlb6duj9j6iFQv1lqxadw/6NAba/yQLk0zYMrp/DKXvSzbn1H8nG6cq+dC2X+j/uri+PKkwsnTWhh9I3HpRLdF9Wf8gSSsc6+NNx5o/2Vw10X5te1T+689/ov/JypaMRGNjfVvTp51sHp4q3cGOrQbS5pO1H/1+fb2lq1MIRj9CXB1mkt0wkl1EevFEG1eyTmcgNzPtt37AZXSzU7YZHZPOBHqoEwJ9GukIKaKjEiRipLaNgYgcp4JEA7RTFfdIZihtZLjal7ZP0/8eznSMSDSQHo7zmCguo0lKIrFQH85ogpquOGp0vxupfQQMXkCE4bsO0xFsRxOjLb9nG4km4AMhFArR3d2tXr9G1omS9KG/Te0kWBFcle1KGOW192AwSDAYJDMzk7y8PEwmEx6PRxX9ZFlWfXdqxTxZlvsYWihCprIYlmIBql1wyWw2Ew6HCYVCH1pragRGJR7tuFwRgM1mMw6HQ3UVoLUqVaxktaKz9jo2mUzIQKzXclTJt+KrNJF1qNY6NhQKqWG0r/nr/c1GIhE1Trfbjc1mo7Ozk5MnT9LZ2UlJSQlut1t1uaC4VYhGo1h708rOziYnJ4fm5maam5tVK2FF7I5EIoRCITVd5bwoIq1yHhQRXSGV8KG/PyUTuPRCldF9PBHpiFYDOT5Z3tJlIPO9we43EtqU7UYCZiqGux4TjU0SCZLKRy+YKtuM0jUSM7XHJBIctfP6RHN0JU0jERX6W6/qy52svInqKxGJzrU+vXTjSye94SCR1mA0Ztb/17Zh7ZhWjEHOToS4Oswk6/wTXYCJhM1kcSQSWJOJqomEVL2Imk686ZR3oAxWmE50I0rn+MHctEca53LnnGwgMtinmKeLoeblVIgt6QyiEx2fKL2BxjOQ6/F0CI7pYtRPnQrBbrj7qnQHt0bhtPWf6Hei9PTnPJ109cKC0YRHH/dA0Od7oPGkc64H2ibSjTPZ8cN9j0s3/8N1XkYLZ3v5hpPh6hcV8SwQCCDL8VfyFZERUBdc0lqKwoeWlsq3dixoMpmw2+2qyCnLcZ+iin9Ov9+vCqiKsKhfNEkRFxXxU7HEVI5RrFqVfGl9dSoWs8p+pZzaV/S1lq1KmSwWi+rHVJtesnG7vk9VLXx1C29phYBwOKz6eVXqSVnkS+vyQIlTqRMlbkU4dTgcFBcXk5mZSWtrKzU1NRQUFJCXl6cKskoc4VBIFaUtFguFhYVkZGTQ1NSEz+frU8+KiKx/RV8Rt7W+WC0Wi+qSQY9+8ZzBCqz67cp3Ov12unH1EasShBuMQJXunDbRvkRz1VTh9eJbOvPAVGJVsro3mjfo00x1HlS/yZq2ZCSupjqv+rwqedF+K7/TEbUTlUP/UazTjeLTi4J6i9x0SWcurz/v6caRauw51PwlOiYd0XWgaQhGN0JcHWYGKgro/6cSNxIJpNptyYTXdMMZ5Wm4Jqz67YON0+imkSj+wZ6Xkc7p7qRHuxCtkM4N8HSlfybCK6TzACVRmMHuT4ehlu90CZ3p5gUGViajSdepyH86ExHl90CE9ESD3FSTyWRhteETTTz0cafbFlPFY5T/RHGcaVLV+1BJt80MZv9o4Gy4/40UhqM9KCKaIopKkqQKfZIkEQgEiEQiuN1uMjMz1TCKyCZJUj/3V0pYs9lMRkYG4XBY9QdqtVpVC0/leMVyUj+W1gsSyn+tv1Wtz1VFaFWsP7UCoHJMTJbjoqpGTFIETG25ElnHaetNi2L5qRyruEmIRqOqKKlYnYZCIXw+n2rlqojASnn0FrZK3rSLeGkXmsrIyKCiooLW1la6urrwer3k5eWRnZ2t1qvWElWx7nW5XIwbN46Ojg7a2toIBoP9RDkFrdBqlE9FzNWiFXgTjZWM5k9GAqyRGJuOSJNoW1Kx1SDuhMcOclySbJ6ZbHuqcWYi4W8oJKsrfZqpjjH6nSjfieJOJy3lO5GYqt+mXCP6fdpvfXpaUVX7nSiM0fgrnfFAovFsqnD636k4VW0l2XHpHH+m5h6CM4cQV88AyZ4I6fene6PS7zc6Ptn+ZHkz+p+OoDmQfelgNJBJdgMYbLrJbvojldOZt5FcD0YkG8Ro/w9GBEvEQEWYdJ+WDmXwkGiQls41NND4h4OBxJeumHomBzmDbV9Knk9FvodaH8lE13Ta+UDET/0kVakTvb/VZEJpInHXaAKcbpmGSjKRWZ+3gXA2iYCj7Z4zGM6m85UK/b1sKP2QIgKaTCZsNpu6MJHyKngwGKSnp0f9ZGZm4nQ6+4mPWqtQRXRTLEC1r5wr1pqhUEgV5Yys05RyaQVVrcCqxGUkNmr9iCouCtSy6foDo/uD8l8r8PVxPaYcr+sPJUkiJstIoOZBsaTVL1qlLBTl8/lU0VXr51VrvarkU/t6vtZ1g1JuZcGrzs5O2tra8Hg8FBYW4nA41POq1Hk4HAZJwmI2k5+fj9vtpr29na6uLrU9KOdY7z5G74ZNyYMevT/Wfr/jP/pYKuvbgJZU9xftedDGkUhoTCbmpYoz2W+FRHlNNu/Ubk80F/v/7H1XjyPNbjZbqVtpNBvfeL5zjmHDgC/9//+FAV8YPrCNE9/dnZ2g0EEa9Xcx89SwOazQQTPSrggIkjpUsRKLfIrFstWp/F8X6PJdDwVP+TUumzgAGdJGtms8bRsvIFk/EgCVNrEk3NPqSIYKsPWTEPkcCoja2qCrOb5pOo37GvgXz5XatRr1+D3pA98incHVA5ILtPABHT7QtM7z/J0QQNVVnpcycrhSqCmJXEnl7zQBd9vUyTHQ92B4+simyLoUzpA02vCjgTuvSSGLKKEgk+/916C6ACu/Z1NybXm0acs6cvRQoKrkB3n5eNHaN0QZ9L2L96Wsl89ohomsI1s6Lt44/1p/ORSFGIVtDUwiu+dKl/Ta8u1Mp0UaWNSG7u/vKU1Ts30fAN58PqckSWi5XNL19TVlWUaz2Yym06k5EIlvJec6ZhRFZms9vBijKDLbyKMoMiDjbrerAHrcsxX/AdISkckH8UU5yAqeAOxiGz62voNvDggaeUf6HANgiOj5AYAcgOEAJMqK+KoAe9frtdnmj/AB2+2WRqMRTSaTSqxUXg8cxARwjZiuAE3jOKb3799TmqZ0d3dHm82GxuMx5Xlu2nV3f/8AapSlqb/RaEQ///wzzedz+vz5M61WK+OdaoBj5rGKtsV/LSwA3pO2F59bSnoKO4A8eB+ykTbvaPpqrfHhAQt9vNgo1DZyAq2e9232G28DW7+Wv13zp6uOXe9zecVBSXlP1rutLTVw1aaXavxI/caFN0hy2UWSB1u92NKUv336rlb3h8AaaqcXRc/A0dC0y/JhgYqUuuXPuHg761OnTWdw9QAUCmLYQFIXYCjf0w7Ccr2r8WS7VpdsZQWFCgvXBK1tOdLe79IgPiUhd0q8dkV1yvw91g8n3xi1Pd9k0QIUAnB1+Z4kl6JWV4kLMUJC0pPPuZRoFy9dyrlQgNlFmsGg/bYZUTZgVBqgct6TxojkQS4a2JTZruuzST2GvOOqZ57/S1ETns/0/dEhjGbohKPRiIietn2naUq9Xo+SJKHxeEyj0YjSNKWiKAxoN5lMaDKZGMCE65XSs5XLEMQiTZKEBoMBpWlKm83G5E9EldPhJXF5hQ+AU4CWPEwAj1WKeKw4uKsSIzGKqKfISD7udrsdrVYrIiKK49gAxbaxCZAQnql5nhswGfnDw3Wz2RjPXgChnBd44wKIRvgDHAhWFIUBl2ezGQ2HQxqNRnR/f09XV1dUliV9+PCBptPpQ8iC/Z56j3WJ2Lfj8Zh+/fVXWi6X9PnzZ9MPUE4OSEug20Y2+Vq5HkUUsb7DwWoNfHGlLe+5ALvK8zXS8+VfR1a77ExzT7F3+Ts229hFIeCo/K+B2D4wlHuLyne0e1qeLr44sIo0pU7In5F6kiSf3i75kfqVr3/YwNM6epWvLmoRnpf58HLUS7HCU1fPVbxZa4C3Zzo9OoOrByTbJGMDVfk9TPS+d0NBj7qgSkiaPpICuIs8Zfmlkup612XcNZnQj4H4BIvfclWV/5aT6bGTi091tdCizMpnXoK6ykcCTba0XcoW0tH+W5Vhqo4ZF4ClPW97Rj4f8pyPQkBPmZ8PkNIUSJ9SW6fNfUqprBOXgVaXXP0kxDhzGUm2/z75a0tD5usyGLgh7wNY5btyPpF5uyjEeHC9J/taSBp1wcoQIyk0DY3vkHyPae48NnLVzanM1zaSspPH+JOyqElZAZgBLCzLkrIsozzPjSdrHMc0mUwoSRIqioLyPDfbz0ejkfFwlR6scsu/LNdoNDJAKDxnuXyEByrfmi51NnhUwtMTBz4BXES80SRJaLfbUZ7ntF6vaTQaURzHBjwkItqXJQ0swPB+v6c8z2m1WlFZlpUDnQDicrAWIHIUPXnwwrN0u93SZrMxB3mhjlD+7XZrQFaUK4qiyqFiaLs0TWkwGFAcx5WQA/BsRT0DLP3xxx/p7du3pq5Qxt1uR9vtlgaDAb19+5YmkwldX1/Tp0+fKM9zGo/HFYCK86HFXLUd7qNS+QBu8zitWqgBmz6lAXwa0OXqj+UjHyH6hCTbGLTNlSFpuvLWdAWb/uCau+oAmvKaq57x0cIAaP/lb1verntST/GlFQqi+u7Z9FCbvuwtV/QAHNr6Oi9rHT3ap/NEivd5U2qjt9jsmkoqDv3+1Of7M53B1YNTHVBTTvga0CrvNVHI2w7cJoK8TV7aRBJq3H9rVNegBr0kqHimw5EPcKubjmsccSOEX/NR0z4aSi4l1Ud1xkEogNTF2ApJow6gJd+RdChZ4DLqmvQJmyHHgVTNSAWAw/uvNFwkjzZDIoT3Q/X5kEUA7X9o2k0ptP8c+5zzresLr002QEACCE2MVw4YcpCNiMwhSf1+n9I0pdVqRWma0mw2oyRJDOhXFAVtNhvKsow2mw0lSUKXl5c0Ho+JiMzWe34SvTYmcfDVcDik/X5Pd3d3lGWZkUPcY5KXXwJl0PcBzMHLE3FY4Q0Kz02EChgMBpQkCY1Go0p98vRQb6PRiN68eVOpPx6aAAArj7nKvVSjKKL5fE6TyYS+fv1Knz59ojRNTUiALMsMwAoP29FoZNLmxD1ai6Iw4Cs8Xnns2/l8TsPhkK6vr+l///d/6evXr/Trr7/SZDIxoDbKj3qBF+t8Pqe///3vtFqtDBCNegEYutvtrP3MCmYqYBF+g38exgz3ZB78tw28c4F6Jp1HgFfj01YWeU+TiTawqAm1sd9CwELbN367gFJ5jYOr2j1bfiGAYR3wLuS+rS/WTdPFuw2Etb3/7Dn8Z4tLdXlwUVf6RpfpaBgG0dPCjbzeZf5nej06g6sdk2vS0AAN+Vt+iOyCsolB50vz2Mi3mhNifJ6BxTN9K9RFP/YtUriu2dILfTbkvovaAKtNySdjuuLhJcHcNlQHsLUpli7yzXeaoaopp3iOL1D6eHTlL9/R+NPSa0tdL6i05eUljZxD0inoP98aafLbB2ARhYEwAAnhBYpYnoirWZalAfAAVo7HYxoOh5RlGa1WK9psNnR/f08XFxc0m80q8Vhl2AAJFvd6vQcvy8dwAYvFglarFeV5boBFvAN+kI48eImIDKiZ57kBTyVgCVByt9vRcrmkyWRC0+n0mazENwBeeHACUEUdIU+iBy9g5IF24jFLh8Mh/fjjjzSbzei3336j29tbKorCeNdim/5utzMHVsHLF/mhzOCjKAoTOgBxXqMoMnFb5/M5zWYz+vr1K93c3NB//dd/0fv37+nDhw+0WCxovV4bMJqIKE1T6vf7NJ1O6V//9V/p8+fP9I9//IPyPDeA+HQ6pTRN6fb21tlnQ/soB+VsB51pfVgDUSXA5wIMNV7ks5JPrUxyTm0qy838aykvSIZjkAeh+Xi21YULNJXxdV11bwNktd8aP1q91PmvvS89lGWdNNFBbLxq/SAUXH127+mhWryE5t0VdanTa20U2uZnHeV06Qyudkw2EFV+S0BCeqfK+768NHJN5K5VSl+ernuulag2goIrorb6sSkfZ3pOp1I/XfN5KuUOobplkcqqTT7Z3tGedYGqdQDXEDp020ljlF/Dbx8vofI4hA/fM740m9S5z5DsCuiz5RuSN++73DPI9a4WU9AF0Nr48YG68t1QCulbTdPumpoa3U0NiBDwzUUvbaCcDaJwCgWuXMSBJ/SVPM8pyzIDFE6nUwPqFUVBZVma7eYA35IkMR6s19fXtF6vaTKZGI/J7XZrnpf8V2TQY8xQeLIiTXiycg9YqdciTXywnR6gI57dbrc0Ho9pMBjQeDym3W5HWZYZ0FIDI5Ae3zqP8oAf3AM4Ci9fHtYAfKA+JpMJ/fGPf6Sbmxuz/X6/3xtvVb5tvygK4zUcRZFpHwDhANYQFgH8FUXxEGP1/p7G4zG9f/+eptMpXV9f09XVFW02G3r//j3NZjNzABixttput0RE9PbtWwPOfvnyhfI8pyRJTDzZLvonB8w5wCptICztrWQAACAASURBVM0mku3G35X93CpPiSrbj0P1lrZyVkuzLEui8rkTkcYbv2+ToTZQygWC2v5r72l1reUjf8tnNF4fLz6Ls9lEj48e0+Lpsge89nadPG3lbJpeaJ6HpC7TD9EFm46rY9D3ztSMzuBqx8RX3GygKv9dF3iV6bgoBJxt+u4xEFdMOehqe/ZM3zbZJn0X4E/UHUAC6rqvdT3BhvLnMwRC5VEbOYS8D0EuhYcbuk3BJFeabXhr8lwoNQXEDylfNSBfaxdpIEpvVf5OHcDUlpfrnS7K20V/OyblvCk/rsWfY6NT4LELqtOONl1W05WbEAflAKYBkCQiSpKEptMp9Xo9s31cxhIF6DmbzSiOY0rTlLIso9vbW8rz3IQTwDvIk4No4AVpRlFktvCPRiPabre0Wq0qAKgGuvHxj/IAUL2/vzdAqDz4ajKZqPE4+UJUv983oCbKjHvID16pRVHQer1+dvAXb0OUBaEGZrOZAVjfvn1Lw+GQvnz5QsvlkjabjQFKR6OR8RqGx6yM9Qr+8P/+/t4cpoVYsz/++COt12u6ubmhP//5zzSfz+n9+/fGy5d7x+Z5TkREo9GIfvrpJ5pMJnR3d2dCP8iQBT6y1fPjTXO4lE0H1eYObs/YPi4eHhMxYJuUuRqQrz3zPEn7NZt96yItT5tNLMvqA0e16/yafFeC1vK/lrcPYH38ox5Y5AMq65Bpx2oGzwB2hYmnn0Tkai3046dXX9aBqYt8XLqHlL9N89Pe0+wI7flD6pNneh06g6sdE4+rJL81cJU/oz2vpdWGXIbbMQxom8KBe3wyk8/UAY2Oyeg8U7cUsrLqav+2fcO3atw0zbZkkzPyHv5rsqIuMGsDZOumd0iSQJtmjBwqv5BrPrCtyeJAG2WyyzoJUSpdSikn7p1at459PLr6hAbUdkGu8Rda/652DuHVlY+t7kKvnenbJwma8HkFgFkX8qQsSwMYEj3FYcVBTZCjABjxDLwj4akJQG86nRqQFUDrdDo1h14BiER5kL6UBfv9niiKzJb4JElovV4bkJfoORAkgWcc0IX6Au84qAuep0ifp8PlIQeDAZJKgBjv8gOuEDIhz3OaTCZqqAAek/bnn382dbbb7eiHH36gi4sLur6+puvra+r3+8ZDFgeMIR3wwg/a2m63lKapCYdARJRlmQF1Z7MZjcdjWi6XBmRdLBZ0eXlJSZKYvoD2yrKMRqMRLRYLms1mlGWZ8WINIZus167zupWxb/k3f94HqMp+r+kI5cNNFTiyzYOyHNo9+d9mw4YArvIZHipDfmz6eyi4agNFZegGCa7Kd2T9OMFVy7Um4KrWhs73yyeAPYR6Dh0/pIwab23JBYbayJa3DxA+pD0Ivurk0cTmOtNx0Rlc7Zg0L1N82yYd/pz2u0tQlf8/5lUSl5DmfPP60WL1SDrGsp6pe6pj4B9iHPhWKiW9VL90KcE+nkKU6m8RRGkCwHWVjwv47Yrq9FONL/luXQBe44Ffcxl7Lt7lPKFdbwssa+3T9Vh2gaxN0zmEvPmeQNWzHmEnTeeFXsb1M8TiJKoe7tGGOMDa7/dN3FCeH7aAYzGGb6PH9nsAhfP5nMbjMaVpSpvNhna7HU2nU5pOp2ZrO8rAQYjKmC0f4k4CzIUXbJZlFZCV6MGrst/v03a7NWAv0kEdcWCUe8DioCYJrHIQlIgoeiwfj7XKvX452DQYDGg+n1Oe57Rer+n29paSJDFep7zdOKAdxzH1ej1arVaUZRmNx2P63e9+R/P5nL5+/UqbzYaKojDALEIcIF94zw6HQ1qv15TnuZGvvMxo516vR5eXlzSbzejm5oZub29pvV7TxcUFvXnzhuI4NkB+79FTFd6y4/GYPn78qIYFCKVnOqQCsMq5ScoQPKN5H/O0u9QRQucvTRe02bi2fGQ6PNYqxqH0ZtfmLBeAyvuFb2s/B1e16yAfyFoXXPVdl+WVzx5CDwwF/kLK4uK9a97aPPtS6YS2lw/vONNp0Rlc7ZigaBHVX8GTZDOGmhivTe43IdeKWlMhwRUq5FGWZWUbEc9fgq4uHkJ5CjFsj10IHjt/XVETsEi+37SuDgHsu5RWPnnXkQshCzuuazZeXHkeEhhsMo5lOjajxTb2pcIfWkaXLGlaT6Fzio+fOvnY6qwL/uqOFZdx6QKCtfx84Kkv3aZl8FFXBksdvuqMr1NcXDnVubwNqQAg1etfEsDTfkvAhG/RLsvSxPZsOj9z/jnQiGs4vX40GlFZlgb4w5ZyeEjyQ7DwgacjvDcvLi7MwUfL5ZLSNDUekzwGK68bjef7+3uiR96Gw2ElBEFRFMarknuX8lAEMk2AowAj4SEpnwNfRA9eapxntAeAaR4rFDQcDmmxWFCe5+YALYQiAHCJUAho08FgQJeXlybm7Hq9prdv39L84oJub27oy5cvBmBF7FPEeMWBZKgD8IV8pPcx7vX7fXr79i1Np1O6u7ujq6srWi6X9O7dO7q4uDAhAFAnaGuECrARr39NJkogm7c5r08eqkZLRwKALnLOR+WD56LNhtTKFapDhuqItjnfJisgI/DbNdfaANXQ6zKWLZ4hqi4u2NpG3nNdl/dt5LNN67RTm/krxEauWxbtWtO59zXm5qY6Mt4NGVcu2+RMp0dncLVjkqtx2rf8XYfaGNGnTlyp1gBU24TtSst2j3/X5e9Mx011VhFPpT1DJvA68qgOSNxGBvn4fq36DwHpJPBGVK9v1XleGmx1DaLQ9CV/Lgox/lzvtuXbpazbgG9bvWkAk5YOz6uLMvjINqcc0rg6ZFrHRD4Z962Wm1MTw1nqVhIY4QAJBywBBuIegEE5vlzjyqabIS9soce2eXii4uAnbDXf7XbmMKU4jono4WR5gIZEZDwbAVzCq7QoCsrzvLJVHvFYUS4Zh7VSxvLBk7Xf7xsP0MlkQqvVirbbbSUNDhwDYAThN3gGGGmTg1o7I2SCbJfdbmc8QomeQEwc/oQDppbLpdnejwOsUGaArUmSmJizv/32G41GI7p884YWiwX99ttvdHNzQ2VZmvJvNhvj3YvyET15qCKkAPoPB8J7vd5DeITxmOI4pvl8TtfX1/SXv/yFZrMZ/fDDDzSZTB4A3aKg6LEei6IIXlCoI/dDQNLQ50LTqvAYPcT9DJkvQnSYujatTVaEfjQ+8S3rQwNW5XPSO9gFwsq68IGrvnsa1ZljQtro0Lq0K4266R/6+brUVfqaLqnJjFC97nvQQ75FOoOrHZMN8LP9D02z6bsvTYcQBDYAFSv2IKnIa++9hEF8jPQ9CuhvucyhirakLoHVOgawTymrOyabtm0IaOICUX3P11Vum4D4NiWtjVyrCyZ1scoeUh9tAGyXQmtrs7rt8JJ9tw75eGtSzjM90CnpD9qiiZThLpBAmxuge/FrfIu5/M+va3pY274F0BFzIrZ3l+VDfE14JmILOGJvAsiE5yPie+IgLA7CANCD12scx5TnuTlkqSxLiuOYhsMhDQYDU26ejqw3HmM0jmMaDAZ0f39PWZbRer2uAJzggXs+8jieyBt14Br3GoAEkJXnU5alKQ/4wlZ9hC5AuIDtdmvAaylby7I04Oevv/5Kd3d39PnTJ7q4uKA//OEPdH19TX/+858piqJK3NN3794ZfZ6HcQC/8HgdDoeVvpTnuYlHi4O4lsslffr0if77v/+b3r9/Tx8+fKDZdGoO7UIbNCVbnWugnavf28ZC6BiRcj8iMocVcXAYz9YlmwzRQNdQYFULByDTtoGo+K+BpdwjVTu0SqblAll53vxbUkg7NQFeQ+3XQ83TdfrqofI7xjxcY0nTW326lNbmZzpNOoOrHZPmudqE5ITUNr1DUBerc5qiYVu11N7lW8HkFjRtBTQUODolOhu+ZwqhkLEQcq0LYFbSSyoV0sDQfvveIdI9Gbvmz5d+U4AvNF+N2gDbvvdlWVzGqA841UByW7q+vhmaV5eg5iGpySLAoXgP7bvHUnenRLZ+y++hbdFvbUAJ/y31LAmiYvs234ItwYuuiB9KA6AVYBzfqg5vVmxlj+PYxDtNWAxRHJ6EckTRg2cnPFaxnR/erLvdjtI0pTzPKY5jGo/H1HsEReW8wbcco16gwwJIBdh7d3dntthzQIi3AfcOBeDYhDjASkSVg8Y4kMm9SBHPNs9zU/7xeEyTyeQZoMz19IuLC5pMJmbL/ocPH+jf//3f6U9/+hPd3NyYMg0GAyqKwsTJRTvyfrTf740XMg71AsBblg+hDkajEb1584am0yl9+fKFPn36RHd3d/Tx40daLBY0Go0oy7JG9eapVFO3vv4ux4ac87qQvyG6gm/e1H5XZMPDD6+uaQNaNZkDktv38TsUTOXf8l15jaIHj18bqBgKkLmoTnuG9oOmwGud95rw3SW9JIDc5F1tzg3Rfbvk50yvT2dwtWPqysjtKq1D0KFW5zTSJmk+0cjJWANUfXRIw/G1SCogZ/JTVyBV19QlaGeTLaEgaSiw2qYeXavB/L6P2o7rEBC1K9mhGVNa3vIavy5/h5APsNSekSRBy6bp2N6zUQgAHWI0uIxJ23vynUPKjqZ9rCk/PiA/lGyGaVN6adl8jHNBG6pjJMut/RqoKg9E4h+iqrzi4G3X4D2f0wD+AUQBUMm37OOkeYCJg8GA+r0e9R9Pnu/1euakew4Oc0CzKAqK49iEBOCenAgVgLiuRA/egzbZXj5eu9/vqXzkazqdmnisq9XKgIrwuuVnOwyHQ0qSxIDAfDeXTQ7L9sA36omITHiAKKoeoIU4tKi7JEloMBiYeKzwFEYYBQ4yox8Nh0P64YcfaLVa0dXVFa1WK/p//+//0Y8//mi8WBEP9+rqqhI/l4P48FoFrzxvlB/Ab5Ik9NNPP9F0OqXr62v6+9//TtfX1/T27VuaTCbPYufWpWf1qdR3CNBqI95vZLuFgjclkQkToOkxIQAs50XTKW16pmab8Wuuw6xkvWmAqPzYAFYroIr6U4DVumBqKBhqS8elDzYFUEPzrvPMS9mWh86nC2DVpZ8fq215psPRGVw9cjq2AekTQodcVdLqQgNXtfvfC7VR3s50GtSFESqvac+FvK+909WY04C6umUPMeZtoJwP2PSBck0BMVuaPtA5lA+bom7jNwS0DDXuXBQiu+uAoPx5l4Lrqwet/DagSKbV1Vjoon6Pgb63+fgYqM7iiNzxw4FUeeCTbcs/xoXURWQYJ86bb1y7jFN4L/L4odjyH8exAQOxjX673ZrDtABWYus5vC7LsjSxOHHQE+cDeex2u0o8ViKioijMIVXcy7X/uL0eZdTGNIBMiiIDEo5GIwMQArzENvv9fm88SF31h7RDgDjuBcwP/EI9IRwCwgUg3ivi0RZFQZvNhoqiMPFWubxEHNzhcEgXFxeUJAmtViv67bffDACK+7e3t7Tb7Uw7jMdjUyfwjCYi460KkBXlQAxWoqeYutPplMbjMa1WK7q5uaG//vWvdHFxQR8/flTrw0ehwElTfSCUB/mO2tZlaYD+prLYBZzanpPyhF+XodxwTbNlNEDVFkdVHlplA7jN/0dQtXJNUF0Q0vZ8XTs6FKw9BPB66LReKo9DAs/yOalPhoDsNkD9TKdJZ3D1yMgFYHRJpyRopWCSSiJ/TuMtpC5fqt67pkOC2Rq1rR8b0HUmN3XRziGgT5PFiaZgUihQdkijpGuSoG0ohZSxrmLtWzHXFMAQXlx9pEm91wH4OYV4cdiAZO1Znq+tPkL7adN+oKUp6/clDJuQRYmmaZzp5YiDBFLHkaAHET0DOiSIqoVeksQ9AHkf8M39TfuLBjyA5+12W4mpCtAU98uyNB6PiNNJROa71+sZMBZ1gDHJwWIAuwDzEIYAaQOARbq8/rk+u0cZyqdDrZIkoeFoREWe02azMSAh6g7AJvL3yRvkh/az1Tnakbfzfr+noigqB2xhWz4OC+MHhmVZZrx84zimsizNwVfFdku9R54vLy/NYVZZllGSJOZZHPaFsASj0ejZ4WSyXPyArizLDAAMkHb06KU8Ho/p7u6OVqsV/d///V/tvleHJLBXZ16Qz3LARrvH39EWD115+/QATY5o96Rs4TJDAquaXNH6M5clGnjqOrBKA1c1oFX71sgGgPqutaFQPeZY6BD8vLTN2zStunpfSH860+nQGVztmLiyxCe5bwlAOuSgtwGk+Ob1yr0guILKlQ6f4uEimZ6NLx//rufbkiwj/39swtm1itvl+Gha7i7qLRSI6ZI0AEajpiCW7fnQd7UV2Tpt3qRd2vQB+a7rmqb4t+1HNpllu9dGzoUYYrgfAtTWLXOb/qcpo3UBGldd+4xLrU9IXuTvED66KJePXPMsf6bJmOuq37t4O1OVbMA+lw8a8CHBDngD4jrAQbznAuR8c5+rDTWgRruvkQRUUI4oiswhVDyeKAdZAVLCIxPPI/4q0oSXKIBW8IQQAziQCjop95Td7XaU57kBDZG+pl8amcHCGERRRL3oIa5qkiQmVMBms6H9fm+26Nvkho80cBrXe71exbsX99FH4EGL+/iPg7BQX6gHgMz8MC70s16vR4vFonJQ2HA4pF9++YXu7u7o+vqa0jQ1h44hvu1wOKzEdeXAMYBXzm9ZlsZ7djQa0fv372mxWND19bWznmx91Npnicz2cts8bcvD1kb8OW1ekP2pqW5te8/UwcOfZ/m66ki7pnnKEz2NackTt/1c4KoGsPI0bOAqrvHv0HrSxo+PXHOsrQ1C5OghycXvS+d5zOnX1QFt9C1hR98TncHVjglCn08OciXVZYTzCdMFEobQoQTGIfIMVSr45GibFNuST9E/ZUOvDrjcJn2NDpmnNpbqgneH4KtN+vz9EKXc57USwocmn1y/m1BdReMlxpsst68f28CMpiCYC1yTfdtm3DVR5HyAVtegXki+tmfrGjv8mnZfa8cQsrWDrb5CgWntf1vAsg752jrkng10q9OGNt6a8HUMxHmHjNb6jjywyEdyftDaQAMvAGrYPvJgqrptZ3vepu+2MTyRLkBAgHa4jnqBTs49LvEOj6PK46zCwxKgHWKrRlFkntnv95RlGZVlaWKsyq3ySAegILauA4AEr/CENe0aRUQMtAQffGt8lmVm272sY5+8cYFyRFUAC7zx+uPgGBGZ8As8NisOmOLxaAES82eJng724oeRFUVBZVnS27dv6c2bN/Tlyxf68uUL3d/f03q9pu12a0BWHFAGoBblglcy2kV6MMOr2RYWIERuqyAYVedmn13hmyfkc0TudnbNR753AQzb8se3rAPXNS570C5aSADwLOWZ5o0aEhIgFFj1AaOued/2rI20vqPlX9eGOLT99Rpz7bHP76HUdp4702nRGVztmAaDQWWVnOhJOPAg9HUpdGDWEUSnIrQ0ZVwzJDRFogvD7kzd0GsAryF0CpPeSwJcLqPh2OupDbkMEU62tpCgnQ8U9aXj49UGhoXk6wMWXen6+LK935Rci2h1QEsXWCwBchcvdUFsnq/PIPeV4ZioLdj2rZLsYxLQ5wAEBwUBYknQykcaSCaBDNyTIKr0VOXvAIAC/xL0aEKusdyWwDtPl8dblUBuFEXG0xLgJdFTbFgOuAKUQ3sRUcWjN89z40XKPVzhpdrv9ylJElPf3EuWH/zEwcZer0cURUTRcweL0WhEFxcXNB6PK9v3Ua46Y46DpVr/RDrccYQ7i/A+y+PBAjyGhyhAVnjdgv+yLE1IBn6AFmypLMvob3/7GxER/fLLL/T+/Xv661//Sjc3NwYMz/OcZrMZTSYTGg6HtN1uTTrc/uLhFFBvURQZ71qNQuS8lPFyzPNvWxvY5om6/LjmKG3OV+e98iE2q/YentXKJ6/Jw+14P5GyzgYyyrw5oOoKA8CvVdKNoopHsVY+17iRbdtEhvnSPwS1STek/3dJTdM7NhvTNv7q8PK96E3fGp3B1Y4JioXcooTJgwOsvkGjDUzfpOr634aaCIWm+UhD1wWuau+EKkNn0ilUsajzXhteXABX6HiwKVG+fI6J2tZvaPm6BlS1unUBey9FTRVj/j6RG4gMAfR8fS/0XqiMDjHyuqAmaTXpC7LcTfqWnG/qvNdkjq6bz2vQS8+Rx2YYucg19mV/5LwDuIOOKHVFovBFeCljbAfD8HuuGKq2cnSt+8l0Q/qZbxGFA4uoUxyKBDAQ923ygm/Xv7+/pyzLKmEAAMDy7ef9fr9ysBJAHVxDzNfRaGRCB+AgqKIoaL1em4Of4jiuzAfIB+ELUC6EGYiiyAC3RGQFB2VdcR1agrYAWhFrdrVamfs4oCtJEuOBK+cw2b8ATHOgFQeF3d7eUpqmNJlMKI5jE6cWz5VlaQ4EWywW9Le//Y3+8z//k968eUP//M//TNfX1/SXv/yFiqIwnrFZltF8PqfhcGhitHJwHTzneV6x1bjHcxty9dHQtmk7B4U+ZxvXLlkQQjbQVcogm+zhckGTFRqw6ouxKtOwpe+qF1t9SDki770GkNo1ueymY6Iu9deuyGb/HJtOc6Zu6QyudkxRFJkVV6KnbVmYvEMGWqjB9hJC5DUAW15eG7AaMhkeA4BzrNSmHV9r8mqSb513jm1SfmlqA6q2Wcx4TUVDKmNyYcdH3ED1Afe2+9LAtZH0ymoDykre+H/+fhNjj+cdCnjWBUFt91xzSYiCq7VVyHwtn7MBOL6FqWOZp+rM+6Hg2LdGskxoOx6eRfYJHsuzsgW8plGoARccVMU1ePbx0FQ+UENecwHJTYiXNTRNn5zjdY9t3v1+n+I4NgAotqrbgBcAbURUAfjSNKWyLI3XI69DvMevc57QBmgHALiDwYDG4zHtdjsqioLu7u7MQU1JkhARVUIUSPBSloPXq5RPWn3zvgePTuQFAHg4HBoQGNvwUZfj8Vj1akaZsT2fhywoioKGw6Ep43q9ps1mQ3me02QyMaECiJ4WIYqiMO3y66+/0rt37+h//ud/6D/+4z/ow4cP9Ic//IE+f/5Mq9WKdrsdbTYb2u12NJlMaDqdUpIkBrSFHYa6BUANvvlhY036o81G880fcpGEP2dL25Yung2xGW35avmF2FayTHwMSEBVeqsiTc2uA4XEVa0Lrmr51NVlm86NdXSZYwPjfHL7lGzEM53pEHQGVzsmrCRDScAKtksg1zGCX1J4dJ2XC3wAuRR5Ofny57SJ1KaonOn4qK3x/r1RmzoJ9aJoktaxKYFNKQR0lcCDTXbZjB0X8GfjKYQX+bzLeAg1CG3v83d8vNvSbQqshhiu8j2XQWp7PgQ8DeFHezakTK9Ntrk45NpLkKu+DsWTNqbAB18E4UCqBFR5OlEUPQPmZPr8t7aNn39zUFUDU0N1I7mg0yXVkX2ucaHtEsM2fMQnBYBIVHV44CAl56ssSwOEjsdjAwIiTIAEKbk84KAr6h4AH0IB8IOt4I262+0oTVMDSgLgvb+/J4oiKpknqwYQhQJqEngCYFoUhYmLWhQFTSYTWiwWtN1u6evXrwZcXq1WxtsW4OmzcAaPeWG7PewigNX9fp8mk4mJG4v6nc1mBuSUZdpsNjSZTOjf/u3f6NOnT/T582e6vb2l9+/f02AwoKurK2N7FUVR4RFgO8aFDIOAvuEj27i0jS2eh3xWS0ubV2zke1abY3xzmItHH/ArAVVcs8VWlby67DtNhoYCqxqIagNWtfJp93x1b9O9QkBJl053CnS2157I1z/qvnem06EzuNoxYauJFIy2SaXrQdSlYHMBnYeikAlFmyTPwuhMZ3JTV2PkEIs8r6lIuoBU+ZzrPS6L5Ps89ht/ri6oivfrtIEGbCJvn3Fhe9dGLp6azn0uA8UFaGqAt5wvXHOcNHbrgLldGMenRrb+dGzGVpfyi7eddqiKBqiCeJ8EICGBUAnOcPCCA1o8firu85igtnKHGPuHIJ8sdfFjGy88dqqMJwsQMYoi4+zAAW0e81amiYOq4G25Xq8rXqxoYxufAPJ42wBAHQ6HNBwOze/tdktZllFRFCYeq+HNAuKGzF+2egPfAJr7/T6laWrCIgCcXi6XlbLkeW7CHnCQGPXHD6tCXQHcBMiK+p1MJrTf7+n29pZWqxUtFguTD9pz+/geDg/74YcfaLFY0JcvX+j29pa22615B797vZ7hE/XMD+KCZywOwBqNRt7+5yIbgIr8tPtaGlp7+eaUEJ3ABrRqc6INZHXZsFI28euapzzPXwKWEhy1bf3nMYHrAquuupT/bbyjXDb9wpVOiI55jNQEkD7TA51C+56pGzqDqx0T31okJynfxOqjEKPNJtTbkG9CaJuOZpza3sP/ukaCi1y8aBQKvtS976LzxFWP6qwQvxQvdfOr83yXY/zQeZ0K2YwRkAbiua5rdewycGz9xvWMr200Y0mCPLwcMn8JWCJGHgd+uFHDSeM1VN7K9+sArDJ/pCHbqClw+pKy5BhIM1hdFNo3fXk2qWMt7650GKQFI18DASRpIBgHJPj2bJD0+pIHUslYhrYyagCGj0Lmri7mgyZ9iQMcCAUQx3EFXF6tVpSmqQEq4cGojX0J9iAdIjJb9hE7dbVamUOpuGemBDw10AVb5ne7HcVxbGQoj0262+2egaw8/IAElnh5yrJ8Bvby5+S8geu9Xs8ckIV4pWmaGkASu/GQN+LR5nluYsYiXw5o43+WZaacZfkANvMyv3nzhrbbrbm33W4pjmOK49j0baSfZRlFUUQ//fQTZVlGNzc3BhBGuXa7XSWGLtLDNbRDW9mtAY5ERKVyz/qsR9dw2RwuMND1W+blA1f5x3UP40b2ScmjjfiYqeOdWgFUlbEXYjPysc/rR9ahWdwqS6KyusBi092kHmXTu06VeHu/1Lyh8XCsdEh84EzHR2dwtWOShxMQPV+5q2sAtyXXhKqRi79QpTyUp6bvSeOlreFlA0Js6R6DIKwoE8o9jbQJ8NhJA3wkNVFQtHcOWS++cdUkvaa8bebPyAAAIABJREFUdtV/Zf5tx3WT/F3v2u6FymAtL81gadqXtHdsSrjNKHP99ym5/D4MbM4397jFdRi5EuyBZ5jGiw8MdY1xrR5tda6VzXZPMyYlP7Y2lzzbyiLzcj13ClQXWD1E3l2Sq2/ht2x3Pu/atqniXY13qVvA4w9b1+X2WemNiv/8xG3Jv+RXUl0w00Z12wQyJuT9kHmf6Mn7EocX8Tif9/f3JmZqHMc0m80qIKBLT8J9tEP06N2IkAObzYbW67XxpvTNxxx4LMvnW9EhQ/v9vgGC7+/vzVZ9xCQ1NgZVPW7RB2XfIXry6gVA6wK/+v2+AYu32y3d3d3RZrOpxEPl8n6/39Nms6Htdkv9ft/EY0X9o+x4H6D0aDQyPALwxKFfaZpSlmVmsSFJEhMDlo+f3W5HSZLQx48faT6f083NDd3d3ZkDq9Av4J0KsHo8Hpu+AgDdFRpAzgMoN+8vz+YRATS65hn5O5RC9N4QoIvf53zKa9p/28eXpwvc5L/rAqwURdRzAKuyPlyyWb7DF8CInjy+5Xwh5YEmG3i4QPmt8SZ5tFGTd0LppbGLYyFXe2jP1UnzTN8mncHVjkkD/eSnLSASqnRq73exStY0/zbUBZh6ptc1jpvSKfH6WtQEyDsE1QGhjols9eerV2lwyXds4I2WjuuaD6jR7vH7Lh4k0EhEFQ8s+Q434BETEF5jfLssT98HqDalNrJB8qT1V1f7ueZSrd60/E5hbEiS/d337LGQ1tZa22ptEkXVU+ifGfRKWrY+Lw1vgKrb7ZaKojDvyK3t0jtVloX3s9esdwnY2QDnrghyCN6R+/2exuOx2QoeRRFtNhsDuk2nU+OFKg9lIqrGDOX83j8CdFH0cDDZYrGg6XRqgEWAfQD2uJzkwCePxQqPSqKH8xoANnJP3MFgQHme02q1MuAlwE9tvgXv8H7FYthwODQHfKG+pEzn2/qJHjx2i6Kg29tb4wkKkBNb/DEHFEVh0oWHKPe2lXWNg7IQ85V7FQNg3u/3tFqtKMsyms1mlRivqCuUD4dYLRYLurq6ouVyWTkQCzFvi6IwXqzwREZ4gBCSQKum79jARtyvo6tJfYIvgIaMdZmfb96yAaQ+ENUmO2XdyGu2Z3n5gg+uiiKKRNqa/sH7ujxYUPP+x/X9Yxn7gwH12VyA+2gfW5n4fylnZL+y6V8+OqRO0Qa/0NLqmtpiK3WfC9HhQvX9Nnyd6fjoDK52TFqweZuyXmfQyYnO9zzPP/T5JmQz3g9NXGGTvNiePyZD70xnemlygUKvrTD5AMyu8wtJy8aTTxG2/fYRnzds8t51zdWu2nUY99LYloYGNwKInjyXhsOh8bSbzWbGeA01+nxl4bxqxkkd8gHnTYBOlyGE+z5lPMSAOsSY6oKOBcwLpVBAg/cJ7SCVOn2bAzCakc89VrHFWsZRlfEaXSDusbYDL38bci3SQKbBU5GIDBiZJAmlaUppmtLd3R2t12saj8c0mUwM4Ej01B5cr+Qep9zbrNfrmW3r+/2eiqKg9XptZCB4AnH5Kg/h4rKYg6wAWOM4pjRNKc9zWq/XlCQJzWazSvnlNxYEkDe8QeM4Ntv/ZZnhLcs9896+fUtJktDXr19puVxSlmVmKz/qG16x8LTdbrc0HA7NgVJEZLxO8R76PeoU5cScEscxET14umLrP3gH8MpDZmBBcD6f03Q6pZubG/rtt99MqAAA1UVRUJqmxosVYKUGitWhEDCSPxsCnGnX+cKn9AL3zRU+3SSEZxe46ioL8gz5L2UvHzO4r+kItvS4LObe3HJRQZZVUr/Xo4gtavAy3+/3BtiFLCJ60pc0Hm3t27YvNiFbu8k6Pea5pi4ecsj8tPsvZcuc6fXpDK4ekJ6tqgW+YxuQTYw/nm7d95q8U4fqCrsQQzyEj28RaJX97Fsso0avMWEeMu+6FKKgu94h6rYcWlquRaZDUtv8bCCqK+0QYLUNuN21cqaVR4JC/ORfyJjBYEBJkhjDF55Lso66nIPa9KM68lDm2aTObbzWndtPXeE+VkPMNi65EQ/PQBnqydeXbDLZ9h4WJbIsM56GuK7xh7Tw0Q5TspXxJcjW5lI2dKVfwtsRgB62/SNeKAC+6XRKSZIYcO329pbW6zXNZjOaz+cVoI3LQKKn08ple3LAFNv2h8MhbTYbA+rx7fOyfriczbLMeIFyQBL/AT5uNhurLswpiqInT8+ypG1RUJ7nhrc4jmkymdBgMKAoiipe0VhsQ6iFN2/e0Hw+p6urK7q6uqI0TSvhC/hWaZQVcVtHo5FpA3jp8joFIAvv2pKI0jSlKHrwEB6Px8a7dLVa0Wazofl8bnjn9XrPYru+f//e8PyPf/zDxN5FaIXtdmvKAVC7Tl/UALiyLKkkqiyI2ObBOnad7Rm5+GnTv0L6iyyX5JvXswuA9eXL78v/IR/+rgay8vGr6SIctCV62jkg9R6eRr/fN30NXuo8zEZZlkSPbY+0sEjAD3SDd7YEjKUM54fuyfqqC+i1JVu/OtT8InXtrqhLfkN4C7XNXro9z/QydAZXD0RyImgCsNq+m1ATYeUTqm2FnwZauJ7lv6U3le03n1S/F8BRozr9D8/Xpe9tEjjl/nSqfHdBXfRtzSNC3rcBiy5Dpy5o45PP2nPccOAnWRM9j+EnjSfEqQOoCgOXn8pNVAWGOIjQZCFMnrbeRd/15a2B5DagHelp87QE5ULzP2ZZauvX+G/r38cgczRdwICq/b7Z6qnF5JSGfdv8Ac5hK/lqtap4OCEvF5ijxS997b4j61bWuQ1oalqvqEcOiJdlaYAMIjLxQLGtPY5jA2YjpuhkMjFervKQPu6xysuFvImIokfPz8vLSxOTFR6SKDMAGtnOSDOKIrN1HeANwEIAlPC09QH+XCZHUUTDR2CxKArKsoyWyyVtNhuazWY0nU5pOBwa8BP9qtfr0W63o+VySaPRiN6/f0+Xl5d0dXVF19fXtN1uK8/yHRCotzRNTYzVJEnU5wCkDodD42EM4IroyQN5OBxSlmUGZJ3NZjQej006g8d3+IFhv/zyC83nc/r06RPd3NxQWZYGZAWP8hA5rY+5bI3KR3iatxmPvF0l+MfnWgkkar81fcBlM2llDi2LNi/4nuN2si30SkiaMj0QPKzR7ugjOJSOqHp4II+nen9/bw6vInoaH9vtthK2hfd7hPwAyIr00P8xjjngyhfytPnmtebQl5y/24ybQ/HYRHe1PXfKut+ZwukMrr4QYcKQ3giu523KaBuAlacTwoMrjS5A1jpCSjN266TxPdIxGLTfMh0LaABqyk9d2dD0vSbyKxRwDLneJk+bvHOBcPwZ6fnE83IBKDbw1sYf/++SkRwcgOIPwwCgBH+XHxzDvVQR19CVj43HQ1ObsekCzW3zckj/9tVHV3V0CNmkGX0uo4P3i9eUlXyMah/pQRQCBjQ1nJAGPKYArOLQHRlT0ab/1dUpX4pssqDLtpdjiINzfHt4kiTGqx51DRB2NpuZcAF5ntNyuaQ0TU1MVmx9j6KnGJ9SVkNuEhGV+z3d7/dmKz+8LgEWAmSRdcGBV8hjeILyxS4AxJPJhObzuXNewHXuTQqwlnuRpmlK19fXxhs0juMKYIy5wQBMj+X78ccfTWzT6+trUxdFUZhyED3FcgVgjAOo4CUM0BohBKIoMqA3DryC9yv4n06nNBqNTBzdoihMqADIGYzjLMtMnf3xj380oQLSNCWip4O+eF35+prrHo9j+wx0DZgHm84HXF7wuajJvKQBw5peYtNVXP/lPRu4CtlmA1ltMVhRVnl4HPpEFEUmFnFRFJU41viNZ/HBogzGI9LJ89zEDeZ9h4OzfG4hooqH7GazqYCq8Hrn8ZRlaATfHNpEV/aRBtQfK7UpY+j4aFoHrvTPGMa3R2dw9UDkMkBsz4IOPQhDhYMmTNqAu768bIaLTeHQQFZNMQjN35bfaxuG4KFu3b8E6F0nj0NM/HXzCXm3Li+H7htdrVz7ZFCTNuiq/etQ3fpu2qZ1ebCNUd8ikM1w6WLxyKYQgk9+wjZR9QRbKUdh5AN8jaLIbJHDVlwJHnCZLI0pWbYm/aPLcefqJ6H3XOCb7/8hSMsjBDj0PVuX2uoNXbyvGavSaCdyL6J00Wbcaw+GPrZFy0N/NACCk4yTfAwkAUifDqzJBZmOD2QGmIGFnsFgYLxQAeoBIOSA3nA4NFvMAYLe3t5SmqY0mUxoMpnQcDh8duiN5IPzwncBgAfuyWprM/QHIjJb1Hk8Vg28lPXK+ej3+5WYpgBtARjBexNg5ufPnylJErq4uKDxeFwBeZEuYstG0UPIgZ9//pmm0yl9+fKFiqKg6XRqwjFwfjBf8BAyiIHKD/oCnwCTMT/d39+b2LYAoubzuYkjC4AVXsfcO5iIzPi6vLyk2WxG19fX9PXrV8MrB1llm8g2x39pM2igqoyXrL0r87Jdd40H+bwExOoAqzYefTaZzFsjmyzTgFUNPHV9kA5fkOCgJ2ICo89grPF+zsNi8IW2wWBg+ipfbIBs0fQm9CkZFoQfGsfHJQ7CQ37ol8ib88DL/JLAnA9MP1VqihW0sWnb3j/TcdMZXO2YbIoiv88nyJcWkF2AIU3SqGPkhdJ+v1cVIj7R+hQWeU0DFI6FXMa9vO8yyLowVEP4cr1T574v/dB+Gsr3IcA4Lf+mxPu3VKK7SLdL6lKu+RZAXO/ZDP5Q0p63GcjyeR/o6stXGlSyLCFkA2/LsjSABLZicg8P+T73koMXE06JxinYcn6T/LrAZxsQ8xIAUoic0XgPNZSbypWmstEn/1z3eP9wzSWcB9c9X/4uqmv48HyaHEjVRCer+ywM+TzPKwAPABnwESLn2owLmwwLTdO3qKBdlx78dfqlvMbrCJ5fAE4Hj6AoZA4ARcS35YcaDYdD48laPMYmxeFN0+nUhD+RZeEAuBwzaGeArIhxCpCVAz8AWXhaSIeXAdvwZVgArT54XWuHFWJMwOsT4HKe58Y7FvUJcJovoBXbLQ36fVosFjSZTMwiARbctH7EQVbUfRzHBugF+A3gCYAzxgu8+jD3wMsYXqyIoZskSSWsANKC9++7d+9oNp/T16srur29rRxCJskGPMoPf0YDVUPJNv5ceoDsM1oatjFqK6OPxzrk4kX+5gCpBBJtoCpIhpsgImMjFkVhxh7uy5AQfNwCyC/L0ug4fKGFHzjI5xciqgC7GGtSVnKvcL4YgXAFURRVPFsxVgCyGo951uYyjy50Jtd8cIy4xUtS3XHismHO9G3RGVztmLjyok26eKbJ5PQtDcYQsM0niLgSYTPkvwdyGbe471KsmuZ36HeIwiZVaeiEtP/30jdem15KboUClUTtDQPNyKnDh0yH/3f1367lGuSljBcm8+Jb7KQcAc98y5wEh2R98fQ1I0ACC/I+J5/sa0O+epZ9u+u+fozzGJ9vQYc2fCTwZBvHnDfET+XGuo/XpvJB48FFAIuwLRvehN8Ldd2fy7KseN8D3NsWBZWPAPZ2u6UkScx2+uVyabaUwzsSYQAAhOZ5Tnme083NTSUmK7a0awtJmq6Fvtvr9YxnJQ9HwLfua3WE67vdrnJgl69uOTBLRM8857jMJiIDVK7Xa1oul8YbdDweV7xBS6KHU9GJaPcIMGG7Psr39etX2mw2lTAXnEfUFQDZd+/e0Wg0qoRDAIgKXhEbEx6IAGEBsiJUwM3NDSVJYvjB+5Aj4DeJY/rpp59oNpvR7e0t3d3dqfVpmxdt/dgHxvpIAyJt9WdbgLEB7xqfLt619yRPoYsjNoCVf7sWwJ7lY6knrn+gzRFnWHqsyoPHpM6C37wfcmAWoDyPmypjr/K0ZRm02PR8UYDzCO9WhBzBWOP1Z7OFrHX4SL72dvVbV/u3fS9kTj40gNwFuUDWM32bdAZXD0BcIHPhaHu2DoDUBW+SQlelfIKujlD2lbtJebXJqwlpiswxk6veOf+nUBZJvn5QBziuU/5vbTGjKXUByncBWrjotdpJGjkhz4akafvf9QIJ99jghgEMEhi4OFwFPGBrGryvEOuOe3rIRUZeB3IRjHtwhFAdGabVmZTvdclmtHTRD09F5rz0XMI9e+SY4B/Xln+bHLIZ8SFzj/z29QMO8MDYv7+/Dz6pvGuyASeHprZjUBL6B7bqAmDFVvqyLM0W/yiKaLFY0HA4pJubG1qv10YWbrdbA7Qi7io8WW9vbynLMkqShCaTCY1GI7OwpC4u9XoUET2TjfCUHY1GJu08zw3oI0EevLvf783Wd/SjENCBjw0OJME24duooygyh0RtNptncWg5yEpE1GPAL9HDPLJYLChJErq7u6O7uzvKssy0BZ9jUHcAqPr9vvEq5J6rRGRiXgJ8xeFEo9HIgKyj0ahy2OLNzQ2NRiMDsgKgQrpFURAR0Xw+p/l8Tjc3N8/qUANXtXFvo1AA02Vz2NLwAaxEYd6qPrKBqF7w0/OM/K15q0qbrvK/LKmMItMHwSvv60VRmA8On5LApQQlZftwfvhvxFDmeYLQ1+HZiv4v24PnwfPEAgLXw4geFo7gvY4wHHEcm3T5QoamO4a0uQ9odT1fh7riJZTf0Pm8Dvl4co3/LvI/0/HSGVw9AElg1acE1Z3k2oIcdfOvY2zUUcxDhWvIc20MAhvfpyTsbPxzJV0qYacGtBL5AS15TQOZQ9JHWqfUB+pQk7YPARCbvn9K9az1JXnNNR7b5NsVcRCUK/by5GF41UkjfDKZUBQ9xdCDsT0ajZ55g0jZYwNYpYEiy94UVLWRC+DxKcWyPF3331MaD12RT8/g1/lWf7zLQ1rwfqe9z+9p+cn+aeNHeh6F9lPEWsX4wrj6XqmNbMR7PFYn2mYwGFCe57Tf7ymOY0qSxGztnc1mpp3xDNJBu8DLNI5j4/222WzMAVDT6bSyMMVjL3LeOEHWAcRFKAJ4iyINeG7y7cfwrrWlbasb+Z/LZICTAJex/XmxWFBRFJSmqfHenc/nNB6PzbPSoxyAKeLMzmYz+vr1Ky2XS7MlH/wD9O73+2a783K5pNVqRXEcm9PUwSPR06FffDs3t7N6vZ5pZ7RTURQmfi73bkZ749Cry8vLZ/UnwVV+nX9rv20f+WxTsgGr2jMh6UjyAby2Z13/XddtgKr2nJHvDxcr14jIyAHsDOBb9Pk4t83pAEOJqKKTcB0F4x75SqCW8yoBVq3t+JwlvdlxHaArgOLdbmc87eM4ftYuof2sKTZwKHLZ48dkR4SMizOY+n3SGVztmLig1bYdgOoYZHJSPvSgtAFUh87HlWeIYG1Dh1B+Xptcxv9rAIdN2y5EsbU9K6+5+pHNyP4W+gLRy2zf/VbqykU+uSUV7KZ5tK3LEMOKb73kAKoGigKUADAEI4MfsoK0tHmKgyDSkOIeRdKoq1uHbft5iFxxAbNd0DGPpaZtVLc8Ul+S8VPlVn8Jlrp4Cl0o4t9y0Y17PtnAA0kAhOCtiHK9dlsfWr/yUdtFJ65rA7TjoMZ+v6fVakWDwYBms5nxvh+Px9Tv9w14SPQE0uJAqMFgQHEcG49OxGu9vr6mzWZjrgM0NKBNWdKe6GELvQDruXzEafZJktBqtaLValUB/wAwgg8JJMk6lOAO72NcrvP6Q/q9Xs/EQwUQjRAG8EJFPFbsWOBbnwFK53lOFEU0mUxoOp3Scrmkq6srE6KBiIwXLADRKHqI+73ZbEzcSXj58u3WHMTdbrfmcCykgfAJPB4rwkAsFguaz+cmb/QN7tHIiS94uECSUv532GyuucSXl+25EFvK9kzT+dWWri8fed+100CCi0qi5v6+LGnwuNMGnqo8/i/amdvkfA7hiw2cZ7lYgve4d6p8Vi6UaX2B61paGpxv6fWK8bzZbCjPc0qShMbjMU0mExPXmOfddH55rflAzv22e9r90HS7oFA9og69ti5wpm7oDK52TC5wNZS0FS2eNr8Wmp7vndBVyrbCpM5qaJ2ydgk6n6pwsxm8bZQ3Vx4ueg0wV46TugqqjY4Z6DgkvdQiC88vRPYcY1tock2ChU2MGJ8B3ZT4+9gKy71OYYjAY4sbFOPxmNI0NYYvYt7BE48b/zZPDQkAyG1xoXUSathp5W5K2rwUKm9C+rjsP8dKGp9NAE2tjOgTURQRRZGJn6qFj+CeRW0AXI1kXE3ZTzVQQJaD57Xb7SoeVa9lvL42cTCjLbCK7yiKDMAGT1ScbA+Pr9VqRWVZmgOUkiSh0WhEs9mMiMiAevAKA3iCreuIm4r4nkVRmHAB8I7kZQPwJgFRPGO21z/K1svLS5pOp2ZLPbxA4bU6Ho/Vcss6kYAQJ9vWfPRH/hv3B4MBffjwgdI0pdVqRbvdji4uLipxH9G/4TG82+0oTVOK45gWiwXNZjO6urqi6+tryrKskjYAWdQ5xgnKDNBIhjIAKApAGAePZVlG2+3WgOJxHNNyuTSxYBG6AHPUYDCgLTvAUfYvW59jF9XnXHNEF7Jd61da2q65xCWXNd3FBg43AW9tB1dpPIBM32VhN8AD4pLCAxxgKrzRd7vdM/4lUKrNZ1zGgyceF1iOay0P8M7rhbefBE/BO29THuOVjzmArNvttnLwVai+aJPDIfN6G7zARXVtzZfQ/bQ0Q/SaUAzjTN8OncHVjokDOz6Qp6nx5FKsXM9r+fuekc+H8lvHkJLvuJ6Rk5i8FwrYfg/Upqy29mu6dbGtERWaB75tSnFTwPCYgb1Qalv/IeP/NQChUL4Oka+kl+jnoeQDumDcI+bjYDCgNE1pv9/TbDaj9XpN+/2e5vO5iYWnxe0josr2TX6qtg10xjcHYflCpA2sOnaq0/dt/TYUrKyb36GobZ+XQJD0TnWBlj5wvWn92OYS1+KABmhIur+/N16rAKFOnV57nCJ/eKVioSdNU3NgFRaQttstLZdL6vf7NBwOabPZVIBW7k0MD0ui5/2h3+/TbDaj/eOBWavVyhx6dXFxUTn0iutMMpZi1OsZYA7XB4MBvXnzhsbjMa1WK1qv1wY41g5m0xatfHXF5Tj4AlgJnnHY1nA4NDGBAdpkWUbL5ZLW67U59IqnvWOHUgGsBkA7n8/p6uqKbm5uqCzLygFiiIOK+WS/3xsQG/lgyzfaHPPH/f09bTYbE4s1iiLT/qPRiD58+ECbzYZub2/py5cvNJ1OaTabmbKVim7LwS1Otvp2gbG+a7yN2gBWTRaYQgDWrsm3MCV5kPoCYq1yvQFjXi4Sy10GXGbwOUare41HDrCiD7rKyd/j8gD5c+Ie2jw0CE+LA7p8oeHm5oaGw6FZ6EmS5JnOJutWlrtOe7ext336aV1qwn/X5JMHoYDrMeh1Z2pHp6/ZHRlxozMk3qrPGJCD0absvwTVAaJsRmPd9H0Gi5x06/Iq03FN9IdUNNpMQlqf0cDAOvwfapUvlEJWsG3pagsbocDqIUG4rupUW2Cou1CCd+ouvNQFMuuC103rqkm7cS8E5OkypDQ+bb/reAHYxjB/lvfnkLL62pYr3IPBoHLyMg6wwhbYOI7NNlmip5iERGSMZ2yp5WAR99bwlZHLcc4nr0/ZN9qA23WMWxe45jJYtHQ1XtvIha7ARF+6tntdGGIAdrgXky32ruQjtK6l8Sh/u8Aprb9pxraWL67xrcc4QIkfEmfTc/iY5yAD9Ep+snQb6nLec83T8sA7/nydcmhtyWPuIh5qnucm9qY8IAZebvwwJHh74QMvTrwHWcnjpuLApM1mQ6vVitI0pdlsVjlAixgoEkVPXndRFFW2lAMkKcuS4jim0WhE4/GYrq+vTX/hC1kasCr7tzaH8PxQFxIEJnoKY4EDu/hOBYSHWS6XlOe5OVxnv99TpMxX2+2Wiu2W4tGIfvrpJxOPFeXBgkMURTQcDuni4oLu7+/p7u7OgKRFUdBoNKJ+v1/hUca9hRcs4toCkB0MBvTu3Ttar9fG2288Hps2tPU1mz7N61GbB1w7F5vqOi6byGcvuXQcn34dIvc1uWsjm2yTdhjkBuSepgugLwJY5ba3LeyDGZuPJENPyPAzfHxIb1WtDSWveFaL0yrrRdNJeV3x8EvQzfBBbOg0Teni4qISskQSn/9cerCrj74UBnFI21XT8dumo133pflSdXmmw9MZXO2YIOxCgFVXGho4xO91xauLQoXZoQw8jUKNZx/ZJsRTEm4ugw732xrvx0C877cFTs70RHWACf5OnfHetP+9RL/VjNJQXuqAnK7/ITzawEcbbz5e8I05Cp47ABB6vR5tNht6+/YtLRYLur6+rgAj8GTixgE3wG3lcJURxgJX9qUhK40uVxm1PG0Kbig46qK2AKnPKA7Nr0uQjOfVpK+HErzMeBqageMz6F3Ah7wudSv+vOzDMi6fiwf85n0YRjsHAMqyrMQpluPbx38bA/DQZOP9EH2Tp83rHXIM3luz2YzSNKX1em2ARICTiNsJ4JC3N7a3l2VpFpQ4WMO9TefzOc1mMxM3dbPZGO9IgLIABCsyLooq25t5H0AYFvCFOKdcHtaR/xKcwXUAnCgjD3/BwWS+06Hf79N8PqeiKGi9XlOWZTQejysHheEdkz89xOju9Xo0n89pMpmY+JgIK4MYtG/evKG7u7sKkASv79FoZA4TQz7cA5F7LGLhEF6ACAORJAllWWZiyS4Wi2d1FmojaC3g05Neyo5z8VQ3n7ZjWMp3V154TvOyLh8eMn1CeqxKXvGbj21t8RdjDjxAJ7LZ3fwa9B8e4iBE75F1IndB8HFkS48vtsVxbLy48zw3cgmLEuZ5IuoJuYn8fDqxVv665MpDu/dSc13dfEKB5zp4w/HN6meqS2dwtWOS2xA0QzGUXJPxSwBndcEsn9HbRAnQFPUuAWaNjtFgqUOacsHvHTP5jEZbf+DXNCPlW6emZdT6iE/ZsQFBLsCnKcCqpfsaCwZ1QNIQAIZTCBCkeWvI33Xzg6cDYpMBTICXw93dndlettn0+krfAAAgAElEQVRsKttkYUTAI4h7UXGjhOdnMzZhOEjwKkTZ18AmV/911Z1P+ZVphMxDrrGh8VwHKHHx2iWFGtS2fhyafpMxJfN1kQ1Q5b+1MAQafy5+5PZT9F+AUIibJ3m39QM5/jkPXQAeh6IQmSnrqGk+3MOMyx8Ah9h6PpvNjFdXlmUGGI2iyIB8AFmJnjw4sbU9iqpb54uiMGAfDoBaLBaU5zllWUar1YqKojBenabPiToxdUBP7cq3MnMvOynzbHUngSkNsHHpUxKAgqzHbwCWg8GAFouF8ZhD7NPJZFKJZcnnBL7NGXWdJIkBVMuyNO3E+z8AUni5xnFsDrwiehq/3PZC28mYrQDEET/369evz+qQt5dtlPl01ZB+/do6al0Z0pXckf3fx4+J4b7f0+4xVvBms6EsywwwKvUGXOfjAb858K+VUZvjOeDKw35IeSxDqGnlw/jmfNviz+MZ6YUr88M4GY1GlZjQOHgP4UVCAONQ6lq/d6V7rPMdyIfbqO9UXzgAV2d6aTqDqx0TBC4Ppt3F6o7PKKhLTQymkGfrAgjau1Lpk+lqhob2nkbSUH9tpSaUQgBs/hx+o+5OZZKqo7TZyuYCVo/ZGD001QH9XIaXTfnxAUldjjWuyHaVbig45DICQgGYunz52sgGOvJ7XG7y38Ph0Big/OTnNE3NoVbYdgkvr7IsjdcQN2BgNHPZo5UnFBTl90KelWUP+a39d6Vpu6cZCdpco42tLuakpv0tZE7xtY12PZQnH1DsqxPXPd4/+ZZP+YwN4G07hpEvwLblcmk8nDQjWTOUOTjAP6dEdftBXb1TO1SGp4NrOFV+Op2aQ2+gr+/YgUYcCJThGzi4yg/KwSn1w+HQHCqDsAI4YGkwGJjt/gBqy5KdNl+WVIp+wNtflju0HjlQKu0GCQhtt1vjJcvDTvA6QbkQu5aXa71e02q1oizLzHZ7DoxyYJe3HeLVfv78mYjIeN5xbzu0R1mWJlQAr+/BYGCeQ15oW3y2261ZWMS7b968MfFeZR1HUfTQLtVKfvhSW+B5G/mA1jp93wVGVXim53LUl2YbuVJXdtpkLq5p5eR9AR6rANq1Q7FQFzzch+z/mrzAb5et7dOJuX6q6WoybTwnQwVI29gFSmJcYPEAMgh1hDEJr+82eo/12SjyjguZtq28bXl6TdL0zfLhT/B7ZzpdOoOrHZP0WuXkM0JsQphvi+HvtZkI6wxg1+RdJ10X+MLTDUmD//dNNt8SaYqxCyhw1UGdeu6CQvOzKSGhfU7LxwX2nDJpZa8Lovqe4flobeJSOkOpyViVynnT90PfDQFVuwJntHaVSrYrDz6f8Gdwjc9T8P7hBzPgEJCyLGm1WpltoDzmIIxRGC4AClx1IA0JW5klvzbAhL8baqRppD2nGcQuY6sO1e3vTYGn0DTrkCYLmugDGj9NymbrXxyUAoijGaldE68Xni8OKgLQxb35yrI02885oMY9J+E12FTevSS1rVsXGKER6g3PcxBFHoyGtojjmKLowWMVXqsS8Mb78I7kp5DzMiLOJzxf+aIUP5wJ73MPWQN60qOuX5YP4B0DRNFnOEBaB0DjNomUpUgbfTBNU1MmxKHlfREAUJ7nlffgLXd5eUnb7ZZWqxV9/frVhGXg25Kl/oBQA/v9nt6+fUtED+BqmqamrsA/xgnyBnBdFAUlSWIOE+NzIMYb4raiPPP53OzeAG9B9NhGLt2af7T7LnuwEajlST9E/w0BtkLGtksH0H7zOd6m46BN0YZpmtJms6GyLM04457WlYPj2PtaHFzNtsZHLtzwbxk/FYvLRPQMvJR1x2Uc/0YMVXkd/HCPW1vdQ9Yg5jD6PsbJ/f09zedzo/M9031kmpa8VLCwLMO2taMuyd/fD6H/+PJqm0+l7R8uqPd8757pNOkMrnZM3GMV5JqMNGFrAzCOBSzsCjDQ0gyZvLUJ2GY01Un3GOq2a6qj2L0m2fj0PWMbKz7l9nulOuCfNnY0ULUOgOW7/1KAVV0QNMQ48KXvk3+2vmpTLH1l5YCCVN6JyJyeDQ/V0WhUMRDAD0DW3W5Hk8nEnCINT6/RaPSMH62/AJCwGX0u0JTfcwF5NsBW1pXWHpqxY8vHl76WbldKu6svdSXX684RbeYUW9vWBRq4vOcGMd8KCuNUUteAJd/uiU8cxwY4Ql483h9/lwMG+/2eVqsV3d7e0nq9flZmzv8xkAs0cr3TtO4lWMi/+cIPnoXHvdlyzw5IAoBNRAbEI6JnwI0m6zh4hy3ycRybcAHw/MdW5sFgULnHQc6yLCvGuA9ItdUdLyu8bAEuo8456ATvTvTN7XZrvH0h51F+xN3mi2z39/fm0KnLy0vKsoxub29N/NnFYmFCz/C4tzgICzHAy7Kky8tLGo1G9PnzZ7q5uTEAKD4A2tC+CNEAb1mMHYwllJeXM0mSSrgHrW/VJU1u+fRQbS4KfbYJb668QmU5f86nH2lk052s6Ty2UZZllUPqEJ4CchZ1jfbUFiTw32UjSE9vqR9wAJbf57FXZfoa2CplONfRbHqhy67lfPA4+OBnu92a0Buz2Yz6g8HT4Xo8HwkOeqj2XIQ6eWJczfulqc74qguS2p4/26jfHp3B1Y6Jx2Ahqj9J2gANm/J5TEp116QJaxuwoU1UIQZoXaX+UMBkl4C1q0yhBmsdZU97ru5k0dZIrKPInhJ1uaASCgSCfEBqKGB4jKQZqbzvagqvrd5cxoTtnkumy7ylgh1Sr9IIkDzw2HPwksDJ2TBUsP2f55vnuUmXH4ICLywYu9KokLHQtLrgv13zoG9O1eS7D0zldabVo+2+7XmZdp1x40rXRa6+Vze/NqBC3Xdd8d/q5Gu7Jw1hbY7qWk4BtJKehwCEtIUPPCfHzH6/p+l0ary0OFh0avqfbRzangW52ofv7OJ1xwFUCa7x9MtHEAYgJ0BSHuaEE5dtXEZDHqKN4SW23W4N2IddAvB0XS6XxosWnq7gm5fPJi9DbA3Ic4DH+HDvToAxck7gZYD3qXaqOo/HCm84LNh9/PjRxJ/Nsozm8zlNp1MDsOKAMb6IF0WROSDr97//vQkXsFqtjCcxdlJkWUZRFJnwNjigajKZmO3PAFNRT9w7EF63PCxEEKFPot4bzhW+a4emQ9k0kurkIef6KIqIHvtUnue0Xq8NiA/Par4bAH0R4SLQH+U8g/9yjKFfa3Maf17TabT0XGWU5eW6maaTSg99XkeQPZh/iKgCsGLMId40EZkD82p5bitlsZXLRs/qh6cRVUMLaPq6j48mJNNuk558M9T2bpvvmY6DzuBqx8S3FXFhaTPOXQBgLcF04mQTyNwwlpOIbTKsYzTZhDZXoKUi7VJGmgjFupOwLR95rUsBbTOItDprQl2Bqm358AEE2vXQvNq8ayNb8HtX/k2A8jryyAYW1MmTp3VokFZLW5PVNt5c16TccvUvKed4Gtr4c4EPHFyAEs2VdS3eFgeC5MnWPH4dN2SInrbgcWCAb12T25/l/MjLzf+DJ346NT+cBHnIeYDXma99bEaArc9pMsYlkzl4YSPffNUUtNTmttBxJPut65m2xnmo7JL16Ov//Ltufm1JO6CEe4xz0vQbbTzw8YlyhNR72/7Tpa7ZpK/IOUAbLwAVuB5oG8OafMZ7iFWIhSJ4oUJ+cQDOdmAfb6uyLGmz2RggCFvXh8MhjcdjEyIAYBHihspt7ZJ/KUclH3LsRlFEo9GIhsOh8fDk4Q3gOZrnuZH3qAt42vK0uDwneopLCw/S3W5ngJzhcGg8eO/u7mi5XNJmszGHSXEvPzlHFkVBURTRmzdv6OLigq6urujz58+UpilNJhNTV0VRmDkBIQTu7u4oTVOaTqc0Ho8pSRLK89wA58PhkIjIgM0auPps/nioaLXe5TWX3Jd9k//nsW1Nvh6ZpfUR7f0Qu6WuXSr7qc1W8F3j1zUZh9jFy+WyElcU8hT99p4tluAgOC47oMdIOYIPH3u8PFxWEFHFrpftzflHe/LFMqnn8Hz4wWtIy6WL81jERNW5B+8jT/R9xGK9vr6m7XZrDtzDwkj08KJVj+L8av9D5LyzT5elOdzvsRBm3HU+f6PPWdI2V2rm66of7b+81uW8e6aXpzO42jFpg8M1SFxGz6FBhWMjDZjg17W65UqIpkCceh26DPdjo1AArquyHLJtQwzLU2gTSV1M2C/ZzpqB2VW6rrSkkecyEEKAKC0vW94yX1v6Uh7alHypnHPlXpbN1u/xn3t/SBnMDxLhCj/3ssO73DBBzDu+VRX34EUl3wEvNiPS9j+0b0rDuMuxfgi5YQNgbNcPmXcXpLWjDQAIMeZfg2xjyKanSOJ6D7z78OxLlPFY61G7x+WK3AYMcIE/75pPOMgqPeLg1arFU5TtymUZPO4AbI5GIxMfFKAG4khGUWQOWtJktCSXrqKNdYBR/KCnPM8pz3Mjc8E7PDwBssLTFodBSf64nEcMW76zYT6fm7zSNDXgKxGZxTPwsN/vaV+W1I8ic7DVx48fDci6XC7N86DJZELD4dAc4LPdbun29taAsajX7XZrQDZ4z7p0AdRlRE9gC3+aA6NaTE/eH+R/TbZpPNSR2z7dwpVXU3kaAqjxNF2AMAc5cR2LENg9g3ii6Cs8HB+Adt6PubcplxVaeaW+ApJyBLzya3zMc91Ikz3yHY14+jLUAOeTe7u6gE7+3v39Pa1WK/M85J0MfeJq29C+1ooCxmYoPSsH9AgvC/XL49IhQ+2BM50mncHVjkkarkR25UebUDUg8Xsirfwugz9UuB6LoVCHjrUPuICkkHpuC769ZFvWURjrpvHS7etSZiXxcSi/m+TbZVnbphfab231U6c/aEotfnPiCi/+25R+G3gqFW0OUPI649tXOfBA9OQ1o3k/IF3+nyv83KjUZIQ2N2r1wr2mOLAhy+ybIzTjqMlYdvW1Y5DRtnHdRm61edcF9oS+L/u4C7zidAzzPB9bLlkVCnTAUD/EfOlK8xjqMpTKsqQ8zynLsspWYdwjqnruE+n6uLyPbfzw6syyzLQHZB/30ue/0f6Qjzy2J0DWJEloPB4bnhFOAMAkQgnYdF3b2A8B9nq9Ho0eY6nCo7Msq/FJ8Q6X73xHwrNDucSYBXgLgBWxWzEHAVBN09R4t8JDuCxL6itzy3A4pB9++IEWiwXd3t7S3d3ds7HGtznDs7UoCprNZpX4twDlttutdVu0BLFMPsoczoE7bf4M0V1ceodvLqo7ZkNktZyfXeMmhAfXGNSuox8BkEcfwOIDntF0Itke+C0XZnk/l2lqeobN+5TrSTJ92Y94ObX8Nf2Fe3hr9aTpkZz4M1x28ZAzk8nkWegPTR/V+uJL60NS3vioqe1gK6uvr2t9J/T/mU6bzuDqgcgWRLsu+YTxt0ghykcXBuQx07G2b5f13aQva8aE9n6XfLYdw1oabdr3Jfq8VPBCv2Uah+rHrnavAxhodel6JuT5uuQCiSQQqbWLlr88xCeEB6mUc+Va8iC9G/h9eYiKPFgC7yMfGNlEVAEt8B/AEtKVJBVYzfjjPDbtk9wAavN+3bRc7RfSn23v2PIOMX6bkC0/DkzZDFrNcD4Ej12QDVjlY9ZGmnEsy/8tUah8wrO2PlSWDwcr8e31SZJUttgTPY9XaEsL35BF8N7s9Xo0Go1otVoZAJToCVTlC1X8fd6OKEee5wZITZLE8Ivt9PxwLV+f4aCiDQzh5eZlLKOIkiShKHoAfgG0SOAYW4axtRj8DwYDE3IAoCnSh1xHnMftdmu2awMcy7KMiqIwh15huz8vm5wP+v2+2eq/WCzoy5cvdHt7a8IaIG/OOzwfMY9w0JvXtaueiewebhqQ59JRXH25KUiqyRuNXACpjyftdyjPTcY6+s56vTZe4wDI0X5yfgBv0Cd420AnkaEoNIAT/3naXO/RnuVpaZ702ntIV5szeLquPor7chFJA/H4IjrGeJqmJs/xeGx40YBimZ7GC9Ky6bYhFDrvhepTbWw5VzlD36kDqB4rBnCmMDqDqx0TJm2fARM6cKRgPw+4J/IBLKcKRNcV2K9BXYOsbUCGOspdU+rKuO2q7V7DyPYB2T5lvut+q6V5iDya3GuSjwRRpAcpN861/KVSrin9IG3rrAZYyQNTJC/c8NUAXzwvAQ7JGwdy4XVkM5ykkeEDsEIASAnmyee5EaY904RsBloIac+75CPPz/d86P2uSOtTNj6OHVgFucrhmkuk3sK3GcvnDkkvXa919FsbaF2WpTl8CZ6K4/G4EsdUS8MGtMoYif1+nyaTCSVJQhcXF7RcLmm1WlFRFAasAQBJ5O4DPO00TQ24CMAQW56JqOJRqZUbQCxCqwDk5DKeb4vm9cAXtcbjMf388890d3dngErZNmVZVgBT/gHoycMp4DkONqVpanjFZzabGW/eLMsoSRJz6BXyBlAG0BQgL/i+vLyk6+truru7MwDcYDAwoQnAP0IJoI6kbOdkAC+iSkgAG0kZ5gNkbPe70JfqADc2UE97XrOv5BzZRH5ocrEsSxPzF17jsm9zviQY6cqHe5/ye1KHkby5wHGt7WV7YzxqIe18OpwMLyDrmqctn+PlkqErcA0AKxEZgFWrO+2//G3rw3X69SFs+EOOK9+zdcbkmU6bzuBqxwSlQq5wEYUDrdp/+fnWSJuQXUYIv++jUwKlT4FPnxFvozZlO1Yjug6dQtu6iI/HJgbASyx2+ADgkPfl7xAgq+4zUiHm/2WsMc1bIQT0lfWggQvSSOIKOPdAtQG1Mh4qf59/5GFW0iOLx0qD1xIHA0LmUs0Y8tWVfL+NYRv6nlaOtmOibn/05feS8pbXuRwLtjH4ErKkCbkMa6LnB2zJcS+Ncw5cYYzYALsm9C3MqyDeJwA2brdbiuPYgJYuxwffmIGXKhHRaDSiN2/e0GQyodVqZWJBbrfbZ9uVeToIc4J+zkFWxAlFaIM4jimOYyuQxAmgIQ7hgjcpFqoQ15rLXR7XlBhwinLd3NzQ3d2dSQ8etagHLt8BYBKR4Xs4HJqyET3IdhwcxeNkcpA0SRJK05TW6zVlWUaz2cx4siKEAJ7nnrRRFNHFxQUtFgvDN7yYcXgVwjsAQMK7aBfbYoeRSQ47hINmEriqK6N8oFRb2WcrZ2j+/BkfwOqz4TRCPaLPpmlqTrfn+oEGWkpe+QIEH3PyfVdZbeX3eZHyvCUmwPUqDQSVZZDl9J01IkMwSd65h7mMTYu4z1H04MGq6V+2ugnBO46RXP2zDkDqezc0zVOquzPpdAZXOya+YgtquloROnl8K6QBrCHvEFUVvVOjUxakderbpRR21W6n2gdCqG3ZbACZ67lD0KEXO7pM31cXTeqKA5BSKeUHMcDw5Mq3VMZd/Mh5iOfDjV4Zk1WGA5DGCDc44cW03W4reXI++anUEtxAOjCUofRjmya25MJoRfociAoBmmV+vuc0cKQrILQtHaJPdvl+0zxt4JENFH7tdrARN+ZdJMEHDtDA+ObgaqhhferUBjySh+cBzCuKgrIsM6CfDBdgmw+5d6OUHQD8kiSh+XxOt7e35iRzeZCftnigtT94LYqC9vu9esifRtzbHwdjbTYbAyxrIC2+B2yXAACsOI7pxx9/pMvLS7q6uqLr62va7XYGsEV/1BbeADQj79FoZLxrcQgWj7taFAWVZWk85SaTCcVxTJvNhm5vb2m1WtFisTAeyBgP4AHlQr3PZjOaTqd0c3NDnz59MrFW/+mf/omIiP70pz/R7e1tJbasC1zlpIHavP/wj/Y+v4605O4QKQtDgJc6csA3rurMkRrAGsqH5EWT84jHyxcMAJJru1e0sB8YVzZ7WvJqG282GeEalxpgyutOlt2mZ9jmQJ4/z4uPC1kXki+8D+yCh8+AB7iLXP3x2MjWTnVwmDpUp27OAOu3RWdwtWOSXjdSuIKaDhxNUNvoFBVu1wStGeX826bUNKnruiutL1nXUpmRk6imFHSZL/+vKViSRxf/XVFdQK1Nn3jJSc+mEEq+NKXclWaT/ir7XahC4kqr6ft13/UZSbhmM56069pY05RjXm988Y0bdfCgwXUtX24A8jEvvZGInowMpMM9FcDjaDQyh31gWytOJecymIOvSA/bOpEuQADpfQcvJyjofGvndrs1ynxZlubgFg6sElHlBGlZN9ywkHXH24TfQ73bjBvZvq70JNnekXRIGRIyvl1Ags2oC6FQoFuS9OLR5hSN10OST8bZ+NO28qNs3OuPX5fpADy6Z+BqURSVMY685JjQDHef/Gs7J3TxvNb/+Hs+oxR1Bh0cXm7YQg4vuOFwSNPp1Gy/54s3Uqdx6e28LQEIvnnzhq6vr01MVoC4EgDBe5Df/GRx9BOAmfIQG8kH0gQwCkAT4RHgCYu4rjwWaVmWFZAS/EDmJklCv//97+nt27f017/+ldI0NfUG+U1U3WUA2Y78kW8cx7Tdbk254YkKcHW/3xsP08FgQPP53AA9nz59oul0SpeXlzQajYiIaPdYZ1zmgu/BYEAfPnygi4sL+u233+j6+pr+/ve/0+9+9zt6+/YtrVYr01dQZvQb2d62cS7tMG13he1d2Q80CpFxWl+Vc5A2t9WZn2xjQvZjTe7wj5aHbD/0zeFwSHme03K5pCzLiKiq8xA939GD/zzOrjwMU9qJ/Hmpx9nqw1ZfLllhk8dcH+Fe7FzX0RbJoUdpehHPk7e97I/aXIJ62+12dHd3R0REi8WigmvIMsh2d8lxPO8jqYPy9ELsMJusbMKTVh6XPA5Nw9XH+PNN5uUzvT6dwdWOiQeAtwmfpmQzPr4X4hOIZmS/hMF1bPRaZX7Jvvc99vXvhTQDo06fbiJbbcCqi6/QPhgCYmjPye31/F0owfD6kZ5t0riBsS6VeA7swoDnp0RzbxCufMNgluWCMQueuZcVj4sGsBRAAdHTQQ/whOJeetj2SfS0E4QDGdwAkV63eAf1I8uitROvO1v7dSVnu5bXsn+dopx0bZV/TaoDQOA/+ia/FkUPMRup1L2WQDwWpHl//3SaOfo8xhnSx/jj41cCKU3A9lMhrhdzWQSSHqrb7dbESpUxWdEu/X6fKIpMm/G8QKhzXIM8+/jxI02n00qoAA4kIR0uv+G5D5kKb1jIRp/xz0FSAMa9Xo/iODaerPDcnUwmRhajT/E5g2+5B/+TyYT+5V/+hW5vb+n6+po2m42pY8RajaLIzCXcKxWxVMfjsTmIiMd6hXzPssyA4PBQHAwGdHFxQdvtlvI8p8+fP1fisaLc4Bl9AHWRJAn98ssvNJ1OabPZ0D/+8Q/a7XY0HA4N8AZ+EGNWq1/fde5NGxoOzpVeyDvSBrLNYS5gp+581KUurgF+4AdhMhAOAG0kD0zj8lSWxcTLDbQND2lLgU+b7Oc8yoVfuehDZPeu1dJ0gd8ab7xO8zyn9XpNk8nExHLmcfB9Y6NNnYaMO9c911xLVM/mcI2r0PdD+G2S9pmOk87gasfk8q6pM0g0I+88yKoKLZ+Ice97p5fsJ3JlUV7vkuoodRh/NiXmTPWoKfDpoq7aRntHKu02cvXbOvd8aXPlFf+5EsvBJQ5+yhAzfG7hACPS5AAl0ZNnFV/ww3XuzcUBSo1PGItazFYex4+DPACDYURzD1fwEEWR8WiV74L2+z0VRVEBYSVQwfmRBgUvh2bE8edk+8k+1GQed1GXssjWJ13eEU3T7JqOFdjzGWaasaV5rD7eNIfhlEQUsXf4s7Ifc9CGiMyBRdoYxVjk3qy2/u0z9l+SbDyGEuefL9gg7qqWNsA8yBYcVCUPYeLAhI13w0MUEUUR9Xs9ms/nNB6PzUFVq9XKeJByXqVMR/5xHFcARBfJRSa5EAVv0CzLaLPZUJqmNB6PaTqdmrioJRFFvZ7plxz0hQweDod0cXFBSZLQarWi6+tryvP82SIgl694H20xGo1oNBrRbDajsiyNJyvfol8UhVlgw/NxHFOSJKYMRVHQdDo1gK2MBYs2RjnevXtH7969o/V6TV++fKksZGAO1LY/SxDPdg+exnz7uRxbLsAkBEzh6druud4HtbVFeTp1n1dlI1XHURRFlOe5CQeAfijHJs+P9zntO7TubaQBm5zfEJI6CH/PFqLJxx/XmaQ9JuWKC5DV8Aaih1Ab+A+AGwtDcv7g+bUFB7mu5er3NpIL6/K3xpftnuxPGq8uCnmvSZ8803HTGVw9EPkUxrZK7TEoxS9NmhC3PaO9c6xGXBd0LGXTQKkuwYi65ZQT/rHU05mq1LSP2PpXiOxtorS16T/awhvRUx/lRjLnEwYgQgdwo5/HvtPijeE3B1P5dk7whWf4f86bzBf3eb78ROayLI2BDM+k+/t747nEvW+RJ9FTzEQiMmUeDAbGu4wDEJvNxvCq8cv/u+SSTXnmAKv2HUKawWEzvkPIBgRr19qMqUORi6cKUHUEVJcPjEMNQOBt7qpdPi54XEm+7Rr/kS76P/fs4h50mpx7rbpuInND00X80ziOK0Azkb5oBRkFOZNlGQ2HQ7PtnQMSEmxFWrwe94/gXhk97TRAenEc02q1os1mU1kg4vKL84p3Q+WN7BuynlE3/X7feJMCWI7j2BzCZYtlWZalORxqMBjQYrEw3rk3NzfmMC7wzw//4nylaUq73Y4uLy+JqOqVh3kO+WFXBEBZeOIiHuvd3R2laUrT6dQA6kiTzxMAd8vyIfTMTz/9ZNqDz1na9mutn/Hf+MhFjZA0XICKT1fV7EsJJMl52zXP+UjOWba5sIl+Lt8ty5I2mw3leU5l+bQ44JJZWr13AfJp72r5uEA7m8zT3tN0Q60sMi0JsPLrvK20+Ugj/hw83xFyhHvWSl1a41VSHd3JxpcvrbrXQxdCbH3PRq4y+PrUmU6bzuDqAQhCjBuRcuLDc/iv3etCQH2r5JqI+DPfE50ycFhnwj3lcn5rdIqLPJqS6jNk5DMhz1Msi8YAACAASURBVMv/yFcz4uS2e7lFX27FArAqDWnuyQra7XYVLy5eHs4L90rgHl8ytpksm5TDHEwFgIC5EHEBAYbAgwjGLU9DhiSIosicWo2tqACcbaCH1h7yug/wCwE4NEXZp4gfetzUBV3rytU2hrQv3WOXKZquIT1GcV0DQmzEFy+QJmIi8+3hrjbEONFAnybAyrET6goeqFEUmcONtAUcDqbhPsBGgI+IEwqQVS5c2eI0mvYhovLxmX6/TxcXFzSZTChNU1oul7TZbJ551QK04CFgwK+P8IQ2t/Ht79hNgDkhz3PK85yGw6EJF0D0CFASUU8Bf/iugzdv3lCSJHR3d2fCIPCQMHw8DAYD4+mKOQInk8NrlMtw3v/3+73xgu31eiaubJZldHt7S4PBwHgfI24nD42D8tBjOh8+fKDLy0u6u7ujq6urysGRlXpV7DEJePFFENuzMj3fPKDpENrcbeOZyyN53Qd+aaT1RWnX4r5NpthASC4jy/LpUDceDkADITXgUZO9Xc0lLnuzSX1qcUX3TGbIvGV+LoBV9kEeRkkNWyPaQPblLMvMGE6ShIjI2ucltan/EHvPl36T/Jvoc3XzDgVXv4U5+nukM7jaMXFgVQofIjuQqgGwp2BkvBTJegx5Vrv+rQuqb718RHpfcE2A2vvfQz11RZpB3lZhkr9dhs2hqUtQyXWPK7BSAZYACP/A64bHWuRGI+YbGSKAp8u3ecLDh+chgRuuYGsecBogyvO1GQvy1F4eBoAbxeCz1+tVDkGBsY2ycG9epMu91ORcK8EvzaBwtZ+PbAZ4F3051Gi1XeuCDik3T1nXkWPECTIQGe9VCZpwwGa73Va2QWNhgvfvSrplNU5yFEWV0+552BBNpp8qoSz9fp9Go5GRlZAneZ5XFpa4TATxOsuyzICO/5+9K+1tJEeykTpTp+3qrpmend0ZYLH//w8NFlhgZ+fqrrJl3Ycz94P86JfPwczUVbarFIAgKQ8eQTIY8RgMYju6xmRlmVEAuZLEMgm1AtnabDZDuIDFYmHT6dTm83mhXfM8D96ZdanRaFgzz+3JfMDLzJfhiGuKugJU5nABvMjHccGTJAk8TdPUer2eLZdLm0wmtlqtwmIe8wpxg+HJO5/PbTqdBo+4brcb5gmVo9vt1na7XTikDPFYB4NBCPFwf39v7XY78Bh1oI4SwDuzfciCn3/+2YbDof3jH/8IB/h4fUt1Fv5oOI4qXSYm52JjkG1K/c+yQ8uLttLyetcOIdZbVBf0ZJL3XuxalmUh9q7Zy4Iv28NlbRHL+5C5+xA6ZJ6tA7SpzPB4xrzwgFTVbzRv3f3Az8XKhvj8s9ksyA4GiL26eW3F+dXlt9b3HFTWT2NjXq/FqKwfct51+sOVPi5dwdUzk0523n0zXyh7k5Zn8B46abx3OlRglk3mV/px6FIAwpXens6heJ1LNh7Tz1iO45uVYTbUsWUfxAo2PHb4HTZa2cMT9wBgIm9sp2TjhEEGTlsVdoAHOvfgvrf9E1v5cWp0nr94qTKYyvXTk6fBD/wGaAKjHUaXGpZcf3i9aKgF3lFSt88c0pdiBus5DA0mrfulZeEp6ZfVr46x8R6IZY1Z0YtRx0ZpGvuHCmmavcRG1v6TJEmIK4lnOVwAP6fhPjwAEWljPB7Srt+yreqWi2UVQiNAtgBgw4njKgNZ1gEAhayaz+fBoxWekjjoKjFquyQJwJ2JvFR9H2WEJ+tisbDJZGLz+Tx4T47H44JMVC+2Kn7x/KH3GFhH2w+HQ8uyLMRjxYFaaZoaFrE07AynjXKnaWqdTse22609Pj6GQ8N4jkGbAJyFTN9utyGEAmLfsvc1nFUg/xFiBotww+HQut2uLZdL+/r1q3W7XRuPxwGwxbyE9sa8tXt6sl6vZ3/+85/tv//7v1/x1Nu14QGUGk6hLnnjyLMLeZ6PLa7wNe7nuqiC9uOdMXXkM5f53HMNyvD09BRi7vL49MKheDaxlq1uWU+RZ2V5xIBR1j1YVnh6lpIHaCsoy/c4b43pymNa31fdEAcBsgd8VZ+PgZJV/I7xtKo9j31Py+T9PlY3PLTuhz53pfdJV3D1zKSC06OY4VUFyurE+b2QNyEyecqGR2V8+R5BOE/peat+cazRdWp5dRK8VDt7CstHHYOH8sgbV6zQmb1eea8ai6o8HstLlol10onJEq88nLanpOK3ApJ4J7YNle8h5h/ny1uAEWsOz8KDhxVcXGMvVvZONTMXRGFvLVaS+ZAqPKdAqoKqyAsGHADQdrttu93OlstlAIlxj+UVFHWO0Qqe4T14tHAMWqSlXlVcHnhMtVqt4HHB+bDh5s1DaryhfdlQxTXdclfWt6qUdp3vzynbdHyqsRYrS9kzSt+bEaGyxuyljz053qCxNLy5RA1ejP1Op2Pj8bigV242G/v69atNp1PrdDp2c3MTtlgj9qUX91IXGhCbFGEHkD8DOBjPDMp6iy1MfF/rzLIQ/+vozFU8RVkhZ7A4A5ANizNmFrbDw0Ne2wGAIsBAgI7wlOz3+4X4npZlljQa1ojMeTruGWS9ubkJ4QJ+++23EEcaW+jNzHq9XnSe4mva5joX44OFKQDHWZZZr9ez8Xhsm83GZrOZTSYTW6/XNhwOAxiqcyIAuoTmkDzfe95+/vzZRqOR3d/f22w2CzsSUDe8i50J+N5ut4UDt9iTlecqjse62+2s3W6H2LGr1cqWy6X9+uuvlqap3dzcBKCYF/uyLLNGsj88qd/v25///OdXbacymr+9uMZlYBrzT+cRfUd1BQVVPd2E25nTxXtaXgZdteweAOhdr5oXdJ7XnS54BrRer2273YZn+SArPM99nPNlOcV8R1oxILDu/HPMHFiVBpcT5eP6YszwAoFXdvQTb7csnkObc6gFT4arrOZy5nkeZNRoNLJOpxMOvcIYRhrcTjofxEh1En0nppN7PNU0Y2POa3+Wl4faFF59vDGu5VSd8HvELH4kuoKrFyIV7kznBGfqCqrvgWITetW9K70tlQFtV/q4VEfxuCTVUZKUqhS8OkqNZ2gyaIDfAE3ZMIJHJ7xweJu8B0jk+d7rio1TxKfDdkiUhQ0X3orKwCMMFnj/wNhiDyNP8dOyqdFo9nJSN4wALR+8k6B4A+zENk+UCeAG0oa3EvIBIIC01GBkMFoBZIQYMHvZcsjAEXiHevKWWPb8iSnLVXTseHlv81odQ+lHoNDuJ8hBNWYxblV2oN9hbIxGozB2sICA7d0YX+xdxIApxh3GCMAqXhzx6gkZ5AHEIN6Cr8DeOXVfLpuZBY9JXkCBF+ZwODSzF5mAurKMBmgHngOMxnPb7dam06mtVivr9XqvTqpnWaLe+Qyg8LeZBdC22+3a4+NjAFMB4LKnfhWxbFI55fUzs/3BgNvtNnieAmRdr9f28PBgnU4nlA8y1MxezTcKoqVpap8/f7bhcGjT6dQeHh5CvTCvoW5Iw8yC5+JqtbJ+v2+9Xi+kqfP9er0OoBLmBHgZL5dLm8/ntlwubTwe283NjfV6vTDvMni52WxsMBi84qcCj9yX1XuVea66QVnbeaAdj33epaE2pfefyQNrGFjleuhzsbLF7sXqVQbEIn/oBwx+l4U90Lp59736xMpZd+6OleVQ8vSIWDlYVujClZaFdy7wddXZcE13UMXeMbMg++HV32w2bTAYvAK0eZGf+5aWyeOJx4sYyFqGr5S1TVl5vDyr2rnMe7esLHX5cqWPSVdw9czkTSSxAcaTnb73owy0ukqHCtNDjbrrStDbUtkYOHdfV+XjRxlLVeQZWoe+p9djhtwx6Z17fJYpwjGQjO957+p1TwlkUIHlFgxTeGfACwFGlG5Vh1cOrsHjh70XALRonqxk6xZOxCzl+xofT4FWrrv+h9INcAeGER8oAyAH4KcCOTCo+CAX8KPb7RY8fGGc8xZeNXhRTjZM2FuKDVc27rkt1CD1ACIFkM5Fp46FQ98vAwHK0jpWpnxPhH5mdhgPyoxDvc+GK8BRLJqs1+sQimM8HpvZfpwDaDXzT1DnRQfd9o2xgYUcvIMxrOPBM3Z1TOhYidX/UOLxDuAPAOt2uw2xWFEvgM78LstMLPIwqMXPIyYrQFYcogQeZVkWXbhR/ZVlvnqoQs5VUYz/nI+ZFUBInrdQRiziNZtN63a7wRMNYCfizyLUAvd7Lgd4iP7T6XRCHFmcOg7wFosAuoCQZVlY8Ht6egr5MtgNPmFexRjAs/1+39rtdjj0ajab2c3NjY1Go8LuB/ABfYeJ88G3AqraRl6f1mc9O4/bUAH+MlCpzhjywFVvvjyG6uh+Xr9UHkCOmVmot+7+0bKWzbtlOt6xdGpaOsd6v1UPxDX0B5W/XE+WU54ep/oMyzwto4KjSAdzwGKxsGazaWmaFhaYMLa03qcCnvpbx0WMx1V58bWycX0MVQGoZbLjEv33St+OruDqO6AfdQDVBVb5v6fA/8hG3XulH7VPfxSqO26qFFf8fo9tfWiZjpElrHiyjPKMRRiKUDxhPOO+Anog7z+DgOpJhnJpumoQq9LMgCwMbgZEtDyeHObnYaTzac95nheMZKSx2WxebdEFsVcY7sMwZnCZ0+Ny8KFXbGigPdjQZECE20K3+3sAqz6nVLc/HjOfHWNs18n3kLL8iHMxg5KHUAwMM3tpmzLAFoASFjY6nU7Y+swe4xhXALSwBRtp4jf6Ow4MgtGM0+NxH4scALPwn+eAWN3UWDx3X0H8TZQfv5MkCSAzwD4GnSFXEIKFt8szr5AWQOblcmmbzcZWq1U4pAn5sjzhujKgifzx3GazCfkxqOTJ9xipTPZCNOBbgWMcWoPdEfCKxqLZYrGw9XodPEMxB3FdFRACyIoDqwCgccxUj1cAkdAWy+XS+v2+9fv9V3NtkiQhTTMLoA/CamBsLBYLe3h4sMViEWK0djqdMAcgDANTDCRi+VnWztoeVW2nC388J+N+mayv6ic6p3P6h+hLqg+UgWEsX/C8xy8NbRTTaaqAVa8sdcC2b2WzaBuoDhGrU9lzZUCcd88br1oejG0FTVlezefzwiGpCspyvoeAq1XPePqe1iPW5tpvVCfkvE6dozy5G3um6tqVPhZdwdULEw+qbz1gvrWhc0j9jlEWq/L2FB+vXD+iEfgtKdbny5SHS9O3yrOOEvdeqGoclAGrsWunjKu3bqOYAhQDnVjWsJeFWbEu7G2qijyv+OM+GxgMfiCfMvDCk4P8H55bUE41Te99NqA9IMkDGhlEhscUDGoGEJBnr9d7lS+8vzhWn9nLYT5cBzYGuCxemVGucKjJcxxX9j5LkiSEKgDohDZU+XbI1rcqus5LH4d44YKpVK6KEajjPs9zy80syYtxTjEOsmwf3xWgE3tfs1dfs9kMYBQ8XJvNZgHcYiOay4HrSJfrwqfIA2TFR0MLxMDjSxJ7pXKswtVqZUnyHMe227X2M4gIXkDWdrtdM7OChy6IPdu73W4AhLD1HF6sAFkV2GRAFf+TRmMfs5V1JUcWV/GR5bcCemWAH7/DcRg5tES32w0Aymq1stlsVohxyqFnFEDT+Q1xflutlt3c3Fi327XFYhEWA3TuAwEMz/O8wF8QnsfuDvRzxGMFwIpQAff399btdm0wGITY5Z7M5oVInfOZYuBWHWAJ/NLdFB745Y2pGNjq6Qd17tV5Xp/x6sl9N2aXMYDH46KsLFV0KPio755DD60C2Xlclo1t5h2DiV6aZj7Qz/f5d5VtxvMDlxllQrzu5XJpw+GwEG7K0ye9ssSo7BmvXqpX63Nlaauu7D1bF6iNldWT4Sx7Y+Oojuy/0vukK7h6AdJJUJUebzC+JfB0Lqo7edVJx/sG6cSkIII+67330cibPN4jHcPfc9SpanK8kk+xMXGqAnTMO8f0nWPLULUAoP+rDBX24mFjAe8xwOdtyYPB6W0FZfBPwQ9+n7f2m9krsJBBUq0TrnnbBNnAZN6x9wMMadwHEIpDuPI8D4Z6kiSF2IZIVw0tbFHtdDoFEMSsuCWMtzeDkCcDuFxu5tdmswkeTniHt/Xyyex8DXkfc+o68z82Buum917mtPdSjm9FHnBfKo+S/Snz+58lHm35HmDltNHvd7udPVF/AzDEcizm+XZzc2NmFrZ6r9frsDUb/RoLQUmShG3ZAK10sQcxkzGWALACmGPAhOXPuUFXNvYhV1BelQvgLzxMefEE/AJwCEAPeexffTGG8SyA7+VyaavVyjqdTiFcAJ6HPMufy6ByGPw3krPswVrGs7p6N8svAPSdTieA5pwHeySj7fv9fnh3Pp/ber0OgDLLctZXuf74gMeIqTqfz206nb4CtVEeLHTN53PbbrehzADTeU5Ee8CDG7G+Eabg7u7OVquVrVYr+/LlSzjMiw9WAukujzKKPcM8iN1Du/B2+Biw6gFsdfSWsjrE7lVdj4Fy+lv7BesSeZ4HT3Gta6wMh9pDMX1P7x9CXvli7aDXPFu1CmxVgDNGMf2W9SvtX7oQxPoOe6xympgrFouFtdttS9PU8vxlp1CQZw6P6tppHo9itl6ZLl/VR065X3Wvrtyu8/tKH4eu4Oob0HsHyC5F51Coy4SVN2F9dNL6frT6eX393P3/UMXwSkU6ZtFBFZyPBqyUAaxKZUovG0LspcMr+FBcOVYqK+a8/RTKLMdaWy6Xr95nb1i8B0CBjc08fzkQip9XoFS9Z8v4wKArAB4uB3ugKHiBerDSDY86NSDxLIAczlOBGvCNY7bi8CouE9cB74M32IoK7yezl63C2C7L20gZdDhma7jyterat6aqMryHMr4VMVjA44jlYow/MeBD0/Oe423k7B0J2YOt/2YvXpwAlvB+q9WyXq9nu93OZrOZTafTwgICZBfCbmDhAWMYnu8oG8BMPtzJ82rdbreF7aPn7j+QF/CoRDkxnhkAxQFgZha8fPngJPAVz+G/hlHA+7wVFjG1PeAxy7I9wI7+si94aBte2EHaB8mWJAnpvVx6HQOcvc7As3a7XYinysAKvKTRl3AwFB/y1e/3Cwelcf6oK/cb9J1+vx+8SB8fH202m0XrjDZB3+z1eqFPcnxgXihAW3A7Ix7rdru12WxmT09P9ssvv7zKLwYOcXk8T0sts4KF/B74wB+PT5q3ygfvniUvCzqoAY+6uqCSgj3KA66bJ9dQJpZxXE/WTarCYNSxJ8p0mWPsj1NtFi1P2dxQVXbvt6Yd6yexfozx4ulHeJbjvfJ8gnkEcwXrbWVUFzSvY995gHVZm3nztfIE16v6YpXtwLq4l3fdtK70segKrp6Z6oIOdQz69wrCfusyeQJOBZb3TpnwPuT5ukbAW7dVDIR9r/3ImxCrylk2+R0DEh5KxygMl8zzkPpWLUzUpWOVA+/5Y8sQK1fdNGIKqEcxWc5GDyujMMgZ3AyGtRgTMFhhVOMeDmJpt9vB6PROsmblDWUB+Ic8GOTVrakgrgfzxxujXF8ALqgbPG/ZQIKHUZZlYXsuAE+UvdPpFE5xZi8iACOcL8t/BViRHkAeBUX4uTzPw4m3AH0BAsH4NrPQFgCwse200+kEYFj7i/4+hKqMgtj/Y9ONPXuqkfu9kNYN4xnXvBh2r9Kwcm8aT854Y5A9AAEywRMVQCe2QfMWefaYh4xJkiR4tGZZZsvlMgBueHa1WoWt4QDh1MtOQV6zly3gALfg0cqhC1h2YTGGDXr2Vvfagfn29PRkw+HQhsNhYfEFiyKIkVq2GAJZpnVy21N0dA3NsFwuQ4zSXq9XCFlQWOwhuaTk7TJAnXkeDnKdDv5TUJX5xiB49hxmAodBAbDUnQmYy8ws9C8cUoX27XQ6NhwOQ6xePpAR/1FmePIyyJr2ejYcDm0ymYRFRW0bXZjjsiI93dWBBUYcjoj2RZzi6XRqj4+Pr/jP/TFGdXctcBswWK/jyANWPdmiz/E1/W1m1jgAOAp8T/Zgfdm40zy9eYEXI/U+L7byYiWny+0em2c8YE5JwUPPM9zTb2OgZCxt7zkFLJkfvNDDepw+r/HnVV/zdlKU9R2dv/TgUeYJywPtO5vNxmazmX369MnM9u2Ig1NjNp5+c9liHuNl9nvZ/RidQ1+pa5/VkRFePS5t017pMnQFV89MKkCZVOhXgYMevQcD5hCD65xplz1fZ2JVOqas74H/x9Clyn2s4PeM1SvFyePPW0y6MSXmLZSac6apMtsDQfgEaQYGYQzwVnQzK6ze4xtbbbGtEc/B6GPjEwprt9u18XgcjGCzotGN/LHNE/kCVID3JRs4qANvaUdaXGYYNWowQBFPkqQA6sBAz/N9nEMYA1peBaXBW/AZoIqe1oy6o44cK1XLD6ObgRwY9BzHVeOEIT+ArGmaFjyhAKq2Wq0ApLOBH6NLzpteWqfKh0sCtx+NGKDij/dMNI39Q6+MXU4rtJ14b3lGNABSGLFpmtpwOAwepOibWPBAfFCOPzoYDILsybLMPn36ZI+Pj/bw8GBmL3IG3osAWiFX+EC5JoUOQJl5CziXF9uAYcSf4vnNYAyDm8ibD7lCmBGMeZbp4DfLRcg+/rA8VC87PMNexZgXkDeAak2LgczYlloQy+HCeE9eQiQwT3hxiT3vuc4Av7fbbQCEGaQGAXDHgYWj0cj6/X6Inbper20wGNhgMCgc2thsNGxDIFKSJIE3nU5n31ebTRuNRtZsNm0ymdh8Pi/IcN4FgjbCIVfweOWyr1arwBv1lESanU7H+v2+TadTt39V2Wyv2kDe9cA6bW8FUWOgqgKAVaCqd1/vxeRYnufBy7pwzUnLA4OYJzrfY2wysOjxzKwYqugQqgN6nfoMnouBYcw3vqfXeGzymC0D2fg9/GcPZ55T6szl2lcYy/D6FKeLEByQC2YW9KwYmBqzIarswnPa928FrsbG0rEg8ZXeH13B1TOTrnSWCYqqAXQMYHgIHQsunnK/7rv6Oybg9f+hE+GVfhw6FXx7r1Q2LpQqAYCS+3WVpGPo1HF5rPIdU0I9Q4i9S9TrCgYAewN53qu9Xq+wfdZs79kJI5AVWhjhmFPa7XYwKpE/e3pgOyp7riVJEoxIBlzUwGYlWXmq2x5h9MGLk2PzsYeJKvqqjKNsvB0WxB6nnpcv8oLnHrcTb/NHmmoo8GnUHLoAYAyXmYEY/B+NRpZlmf3222+h7J5nTd156VvQIWU4FZj9ngl9QPt0KSVJ8Fz1DKpX8saKxnOZ4clyQHUlbP3m2JMAVbENfrPZWLPZtDRNLcsyG41Glue5ff36NeTB3viQNZBRaZoW4hVrHQGKAcjq9XphEQggF+Sj1q0Ob/k9jruK7eJq7PPhWxpagRfKsIDDsk3bCnX2/oNXDA4ixi2AafWoR9/iusfGLYMh+LSw++HZU5OBKcg18Ei9hCFPAaTvdrtwIBqDvQBGOd5iu93ee56mqS0WixCPdTgchsUpBtIYCMroOha9hsOhdbtdm81mtlgsbDabhfsAY1GG6XRa8PZbLBY2HA7DXMtxWDGX8GFXOPhtvV6X9i3890Ao7zc/47WbFwrAA1m1nQvpklyJ9Y3YtTr2ZRVoXJZGDEzC/ItDIrmPYnyxl3JV2eoQl5d1NgZ2Y7K8jm7qgaaxZ7jsqsOxDOIx4/Gf9Q5v54SCpPq+/mfeqM7m9T2WixiLk8nEPn36VJi7tB3LwFV81DPXe+5YOvTdU55XnpXJg3Plf6X3QVdw9cwEoQhSBfxQAyc2uZ1q/NQ2Ci5IsfzrgKj4HQOyj8n3Sh+Prm25p0P4UKUEVz1/DFWlcWwep7wXU4RV7rLRA0WRvU45RqGZFYxjGIPwnmIglsE78B0AH9JH2pPJJKQBI3mz2dhisQjptFotu7u7K5xyD08xgKAAMdjA8wBmzGHs7cPGCCv1DG7meW7T6bRwyjR7L3BaCtqinPwMx/Hi97mM3GfZ22Oz2QQwFlug9VAwPWSLvX7RjryNFLEn0zS11WoVyqgGkPatOgZaFZ1bBzhXOUDfuxHgAW1MZe0Ru8NpxoxZ5MOLIkmShIUAnHBvZgFEzfM8AKsANEejUfAQNLMAtkLWNBoNWywWYYHm9va2YCDneR48X3kb/3q9DmE04JEPr3D2wILsaz2Xm0MEZFlms9ksPHcouIoP5J2GMABgg7AH+A95ANnDOwgYnGQQBqCGeod6ByJx++E3tqizPGd+Il0GXz2wwQPyUKd2q2Wtdts2z9v1OdQJ5hxdXGPZCNBys9kET2X0E7QZ+gaAWPTH0Whk6/XaVquVPT4+2nK5tDRNQzxstEnYPUALdAB5zSy0H2Kyou+hDAyic7tst1t7eHiw1WpV8J7FYtp2u7XVamV5nlu/37flchkOtYq1HfNJgTpti5htpcCs6hbeAkkMXAWo+uo6XfPuxeaoOvOT1rus/poHyzb0UehHdeJzchkOpRjYVeYxf4xd6T3rhUFgXjA4qXqYlsMrk9f2Xj1i4Crehy7HYTqYN3xN+wzvEFitVjafz8PBdzpfqvxSnnjAa4x/deitdRLlcxnuEutzVxv3Y9IVXD0z8cosvmOTWNlkxN/6W985hi41YOuU69S8PcVD+XOJfK/0/smbnL373zMd2s8PWWipA0bqczHF7pi8DqVjgSBPKWZlkz2S2BOI04dCCQCDATzkwZ5TbHTAYIURDg9OKLmIi5hlmXW73XBoipkFD1aO9YpYWvDoBG8UmPS27KviC+AExpHZi3caDGY1EhmgAN94yykM/jzPCx6x6/U6xO8DMIEyMK8V+MJ1DkugSj4f9INDWvAMvLcYQIEnHPJGjMFmsxm2ZtelQ/v2qcDqIflVpf0jyNAYMTDFFANWYr8LaVrRYFS9Rg1UfkblFJ7Fae5Jkliv17PBYPDKi5GB1t1uZ1+/fg3Pw7seYUiwgNDpdML2791uF4BWhMhYr9fB0IbcY7kWwFbyVsdi0HK5LCzEoJ6H6JSQGQg9kOd58JwE8AoZyHIHAA97C8YobwAAIABJREFUbnpe/Gb2qh0YKOK2Y+BPZTm8f+E1jPAj7CUK8NDrQwr6Kc8Cv595Ds9jhGNQ71hNH+VGPNU0TcOBVZ6eDdmsh6BxX0Fsa50XwCssuEFeA/BO09TSNLXRaGS//fabTSYTS5Ik9F/wnrf5s/cth65A2giNwTG0+/3+q37l6S4Kgmib1LHxFFRVe0afM7N9qBApX+G+008OsYkU3PPqGb4tvmBUBRLyMxgXeV70eo8BtN6irJev9997PvbMITpx7L2qvKHTcd2DN7fjiap5AAw1e71IjjxixO96aWNeYSDYs7W5HdM0tc1mY/f39692DKlDAcrn6Zd8z+PjIfrHJW0ITd8bh/ps7N6p+t2V3h9dwdUzE08A3sQXm4z5/boK5XukcwuFmFLiKSPX1Z4rmdUDWL+X/nGsAqjvxnhSBpJqOWJK6nskr64sT3iRzDNaeNsobxnn9+HpyFvbzawANLCxDc9S9obiLepme2PXzAJ4Aa9LgAp8EI3Zy3zEHlI8J/EBCkx4T/nAB2mhbgpCIt6dhgjgfNlAgGLNWzsZKGajg/tTDHjAPS4D8uIDVjhtlAfx9xAzEF5O7MlmZrZYLAKQxAbfJfr7oYq3B3ycM/8yeq/j/VhiQxJ9SYHVyvnEAUzwXp7nZg6wqrLZM0q1fPy8btMHmKRxjQFAIs7qv/3bv9lwOAxjhQmLCThkz2zvKQtvV4CLAMUYYAXg2mw2rfks03iRB88AzFUeHdLn0UaQSwDYMGbxLMdzBjjIW+PL8uDYiCojGSDka7xwwzINch+yE2AzysEe+gpqMHlzFuYgpImDzxAPm0Fmb+xih8JyubTtdhtCQDDIqtt+MTe22+3gscrzw3w+D3HGeQcEtomjb4BXaP9er2d/+MMfwoFXi8Ui8IefZ1Cb+zG3Adoduxsg55XUXqv67d3TvoP/Ggog5rWaJEnwVPXS0TnQA3mOAYg8sCt8235RyJ6/68wQPN+bvYRmYKDfqw/rCHXnIi4/lx31xX/0OQWPlS91qOp5D3DX+uiCs84XnBb6ckwecF5e+VjnUp5jcZvzwD2vT2Mxv9/v28PDg81mMxsMBq/AU5YzMWCVy1rHpviWAGoZeX2oLA9vnB5atiu9X7qCq2emmICLCdbYwPUmGb0fy897rk453wvFFBIm5Q8/X8bXK32fdG3vw+lYkLku4HoKXVphqnrGU3xYEYTXKIcDYJnMHo66LZ49ubIsC96YMPrg7YV7DHIAiIAnGZRa3VqnYI3ZC+Co2/LwnAKqygcGVvFunuehPAoAYYumeklwOgBTtOwoAzxuFQRGG4CHXAcYDWw8oK+zRwYbeqg3Dt2BNzDHhmOwA97BnU7Httvtqy1zsT7lAWSn0rmU79h8ei46Vt68J4q1cVXdYoaUGpuq16ghqvkzSMfvNRqNwoEx+J7NZvb09BQOATLbgxwPDw/WaDRsPB4XAJ/5fG6LxSKEHri5ubFms2nD4TB4RCKm62KxKJzwjrEEoBWgHOQFyxJ4sKKu3s6BMooZ49vt1ubzuQuiMMgG/nk7z1jusyw1swJvuS1YzvBuAE6PAVzwkgFnhFvhRSGVwUyeTOFytFotazzLfSzEsRdvTCZBtgFAhycreyYrn+CZC4CdY5TDg3i9XgcwmUEltAnzk+X97e2tjUYjm0wmdn9/b+v1+pXXK3irc4Z67e52uxAWoCysg9pbMVkeA874P4OIMVA1LBwm9bf/130mRjEwUonv5/l+cchQ731Cr/ilMo4XlGPeqNynOIRFXSoDMbkc55qLq/imclv1EyaVH+otb/aiL2pMZG8e8crhlYfz4MUIlj1eWZvNpq1WKxuPxyGkCDzyq8BVr1xlbXIJm+NcuomWvc545XtXO/b7oSu4eiHyjDmmQwRxnf9l5XhrqgOWMsWA46p0dNI4h7DUdoop8Zfkc8yYq3Ot7PolyFMqY88x1Xmn6l5d+ogGftnEy330FKXk0nw/ZzpIq6wtVXksS8MzhFTBhUHM4QDUc0CNQgCjahRDWeY0eDs8H7SUJEnY9s9hCPC+KsX45m3+mj/3EwZ/ub5MbARyCIA8fwFXURf1PmLPJvbaUuNZlW+AMgCyUS8uO9JlTyVuTx0bXpvifQYzAD4AXEU5EM9RDUOASNovn56eoqci15V5VXQOw8B7/5zz6DnT+VbE/Qjtx57Q+ixIZUpC1/hbDUsFWHQ8eGXzABvOh4EkLje24SPtu7u7ALginMhsNrOHh4cQm3U8Hlun27WWhDLBtnsAupBPu90uAGz4zZ6s7NGK7eo6Lpk/Wn/PyAcIyItXfDBVFZgCOYxnsUAED19ta5SN2xUyAXkpgMRti7JhKzsWbRqNRog5yltseQs16lwHBMOn1WhYs9+3VqtlvV4vxESFHNd+zHIX/MXc1Gw2wyIUg+WQm+B9lmWhrbMsszRNQ11Xq5WlaWrD0cjaz2lovhyTHH2k1WrZp0+fbDgc2uPjo93f34fDtdDfuC95fQb9A57WZduky9LQ5702wG/+xIBVTpeBVS/PMrDG+x8rl1dnr76x++GZvAi0anuin7CXOJeDF0XVI9oDYLU8Wr/YdQbj1fu8at7jOcF7tqyvsJ6l84vqPh5Y6rWFV/aYfaUyFeMYz3AaKIM3X2kZIDPn87nd3NzYfD63+Xxuw+GwkG/ZeNL5UfO4NNWxF8rokLHHeep4PrfedaW3oSu4emZiBdbzKGDyBF6Z4vcR6di6HPqex8tvke97ofdU7nMY+5ei91quMnrrMpcZucemc47n6vLFe65KzrJR0O12Qww/gIrednb+zUYBA3e4xwY37vHhWCgjjOw8fzk4hA0DGLLs9VUwpp89h9hYMbNCTEGPDwoG8HNQymGQgjcwosEjs5dDSVB28J0BUxiZbGBwnmULlBrnEO9ymsgDxjTKjnJzPFzwCOXGdlF4XiHEAnuZsWctG27gI3/HKNaXDxkzXhoxY6Xu+1X3fhRCu6rBW/VOGfiR57lxqyjAkue5ZfmLl6OXZwy4QZuz12Sj0QgHjXBZcMjPer0OJ68DDL27u7PBYBA8V7MssyezcOo9g33D4dBubm4CwIkDteClmCRJOCBpvV5bo7Hfsp6maYg/yrwAeWA2nmGZpLKPwVTmH/NY24ZlHg5ywhb6qoN3uAyQAQzY6fZnEIAmLFDxwYjs6Qu5iRAC4B/3A+aLlpXnjTRNrdvtFrbxon68S0Blry4ywvMTMWMhN1mWY+wwmAPeom+s1+s9eN/pFBYZYwApeNBut+13v/ud3dzc2NevX+3Lly8hJAGe43JzGjyW0f9j7arzS5lc9ebLmBxAO3r90qTPx8CbKmC16roHbul1fd+rG1Oe70MHoA4Fz+TkJUauFxKAvcHVYzUGzHljuwykU/5Xecorb8qeq3Nfx6un48Se5fJwP8aCEt5hnsTmDpYJ/A4vynO5OD0dA41GIxwiNx6PbTKZ2Hq9frUYz8Dx90Ln1I/qgrRXet90BVfPTLrVSFerld5iheZb0jGCoQ4PYgpCLI2rgXilH50OHQP6/Kmyqu4CiMpKr9yHpBX7H+MFGzuQ39gSySClKq4MZPA1jpsKADVJksJ1pG9mwVvSzAqhAThPzDNpmoZYhgAOYXRy+XCKuGfMeLLUu4b6I03EceWwCDDOARigHAgNwB5NnieXtrvXxqzoe14XXhtwW8BgA7CD2H24h/s4pApGC8ADtF2v17PtdmuTySTEINQyM8jKHmiXIG+8xvQOpdhYOHTOLHv+I+s2DHBWUR1ean/XsRjuU3/Uj45hNXyVePypnvr09GTz+dxms5m12+1wejrA2OVyGcY1YhBjUaHf74dt1ZBB/X7fhsOhzWYzu7+/D96veJ8XKdbrdZCNXCaWc2XEC14Yh1xH9txHO6rc80ADLIrV2S6ufOd2Yr4AXER5GIBlz1/wZbvdFrbWszwL7dJqWUtCzXggEsAUrnu/37d+v2+LxcK+fPli0+k0xKhlYAVlVc9tyHIA9JvNxvrPnrGoN5cFXtHwZO33+6Ff/Prrr9bpdEK8awDKGlYHpIDtH//4R/v8+bP961//st9++y30B7Q77yLR8YfD2WIUA1hBMT0pBr4quPdKZiTxcAA6N8d0mrogjTfv16Wq+SXP81CXMEZoflUvbxD6mR52pfkea9NxndEfVMc6B9Xhjyf3zYoLG16ZFGD15hAtg/ZT8Jj1TdbLeFGadTiNx81632w2s0+fPoXD7HBQHxbXfwSqY2fwvR+FLz8SXcHVM5Mqv3zNe7ZOej8CHTtRegb4j8KzK13pUqTj6pDxdSh4WkWeXDh2jMfkjF5nYHAymQRvRgY6uHxsuMOw5Osco1UNZPZcatHWSH2HFTF4NLHRbGbBcxSAAwx0jpvFdfbmJjZkmC9IF+VjsJYBDgaPeds++IN32BtLgQ02MGKeawy88PY1bhP1SoUXGNLu9XrW7XZtsVgEz+Rutxs8xHq9nvV6vcBbeBHj5OzFYmF3d3fBu41BBwZUeUujB8KeS7lW/h0LBl5C2T903L8HQnnV0Pd0vCqeqdGrv/WZLC+CrwqumhUXgsJ7DiDJY5jlEurT7XZttVrZ4+NjGJ+73c7m83kAxebzefAuRdzVfr8fFhyYRw8PD+EQrZubG/v5558tSZJw+vxisQhjBPIJZQG/C95uNYg9+AEY8C4BL24zk+5GYO86T3aWjePYHAPeMqgE4BTyH/MH5CuHJUiS/SIPDg18enqyp90ugPAa/sUDZxSQabVaNhgMrN/v23w+ty9fvgRPVoApLKexvZ/5DpAVMXgB2qI8SANbwhGnF56uo9HIms2mLRYLm0wmtlwubTAYWK/XszRNC+C0BzYB7O92u/anP/3J7u7u7B//+IdNp1Mz2881kOscBoDnT3i5xkjHYgxQ5fbXfpHLmPaA0yQCrJYBrFXX6pDWpw5IV2t8PgOseB5pAGhXcBWyxNOzvPLxtar6qezFmOFQP15dPX546cdZEPci1f5g9rIYCx2Ry1E1nvk9fp7DB3j9zuON2YsOxl6u3vNme1kwn8/tp59+suFwaPf39+5C+remQ/WsQ+YdD/SueuZK3z9dwdUzE29DYS+fOhR7Tq9/NAOlLh0i0GKTKyu7MfDgSle60mWoLgh7DiUrpnhXPVMHYIVyii2L2BYLQ13zjAGuZi/ePQBQkTYbzAAoGLRkWQYPHLOXWKRIWxVoPtke1wG6cllZWVcesWKNunB9GKBhfvDzyi/23NRyc3/gvL22AbGXBbc10mMwRQ0K7gvYirrZbGw+n4ftoQAEAP4sl8sARKVpGkId9Ho9S5IkbKlWT7eY912dsXKMUq7AT4xiaZflWQYo1KGPYmRwORk0PDU9Tx/hMVAw4Gk86DjzyqiAgGdEZ3kevMhgNMMjfTgchtifSZIEIAqAKLxZ4aWKsQ0QFQDV4+NjWLhI09TSNA0yaTQa2d3dnS0WC/v69astFotXIUF4TKMuZeND69xoNEK+AHQZLPRkgI6ZLMvCQUnsbcrgXi7tw/o+yx18s6cq5LSZBUCVARKW8SjjZrOxxWJh0+nUhsOhDQYDS9PUzCyEE0CoAM9LXoGdAJo+PVnyvCg4HA6t3W7bfD63yWRi8/k8LEqp56qmjU+WZQGIT9PURqNR2OGAvsaLkfju9XrWarXCnDuZTGyxWBQ8ozk8S5bn1njOD/PqarUK+f7Hf/yHTadTe3x8tNlsZqvVKoCszOsq0CwGzHhytiwtHfuuxyrxUvtP7J73nFfe2HWvrB64qL/5f13gE8/zogWPm1g65543WPfRLfDI+xB7VMsbK3+sX3C5zKygu6k8VJDTS4vlO8smzoPfYbmDPMyswBeMX3YA0HxbrVZYpBsMBrZarcLCs+qP38ou98r5FnpIDIT1rl8xi49PV3D1zMQHW6irftmA8UBBva/g4XujKiWlDsUmqBho6ik475E3V7rSe6C6CmPZGPRk2bFAyzHvlSmodZWmGB8YmMMJ2Nh6j+35eZ4XPCJZCeYYeOw1lecv20NZqee5QbelYR7BtipWxrLs5SAOVcjBCzUaPGBYQRiV4Wwws8LN4Q4ArrCnGW+BVUOWQVnwmsvFQBIDleztVdYXOB32OmOwVefRdrttnU7Hut2uzWazAA7w4SzYZtput+3x8TEc5DKdTsO7y+Uy5Mdtq+OJy3gJOidYG3vvezYCWObBqDSLAyz6ThhLYgCrbqdjFdcYUOV4n+pxp3qhN54L8iErhhaBzMI4wWFD8JziOMSdTse6z4dXIU9sX+ft3/BCBPCH7b+Qo7vdLmz/zvOXhaOvX7+GhQ0FFMqIxxliuqZpasPhMIC8g8HAFouFLZfLsFiigIPqkzjUjmWxB7rEQA7me6zvqI3AMpr7B2RKo9Gw9XodPIPTNA1b6+F9BxmEa7y1V+uYJIk1aZcDPGk/ffpk/X7fHh8fQ3xdbmftW2gzXMM2++12a51OJ3j/43n0IQBA2+02hI4AKI8Dr7iuaZoWQs0gDd0+jrlxPB7bYDAI4SlWq1Wh/DpulM4h3zzwxONfrAznAhhj759qt3k6gwfAgjBOQ/9z5FlszHjlrJqHtJ01LQYWdQGlrA6ajjfXe/zxrikoqh7a3rv4rWlB7/LGp4K2+K+LHhhLXCa+p+UAH+EFPJvNgvc6nAWwgOTx81IUy6OOHVTXViqjWF+o8+yVPjZdwdUzkwqeUwaoB6R6wGvV+x5dYiCfS1h6gCmnrwaFXr/Sla7k0zHjnpXGMmCz6lpZ2mV06piuq+Aw+IcDXQASYNshb6Vk8A5GrG6PZ5AQRicUVwYZ1VOAwRZWgrn8bPB7xhor22ywsNdBmQeEGuLIG2kBCAFQgW1+HBaB2w71RP25TMx/NrCQP9dfAWXmCRsOeF63A+N9bjukBQM+TdOwPTXPX2IEcjgG5Ie4iKPR6FXcSDY6ju3H51Dy61KZcR97Pma4Mn3EeRn9kL0Ccb0uMUdUj9O+z4vyLBew3ZrjKesiQyFPGUf8P0kSSxqNV6eQY6GEDzUy2y86fP78OfTrzXptT899eblc2mKxsCRJwrZyHWdImxemFLAdj8cBzOQ4jJ7+q8T1A9/SNA2AbZLsQ6h0ul3r9Xq2Wq1suVwWQNYyYA070SAjAAaxbOJYp2gj5TvyMXuRx9w+SF/7BRMD64iRu1wubT6fW7/ft8FgEMIiYL6CVyzvXGBZiv6NOuI/DtP66aefwqFVyA/zGs9t2l48H+E+vKAhR1mOgxc4aLHdbod2RDzX+XweQFZ4ueocwbzKssyessxazWY4mO3x8dGm02kAWbkNL2Uveel6XquBF2bWiACq55oHDgVUdX6Nvefpih74hzjLWPREn2a5dw47t6wuXN4qMFdlqr7Pz3GZ+F0ta8y+ZeDT7LWep4dMeZ6tZhZ0Uh4jWibVLfE+z0esr3J4AE0L8i9N0+CYwAeaosyHLJydQnXsim8BsHqUyPgus0mu9DHpCq6emdgwxqfOqteVXpO3QsdKqU4YHl+V75omrn80upTS9dGoStH7nuhbtLkqkmVl8cbboWU6BZg9JA8PdPSUbBBAtX6/HwABrO7DgAW4iG3lZlYAEZQAUKgnEZRVjpfH2+oB8uqBJeoJq3XWuvI2U+VHLB3mn3rP8nVvy5eCO6yEA/RgjylW+JEHgx9cRijpHOcUvI0BxmxAcbkZGICHxc3NTThJ+8uXL6Ev4Bm0PwMHaZqGrXAcW/EUqhpT51L+T5EtdZ6tkidvQVpulQuId8mAWexdTiPckzGmuooa03rd7CUkAeQPZBFAMwD3Xr9XMAD54D6PWTZ4kQYDimqE42AqGNPsTYhQGeyBtd1ug4c34vItFotwQrzZ/nClr1+/hjIpGMBtxL/5GyfR84IJyt9sNsNW+l6vF8Bh1IMXTbRNAa57oIIeNOV5nnK76z0+wFDHiGd8AyiFZz22wi+Xy+D1CaAUz+x2u/Ce6tKFfmkvCwIcTxvxTxeLhS0WiwCEAyjXhQfwA3GqkyQJHrfwWgZAykASeI1+jfbsdDrBS3o2m4UwFehnoQ/sE3kBnpLiLoqff/7ZRqNRAFkR+zcGrsbkotdP6gA1MfLSjf2uulf1vF7nNosBh2Xv6TVP12KCvuHpmZ4MjIGTmmasbTwgUmW9brVn+VNGyFf1nLKy1rlXpq9qm4FU9vBOHwVY1XOf2wT38Tzrp9p2yFeB10ajUfA250Uzzpv5dyifzvF8FZWNm3NQrP7fm+36I9IVXD0zsVeB511QZgTHFDtPmL43Q+WcVFewMG9iwEDsne+RqiaCU/rM98CzQ/rVMe99CzpGqT+VLiVr6gCrVXnX7dveuIfsUMUaHk2DwcAajYbNZrNguKsHKlbmGfhQwwEAiW5xZ6OfT7lGXfAeexThOsBFrQt+qzcR111BSk92sqGAvHQ+43d5+yyuwWMKgAvyVo898I+vxbwbFBDwysz8NXsBtcEXrq+XHq51u1375ZdfLE1T+8c//mGLxcKGw2Hw0EW92u227XY7e3h4CIe4cJ7oL7FTx6vIK1+Z8XVIWt57l5In70mOMsX6E9pX9QwPRFBKkpdDacqAVTyr5WFQFbFP2fAHsAUvcT4IyTPYPHmB62ZWiH/I74APCrB2Oh27ubkpeGoDdGs09lvxAVotFgv79ddfgywFaD0ajezTp0/BszW2+FNFDCoAzNMtrAwU4gCn7rM3KzwiAaSzhyiTbqvneYMP0mLPTk+2cn/gw3S8foD6MagxGo1sMBjYer22x8dHm8/nYd4BoHF7exvaAPG9t9ttyE8BXXhLNqjfZPn+ZHfmG+LyYss+803bDn0O7YoycJm63W4Aw3WsIVQADipDuIf1em3L5dIeHx+DTMahYKE+1HdR/t1uZ7vn+fTz5882Ho/t73//u02n08qTzOve8/QRBqEUANRrZSBrDDysokPH0ikAq96PAYJYGGa5WrdcsXHJ+grnz/dA3hzKICKuxfL0+MRpxepQ534sv7J3vXmJ5Tbq55WdZSW3CcdJxXtaDuUR0kB4BYT6gB6o7R3rQ1V961vQMcBqnbH2XvWgK52XruDqmYnBVRWWLODqAjje9bcWOpemMqAZ37EVn0OA1iv9WPSj94k6IEqZEncI/45Rjg4FVg+hWN1ZEWUDmb2D2CgFkAhAFN6XOEWbV+4h7xWkgMKrACYb5twOuG72YozjHs8z2nYKovI15UnM8GNS5Vu36vM77HmrQAMbzzCc+cAgGDhq8Kpcj4FUyAOAE8rBoAmDLgC+ucxmFrzVPn/+bP1+3/72t7/ZfD63NE2t2+0W4nACMMChVygbgzSn9O8YoFr2jEen3q/7zEeQtdqXzIryAIDVMXVRA78sv4S8ePjDwBDkDOtAvJCDcYQFDWzz98ANrmdVWV+FLmg2zZ77WbfbLQCSWbaPnZkkSfBSTZL9gVKtVsvG47FNJhObzWaWpqn99NNPoV68IKF0SH9D/RVoUH0R5Uc8UGxjRbgAjjvLcsEDF7ydapAHsQUx3lLveW9q3dDeHJMUcghxorGlHuVH2nxAIvcbyKeG0/+S5HlxgK4/ZZk1kiTky96/mCc1LAp7WG82mwDsZllms9nMlstl2P6PQ6u4zhgHq9UqzLl4Hh67j4+P1m63rd/vFw74Qv4MnGE+zfP94tnvf/972263oY/Wodi86T3j2Xn8iaWpv48FVi9NHjiK/s9jRPmhPFBwtAxM5fc8L3GUJ7aDBfqXEt7nBXQek14b6JzLOl5Vv1CZ7AGkHs88fioP+Rp4wc/yQi/4oTIPei4v2DFYy3OE8hNlwGIPFmSQd0zWaZ3fG50KrHrPv7cxfaXz0BVcPTPx1hszX6H2BLb+r6tQfq8DUydWj4/8+70K4yt9HPqI4+nYCbrs+UNBIE8hPJS+JbDKeTDQCe8Zs5dTT2HQwkDjuIdmL7HtOC2zYnxRXGfPCDYO4KHGQAkI6fHWU60blGLeusXp6fMxxd/jD//2vFOVvwwgwNhnD1bmBwxd1JPTbDabwUMUeaixxn2OvTQARnFMPvAFB04yjz2jhD2GF4uFDQYD+9Of/mRfvnyxh4cHy7IshIyA0cD9B3xgkKPMoKg7xpTfZel4be+lW3a/6v2qZz/avAw+AxgrK3/MGNb0POCU7zeoD/MY0W35fOoyywGUlUFK9H/2tudy8CKJPQNpGq5Ey8mAm5kV4rMCrMRCCbxtHx8fbbfb2d3dnbVaLfvd735ng8HAOp2O9ft9W6/Xoa6TySQY92UARlm74XnlvcrmkN5z3sPh0AbDoW03G5vNZiFcAMdcjQEIABbhoQVvTfbegpzncukWXi678h6yC+Dh4+OjmZn1ej375Zdf7OHhwX799dcQ2xBen5BhLOPQPrgPz1Hc0/yZb0/UT/Ae4qIili0OvkJYgCRJwrZgbk/MicvlMsy1vV4vzK1qD6FOAGsA8m63W1ssFjabzazX69l4PLZutxvGcZbnlpgV8sT8OBgM7NOnT/a3v/2ttG9V/T4L1ZDXr18pl+lvQbH5DdfRjh64yu9XyVR9httX8+X+740/1SNAnie/V7cqMLSsPpyG9vlYnlxelDOmg6IcumtH6wR9BfIYPOIFD15o8kBwBbZ5XkJ6HKqgjK9VPLgkndOeeo9j9EqXpyu4embi1WtP6JSRChJPsKjydazgeW9GTxUA4l2/0pUOpaqV0mu/qk9Vis9bKUacf9U1lI+BBVUoWelngxGeWhqPjz2WWJnv9/vByFYPUuTDngJ8DfkzkMsKtoI3rOBqXWPAV8yw1/tezC2QKvQAGUDsQaFbx2IGPZ7l9tE5FWVg8JoBDa4D84frrEZHlmXB82uxWFiapvaHP/zBOp2O/etf/7LZbBZCRywWi9B2bDjCiOeTck+lOmBTFdUBXsuuH5PPe5etPJ701Ha+fygxoMn/FVzge0y85R0GMB+Mp7IAp9zDm1VPjTcnX4tuOba2AAAgAElEQVSAADzGFZyFnMQ4BqiYZVkAvXq9Xnhns9kEz0szC96CSZLYP//5T5vNZkHe6RbWsj7PRv5ms7H1eh22iReAjkYjeN0G0CTPLSE5AIB4NBrZZrOxxWJROMgJ29PNrCDH4enFfEAe+I0FO+Ypy0duE09Wcz3RxpvNxkajkY2eY9cifMlqtQreoAAZzV7mOcg+zF8AWbEIho/2ATOz3Myent9pNBoFD9putxtimWKuNHtZaANPuC6oK7bnA2DlOYDDC2y3W9tsNuGwyX6/b61WK3jQfvnyxdI0teFwuC/jcz/hAxcx32y3W7u9vbXZbBYAayZvjtP/ZeCZp2/UsQXrlKEqrzrvXJq88QtPasRartIhY/9jAGtMx/OAVv6N/q76TVUZ6wCi2kc4by6fd13f90DbWNtDVkMv0gU8fR6AKMt11oe957XeDPJCR4YHOxZ/XsmUCt3U47XH30tSXZ3p0Gev9H3SFVw9M3nCwTN8yybk926EvAXxpAIqMwaudKUY1Z3IPyrVGQPnrvNbA6l1yJMTvJKO1fhGo1GI92b24qWVpqk1m80QBkABEo3vybFPoajyqr8auygT0kPeuK5ACoOv8MjxDFdOr8pg0Xb0ZC+T5qNAJ/jC9fS26SMNgBgao1bbDXl723L10B820GNzMHutcB+AF9RisQgnaHe7XfvrX/9q6/XaBoNBYSsx9wfUQQ/eOoXqpHM1BOqRzgEYQ96hdGzYVQHcnq7CfU7f9xZIeIs3/wdAxN5BnCfGG3uQAmANYN7zWAmHlOT7bd9aI92FxXXgsathUJLnsXZ7exvGo9keQIOnN4C37XZrk8kkgI3cHmVyh3kLIA4HPKG+7LlrBHDr+6Hcz/IaoHSv17PRaGSz2SzEZkXoDy8MAPiDe61Wy3q9XogDu9lsbLVaBe9OLgPzWAlgFGQR5P7T05PN53PL8/0297u7O9tsNuEa5CDzUUPJIKwN7zIA3wphMZKXOMJ8uA3+93q94FEKj2V48y+Xy3DoHwOsAGBQJ3gLI+wADkDj8cJjZbPZ2GazsU6nY58+fQp132w2NplMCumgrnme2+7pyRLbA8Vpt2t/+MMfwpyuVAfgq0ul4GqeF7xXPbAtlnddAPbcxOOU+7CZhbbF+EiS/cIOdo94wKtXV69Onhe5Ao6cnnfNK7OmqXqCgrN4tywf5ZfqWHUxgDJ7V3U+BT75GfYa9fo25hrWnVQOx9pEdVeMOV54Yx25qs5cphhdwpapc63O+/q7znx2pe+DruDqmSkmwD1gtSqNKqpS8L9XKhN+3uR1pSt5dO0jr3lwqDxRhdZL7z3wOabIwaCH4Quggr0PYQwwcMcgGgOIZlYwvNkLlWMK6tZeb/uZGgBmRQAQv3krJ39iipwCSjGjTcEhXPNAJxDHKFTwwFPWvbzUG4xDBuicqgAtjAcGpDSeq/ISxh+XP0kSa7ZaltiLNy7AjDzPbTQa2b//+7/bly9fQv/At8ezU6iOMX8IeFp275xlfQ/jvorUuIbxxwsguB8zgl2eOca35rl/7PUz8PaBdyL3I4B+WORh4ApGLKeJvssGbgF4bLXCQUahHPsfr4AeHkOsZxVCDBjFX8b385hEfZbLZeF9eNli3KKsdXRlpM/PPT09BU/ydrttnU6n4Anpyb9QLzPLCSBOGg3rpqn1ej27u7uz+/v7ABxCvvAhUWYWvEFxCBnClDSbTev3+6FtATLrLgb+RvmSJAlAIbcr+spkMrF+v2/dbtdubm7s4eHBFouFbbdb6/f74aA95AcCkMz9HotbvDWYAWwPmGLvuH6/b+1221arVUEW68FlAGTNzObzecFjHPVCXHOEucB74A/KDJ52Oh0bj8cBdJ5Op7ZarQJvdHxYngcP69///vdu34r9r5KdMcDOux+TNVUA63sinke5jzDIamZhvOvzZnFdRPPxgEMm1kHKdCHvXdYLNMyAlkPT0HzK5H7sf2x+UB1J39Mds1pGXmDmRXikz3xiPQ3jUg8cZNmPayy3OX3d5XAuPeFb6BiHgK3H2E/8+yPoTFeqR1dw9QLkGZ+sEFUZvlWTctm17510Ur0UD96DkDu2DB7AfGp9ypQeT+GrUgK/xUTyHtrwHOQpXedM95x0bL9TJTmmNFe97/2PgSJQwHk7P4zMJElCEP7dbmeDwSAAmQxmquLN2/rZk5Flfhl4id8MLKgSjDJrHE/2CPLeicnOGI+138XGrDefxQBYPpWcDXctEwwBBVoYWFUe8m8Ybzi9nA8CU3DWSxv55/biSYvy53kePFbTNLX7+3u7v793ec51uSR58vYURf/UssTSv6RMPjZ97r/eoXL6bFUZkiQpeICynPD6Lo93yA2Ab3meF7woAZDB6OcYrBhXnCaPJ6TN2zTDQVjtdgBYk33hCuXX9JQX2TNQBUL5GCjDCfMsP5E/dgN44QCYtzGe8+IIHxCFQ4+wZR3y2UsPYFuQZSIfWq2W/fTTTzYajUK4gMViEbxKe71e8IxHvsgPMU6TZL+YNxgMrNfrFbxdFXTm/sEALq4ziIv00zS129tbazQaNplMCguBOv8wfwGycv9nsF4BPk/m81zIsVbzfO9VOxqNbLVaFXZY8GFoZlYAdFE/9B2EH4A8N3uRxyg32rrT6YTYvuv12h4fH63RaFi/3w/jCHVHKI3xeOz2LfAqNtd4cic2T3pjSNta54qYLl2lY5dR1Zwf+18GCsbS4r6yXq/DgoT2ozLdQok9nqvqUWWHeLtiNKQSp+nN8bG519OFvX7kjfsy/SzWj9QjuC7/lA88/pE+8yWmo+q9VqsVxibmp3a7HWQh11v55NE57f1j07ok7nKoHX2l90tXcPXCxMaaF8cIz+i1H21Fw5uoYgDqpY3At+b1W+f/renc/VuNslPSfo8T2zkWFjyluex+VXliCqCXRxlY5ynvVXlrXnX4AkUP8li3AvPqfpqmAXjhuFyqWHJsVM4jZnx520IZIFEg1lNe+b4ay5quvs/X2dCM8VjLqvdRJzUWUSeAKl4oAE5bjQwGB5AH/4dXBcBT/Ef76SnQHKJAecTpgzhkA8rMHl6fPn2yJEnst99+C1th2ZNL476eQl6bx+4plc2jdcdZnfK9BZ0iCwFcAcjxti2WAXv8+xXgRGPCzPdw4vGMT7PZDCBRmqbBcIYOCXmVZVnw6tP+jLAAHDYgz1/iNsMrXMFWeLMirZixX5C5+wfCf8TF5BPswVvUhQFhPTzMA05ic4XKfmzFz/M8HDaFeJzszYrxyfJW65ZlmVmyB8vBCxyo1O/3bbFY2GKxKHiqwnuSwQgAhCif2UsMXW4vHH6lvGbAmEEKPtkb+SD/3W4XPEKx5R2xRhXUiIWYQT/1Qq9w33XnEeo3/X7fGo2GdbvdEBpht9uFOLu6o8DsZQ5D39lsNuEALXjHMtAKQAgHZKEfIGzLarWy2Wxm6/XahsOhdbvdwqKDF1eS+5X+LhsPHnk6qSe/PXuQ7x9CsXfKgDuvvIfkpbKM+yy8tRnMw7sK2CkvPHkQ02/Ug1admlgv8RZ4NW1Pr+H0+VpMt/Lqof91sVfbosxWUt1F+xbPHxjHXC8NF1Cld2kdkQe3De5jrsFci4MCY23syeJzUdUYOmacHfuu16e4jKfoNVd6W7qCq2cmb2L0Jg1P8PL7oOvg2pMaLXWeL5uEytI6NK8rvV86ZYL+nvvAIWBKHd4pmBZTGt4LsQxmsALGG4xlHPIBkADPs2HAxqeCdqyYKh/YK6hMQWcjhecRBRa4PGav45TqPMT58H+vPLGycZ4xowD/cXCV8kfBH5DnKcEerwBlGFjiNjV78YRi0Erbnt/j+rHXLE6cRjsg7yzLwpbhVqtl//znPwsHdOX5i/fGsRSbrzxlXH97/2PXYlT32UPkxLnJAymQX1m52KNZgcijiQ1SAg157Gm/5jzZu9LsBWiEF2Ce58EjezgchhPkEa8S4wF14a32DNIBjEI4Cz0Ai0NkaKgPT26gnACpEVsUoCoWI9RQ5/S8/3VBK8gSAGvwJu12u8GrcblcFoA6rm+SJHtAUEAuy/ehElieNxoN6/V6lqapDQaDEJN1MpkE8A/xRflQGHglZ1lm/X4/yKBut2tpmha24KONWq2W9fv90Ae4b8Mb08zCnIXt+J1OJ/QZeELD+5O9d1V2a1tw/2GAJAb+hPSe68Leyd1u13a7nXW7XVsul2FnCHvJoV4KknH91ut12OqPsnB/R59rNps2HA7DAsR2u7Xlcmmz2SwA1LvneZ3D9ijVla9l8ymD0jyXx2TXOSiWljemzqWnxUAys5eFTc7P033Uc9QDJBXw1LTKdB1tFw989Ty3VT+Klc/juwKP6qFcNk+zDlh3FwyXQ/XPGFCqHq3KE33P0289PZfzxNyinrMe9nFu2+HUsXWI3XQKxXS7K30cuoKrZybPuCwDV/U5pksIl/dKMYWlCgS9dDmu9P1QDIzy6KP0g29RzrI8YvxU2fWt+FknH1VYYdzxIR7Y6tlutwugi3pYIT0+OAWGnvcsnmdwRb1FWelEWcrqYFZU3BX4ZaoCZL25ifOJGQ6ecY3y63tsKPD7noeoxk7T/ABeAsRAW8AIQYxHeKp5Ro3WwwMbctrWlpsVDjubzWbW7Xbt9vbWms2m/f3vfy/wAwblIaBfrFz6uyqdQ8bDse/zs2+hr6iR7ulVHr9wDZ5xq9WqltFbxa/E9uNxR57uXE6zF3CVY9upjggDn3c9Yat7lmV2e3tro9HoFbCJdPkkeMTchDepxt/E+3iv2WyGMcNAq8bU43Lx1mzeCorxqWCZtk2ZXKrTx1GG1WplZlaITcsHgDFvAARzXFbdbVCQmcmLFyvuwcO42Wza169fbTab2Wq1stFoFNqHt8UifwClAFCZmFccz5Vjtarcg2eozmc45AtgUa/XCyA3+hfzhnmKvopn4Q2NMnOYAm0nD1gEwNlsNi1NU9vtdsH7V+dLntswLvEbcYYZQEcoAvQF9dSDl3ej0bDFYmGz2cw+ffpkzcZLbO9Y39LfZX2xSgaqTahzDv+PzbV15fIhz+p7da7HADWev1EG9HuVA2UgKqeF9MrA1ao6xGSM1/eRB+t1ZeSVJfbfG2dc16p8+F1PL+B64Te3h45ND5vw5DPLCu2znCbrf97BpBwWQvv/W9O3tP1i8uU98OFKp9EVXL0AxcBV3CszrlVwemlfGrQ4ZWCfszzeROFNRmUKTV2Dzyt3nQn1SpenH70NqvrhpcYc6BB54I23Q8t3DEgTG79lxAYjFE94scJQzfM8bOdkBRXE4IOZhdO9GegzKyqZnBaMVVZYueychld+LovHdwU1y/jC13l7WSwd7302Ujgt8Anznc59Ok+q0s158DMACcysEIcP5UAaaCOOpxnzjvHKoQZvAH2f/wPUGo1G1mw27X/+539CmeBBduo4LQOi6hrRdYHCjyRz2TgEqWFoVuw7vB0YQFeev3g21+FnbHyEfPLXYCn3O21LAH3s1cbepgADkySxwWBg4/HYkiQJMgTbnuG1iO3rrVYrhDZZrVaWJEnhtHqdX6o8WiEn2UOQwxQgTfYKRh0ZXGEw7ZQ5Q3kLXmErPjwm4eXIQPB6vQ4xSzkmK3vtJsmLR6vley9WS/aHgKGtWq2WjW9urNls2uPjo81mM3t4eLCnp6cAeDIgyXIQC0A4WAryEoAtdk6gTLwACPAcvOQDvDAXzWazEBYAh0OBb8iT50C0hwfioL7opwy8owXRcjEZzn0I3sPD4dDm87nN5/MQa5jHopkVwHo+zG21WgUPYvR35A3wttls2nK5tEajEWJlIwZwt9s9q47lyRwGpvQZT1bpfHPoN1PV2Kqja3nytep9HduQEVw/z4PfS0fve/3Tu67vqIzWORX9TheRUNZDbPUywljixQnmly404x1uY+6z6gWq73HZPU9d5Z3HT49UV9JyZlkWvNbxjAKsLFc43XPTMfrRIe/X1a1wT/XaK31fdAVXz0yeoFchp8q1CvIfncoETWxC5e9T870Kuu+TqhRofu5Ho0OVirJxqMr+uctzCqlSavYC/sEox3ZBGJGq9MErCEYswAoOHaBgC4x6VYwBnujJzGyQaXk9wE+9Vb128fjgAYre+/osp8PkKe2chneiOSvYmj7XzSsvQBwFSgFSoJ2QDoPdCiYgD65DzODgOgHswGEdaZraf/7nf9pf/vKX8I7mc+y4KDPo1MAuU/bPBSR4776VDsP9REEMBqMArDG454Gd/L7+52/vg/7HZSu0S5JYRn2LD9NDPzKzABbBqxJyAgAZxxRdLpchziQ+AM849il4gK3zAKHAD+YDABGAe+qFyp61qIsHIHkLGbzIAY9cBfnqUgx8AXC+Xq8D8Ijt/AyuLhaLEE6AAUrI5gbJ2Tzfhwh5ep43MCc0ksRubm5CLNb7+3ubTCZBRuDD2/LRN1B3zB9pmobt7CxbkBYDqyyDsIiTpmnoCwDZJ5NJ6AfgDeqJPujNJ+An8kH/BmDMdUtIzml/wntq/yBNAL+z2SwAw+gjfFAky37MqwgvABCd+xh4t9vtQtui/bHrAG2mdIi+GJN7sbkzZu/lZgXvaE3DS7tM59I66Bivotj8513j/oM+BFmGA+vUEzlJktCX6oJ7ZbqKJ79jPNF+jmdZLmkfLtOn6paNdQtvrta2rOqHCvxyOloW1v1UB1KswgM9VQdTPVR3ZeR5XggDwDqyN6a53F67fSv9oq6+VHU/du9HtDN/JLqCq2cmNVr1OoQWK6AFpa3mpHfJgXmsALtEmXQSMvNXMusQp1En3yt9fFJj+HulQ4wAUGw81JFBMRn3VsAKl8GseqxDoYfih7KzbAYQwQa0mRUMZN5ailV69sxRAI4NVwZSEeCfV/VBZbKO0+A5BnVUhRnp8bfHPw/I1Gf0XhngB2Wb68hAARverPQzSKrzgJkVACeOC4j02dMKzyPfKt6CB17sNTYinrLMLH/xYDUz6/V69l//9V/2l7/8JYSY0PkrxrM6FOvfamhzXbzfl6BvLQe8/o/8YbQzsKpePtxn1PjVeul/5Sv3GQVXuc8Y6Xx4HkAg5Ax7dQH4Q34IZcDj6vb2Nhz0g/GAxSGMAZxIPx6Prd/vB69HeAAibzWiUX6Nmch897zoVQahTvyNRa08z4OHpaZT1f7IC2VEDFOzlxicONzp5ubGhsNhACM5NiyHNEDsZHi8cj/JsszyLLPMqTcOuev3+zadTu3x8dGWy2Xg7Xq9Dt6VKDPutVqtAPZhC7vZXp6w5x/zEIt9HM8afQ0exwhdkOd58FpGiAj0A2zbxhzG/ZP7t7Y/A+ytVsuMwHcuJ9JhDzr2ggbQ2+v1QqgAeLGybGd+sZchFhoQj5i9fNG3+/2+rVarMIcjVi5713l0iH5V1WfZflFbJs9zS/L8xQtY5FCZ3uU9y+XRebusfMfc07rxfM7zM5c3ZtPF9FKvjgpCskxU+1F1H5XfbIsD0OeYw3jXy5frwfzw+K51576q81PsfdaTuN4si7m+XmgWkO7+wDhTXYLblflmZoVQJLjG8x7ree12+9VCO/M01qcvpVccoxOVjfdTday6suRK75eu4OoFyTPcWBB6k0LMiP3W9FZ5s6BVihmUZWnFhFOZQX2l0+kUPh47scTa+9qmPsUUWP597OQeU44uSR6AxEolyw8Y4VCi4WUDxZBjy7GyDu+aJEmCYQ6jEvH9QGzoKtjiGa1cVu85/PfIi4OlvOF7nvKuSrzyTPtLbKypQcDPgpfgmfesV3fuS5xvp9MJMfzYeIDHGcAIgBnqDcVtwqCsGmkgvMvlS5IkeGyZWYg72e/37c9//rP99a9/DYej6Zx/6JzGfPbaWPl3aNrnkpXfetxzuTF2eau6Z7DGDGJOt27+/FtBKU3f68fot2zYJ0kSTnzH9npebMDCArb8o4/DA0/boN1u293dXTDkuWyct1femCdpTDZ4oADKaPYy1lhuKQgXaxclNf7zfA9wjsdj6/V6Zma2XC7t119/LYAP4EOn0wlerDjwihfNdrvdKw9ilh+8uwBAAg7Muru7s3a7bdPptODBpyEUkmTvbZqmaYiPm+d5AUyFTAOAAe9OxAs2swBQMhiE8A4///xz8NaEzMQCodke9H18fLQ0TW08Hgf+MOCE9lDwBWXNsqwQdiBJEsutuFMgB3iItqX+1Wg0LH32uO52u8Ejm8NltNttG41GATRlIBllRf0B+KC8GE+NxsthcNPp1Fqtlg2Hw9I+Hvt/rJxT/qlciAFNMTnvAXll/6tI6+XV0wMSuT4MnnlgHd5jT1dPJ9DncS02B5bVVfUafV91H52zWUermsM5Dc1b9QuWg16cfeWDEhapWB55dY3993RB1b+8OuAaxh3HguZrnB+nyXIfdWDeevy8NNXJo05ZTi3rt6jrlS5DV3D1zBQzUHFPP3guZmR6z39Lw+VbUszIV96UCRxvMkQ6ZRRTJL6VMD+2PbVv4Nq56ZA0tSyxulW1zbF5etfUYIul/R4nszIj05MjVXQoX6uUar6mYy8GWlQ9c0j5YuQBGHiHQYw8z8PhGEnychiVeoXC4MuyzJbLZSGEAG9v0/zx8Ty7uA4q36v6KtL05hz8jin2yKfKUPRkctlzeh+GLTze4CkHXgDgZgMMpEaCXmfDX0FtVurZUwr5cxm1bbguClrzPQYMlKfwwLu9vbUsy+yvf/1r8Ao7VsaUGZxl7VQ1N7xHmQeqMoLNXg6Z4wN3Ytv+686VdeaImPGtMoef8zym8dvb1gnC9mbQdrsthBNBn4P3JQNO8FpkbyYGntljM2Zce3NpWV/i+gHIxIfv8WFMnqzWtGPynK8xSIFPr9ezfr9vk8mksJ0dcwBA1l6vF0IFAFiFZ2uj0QgAKHuecjuirfh/t9styCR4jCKfbrcbvGnhQenN+ciPAVR4HSM0xHa7tV6v9+JFai8yFgAxrgOw5HiwSZKE8AH9fj8sGHI8a25XBV04Vi8oczzUjOuGNEjG4oCqTqdj3W43eB7P53Prdrv2xz/+0ZbLpf3f//3fKy89Lhv6upkFnq1Wq+DRi3jYs9kseDprn9M+Fnumrh6jeoG+p56ByAO84QW+MorZQWUyr+p3nXtPstiAOqEf8pyJPlO1c7Os7jwOdU7nMnjv8H2eHyCPWW7z/xgvvf7CeXlylflg9vqwJzN71R80Dy4nzzksVz1dgPPGYkoM2C1rHxCHdWE+chog5ikWeVQHLsuv7nirGit1xlJs3MR4eyqdahdd6e3pCq6emdQwxjV8e0p+2UpVLH3+/1Ho0sLC482xvPpIfP1odO6Jw1MY6j7/EahOneqmcyjF2umcbXjJ9uBt5yyH+XRgPiyEt9ImyctWtl6vF7yFAHLwNkxV7s1eK9B8jetdZqyokukBQ948E1NMY0q+GiYeEOVtJ/P+s7GjACn4zp4NeJ+9ythAYNAHBKAUoADSRpsALIKnlxpYHijtec4oWITyIQ1+H/zjOIDtdttub29tt9vZ3//+95AvvGqZN1VUBmp5pHWI9Y/3Ql79vHYws0LcVIBEvF0Y79QBRzyKPR8zntmQZy8ss+JiAHtXMxiHuKYK/KO/YRzw2IK3JdIHsGxmYVs8hzxh8BngIdJUgDAmQxTAwjWVMZ5HqvJMeQr+4P4xbebtUtD2QvoM/KA+2BKfpmkAnRkIBe8Qz5bnAJWfCqChbQeDQYjxuVqtrNfr2e3tbQA3PVnkyWYApQBNOUwN5i3ua5CPuI+5LEkSG4/HNhgMrN1u27/+9S+bz+ch/i9ilCIUjjfPsUxUj0wGjV551WnbyFyAfLfbrXW73VftASCS82O7ymt/eLyirUejkU0mE7u/v4/2q6q+yG1eJs9RRt4yr7snYoCSl66XL7/v6QhVc4031r18Y+XIs8wS8ULnxS4Or6GyMMZr7vexMqve4oHUVXXwZBrP+VpW/gbF+I8xy/OU9y7rRmblwKq2L4efwrv8X9/V8qFPQjfB+zGeeXLV05V4wYl1ZhD6BOZJ7XvH6izn0nGq9IE61zx+x+jSWMmVLk9XcPXMpAqVThoxhZ/vxYzhYw2FY6hsEjt3mnWfqWN08X3l4zFlf28G6PdKp/A5pkR66ddRks9Rpregty5vmQLyFspCrC0ZgMnzPHgLwTCFQYgtjjggA+AHQAA2jtSjwuuHaiB7ZS0zyjQ95Sun680t/FxZflUetkyanxp6uu2NASX2WlMDwANIlA8MiD89PRXacbvdhu3SUOjxnBdbL9ZearB5/OVn8jwPXoV5ntt8Prc0Te3u7q4Q3089nE+hOu1S5523Im4j1ZlAGJPex+vLXr/08tV7dfjF4A0bsUmS2E68sLgP8WFAXE8FHgDaJUlSAEQZwMXYAuCH9JrNpg0GA+v1egXDFgf+8FZ35hmnXVdPU76zp2jM6FaCtxSAB5VVdecO1bPhIdp9Bpi1PbJ8H9uS3+W6s5cqQEb+IFQAYqPG5AKuYTs6YqP2ej3rdrvhUCocKsX15vqXgRiNRsMGg4GlaRpC1SBmKfoEH7qH/sJyF/2v1+vZeDwOcx3XmQ/HMit6sXJZuZ/zFn14URfGONWH65jluRkBsa1Wy25ubqzZbIb4wJPJpCDPuSzc95EGz0U4xKzdbofxMpvNXvUrrz/G+h1fi9kl3G4MoPN/b9u5mYWDrrR8MTun6p5Xj7Iy13kefYnnQ/BeHYhYvr1qfwLNNR/mrXeN2zumH3n19Ejbhd9TPpcBZlwuL5wIj3fIRM/jlsFO7ZtcRgXslRdKPAdzqJCyucCbd9H+DKBy2nyGAbcvL5CwQwTrBZpv1dxwaR2nTvplfeKc+Vzp/dEVXD0z8cSpA99TOlV5UkNO0/hWQMVbgCExUqVJecWKM67HJl1Nz6OrMLscqdGgv09JM/b/WDrHxHhO8pSpS1Gd9oi1Wx25dQk55vEG2z/ZcIaCBxu8C2kAACAASURBVKUeMffwH4pvt9u1Xq9neZ6HA0ngIWRWBBXUAPFkjbetjHlRBhKBVI6VgUZlhp2CEZ4BGfMoKRsXrBQr4MBpsEHlGUFKXGYYAGYWDqqCUYKDfnCyOYw6PmTB20bKdde+qQCUlkvrxuXN8zzEX/z8+XMhdqB6XNWhMlnnATwfgTyvYrMioAovS41djOe0H/NY4v54zFzh9d/Y78wBe5G35xXF+mKj0bB+v2/9fj/0ZXjJs1zCGOOt2gyOwhsRcgnefgzK8n3meRnFdKrCafHJC4hVBn7gWfxmw9vjfx1gALI+SfZg5uPj476O/f7rtrTiGI2lmyRJkPn9fj94TeKDbfgIFaB9l4H0PC/GUAXg6IGDZQCSJ5+QHkBbHNaE8CQMEqksRbkXi0UIH9Fut4NszfP9gWoAJHu9XvDcxdyqwJn2eYxds+IhVPxclucBPEz2FbXcbO8J+Vz3m5sbG4/HwasYB1V54ysGyIB/6/XaFouFtVqtcGCY1wf4O3b/GN1Gy8mywJ3XzYKnr8o1TjM2T1fZQLE5ODZGVM4lyf5wR+1nag9zGTT0kpe/5hG757VxWTuo7GPeaxqQzywzM6krvj1bXtPQ8DCsF/FuHN7JoNiA10di8pYB1lif4HMH+EC7qvT1Pi94cF7eDgYGi7U9vDbgfh+j96L/XMLGudLHoSu4embyBHpMIOqErAr7j0hlhjtTzJji+7GJoK7Q+1Hb4FL0Lfh57vFTtz++BV2qXDHQSe+dqjiUKfrnIO8keuQHRY3j0vFhAMPh0DqdTjDAGo1G9MR3BgQ84EcVaFX8y9rRU4Y9I1zf4Xw8w8bbmlWVvidj+dtTtPUeK90on57Eq0o084tlPjz6kOZmswn3EF+Pn4VR4wETHu+Yh2ZFbxo1ptTAQz/g+IaDwcCGw6F9/fo1nNwdK4cS36v6HfuO/dY6lPWpSxD3RWyRZ1AV/7ms3pbfumNKjd+yd/RZ7z5v2/fGf9gGmySWC9iGNNrtdpA5iAsML1MA8gDp+/2+JUlS8FoFQAbQCAtBAKFgNLOnKMrH3zG+qUzAOEJ6usCk9WP+qZGt1z2QpO5cx8+u12u7v78PHorb7dbt8+yZpmViwEFjs8KDEt/Y5dDtdoMXLgBYgNtpmgYg8ekZzGOguczbzmsr5hnmLmx17/f7Ie/lcmmLxSKEkYBnNMDVPN972cPblUO24Lk83y8y4uAveHyi7zF4r2ASyggwE4A1y/2Go6czoLjb7fbxPJ/b6qeffrI0Te3r168BRNb3+ZoCVFm2j50OkHg0Gr3qT7Fxz/nguTLgx5tnNXyCzjXa9z0d4hCKyTrtV7Hfsfm9kBaFQAH4mOd5wVsaH77v8VnnWK9cnmzwbPAy8tLXRR6P3zwudA7y5BuXSw+sY8K4wbhUD2etr/YJlpva53lceu8CGOXwAjH9Tq/xc5ivGZDmBUC0P8sGLbNXv7egMr2gzrunvG92Wd3rSpejK7h6QVLFvGyi1ucPUSi/B6oS4mbVhk4ZadpVysmPxPuPTKowXmIiqmOwvxe6JA88pa4qr3M9U/ZuGcFDFQAcFDr2QmWvLjOzXq9nnU7HlsulLZdLS5L9ISLqYQRFULf58r0qhRRlUkAh9qxnSJQZJar8MrChz3l5eWXxeM5GCe57YCRAKK/8ChIgDW8e5XuskMMwQDoccxLPc7w7raeWh8sVM7CYh0ifDXj2phuNRvb4+Fjoh55HrJeHlsl7Ro06792qtLnOXj1Podh4gEEGMBELHbinPCqTGZ5h612PARVVMsVLx5MDvIDTarUsMQueXWwwY1s4vOfgJcgxUbH1G4cMMdDFAAaIDynSk5rZaPbGJ9cB//EcgyM8Vry20vHF+WnbnzK3qmHO7QSv3Xa7HY0dGANsAihuL8A/nsUW9812a8vn2Knot7vdLhzIhBPsGdh9enqy5Bkwh6xS73oul8cv/IYM4eewyAQgGPNcnucBkDezEK8V4QlWq1VBLoWyPvdRBkJxiNZyuQx9EmAQ6sOgNfcJ8Aj9HulyWAhtSzzPIH6n07FOp2PD4dAeHx/ty5cvtlwug+edjktPHuIgMDOzu7u7V32rrq1RJRe1j/EcxJ57nkejAmZhPDUawQNb56iYvVM2d+t/b4x4z3Ka7BWPPgTPZh2bLAP5uuomZfmVlc/jQYyU35oOt5k3D+HbC3FgVtzdxOloXTFu8YweMOX1Y+abV2/85jLgP99HvliwLktPece/eX7j93ENso77PeodW6DkOurCw6k6yTkppp95z1Sl857qdaXD6QquXphYqayz9YopZoh8VDp32WOKj05A3kT5o9Fb1rvKED7VuEI6x1Id5QvPnVrOj06X6kfHgDd12wsAB5RfyGPEllqtVkE+4yRmbKmElxLACpXhMUVcAQpP0ddnq8Av75rmz3kogMKKn25X1bTVWPEMU83PrAiGmhVjKkLx1phs8NTjvMtABgUYzF62miJ91BkHM7CnSGwbbixfrn/MKORnYcSw9wZ4k6Zp8F7t9/u1D7Lk/Lx28L5j86NnmJXld87508trsVgUDpKLxaKrKktVfcsMn7rGkDcO2HhUQ1N1PxieDEKg706nU8uyLADMGBsAkRBHFdu1h8OhDYdDm81mtlwui8BLkgRQVXnkef3qczwWGFjVrf88FhQsYN1X29KTj157M5X1O/YeBu/g/aXl9MpQADuoLRlI9uRQp9229nhsw+EwLMYBHEeb4SCobrf7KrQM8oanfUwX8bYr8/taDx1HCF0wHA5tOp3aYrEI4C570XtAJNJiUAbgCB/K1e/3rdfrhfJ7MYYBpnKoDywAIJwLzxecltl+BwBAxfV6HYDUT58+hYWr+/t7W61WhfeYbzoPrlarEMtVyZOVClgylfVR5jHLA06bvfo071c6QpaZVehAMb2qSoarLIi9zzxQPQZ9BTsP9DkvXS533XlGQbbYGNKy8TOaF48dLrPKcqSBtmO5wosRkIO4B+9xs9exi9XT05OXMSqTobH5UfOF/qRepXXbhGWPp6upJy7zB3Mj89jTmTmvU+hQXeAc6R/y7lvZ7Fc6na7g6oWIFVNvu1Fs4LBipPc94eJNIO+VziG0yiZkzgeTkwp2vq/vqKHxnnnJ5Ck1lyLOw5vEqwz12L1jy1ylQNTpc+9hEisb01V0iOJTNz0vLU+p0X5QpsRXyTz8LstXr5cZ4/wuQDcYlDitfbVamZkFAy/LMptOp7bb7cJJxQqgsIeYKr8qt73+6BkWajjH+BEz9rz+A4WVvXa908hjRojytqqNuPy61VXBGE7LO5RIDVE1LPGenobOSjrLf/WGiNUN+ajXlYIVSmxIMV9Rd4ARzWbTbm9vQx8rG7tV8lXbqK7sK8vLo5jOUSUj6hKAHqTtLWDUzadKJlQZmLHxFptnWC6wUe3VByADYosCaMKBSfAqTJIkHKaEUCS5mW1pez+8Is32xjkWiAaDQTjMyeOLp9eo3oMyKyiKelbxjN/z+qVHCkjwdf4uK7eZFWQdyx2VR3i/0WhYIh5cyf7mqzYt69uNRiOAi7vdLnh2IiQBwjlAjvCWaHzY25L7cQzo8XjqeX2xTIKX6Xq9DiEN5vN5IRasHvqnfUYBkTzPbTab2WKxsPF4bKPRKJSXdxFw+XSHw3q9tjzPC4e58TZiPMsLY+DVjsIrfP782cbjsT08PNh0Og1jCmNF5Ty85ZbLZTioq4y8sePZapqX1yZ8n3mkwBrqyd/4FLzEk8RMntN+Utd29MpeJTe4bSHHsFikntk6BnQe1AUgb3GhTB9VnZL7rDfGtF6oj4auUB3I82ZlmaHjlp/hsaF9Afmi32J3lR7Gqf1B/3OddDzqrhl884IHx0qO6YHKQ7QVy2Iet8gbuwm89sA1Xdgq68+HUmyuj/1nivWdOuS9e856Xel90BVcvRBVGTtVSq5H5zJmLknnFHaxZw4RamUKRNnzh+bzHqhO3eq0j2dsxe5f6dtT1aT/rcoQ6xuqwKuiXiUHvbwOva+KJhvaUPD41GeO25llmQ0GA+t2u+FQGVYAoaCyYuwp0CpDYnU9RKnyDDXOy+MFH9Sl5fLmIDbYPKU3Vk/NX2OpKg9iRifnofkqQKLGSCxdNs48A4nrotuHtY35Wf4u+81GRL/ft9vbW/v69WsA9JWq0ox96++ya4eQN3fUnU/qUCw0grZZVbnK+HOs7uAZqVo2jlHJfVw9CRF7MM/z4GHJW//hYajeiOh/DEoArAUwhIOGdrudTadTWy6XBQ9ZrZdnJMdkVkzO4LdnpHt5KaH+Zq89uKraRdOJpc/bkgFWgACEA5zS/sSeVDH+MB+SJCnEzeW4uHgObQFQHItCANTTNA1t7QEM3O88D8cYH7g/Abjvdrs2n89DTOinpyebzWbu4pIHZqmMA6iGeMEAS8EP7o86D+R5XgBDsfjg1dtrQ/C50+nYzz//bKPRyKbTqU2nU5vP52FnChYeeBFkt9uF8ABMMd6W2W4xOenNBxoaAOWqK1cLoKPZ/gCw/DXA6tWlDNCJ6Rll17h9WD/ywOeyrd9cNk9nUpnkUd17MZCMy4ExyAsEnjzgtuTdCSorkQbGR57nQcfEbir2XsUzuqjP5QOxnC/INqqrp5OB4DnOMXJV9uA7psuqbsw7KNQjVt+tmi9Oef5KV/qWdAVXL0AxZdzscCHAE4l+NK9j0n9PFFNYyhTnGFUpFd7z/LvKWH3vVDb5HZrOse9+FFLl4yNQzMA8Z/mrjNgyZd0bf+eQTZ7RUEYx5RyHvMBLJsv2B8Y0Gg0bDofWbDYDsAqvC8/IrCpn1bOQNd621TogghcH1qt/DBjQduJyxwAprw+UGUVcv7I01Ojx+hOU8zJPKE7T4wneY+BA687lLgONygwzrRc8eprNpt3c3IRt4GzExOqgRlpVearkQNmYjPGu7piLUezdKoOt7B39XfXsoWmWtQcIwI56S8OQRbtzHFk+tCtJknBiOS/y5HluaZoGYxeHE7Hxi+fu7u7CAUZ5/nLis1nxUDVdSOAt/2oUgzxZAAOdjfWYzNL+xPnwezF9LXYN18vmPS53nu8B7YeHB2s2m+5hTDrOPLn69PRkliTWkLQ1XwYV+bBEfOMgJcSFhfdnmqZhcY955lFdIA5lBMCJdkfYgn6/b1m23+YPT1aAmyyjzIq7CRg863a7NhqNrNlsBlCz2+3aYDAICwb8HoM96LOoK0JjIJwCt7O2NcCoZrNpT1lmT5uNNRuNEPd2PB7bZDKxx8fHQggg9qbMsizsYvF4Bzpl7vdkqc77Xp78ftkcrf029MskCbFZY2lr+aI2l//iq3GGNNDOsQXLKv7E7te55tXXkxVePtwvsywLYxX9stPpvPKyV9BQdSLlD4cswk4qPMvjg2MZx+rryS6kox6vPM5U10GYENZ7dd7jd1RPKysTP8cypKpf8vuad1VbXulKb0VXcPXMpAah3mPBX2UIeYpdnQnnLenY8sSUCe9ambIZMxrLjMmy63UNs7emKiM59kxdqqP8fUSKKVYfhar69anpHvNODCQ5xGg2i4//Q8EYNUoAdEBxNXuJ3zYYDKzRaIQDSpIkKRi5Zq89HWMKtdahrK6e12XBQJI0PMBCy8TE5VSDzvNq03dUsY3JFm0fgNJ80EOs3fhdVdpj78TABRgLXh5s2JUZsWX/Y+/G2ocpy7JwqvhkMrFer+eCuJ6xFMuj7FoZVc0RXv+rMoKPpbrARdm7sfpX8aKMl9oG+DDYxGMKZVEwiUNyACjFFsxGoxEWd/AsgFWAc/hw+IBOp2N3d3ehD/E2+H6/H7aao38hXivKymNfwTKtK3+q+iP/V72XP176ZUa7UlmfUTkFAAMxfjlOKMIvaN6FxZdGw+z5Xvb0ZFkSD5/AZYM3mNlrgBsxdXEPXpbb7TZs4UcYCA4jEJPldXih/EdfgUcnwEizlz7McWzBE96ZYLY/5GswGIT+i/692WwKXrkAQjUsApcV9+HdCzALZYj1kUaSWEZ8yfO9J+svv/xinz59sv/93/+16XRaSA/5eSe3e31a52Uui/Jb+z2nyfoExj23q4J3IJU1Kpdi+gLnq7+jdhHSoe98/2LxOaong3nKA36+zI7TdA8lz2auO9dzP+drGMe8pR6LJ0gf7RgLY8DXsKDf7XYLnt28eIyxomMG5PU9XFf5xfnrs8wnyEkvJIDyLTYOuQ97fNfQI1qfGOm4w7cH1l/pSm9JV3D1guRNKvq/ynj03vEM2diz3xPxJOHVPaZY4F0lj+faZmUT83ujqnYvAwyOoY/Ak++F3guvq8aUPlsHiCm7fkh5+BorsFD28/zFY4wNOIBd8N7B4TAAPVA+b9sqyyM1WrR8UQPGkTVVwBAbZt47WpbYeC9Ttjn9WDm8urEBjDR0+2rM6OL/Xn1UuVbjge+xdyrXxXs+ZoBoemX8KnwniSm3cP/p6cm63a7d3NzYZDJxeeMZxbHv2DXvf4zK5rlDDJ5jqQ44VPd+Xf4dkgZfQ79j+cLPqREN2aGnZ8OY5kOYzCyAPPBkBbg6n8//n70vW24kR7L1oLiTWqoqs2um2/pp/v+jrllPT00tmVq4U2Lch8wDnThyRyAoKitVQzejkYxAAA6Hw7dwALbdbm00Gtl4PLbJZGKz2SwdSMSn1UPG6VJSvEwCnsDNc9rRR2QvcSBR6YH6lA5wsqOALf/ng55y9okng6OxRFCEgz51/WUZ7na7tcVikbIr5/O5jcZj69MWIxivQyD3MY4IgHAWL9r0aIdM5P1+n+4Nh0O7ublJe/Cu12tbrVbW7/ft6uoqZcLyNgdt80JlospP6ESM8Xw+TwdvPTw8pEOwFouFff782cwsrfZA4J6XEI9GoxdBFfDuZrOxwWBg8/k8Bf65H+BVBJLA+whI43q/309ZtQCMQ6/XSwFAPANaTyYT+/vf/27/7//9P9tut409HyN4jd0F/CMdw3ysQTVP30TzTOeh3tN+RNci38nsa0C1qhpBVc8nRV/4m+97NpKCyg9tJ0ePKNCXa0Of5TZ5y4mqqtLhdDgwjbfwgKzkLSq84KKOF78Q00xTlSEoHwWFmc68KkHtnWirEYBuKcC2lrfKyrN/UVYPyNKxZPpxvd6Yab+9a+8l/pGzyd9LH84Qwzm4+gbgOY2eUOhSF8O3cHb+bIicRKbtawKESiNVTO8JjsH3GLq9xtA8w/HwHuZzqXFzKh7yjCq+x4YrL8eE0QsnbbfbWVVV6eT21WqVAqtVVaXDGDzZ7RnjXj+je2rQ8jUNzGh7+O+V9xwSAGceRfjxNQ/XXJYAymhAs0tbihtnLHG/dSm9OqZajwaKQVsdW55v3L7XLgdTGnRoEiX9Bx51Xdv19bXN53NbLpdp6Svj4NE+0ovH2BZajzrXnrPtBQZeC0rzY5736sv9LqmHr0XPPUmWkjqjZs+BH9zjQCuCWrwfJZx07KeK7UmwxHk2myX5ZGa22WwSX3HGPXAAHpxxyAFPDnBxkJAdc/3k6MlB5Eg2etmeUSDCy0DvAqiXt0xA8AAZxAhkTqfTlDGKl2u9Xs/s0NyXFXgxDTnbkOmHtpCZDDrzgS84BAvPTKfTtHfu77//bvf393Z5eWlXV1cpm5UD+7m+m72ctyprefl2r9drHMI1n88TTwFQDv1GwBUHeHFd6Ce2RsAWCAiyYmx4LoBWHGRFf/EBjmbP2cEp8ES8Axo9Pj7adDq1Dx8+2P/8z/+koDLTR0G33WHw/Af9aBAr8g29zNWS+ebphug7es4r68l+ExpwGQ0Eow8aCNSAK9swyptdwZMzait5oHhzMBLzES+4cNCT98IGmaz8EldtNADbEAg+gtd4D27QDPdzMQX1iTkoGwVKMa8hE9FvDhIzndh+1GAqyjAguOrxIvdRxy+yB9jG9a7nnj3DGb4lnIOrbwAaANTrbUb+KeCt639LyOHuKZS2vpYGTT3j6L0B08MzlM7wfuE9zWk2TqPgYs548sp7Zb328J+zw2Ag81v0zWaT9r/cbre2XC6t3++nbQA0Y0ANO5YTUQCMy3M9anBzXZz54Tk5+OYgKbeTc1bUAI2cDw+/KFDqOWqek+g9o/SJDGw15NXxUBopDyl98CzaZZpq/9C2l7nqLX174QDbl8wfOPNYZjscDu3y8rJxkIrHG7o8NGqrTT54fKD3dQ6V6o7XODSRo6b1R+3qby8gEc3NqH6Xrt6coKCo2fOc1YxpntPILjWzxl7OLB9wsBD2gXx6erLpdGqz2SwtYeagLZaSow4EADjLkdvnFzZoEwEqzVhlOkbLPFl+cRYuO+TRGHAAIxoDhRKbT4MMCEijHT4R+3A42P39fdon9PLyMu17iixJbzx7Fxcp6MQyUuU66xHGD3Q2ax6Ig31Er6+vbTab2d3dXdo3dD6f2/X1dSOzWe1Vlr96jeUtlgAfDoe0tyO2jsALn8ViYff392lf4MPh+TDIqqrs6urKrq+vbb/f2x9//GGj0cjqum7Qlg8cxOqQ7XZrq9XK5vN5Y1sL3deyrpsHkSHQhQOBkMnKMoiDlfiPDNgff/zR1uu1ff78OcnvyI/wAloRvzEPgMc0uMqBNx4XxoP1presm59jXlJ7K/ID9DrLSI8O0TWvbb7v8SXf9+y8qJ0IPL2e839yeoTnJM8VfgmCl1zD4bCRtY468NIeGdNq76guwlizrO33+ynoqTYKPprpqbao0kTtRN7HlbNuUZ739ebn1bb0xl0B85oPtvLK5nhFxyk3hm3lSqBNv5waPN14hvcN5+DqiYEdYhUWXmp8BJET+lqh8WeBp0hLynoKMlKWnnD2lK/Zy4wq3C9x4v4MyCkwNbgi5XVMW8fc79LOW/OyZ6xFhrRXXqEN37fgk5wxceq6u9QZOdlar2fg5erKBVm89uAAsQOry3URUOAMAew1Z2bJmdNTjdnB4U+OBipb9FAA4K11RfTR4JqWL7keGW+eQxLhxIY+yqqxDfoiiNE23wDqxCo+fAgDOzvIFKnr54wTXmaHcuw4RQ5ZJGO1D4oPl/H2mjP7shegUbAHNLy6urJff/21kf2lOHr6SyEa19LyfN1rOyoHeI1Tw9l1EW6lffcc2Dbnz5M9/DvJlqr5ooWX32uAv9frWdXr2eHrsmY44QjwcLCFceSsSgSaANh/EjyOrEsEVbF/J2fbcRBWl/8DT82y5ECi2pwsA9g51yw1rbvNeWT50SUokuO1KLCh9SOojEDlbrez33//3W5vb1Pm5nQ6TbRN4/t1HIAB6tVsLTOzqtdL/KMyA/Xxkn/OJh4MBvbx48f0AhCHTk0mE7u6ukpB1rp+zsT3Ag2Qkdw2yzUEebAUfzgcpkPSECwcDAbpxcDhcEjbKZhZ2juWD2rDmHLwEDgdDgd7eHiw9Xqdth9AQHW326X6UBbynvU9tsLgQKvawOgTXjb0+337+PGjbTYbW6/XCUcN7uN6xFvKe5ptijJsT2iAXceIbRZc0/nDY8hBthy+kUxVOalzhHH1aIB+M39VVZVWBPFc0Bc6jJeX/V+qRzxeR51ahl9gsKzhPmgdLM+U1pCxnB2KcrwFC4Bf9Jg9Z6nioELUyZnpCIRqu8wbEd30ZQ/aw4slrN7iF79MM6YX14N21E5THc404RcOKiNUJ0X8pvV7/ktX+0P71bU8z9Nj6lCaqq16hvcJ5+DqiUGVJK55istTxGoQmjWXcqoAfa+Tr1QYqVNb4jR6b4fVoI3ayt3rKjy/BSi+75UfzvA6+BaK+C3b8OoumW8c7DB7zphgGdDINOo9L42dTCY2GAzSYVbJWRaZo5823D282+apZtmUQluwiP9HRpzWp4YxnvUyNNVJ9wJlniGshrnXL8+Q17LeeLFOVT2cowf3ycNdcVZapHqqL9sAaKCIA3GobzQa2dXVVcpeVeM6ylr1+vAW+smj0TFQ8mwUACgBz6bi/13b1uCGVS8DVJpZzvyBMvqihpcxc1CSX/p4tEKmPZxwxgXBNcgwOPwIPHHgE+0wX3HA0KOFR0etF2X45Yo3FjpXc220jVsXntJ5xXTFfw5uwPlfLBa2Wq1SoPHy8jIdyoT+cuChrmurer10Onta4lvXZhcXdvgamFTbn+1WjCXkV21m9eGQDoRCkHW329lvv/2W9t7F/rsauFA6KG3Vr0CAmQNjHLwFTyOTFcEf3iIA+wA/PDyk9hDA0bFAJutms0lbMmBPVowRB8aY93W8er0vWxog29jr73a7teFwaB8+fLD//u//zvJTxIMeL7M+VLqqTvL0G751NQZDG897vk/Uj8gX1XlbgocGedXuMnv5QiYHpWMR2Y1qj6m/7NkW/D/KMvf+s73Ey+w5WO/hwzYV6wG2EXAdAVymIweEGY/IBlJbhF8qqY7wbA9th+WfNw7cX68Obyz0Xsn1bw1tdkrOrvVA+S/Sj2d4X3AOrp4YPEGvKf2e4a/Ouy571HJ/BWCDhEGFEiuLnMBSJeoFRHL0857xAhDfG3j9VPje+/At4K9Kg7fsV6nh4z1XYuDn7pcYa1qW5QRnaqlxOxqN0lJE7KUFAxPGrsqDnCxQg6qLvI6Cdl3kfJvBx/Xl6vXwVd2lMhY6LpcV5bXrGdo5vNjgx38vc1D7HzlHUTsRjvw8L+VjZ/9rAavtOXCDOvR03P1+b+Px2GazWSODih0cxZ37FV0/BqK5GjmppfVE17y2uoInm7rWFdEvojGucXah8h7mAoJT4A/wKk6mr+s6bREAnormiwZNeG9UdsLRDjJWmX/4Gc1Q8hxCj+f5w2U067WNrrnxKOHrrjaw2nM5Gcu0Aj0R/MMBWFjKPhyN7EKCeAisWlU1gqQ7eonHMssLNOA7PU/9GA6HNhwO0168wA1bBkyn04as8QIsHNwC3/CKAyzNv729Tdd0af9wOEwvKHENma3s94DmujrBrPkiEYdorVYrG4/Hqa8cJOU5wlv+oB7MQm4nywAAIABJREFUp8fHx7QShWnAgaT5fG43Nzd2e3trZuZmGuZedLIe8XwG8I4G6rS8Xud+Kg2VBh5O/O3dA3i+KH/a+u7RwpMXnp8XzTuVf57+8yDS9dyWV8bLyPRsHbVtPHqgvouLi8ZhaZ5tijrxjLeqAN/RC2Ivq1R5UvHj9pS/9LquBGIZoXyjY6z98GjXZt+X2IdKX8aj7TkGz1bNzbHX2Fqlz3o0PMP7gXNw9cTgCVLvgzL8HAsfFnzpFExR5PzW/HuHNmNAr+UEinfPE6RKU20vMm5KghDvAU4plD0H8z2BFyT5K8AxfSkxDtrm36nnRs4YbnsOy4w4KKVBAF6WhCwkLD9kJ5oDIYxLCT5eHxiiujxDr7RddQI8UKcvatOrO8peUD3lbQWQq1/nY07msrGM354xzPWVQC7Q4rXjlY30jlm8HywAPMbLelHOy7qKxs67dowBH/3mcl2h5Dl1eksgmj+RfeX9L6mP62T8dKkv8zwHoOAw4yUOHNThcJj2dkYglIOs3sonXvYM2w9LOtF+LpM0l43F7fB48EsmDgDwYU9esJYhGtfoGrfvLRHtwos5OazzW5MgUI4Dcrvdzna7nW02X06+n0wmNp1OU5BRs8pSAFUCzijDAdYoOMHjaGZpvBFknU6ntl6vbb1e293dXdoyYDabpcCnbmOi9GaZhf1UsWQYbfZ6vRdbBKjcAq/tdrtG/8H3zJ/8jUxYZP/hcMnxeGyj0SjNF9YvGDvOWuV9Y7FVAD6cHfj09GT9ft9++OGHdJgZtiHw6OPxEMsZxYn5izPXwWe47tXFbfDzep//a5tKX73nPd/mq+YCVSxP8J/lX5tN58kixj16JiqjOHl+cpTZ7MlByDweN7YbWQZWVZX2TVW6eMvuwZMeryg/gN89uqHPrH/4OtMJ85llHoKrep3b5rJeMFjHA8/x/Ij4UW08D7raI5GNmCtXApH9x3yXs7e9+rricIbvG87B1TcCFU6R8jCLs0bYaNdsAC57rOPzLeFYx0mvR4of35GT3kYjzyF4T/CWgrnNKf2zaRUFWs4Qw2uVeTTufF0NjC4GUYlRzXWqDMCeX9ouljJeXFykwISZpW8Yy5HR7bWpwDIokvkReLqgjRbR/UgWeo6D3ovq9Zx+dqY8B06dTm4rhyc/HzmP0Ziwgat9zkFEi6gNDkp4jojXT9bvyPYaj8cpe5UhygI8lbGuNOJnXytHu873nN7PzUf+HX3r76idrz++fNF15nfOSNXsZK+MmaXAHPZHhYM8Go3SwUEIXmJJPwdv+UAfsy/yCkGwtizSHL20fxwU8QIjqJP3By6mawsoHqe0yaK6PP3BdMR9by/c3W5n6/XaFotFOmwMQdaqqqxP5a2qXpwkjm9PT3nXdJxxv9/vp0xaZLIiA5Rx4peQOr/xm7fUQZtVVaXAKHiOeZK3iLi4uLDRaPRihQHq5rHlIFBd140DdFgvr9dru76+tvl8ng7g4r2LwbN4aYHAFsqhXQ54YSyHw6H99NNPtt1ubbvdunwT+V1Mu0i36X7r3kuTyP/jceHykYzzAj5eQEvr1X567eRks4evBtMwRlE2rDf3S3SYzoWIRpqIpPaiXtN6dcm82fNKFJ0zmC8s5xVnbhP7/GMeefgzTVUOePSvqpdZufjPKxwwD1X28/6oDGpPebZDBKjfK9vmS5TeU/4pgbb5fSroUmcJPc/wfcM5uPoGwEJPBbYaVar81PjgSYZ9XLyTXt875PpQouhVGXvKPTJi2xTC9w45HuP70XMKnpH/vcOpAgJ/dWgzaPTea8c/cuiPrcMDyEM2ds1eGqMIYvV6z/sXohwMTV7Glmu7Dac2RzlXvguUzFXPGYuei4x1vQf9xNkb6jzlaNDmnEZ90GwMMz8Aqf81yKRBC3XuPNqojma9bfYyeADwXozCUcMebePxOJ0Mz+Bl7nl0abuWA09uenLiLWVr6fjn5InH58X0qapGMFUD5GbP2X+6j6oGH6vqOZsOziovV8YzCJAiK48zH5F5x3ptt9sl2QZnHDjoknwvQBDRhIMHHBTmOnh/PuZnj9ZdHWLGw8MtV2cptD2PcQXwWDJ98Ru4Hg4H22w2ttls7OHhIe3LOhqNGnuzsk2fm2tm/lL0XDCB68fLw+12a5vNxj5//mz39/d2eXmZDoxifVdVz4dCIfPz5ubGzMzW63UjcIQAVV0/Z81yYBR8rkuKeT9z3ecRAc3JZGKj0cj6/b4NBoO05cFisWi8iDCzlFWLACv4FXvFgl+5nzg0azAYpPLA5+bmxjabjf3yyy8v6JtbGu+NYST/cY8TZjTwxjpFM5qZB/m6xyMsMzSYz+3odU+H5mQorrM8YBuA5UrOTvFklf727mm/I5tNVxaoDaMBTbYrmE4YF64LGeU8T1R+Mt3ZFuE6B4PBi+Aj94+zRBk8Xw/16r7eGtjUbQD4ZaDiimu8ipbpHslX5mlvJU+pnZxrw6vHw6vELiq1Q3LloznTBU7lf53hz4NzcPXEUDLZcgLJM9YhJNmwfY9BpBInWiFypnLGxbHte+PE398jlNDzGLr/VeB7HrtvDUqLEjmS450SGfbWgEwWtIugA2cZwaiEQ7jb7ZJTx4YrghW6NyaAHZcISo2inKGo7ZUAyy4voMJ1ekuH9TkvS4qdAq8/6hgwvSK9WNpHdt7UsOf/URBD73tte/KfnSjNxuKgA3BTfD2cURecMs4CYydane+uhn9p2TYHCWXeCqL5phDZAnot3aueA6aldXvfzDOc0alOsuc4Y14wr6AenPqOpd1XV1cp8w6ybLPZNF6os3zj5f4aeGHc8ZvnN9s2vH8s0wNt4IR2DTR5QRFtF9dLdIJne51Sl3RxWDUYoEuzMT7QK7xlwP39fdqXFRml2M9Ts8k80DLMe2Zx8BVler1eOhhqMpnYarWy29vbFGS9vLxs8Bi2FOCDsUajUQpu3t/f23K5TD5Iv9+38XjcCK5qcJ75hmXo09NT2kZhv9+bmdlsNrP//M//NDOz3W6XXjQ8Pj7av/71L/v06VPq23q9tsPhkNrf7/e22Wzs8fExfYNX7+7urNfr2c3NTRqbyWSSxpcP5vrxxx/t/v7eHY8SXc5zwJtnmijjvYhkOvLcwlxU/aR4eTIJ/KSZm1zGm1/eyksNYCrPeXVG/O7Zoh5uURmP3lG93nO6tN/sWQ+xvmZ5zbThLFP456ifx1BtJq6TX57xi2r8ZjuN6elt8cF9wHhwlrc3xtApJT622jzYFobrKJHTkU3qlWmDU+iG3HzK+T1d/pfeUzujiz13hu8PzsHVE4Pn4EYBCAYWOt6m0RCWvCzJy57IOcBdoMT57wpdn43KswL3DPm2/1oXvvXtoDoPJfAauuf6myvPil/xPyUeXXDr0tapFOQL59pi40r/HxuAPiWtSuo6xfxTg41B6dBmFHsQ1Z8LiJTU55VHFgu+sWyR39r3el9O1EZglZ9BcAuBLg4SsmOt14CXJ989R6PNAGOatekQ1Qv4DaNMHTQPRz6ZHH3jcupEgQ7cblVVL5wM3FfaqIPCfWVHguvmMl4gE+PGNI764elKHQceZ50DoJPSxOMBpikvC+UMLjhS/X7f+v1+ynTDKd3sHDFdFY7VqTk96F0/Bjzd7IEXXH3RL/Bj0E722Uz5nD4wsxcOL+87qmWZvxAExX1sCcDlEAS6uLiwx8dHe3h4sOFwmGQRZJnZczZUr9dLZTiDkvGPdBq/bAKPss3DmZkIjnEWItNHnWO1V3N0V1mHD9rCXp/KO9o31NnFGe8C3kso/ma+xXXQlQ+ZQjbrbDZrjBvLw0Ndp4OwuG7PJmVQOce6h4OsCJRiT1YcfAWevru7s4eHh5ThysHZq6sr+/Tpk/3+++9pr1JsZcEvJvf7vc3n85DOKucRpP3w4UPaT3W73dpyubS6rm0ymdjf//73tMLk6enJfv/99yRHwaOTySSV2e129unTJzMzWy6X1u/3bTab2XA4TC8yJpNJY3XLZrOx2Wxm//znP12cc3T35h8Hujyex9h4dWmdOZmfs688fjB75if1d7wgXmQ765z1ZChkIOri5/Q/f4Az631Pr7Pe52xS7i/Tn/1nfl5tKC95Se1AvDTgzE/IcMaB9byZNV5ooE+8CgL48ooELs9ZpmrjKM0xTyFvoEdAG5anwBcH2Zl9OZeA9zL27Cn+zzrE0ykMKs8gg1jXMo7ads5/QXnvG8+U6IFo/umc8J5R3lF8S5/X+XKG9wXn4OqJocTQixy8yFBkwxNLatg48Azd18Ip6ugCOQNSy7TdZ+hifH+v8K3H4gx/TThmHnR5ps3oKbnG90raZoOMA30whOGA4TACzdKqqufDN2D8AjjjjA1Y7a/KX37r7BmmJXV49IgMPnWUvCBE1IYGLbz2tByug97syHi48PN6zXMSPBpxQALlNOjoOWna19zKD77u6VWlOf9WZ4ADWOy8gA9RN5wyzkRkhwDlI1y9gK/2pRRy87fkuWMhylzt4gSVQlt5driVr1h+eLyBZ3hZKJb+Y+k17Dc+nAp1rddr2263jUAC7mNJNLcTyQPuKwdSWPapXOBAL2fE6pwqpaGWi+a6lhkMBjabzVKgTR3sEjvxVBDJdZWF2hd2irFKYrlc2ng8tqurq7QEnuvqVc1AUgq69HrWp+xPpUEb7pB50+nURqORbTYb2263tlqtbLPZWFV9WTIPfD99+mSbzcZ++uknm0wmSQZ9+PDBLi8v7f7+3rbbbSNQxXhhmxPUx7TiYBsfyoWs3rqu0+FSWMZ/eXlpk8nE6vp5H/W6/hIQZRmJgykvLi4afTMze3h4sJubG+v3+7Zer5NNoHNvOp228gFf83wtveYlu/Ac8K5rkNC77z3v4ezpU7Pn4JjKgsguiOYaBxCj+a7yUW0C/mjfIvnjrbaJfF/OCuU6UI8nD7X/XpBM+6BltC/8ghj7rHo4R/TQeryx53vIIMdcRNuMu2ZItukSr12mofJVbhWY0qkrePwSldPfXW0LfU55PUfDLrqTy+V4+gzfP5yDqyeGNkHhKWU1ILU+Ft4wDPgNFderOET1HuN8fU+ggudYx/A9wlnYnuGtoCtv5YJOx9bJz7UZF3hTrgdUcTYAv03n7ESz55O6eT9B3i8Rjo7n7HhGlAZFlC5Kny5GXpusi2jlXYv60VYW//mjukcdC8bNc0bVifKCM0xbzqZT58PDF9AWWOV2PHqovuH/6vhwliAvLeQtLJDNOJ1OE+9Fyz89fZdz7LvowVPpzBLbxwMOHB5TdwnPdsWJ68DY8EnpOYcYgUyz5t6oOLWcA5hwgnUegRdyAU6dLwDOSOVsfC8Tk/lOP8CjzSHN8SGXwdyN7Ny6/hJcnU6nSS5zxq5X97ew9zTghP6AhjpnEXjkgMPj46MtFgtbLBY2Ho9tPp+n5ffIouMgBf5XVZVevqBdxatNZqEuZHGORqO0py+2nQBvQocuFovEswjwXl1d2XQ6teVy+WKbgOFw2JA9euAb7mFfVNDp+vo6rThZrVZpCTMv8cdKPQTe0UcEaG9vb1OWKvauxHdd17ZcLm00GtlsNksHfs3n80Rv2A4eVKA788OXTrr2CV+LZLSOkwbr9B7rU08HRDYFvjn4qXhFelzx4aCcguLP/zXAzrh4uhvfGBPtN8sl7hsH9ZTmnHGuK2Qw9/hFAbfj2QXeKhjuG394H3Ze/YSXplFWIuPL9gO/8M8B5hnmpdoQnp2qNlSJbgTwSjHPFlO+YBy4zm8hz3P98nSdx59tNnNbe212mtq7Z3h/cA6unhhye2VECtcsDlKoguQMVjZioraiyfsthNgxkBNEbca9J7zPcIYzNCFnOLUZVW1w6nnXVh8HQHhvQnb8qqpqBBk4AFLXzewZOPUaWOG2Ipw8x99znHL94H4r5Lb/gDHelf6RLop4QJcSMm1yfdDgEJcv4UV1YjwHQevXDGKvrq6gjqE6KHoohDo0OC0ewYHdbpdOueZgDTtyUX8j/ACl/SuxR6L7+t2lDoCXhXQMtPU358hE5avqeU89li8YA84IYieaneBer5fGl7fj0CxSzqbjoB3j7s0hDb4AT+8Uaw2gAicegzZ7qw0iB72tPpYtOHxwu9026KQBmWP4/TWgwQmMtxcE5wAQ7HXsDbrdbtOWAdiXFUEXvOCjjr2YZ6WBD14+jUAPlgtjKxIsk0fABwFOztB+6j1vY4IA52KxSGXB457sU9mNbO6qqtIWF9vt1u7u7mw8HqfD/bAEezwe22q1SsFUM0svKbgtbE2APuLebrezxWJhk8nELi4ubL1eW7/ft+l0msYPAV4FULnB0zQmGmBjnvd0cc6/0fHz7ImoPbUztE7lSwTutD3+5mdzfOfpI49fvaCbp7sxfgiucpBJ9bnqeQ+XqN98P3p5ofaFXuP22/SXbomh9PLoDrxy/r7yHNsarE/0WdSH5yJbNbJFVc4zfUtsushu43bbbAHFwcPbu+fVwb89HdhFL5ba4Tk6vcZOPcOfD+fg6jeAnJPJ4E0oTxjxaZteJsBrjeNjnZsu0IZbpCBzwi+qt1TQvSc4C9wzdIXIeDJ7aVSWOK45Y8Vr67XOutduXT8vPfIys8ysEWTgDNaq+pqZUzX3SUSdGtRiXPQ644MybMR7cjonk3LBqsgh8WRirs2cYat94zH1xjZXrzoeJQ6nAp4pDayq/lQHKKeD24CX+uM/B++VV9SZ430K67q21WrV4FcO2ChekcPgOQFdoVRPlvBxF327Xq+T88y4MOSyN9psgIg2njPsyRoEbbbb7Yu95vCbtwRQJ1aD5Yob7yGZm9s6hzg7Ev+ZFxU/LzOVcY8+TItSe4vxVNy1Ts6qfXx8TC+4BoNBCsZBPuOsAQ0wRfidAnJ1sl7hDDnlV6YxxgiHLC2XSxsMBmnLgPF43JBxPfzmCp3+e7h68oh/Y3uKp8PBatpK57mZZ/7C9hYXFxc2nU7TgVKr1cq22216mWnW3F8aLw04cw/BHyz/R1D54uIibZ+w2Wys1+ulrNO7uztbLBaNg8RAW/RlMBjYfr9P2wRgToLGNzc3NhqNbLfbpfLgGz1AkOtWYPlb4st48jDSvUwrrj+X9V3K95qtqYcjqW4v6RvjyXXpC6ZoGx/Njvf0Owfu8BKiqp73J1XdkeYO8QDwAAA33puV8VM65Gy+NtnI8wgvVVV2cT0YG/QNLz74BQOPF9Pf29dZ2+Hnsd+p1582O0ltEA1ee3yBsq+xWXI2blS2zS7wyuXwapsfr9FFvPJOA/FneB9wHrUTg7ecAOBd84SeCgtd8oAJh2d4U+y3MC6/JZQINqWjJzS7OHdnOMP/dfAcMEAU0Gmry6ujBLygRw4f7FvJS7A0OxAGqpklxx2ZNrydAAxENlA947kNN/7tGev6X7Njo7rVCeE6vABcrl2+xs+2PR85GdrXSM/h2+OJXKCAHXPeTyzCWQN2bfTxIIcPgLeQ8PrGYwbnA87T4XCw7XZro9Eo7Q2MvWw1EznHR28VWDoGIrpG129vb1/0se2bIXKMtIzezzl4ylMIiHEwgB145kuMHQKBuj1E7qO04vHnICRwYvnkvVzSZesa0PDaRvtt/HTsfX7BhRdaWPrO+2ZDDkNOHw6HtJUGMiY1S+qU86Bk7nNZ2OkIVqgewdJ2s+ZLIgTuN5tNygxFNite/h0OhxRQraVdxtHD2Quc8P2qqmxAe5Lr0mPO2uaMUCzDH41Gabn9drttvNQEXVi/od39fm+3t7cpoPy3v/0t6WLQDwHYy8vLlFQCmqFvyPoF3dbrtX3+/DltFYBM2M+fP6etBXa7na1WK7u6ukqrXjA2DKorPF6rzb4cRsb3A3nWGB+Mi2NX6fJ5ljeezm7g4+gF5QvoHgTjNMvd62vJPYwztsLQ7ZnwrMohvg57TunH2axqLzG9PLy4Hs4i5yAm23msp5l+7HNzOxyM1DFK89ee5yjLbr7GderKG7YPdIx1vLnPrBe0TGQ35uw7vYf+6Xkw2l7UTtRG9P+14NkC3ovdt7CncvJAAXuz4yXSGd4XnIOrJwbP+VXlpxPLE5QsiHTZA4w2Na5PJQzeQqjklHMbLpEA9hyjUwrh7x2+F2f6DKeBKIhyyvrVyPGMGM9A935HbTCw3Oo6N0vndFVVySnj9uCAIWMCwY7hcGij0SgtTzR7Ns6jJbLcv1wfzZrLv/C/Df9cHz08UG+EX6QP1LD12o7KsAOQW7LM/z3HgcuivPJlDnc4gsh28sqz3vSyc6I5po4H1wenznNavH4CLyzDZafycDjYZrOx3W6XHNHRaGSDwSD9L9Hr3r1j5UjX+dmlfMkc9pwyvp971psHXXDROjQwqd/es3C6UT8yXjlDyrMBPRnJ9w+HQ6rH2/OVHXfgqLh7/VQ+10BHRKMSWR7JJQ6mcuDZC157fZlMJklub7fbVNdbQ5vM53KY35jHeqgingMdEaTEixbdMgD7pCa6Q46ZNfcCDeSwXvf4FwA8OHhp9hxgxT1e/tvv920+n9t4PLbdbmcPDw8pwIxM0sfHRxuPx40MQsjA/X6ftgcYj8cNXYOAOuQkZwpjn9T5fG7z+dym02l6kXp1dWV1XdtsNrMPHz7YbrezX375xW5vb83Mkv7fbDbpwKzo8B2PprhW1/Xz1gHNB+JnpHxdVS8CrCojcnZaNL6qV7Vu3icTUKo7ovZZv4FfOAMTz0U2lspYyAzo0H6/n3jT7NkG4oxJz7ZgfvW2RPD6r7gxHdkO4jHi7GKlEdfHdGf7BGV0GyuMFwLPXK/XB29VK8YlF+TUMWXIyTrgx3TzdDoDvyx8DXh2Zw7/rt9cd66+nJzVcdA5rMB7WZ8zV98nnEftxODt3cL/uzo8AE/o422WLr8occq+dRDyNf1WBwTfOQXNSrQkcKHOvzrjukzT61POGYyM8+h+G6gCVAOqDZ9j2jx2DP9sgNGD32q4mnXr259Bhxy+njEZQcQf3n+v/pJ6vWfa7uccCV4O5mWB9Xq9dDowO2YcNEA2DJxUHOTBRrFmQ/DLK9QDY9/rW/TN5SJaeka5yjWlT0TjksCS8lNbdpMa/14bHt6eoe7RQDM12amo6zplcCFjDc4Wxo6NVQBnqPB11huecxgZ0uooAW8dN66fT4cfDoeNZc6DwSAFWJk30Ya3XC9nR3hzKuLBNgeEy+ZkhkJOhkT34Dx4AfvI6cvJ7RJ5FdFG/2M8lbdYbnA2HWQD793MvOrZa1ovZ5HhPwcj8RxvXVJVVXrZ4GWDefaRXtf520bHSJ55YwV6IDjHh9WgPAdSeTzQHywFHg6HNpvN7HA42Gq1svv7+yQX1FbTucrzs42Xj9HzkWxDIJDHDH0D3ryU/vHxMS2DH41Gdn19bbPZzMbj8TM/On3w5nddf9lSoGdNPcNzjWkEGbVarWw8HttsNmssnUZwC/yNrQKQJYrtAp6enmw+n9unT59suVymzFxesozyPJ+qqkpBZWT17nY7W6/XVlWVTadTe3p6svV6nQLS0+nUBoOB3d3d2e+//55WAqCf0+nU/uu//svu7u7s9vY2jcN2u20chFU6rm3Bkeyzet/sORsZZUWnaLte/d51xhGyhOeSZy95OHvAdhLqw3W9p8vx1UfjwBzjoltUQO7x3uXwg3W/fPRPM67R3nA4TC/lcagi5Hdj7sicAg2rqnnYHNstasOgn7yPca/X3AcV/UZ9fBAi0wM0gqzUvbtZd/DYcnnGTXkH9XNGr4478yX+4xonMyivoF/j8Tj1h/c0j/iuzafx7Ex91tNpkY3Nz2hftVzUrjefInoz/uBnbNlyjB46w58P5+DqiaGL85N7HhA5E6xQeFlam6J/T+A5UJ6x4aX0d6nfA8/w7PJ87jnv/lmAvh9oU+LfK5Qaz14ggeG1/ew6n9hI1PnOy289+cdOG4z83W7XOKGbAxVmL0+4ZWO5Df8uDhqDGuIRXVgmwggubce7rk4Pl1Xd4+HT1k4XnaT8ybTg06d5qa0GZNEnxl/HMXJYtbynf6J6PAeDl/Lpqeyc9cX98PbsLIW2eRvRWumQAy0T/T4Gchka3svP6H+bnGubH8x7bdlsHJRip1V5CcCZe+rc6oE6zLeahYrffJ3/a7seD+do4uFfQjc8i4AwH67Fe1qDBjn5w3Ndg8b4PRwObTqd2nq9fnG6uAbsIC/5Rc63AOZH3jYCfeegB2e5gn7r9dqWy2XaixRbBiD4AR/Ay0RMvGBNOdem3+u6tsViYff39zabzWw6ndpkMmlk4HpZyHxYVq/Xs/l8bldXV3Z3d2efP3+21WqV+swvnDjoAxwQeBkOh+ll6Gq1SkFW6ADObMVBVThA7vHx0X777Tcz+5KV++OPP9psNrOHhwer6y+B4c1mY6PRKJtll4McH5XI1EZ5+zoegdzSwKHW7wVvcN3LZgTf8NY2pXYi1wGAHtbD/1Qn43pEHw3+aT3eEnr+r9c5IKrzA7hy4NKz/TQDV9vzcGbgejQAyr8xrqgP9PQSt7wgHa7nZLr3PPNTZPt5ABz1AC1vi4A2u8rDvQsuXJ+24dWt5fU3xqAN/7Y2mLZeP/ke7EbmtzO8PzgHV08MpQYbC1Lv2ch5gBDit0rIhlDjxHv+PYKnkNXp4Pvec149URkoQTVG1HHyQA0Nxrmr0XIGHzobrO+E1m+NZ0Qzz3jwjLY24+cUuGm9HOTk3+wgI4PFw82sma3DRj8bL5rNpDzGhro3TjmjNoJIbnHf+V70P6ozB4qnLhdTHuD6c3zk0a0ElLdUtvOSYXXUcryjQSzvJWTOGOZ+4b8uZ2M+RTBID0TToAHK49AelMdS8hyNSq9H0DYmx4xflzoVPKcXz6iTlJt7ubZy9pSHi5dFyY4OBwjNmnIFgSfmZZRVB5yfYX7lF+b8m/HEdxRUjWjm3feueS95vDkB3DkzVbNtOeinzwJ0WakGjxkPPvgK5ThDDtlpo1zEAAAgAElEQVSf7Bxj7nE/v6VdzHICMkEDrIwTHGzQdbvd2m+//WafP3+2yWRil5eXNp/P05582B6hIXfQpuBg9jzGnuOP78fHR3t4eLCHhwebTCY2Go1sPp8n3BAMBq2Rlcwvl0ajkX38+DEFWR8eHlKQFdlZal+YPe9dW1VftoOYTCY2n8/t8+fPdnd3Z/v9PgV7N5uN3d/f2+FwsKurKxuPx2kJ9d3dXcqc3e12KcC62Wysrr8EZ9ebjY2/Zi8qdA2udCmH/kZt6DWeb3rNsydYR4H3+XnwnReY1/a9fng6l2WB+kD4zfNQ6+WX2yqDMKYcCK6q52X0zN/6n2UDvwiAPIloz3PV66+2Fck35mvuK7eLtnj8+IWrruhhGnp2jceDXDfzD+OYs/94zLQ8eEnLKQ4oy8C2mfK04qk09fD02szpPu8/X4/szFMA2484aI+3vTrD+4NzcPVPgFKnOCfwMBEh9PVt2F8ZPMFt1lRw3kfL8m9VZly3Olo5vLw3Xd7vY6CLwfbeoGt/XtP/vxrtuoLykOfYeOXbrpVAm0Oi/9kwVsMf1+AkeUYP5i3vzZdz2rmekv2gIjlS2mevLs8hicpH9yPDXvvjZTlFhrX3fA63Y8Az3tUJhJPBmY5qNOvY6bYukdPn4cPl2QHSuhBsYGD9c6hru/haTjMYNYNPdU1XnZLjDa+PufGKeOdUgH0WQVMvgyrXdhQYYvDmVlSXZ1dgjDznzMwaL7b5RbcGZwEaeADvMP+jPAdXmQ5e2bb+KB09XvJ0gbbFQRTOYOTsVH1eT+Xm/qt95WWrckYcH2oF2iL4Z2YJHyz75WB3FHQ4NUR2vgYQeEUG8wu/dOGMt8PhYIvFwtbrtd3d3dnl5aXNZrOUzfr09GRPh8OXbFWn/VzgR3/zITV8aNVoNLLRaGTj8TgFOMHzGKM0H+raLnpftj35+eef7erqym5vb22z2TQO7OLAFPCAnEQAluv4/Pmz3d/fpz14e71e2mYA4z8ajezm5ibpjYeHB/vXv/5lNzc3qX9mZsvFwgZO5nxboCUqk7uudI7kTQ5Y5nnfUXnWn+Cx3IuZXJ94nCIb0tPn4GGWB6qrObsb9zh7kxNduH3Vy6yvFUeU5XkFflDZrePC19Tn0/md42u1KyL5DPw9e83L+PfKc5nIJ1Z8dGyYZ7VMjgbanxy/5IDri+ySiIf5eqQ3ves5/m4Dby57/GD2nM1/Dqz+NeAcXD0xlDgBei1XR07wQJDyniXHLm35FlAilLo4i54S49NOPQXC7Xj3QEfGVw0Qry7vgzo4k+AsLP9c+NbO1PcEJQEUszyNXuOUljohPDd53ujvqno+yErLYN6xYY36vKw0zUrV/2rIR3Q5ljYeXaOgSCS7SpxlLe8ZempMRu1F7UcGdxtEgaDISPae8a6zg8WZYrk+RHo5cli85YrcTlVVdnh6MhOjOdG2erklxGuWg3Whe1e5lXPecb+UZ8ws7b/GOpt/Rx/GJzdXou/ImW0LNDCPYMx53CP7QwP+bFNoBqG2wbJK73k4RuA5mF7/0ZaWQx84qMrBNO2zZw/l2qyq5+zvqmpmpHEAFy/AkelTVV+ywBE8wnLzqqrS/qGr1SptHRDJjVNBKe8zvbA0WTPegS9sfTNrbBmw3W7t7u4uHYCF5fsq//iFjoenym/OtOag1na7tf1+b+v1OgVZsccpPsheBo/gBSf2Zf348aNtt9s0Ph7PAZgPMOaXl5dpm4Tb21t7enqy3W5ng8Eg0QVB+Ol0apeXl2b2RdZ8+vTJPn36ZGZms9nMLi8v7enpyZbLZfH4tvGOZ++X8kQ0V17I1KoyI5lRgpMGAnUJfKSDPfz4v8oIzVJHXZ5s4HbUFuP7mPNcj7aVs4sQPAVf83NsK/K2PLATOVjJ7bNdoX3hPqMN1hdRlrDaZUyTSF9pO2aWjQXwcx6t1AaM5LZe56B4ZFOWyF6vnzlZxeX4m8uzLlU96NWh/0ts6qgvHq3YXkSWP/ZaPUa3n+H7gnNw9U+Eroo3Mvx1acf3HGBtg1yQQhWaCjtdguYJYBbSKui4Hvyu65dLS7k8C2t8OAPFzN+3pStwe12d4f/L8Fq6/1+BNkMK173yr4G2dlBGr8HgxT6FkZHFuLLhCefTkxOeodo2515LC8+p0WwLNfIig9PDN8KP5ZY6NsdAZPS2geKh1z29gOxVNeK9cfN4O6dfogAMO1ZRdqnneDFw8IQqbmTzeMsQPcjpy9fAsTrmmPEHffTwEh0PnhOqo9mBLsUhcqzUAdOyzGNw+tlR5n1Fvb56DqYuX8/N38j5yzmFbbzh0YKzZWFX8sFUmqGYewHt6Q6lKc8LBMZQP1Yd4FmcpAxHFHjudjurqucsVsyny8tLW6/XKciK4FuOLq+VgV2f8QIxvBc49x/ZTbB1d7tdWho/mUzSPqnD4TBln/Z6dPiNWWMf1qiv+/3ehsOh/fDDDzYcDu3h4cEWi4XVdZ2yh9frtQ0GAxuNRo1vziDl4CcffoWxNnu5LFjnAx+Ug2DE1dWVTadT22w2tlgsUvAcNIE8mE6nSV/84x//sP/93/+133//3Z6enmwwGNhkMkmHjimU+Gke/dqCNm0QyYFEI7PmQViBXcB4Ky/x6sdjk0A8G4LlNO9FHWWo4xluX+sFn7Ds53Y8O8Gz7bj/LHdQt9pdANBJ9RLf4zY8e455Wv1CLqvPsqzK8SPrJc926SrvuI/ef36WxwV4RLGInK7wVml4bXa1cbldfumtsobr9vipDS9v/nF5Ty5AJkarV87w/uAcXD0xeIK1ZILwxFWHwXM2WRhAWOjG5O8dckrKc5r1jSDTr2Q82Djg+lTIebRnY9js+aRqszgDiYXwMUL0LHjPcCy0yYfIaNAyp+LBHD5s0DIuOEVYgwgwmPl5zjjAHOW9rDCXeakY6nytPC2Z4yrzUV6dHa9M5EhF9xnYqeA2uZ7Svpcau6V1sSMWLY3WbBRuty24pOPi8RmXZQeRHQhdiqg01PHQwB3rGuY7Hv+3AK07106Op16LH+Zw9InwiT4aYI0+CqzPPZ2vY93r9ezp0Nzrvq7rxp6AXC+e0Ta1nOdcaz18vdS+0X7qf8+h9z5e33LjpPPLkxMamOEVSHieHVDeggM0xweHGbEc6PV6ad/O6+trWywWdnd3Z+v1Okur14LnSANnva4ZdWbPQRvYlgiGsfzRrLv7+/t0ANZ0OrXZbGaz2ezFEvz6CyKhToE8Gg6HNh6PU3ZqVVV2f3/foD+yWTFG2DIAB45hiwZkq/Z6PRsOh+HLMeYJXGPdjDEHXZDJiqC5maWDK7fbrR0OB5tMJune9fW1rdfrdGgX8O46fh7fe2VK7KkuwHKirpuB1pxdxjjxSy2WeSU+rOpYBs9eysnbnD+mdpmedN81CKd2Dut1pgvrEf7v2UceHh4OSnu8MMI1xRVtMr6ebsrxlmcDeb6zZ9t7Y6g2lldXZMN68zviudw4RrwVzUX96AtOnktRxq3aDfw7ykDWMYp0N2I3vGd429w4w/cP5+DqicGbDDll50EkoLwJB4EAo2swGJiZvdjMX+tra/97gkg58n3PqQLkDAEGDcqyUs85O5wZwDjwUiouz4aNjqWHd5vxoHVEb0RLIMJBoY2nIwVb0qY+34aLGuEeLrn7p4RSmrym/mPnr+dARf/5On9rWaZpVxmn9el+moPBIMmxwWBgdV2nffb4lGLGAf/5oBM2CllWeka61tPGxzmeVvpEz+ScGK0rR0elZ5tjiN86hmwAa7kIx9fwtjo06sCoUYyxYce8TeZ5zoAn07191rQOrqs0+wRBEgTz+/2+LRaLxsGUvB1Nm0wDHl10Q1dQh0LbaXMoSwHZ57qHrucEsd7UrRjUgdQMJ57TGhDndj1QBzDx3deAI/BCIIfLuZnKQbtdaOrJFU+ul+oMDpxyZiq/hEKd/CKC61f7Q+UK48b2EWjGgVWz5z0/cfAbHFDgy7oAugH7c6ItPbUc2ZMYl9VqlZxcpoc3HqoDcvI6onNUJtIVwJ91ms4HDcIeDoeUoXt3d9c4AAu05PnNL6m4z5xZ+Msvv9hwOLTLy0tbLpeNl0GgCcZis9k0ArwItkKnr1artHcrMpA54MR04Ay4SJcCl/l8bnVd2+7roYAIsB4OBxuNRlZVld3d3dn19bVdXV2lg67W67XN5/Nw3LitaPw8ffut7E601/D5zNKeu6r/gBMyIrFnLp/47tkBOtf526y5XyrzFtrRFQecjap2CMYUPKMZzirPwf+QC7ynq2adcnnV4yzfGEe1e/W3Z0dFtNcsXc8m9PSF6i4um7Mrc6D2Iuxv72Uzv1j2bA/PltG2cnaLBua1X239VL2kshLfXhAzsglVTuo14K3t6/xROYD/WIXh4af9O8P7gXNw9cQQKdJImKhRHQkjLcvXWHjASGwzAE/hFL01eMLIrOlIM91yfVIDobR9VSSeg8DKnQNEbOx6AtzLYIr6z4L6rcbOMw7bykb4KM3w3UXhlzwDfs85rhGd2+o9Rqm9Zmy+5XyN5tYx8+QYUPmFfdqQ0QKHDodVYKN3ZCVtt9vG8ls1kvW/vgDhYIHSwHMquEwky7lvpbJIr+VkQNSe1weVFWwYsqEZ1edlp2ng8ZTgOQwsJ5nuyjsATy965SJaa/uRs8Q6QflPjenIOTN73jeRnc426CKjS+s7ZjxPyQObzcaqqrL914AI8xs7HJ4jFN0z81eMqKOkL1GifvFel1w3BxM0Ex594XpzcrerzPDqUF5nvopsSQ6g6kncnh7VOhSXnP5iucwnYGuWKgKpHAhVfBFMxXN42YIgvdplh8MhBY96Fxc2mUySHtHTxr0AcdSX0nEqhagO9J3lj443y3WsZNvv97bb7ezh4SEFWa+vr5OeZZ2IF5kIUGNO9no922639vT0lDJSN5tNwhd8xs9hH9PVamWDwcDG43HKgL24uLD1em273c52u13Kdr3o962y5t6NOR3oyeFer2fj0cj61H9k1bJMHo1GNp1ObbFY2KdPn46WwbkxO4V8Bnj+gEIjuGRmzJ0abFW5h71xo0C2p0NVx/KcUD1o1nyRovf4N893ri96Kdb2H3h5L1AUV68urTe6742RV1ZtyDa7Oxp7llmezVrSPreJ67CXvS1uIr7QccRc1KSn3JYA/KzWmQOPfpAfah941zzd6fEmyvCLyBzNlQd0DNkvafipVZW2bTmFTjnDt4dzcPUN4FhnJXIgPadWFQMH9nSiap3vBXLCl/+3PZtzBtrqMXvp+HNZ3U9IHQUYK+ooqrBWRzCnmLsYd6XQpty9svydw5OdlcgozBnPClFbuec8w89T3O9tjpwackacyhPvWUAXx9vMGtkGfCAFnD44wMPh0A6Hg202m+Rcs6PAxjmyMXi/KjbuOZNQAyI8N9uM+LZgQtT/aB6cgh89h5NxQBCFX/zgGXbQmb4cnM31JTfOOXw9QxfXOYjFui0nS9Tx85wtvu/1wTPyGa9IH3mBPbNnPkcGna5u8PDX64rjsVDyfOQ48bXXwt3dXeJR0JwdDs3o0N/gYY83IscJzyk9uI/M89jfkjPrEJAAcDZ9zgaLZANf6zKuEa9pMMHrmy73z73k8HSB1t2GO/jfy4blscfhHpqtzt9sY/GySmwdwDYxgoR4drv9cvI9gq2cgYlx9jKimS5Kk28BoB3w9PgegP6bWcrsRbDz9vbWZrOZXV1d2Ww2s+FwmPgZY4M6N5uNzedz+8c//mG9Xi9t48F8DkA90NmgC/Zc3W63dnV1lQKbeHm63+9ttVrZZDKx6XTakI2cGd6mi8EfyHhEVhiCvavVyvb7/ZdM1vHYfv75Z5tOp/bp0ye7vb09akxK5upr9LjW0UVmq4xBbQi0Mt9gj1xdrcdyJNc261lvRYfaaSxf+Te3CV5SHas2m6fbNTtVaaI+WO56Tufpc3o9Au1DyXPeM57t4NEnRyuun1cItOGieOvYaLZwVVUv9hb1aJuzM0pkLuQSr1Dg61GA1esf488JbND9sKOhQz2eY7y5H9BzaB/zrCc2zBneH5yDq28E3sRXoVYitNuUmS5B40Ot+K3RtzYC3wpygsq7rvdzdebq9+rynDH+wLDnk21Z6ENIe2/nuyjc18Ip6lYlrfVG45MzVrwyEf/q3IqcSp13Osfe+/zoAhGvayDACxB0BY8/UCeuI0tpvV7bZrN5YVzD+UO2iydDeTzhUHm4RBlmkKnqHHDdUUacRzNu0/vdhaYlckrb4b7wHOAl9Vq39t/rU4l87ALefPV+R/PVM5A9x0n7pM9GDg+3lZNBnnPFvGv2fOARAhB6kJNX71vJfy9Yobysv98CB9ADbeGb5xwHVjmgytfaArGeI82OlxuQEDmBOhGIAu9yYMKjmSdnS67lrgNvxlXxRKCBA5ucqcg2YuRQ58Zf5a53H3TBCzHGFWOHLa3YJsJcUTpiL1DPMUU2EO7xkmLoj+VymV7gcUCWg7GazRs54cDpWwLzJWfnKl+DbnDieTXIZrOxh4cHm81macsA0BT7mfZ6PVutVvbp0yf7+PGj9fv9pH/NmsE56JWrqyt7fHy09Xpt6/U61bXb7azX6yW6p8zkft+eHh/TQVme7dxF9oBvmC9gW+D6YDCwp6/j+uHDB5vP5/bLL790Hoeu/sYp+CQKmnlteYG0uq7N6tqsek4I4Uxxni+Ms+pRTw+rPME1T597ATS15Tx9FGUYq+zjbQQi/0Tr9+rTuqN6vOfaIGdb52gMGahbCakN05XfVF9q/6K+KS09HFTue3r2taD2gur+6JqHD9u9uqqCbYBIl2qdSj89xIpfVEXz7AzvB87B1RNDJGQ9JZcDT6h6bfG99Naj97wM6lRC63sBz8FvEz45oz/3vwsuXAcvd2ODHIY8xgbGP8rmHJuueLymD20QGXRq8EWKQXmyhO7RWKniL8XB64vXRk45KnzvStAzCvl65Ojr/ZzxoM9G/712OZMKy/hQDk5hjne4fsg+zDd+6cT38OGMKDP/4JmIlxWioIrXf4+2pW2UgDpEAF0Gy3OFDU6mybfmb+DCGVoRj3J5lQde/zWT19Mr3IbnEGoZPKuyX7exYSNcA4pPjuPYJr8ieO14vVZGl8J0OjWz5rzRpYT4Bv3U+WeHx6zpAPE3nNLexYX1hN+jOYC22anVcYV8QjCIHTN1fBnv14AnMzSQwM6f7qnKdUTzy2svuu450bySh1/aqKOrgUEdf9BdP152MO8deqD5ut1ubbFYpK0ANDGBxxY6AS8/2jJZGXIBiNeC6lT9ePzMZauqShmdCBx//vw5bRmAbFbML9io2+3W/v3vf6eVI8jWYnokGfY1cIp5vVgszOx5XBA43Ww2aUuAfr9v8/k8jQFoyJnL6L+Od25OsT2ONoA/tks4HA52eXlp//znP4vGoG38c7qkK7TZHG02Vg60nl7vy5ZMOASMdVqbHW32MrCqcsCzqVS3Mm68WkXLen3wbHmPViyDtKw3Z7z2Ils6ws0D1Qc6fh7NFae2/mob3jNMW/ABzxuP9pEdpPdz9q3yyLGgNh76oMvtNbDKeOV0m+pxs2f7ES+sIKNK+4KXGZwhrDbHt7a3z3BaOAdXTwyeMDvGOVah5hmwXA732DhhBRXh8R7BM17UyPDKMrQFRY6hFY+NbheAunu9L0uROfjNpwSqg9NVwJYYQcfW7T0XGQCsLNhhxv3IqIogKuM54HAa2pa3vMYY/StAm+GDa5ExdirHAbzCDhuW7nE2EWcs8PzR+rQv4AmU4bfF7BCYNfcVVPqgLpWnXeW7V75EZ3QFNpa5n4fDIS275L7yUk52qHRJ5lsYfdqmtqFOj2dQc1nvt5bV3/pMqaHsOR1cH/gF+oAPEanr2na7nQ2Hwy9liE89W0L7ciqZlJOvb82vNzc3STe2tcFzLtIjXjkvo4R1szpeXsCPM6EQsEQ9CKzipSnj7M2XtmvecyUyl20PXnrvOX7qKHpzRekZzS0eC28vVZavUUZxpGt4mwCW3UwTfh5zDOOz3+9ts9mkrQD0sEPgCn0AnDSIG62EyIHalKeUnWxTmtkLOuvWGjr+vK/i4XCwxWJhy+XS7u/vE08joxh4r9frRBtcU7tuv9+nZ0ejka1Wq0YGKp7HM7vdzjabTRpfxQ/9AahcyNntzBsYZ6YJ7Axk4pbQu61MF/Bsr7a2PLlwTNtaH3gGWzuAJjk96fmlHh78QgzzDOVVXjNfsdwq1TlKjyiwGz2r9oTq9wheYzd41zx57OGXez4aN6W3x1N8sGCunTYb3LPp2vhb61TfQ/vIH5Xb3gvWaHwjfMz8w6qYr/gwcdz3dBrrM7VDuE/6+wzvC87B1TcGT/C0CcZIiajw9oQCBIA6B1xXyWQtVezfA7TRlSGnvKJyXXDwgN+6axYHxhGOttnLAOv3AFGQwhP+qjDY6OcAz6kCSPhmY2q32zWusdHOeKrjqMqbleRfFdoceU/+RPyZMzC9Z/jFA3iFl+4hw0QNZc+5Zlz5N+YfO28cfDB7zqpR3Jkn+EVV1K+Ilgo5OdQm/0tBadrr9Ww+n9tkMrHRaPTCWOQtF3a7XQomsDP9VvPAkyc6BtwngDpNXF4DL1G7DBpI1t8KyudaloN6FxcXNpvNbDwe2263e3FYBAemtA/KkxH+p4TXOIldYDKZNOqJZFHkcHm44j/TjnldbS3QnoNnGnDlvS5xSA4/y7hHTnqb3NR+R/e0HDvD+mlrz6u/xJHnclH77IR6yzE9+nCwlw+1YhnNbWs/eDywfzeCqmbPhy55cp7pxc46r3oogVJb9BiZnmuHx4v3TlX689iwTnx8fLTNZtNYwbHb7WwwGCSdoYFO1o91XdtoNEr3mGY811gnc9uQi8AT7Xpjhv56YwgfSGnGvxE4Bl+UBFhzcIwsjoJG0TWvnaic8pf+B61Unw4GA1ceejLDkxGgO+9Hre3wWHrjiiQUJKJoHbn+Kk05U9WzCSI5zWVyNlw0jz1e9Z6PcPFsHvC12tnav7Z+gZ6MmzcWXWyASF9BprMfzLan0sADb1zZXuQXYppUE31K+uXxjPIE2oeM4lVhXA//5lUXqguVB97SxjvD28E5uPrGoIKSvz0hpoaAJ5BVKHhKE/95o2Uufyy0CcDXQCSMIuWVE0CREaoKiK+xcs4pccWvtE8MekKt2fMSLLPnYA8MA1VcOaO6FMdS5y3iYTbWc3xsZq7T9RqIcOL2EWDFybBmz6c+q5LNGbEl/KDlXgNtDlTOYOvajtdHr97oXpuMYsNY51dVVSnAtN1uU/ler2ej0cgGg0Fatsd85i3nZLp4RhjmFvb8Q1vsCKJurp/5Sa970GaQe+DRpXRucruerECg+vr62q6vr208Hqey3O+6rtOJzchg5aAEAtx8EjfaUUO5tL/av4ivuX42Rrkujw9ydfK9NkPW0xkaZOFgRFVVjUAT022z2dhoNLJDXSeaDofDVDdnPShur4FIfnmy2yun9/laKURltc1Shw6Qo1WJTsTcfnp6+rKMXLKlWF5AJyPjrd/vp0BrxNfqLEW0UDtEn9XnNRudM1U9uZyjU87Rjcppu3rwDOYpL/33+sH2hGYc8QuxEhuQX1hjXLBMnTP4PbrrGEQvbiL5wtCmHzxeyQVuS+Z/VIb7DPp6so4Da/wM7z2LgKQeSIOxxl7pg8EgBS4xLprtCrkI3YyXerzn52q1Ssv5R6PRC3sCkKM3yvL+lBjf4XCYbA9vvFG+RLaU2H+5+zn+Rv2lzyoukZ2GcTvUtVXEI9h7ldtt00uoS21qXd7PdUb2d10/77sLvuMsa/U7uK6IHnw9Z19xJrg+o3aIto9rXoZ7m13PdgwHhJXXo+0VVKbmeFZXcvALCQ2E5vrg4eHNS1znlWh8vaQNb3yZZqxn+BqXifRvG98wDrjuzS8EWDkxQcdOZXAkUyJ79AzvA87B1RODZ5R6E0aFYVSHPq/X9Y2gJ2h0Ce1bTdgS4wLl2vDwHAzP4dBrOQexRLGWKI9SiOjBOEZK+DXG9FuC8pcaHuo46HVvKXcXmgJyY8gGA/ZXwwdZEOroqbHmGVR/Frw2qBHVyd85w7SkrmgceNyrqmrIo+12a7vdrnGoCDuYmunE+ObaZ5nAm8bDaYPjZ9bMpOYAmdJJ6+Vr3M/c3I0cnFMAB1YRjESfPn78aD///HOaA3ywCQdFeG7z4TKHwyEdMsZZRZ68PUYmeQ5kNOaRcaugMkiXPkc84+kMxUU/DLy3JctH0H6329nnz5/TPEB2NujOtORl6Ll+ah/ayrVdj/qmz5yKd+HE5+Z4CeTspLYyZl+Dp3VtJntJAjCevDwczr/2IQK219R58uQHaKFzWg/QiPSvJ7PaaBRdUx3uZcdye+BbleGeXQdZzc6xrr7ynE21pfUeH2SEl63oi/eCiXmPZWrO4UcdObmP+2z/8DWP3rn2jgWW9d4yWc2052ssw6BDOUMMZR4eHhovLlE/AqxqNyIIMR6PG+0hWLtcLht7ws5ms7T3K2f/c79wTV966dzC3rPb7bYoINYGx+rAEjjGt/L+e/O6MmvQjnUTb3HWJltUXvIcg04E8H+eIyzzUA78GPVDn/XoVjouXN6zj72ywIH73sUX1etqg3I5r69sj5XgqHYW09zbQiTXFw8YR89ezj2n+Hntqk7IZamy7ddmY5TO30jvoD3mfa5XfZqEk6Mfz/C+4RxcfWOIDEM2tHLGsfes2UtBo+VhmMJIwTILPPtWE7hE8JY4UZGg5L5qKj3j0OYgeji3Kabof8lz3Bbf40MmADitVYOAEY64rkbmWwErM7OXfeDxZWcs5wTlQF8gMOT6CiOBnYLtdttwDLCfmC5/Rt3Ar4Rn2/D5noHx9owYz6jW5xnYWTOzFyfRbrfbdGgV3vbyUrDISVDI8RN4DpmX+/0+BXGRiYNlZyUGn9brOeoaxPOez/XDk+2w1EwAACAASURBVP1e37VOZNGBjggA/f3vf7ePHz+mILaZ2XK5tM1m09hjFbhXVdWYF8hkQjAQTijKqhGZgzZZGkHklEc6srSdiOe5Ps9hB41VrtV13TgNndvmbRXwLE7tBp058FFCnzZZlOtb16DBWwKW10f9LdEZOblbSierKqv0GtWBeji7GLJFg+lqk3n8qvip3GU5gzZ19YfyGjuTXj+0TyW8xnKUswBV7nFQNHKi0SY7mhxU1Ze2PA+9PuG+BnEwpzBv8ZKV62U6cfvc58iO9PgtZ39xvV7mGT//1oCx06xiHjvvZSPGHXyAw6iGw2GiNV7cQd9qsEH5DcE72F7QN5AJGL+npydbrVa22WxssVg0trcBvryMPXrxrwB9B7vwvUPJfOdvs+cl+LoaBDrJG7ecTcN+GvM7xkAzQ3lcIp3MLyD1OW9sFefIlvf6wTqf2+I+8X9+TtvQbH6PhvqMWfMgN8/+VLxy/Yza1TI8btwur8DRdtqA6zyFPaP95Q/LsyhjtQQi2e7RU+0/XIdM9Q7e9PSj2h2RrXCG9wPn4Oobgjp8nlDPGXDswAK8cpGQVOF4iuXYbwEq7FlYqrHu3Y/qA60i51/HoU1pREZ+m/CLjHD81swPNjy9zD0vuOPVfSpQxcJtw6jla2oY8HXF01NOkTGSw88rq8YCgqwwqEejkY3H47TsEPjx1gFcj9deCb2+FyjB26z8xUBURo1nZLfs93tbLpeN7BjeBH673aYgIb8MyrXpzS3uJwcQ4bwBP16OjTHWQ0s8Q9gzTvUliNIsMuTxW4N12pbWyb/h0KItyPqff/7Zfvrpp0T3i4uLlAmkcg80QbAIhywhEF1Vlc1mMxsMBmkMtQ9djO4IPF2mfS+ZW5Fs1rHTABFnYUX90mXQqEODo+wQgp+Hw6H99NNP9vvvv9vj42N64cCBC7SpmTtdoXQscjbIt4DcGDF+0XPH4Bzxkc4tL1DJWarQKcovUZscaOBvjDePA9tsaCNn+3lOZE6XKn3VEdUtBzSgW1Uv945Te01prY6wHj6i/dF+Rn3UPkDes+2BOcbPcDvedgHeb09GezzLz+o4qPz9lvYC48iHn/F4qGzkceXtAqAvOdDKQVLmGeYnT/5CHnIgluuq69o2m42t12tbLpc2mUxsOp3aeDxOdhzbDdyO9p95LPIjvlfI4erN98iuY5sDvzmgiC0beM5oO2zb6LxVm571GMYpJ7t1bvCLcNbZ3tzn5xkX9QmUTl5fvLo9YNsB7bdlsCq9tN0uOtmzS7kNtUu8+zonFfeu84Tlr740i+zcXH89naBB1SheEPmJORvbG3OPdlqWbTcdl9xL2Fw7Z3hfcA6uvhF4RiILKe/Dz3pvOHLGtSc8dIkHG+nfI3iC0tsj0xNQZn4GCAwG7x4bfWqERAI1Eqw5pcn/o3oxNjzucK5wzcPfa6cLlBhqHt5QvpzhEBlV7ITx856zxt+v5VPOsNMT55G1uNlsbDgc2ng8ToE+zBnNMGGatMEpxuatIWcs6XiY5bMWVEbhOQSucVIztmbg/bSw5xnmNYCNb8859ZxsBsYJwXRkZPLeT9jHi3lVeVKXU3qGuNnLbAzPiIqMvGgccgA5wacvPz4+2vX1tX348KFB94eHh5RN5O1/yFlpCCBhHuClxMXFhU0mk5TBqnQqBc8RYzoxvTTI6Bmk0XwrkePeb20bgLFHtmIOF87EA72fnp6s95W/MD96vV4K9DPPM0+eEjwd2DZ2b2kzlIyd5wy9BqcuDo3qJZYBmtWjdWh9OR7ml+C65F77zLIkx4Ne3zwHFc+gT9w3femjdpq272VmejatZq56tFdHmfH05jbbSZhzOL1eg6dttnRkT+qcVLsUvME4Q154Y+LpkVNBNIfUZ9BAOvdH6cBJD8AdL+SQAcrZrKxDAZqJeDgc0rYAancCn9FoZKPRKGUhL5dLW6/XNhgMbDqd2mw2S7YF28/aZ24f/RkOh/bw8HBy+n9riHwM5QNP5nJgFfcQXFUbKNe+8pnaStFWdYwj85ZmTnu6wPM9FJ9S30kztrX+aB5rG57dzPI1ksPAQW0rnn9eX7lP+HBb0bhr+6rTjtWzKqd1ZYJXb05vRbT1Pp7vFkGun0pfj4b8YkLlvvKLp88UD69/Z3h/cA6uvgHkjGsWOG3CIspYzQllLo/7UGR8mt23hkgR4B6/NVejG2VUaLUpTrOX+/7gmxWd1lti6EaCMae0IyXFSg1Ll1VZeEK7BK8ufYhw9fD2AqNaJzuiXlaYGl6ljn6Ek3dd/7OzgH7AWMd2AXAMEPgAHKPk3sppOgWU4JXjN69vPM9B691uZ5vNJjlIyFrgjAg4V1VVNQ6HUePSk6cRzt48wnzHskaunx0+T1Z4PBoZiSXGkTrwpUasJ0u5f8Ph0D58+GD7/T4FV3m/QZ6H3K5msWDJOsYFmSPYiw3PtOFack3HW+/pc216r61NfiGkhrAGevh3r9dL27Wws4lrnt7Gidf39/f2+Pho93d36RleEsv4e/zfVY5Ez6iTwNf523vuLcALxuX0aDTnTgU5Xcu2GR9k5b389EADU5oVyr+9JaFdeSDnwGmf0b6+1GI9zvpcaRLNGX5G6/HozDT27DxPBmt5vo8XeFhqzv00sxcvmliWAjDv8by3usXL4MWLOvDKdrt1cX9Lfgaoze35H+wfqCzTZ5lOXG6329l+v0+Zj9j3lvdUB38z4EW3WTPTGPSaz+c2n89tuVza/f19Wuny9PRki8XClsulDYdDm06nNplObfTVjmPe1kQAzF20+1cAzyfy7PLoWfaZoO95vqCc1slyAs/qwY5sY+g8LbEVlNdUVnu4eXSJ7jOOkU2m2aiMC5fha4pfpIPxTEQXtQV0rD15qfVyOY9HeI6cQi7xGLGd08XfY/wYf5W33nW1J17TJ6Un4+PZDZ7+jXSe188zvF84B1ffCLyJFQkSb0Ly/0gYRMFX/Od6YOix4f4WkBMMniIA8MEz7KS2GeAMnrJjRRQFSDx8cgK4pI96zRPEkWLb7XahsuC+RwZFiXAuFeA5nuL7fC/i++htKAez1LBRI6SLYlQjyBsHXEN2C5wgZEkgwBot+y6BYwIjbw05A5O/o/v6W8cfBvp6vU57q+IeaM0GF7/4AZ9wlkJkhEa8ASOZ5xGM/ChTyuNtL0OeM3u4bISj/vbKaQZ4mxGospMDIpeXlymYt1qtGrRmYAfAWxILWcTbJ/CSQXZ+vUBQDmfvv+dwgA/0hGvltxwvo7x3X6+34V5VX4Kik8kk8TL4JMrmG41GNhwO01xYLpdJpnDAoc3Q7ipHSsahi3PzVhA5kV31rNbHZT3boK3+F/za61llzUAkMhJzJ9orHA6HlEnJe1jinqdzIz7N2QXaR++3lymr46GBUW3fo5e39JFlsZ6WrJ8ok1Xx0ufY1sA+65vNJtlULOs0WKxZtZBxoCU/m6OFBo/NLGVlbrdb2263ttlsGtms39o+iAJvDJr1FtHazBpBEzwHPc86BC+w6/rLS1e2CTEnPDkIGTsYDGw+n9twOExb3KCeuq7TWC+XSxuPx2lfVmTRavYl5vHFxYVNp9PTE/rEUMInGJuc7RQ9Y/ZsF/AWWjgHglf5sd5DO2gX84dfYqMMr8bTwzSjwKHynQIHhCO9r7LRqyOiW2TbRMFKluee3aO+uwLTgtvwsou5nqiPHi0VPFq10TQHqptYHr7G5sjpDe+j+L8WhzY739PJnn+ccCqw087w/uAcXD0xtE0IFZZ6zxN8bY6757TzZIbSYCPSqzNSXKcENurNnoO+CKzyUiIVyG2C0lM0GkT1PqzsWHG1Od6RovXKqOHA1/hZdtowVhxw1KUHkaKMoEtZxU3p6ZVX5cFOiYevp3C8FwBKqzYF2aYA9T8b+FgWvd/vbTKZJGcAgVYeC9TT5qx3DYww5Iwl/C6puy1Y5/XDM3a5vDf/cDqzni5v9kxfNsox/2CEc9ZKbnlPbm5F8xtlkZlsZi+yzzjAoM+bWSODifnbw4HLKZ66NDKSc7lxY2O+qr44QpeXlylLimnIWR+sF7gOzdZCAAiBBp7HfJo0fzPdImjj15yxGpVVx6J0vqk+jvQzB03wEhB7DuoYgdb8UuY//uM/7OHhwe7v75NDb2Zpq4po3imupzC6S+WmZ1sATmUv3N7emtnLw+DUMcPvNn7IXffKlPBpXddWUVYzXsJxsMHjPbXJeL9ezsqLnveA+ZPlTi4g6elm4M0BXrUrIr5U+ajzlfvAsp5lCc8lxknncV3XL7JLNQMYZRFU5RelkPdcH/eHbVCljwdtvOXRDfiOx+OUSYsVBThsUOVYpDdydmYOp66gY8D98niNx4r5+unpydbrddIZT09PaTWEbsmjwWv0nQN+dV2nfVaHw6H98ccf6QUu2sMWBQ8PDzYcDm02m9l0OrXRaNTQtZxVOZlMXtAg5wN49nwJPbtAzh7LtcFzss2OYP7y+B92BWcBR7qW7QLMKc56xfxkPuI6lO+13+ARvae2jZd9qf1kH0Of4bYAbK8p7fg55n3PjmG5zX3gcvqSS+nNbXvtAF9tw6uHAddyKzFyet/jTZbznmwvAZ1nKov45VgOl6hOb151tW10nPS/vsBLnwCnkj6c4fuFc3D1G4In6FVQazkzP4jKgpXv6W8VQMhe9fZVKZnIp57sCKhGBxswTbz2cwawZ7DpbzbQPYM6crRzbebuR9fUeH58fGxk8badaF4CSkOPZyLeY2gz0tTYiur2xtfsOagTGRNen9pwjsAri+0ZMEfG43E6lVZx/TPgVO17Dr3KGPzmdtUowTXMIwRWsTSQ37ZD5qEsxplPDMd1PbzAo0HbWHvGJOrX5Y9eBrVuoeIZh5GR6BnzWg/mdhcj0zPE8Y3MoPV6/WJ/MtY5vGSV+6t6gIOrnlPCRjgHayNdVtI//uY20A47DxqQY4iyoLgupY3ikpPZ0Ft4GQNagQYI7sDRn8/n9uHDB+v3+/brr7/abrdLwRYEJVgXoX9Kz9fAMXLSo0tXxyMHnz59Cp2iSP9HuiN6LncvR1MN8ECeISMPsgOg9NUPbwOg5Vj+MF68kodlDQcsWbbp2LCcVZnEz0R08HRCKbD9iWfxYoFtG32Jpn2I5jK/2EHgBi88+JAmxif6rbqw1Nb06K2AuXw4HNKqmOl0mmTDdru15XLpBllRZxSsycEpbRXlMbXRuT3VeRinh4cHe3x8tMvLyxTsNLMkJ81eZj0DwCMYXxy4yHanWXOf8KenJ1utVrZYLGw4HNqPP/7Y2PoJW9x4GYboK88Z7mcX36ALRPxUYo91Be6b2oBsh/P2AHygn443jwUHvTiADruK5ZoGNjVrGv1mHtTkBu6Tysq2uYKy3vY8kdxDO5wwgD5pFrauokLWrmfHsrxW3D39HfEhX49Wqnq2sVnzsDOvXM62ZZy1z1y2RG7mgNvwZNFroYudozIimhsRrjncTy1fzvBt4Bxc/QYQTVBvIupzKuRVMOWcJSggCDbOPtIsJQ+3Y4zpqC7tA2cL8HYA3j6rXl3Rf68PuQCAlwnKECmCErqU4KZl2fjY7XYvgqvqgEVt5oR1TqlF/Y2u6X1vfNoUX6SYPMXPdXiG7zHBA7SpgIwL3hsU/Krjp2/gv3c4RpHzXIKzqA7U4XBIGZN8aBTowv91GSqWkSFrWw89AA7eWOf6ifLAFzKGA4oo65VBOQ5moP3IkUZ9GoRkGpfO0bY+Y1nydru14XBodV2nvf0iA1GNXcWJZSI7n54OAr2Ynirbck6K0iWCEhkc9dW77133jH+vHYwnvwiEk4Ux58xePgDs5ubGzMx+/fVX22w2Nh6PG5nHOBSGXzi0QVeZUyLLj332mHI5fRPxcOT4MXS1F7xrLD/YPvH0EX80A56D71w3zzO2fbCKJ8oS5GdVnqqMVVnjzdHcfPLmXpvt6dVdVVXKMuSsNpwyr3T0xkLHG33k/Woxl1RHoR6zeFutnEz2bBKtV/vg4QzdiAAjtiJar9dpxQfKlmQkfytgmkOH6Asub+xx7/HxMfURB1Eh0DqZTFImL7IbPZsDK2M4I5LHkufBeDy26XRqm83GFouF/frrr+kAU2Szsk0X9Zn7luP90rHI6ea3Atbr0Tfjxh/YbchejZam43+bjeONG8qrj6O4eTibPdtB6uOpnce/tSwH5sGDjA8Hls0s+a6Kq8pmbVPpprZVJOsYonmmNIpWAHI9ER9qvfx8yaoy/GYZlmuvFJQ+3r3cszlbMtJ5Wlbtk0iH8Bxie9HD9VvK8jO8LZyDq28InuETGYxaRg1kvu6149XpLXNgg1vf2HZxRNogEnocbODAKpRi9NY6h6PS2TOEPGWjStBzQHLgjW/Ub68+FvL6G1kYyI7hIGsEubYZ5zYngct60KZ0+L8a4FpHm5HG5b3sgpyD1wXUUGEjCcv25vO5jcfjZGQqnm/h6JxybpY8kzOUzV5mEMH5qarnvVQ526Gu64YDDSeYs0arqkrBJGQAVFWVHMw2GZrri5fBYGYp66Wum5m2eqKpZs9GssajGd/j7AzthwaQvfpy97hv7Px4RqTSBt+Mp8ppT+9EwQrvhV1b0CJnaHqyXOtWo91zTNRpycm2aHy9eyzjEDDhPRV5Cwkzs7u7O+v1enZzc2OPj4+2WCxSFsvhcEh7CVZVZcPhML1gy9HPw8273+U6Qxsf5XijBLz+Rc5PWz+6zKOcg+U5QV6mlDpVZvbCmQeNvO0jFB+00+/3bTgcNl7+QtZqcNebn7ztAAcdFfcSaLMN2sZfdTxww/J4HPiGLEaU47o8mcqrC3je69gxqD7N2XBtci+iSUQvyGTNqoXcxmFM6/XalsulbTabRlnGjevMBV9fAzmZguvwIbzVZlwPvkejUeoTMnYfHh5sMpnY9fW1TSYTu7q6SjoZsvBwONjd3Z2ZmU0mk8YexzxewGM4HNp8PreLi4vEW4fDwZbLpR0Oh3QAFjKIp9OpXV1dZWnA8y3inxzNVA+WzL/IP4jwYfDa4fLR86qP8cHLb/gmHp78HK+Q0UxOng/efNPtBLjOaF5CFkR6RDNJzZ7tG/igmIOPj492e3tr2+029QP4wEaEDONkC/RTac19bDtQOhpPr986XqArP9NFRuTkofJKNM+VfzioGMnIqF9cPuJLtuly88C7lmu3zU4sAdZHbeXa6HqG9wXn4OobQ87gipQAG8H6iaBU8PAhGnr6o+L0FuA5o1F2RgluOQcpqo+Xu6jS1uUQ3E7OIMlBiZHKfWF8oLw1yy8HauB6vOXdU5yPgZxhEDlHfM97loM2GmB9DZ4AbZONI/zHW2zeLyyX7dAVSup567kZtYm5ycEBBE7Bnwg2816SLF/Az7yEmrPAcL2u6+Q4of1jgXFlOBwOjf1dcUAR2lee5P4zTlxWg4pRIIa/FU+FNicM95FpwcsmI1rof/Qfz3svO3hO69yALOT61LjX8l4fjjX81Qhucz7Qh5wM57ranOXkQPT7dvHVSQNf47CV0WiU9vOrqsqWy6UNBoOUqcUBotlsZg8PD7bf75Oc0T7m8GmjX1S2RCdE0Manp3i+5GVBiU5uc768++oc8pz3Muu1bjjiOZ3jOXP6YkeXyqpDxr/5kDvoLy/AEeHdRrNcX/g6j4m2x8FfBNtgC3LWac7ZVHpoNmpkV+QcWY8WUX9zAQ+vDbY7EfTmYE2/37f5fJ6yWNfrtW2320YmK/fpNQdtlkAkc1Tuqz1t5m/nwn3GkvzHx0d7eHhIQdYffvjBLi8vk07GS8/VamXr9dqurq5sMpkkmerZxcPh0K6vr62qvrz0HQwGdnV1ZZvNJtkY2DJgtVrZYDCw5XKZpYH2nX8rT+TkUG6u5exxTx+XgIeb963leSxRjg954xU8Xnvgz2ilkFlTrrMdleNrtjH4maqq0nZqfABX/VUvQ5bC1qyqKgXesUUEgu0ohwPx2NZHm2xvqaxinLzAIo9hTq8xfT15rWPLK1JLVjnm/FyWn6W6XWVtJH9z9loOR9V9Xt36fFv9Hl65Pke2k46F2csxeLHVwiv8mzN833AOrp4YPGVV8owKzmiJJSASYGrQeQaulyF6rGPUFaBsdDuArhmrUd1dynoGuQYGVCl610twipwMryz/hvEJBc6Zfd6zbc6C15dTgdIFPMxvTr0sVsWNgY0TrrPEGexqWHh18HJd7MOK9kejUdYJfGvo2t5ry6uT2Ov1bDQapWy99Xqd5jMfkALDFsv9YOxyFgIHZdX4fA2PYqkYXlBwxgGce973mZfu8rIwdiz0xGGUwT20C8B1NrS6GohtvAqHlXHg9vGt7WA+Yp7yvndKj5zM4XtRdomHd07Wlzqsyi+4pvzHZbU8OxQaGI+c00Y/zL6cJv+1PSw7fXh4SEtdx+Nx4xA1ZHPz9hNYxoqM1mP1xzHzJ3IauoLnZOSA6d0GOb2ltk4XPL3/3CbPa+ahiD+8eV2ij1hfPj4+Jqef98pXfc6BCF0Wz2V6vd6LE+p1nnr2Q+SARjRT2ejd07HSbE4OOnp2LX6zfPaCFp588foRBS4ie6rU/lNZovTk1WMcgKqqKmVoDodDW6/XKUCucsrrmweKb+6ZNlnA48jXNBsR30wH1lP4D5sBWwb88ccfNp/PU52QqU9PT7ZYLGy9XqeXT9DxnMmMVTSYR8Ph0H766Sc7HA72xx9/2NPT04s9s//44w+XDp4Ppb+7yJ2IpiXl29pokzeMa+5bn9EVh/zCJ+oXdCEn9OCjth5A7abIV4hkF8YUc4XxBy9Blg8GA5vNZinDGbIHtugPP/yQgvrgWWRTPz4+2mQysdFolPZNZt7nFQfcT0/+5eZlJJe8+6Bfm3zqIs9LdKQnL9U29sbLw8/rY1v7Xh1d5qXir/TwbA79rWWifrywHer6HGD9i8I5uPoG4BncABU+3qRkI1tBDUfv88LxE0OABV4JdHXS9Dl+lhUun9Cqykj7qvXl2uTykQD36KZLr3gsojraDNZSo4vfhDKtDodDY7my7kubowG/3dV62xRvhHcXI5KVHPqnBkbbWAF4bNjB9BReFz71+uLNF8DhcLD1et2gg/Lwe4LI0GJeZOePxwn8iLf7Zs0lvhzUglELPuDsVuVLXb5ValB548aBwV6vl4xvOHVoM8o0ZeeX5QQHKJQ2VfV8oAHq5Xo82kf6oKTfKotKHCz9j8MqgCtntGJ5qh68xe0x73vBm5zRGf3mOnJ9iJwD/OalgiW6zHP2WP64dDazyqzB8wjq397e2sPDg5mZzWazJMNQFkElbAFwdXVl6/X6RUaMJ3tzMr3r/zYZ7EFb+Zwj11aWn8nJgJxz2FY+hwvLoIiPFT/mE4+Xc1nTLIOwN+XT01PK0uPDUvQQK21DceH9f/FMTl7oNa8vCiWOsWfj8Xyo6+egG+QQJwOwrPVsCK6zxH5ss/G857zyUZ89ma98xDIcz/B/LG3nDFfmyZwtyPUca5uW1I3//M1yl8dRbUAza+zDa2a22+1SsBN7D/MceHp6suVymerDdjjgD86W5BUxP/74oy2XS1utVomP8CxeLGofazPridyPZHEX27hLGbVtStrK6U6tO8THsXk4wKq8q8CZ6LzMn/vo2T4apFfaR/3CC0zduxerq/AiHRmqo9HIhsPhCxsf/HJ1dWXz+Tz1f7PZ2Hq9tt1ul+rBftEIsGoCSGRztI1fFxuQ8Y5ktc45xbHNjsq1XVq+pB+5elW2M3Sdl13sIQ83BS/xR22DnI2DNs/w14BzcPWNoE0wRk40G1s64ViwwKBSQ5PrUIiEEu5FOHd1uPg5z4HQbFUNauZ+R6A00msePdmZgfJk44+VfImyjPBig8iDtnpgICKjo6T9KLAa/S6ps7S/3nPovy6XibIvPKeHeYWNukiZteFbajSoAYmAE+PPTl+JQXssRE57lzkSQc5oUBmDvm42m+So4ORzlOMMVjb8vJcIaEcNQP5mPHiuat8YR2R9857OML5hQHPGEC8f8+SAylimGer2jDTPUfBo7+mDNoMMgU/O1ESfItnFY8v7OWNvOh4TBMZzTjzq9ubfqQxGrz7PufPaY8fQ47/IyeA2sn2qazvUzy8doFMmk0naAuDu7s4Wi0XjlGxkXVVVlfbYRjbNp0+fklOoTnWbY8C06OrIHwslbUVOUQ4XHdtovD09EMniNqjrZgZ4iV4sdeqi58CbPOcQZK/ruhEIYJmlOkj5FfJLg3IRTbr0NXLIo7pyOlJx1vHkl3Ke/cB4RE4518c2iddehJcHHl28shH9WcdEz+PlIMaeD8+LeJDr09+vkcuqV7Q97i/3T4Os3Dd+lg/fRXAUOgjBLB5X5hnlycFgYFX1fJAa63Ke56F+q78EWJV+bbq5TW/n7uVkSZtcYfBw1utcluuuqipl1mk9fFipBvW0DZTHy9po72l+jsdH+4MxBs/A5hwOh2kLnrr+EnBfLBZW118ONhuPx0mGsCzVNniFEnDH9dlslg6g49Vb4/E4ZUvvdrsUgNU+sb2ic53p5cmf3Pxtm4fKM9Fc0fbVDvfGIdeu4tAmP7keT8e31e/J+NfKOYAmu+V4WH+32acRdJnrZ/i+4BxcPTF4SsbMN3L0GXXoIwMxt1SqTXGzoXiMsm6DnOMH3KGY2wRmCU45Izoy9vUZDqyyE+4FlUqVQ2l/mDaRIwhFz0vnNCOC+aZECWj9bwVMv2hsgAM7Xt4bYK9ugEfH0nmRq9urCwbder22qqpsOp02lhO1jeUp4ZSKV8dGx8XMGmNTVVU6cGIwGLw4gIodIzyrp20DIpnB/1VmMZ978xPGMTtQ+/3ehsOhDYdD2+/3KVuQ94KLDDI1lJlGPEcZcsvmcv3XfkWgeKDPJUutVR+YWcNpwvI37bs3Np7x7d1ve95rJzKSI12melcdmxzdIzyUTlH/1HHHnsQ//vijDQYDu729bQTRWOYhu2e7Ox5CLAAAIABJREFU3drNzY3tdjv7/PlzyhLibO/BYGC73a51BUqbA6D/u/CmR4djoE0u6v0S+VoqF3POYY5Ont3h3fOez+GIrZKwVBmHPuHlKrYJwLM6/owLL5PmrVAUPEfds0EZ59Kx9uZsFCzQOnnpcVU19xfl/usLV9VXKMf1qr3E/3WcvDmR+6+2POOcC64qzhGNoaM4wM6BVqWRV/9rV9nk7OBoLkAeaiYy+qR1evYgHyKEF08YW6y+YH7nYLTZ8z6hzD+o7/LyMuxPG61O4UuVytw2HLrcy/WN9RiXBf9o9qrqY37JaPa8kgP86gXZc/KF8UCdGM/RaJQORMO9m5sbu7y8bMgPPTzRa4cTQLgM20i6egnbd4DHEdjdbDYNPe/Vqy9VcrYU19HGczp2agdpP82eXwzr6geeB8oXbXjysyW4Mm0Yd3354dmKbQkAXv1toLYorvF/z670ZKE3ft7/Y3E9w/cD5+DqG0CpM8LXImfBrLm8yxPSaLPNKONynoF3atC+QiFDqbKyyz1Xcl8FV1TWwwnXNXCpAr3rm6tS3CNQYx3OlmZwwFjJvRXuAjlDLMLRK8s05P+eM5dTLJqdwbjkMnTbcMxBiaHKhyKpgi81ErXMsYZ5CXiOrndPnTB9DntardfrNKcRRMXBVhyAVWNa2y4ZH86c5OX2iq/iCgdgt9vZcDg0M0uHDMGhQ+Yg9sHk5YKoN3K80X6bY+7BqeQvz4X9ft9wJNSIZjwxD3XLhl7vy96MOPxD61H822TsMX1pu6/4qOPg1aXOjNLBm4/s+Hjfek31B8+Dq6srq6oq0RXlsdQXjs12u7WLiwv729/+Ztvt1pbLpU0mkxQ4r6rngztOqcf/TCNeHUFAFIjK/dc6ojIlbXnP5+yLCEr6AV5B8BS2Eg5W2e/3tlqtUruY54yL6lYv+OE5eTl95UFXR7CrTNC5CjrwKh5kdGO5bzT/EfBAfUwT/Pey/CMd1WZjdLHFGdrGQMcPdiBkGJ9UrvUew7NvBUxvDrTqqjHGlTNZoeeQJYisSOxfDf11e3trs9ksvZAYDoeNU+65reFwaD/++OMLXEt9Oc/2aJtLHHTSZ3K2dm7udRlblbn6vPKb6ljIKIyLJ89YRiHrGDoO+tGTQfwyUetkfq/r2ubzud3c3KRtI/h5tke536WQs+f4hQDTj1cCmVniVY/H2Tfy7Eydt0on1UtesJr9WNCPbUK1Ydg2iWiW0yFahvmFaeXRWf97uOVeKPOcOpWc8/RJTt5H9PfGz5tveO6UfTjDt4dzcPXE4E0IFRBtz6NsbmJqef6OJi8LVk9AnAJyQpMDqvjNbwBLoM2Rz9E6EryauarGhNK9xLnr2o82qOu68dYez8PQRGDI44PX4NkGnnHoKV1V8qrIo7fFXK+XmdHF6fFw7wr8DIKMvJ8iB0C64PEtlGibM5Bzsr2ldIfDwSaTSeJB/DazxsnUqJOD0GqU5oANKm/5PpfDPRyA8fj4aIvFomHs8tYFcLww97FPF/Z+85a8sYHMwX2mT+SklDjd3nO5Mjzf4DxyZom3zxnGEHOSx2q/3zf2/OSAOBvpHp46nm187RmikWHN/VWa8oedskgm8PMskzy5w/yrwVb9zYF/PMvZUlhSqHJLabxcLu3y8tL++c9/2r///e+0nYDXb4VSWXJq/V8yl0/xnMdjbTq5axve87n/3AbLglL5hg8OLsKp8Tc3N0nPbLdbW61Wtt1uk773MlEjPHU+qbOojn1pvR4NonJdeNNzWPH8fr9PARqsREBQ2guemr0MrOp91jFeXxS/CLyMMI8GahtHdfJ4RfOd7Wnum8oWpelb2B1dbC6mP3RuZIdAh3sZu9j3fTwepwDeYrGw1Wplo9HI5vN5ksUc2IV+xPJury8NOlWVVZk+dg2KRDK4Tf6oL1PaZmTfMe7839PH3D6y7HXeoIz6rhcXF2l8GA+vvyxPeX5A5vX7fZtOpyljFff4pcPj05MZ2YtdoE3HKE34mX6/n7JoV6uVLZfLhk3M/VY7OWpHy3hjpTiBz3nO8Dh5mZ6RPefxgWcLgTe8ZArPbvF0d5SBqjyo9MN/9um9546BiPaqOzVwrR/FB3V4/PlWMvoMbw/n4OobgDchoomDbxU+EE7e5FQjievg5z1hrAI2wvcU/VdHA8JW3zx5wpRx52veby7vPafPeMYIlDfXwYaq5yh1ddbUGOoKGDc+8AGBVewB5Anvro5r7nqJUcbtqvL9/+x9aW8rOZJtpGStln1dt5Zu9DLAzADz///PAPMG6KW6bnfdzbJWW/k+uE765FEEydRiu2ocgCApk0uQDEaciCSZKWcltYWa64kAWVfKOTO5fNjGu9ls7O7urgnoedsXkU/ncEpeT006f6Ix42+zJwcI7Vqv17Zer208HjcyOBwOG2dfQQ7qS8kQ8+cB7X6/31qVyW+C5VWaZtYA+MFg0JyvirNXq6pqgo7gE3MH6RH8UucbfaFt0WvqkCjoPEYHpKiqquYBDPpBt+4xf17geLd7fGnDZrPZk01doa15PX68NLm2R/MB/awBTP1O9a9n60rGw1vpwTaDy9J0LEd4Q/F6vW7K1VU6aNt8PrfZbGZ//OMf7R//+Id9/frVptOpy5O25xg6Jn9ujufyePqyxOZovV3bcIg8RmlZBlF2yu5xPl6diTMBh8Ohjcdjm06njezgDdVs+9XJA67SOasYxnvYnmv3OW2Wh7FUNjhQulwum3MP4VTzB/n5gzbwWDF+ysnPIXJeQlG/lugmPi7AzFpvTNcXR74Uqa00exob2GddzWq2/1JCxuYo4+HhwRaLhW02m9YWdLzA6uvXr80uG15diHNYvQcVe/airq2uHgOsmsbr32N9K8UMpyhTKaVL1e/EPFG/TvlV22f2ZC9x9Im+ACryEdSnubi4sNFoZNfX1zadTvd8t1adVWWVE6jrajO99HVdG3JVkhYPAXjVNNoLPoG18BB7MBg0/cFn96M87U+P1OfiACevLsY9lVU9HksxomfTPNxr9rSYSvu2xB7m9B3LJeuKlP7sMmdK9bpnq0Dq+6req6rKrICnU9uYN3oeeguunpl0UnnOYJTeC7x4AFrv66TmtBGQzimfQ4EZyuUVq/pEa0/h2L7C1uuH8IKy+CleBCRUeR8KaKIAROTg83/l3cxawRME9jQAlGr7oZQCP8xfdM0zQp6x8WS7q6E71vHJjTUDOGx1enh4aFZIIi8/LVdgozyWjP2pnaKon9T5NGuv6uGtdWZP26O22+0ev15+dhhKxoj1Fl5MsFgsmtWyCIoqkH94eGhWEHz9+tXW63Vr1QS/efjh4aF5IQICuaor2BHQo1q077z+7CqPJeOtIBcvW8MRCNgap1tGuf8RrIaDqW1nZxTkPZyLdECkL0r7g9OqI6urzqIACn57/ccvrvAcY65LV+566Tkd0uK62eP5cPyiN+Q1e5pL6PvFYmGTycR+//vfN8EDHBGAhzspu5KjlHNwDHW1N5H8dCkrwla5PjnEnqVI+YU8ptrB9gS668uXL/bw8GDj8bjRS/xCHqz0M7O9lxuxztTAK/PIaXH9WPvJ/XAo5Zxv/o0HfJ6tBR+ptkTYnO/l8iqPkc3OyVoXnO3hBARyeFUmgjj6csmXIO9YIPVTwCNsKz885XzQ+XxkEOwXAlb8sBtYGXXC7mswi8kdLzOrq8pM5pInZ5H9iTBXdE/9oNT1Eop45fpTZXMaXRnJ93UcMb6wtXgAADsWnQmN8i4uLpqVqlhprO1Q3w5pUsG3nI4I+ySF9x4z2OiX1dR85jXkbzKZ2N3dXXO+vWIHD196c0fbxdfR51y31xdspyIshY/iH8X8WkcOA0cyrw8HzZ4wLfQCH43i9UMXivjz5rFnV6P+4rZwX1VOujf6bdBbcPUM1Jo8iQmTAlo6CTk9T+hI0SpI1qf5pUDikDQgNnLecQBeW7UPIsr1qadkFYyowvSUoRqcUsfDc+5zbYqADBs6Dn4AHOYAuRq+iLo4j7l8kexHTqcCAU2vsu6155SGKSrXkx0+Fw9vJ63runmrLQJUvA0b5+mZpc91PCWVyi7SKlCC7JlZawtdXT+tOolkzJtv3phGvCD4OR6Pm4DpaDRqOVjgBXOD+5rPhfUCg/xmbnZMmdeqegpooB52+nJO6zkc2l6v1wp244VIeLkH2s9zjR0fdjogw7xKiGUcoJpXKJfIaeSccR0lOswD6FoOX/Pkfc85Ep40v9dnbBuidvI9BuGwg6PRqDlblWVH6+v1es1219///vf297//3VarlY1Go3Clf6nuOIc8MuXsjZfeLL2yxaOU45Ya51J+uvDhyUApX4qJHh4e7OvXrzafz1u4ictneWFdbWatXS4RH15fH4sDu9iZEvLmONeD35gP6vhH/a86J+qLrnLAukH55XspXFaiW7yyEXjgBy+ss2Dn+EWTL0GePtc28ke393JaXvXPL/3Dw6iqejr+x2x/RR0eSC6Wyz0+oz6qHpnYwzM5vBvZiOg3y2aJHHaVV0/2Il/M84FY7iBvXp+xDKI8fv8Gv4hM7S/KGwwGdn19bVdXVy3cpbY6FYjX9nG/lfRN1FcRrsX9Hh3ZAVvPLyhcrVa2WCya89j5QRv6j/tc6+DfPEbIp8dheO30sB7PUeZH26/XePV5ad96aUDAsQiq4mg8XaTlHidQPQYxvfeRHKIDVXfpR1fWgi9vDnkY+hy+3xs9P70FV89AnhH1JiR+g0oCK95kLsmjQVWe5M/hZPGKVX1qllMw2i/ePaUIhPN/TRMpPwRbvP5KASbvPqfx+MiNBa8cPGSrV8rhiNoSGdCSe1G/esaJt3ewg+QFW702pMb8GPL6gdvBwVGcAweQV1VVsyV9s9mYmTVnfEbgLerTU7UvKiuSSwYNfA4nttwjSMQPI7ztRF75+qQ+kn8+cgFnpnLQkFcwMuBC+VjtqnKlAM07n1T7SQNh3EdKz+HAat9ihQ54gqPtOf1wsvl8VrVXHNRhO6JObxfHLrI7URnKE19T2+rZE24z88rAF2l0zLVudUY8YM/lcz3oY6wm5v42e9Tp/HIeBLFxDMfvfvc7+/HHH5sAq+ph5SmiUzgZpyavjyPK8X/sXDyV/VCcxte1Dn2YiwdzvKKc8+qcUwdY8R7X7f3W/yXYKtXuc5A3T12H+gCeIpx2CKVsqqdfSnWn4nezeKu9PtTBC8Dq+vGFQi8RYPUeJDPPuM73dCWr4shIJtC3u93jmax4KRzjhsFgYJPJxJbLpf3497/v8av9k8JOKT/Ay1uC+71yc3LSxQ57NjHiPSL27/QBM2MrHhuuF0FW1neKEc3MptOpXV9fN/l1FbTiM9SV8he9uRi1W7FTS+7MmqMBorloVfUY6BP8cHFxYZeXlzYajWw+n7cWaES8av3cVr3OO2RSdkBxjFdfqo90LkT2XPWW3sd/YHcc8zUajZoHJDy3uU7tf/U7vZ27OazhkSdHXrnRR8s4Fd54o9dDb8HVE1PKQGm6yHB635ovN4nVGdbgqr5d1QPhHs9MJWnxlImPBPCUYIo8JZRSyiXlKJ8eKQjgjweMUs6IZ1xKFbqmi5ymXD6PUgA3Ki8Cx1qud5/7D8YV8qcrsVIgT4FOxOspKCc3WtdyuWyu4ciAzWZji8XCer2eTafTZtt2VL5e9+Z2Sb5cmxiYQUdwcBsrEjgIxG+x1qAmn4WqDyQ4kBqBRwZmSP/w8ND0GY+7Bwi5TfhGwIq3v3MQgleoIpChIFPBGfdfdFYbf5+L4Dhz365Wq2a1IwJ5w+GwBbKRHqt2ptOpVVW1F4RlhxZtRXtRHq8U0UBHpJtVr3rgn9Npn3t6wHMsuEzPjqb4TfU5zxu+7tkjdnLQx1i9iv7EPEM65hv/1+u1TSYT++GHH+zvf/+7bbfb5qVt0Ta/UltziIPh0SFlRLbR44n7vnSscnWXlhHZs4h022DkLOs4e/2hdUb9oMEJ3D9kXI6RhxQWitKVYGbNpw4rrqWwQ0m5Ufqu8lJaRqlzrRhUdRrOyuazw82etsvzuaynmvNdKDXeuT5gW6uBpCi/2hcEWdfrdfPQEasHU3YcZZX6dx5POVt4SlLf0rsPPlL1c5urXs+qwGf1bLOZH/jX9IzhGKMgLY4lmkwmjzxkbNox80sp5ee1xtNJj7QR7tHdL3hBV1VVNp/PWxhcbUI0vjqeag+ivuey1Q4BJ/GKVq9exuwtufnlugbNI2JesUuNX1aIby6fbWhLvz1W1upHb/duyZxWnct6WNvEYxMtKOPvaDyfWz+/0enoLbh6BspNFAXGJQaY83lgmZUMT1gNrpq1g4be08aISg2UGpBoxWqUJ1e/pinJw/9zSpUNvQfeo3xdKBr3LuD9GCo1Jt61ElCrpO1jo6vzosQhfU5KzVEzP1CJlSF4iyleQsKrc3FsgI6FzhXewsZ9rzyVAH+tBzqC26nAj7dt8ZY6fmGGbgvjua/BKK5T+9Ebb/QT8nlpVO9pe9WZ5LTgiYNbuK59znrUa4dXdwml9H4uH48X9Nbd3V0TjN5sNjadTpvzmjVAzG9ZXi6XLZtQVU8rsL1zHc0eV78C/OoYpMB0pItT48gAl2XN68uonFLH1nMivd9eXcwn/0b/oc9Go5FtNpskZmBdiUA4jghgnXIOfXlIeV2dhGj8FCd53yU8H+pYp5xYLlf73rNpx1Iki/gf0Wt0zo4ZD/5OPWQ8pI5D+XoOUjvm4S8+BoADVZBBfqDIdoDL4DK76MbnJLSR5YADKmb7LyDktLwFHS+/Gg6HrQfeXJf3W6kkaMRpS/QY11uKsUtlWLGQYkf3vu0H97UNOd0f+Vsglm/dmdfr9fZeHJXqRx37SE+kbO+xpPLD9oD9H1zDKtb7+3tbr9d7doTPZFf+vICjyn7UzpSd1y3+jGsUG3N6DcZ6D+25fp5DdV3baDRqAquY83zOuOZ1/Wmz5nxkD8+mZLfErmrfaXl6HAD3S1cf+jXSbvf4XoD1et2cG8wv2DR76gccV4Mz5PEyut8qvQVXT0w5RQ0lEYGanELXyawTmIWVt5R5Z65A8XlO4yHkOcte+3RlBafnb86jACDHZy6ttjky+GqcPYVY6vClwAun8/rg1FTiNEbXo/7gsqOyIkOkQRs14rn856bUuHjAhOceCPNuu93a3d1dE2DBqm4GRwhi8hxNtb1kDut13srFfHuyyk+e+UxOXhWq5556/GogQnlm4A4QycFVlQkFZFwGl8+OJdepQWQGrgBfDBK5b7ROJk8mzjGnMX4MVLEidblcNi8/2m63zeocXr1qZg0g4n7mvmAgqjqPg8v6QihO59mGSEd31R/eOHi8enykHL2IH5XRKC9kRh2T3W7Xmvv8kqIUf5C/1Wpll5eX9oc//tH+9//9P7u6ugrnWimdSpemdE9UR2pMU45fSTuPmXMlWIydxxTPpVTCr8p1hCV+bVRit6LAwbnqfi3k4VSWM2CNuq6b7f6eDtRAyCFz51y4K1Vuyg4Aj6C9nh+EMlTH7naPRx0hmJXiqcQuqT3z7Eukz7x0nk0poVI9EukQbUPky0V1lsqIl4dxqWLiVPuaOqvKUq2P5kSKSsYslzcqA/3NK1Vns5nVdd08eFU+FX9ERyTwuHm7dFK21JtPHgbXsnV3qofN+B7qYCw5nU6bHXJcXw7zafua9lftY8B6vZ7VlM6jnDyn7L1np7rarXPp2WNpu93a7e2tzedzWywW2fSMec3Mbm9vm3vT6dRms5ldXV01Rz78VugtuHpiKpnwnnIqKddz5jwwgfQcVOWnR7wSjrf9Il9XoKlKX6+BF91my0o4t9WZ+fLqSBnMLkrKc86jNMpfKeVkRK+dA/h7ZZbWU9ftbSK4xt9apmcUVaZTjmlXcHOIHJdQCpCx48IrRMysOYDdzForJ/BmX4ALAAC8hAn3+NxLGCt9sp8KYDCPng7RcrS97KAw6OXgJz+FVyBk5p+/hfL4pRTMG/SV5vPao2POAJTbyf3MfDCgR5+jn6PgV8SX15Zj7qfyeQ/Ier2eLRaLZlXOer1u3jjO+h5psXp1PB7b3d1dE/Srqqpx1j0dzf2nL5lIzcEoTeRo6r0SgOptSVSeS/Wsxy+3le2rlsMrycystfIb47OUl6kwb71erzkrsKqeXr52NZvZv//7v9t///d/2/X1dXNEwGulSD+h/9RZ4aClUmq+nUPva9mqS1SneTJXop9LKbKzvwYqsaH6X4MFHvaL6BR9c0gZp8YgkDevTJZBz76p/kr1X47vU8rxIeTxy32jK+d41wuIHx7it6c79cFliqf6MVHSrkRlaPrn6l/FQMqLl4blx2tnZCu1XXqfSYP/KV+vrmvj3JXDp+bVdnk8HENNSYKBPT9IsamZNUc58TFWHp5VjMNpuD4dM213hNm9fDrmeia/9r1+e3LB5WFVI3Sa6jzvwVCXsWvw/S8roUtWsHrzBG1kbIdr/ALvaKVqJKNKL6lrmebzuX3+/Nnm8/nJylwsFrZYLOzDhw82m83s5ubGZrPZycp/SXoLrj4D8eTQpful+SOjpCuyuB5etYq0mPQaVGAFUUqectC2sRLlFVOol9NqOyLlnOOJ+yC6x9RVeUWAIEeeU1/SpigYcGrwrnXmALhe5zwqF15gjfOrUef7XjArx/s5Ked4MM+8mg9gHqBou902qy5wPhobbOTDucU4u5h56PJSMwa8df20MpP7HnVxYAP6g1fSmrXnF8pQBwb3sKWHgRzni5w+PM2M5C0KaLBz6YFYtKOu6ybAzauMwS87ZhpE0TJfEgQxuIWcPTw82Hw+t/fv31tdP66CGI/HVlWVrVar1spcBF9ns1mzWoJfusT9APlE0DXS9ylS5wt5It0YAekIpEf1efUwpRw+lnGvLvSPOuNsW9n54LNX1+u1u2rc7HGON9vhyKlar9d2eXlp//Vf/2X/+7//a2bthzil8lji8PP/qO9KyOs3PLxQx/MUju8x9jGSKYyz8umt3uE5UzInSvn6NVMKV0T3cg/fXxt15bNEPljuGHuzHEb2kOtJ8aY60mvTS8hf1+AJ2yk+Z9Yrh30gryyz/R0iyNeyRWampe+lKQgIpYJP5yBvXMOxFp8vpSP1fmRv+TfrzCiYpba8tse+Nycd5y/hx6PO/sdjor30JXLAPA+HQ9tutw02MGtjgaqq9hYlcNui8eS+9fiJrql+4XgCeGNbiPmm4xBtBa+qqsGgeGmtpo1W3KuspMYImJd5ZL/F03seVuXfSAO7zwtjWLek9O9rtW3z+dw+fvxYtEr12Hrm87lNp1N7//79rz7I+hZcPSPpBIwUHlNKoSlwUsDJzh+vWFWFx0vt8R8KksFbilhxaHu5PlYuCNTgPp7sQDHx/8gwar9yf+B3lI7Tp8aj1OgeCjYPBUznBLWl/HjBLe+pKqfR1VzemGpwy6uzpP2lDvk5DJkGUxSMIw3mG68o1z7hebJer1tAhp+I6tapFHE/cpAXhGAPXoaBtPjND2VAaJ+3NS91/AnKBi8eOAIvqfZwoEvlxANAHOjSlaqqDxTg4cxS1bsM+Ls+oDqWUitrLi4ubLPZ2Hw+b44HADjHEQHc5s1mY5eXlzabzWyxWLTkM0W8yrV0zjEg1XteG1GPt0rQs49KKbtbkj7lgLLseE44yyiC0pBdvFBlNBrZcrnc04Fo88XFxaPsmdl9XTcvyttut3Z5eWn/8R//YX/5y19aDldJwCbV7tS1Q8qOiFeGR/V1oVPpds/WRbhBd3GkcNz/ZfJwnfc7lS6Sk0hOX4K6YrxswMaRPW8OKgaLcLEXuIrK5Ptm7bMTmfdzyndKt0eBFthjXvnHvgin4Z11TN7Da12lh3JSgZNcu6K2eOkje5Xrm2PGpwlYEnZM9XsU0NQyVS9GPrMGqfj+L4W1+XT0h1dH6pryWUIaWM0R8wvsACzd7/cbO4/zV/FiLxxlgTKKeKvbO0I83aoxBv4w9tLAqu66g6+AdvA48rgzpgMO6vf7zVnIHKsAX5He9+yvK3viq0ZHKug4af3Iq33KeEDlUcvzymdeXhIzbLdb+/DhQ2sb/3MQVrNeXV3ZDz/88Ks9LuAtuPoM5E2UHJhBes+ApSYtK1BVhvwUF3WzMlAAp7xpPi9oxs4hFCuCQcyb8sXlcl1e2zxAUqLAvDbhuubzjAzfO6VzeQylgganJu1jHg8OsIJ49WM0RvrEUMvo4qS89HhEhpfbj0CCGl8+loPzm1kLdNX10xEbClRy7Y/GDmXgXBwNDOm2JG7HaDRqnrAjr6dH+Ck2+OBVlt5qQOirVNu0PrQzB1KYF+/IA5XnXu/x+AOs6uX6Svs/RYfOYx4/gHLeDnlxcWHz+bwB6uv1unl5Fc5axRggiD8ej22z2dhisWjKwxt7eazwwduW+aVm2i5PN6se9a6pfon0vDf2JZSzN7mydP55OozTsoxhzLAqndvLefr9vi2XSxsMBk3fb7fbVj2TycT+/Oc/208//dSMVdRH2sbXQOpE5ZzdkmunINVlES6IeMk5hkij+VJUij2ea2xV10aEecx59Df/9+am/n4OJ/TcuKqUPB2nOlPxlPZPChOndKFejwKs56LUGES6lu/z7hvWjYyzorJ5FSz+e7vssn1QVdnAmzceXSk3fiW61ZMX9AHarw/3tewc/xFu4rZ79r+pS9KmbP85/bXarL1qWcY5V7fu8GIMBWywXq+tqqrm6CY+Ox/t1t2B3nxWn0zvM3k2jvEwxgS7m+q6bh1zpjKk48ptxwNkYE0E1LSNynPUr+H8qapmrJiHvXJQD/WFNycU93l8qtzm+v010OfPn+3Dhw/PvliE6fb21u7u7uyHH36wm5ubF+PjUHoLrp6BFNSkwOGewZBJntreys4aKxtetcpPkwaDQWvFGvIj4IqPvryE+fUCoaxc2PjiCZau6kAatAm8MIjRvuL2eMYj6leA0Ak+AAAgAElEQVTtd+XbM+wl5DlbXfJzOV3BUMqglOQvoag/1XBGcqlBEqTVvvcCE8qz165jgVJX5z1FJY4i6oxkLzK8+NbgA6++1PaUygfyY04hwLPdbpvrm82mCdIx+ANvKBNP0dn5UODE7YgCqywHfIxA1KbIGYiAEOtM8IGglebRJ/zIr6uOvTncVT6PdaQ4cIH/CNztdju7vb212WzWvJ1+OBw22/65nTjbczgc2mKxaP5756mCODjoAUnV114bIl2sdXpgT8EtX8Nvr88i8mQnuhfZAA9wa3sh91jJyg4TB1vX63XrpVcYa8ylzWZju93OxuOx/eEPf7Aff/yxeYEZZB07A7ydJtF/vRaNk1JX/ay2xLMHJQ6JzvXU/Rw/rKN4fBnLRHOe7Z+O/ako19Zj7WNp3SXX9X6E27xycno1NxalpHJ+CvJ0paeTPJsVXVM7j/96jnYO+6X6OEqbwig8X7QPmKdohbob4DiCIjwAe8dzGTY9Kof1njemIG+sW3avrsMAHK5VFstGqe7LUUo2PP7x2/MJOF/KNpSMbSTbsHd7Oq+uW+PIbfMoZZeieak6PWC8fRxEVbWCeFbvYxGvr9CnvBCBF0UNBoNmBxLLMXacwb/fbDbNNcVNno1q9anbvPb1Xq/XPEzHnMcD3dFoZGaP2JkxC/cxfjP2v7i4sNFo1Eob+TgellI+tc6mrTRWO8LMwEeczn4Zv5ZMoYx6P66zZ9d+kQFc9x7ilOjhc9pyj3766Sf79OnTs9YZ0W63s3/84x+2Xq/td7/73Uuz04negqtnoMgQRs4W8uj/SGl4ho7z6VZhfsqk9SrI4CeSHu9m+9sccY2VIa9YVZ5hLHlbKgeCU21CHm/Fo9e/3K4ckGfg5PUTj8spFF4OML0GiuRV+6nEGfZkPHrqrfVovnNS13FJzXcFjIeUpU4Mp0sBixSlHCaUy2dqmrWPGzF7OvaDHTsuI6pTdZe3alX1RUQe/55jFfHEqzJVnvGtQVZ1InkuPDcQShH0LI4HWK1WDTDebrfNFrPlctm8XGm3ezzLczKZ2NXVlX369KkJjuN4CAa7/DIDz6ZF/Y70HmDGf7ZhnpMT6ZhUnZxGr3HdfJ3L5IdLagdT7eGyzJ7mEvLA7uJhBu8ywTzUsjhYiiMCBoOBff/99/bhwwd7eHiw0WjU8HpsYBXfkQN6KHkBc8+WRFQ6ljliLKLjjrHnMlX3ql7zHoi9dnt/CoqCBvjN35quiyyV2ocufX7q8TmkPV4+lj8mfQCQKrPLvVwa1Ym4BtzAaZhXLfu5MLBiJdbffKyNksezt3K1Mz/exbp+DN4EBDtxDsrJacoX9QLjuUCYR9593Wqu6ZkP715p+7rwlEj8+FVQnvqTfB/+N+8iG4/HNp1Ozczs7u6u9fK1i4sLG4/Hdnl5aavVqmW7zJ6O7GLyfN3IX9G5znMFfHI5HBPgdkVjBIyawpEl1EnXVdXeOKXG2tPH3v+q2g+q5nDMa8EEu93O/va3v9nd3d1Ls7JHnz59ss1mY3/84x/PpgNPTW/B1TOQZ2gYpKui8cARB/FSeTWPrvAEeIiCq7wCBvn5iRTSsDLl8r0n0brVX7cUsxLjYKlujUZ6Dqzyyy+ivvGOGvAc5NSYcd5SJ6+LAfcCOacCBEoRaC9xWhUcRfd1PLz00RYDBb0RvZbAVRScKZWPEsCm4Id/c94uDrsHnhiwc/9jrgH4YAs5l8WBHTgcKA91RUFI7wGO8lrSLpW5XNAI/OE6zneKzqnk//r0X/l9LfJp1g4Ewzmp67rZXsbtHw6HTVo89Fqv1zadTq2qqmZ7ELb98xN+3eLuOVupvonkGqQOJcuVBjQPoZK5rPo5kutIB7B+i5z1wWBgF7+sNIUjCZmcTqct225mbp/giIfxeGzfffed/fTTT7Zer1srwDnvofbKa1vuWq5sJs9+ROPs8ZRztLVu7luuI3UURcSv6uwu9FyBpuekCLeW/M5RSX+V2pCozBwmydWRcqhT/JfMCcbgbNdK8WqXdkT3FVPX9dM5ivwgNsK4kd0+B3mYhH0Lz2lXnc3YpdTJL53XVVU9vZwpuF/yv4tcpdKk0vK4p3bwKG/eeLNuZ9wC4l2XHCj09EoX/ybi05t7isdbaar9QF1z65f7qfyKi9EOYCoza3YarVarBothx9BkMmkdFYCFAhEeU/866jMeE+5zxv2624b9bsZoXLb67Xjg7+FGj1TOutiSuq6t6vVa46X87OWxpzlZmVmNNI6dV9nUaxG9tN1/eHiwv/71r7ZcLl+UjxTd3d3ZX/7yF/vTn/4U7jR4TfQWXD0TeYYmMgZs8FNgLgKqXJYGP9lRY/DvlalOBit8DcTsdo9vO+dVXQru2DhofZ4x1ZWr6sDzcQepfkc71JCzYYhWspb2t47ToeBQ+yvH07EgtBTk4dv77f0HbyUAy/sfyX2qved0RnNld6k7BGUdyi7lJVUHzz0F0JyP5yLm33a7bW01Yp74QQ7LsueU4Gl8v99vnnh7oCrScSli+fNAYhSc8YIquRVBUd0vQdpW/GfHBy+wwgpHJgTf+CVm2Io+m81svV7b3d2dDYdDm0wmdn9/b/P53DabjVVV1ayWwFYx7yUHhwJLltkIrHr5c/OAqWSu87eXJ6en9DfPGfweDgbNebhNu82sL0dpKFaoqqpZeYwgwWw2s+VyaT///LMNh8OWjKv9PFRuS9vfpRzv/7Hl8TXGW9qn0FEpmx/VFzlTXfXCOW3aqahLsCiHWY9ta65vDwk0KSbvSpGzneOBdZbW7eFNvqb1lPDepe+jOao8AB/A1uA8Rm3fc5GHK7wAjnekAednfWGWP8ZAbZaOk+Zt0ttj8MYbGc/mnMJfKPE9S8vSduOal47LTdlkXrWq+E71iu4y8urOtSPiRb8pQbI8lBnlV8wGTNDv95sjuoDRsEoV7cZWfDz45pfd4iVYqYUMnl+Swlds03ihU1U9PRTGw3e2pZ6Pgnu8sxaU4zfVz/pfZcQLrCJtr9ezXV23xlRra/5jLkuaCAuU8PsStNvtXn1gFbRcLu2vf/2r/fnPf371K1jfgqsnptIneWzQGOBHQYZoknIduvoCSktXrbIzgXSq8JQHM2s9CTOz5vw+bFHQbYdwrNXB5jKYdBUeK2b+aDkeiI/yaRDFI07H5fEqXx3HQ0h5OgQInIJy4CcyFinAHZWp8q1bSLq099yGqSTokgOJEXDpQjxPdQ6k0nvXVa7ZYeB5bmYNuEPQDY4Tj5V+mDyQjbx8HlRKtlIBDW1XSnb0+AntS+ieuq6bACGCv978PJUOOBWl+tLMWqsaoMd5PADgeRUywPnNzY1dXV21QD6ODPj69WsjH/f39zYajVrnhDH4Lm2D2b4zWqJrojS5Oj3ScrvqZr6XCjDzw1Ccm1b1etb7pS96JJs8Z9SxaXCEmdW/vGn3u+++s9vb2+ZMV8YJaNcpAkjnKAsUBZ/UUdNrWpY6hPrgR8+d1/oj5zPnNB2i+0vny2sl7Z+on57L4YzkMjd/2WZ4cpHDBiDOm3IIWSY9W5r6LuXtGPzh/fdsP9tQ2FEEXPjIgGN4OoQ8/4bvefLA+lU/vFtHfRoP++B6RE36um4CN13a1iqjY77SdHVdt14GBEL7eTFNF7uv9XAwlXci6vFNihW9lZLKS8lYKH9RW7zrKZvlBeI8v//i4sKqqmrmy263a87Kv76+bgKpOMqJFypg0RNiEfxww2u31w8RpgJxzAJYj4OrkAfun5QNjbBfhL898jBwV0xYVZVVv8i4Vf5Djr0yDtRluT5+Lvrb3/72qwisgpbLpf3tb3+zP//5zy/NSpLegqsnJnZaIyXfMlRBcIKNtW5x90jLQVrvqVCkTD0jwkqSnWaUuV6vbblctgwbOzGojx16GEivDRyQ5b7zAAy3kXnCNztS7IzCkWWjrf3CfeAFqKN+7Era35ExOiWVGhx1jFLOa5Q/Zcg9QKoODec5d7941NXRLU3vgVMFFfjtjVfkKKTqZ6eAdQMHX/j8VDhDPE4RqDaz1hz3xp3nNs8972gDr5zIQY8cTNZJGlxlngAIAVRZj6huTgHp10joRz4Xq6qqZkUE2m5mLb2M34vFwu7v7+3y8tLu7++bIxRGo5H94Q9/sH6/bz///PPeLobRaNQEa/UFidE89ua72qRI7lO2sUtfcf1eXcoL2yXl0XOytH85uIpxeLi/N/vlvpaL/CrXcKrAy3a7tfF4bO/evbOPHz+6Z5odKruRk3ko5WwIk9p//u3ZZnYCdeVv9OBZA69afiRruT7w9GJEXe3OayLwndodFOnyU1AXDBUFRzy93wX3cN2sJ1S2Iv48+6nleXWleDpkjuawomJEflgHrI8gD9tabxX+S8m7+l7efdbf3EbGLt7OOy3DowjD5Hj2/LWS+qLyout79wRHgRSz5eZ45IeCeNeNt/OyCwbI9UUXzJ7DgNGcqeu6ta08FbiDHR+Px80CJtQDrIUVq7CJwGfYZcb9xfg90gWlc92s/Y6VwWBgw+Gw+FgSnktsg1VHdpFfDztG7fAIvLQwm5XNzajfou/XRD/99NOrPGM1R3d3d/bTTz+96pdcvQVXT0w8QUsCHfxR8J6bpJ6SZEVQuvWd61R+8EG7YOjMnp4u8lMzbzk/v7iK+yfi3wtMMy9ekITbrNsR4LTym7HBix5kHwEC7Qtt56HgFbw8h+LtanBSebs4G6DIWYmCbBEQOKavD6FTjU8OwKfIA518XYF8qgze9s5zxsxawTC86AlvledzyVLzUq/z9nAEfhjweeedtQBpAJo9ZzXqI932pwCPt8SDHziH4JFXIHpOx3PLpZIHBHe7x5dRDYfD5q3yfAwAdKDZ04ojM2uC6oPBwMzMPn/+3MjCarWy9XptV1dX9t1331ld1/b58+dmdUWv17PhcNhyrFE+g2j+HQVEsBqG+zzntKX6B5RyiDxZ5jw8b9QGRfV65SEfAqv8MJDnKPrBW5VTVVVzPAM+Dw8PtlqtbDAY2M3NjX3+/LnJyy9v8+hQXeeNXRfKjauHjzSN8oB+1bmqfan3PUfNs3naXq8PjumXlww4HUuKXz2cd862lfa3JzsR5vCcaK8diqOZH++4Kq43kmVci7ave+3yMIHymwv6Rf/VP+A6OOiID2wBHrgBT/D8PIc8KM+R75Hb5u/5HLn0pTZJbV8qn/Kv37jXlTx58easJ9eKtTyZiNoREcvEYDB43NFRiK8iW6vUFa9FekHrzJbzlLn5rur9l/tW1eNDatixqqqal1YimAm8BTwH3IZdQ2bth+apNuhvtbm8c7MmfgeDgY1Go71+iHQp8+HFKPR6Dltpmfgd+Q0pSuGKXPquZZTydi47+fnzZ/v06dNZyn4O+vTpk41GI7u5uXlpVlx6C66emNhpBLETr9eQR1en8keVHJfBQM4LIChFIA6kq9BwDUoVh2ijPaPRqAFLAH96vhuUfdRf3De8Shb/NaiBdnA/wiHldrKCVgddHX7PcdPxgZFC2R54PgUpSDq07Agcd1HqaqQ8IM39qvLJvxmEeVvLlbeoHzwDHuVNte0cFPEQOVR8L+e4c8BF534JaVDVzFrBHA4gsozrSwTwjXm9Xq+bMx+1L7yHLVw+tj15eo2fhEdywv3K7eIn9YPBoAksgm+sosHvqqpab2dFvwwGg8YhZB69+e+twC2lFOD1+g+kD4v2nr6TzuTxZ0Cufc3nZilA32w2VtePQdjb21sbj8f2zTffmJnZly9fmi1q6MsccC9xKqPrmiflLKn9SM01Ts997G3pTT0UUN2k7deVvWZmq9XKzKzpP2wPjAKtkGNdOYyzdcfjsQ0GA1sulzaZTFryHvVXF3tzqrSR3eV7KfmAnuLdKTwG0dvAlT+uM3o7tdce1lERzovKKaFU350SexxCipNy/VRCkSxoealrUX5cT2EV5UXlL4elIj8g0neKsbTPMLdhY1XGWR8oj9oeDUBE/CtFeIbnme6247byDhHsEuFAa/QAlMvw5OKQuRH1Sa4fNDjOu1wiStm4kPeqMsvwlJPtlE3l/JFPpbLr4R3FCZ6dVdwBrMX+FNeDsrbbrV1dXdlsNmuChdFOQ+6HEj9A+yWXJ6fTcnLoUdNHZo/HBVAdOCN/t9vZcDhs/R4MBq1+At5CX/JiBo/vHAbSXWoq27wrtaqq5kE67OVms2lewunVqfNHV6/mbHUnnFg9be1P6W++d+6XJeX4L9VNx9B2u7UPHz6cvNznpg8fPtjl5WWzCOQ10Vtw9cSkAElBgZdOvyMgZ1YWcNJyNL8aM28VB2+P5TJ7vyhRzgfD57UxMjzcXt3qV1VVAyIR9AFv3K9ssHnbEbZAQlEjMMorhABEo6C2khqHEgN+CB1ipCNSZ9G7rveUl8gBOIRXHjvwkVuJkSs/53C/JkL/RdteIjCsAU+kxT2vHo9UH6Hv8bCEtx55x3LgP/cryuDzIBVY65jjHoPACHyZPa1sVWAdAUiv3SpnnF/r5XYzaOW2RLruJUhtjdm+M8qE1asIwPV6vQawQ1fC+eVy+TgH9N9qtbKHhwe7uroyM7PFYtHobpahCNCDuExO58lNrn0lfVVCOeeVf5eW6c0nOJv8sjEEVjFWHOBl5wN9hl0Z4GW329l6vbbJZNIEaNnWpvh9bjnW+nR1vFn7AbViFV71y/LKO1g8e636UNN3tR/qNAIb8VErvxVKBSBS2CLCqfo/wqyqw3MU4R5vHvCYp4Iyh2Ae5SWHy5CP+WUZhe2MVmdHfVDC7zGU6htd0MDznB806XnSzFcqOHROiuxPpP+V3xSv7r26fgywHsCn8nWqfuJ56e3QZLzHeVgfYlwRMIzasNls7LvvvrPr6+s9/zLq64hnLlevKXYq8UUO9StSulD5ZHuP4KXibLNHbLxcLm25XDYPWGF3UBba5p29qn2i+or1ZF0/vegUq2Zns1mDSabTqX39+tXG47FNJpOW3+7he8aTEf7uSiV6O6rHk5VjqGsbntNf/fDhg+s7/tpot9vZhw8f7I9//ONLs7JHb8HVExMDIAXvuI9J5AX28B8UKX3PaHqK0rvPvGo6BmzKW6/Xs8rhG8CIgz/cFwqOFSBz/VC2w+GwdU2fbMOpQnnMNxxSXo3F/DIf+sRV+ce3Ggd1wE6pGA9x7Jhf73oKZKTycf6cXOXAnAbKNX/0n/lJyX2U/jkpAkx8jQGnWfut6l4+yCnS6xN/nVNR/+u486pEnNWk5emKmAgseysKMJ903np94oEvTu85NzmK+ofvR8E8kBeU9dpZAs7PQSlAyjYI/3GN5Q2rVweDQQvUV9XTCxVY33JQu9fr2Wq1svF4bJeXl83ZrJ6DjHLUQQVvJauu1H5qn6ssHRNwiJx7jy9QtHo5kl8un1f8sjzxKmDeIoi8HJTlMcfxG+xolfD43KRz3iPvwYpiFU7LOAx1eHqAHbtopbU35/ma5ov04W+JdA5z/0XznfPhtzf2rKdyfX/q9pTU09VpTqX3+pH/c//xKi8EnIAL+OGKp1+P4fEUxH3K7dJdcbqSVQMAnj15blL58PBrtJI1ZVNSlJILLVfTeNgw1wYtS22S+rj80XKUNzNrLdDRh4X4xguS2FYeszso5+ek0ngU9Zl3L1VvhN1ZP/KuMMbvCHQ+PDzYYrFoBSw5MMo7xDycpUdzsT4H9mMZAGZ89+5dUyYe4k4mk73Vnx7eYZ0X2YKulPIlPTuT+t+lzhIdrzydW+dGNJ/P7fb29kXqPgfd3t7afD632Wz20qy06C24emJioOkFTdS4qlJJKehIUURGzeMtVR47K3zGIrfHq8dbeapPNplPNcQajMHKKbOnp1scCNF2s9No1n7bOd/jp3re037PeCtY1UBFBGJS5CnjYw1LyXh716N6VR49mfWCU14ZKvNeP3nXIHMllHOEXoODC9kDYd7wilFOq795NTk7XLiXa6PnqGJu8QuPUnoH/8FDanWiB6jYEcTqvNQKBi0vBZYiSgE3D/gDtHr60usjr4yXopQe4jHj7Zn39/fNClbcZ4DOgSwQb1tDcB7lmT0FY/GbHw6kHMGoHSxznlyV6LQuwQYvb1ReND9A3spzLbPX6zXHa3CQm4nLxPm3Zk/nJHt215vzLwXqI4pWEfI32sIPUNn+q5OOvFGAwcNdKXvJfec5hZoePGPeHCN7r40U9+T6jvPwb8Ww2m+RHB9Kqa3bLEvPtaIn0lH8HfUbz3XIPQIenD9XT0omUzKbuleax8M8CKipHxLJwHPPK9YnOlZ63yPvnmf/tM4oraeXmI9UWR7/ypfHt2LHXDnKJ8szv5BJ9TnGXo9ji8qP2nwqbKb2pETOu9RZVdXj8QD038yaa1VV2a6urf4Fc1lVWf3LUQE3NzdWVZV9/fq1OXvVrG1bvcA0+/fQI4zHdb72+/0GL37zzTc2m82ao4y2221zvr/W7fkzKZuQ00slVKIbcvJSMo6pMl4jffz48aVZODl9/PjxLbj6WycFQOxYeg5gBE7ZaPF2GuTN8aBGKKe0OLAKUGNmzVkqKA+OTbT9wzOi3B4FsFoGP5nnsvjMVFXIGnCCY8/pPFCh/z1lnBqXqPwUpeo6JaUcGb3P6bw0+juiErCm44Tx06MfQArgvPHoAkpfmjzniFdveO2MtsPjHsrg+RXVzeXw6sRoC4860AystVytl1fS6Fzh1eW8Ws8jnfN6rwtFzo2WFemCyHl5DbIFSjm93nhg/m02GxsOh3vjDBlBwAPbz8bjceP8IAiLs211R0DK+WPHKDUPUjYsp0+98crp70jWvHHP6UfPboEQTFgul00f604QODYIPsBGYizAB69qxfjwqhOvPdzelJP6HOTZcf7mtlbV08OqCENxuZwusospvvS36mW2f+q06v3X7HyVkCc7kb4swbmMKVM2TMuPeMml9YJCilE9vHlKijCpYmhvdTX7E8y/zg8tO8LCKQxV2u6UzlY+IuJ2wvfgY0/4vMcU36emnG3hdJ798uSpFJ9G9i5Xvtbh1ZOze1FZijmjsphP4Azk1a3rnJ+xoz5oYZ0f8e399+6V6A5uS2oMuYxUXyi+buV9vPGU9jGD1XS/tv0jl/r9vr1//94uLy9ttVrZfD635XJpDw8PNhgMmnMpMWY4SoB3r3kypeNX149HA0ynU/v+hx+a1arT6dSWy2Vjk0ttnWeX+XopHYLDcvQSNjo3N4+l+Xxui8Xi5OW+NC0Wi1e3evUtuHpigpOpARN8GCilwCZ+m+2fq5ib9AxQdGsc18P1wYHhM49AcKBh6Lzzb9Qge44rjKTXHihlr28UYJq1D53uopgj4B7l8YLACmBLlWBXZVlqCCJQETk73rVSR9PLn3Lao/o8w51zDEr4SeXpMlbnIl7Bxy+ycYFWQp5TaVNt5L7Hb2/LEI8T6zO+x4GclIPBbWdZYz4UZKGNEdD3+iAidjpTcp6SPdbdnlNeOn/OSToWkZ4Dn2qneAUk7mNu4v/79+9tPB7bTz/9ZNvt1kajUUunq83TVcmRTsv1n8pE6RhGZekciPJ7sp2iXDCG+cdnMBjY3d2dbTabZg5ye/EQAi9XQ3/jIajaKKSdTCa2Xq9ts9nsHQ2Q6rvnJnZYeWwYjyAdvhXbeAENxQ2RLol0aS5YxLyqjDCPGC+89PPXTtwvOhYq35yO8youNrPWAz5Q1F8puxDxrPV5Y6c8evWeep4o7tF+TeF48MkYKsVnxLtnv7X8Ukrp4OieZ3Orqmq9PFd1nqe/T00pHZ6S00ineBSV09Tz+CfERcyP9x3VlcOJ0TWv/lx5KpuwR7wDgevQnTKKU3T+e3PDw4+l17Q9pXazRJfUTzef/jvzoslTVa3VrM1ilF/mB++OGA6HNhqN7OrqqlnB2u/3bTgctlanrtdru7u7s/l8bnd3d62X2eKhBuNm6B9glO+++85ml5fNjqXRaGSLxaLll3fxX7voF6+PIp2Yu+aVewp9UtL2yPfT36fUb58/fz5ZWa+NPn/+/BZc/S0TGwEOGJUYMg8A4rqmjf7rvRJHVB0Z1K9bCprtOrLKQLckq/OIdHxOFMoFb1iNw6tBPMCO8jkQq/V6+RW8Rv2k4Bvf3m+vv7sowpQCPhQ05uQjBUpSxqWroUI/lThaOiYaXCgxppr+OYB3V8I8Y95SQDXqNy0zdZ+JZRzEoEr5qaqqFWDTwKtu9U7xD8dZjxmJArReOz0dk2sv6yhvBwGn498aWOS2eby9JOUcOZ3zvFqY9a+ZNYF2HNfALwjEmF9fX9vd3Z19+fKlCa7CXmw2m9aqFH5Q5zkeLGtZJ5PGSLe/R/LjAdcuoDfqx1Q+b056bTB72hlyd3dn2+3WhsNh4xCxM4ng3Hq9tsViYQ8PDzYcDu3q6mrPRvZ6vWYF8mKxaM7ERZ08l19adpm4rfrgKQqSql7QQJS3qwWUs2kpbOFhNfDJdUY657dCaLM+7GaCPuX/HiaL5l10Del1l5anZxinppzXU4xTpItStp7nL2NhtpdaFi9W8FZzHjq3T6UTPF2b80U4nfoH/II/BI6e6wgH8BSR19YSe5TDdHVdt1YzdpXPLnlK511JO7luPnrI7PFIIehGlMe4i3ElL0RIYUW2DRGmSBHPwcjX8357uibZN+AN9x8TPaX/5R7b6F71FHCu6/ox2Eq4GjoD9rOqHh/Y6vFCVVW1Hlbe3NzYu3fvbLFY2NevX5sHvIzLe71ec9QT+gbn6+PBLcbXzJqVrGb+MSweruPx8tIpefMnGo+o7uekEt+my/VDabvd2nw+Pzj/YDCw77//3qbTafKInUPo/v7ePn36ZJ8+fTq4jPl8btvttjku66XpLbh6BtKgpFn7SZw+3VFlngpU5BwMVVSRY8HBDT4OAGnAo2792O12dr/dNgYAL+FIGXHwoA4TCGCSgVRFBoWDrrzNTl+6pfXx2arcDnXMlddoXDiIHCFn/zgAACAASURBVK1ezYElvuY54coT92upE5ALPEUGLdWGiHhlDgMUlOO1hevX8+i8tqZATaq/s0DnBBQBaNzz+lfPPvLmL/dLynHFtUh+NB2PE+bHdrttzXessGKeWI+ZWXM2JEAzv9TOGy/uE9SLOrG1mR+Y8FtR+SGVPjCB/KncqHMGwAneWd/weaOeLobO4UA0ty81P6M5e4gsqlxxP3ggk2VJ7QHPW7URGH+02cyaIOpms7FPnz7Z/f19s6oI5W2322a1JPOAex4g83Rgqh81mB+BdS3D0+s5PVmib3nFLvJoMC2yMWZmk8mkOZZjPB43cxEODV40571sbrPZ2JcvX2w8HttwOGzqHo/HNpvN7Pb21r5+/dpaicKrflJ8Rf2QSleS1yNgI7yAS8cn6k8vnT6g1bGP2q7tUv2BPJ6u1q3amFeMq1K8dOmrY9JHfZhyalO4EnIV2bLod4RjS9uQwmgpmx+lyWElr6wU7mAbi+AE7KwG/82edAcf98EPVzwcyv4EB1m99p2CvD5TvtTeADccMsZaL+N/9Cl8D375VYQFIv1/CE9MKZzqYVqvbu5LDiwy7ymM5+mqQ/rd45nLVt3FMq5tYj6Wy2WDKfhdGjofWY4Ub1pVmTnz18NEEeX6Q+2Kdy+Vr4gwzo7+x/26ejxL1arHFauRDvZ44F1GSjo/cFzQ5eWlTaZTW69WzcPYzWZjm82meYAxHA6bBxuz2az5f39/3+AWXF+tVq0jCCK8FY2H4rcS8uaaR94Y53B5CS85HJlq06Fy15WOfYnVt99+a9fX1yfipk3D4dC+++47e3h4sK9fvx5czu3trb1///6EnB1Ob8HVExMbQn2izwqPz40pAaNcfhdeIlKQ5jkMumoLH36qpUCPnYyUY6J9xR/wxoYCYF77MAIEzAMHU/l/DmQxz2y81fCz8vSAlI6JBgi8NCkngevkPF45/DsHPCKHK8dHKo32BwOxVJCbr0UGU0F9iqfXQiW8op/YWUkB2FJnUYGot5pTVxilysM9BtqpdMqzgi7Mey4vJcMss3xPV0R4Tl+KN+VTg5OaNweacteOJR3X6D4T627dcqo6Hn02GAxss9nY58+frdfr2fX1dRM4QPDg3bt3dnl5afP53Pr9fnPuV+5Jd6oPPefRy8djewhA53JK6lEnk/sLedhusA3r9Xo2Go3s4eHB7u7umsA/xgQPAPityup073ZPZ9xut1sbj8f27bff2mQyscViYR8/frS6rpuXj9V13cIjr4XW63Wrn1K6DqTpItyR++3pTrWFXjqk5YdA0BUI+PCLtzTYkXMCS6hrGVEbcvlVj6KvGceU6P8I16TsTDQXOZ9ns7hOXD9GJ3g8pOzsdDptdCPkG3NfdQLkFrKkDxChjzkgpcGpkjF4Lurio5SS9luv93RMCo4K4JdfKR8puTiUUjLQtRzm7ZhyS3B0RJ4fhW/GZ2a291AF9girGdnWmVlWX0QYtuH98aK70hP3c2N5zP1Tz6vkWNR1E1htXeb7lvfpWvkCv/vxVm1W1zYajWw8HpvZ0yrH+Xxu6/Xa1uu19Xo9u7q6spubmwYLIojK5fEiiVJZPrXOSNn3CFOmbP2xdKyeOQUds2rVzJoH+D///LP961//OglPoH/7t3+zyWTSvAztUJrP52/B1d8yceBID3dmcOQFl6IJrgoR16L69b4aMl5ZoasOYQj13BV1INhB5+AZKy3Oo4FcBZXMLwNmXR0E4v7TPoLy1C2QfE+dXyZvPDg4g4/3oi0l7k8FGdr/3JacslfeI+dEQVIEory6So2PyhfLEl/nrT28ItGrj8vyiMfxtVLk0IJ4RQavcmJAzPIfAQIuO5JDnosoV+eEOqq8arOknz1Qow7uHnCu9l92wOStrvTapcEn7Q8vn8qn3me+UV4E2Ly8h1zrQlHAgHWSygvbJ2/+IS+P+cXFRXM8AFYw8AutBoNB8yKFP/zhD1bXtc3ncxsMBtbv9221WiUDrJ7+jPQCjwUH0lOU06FKuUBMidOg8s3BQLyYarFY2Hq9bm2n05dUIS0Ha3B9NBrZxcWFXV5e2mw2s16vZ58/f7YvX74046Tz91Q681R6V/GAmeNcS1/rdmkPH4FS+jBl+9m+QAfxykPOiwA3Aj3R3Eq1PyVPqb7OyWqONL/ywfaa/zNfOTudq1/TKZ7g3yVY2fuv5ZQ69J4tSaWFnuQXMrFd5RXWvGuL8SwH5RU7a1+/BAbycAjLsWdzSuaCV3ZUptn+SlZ+Ia+3ei/CAinK+VnKk5few/bcJ6fAst6YlGJ77V+vbehrHeu6rpugKvtaON6GX4jMGNNrf45/BFnN2sHGXK/VZnvBSr1vB/Z9Tjd3pmo/sGpmzcusUuW64+3oyT08+0uduD4cDu2bb76xq6sru7u7a1YTXl9f23g8ts1mY3X9eEQAL34ya/spno+emied2lVAXr5I1g6lrmNcUtepsdput/tNvshKabFY7K3+fyl6C66egTDZ2KDAeHlP2dXQRgGTCISmnGsuj695RwFAGXIQUEGcBmaYBzac3CZ8eNtw5KhoOcqD9qn2T0qZan7mJeXYK8/oO03nOVMAfnp2IfJiWzUHab0xzFEUfPD6KMqn7fFAoCdTWp6CWq8v2QB77fbKiXjMpdH2nJNKDC0DVW9LqQZCcF23xncFBzA6+uZt9LUXqAKP7KwgPcuHPsRItT2SIS8fzz3Nr9dUJ3gyWioX0fzPOU6l8vXczrCS6gNdkcLOPH4jwMpb1tEvCLbirZ1mT7p2vV43qydT5DnV3jWvLfyNfCV5tK4S8hzjFL+s46qqsuFwaMPh0LbbbfMSCPQhnBTMNwaKw+Gw2YLHq18x//gtwbiHFV1qzw8JMnTtq9KyObAcUWTrS/Px7yjIoNiD6+RgGK7zdmS246qHmBT0s+7y6BD7nysncmq9vvJ+M05L9W+JLfTmbISDo77y+MvVX5ImqsMj5ZmxC8sqzkLmoKonfxpQVbzN3ymeStt3DJXUE9nXFH5LYXnF81X1dM6krmRVXN6FDuk/xStajtoPrsu1gY+Z9njy5nSJfud7kS7wvnVHELAqn4c6HA6bRTlavo5Dah5zf4T/UUYmH/rvXIirk4ygTw8suyRf6XxspaF+xD3Yuuvra5tMJs2LMXFMgJk1c4wfHrNvp99em1KUks+uc1rlPvI3+LvUnyttU6pOr/5T+Qn/FwKroMVi8SpebPUWXD0DqeHnlZmeAY0meuSkaT05XjQPgzVWIvokndvBwFbBgwJaBcAKipGeg0vKMwdqdGudBuZwTYG/9pMHZEuUKJfJK4754231R2AVwVXm02tnqm7+n0uvjmcqGMeGxlPskWxyH6Zk0gWLdXuFZETeyla0MUeeHPD1lyKWW8gGg1eWYc2nACV6OpcaL87DDwiw2krTIj0HYnHfe5gQgYec3EYAxRtDL4/qV2/7JZPnYGj7Pbnt8j/i9dTyl5oPqX5lXcrBci2zrusmoMfn85q1g7Eoc7lctt5Oz2e3Hto+b2zU9uAe5yuhHOD15EDvR/KF9LAbmPPY0m/WdkbQn7ziDWfbDodDu7y8tOVyaavVyu7v75sAN45lQJBBx4T7LdXuQ/vrGEqtHo+2/qcocsgUo7CNSGEUT+chgKPnPXp4SL8VhzC+OYQOHY+Ip1x6/I7wU8ohVopwh97j6xE/3JYSKsUREd/6G9+YhzhDGGetIrCq/c0ypcHU1GrVnN4vSXcodS0zhQ34/iH+DdLxKlZ880rW0t03pe2J+MxhCw/TR35IXdetF1qV8lXiT6huisizhQ8PD82ZnGbW7F4xawdhkZ/HyCs3xS/f7zq3uf9yVNftQC3nSPV8quQ6c/8QW9YqP+jDPflCWaJLakqDfJwX4zX4JWi+Wq3s48ePdnl5aZeXlw3Ogx8DW5jCQ6VU2jfH2L+UHj+mbI+88qN7rfE5AQ/Y7fR/gdbr9Vtw9bdMHNjCf3b+o6CBdy0FGD3D7hlNDjowiGO+NNipwQuuMwV0lT/+cF3RyxAiMKlHKaTa6/UNB41z46Dp9Dr/97Zro30AekjLgXaseCkhz1ipIvacpRKH1Ot3bnvKqfLK0t887pER4XK7Gs3UuEeg/jnIA6Vo38XFRfOUH7LgbYv1+gJpve0POWcKzoauYOWV0ygD/PAb33Ucte6UXESyo/KhMqGk8ug51p4cevWnZKNUP3ctwxufU8io6lJPj3Nd6C9+4Y4efcLp+UVnPF6cDnZlOBw2W95xtmgp78pjqm8iXRH1hVdXV0o5w+qkqB5GoBSOKQKhnB5bKZmwarWua7u9vbXVamV1XTeB2rp+OsKD+wPXUrsJzkFdyk9hHm9+e+MX6U0tT+e+YgB+CKppdHWqF1BlW8+kuh2/2RGN5miuz7rKc9Svp6DSucZ9Hunk3LyPsF/KNuX6NSKPx5TOYZupD1WQV3cG8M4uTzY9u+m15RjZKKHcXAMPJek4vebz6kzxg74EsT7E3D11kFVJx6RE3rSvUrinBNumxiNnt3KEB3r8dni1VSV6LGevo3RKuXmfqzeVtvX/QHnRXj0Eh6Twtle2O4cw/poX8656OorAW1DRqyqr+n27vLy09Xpty+XSNptN88AXuo13sLFty/kl3KYucydqd8oP8a6V2JxjyCs/9ZuDqqfgabVaHV3Gr4VeS1vfgqtnoAi04n/q/KQu5IFTVUjKQ123t+cjDW9TZodB2wQA47WN6+f6PAeEA7mR4vEcQu+68sVpFIyw8o/6U9sUGXAF+LzSz3vjK7eby1OwlzLyKYCkedSxZ/5zTmbUH1H+1PhH5eXK9niKgGMX6mrkT025wDvXnwMJ6pznZIKDuKyHwBecQj4nC9e8wEHk2Hi8Rud1cb8wTwzyvLZwGg7ecX2pvoicbU+WvWs5uTsHUMvV78mM9ofqd9bN6HteiaB5sRJrMBi03oC92Wzs4uLCJpNJA8BxPldKlj0qCZZE7eX5cOwYRPMp5bQxb9C9mO+YJ9i2Op1OW1vJvSBcVVU2mUys3+/ber1uVsbBoeGAKo9lVVXNinR9wFbSN6eW36g8z96V6LRU8CblxPIRKLivu4vMrFkNzKtT+Sgltqtenap/vABKqbOdcrC72CnFBSk5KNWDOkb8ADyy6dE1bheT9rM35qn8h8hyqmzmXXEW5qYG6vEAU7f9e6tUmWeuI4XJSvk/BaXmXkomS7BrRJFMsN5TucR1nP3Nc5oD4KemXB9E8z/Sd5G9Uxvu1a1ydEgb7u/vm90SPcKujCU9nnKYX3n0/nfRTzk6h1weUrdn8yJSPVni92n+1rWqaq/KrR9X9+7gp/b77SMXBFfgRXIItOPBUV0/7lLiIwOYf+YxNWaRLOTGJodvTmETcvWWUtbmOX72MVS6iOu3QK+lrW/B1TMSKwU4QHCs1BhGSjM3cT3FpYabAzF6BhF4SwUyono9gM3AQctSZ9Nzgj3e+Qkap8MKPDYo6thGTiu3Q/nWe9rXWh+Xz+3T7Z7abgXRXjuYX+0vLx/+p1ZBmu0HslKAyAP2yoNHHiDEt66QZv5QrgeauxqbQ4yTNy5d8qYcPwYo3qrVkvmuMlcKmjmtd2awmbVewAcZ0QANz2veuqxbzJG2rp9W2OlcK3FCNHgEUM+yizRoF889vHSJz6rUp+par/c7SpPq71NTCkBq3+d4QV/inDr0EwdH9GEb+nq32zVPiP/zP//TPn78aMvl0r799lsbDAa2XC6trusmsFpKpY6UttFrt6dXPMcj1Ucef6wPPRvBssfnkOGlX3y8DZwTTstl8kON4XDYAo48n5gvbpeuKmJKObeHUGqupPo29dBGr3lyrTIaHTXEadAvmh7BFz6z0TtH1QtWe/zrbw0SejiN83h4JrIxfC0n5ylb49l/pQhLmbWPm1Fb6tnx1Dz1+jjSbTk8EvGtFOkJ3e4KOWC8x9d4DnPglIP1upI1RxF2jNpRWt6pKcJOufq6yGRkCzxZU9wFXMMPT0p1YApXRzIa+RJenZFOoEqegl9OXuYD16K+YmL7w9iS3xbPR1uovfLa5GEUzpPSU1yGdz9Keyhmi3RDab6oTtbdSF+C29lmldaX4q/h5fFiOEfr3e7puIBf0ja6jNozHA4bHPj582fbbDb27t07+/bbbxu8U9f13rms0HWM47nNzLdn37rM05RN7VJWqg6Uk5I9pGH5j/g4JX+g7XZ7knJ+DfRa2voWXH1mUmfAA6BIV1peTiFVVdXadqT5PQDk8aLG2nNovRUGrHiidnlplXQVVUkfeVv2SyjnDHDwgflncK1t08BqCkxHfRABuhSYjYySjmcki/hfCnI8QKV5dfuxBvxxzeO1C+UMXkn+U6Zl5xiywm3twiuX1UXGIycUZTDo4TkH0I380Wo4DxBx+zw+WRYgH0jLQIx1T10/va10vV7vlcHl6m/lWf9zAAx88/drpK56zpNFs3aA2utT3MNKyp9//tn6/b598803Vte1ffz4sTmblYPgh/LJ5DlxpeV1sampeykda/YUEK2qx8D+aDSy0WjUBPe1L3T1OH/vdo8vj5jP560AzsPDQ3NMwLFgPOWkn6qMVHmRU5sqn2UW93j1KedTucV97ksEUzmo6gUlIvvr/da2qS1OOc05ex5hRY+/SCcrD1qX8uDx59mtCEeUypnXzykZSelmzue1N4dzUsQr0nmBApelq505kHeITXkt9sfDdNFYdfFrjrENqToUs2Pc8GJB3upeUnZqfuk19Wki/OPx7F2rqsrMqT/qO52rurCFA6lc1sPDg63Xa3t4eGgeAOp8iuZQCaX0T9SOEvlhypWp+fbsqT0GGCPfRymFDVK8aP2lfHchnY/e/6qqklvS9X+v9/jiTDOz+Xxu//M//2M//vijXV9f2/X1tc1ms+ZFc7CtVVU1q8g9jBgdY5SaP1EbS+hYbN9VLtEW7mev/shPO4TOtUL/NdJraetbcPWZCcbMW3XipdVPVGYUVEAeBXmokx2SCCCpU8DfyoOSpzCic/1SisQDCF4/eP89Z4T7yXPWPd6VT6+PcuPEK5hRN59nyTxF8hHVE/GlaTyDn3pyHxlYT+68PNrH3CYNXmkbU2DJy+dRV4Or/J4K3CgP3H7dol9apyfHUV7c15Ua+q0rRc2seTkElwX+U8daqIOh+SM++WgADwxi/qxWq2YrUlVVtl6vm3zKg1d/BDgPAWkvQalx93Sb6nqdi6qLIv1t9uSkfv78uQHYm83GdrudDQaDRjY8igC+tqNUJ3HbUnWVzBOvXP2tZeK36jW86GO329lyuWzS8So3s/aqIeURK8fv7u7s8vLS3n/7rf3jxx9ttVo1W/A8G5fqq+jeqeS9Szkl46A2z/sdjQ0/JGD7U9d14/AhuKJbhfUBQymvHu/MG/NQ2icldafwWSqt4j8vH5fJQVWvHepMRvokhdk8ve1RVGaqLSXlaF5ekco7kTwMw7vEdAv6IU5zyRw+JU6JKMKT0f9U2ohOibk8frl8BIewe+MU5M2n0jng2euofNxvdH9VWXQQkmev6vop2I/r7J/ghYu8Kyni9xCKsIlXfqnuTR0FlZvfz0mMo/iambWCbqU6sAt5dpJ/96r4aD38Z356vZ5Np1ObzWY2n89tuVzaw8ODff361cbjsV1dXdnV1ZWNx2MbDoetOQi8CF0Km6x4iMc1ZzNzutK7n8uT86lK9PNe3YH/VcJTV3rtfswp6bW09S24+kLURVl2TauOhNlT8IadZ4BFXt2ZcgyYUHa0sosDJAq0dXuwOj1cvnc+mudU6WrRFG8pSilf7546cLjGaRVgwYigXbz1k8uNlHrkZHr3tQ36HcmLlufl17q88iPS/qmq/bdb50gDCqemroAmNV4Rn7h+6BlgOha5tJA7L4ighCfICuY92eZ7/A3dEjkuOje88/qYd60XqwH5/NpUPdofCuRVJ3H7W47MK6bUeOEa/2aboO307l1cPMKGh4cHGwwGDUDGSoThcNgKrPZ6vWbFgufsenylrnltjfSgjukhlNPDqAdnKuL8sV6vZ5PJxMzM7u7u7P7+vuW8sqxzXV5AD07Jer22q9nMHr7/3v71r3/tHY2jcyZqT8m1Lv1zTFm5cWFZ9lbLo86Wg0hBMB0jXanK27Q5j9m+XkzxqvNO76XsY2peHEKeLvPmh5cvxbcnXzk5i/rM66toLkf8RWWl9EEJKU+MlVVGzJ6CqegjXsiA+6n+OoVNyfX3seTJqNpPDwNw/lJ81wUHephc77EvoH4J3o+QOkKFy9XvHM5VjJMrX/Okym3Ztrq2Xa+XfDu92f6LhnANtsfbus36JGp7iQzzHEzpSJ2rJfgrh7NPPS88OdP/kU1O+VmVc+0clMJbjUz9IlegCDPjw3ry/v7e5vO5LRYL+/TpUxOAvby8bFazmj2dRQ0sGu3s9epnyo3xITilxFaX5PfKi+xpVx7f6HXSW3D1xJRSmql0argUZHYB3+pwwFDq9kM9G6qkbbq6zjvD0Cy/EhIKNeJfFQ94ZqDLTpQXXPXOcumirEr6GL890MF9gjTetsSc8xHxpeCqq9JnWWCwFtUfKX+t2zMaHqDiPkrlT7WhlE7t8Hch7VNtn57tF4EEHh9PBnLOFc9f7xxBBtpm1qw+5PqjdvE1D3jn+pN5Z0cIgI11BpeFs1w3m03rvFjP4fL6SNPr/RSAfg3E8tRFZqM5p/LpyYf3PzpjUB3WQ52cQ/reG+tSx57zefcgl9pfHDBFwH+1Wtl6vW62VprtH5OBfuIyuc66rm00Gtn9/b2t12u7ubmxXq9nHz58MLP9nRwp21tyrYRO7Qx44+RhIq5LZRIv12C9iPMV9Y3huuKecUVK13lOfM5ues4Up9d2qa7n44dyfVyKW1J5I/td2m5vDvGY8L09hz7THk83RZhZ53wJ1vL40pXmjC/1/FTv4SXznbObHpXY0pcKxHiUak8OpxxCEe5APV7/4bou4NC8uetd23HM/PX4aKXf7R4DYg5vjKd4njDu2+12raMutC4vX8hLhm8vX13X7rZ0lafazA0iqw7xcNypKKXTQd7RZil+9Ppz4U/FkY1f93jzqf7qMdiasv0YA8aEm83G1uu13d7e2nQ6tfF4bNPptPExeC7yiwBZ5zKfEand8u7n8nepo3R81IaW2tRTjXmXuflrp3PawS70Flx9BoqAJr7V6Y/AIpfF/yPAbvZkMBnsQWHpy0s0r9aj57ay4ks5Pp4x9pSLAmPmR4Op+tHVO1xnBHI9KlG82k9qAMzaQAVOG4wGK1c41hoIVgCofcLpPGeD73njoAqe+7KL08ztSOWN8us5ul5dp3T+z00lThCcfQSW8RIVXiWJcrz5qfV5Mp9K763wVDkCj2ZPL7mK5Il1jZbHAVEFyjmHkueQBoOVd68NOhYpferNS8xrnS+vxXiDcvrBk4uUXtEyvXJ5VQsC3EwahOAHOEoR3zmeuH2eU+LNxRLwnKM9R4/mKsru9Z5eFIYXf+kqaC0H93EMAMq9v79vVgP3eo8vwer1enZ9fW0//fTTnlym7K7XlkP74FTkjZ3qFj2qhOvnlWcIaEN/IZi63W5bL69B2fxiq1IeUzoQ9zWtZwNL6tQ5nCKv/BR+9Jw7dQBTdaX4iuZY6rgWTw94pGXoriHFaJH+U371eqT38JsxMa+GjMbba1OJHYz4yV0/FaXKT/WXWT7Imio7ZZ+6UDRfVWeW6LSSvoj6RO/rXMthuMgvKOGZP7waldNwoCsq45Sk7VGMuJf+KWP7v5TZoqpqgrCl+jbXrxz81fxRPRFO8XQvl/GcPkxuLpvZY7sd/Qr7imse9oY/gNWsnz9/bnY6XV5e2mg0aulSPCiFbWcf+omdvI5N2TS+lpK9iErSpuxCiteuvKSIj/w6lt69e2ez2ewkZYFwvNUpKLWD8TnpLbj6AsRGjt+sGgUAQNFE9O6hHj1rlY2rp0yjyQwgifIY1KoiSBl+z/GLgiAg3tqnIIHLqqqqMabqRGtfHQIUuDwFBbrajvNERoF5U+efy07xw/m8IEYEUJFeAxaaxvuvZfPTRs2nwDGSWd2CFK18PlUw4BigWApsI2cXjj/3H4MKbxxKHJdSnpAHMsuOIeS1ruvmTeYXFxe23W5DHYHrunod10pWx6s+AC8qWzpPeDUftysVaEg5qR64OYdj8RoIbVQ9znOQH37wOEN2cD6WpvNkwaNDHW/k9XSU5ot0aylfqfFnWeWyofPX63VzHIA3x+q6bvpPV6+bWeNU4AHMeDxu9CQfCZCzt6ekU5fpjQ+us85Uu6oBVfTDer1uzlDFQyyWZdUnKR2awysRqTPFDmYOd3n3U7bZ4z9qV865i64pefqY70VzrWvbtE5Ph0fXMLe8+ZHjSclzkBmnROepehjPa2uE03J86b1Tzs3SOvm/N6aRrJZSqS2I8nnjr7v4jsWDER8p3g/R27m+8HwUzasPqmCPuK/Uh4gWP2gbUhjf41XTRXIVUcuPerr4VGb9uBI2Ny8iPRb6UdV+0DaSA69tnmxG+tor8zmoZOwgO2b7LzfUY8W4vcA7wEej0cjG4/Heg3qch15Vj7tSBoNBc75/Ca+l+vAcOClVbondPSVPeKHYsVRVVetIh1PSqdp7Dt4Oobfg6jNSFAwpMSDRt2fcmLzAjQb7IiPP5XsH86vDUaL8o6cKULzeylQGyV6/eCvm+MPpPaOlfHA6/Y82wOFj3rUOfZOst6WM28Bt7NKfCva5z7Ttei9SuNwG8JcCzJ4Meo5pivTJGvKVPnErdaBS+dTp5rOokDYHOlL31Qnj8/88R8s7H6ukHdF9rHxD0JLbxteQnleectvAP+RDV7SDuN+UFy6PZRWBI3ZcOeAHB6GqqhbwYr48PcjtjIBzygGO+pTpUAB8CudOHSINcmiaFJiPdBqD6SgwoHV69ZW02etbrwyvLm/Mon4ya+t0yLW3bdDkMQAAIABJREFUukd1PjsOKA9Bv7qum5eC6IOsuq5b59DiN+Yj5qI6wpDjzWZjg8HA3fWA9qSAfam8Rf1Y6kB3IQ5Aa7kcvFe7iv7jVarY+s+yBx1RQjlHJ+q/CHtovgjL6PxDOrbDnsxxHuYj4iknAyne8Ttqo+qDLvM/6mfFhJqGr+tv/o5sVIQbo//eStWoDVFb9X5uHqVk7jkpGjfWh5Gd8fKlytXyvf/RXOoqr1E/RjgyxW8Os+UwZaRjdXdEVK4GS7fbrdV1bePxuNVvutCmxOZqfSny5FrlBNdSZUR1tuzw08UmHVL2zNorXQknRrrU46ELTuPyFUN5epr/d8VK56DS+VhVVRMo1eP5vHnH+eraP6JM9TN07nq9tu122wRaFR+xP8x1s6xF314bS/sjlV/tRK7+CAMdQ12wz6+dXktbXwcX/4coMu78icCLN+FUaTPxSlMPtKvii8rnsrQur+6oDezwKUiBUvaCqJ4BVEUVBXw9YFxCHg9e/zDv6rhE7fJWO5TwUgL+uH5vHCOg48keGyxeneYZSh1XLacrleSJ5Kwref1XsvIuBUi961oHAojeW6oPMeS5PAg86AHyyMtvPmaQpCtqPZ2D/KlAuKc7eE5gvrBM6gt7tG+Rzlvhqv3vybHniJeCrddCJY55ijzZ8eY4p43me2QPorK8tpTw14VS+bXvShxJLU/taVU9Pt3f7XbNi6xY9hAg5YcGZtbkqarHF1hdXFzYcDhsyhsMBnZxcWHz+dwGg4ENh8Nm54s3fofKRC6fZ1eOIfQdAsxe0ABzm7cImj3ptM1mY5vNZs+W6ZbxlNOSwj/Iz9+cphRjqNMX1Wv2FEhWhzXiz3PmIie+1Lal2lGSVx1lniMl9arD7enrKG3Ujui+YqHoY9be7ZHrjxxF+N1r26npEN2a8lHOGQSKfA++5pGH5bxx9ygna8eQPiiBLeAHbXzdw+j4rTvj8NCej0cZj8c2mUwa3OfZ7lJZPFbvl/RfCpOUlJfTNV14yVHEGz/IRxoOJka7B7m0ymId0UWnn4K8sd/tHt95AL/C8z9Lyg1uWK/aD9BiZwpwEL8kmtPx3CmhnO3O8Rva4yCd1ncuH2M8Htvt7e1Zyn5tNB6PX5oFM3sLrr4YKehUAKfKKQJybDy0PBhYOGDsmJQaLi2nrutkIDQFvLx0fOZZ5EhoX0XAltN6jkbKoWLKgS0P3ECx8zXtJzamynOKN3Xe+boHwLz86Df+Dx4RgNf2oU1cvhc88/q/hM5lSErI63Ptb3VOo3zR+EVpzZ4AiZk1K0lT4LmUUmByOBw2Y83n/3qByZS8RU4OZOnQcfXq4mNI+DxFXomKfGgDbwHmceQVhaorVG8oX6+VUs4Q65ZU+1KU0uW5OlP8RvlTPJzSeVBdFfGVmsPKGzvJFxcXtlwubbFYNA8ddFUF6wIEVi8uLlp9uFgsrNfrNWeuIoA4HA6bByXeW65z/X+snEf2/BCKsIiuUuWHkt4LqvhoGcU5EX7y2pObJ6wHU9jCK1/5KOWJMQTnZVlRXo4Zk0NI5+mhgSlup84vTaP6Te+leIxkAzLm/fYw5zH0GmxLCrM/p/yk7EouXVccr2Wk6iyR15Jx9NLwA+ztdtvoLg8HejKvGAh6EfqQj5rBqlXVdSn8egiV9EcOk+TGNqpXSVdRat1ch6c3S9rh6QL1uXCfFyl5Oq7X61nV65lxvYU+Vcl8jWxtKXnzBr5MXT+ekwpMojvEIl5UXzfpq/bRC1wO5ggwEG9VZ3sYyVhOj+fwTUpnumV0wAqpMg8l7yiFrnR3d9ccS3UO2m63dnd3d3Q5p2jrKegtuPpC5AFABchQXAqelbyJzqtWWcl5yi4FTPRYAXV8tH6vbH06p0HZlCFLKWfuM/z2HCrwENXhtTvndCtv3hEBet5X5JB5chA58F77+b4q92isvTqUJw5kMZBTwMByGvGcM16l905FOpfU2eLt5xzgSx1rEV3XPkdwAHn4nEVvvEqcDZbbqP9gdBDU1fIRZGWeOA2266Nd0Tb7HOn8YgDkrTLh/uft2pyOnRIOtOgYp7bAHQp+Xpq8uasAk9N6+bUsTycdQ6dw1M/l7POc8XRtqS7Gddxbr9dW13WzwlT7FfLIMomV2nX9eHboaDSyr1+/2t3dXfOW3ZubGxsOh/bp06esk1pKJU5kSRmHjA/3DQdF8R86OAocmD32JV7IovjikLYpDuC0ijlKHDHP6Uo55R5WYH2LduN/VFbUtkMowkL6O6dvIn5YlrUctbteuuh31AaQBlI5ABJhtl87pTD3S1OETVPpkY7z4PsYO5ayl13lXMtQu6PYhB8Sc57BYNDyq9jX08U0rFMvLi5Cvys6ksujrvo055fo/NcyUrx4PlnkV6X4Ten0nB/l6V6+xzqF+VR71+Qr2DV36LzNjU0qn9fXyI/gqurkVN+xjYV+r6qqFVTV+rhM9k/xQmAswDCzFjbwxiiyw83345+99OAv1TbNn7Idqr9S2OJQmk6nR5fx888/22azSb7MajKZhC+nWiwWzUvPlB4eHuzz588t3/RQOkVbT0FvwdUXIHVgVRl5yp7voQwuj397AFFXPnj8MEWGAUpNz6SLFCuDADPbW2XDgRnUocFg7gPm2VOaXnkljocq7hyYY2fHbP8JKZdT109nV0Z9mgMzkVOP8vl+qUJmY8+GSuUFPOs15oG/mecSAxGBqnNSNPbMz3A4tPF4bLvdzlar1d7ZQJ5x9chrGwdYdQw9Hg9pl5K3QpblmFe0shwoGDKzZBCDdUHUthKedR6xDHI9IARd1FFQsM3tY1613l8DlfZ1yfxSHZLrkwhwp8rOpSvJe2oq5U11vt5D3n6/35xBBrCPuaUPJMyebMdkMmm2ctb14yqQ2Wxml5eX9s9//tPqurbLy0urqsq+fPliX79+dV8kmOK/y/XcvVMRYwo+ZxY6ElsO9bx33fKvNtKT16h+757qNg+beekVu3n2kctFPn1IxTqKj0fRh9Wpo1g88mxfLr2nI7uUoRQ56vw7NS81TYo//Fd8ApuiiwdSO6OOJZ2j59ZtTCm7UJr+JSin1zhdDpsdirEOlf0UDxpswzV92ISXisJOLJfL1pvZFcsgLS9+KeE1xXNpP3XVsVG9x+gXLz0vUgKfjJlcH+bxglsH59HFJp5PymMAPe4GVh3cpfXy97F6uJRS+to73zzl06pfyLjIzKyi+lKYBX3F/gtwEx/D5Olx/d38f7y4l07llzF3VVV7L1NjPrUsvRf9PyX1ej2bTqe2WCyOKuf29jY8XmA4HNqf/vQn915dP66q//HHH4+qP0fT6fRsK2u70ltw9YUIk5ODFDnwrtd0giONgkZWdjnQymVEDg1v3Vde1TnwArypc1W9AE0ucOD1T+TgcHsjo8aGV8tPGQ0dR5BuUeanzOgXDgR7ilyNs2ccuF3aF15ZXZxxTuuNR4njru14Dsc9Is9xRtv6/b4NBgMbj8c2Ho+bgMdyuXTlqBS8RvPMk+tDHIocMf/qyKts838Gpt4DAQ6GaHtLHVNvvuM6zwneBq1zjF8KFm0JjnTKa5HLQyk3D3P5UjZBbQzX08Vxy4Ht5ySvvZ6+ZztX2kYEUzebTWu1N2QSK4h4xcVoNLKLiwubTqe2XC5tPp/b9fW1mT0Cxm+++cYGg4FdXl7ax48fbT6fm5k1xwh0sY2564eMxTGO3Wg0avqFV6jqdn/FDp69Vl3u2R9vrCPdrP8jbKZp8F+/c7Ie2UveSspzLhVYjdp4qI7wfqfG3bvn6ZsIC2padd69tGaxTMN+8TilVqlGZXUhb16m/p9aD5bOy0P0d2oMjqWUPkvN3RQmVbmJ/AOv7Jy8pviKfA+ez9B1OGd7OBxar9+3Pj10gryuVqtm3rNe1LPpdaW76kaPZ4/fEpnsgkM9PJFK24VSelvT5X57/7UOrz69Dp+C/WZc0wBuVVVmkBGL25/TKREdYgOisYL9Wa/Xza43tMvMf8eKN0dw7A9f0/mRsjtcB6/a1gCrZ4+bz+OFcFyjld0pvaB16TWvP06FxzyazWZHB1dTdHNz0xzNoFRVlU0mE5tMJrZcLs/GQ2pV7XPTW3D1GYkdAPxnw+id7aT5SpSqAklOFxlWVVZ6Xg/SwNBDsWodkZOibfUAMreV+eO2eIrVM6ZdSZV5zlFivmEgGMzo00wQB1YRtPPa7fWjWfvsNQ7IwgFVygEllSuVDe3raPWqV6d3P+fYloK5UxA7rv1+30ajkY3H42Ys8TbKfr/fgF+8dZXzd6UuoPLU4JafMGMsOfgDWdKyde6pYx85yKW8cXp9mIOD61GWynrK2fZkVR0Pbqe257lk8VCKnMkUmO3iCHll6PXSsqL0uT4+l07I2cZUu1J5zazRFThLFboE257wwiqee1ihORwObTAYWFVVNpvNbL1e28PDg00mk0Y3bTabJijJjvah9o/b9NwE7IOXUuFlFWZPc5W/wauOET+kVP2Uo0jGFEd56T3MpjbCw0acNhXw4Pteu1OyGmHGLjogciAjvBc54qmyzPzzEXO6Xb/VIWeMhLHUVaq4rzuduE0RzykM7fVJDr930cvH0iHjn7t3DP8q/znsGpFnEz29XmrjS2Q3uuZd5/J4td1kMrHxeNzysZQ3POhGMIrfWYFvxlFcN2S/y8quUuxZmhbURaa0Lu0X9a8afsysFh+V80T+pKaL+MjpCcbZe6tU8R34WSl7EfHzXLpDeQWmAUaHHU7NWehmyLK385P/e23z+gkPszGnIn3d8vEfL7g+v+f/R7Yp8pm9+nN0Dix2dXVlHz58OHm5oPV6bavVKpRDnI97Trq6ujpr+V3oLbj6jOQpDCgi7ymPl4/zekqHz99hpwsK3gMZXK+CUFD0kgh+yZUqGA8M64fzcf2pfkg5MSX9l6MUyPOc6uZJc+/p5VC86pfbpmcjafA6AgElbVHF7zmXOWdAnVeVEw18RbyXAlet+xiAlgPnHj8IrF5dXdnl5WXzdm52Zs0et+z2ej1br9fN26lxL3WOp1e3yrlHXcCSOpQpQMg6QXnCf2/+KVDh8037/b5tt9smCO21oWRso/scNEqtXPPK4nx1XTdbtqO6j9EV5wa33ljxHPRWtKfKOpTfCOjqvUgneOXleE3lS9WRsimRLWSblaqb03O/M8CHzeWxeXh4sOVyaf1+v3nJyMXFhd3e3lpd180TfsxRPOhBMBVOuecksx5I8Z+795yEba5sN9En3H+pIIWZb5sjh8eTOcU/6mx5dbWcNLKXKR3c5XrORmuaXH6VVU3jlaX9nKozSpMqQ695/z0cqaRj5R2PpQsCSvRlSf9G+SOZ7UI5Xd2lzJK0KZuWkwHFOCpv3q6Tc1A07/m3yl9K9nPX9H5qzNg/w9FT4/G4eQAH/rjfWAfi98XFxV5btA+4DJX7rni7Kx1adk5H6v3WnK/r1pml8LXM9jFvFz5TeVAXr0pVXVVVlVW93t5ZopF8pXBKiZ7xKKebu9gg9nXv7++t1+s1Z8ubWbMLhWUzOq5rNBq1Fjt4tl75iWwy6xjwpThpT1fX+w/W1KYrz/xfcYbOxxKb76XJYfiuNBgMbDabNbueTk1fvnyxL1++nKXsEprNZuHK2Zegt+DqM5Nn1KPzQVLOBAws/ueUggJUr1zkV1DK9eE3g1WuV8vVOlnZ6TYWOI3qHLJC9xyZU5PXf7jO3+BpOBw2LwvytlBzmdy3HHz1eDCLjWZKYXvOZUSlRsBzVL0xigBABAhyBuYQKgELfK7h1dWVXV1d2WAwaFaGYazg6GMl2cXFha3XazOz5tyrY+XwEGf8EEIgWecY1886BfV7esPL4wWZI53TlTAeEX/Km5KCSXZY+IiEQ/v7HHqolCLAp3Yh5UR2kWHVA8fIbs5Zj3g7V3+X8KPE/GEO4DzlyWRidb3/wof7+/vmYQ62ecJefP361a6vr202m9nt7a19/PjRfvjhBxsOh3Z/f2/9ft+++eabZpWAN+e0DecOZpRQ1J+r1ao50gN9hLMGozOWtaxc+zyZ5fnhrXD0yvWcMM4X8XLO/k/Jac4O5xzuQ+ZdKq/W4aVRZzgKVmh7GEt52/8VO3rYw3PaD6FT6qtT6LqU/VbSfskFOlLXuuCA1BzJ4eFUvhJdkVvNGclqxBt+48Ez5Bo71nq9nt3c3NhoNGoWZqTsuMeLYhcz/2xREB5c8S6gY+mcei2nRyMdzCt2Me+9VfFdKDWfVSeV6Dlcj/yi3LxKXXsOgg+FXSbqS0Ce4e/zNbavFxcXzUMF+P/R6uqSPmXy9L3aac/Wp+wDfh/jK+TonHPq5ubmbMHVl6abm5uXZqFFb8HVFyIFHayEIoDHStx7uuMByJzi57I1+Mc88upXToe2cH1arge2vaMBOD0rOgSFzKy1Ilfbl1O2OacTBoMp5zTBCeS8uooXefktx3yeHPd/jlLOkZcmAoA6XimgmHPQlH+PR699XFcXg1LqTGpb9Vq/37fLy0u7ubmxyWTSemrqBb4RfAUQWK1WrZdEeU9IVeYObfMpiHlEn+D/er1u5ri+iZrz6EMgENrJ+Q8BIZEzxGOoZxtDvgCq9XgDTcerV7XslxiXY0gdMM9+RI6Bpw+j/1yf0ksB/BKKggOe7sN1vZYjtV2QrcvLS5vNZrZcLu3+/t5Go1FzrMi7d++s3+/bly9fbDgcto4OwEpVvBTr9va2OZN1MBjY3d1dY4uxYvyldcuxhLNjzZ4ewHrn3R4S7FHdYeYH4jStV0bq/q+FSuZ9Kk2qvFwZuXupYJLmU4zofXsO86FjGGGLHPZ8Sf3Yha+o/bk5p2WmgkbnmCeH6GxPJ3gU+U2lcwJHw9R13bwUdTab2bt371q7gVheS+RJg1loE8ri/6Ddrn0uvebvSil5Kcmb811Sc7Su/e3cjAtBvGvT8wWa8hJy3kmXVVW4QjXCzV3mmMfTc5DHIx6M9vv9VlAbvoIuhgBOxwMGrNjmBRpdjvNhinxYfuDwsNuZkZykdjGkMIHXF95cwrXXgpFns9lJXmz12mg6nb6q81bN3oKrz04RcORPpIBxX7fGKmjULf2eEfAIeXU7OwISvGXFO1fUK1+BAvOobU7lr6qqeeprFm9rLnGUo35OgQJVwHx2rNnT9hOvDQxq9EgAjz+tt1Q5a7pcuZ7BL5ERTheBhlMYlEPyR+PP/EFuLy8v7d27d41x7/V6tt1uWy9U4XIwBy4uLmw8HjdlYWWC1h3Jc4nceeD5WKqqyjabTaNDtE80aOmtVPdWp+r3ocTlqE4AvzzPVI9oWQq28R8BLPz3ANZvjVIBkFO2OeVYe3TqukvoGN0U6RQNDF1cXNhqtbJ//vOftlqtGgd7NBrZdDq16XRqf/nLX2yxWNj333/fOIA4V3W1Wtnd3Z3VdW3ff/99E2yFvplOpzYej229XrfOQC911l6TnPOuD7P0QzGmnEx5fcDYpTTYlkv30lQaXAqDAU6a6H/p9VRdqq81WFTCJ+NIflkPX/ec41zwJlVf6n8q73NSSd2psVNZiuZSKc6McOI5+igqW3lPzfUclc4PEI5Kwrnx79+/t8vLy+bBmGKcHD8e1kF6T84ZR/FLdI8J+pT4SV3y53Rv6rqnl9UGsq+WSpvyg0K9VrUDqaU6OPLxS+il9AvwPwjHG5m1z1k1e/InvD7FmOBIjP4vRwhwGqaufZM8+uwXH0Lv6dzx/isvOo8in5rTRvdSdGrM8f79+99ccPX9+/cvzcIevQVXX5igaDTYyPfw26y99VbJcwJQXu4cEwaqXmCVlSoDWuUTZWnduJY6aoCNn573qmWqM8n3cs59ibJOKV3+jb7wXmjlHQGAF50wyFHecuDPy5cDTFputEraAyAeD175EZ+pPBGYPzWhLsjfcDi06XTanG2IsVkul83TWF7BWVWPRwNg9Sre6opxxDhHzoTHSzTW5yJdYas8gzD+PK9ZP7HscFu6gKCcw8Nlq0wBHHH/eeeNVlXVvDSIdQq/pIz74znH4lAq7eOUo5Ars3TOHsrTsQA64uscaSOK9CO2XWJ19GKxaPQNzmuu69pub29tuVzadDq11Wplw+HQ+v2+DQYDu729bY4NMLMmiIqXY00mk73zjaM2lsr0uWW/qx3A75KHqKAoDet+2OHUA5Vom6DXltekM6I+ZPLueWm47V30R5SW6/Iwj8dDaozZ5qp+j/BaFyoNPJXqzufAN8fcj9Idkk+xOl97DvLGrgQXH8pjSh9APieTiV1fX9toNGq2U2MXYMR/hIkirO21Q38D1+Jhn5YdtaMEq5b0X8RbdE+DUvXjjz3eOI3qfU3D+VL/vfINZRfk88rxfnfBai9BKhvo181m0ywsMdtfoGHWfoEu8nJ/DgYD6zs7PZH2lMQ783K2IucDq7zl8EGpr/ccenI2m9nV1ZXd3t6eva7noKurq1e3atXsLbj64sSGQIOQmsYLkLIi8BSCB2aVkE8Dq2bWBFbh5LBzovxrMMSr1zOgvIpM26TEh7hH7dPgVcohS/VjpHC1jdvttmVU8KQafYXf/J0KNGj/HKJwc0AyV3cpONVyte8j/hUoeulKHRyPFJxpIG48HjdnXWHF6mKxsMViYdvtdm9LuQajOcCKgLmeFaQy7fVZamxPDS5wvAbO/tL2IQ3Xzdv8wbP2hQe+QClwkZLFnN5AgNVbxQ/9pPoSbcQKfMxNbucxMvcSpCAv0sERuEuNXa5Or6yIjtFhJXy/JGlf8wOcfr/fHB+Cs+6wPXQymTT5MMfm87ltt9tmmzxWdbJTPB6Pbblcto7LeU390ZXAe7Ryq1Q+PTvPK1T5BZKRLoL+8K6/5v7NBfW8/xFGKC2vpCwtL8JrKbzgYbBo9bHnLEdU6vBG7etyv6SelL4rqaNrulT+cwV8nmsORXhLr+Vw2CH2UOX0+vraptNpC0t529RLyONZxwr3OOiFdPf3981RBZrX+5+7XnIvJ9eeT8i/W/mcMYzq9HR25At38YVy6XOk/fGa7QqIfQSzR5nCWfF4SOCNs44hp+n1eq1FSYdgRI9S/Yk62cdTPpXnHP7MYYMSH/+56YcffrC7u7uDj2B4LdTr9eyHH354aTZceguuvgLiwKoaRi8IpRQZ6JKgogYkuH4++wwOoOe4awBFg2uRgWMAEoHvVD8AoKTa5fVBClR7AF2v4WkcPuv1ugnmYNvm/f1989Qah36zc8fOpAZGPJ48wxUBxogicKltLSnL44V5PcQZjUDYMTzpfDJ7lBucYQi5Xq1WNp/Pm7NHETw1s5bcI5CuZyNyGk92D+mHUxO/XIHr0u3EWHXHW3ugA6KVrh5g7NJu1Sl8TVeumz05DHy+quom1muctq7rZkUrPxjhlcq/BipxxkudCy7vECoZ6y66oeR+zjmJdKbmiexEaf1RnVX1/9n70uZGjiTZKJC4SU1Lsyvtrmb//w97u2azstHR3SRxs94Hyotezog8CgCPFsIMBqAq7yPCIzIys+kWcO7v722z2dh0OrW2bbstcRijuF0XhlV4V19dXXXxwHdgXAWv0jpEfDlV/tr5mmqXU8SJ+icKw/3HuEJ343jy3DtDOiVX30ohishrh+h9FKY0/ZI8Fct5zzS+h3+4r7z+885V5bhKHr/wZFkJndMgUovrasKUkPKF0rHvtaXy1reaR9r3kWxMUUl45j9mZt99993T1mc6k9LDMF5ZNc2oTrl3yAfzBbsnojg1VCr3hz6rJeYjqb4ekm7qf0Qpfe5UMve1iMv7+Phom80mqe+oHQAEmbxcLjsdjHlFbpdtSTm9/4fDoedcwo5kntzhuvC7SNdJyUl9XzL+zzk2xuOx/fjjj/bPf/7zbHm8Bv3444/dQtF7o4tx9RUppYwxwGTGy4zYm7wKOPnDjCpiViqE2XMNyh0bJdilHqRbhzX/CChG9ULeKbCsYTzgVioQU20YhWPAAiONGnTgGbfb7dwLklJKv5c/nquXIeKlxpeG8ZQeT8ksaTsNEwlVjePFTaXv/a/pY7zH1n4Ywzebjd3f39t6vTazpzMAcdB60zSd8RT9yAYRPodVjxHQfKP+yQnRkr7l/1EbsNGU+whpqxccHxvA9UC7wfjKl1zxdnuufw2lwCf/5/J5yjrCcHpm1vMegdLDW4ZqQe9rKeSeUYCfeQt0EX9V/qIK3jmAf258MqVArfc+l0bKoOLF0fqnjDDKs+HNgcWMyWRi19fXttlsusutttutTSYT+/vf/26bzcaur6+7HQ+Pj0+XW8GzdbFYdPlgDiMdLACVtslQKuHVqTLUjv1ozPI7xRhoe3zzLhuVbdGZnKcwUJXOHQ0TYSWvbMrTODx/5+Rl9CyiEpnjGTWiska4h5V47tcIo5W0d4SfS8OWvCulXBq1/HfI/DpV+qW84T1QhE1L+iP1nNPFMWHz+bzj3Sy/GFPpN8JqmXm+s6E2paPwvAFB9sDQ9FoyI/e8BkNlwzbP56CqPp1L26Oa8R1hFI8/8pjQsMf0S+0cHIKlNptNt7gbyRQet/wNvRXHG3G4U1OEI+EUgzsoPEzs4QOuH9czJVe997l+T+V9Kvr06ZNtNhv7/fffz5L+uen777+3T58+vXUxQroYV9+Y1GjhgcYI+HvCWMPrJyqDCmKUhy/LUM9WLpMCAM7fI42v5VTAETEj3cas6Uf/ucxa/9SHwT4Ajm5PZuUOH++YB/6fY8DM/FMKWIpyCoN3yHeq7VIKXKo8KSDJ+R0rVKI25WMu9vu9rddrW61WdjgcbLFY2HK57AwiZs9GvPF43NtOgj6HkTUlaLleXLahdRwCRGD00SMP2BiE/6m5q2OZja1oC/bQ5jxLiXmJN8d1LuSMELzIBEM5jnV4eHjo+tGbX7l58BrkgXPvPcofHU/B/1XGRIpBbfmGxC9RYLx+KJkHOf5VWj6vfbybptH+4/G4O2d1MpnY999/b8vlsjvT+fMtgEYDAAAgAElEQVTnz7bb7ew//uM/bLVa2Wg0stvb2+7Ii/1+b7/++qv953/+Z+et+uuvv3Z5sGF1CCmfjfjuKcZ4SXvruclaTiWVWTBMewY55XmR0nKqupaQx8+8tDy8pd9emt7/VBn0WaRQer+98njYTuOwws27EHjx2jOEH6t0RnFLZHcJ5XjYMWnU8i2Nc4wRIzVekF80No/pryFlzuHIkvLk+BbLAcaJi+XSFvN5Fgd7ZUm1H/AUcJGGiXgep7Hb7Wy32/UwK+d9TkzD87ikXT0qGgsBP6qd98X5/UkpfcZLS/WoY+aml35EQ/qYjwDA4u5kMumll9IbOO/xeNztxmH+f07i/udjMeCBy0f7KV7Ab6TjyTxvDuf69FS67lD66aefbLvd2v39/ZvkP5SWy6X99NNPb12MJF2Mq++AMMFYUfCEozdRFXRympGQVmJFBOH1hkXdguWlywYRzT9iQB4AZ9DtCX+v7WpIGSZ/Io8WDcf9w+VAednD0RM8kcLvGYuU9BgFLoPG5z6JlDdOy7usCOE4jlcHjVMiOI4VPLWKLM8xgOH1et0Z23DJFW9X0XEJz0fMj+l02h0tUKr0nQvEptoTRhvUCYZ/NlKYWXYMedvZ+FIw5HGqM0xTfI8PzI94DHvkqicHjMFcZz72g9P1KMefXou8saQLPhxW53o0p4eSpzi+VdvUUs6AwKTKEdP19XW3IAMAv1gsuuMAvnz5Ynd3d/bLL790fARKxmKxsPv7e7u/v7dff/2184LdbrddeV6rPU+p/KXI452KBTxMoWeas3GV007lc+p6oIzeu9z4it4rrkqloWXJhfPK6JUpepYKG/Wb2UtjkC7is6EVZTum74bw6toxXxK+ZC4dm+8x87UkrdfkQUMowr414ydVP00TuGGxWNhysXD1l5Qul6qD/sdxMWwkUh0mqjPkEc7z5nKWtk0uXKRrRHQMjjqVvjGEcjg+wq0fCR9xuUajka1WK7u/vy+a/xoX/Hw6nXY7A3X8nbIdvDGB+TEejzsd5uHh4cVFuZ7uG/3neLXlPycWKaGff/7Z/t//+3+2Wq3etBylNJ/P7eeff37rYmTpYlx9RwSF17swhr8jhq2/ETbHBBXEwmNVvVZ1i60nIDhP/R0BNOSpdYuMJV58r+4pisBIyYfzila4uK9KjDScZqSceONAf3ttXSO8PUNVNL68vKOyadwcKDkF6XhjYxMr4liRnUwm3RmJZn3FD32AOQHDIY4XgCeAemh67cF0jnbIzXU9MxhxvPriP9qEz141ezb0w0DJZ7ViqzNAC5ehhLzxo+3FRxDgCBOvTXmeo7x4PpvNuq1yeMdhc/RWoLjGyKLPlY+X9EmJ8lJTnrekmjKVGqP0GTyjwWPgHY/tcD/++KP9+OOP9ttvv9l0Ou1dModFnvF4bHd3dx0u0HPGS3nq0Hc17XBsXPWY1/HG2AjP+fJIPkcN74caVY4lr745fuLJ+wi/RXK/pBy1Zffwi4fvItzC5WTCYpziMK6j4i48L61jTZ97bfweePvQMtTGK8WnGjaFyV+bavihFycXVp/j3Xa77RbFcK52bvzU4iAQdkU8PDy8MK6yrsZlZ16y3+9790TUUq2eVRrfwydD5NJQnFJDnn6jFOH9HHm6W5T3axDLX7MnQ6Qa9lOYBHGZx8/n8xeOPCDveJxjCW3GF3ObPS2A39zc2NXVVVcvHPOmC3seRXpvifyP2i2yJZyLRqOR/eMf/7D/+Z//efcG1vl8bv/4xz/O7uV8CroYV1+RcoxVGRELTLOXTNebhGocyeWveTRNfwstC2w1GOaEWEn+HjjPtQ+XnQ1AJeBP2zX1X9ve84hhxloKPrnsXjztO1U6OE4JeFOAxaRlKAXK2uZa35QgeU1gwMTtiq3hKAs8GHEmVdu2L87mhHED8XG21tXVlY3H4y5+Sjl9q7oroe+8mzojL1b+9s4y1XHLvIRvytV20DmUGqP8np+rwRh9AQUez5m3wTDrnb262+1elOEt+q7E0MHvmqZvJM/FK1WE31Jhfg1S/pQCwVE8Hv+QETjbC3wBlxvijOb5fG7ff/9911c4BwwAf7fb2d/+9rduvHL66nGN7yHjtMawMoRybWjmL7DyO8Uj4OGYxxEmem3y+sKT3zpulHeCX/EuCj1i6JT1i3jKkO8oXT4rUi+C9NpInx9b3xr+V/KutjwlfLQUD+coNedq0k8ZC/h9qc7x1jS0fVO8vmmePFZvbm6saZrwTNNT4Qi+bJVlfkr2c3/tdjvb7fc2lW3dWt8ojRSdon6pPkqln9J1TkU1+mqurLk2jtJ47XnFuHi1WnW6g3d+cESPj093kOBIADNfLp5bZkOXQ3lGo5Etl8tuIRvHNnnHZpyaUmm/Jna5urqy//7v/7b//d//fbdHBCyXS/v5558/hGHV7GJcfVfEihKv9Cg49W6XjAyMOfDrGQuRv5c2gyhmPGq8QNzURIgAWWk7qRLFZfGUZTaYRmezpZS0VBjONyqv1/baHvwbQgBGQK2HpnUuQaB97ZU/pwB58c9R3pQxisciBCv3I85f3W63vS3u8ECbTqedp6qZdYoununlcZGh8Bzt4IF+JTZUsKGT0wBQ9zw38Z/5hW6HQXgozQxkjqmnji+kpUcQwOANg4SXhhpzoKBgtdrMet6rNZRr+3OQ14fMI3K3r9by33MDzvdIEQ/HO533fMkhziBmmbrdbruL9GazmU0mE7u5ueniIBw8lCaTSTf3WKmvodJ+i3gUt8M5iduaFRzd+g8enfJ4ZL441FhQS56M9uaoflAeLRsW9VDnqC5eOZhKlPSU/Iy+tW6aF/eHt+U/wkzMr0vr6L2P4p/DQDGEl6aep9KLxoDyqpJxkCOdSyVYNjcuzkE1eXp8O0c6P4Ejl8ulzefzHi4podTY9sKaWYdVcC63Xuincby+ORwOtlmvbfxnOqpfRHnXkjdOXhs/nHKen2p+14R7L3irbduedyc/V/L4EcYmDJle+vg+B29mXcHb/j+dTq1pmu74JcbSauvIUanO/55oNBrZf//3f9v//d//vbtLrr7//vt3f8aq0sW4+k6IjRZqCDLrK1Jq9NPnmm5K4ec0PKDvgdwIkKhi7xlmNCye6VaAnPKgbeApM54xkA2rer6X5hulnSpDiridlfl6cWHU4+3VqAOfZ1kDWDQOl8dTRDylz3tXQ6X1P8awpYqFZ/jUOQWvMoSJPIbYWKVGyBLB6wGPU1CN0IcCEBladayyVyfqq4sTMCJpvNTYrCmz90w96tu27Xmkal8x4QIrGMhx/q5Zf/dAVIbSsp6TFCBCdigPVr5cMwYjw8R7BopDSBVnUKqtPDkHgvcSvFfxnnkJxhx4z+1339lkMrHtdmuz2cz+/d//3X799Vfb7/c2n887j2q+MdorV443l7yP8ESq34coRSlcwDIbXqopLy2ukyevXmPMen3BddL/HEcxFOoJZTaFv7w89VkpH1Z5pukxPo3qogsBalj1sBaT149ahxJFPKrbKeiUxpaadxEeK8GCQ3FblH9Kv0jpH+ekCMPyt4bPlVPbFmN2PB53R7gwRtSt+ZxXDbbw+hMLLry931ts8/QzYL7VatXbnl1Slij90jHl6Ri15M2FXNiSvi2hY8uuVCqTTjFnhxLy3u/3tlqtuvspFC9FcpdlGS7txHjFWFT5V1IepZo+1COIeC4vl8uezlPCe09Fngx87T7/6aefbDqd2i+//FK9gH9qGo1G9uOPP9qnT5/etBxD6GJcfSfkKcJ4DqoZ6KWghhkfC182jvB7PTKgFJBEApGZW60AUQWkJCwbJtVjVdPMUdRPGobLoGE9ocLPJpNJt20ZHqxQ1FVB8eJrPvhdKhw4LY2XM9DknqXKfgzxPMLWLE8p1bHJRkIIWdyGaWadFxWny2lx3lpHTyn0nuOdtrcXrrbNGNR7cT2FifNl46p6UaFNkA4WBHJzqYaHaD3M7IUCw22H/uSjCTRdDjMajWwymXTzzLvJNFLMzgWAuByl/NzspXIXgddU274FDTU+1FCqLb130dz2nilPwAINe29jnOk5oTAe3t7edsbTm5sbWy6X9s9//tNWq1V36ZUuiGgfc1m0vMp3a2RX1A7HENLTXS/YNs7He6iB7j2S8kzFVd6uIJDyZ3jGqUHGO5eOebF39nRq3HsGIP32wkSKtHf2bQqveTLQK5dHNWPzXErxOWgILxxavxqDFYcpMV7VhCspWxS2hD9rXN0ZmCKeX8A/o9HI5vN5t7PAzF7gjKi8pRThw9lsZqvVqqePoZypeGZP9d5ut7bb7V54EZbOPcZab0ml/Q6KcHRtHsfSkHYbUo4h+ahuZGa22Wxss9n05FfU/967x8eni6xYpyrVdUC1PNHTuTwsz3Hn87mZmX39+rU7wkn1NW2fWh0mV86c3nRu+vTpky2XS/vll1/s69evb1KG29tb+/HHH10v549AF+PqOyUG5DyRc5NOjUhKzMw0rcgApR57XjkixqarPzlDUopB8re3lT9FbBDic764npGiE/3X8kX5RpRjtvBY0cvF+IZzXMSjK3GeEq3pq8ElNXZKwawK1VQZUqCIhVEEhrz3qgxqm6jBAPngDKumaWw8HttsNuu2ekHR5zEKL031nIzKNZS0j7ieCkpqiEG2llfBOj9jj29V4DFeYZxEeDYs5cpT+o7LA8L2fh57bATXOaLe37jdHTwi4nPReEv1xbFjIQJxHo8ys67e+k49zlJ5vSYN6f9S8volpUCWyLVojmgaCuh5DOLD29y/fv1q2+3Wfvjhh86Q2jSN/fTTT/bPf/6z2wbKCxmpsnqKiseHc+PzXOMaaSt/gVEVhtXUDpMS8nDHKclrHz4vFVgOYXVLvPfNfCrKI5KXKZziyRJNv+Y90vYwGfgz82Atj5Y/qqtX5xydi5fl5l0qXmr+Mb/w2qN03JbMaS0X5+Plp1g9isthU2FK6xGVtYS4HN6YzbVrFAdjG+dHah96dc+lnQrrlWE+n9vnz587mcDvU3wSz3Cx1Ww2c/MvwZYlbajkYc9TUoqX1OpvpflpPsemNTRsybhLpcd9qUbI1WrVnQfPO29Sbc193bat3dzcJO90KKlXDXl80OPdPGewYLLZbLrzZVPpHVNGnW+R7H4LGo/H9vPPP9vd3Z399ttv9vDw8Cr5LhYL++GHH+zm5uZV8jsXXYyr75gAyJWBHTMhcwJdDaGctoLyKG0Aj9TN3Z5BxyMGCQraPfCeUjbYGBaB/LckBW4o73Q6dW+pb5onQyBWoNnImhMAbBzQsOzxljPm4Jl+RyDGA2IRCGdh54VPKX36zbfcq6ED73GOFc7sxAfvoeTyrd2esX4IcX21Pki71HgSkQecPQ8oLxyMdXwmJNpqt9t1bQmDEDwi2MOVyzuk3Dq3VXHSec7GDM9rldOEh5jZ09lLh8OhO1sKl2PllMiUMlmr7GpZU7w3Uh4Rl4FyaV61746llBw4Rb5RGrm0vfeRMunxKD1Ow9suqnJyu93ar7/+am3b2g8//GAPDw82m83s9vbW/vjjjy4d7/I8r8wlY2+oUlarWHuk8xZGVe881fdCWm/teyyA6tEkjF/UuDoaPd0CDrniYRT1GkJ+niconnt9Gxnv+Lc37jUtVrK1PiVb/738I0oZTYakdyrK8ZBSA1XEAxmrafuXyh9+xs+5vzSdEr6rmK4kvJbB++/NqyhsLp+IPGzrpcO8nPH51dWVTadT99b0FGbLlSlVdvAJfOMIGa+9PPnE8/9wONh6ve52aDEPyeHOlOyrqWvq3VC+X5tuiQwrHbc1VDL+cmWpeVearvKbpmk6r9VUO2j+/H6329lkMrHlcllU9tfk35o/9B0cw8Tn5etuuFoemco39+yt6Obmxm5ubuzu7s7++OMPu7u7O1s+nz59+vBGVdDFuPoOSZVpPRPHM0B5FBkB+BkLUL6Ux8uLy+QBO++dB97wn3+rEVnrqwpJdN6a15bsbcfpeWVJkSeET8UEVRHi7ZBm1nkq8VgAuJpOp52BFZ6sfNuh13epenHfKehXEJdqT84zAhKecUzf6RZ8LbfXljou0X7qOaZemByX21HLqme4qjKs7apt6PXFUNB2KiDCoErHAisVCsTZgHo4HGwymXQGErQTDNOaX40Skmo3HdMoH86yxDzhM56UH6GMOIqjbZ88w83SF1xpG6FMXn217FH5h/S9x3/RN+zpWDNeUjImVd+hfDGlzOXkWYpy4LZ2DpXG4aMAMH/YwOqdrY65c3d3Z6PRyL777rvull0G+dyvTB7Pjcrq9VMkp1N0TP/zBYK6/V/Tewulq4aapuk84FWmoM8jo/FoNOqMNbvdrnfGLKfjjT28w8Lf9fV1t0DEY1DDe2OkZNyY9bEVYzK882Q2x/XaLpUXvnPGk/dEWp7c+ZaK00rnsPJi7VsPZ6jM8mS+l9epaKjMOyafoWOH08CYn06nNpvNQhlZw3NLSPnh1dWVzWYzu7u7c50qSrAKjGZY1HkrQ5A3Vk/RfhEO8/J4K95RosOWhj+mDlEf8DjhsB5+598st0ajkS0Wi+5ugxQ+fgtSnmj25GQxnU7t4eGhmBenSMdcSb+X2Dhei2Bk3e129vXrV7u7uzvam3WxWNjNzY3d3t5+2O3/EV2Mq++UWAgqWMox2wgYRfl48Xhie2AN4TmeMtuUB6Sm49WJGQtvnWQw7ykEnL8qAClg65Uraiez+tuaU+SVBx6A8FzVGw7h6QLDEYyrm82mU1hZoWdlT7e5R6Tb3tXLioF9NJZ0fHAYpOF5IKPM3EZeWH4f5cur/Wg3GNT4ZnvEPRwOnWHtejy2KzGmekcxaL24TFEfe+2Soxw/yJECbG03BejaZ96ZzGbP53jhDLLVamWTyaRnTPKAWE35PfAfKY48RrHogPnC/Em9kLHdDwYKeAjC4IojA6Ky5erjgfvcGOF3Osa1P7WdFCjXKJgp+eCFj8pcQ1EZ9XmuLqfIszYMh2Pea/Y8d1QRBk/CYgR4U9s+3c57dXVli8XCRn8a+GHox7mtx1Ak4/R9bT/WzOv1et271MLjSUPTPhd5fIxlC1+GqPF4Ic6bs+AzjFu8Oc/Ec3s+n9tyuezkF2MBTz7yb0+WsZxgHOUtWKcw1rn67FQ8oCavHP8DpXhWdPafYnAvfx17uTxT7yOZ6dUv9/8YSvGfY9NNtVdpuRj3N03TGV94bmn4U80BxWQgLARDzqTS9/AeFmDm83nHs5BHDrueis45pt4b6VyP2tV7XtIHx2Kirr+fErOmabqLrIA9FL8qn/LG/Hg87jwSc+P0rUjH+/X1tU2n0w6fcN1L+C4/i+aS8luP5783Go/H9sMPP9gPP/xgj4+P9vDwYJvNxtbrte33+24nI48RxkWz2cym0+kTpi3cUfcR6WJc/SCkwFcn47GM10uf09X3zDC8G/W8ciowjMJ6YJ63X0fGNQWHKeDPcaL28Rijl++5CMZV9gD0ABx7q0wmE5vNZr2bHbHFsm2fjYve+bkMuvDRCzm8yzhSghVl9L65XwFYYUTmrffap5GxXJVFs/72x6Z59irClnX1DmYAjZu527Y1I4WZ4+HYgFSdFZznQJWnCHjftWMSZdc+QDul0uHnahzisqDd4L3K487zTB9CKT7G73hRwcx65zfCQ0yPdACYRNzlctndrAujag4QpPo5p5RrHJ6jUdhIOef5y7w6Kq9SpIRHdYvqw+mVUqmSUGrkKM3TSytXFk859OYLzwHla1A4+BgKM+tuhL6+vrYrGsvcp6eSR6m+GtKPpWXTi+8iOfeeCbILxwF484zPqkMc/n58fOwUObPnM6SxUyCH8xgb4YgbKDp8DjbL2Zw80Wcsf70yHaMc5uK9tREm4oUaJjVmWd5qm0c7XzgeP1d+rngoVw9vvumcLcHtufdDqZT/58Kl3nvtWpI+HBq8updgqGOI+T6MFfCuyxHzGqQBZwxeZH4tvjsk/RqZd456ePigpAz47eG2UkrJZc2jNt3eXLBnIygMZ8gP4XjHX1Q+s6cjAebzuU2mUzN7PpLiLXTqFDFfRHlwARfOXlUHJ1BJm9fwBebj76FtIhqNRp1H64X6dDGuvhMqMeANMaiUhIuElQe++LluM1NBpsAl8mT1jJieIS0n9BVYRt6qOWDslU3z8PI9ljzwDqUoMriwZxQMkvBows3n6/W6t5rkKfUA6rzCxAoYA3mkof3hCQQtNwyU+/2+8yYESIRhgS8BYYUR6bEXcySE0H5qXMJqJLanoByqZHL+XFcoqljJZG/GEmUlokhQR0qVziENm8pD02ajMRtA1TOX38NQxMZT0Ha77UA/VrxPuUJZAiiZp/DiBMBi27a9YwK4jOhPpIez1eABpkcE6FbPFJ+OxoP33BsDqbbQfPmsTy2XBwZTPLUErNcoPSUUGXhS5dTwqbROQTlZwXNHjW6syO73e5vNZt0cG4/H3aV5s9msm1MwvMKruqY+UdhoPObe5dJI5enFrQn7GuTNYR3jzJPZuIpnLHsgf1R2cTp6xht4Lfqb5QzKpbhlvV538XRBiBcu9bgbpMfp6+K2YjHtD+Y1p6QSXnVO8vKLylAi6zw8l6qT185aFjUO5AwxKRzMefAY4/ceXh1KnuzI8fRcvhEPK5Eh3jvwa5zHyDsHGCueemx65Qf+Go2eLt/B9lzF4REPY0y93W5tu9327naIMOgp6Zh2GiLLTkWRLEiVgZ97c7ML8xTgLG1TSqwP7nY7W61WL85393bgIG+VH03T2HK5tFHzclH5vZDq0/iPo3qgqwLDqbd6ilLhUuPnPbXPherpYlx9x+Qp6imDSqSkeGBI43rgLMpT01avN01HjWRqwIrq4m07Q3wFfFovD2BG7aD18dLTvE7JAJX5cvt557MxkDOznmEIbQqFbDKZdEZWeBLyOW4QJPDoxCVO7EHqtSX3Z6Rg8TsuEwieoVdXV7289fDwKG1On8votSWUX3it8rEAaBfUmb9h5OAxDIUVyjR7aJYCm6HAVes2ND7alvtYvaoikI26YxzhORsqYSwaj8edZ5pn2FMeEdUzohQ44Xrp0RhYcFgsFi9uXkf92vbJEIv5AWUK7cSGaG7XqNwe/+I0cvX10iv1os2NkyEg0VO43wOdokwlc9nLJ8XLzV4aXpqm6fiJetA3zfMFcbhkDWHbtn1xFnVOvkd0CiV6CC/SuDmDR0pxHpJ3DV8pwUAwWDJP0DmCMJAjyAtzGb9ZccUREEiXve2Zd7Kn0W6368kt3bGinqtcZ8YV+DAOKTISHGEgyMU7Ba8pKV8tThyCLz1c5+HiSD56838o34rKqrgq4nGpeuZI0zylYcHDL0PKxnMRZ61iIYTno7cL6NSGEq4DMKpiidLx/fj42DMe8btTl/vclOJnNW1TQl7/5uZtyC+fXvrvm8a0tKUYsYa89sExc2b2QsdkfsM8gusMJx9sAW+apnN2eA/EfaS8FN84P52dMEqwQwoXcjj+fUq7woXeli7G1XdEPCl5Iup2Qg6rlDJSRORNegXOXr4AElAMc4plStjpe88zQsPrNipNx4tTCjg0DW7/UwEPbUtPycTFFnxzvRppWLB12+uvr635s3/YMHQ4HDrvGMRBGPZY1fHHSh/HiwAEA0w2WLZt2xl6YTxA/iy0VMngsaBb4fi9xuM+4zqi/IvFwtq27Xn7sGGVb2/m7atc3rZtu228Ov4jhYRJAYk3RrROHNebryliYyOf7+eBJPaO43ZAv6GM8OjAf4w1bL33vFc9o24t1YAcrid46nq9tvl83jvz8vr6+sVYx2+849VrnkvwTOP6oQ15fmrZS8aJV/eUcUOVrdT40Hcqg7xwUZgh5X0tKlGwa9oplZ5nJOELqDAO8Q6/MSfBi8D79UKJnJyvVbSGyDU16gzp31KF4hQKcSml8vLaXo/awXPPsINzqCFP1HjpGW3UYMOLfJjnupMDx9bo7hM1ACM9jsuLsN4C95C2y42P0v71eFUN5XBobZoeHx8yVlnuejiiRFbm+icy9HDfpPB5zmDgxRtCOTzE+XgyLsKCpfl4hLbHorFidu6n2nkSyZUoHmOQ8Xhss9nM7u/v3T7SvMz6hjKcu4rdEbw7B7+Hyu1j+MUxlBs7p8g3hdV4DLRta61Zz0AKY2qqfBGda86pLAc+3m63L3QzrTuPe/VqxbnAZtbJvfdEORwFJxrsXIOsVyxfwi81H+W5EX++0Meji3H1A1KNIu4JbQ9QKDjQvDzS80c0rAfEGKhrPRg8KqP30owYV0qIDgW/xwKzEvLasG3b7lIrz9CmYbtygfE3T6ueUKjUGA5hCAGifeq1qxqevDIgXfZEbdtnrxqANlX+EE6BK0jD6Rjg8kZKJafPxyiwgZQvPlLPS6QLAQuhy+XjccZKshKPIR1PHjA+FkQBMDNpPtyHqnyzgRzv2dMYx0qYWQfKrq+vu/BaFjPrDJYencPgwn2P81ThwYpxwmPBU3ZRZhg44IWmR2d4c1bniAdSvXFeWlcep2bmXnpUygdredypeeK5qFR2RrwmVU9vPivfYeUWijofHQClGWMNcwhxXotScsZ7r2P8W6VIJoGvgLz53zRPBlac+81thQsheLxgMdSsz1+QHuRo27Y9w7zKfI84bxhseSeGYjKNU0LnHguRASmiknAp/pB77inckWzncB6e9fBEqiw8bjSdVD9Ec7qk73JGptJ+8dqE/6vuUqJzlBjUcm0DvIwjWrAYq8dVvabsYw86HHV1d3fXw2ieQ05U//1+b+v1uls050Xo15i/KblRIqdL3nt5DBmbqefe/268PmX4wqjqlSXqp5JnQ0n1G5y1ejgcOscerw0Zn7IehMW9m5ubLj7GbQ1feC2KsA6OBcO5qx5Gz6XjpZsbO9GzC30MuhhXPwh5AMwsXn3mdwpGPMCRAiUR02dDnZYpZQzwADuDQma8Q0CGSLEAACAASURBVAxLHuDKgdJUWpGh7xzkGQx1y45Zf+UZ4RCXBRxIz0rj+nlh+L+OKe5f7x2UOjYUQGHjcyuxnQlxNX0dr7nxr/HZCMoGDa4ftyfygoGQLzzS9mqaJ8M1ewJ7czRSmpi8tkxRrfIDUoO4GtIjw6DZ8+UqfGYuK99qUICSv9/vOyMRp5mb16cEFV57wTOMFSevXGyM5vLrggA8dblN2XisfBIeItH5Takxr+X0iA0qqgjW8rCU4hOFj8KeWgFNKUo5fl2iZJUaWbROPA44LHuMczx+ji1o+D+fz3uXSmBunUse1fb3KdI4dly8tqIWySVv26AaOMyezz41s94Cn9nzxXuQK/v9vncjONKbz+dduliAhXcz+A3zZeSvMpvlM3vRoj4an7+9dtGwuXYsfV5rRBlapohSMivCnBqHjVU54x/jtQj/p+rkpZ0yNA2lc8y9SB4iP28cpvrHw5JMOf7Ttm1nKAIuTJWlhmrjqa40Go06b9rdbpddTNFxBHyw2Wx6Z3+DvKOLtDxDiPs41/a5dEqee/9ZL0jNjRJ+V0ReOjxuK9I/57x7fHzsLkRWrKt5K3/i9tPFCIzX92Y0zLUz5td2u+3NuxJbR45nRzr2hT42XYyrH4QgBFghZ9f7Iel5z9SwkgK/zESVifSMUH+ShlFDn6adApScZqpuHD9lpFDmVgPIT2EwiNKAgQoKFpQlXZVGWBaOrPC1bXx+Kws+r+4eyGDjAL9Xg6aZdUZVPmOVt4pEhnavTbTO3hhCGC4LAyj25MN/HFUwmUx6RzDwFu8X7fKn4gtlGHkrlQBIrWup8hr1j0fcptwualSP4jLx+MoBBc7bU9ZzCt+5QCQuBhqNRr0LgzBPMI64bTzFBsdN6EVr8H4FCOOtwOytW7LVM1IWPV6nYTH2vXOuapT1Gj5Xo7yfgn8iL6+dtEylcYe8ixQ4EG8rw/u2bXuX4/Hi1Gw2MzOzz58/ux7ItVTa3zW8qiS/XHofjTyexQtxurjBGAR9jnnP/Q2vf/AKGD5hXOUzyyeTScenHh4ebDab9Y5xwTEnyoPNnncwsKeqt5BUOzZSc0XJM3DVhC8pT2kaNXE8HpuaVxEeRRh89PIxjhvVUQ1DubJzvorha+Ln3g2hFO/WMB7P1fbmujHPivhXqq3a9ukCzOmfN56rs0Ou3BENlXta//F4bPP5vLcrrNSIhbR2u51tNhubzWYvFmTPUQfErcEgx5ThBc9+ehheDBnh6lLdsBtnTdMZVXt520tjqqafenZK0vmBi6wgc3SOeXGZd0EuLZfLzpFA9dL3TDwugdfn83knK3nxvMQ+keJXqbZNPb/Q+6aLcfUDEAMh/aSYXQkp6Ed+/M6LkzOEeAA0ImZQkYHAK48n8DzwlSqLV3+vbKn4p2Z+3B7wYtpsNkWgm4E6A3dV/lAnPnOTlSn2jPX6mOMgPJ/XCuMSPHDYqIQDwnPCKVLutHye0YEvhWFjBtcThrXD4WAPDw/dVlw857qxtxjqvt/vO69i7pNa0nbIGWj4eSkA1jjcT/xOw6J8amRkAK+ACgZKBVxefRhwvSaoxLjBOOD5AEMDL2Zo33ve0NxePD75ZndWornNuG0Qb4hiq7xZDTw81oYaGmqNGa9pWMvxk1SekSzz4qfmDcY0j3vmZezBwXF43vCRKr/99pt9+fKlM7ylFnIiKhlL5wTx55CT56bScYJnLFt4Sz4+3viBnGzbp7PpttutmdkLGYmjI3hBkj3ur6+vbb1e946gwThEPsyrIJORBvO2kjmUotw88ugYPpCLm5v3penoe8WYURzF64px0e4sW1k+et6u6E/FSClMrGEi3cEL69UplUeUXkn6KfLGpvKvKM0hY8yT6Ty/1TBXU5+hxhSWLfw9m83s7u6uh0+YFzDfUYwAYyqOSMKRWDnj0SmoJI/Sds2F6+EezJ3myfjJ7cXhh/RpjzeYWdv0L6UqNaq+FqnehzN4I8zDpLINMmU+n9tisejmie4cfMv61hDG52w2651Bmwufwoj6TH9/NKx0oZd0Ma5+EGJABrA+1JMlJTQ94RIZPSIwntqWgrjquePVsxS4ReG896m6pOqocc9hFND/DIigdPE7PiScCVuU2aPSrO+FyXXwPEf5bBwtD+LgGYyqvKUVApbPi4O3KoCpJ2RLAD8/V0MWg0nME1ZQOAwrnGhPeK5yHty+3FaecVWBPo+9nJEp9T4SzjkBruFRHxiL2QiaMxixYRFhOC1uA1bu2cNeQb3md27Axenzrd1sVOVLqUDwJOM6Yv7xmbx4hrT5MHxc4sbjC2MHnq+p81FTz5U/pRSEaIxG4Y8lL/9zgsecslaqMEbjVX9zePWQV+M86u55qbXtk6H/sW1t9Oc4ubu/t8+fP/dkonpVR1Q7l6K5qfUsTeMjUw6/sFxUY5hZ2htdsZLZEx+AYQRylBd9mDdo2TabTTcuEMfMejyNDXjYbcHeqioXQSkeoWFS9czREINsRFHZSupSkq9i0wh/clviXbRADrmgfcDezZwuy+OojPqf5zX3dxQ3xydz+DtVnhIqwQdaJw4bGWJrjJraRqmF4FPwvBo+q3xnOp3aZDKxzWbjLqDrOOe8YFzd7Xa2Xq97N6Sfm86N+ZR4fJg9Gzp17p2rXDoXS8KXhikxLqf49Wg0ss1mYw8PD9a2Ly/g9HA78yrIHDPrGem5bDV1fy1K9TnqjbONWReP5leEEYfiqgt9PLoYV98Z5ZgOK1mR8CsBkRqWGWSJcIFwTxlMvHLrNiYP4HEdSxRID9xpWUp/KxjXspxT4CJP7zkMlXz2GpdZy+UdAcBpssch58t19IShGibV0xMGXTYm8EVBfFOxUjQWtH1UWOlYQdn0iAIVhKzw4EKjxWLRKagpIAEDiZ63yuXivFLGRO93qn1yilVE7I0JEIQVZT4eQOugZQff4dVojYN+xwVmo9Go+9a6vAVhjMCrtG2fFjCwNRfPVZnCmEf5YZzAURIwwOI90ubLiLQNUA6zl7d2e0o8/utv5YU6lkrbuxTw1SoIpzKg5ORTaR2PGXvefI7aXL0JMS4wFtgAi63eqMf93Z0dDgebTCa9etds26ylXF95ikONESOVL6fp5X1qqkk7ZeDRvjF7eWY581M847DsnYqLrRBG4zTNs9ccxs90Ou3lCd6jRwCwlyRIF1j1N7fXUIWwJu5QA0cNf4vw8RCjh8oIPV4BcoQX1ry2VvyFvmKe4Dkm5MrsYSYvTEn/eJh7KC/mMZEyQpToLp7O4LVrKi2PwO/YaSRlZD03Mc9g/AXjD4yrOScXJtQPOOhwOHQ7JSDDInoNA9ExfIcpmnPHppkd5/iu5DEldKq0MF7W67WtVqsXOy5y9WTZhm30Wsah9T9VX5WSp8s1TdMtOrAsrjnqwMNO+v5C3wZdjKvvhEomJytVUMoYxKmhJkqDJ7AHBFMgJ5e2AhyvTB4IRf78rb+ZKXEaUTn0t5ZR0/SUoFR9uXzHCn81wGm5oCyt1+tuaz2eg+F79fcUPwhRHj/wPvQURxAb0/lCKvZW1TKzYVNvnNR8Unmrco9namhWr1zOX9sG/2EYm0wmNp1O3QtjtG/hAaTntzLpeGUDptaVF0p4/nD/sRBXY00JqRcvK2yRMuPNC/WGRj+YPQF8XKqC/3jPgIQ9ZocS4msfpcYSjwM+OwnPd7tdZ2RF3T0+y/MGbQoPVvUyYgM2G9Yw9pRXesY4rgPKz2NEx7SGQ3wY2KN20viRgeUUFI3bGqB6qvwj/pLKT8N55dFb3lkph/HMzLoFKpyvCeM+xiL6TedbLaXKWpsGfkftEv2vSf/cVKO0adtx3dkDFO/wng3pzLM4LOM6pAPehL5n/gk+w7yDjahsWGUjHS+6Ml+pmec5mRPFGxInR7l4x4x3lS9Ruopz2BjF7Y//vKCCNFQm844QjCHGA8iLFX2uJ48Vr/6MQ2rbPjIKKHbVb+TrPed0U+WJsGNJeM8IktIjkDYWT705mMs/RTqPcukoHmDMju/FYmFfvnzJ6oVe30O+bDab3jFkGj/CuaX18OKVxCmZyyVjOSe3X5Sr6W/pj3CYl0dp2WrasEZWaXreeGNZs9/v7eHhobegW4JBzZ53dzXN02WL8FpVrBK12bmoZkzwf08Hmk6n3U608Xj8YoGjhD/V4KPXaqMLnZ4uxtUPRAyoWEkr9TZNpcvATRmLp7h7gDwFRD1Flhl3DcDPAV4N5xkbImMEl8sDP+dmdirM8EwNc3ymErxe2NCTuzCHlQE2/KghRs9uYqMqnu92u57wVfAMA6zXP7UgQvtFldmorxmAKnhC+dhIzYChaZqeF6MqsFFZvXqkAGU0t1JxdJyUloPLrXOQ/0d10DD4DwOjekV7RwN4865mfkU8Kld37xnPFT4Sgz/od9RPFWKOh7mKsYW43H64cAaK9ng8fnE5mlc3VQq8sa/1K+GXSufkdecC10Pkn9np6urxAx7//I75t479yWRiZk9bvvUYFYRNeRMppcZGVP6SNolkdsQ73hsNxUtKbft8USLLGcgOxMN8150jTdP0DG5IB+9Udulv8F71TmW+xmON8/AU54je05ytiZcKm5Jz/D7CE6m8eC7wNy+wcT+q/OBxwh6sXGaVtSrLuOxan6gNPAyg6Qwhz+uW047GF+MSj49GaWr6EQ3FEMeQzsOaOIrV8T2ZTGw+n9vd3V2P/9TUbb/f23q97hwNdDfNRycPdyapba3lOV0T18kzNQ9zZT2WNG/8xlhZr9cd5vDK7cVXBy0zs+Vy2TkAefUYMo7eCkcob5xOp52MjeRASd9yuG9hXl2oTxfj6gcjBmSs4B87OQHo2BCnxoucYUiBJ7/LlS8FGrgs/Dsy0nik5fPSVEOKVw4v3RoFJaXUevXV9mAFjRU6KGcIizBen0X1V+HJQLhpnrdEsAcezm8zs94FQJy2empwfXOKuConWh9+j7bR8kd15DSg8Go7secl4rHXatTfUT9rebXuKa9OjEutVylI1/4tUSg43YgP8Jxnb1CvzmyM1DRSeSOdEioBNFoHVkixWODxAJ3rubKpYsyGsbZtO69pnM+p24xSyq0qmqm54/Flba/XBnheeU4JoEvqUwp+U2Fzxgr2RMQ71B28xOzZoMoGfpzFCx6ki2CnJm9seXXl8O9hTL2V4sXyXxc/dQEUcoaNZvhAdqpsYF6A8ePJHYwj3fbPPMf7gDQ9j0em2uCY9nureJGhwZNzHnlGTQ938DiI5I6Z9fAa43GMJ3x7/RjpA7pTBvXii9E8ShlFPN5Q0h/aNim+Ufrcy0PDR4aPKG6UXo43vgcajZ6OuLq/v+883iO9LIqPHXI4KqtUdzuGSsrGYYdQJKebprH26U+U4aD8cnMkV49TjzEvPX623+/tjo4hwvscL1CaTqc2n8+r+rS23G9BmEN89Ea0IBr95+elNoMLfUy6GFc/CDHgYxDF24nN0gZRDuMxgWjLssZFeH2eY96cV8RYPAYepZtTzrm9GFx6bvyq8JYIBgXM+tujnNLqGcDQz+x9Au9UKFrYTopzklhx8wxqo9GoW4FDGgzEzOyFdwUrd9iyisO9scrNdWOFoBmNng+ON7OmfelFo20eGfG8duM40fhO5aPKh56pxVsq1XO1Vvinxi2X30s7Mvql2kTfoX6crwKoSPE069/26bWlboFO1Tsq3ymNM6VGArxnryEYPXQbpfYR8xkdp23b9ng0yqTjTvuA084ZN0qU0pxyeCowXENvCZxrFfmobUp4Pm8jZa/myEsZPH4+n9sff/zRO9farL8tNVeHIW0c8Vmvrqn2KjVs1JbnvZEnsxVT8KIkH82DLccIy/gOxHhJjaeQR3reuVce/nC6KSodZ6XtUxt3SJ65/JhnqjdlSvYqqbFQx4EeO6Mykftit9u9kL+I4x05gfjAaciP66h1Y1yD94oJ1MEiZxD16h+1m9cftTxB88mNKQ1fM+4Ul58SlxxLkb4xm81sOp12Z9znti0r9sD27u12615IdC4qxWmp/quN180pe9JLSql0/J2Txw0l5jk8ph8eHrpj5xiPePPa083Ah25vb7st8yk++t5lekS4k4GPPyvVAyNemNIH3wOvuVA9XYyrH5AYFHlAHGFqmJe3hagkjVTYyEDDBowIyJaSBzj5W8FtZNRgcMmkyginz/G931p3jRvVhfsBwAiK+G63s81mY+Px2CaTSe+WcXjc6Woa1wUK3Xw+t+VyaYfDwVarVe/8P/ay4TbDGMFtkvv93q6vr202m3VHBTCx9+wLLw/zBYc+03ZUg1POQKJ957UHp69KBzyCNptNt+UdiqzX75x3VKYof807RUPmDIMlb06m4nlhPSWR24IVTC8tUErxORcAi+YsG68YZPJ2fW/Rgg1mnL4aZbn92NiCOByOyxS1ixp0S4BYidHgW6eUosVUMs88ZV/ntc4P/MaiGbxXMeYOh4NdX1/bp0+f7MuXL91/7xI5rcOplJeatHLzuiSdj6RscR979QRPwG/tM8hYyBI2gni7KPibz9/UM1UVr3j/PYqwmoYplbnaLlHYGiqJUyI/omc83j3DgGJc9AWe6+3sCKN5Mp9HeD2bVTFTxF/UOxp8xMO9nL63w4TxG4+nqExMpWPFa48SueVhDU3XwxE67lNzNkUq809Jx8hfb6xNJhNbLBb2+fPnnnddydxlHWSz2dhsNusuWVRs9x75dWoseTqBNx5q8jrm/VuR6txN0z9rdTabueekaruxXgg+MZlMbLlchvp0Db239lPdAI5F/D5V5pwMvtC3RRfj6gciNeCwd6KCaA5XS8w4PWHFzLk0fVYA1JCbisPl8cLz89zH7NnTIDJ0qWKsbar5RWlo+Fow0jRP2/CxSgYlfLvd9gAyjJowrvIlS9FZXFD2sCV5NBrZ/f29rdfrroy44AnKH996/vDwYKvVqjOszufzF9uPuJ1YcdS2icC3B5Z1HHpHYsBDKGWg1HxVyeGywpiNG1TVSyinzEVKkVcnnlN8jpHSUGDrKb+RwPeAlD730o+USS+cV3eNk6unN+dylEoTfToejzuAuN1ubbPZdAo058s7BxhsanqYo4iDOcg8Zjqd9i6cSY0ds5eG1VwdFVS/Z6rt0yiNFEVjzgun6ekz5WsqR8zsxTYyHSeIi7FyOBy6RbD7+/vehYBeX5YqirVySOucS8NrR6+dPjKl6q9jF3OaLyhimYhLQMysZ8DRPJgvMN/wDKn6bGhdNExpv+eMOEPLUUse/vLmjBo8PdmsYZQ8o6nKV8YlWiYsoKtRs23bbu5rehhLWhftf5RJL9JShwq8h/diSkZH7VhCQ3hEiW6jON7DOCWyktOr1XXOTTl51DRPF1s9PDzYbrcLL6uN0sZ42mw2tl6vOyzk6UjnomPkfw0/A5Xm5aU9tC1OgXFqiPNS3RBnrTJ/ivraqy8WaxaLRY9XHdM2b02K4bhM7HhhVr74/K3gnwvl6WJc/SCkk5hBHG8Z5zCgiEHgnRpSlGqVtchQAzCnxoPUGZJaZ82Pn6mxQT8IFxktPMbHZffanuNFSrXXRjm6urqyyWTSeYUi3eVyaWbPyvhms7HJZNI7g9VTBLjtsaV/t9t1xtumeb5gZz6f23Q6tbZ9Mi5C0V+v17ZarTqlf7FYdNuG+FxV9IN33he3awl5Y4nTUkXG669oPKkCwtvi2KOMt1vCe1i3eXP5UoqlB/o5nvabZ8CN2iZHpV4nqqBr+b243KZ81lcJ+OD+GwJYSiml0OE9yoCxvN/vu/7G9l1WZnXsR0dFjEajTtFBv2KMQZG9vr628XjcrYgjXEQl52+m5sFrKEnvlVJgt3TcRcpH9Azf3mIoDCvb7dZms1lntB+NRrZcLu3u7s7M4vMbo3Kesn9Tcl7n7V9FiSipJ/ezHjmiMprD6HM+vgfh8FzzKu372jCRQas2zXNQSu7qb/7mucmYlHGT8gtvuz+wFfAUy3CV9VwGPkaH8+WwODLAO0dfL0zDc2+RL7XrQvEan7eJ97pwr+2g+Xp9oXWLdBKm1Dzz8Jz2ucfvVRfIUcnYP4ZOwa/R/sD1MJB7mDOKj6OQsKg8n89fGJNylNKpSmloW+TyjDBfadreeC3JNyrLa8tKTwfebDbduf980SofOYK4TKw7wWsVz5U+Gibw7ATMG8Hbo52iHPdU5bjQx6GLcfWDkMfQwfzYIwLvPIATMXIFfymKlNEIgLOnKntlcTyP2Ssz09V5fcfpeOcMRQLRq5MqvilggvzUOJQyanjkGZYYCDOwhhC7urqyP/74w+7u7jpABC9TNrzAIIRxcTgc7LfffrPD4WDff/9910+4aRQeqwDSh8PB7u/vO69ZHEkA71e9SMvrFwbv0YfbitvCO39O+8RTODwvZc0HYVmx6Txf7dkY0jRN5x3MF4pw/6dIxw/Xmeuo4xsGOB5L3hgrofF4bOv1ugec+Aw2bhcuE8rD/afvOK7yH1V6tO6eMqRxPaoFHZ6SxWchos7YIgUDF7Za4j1v58c8YMO8N3ZhWAXBmNY0Tbfde7vdvuCJUduogVfHlweC1aCghgYOm6IIaOeotF9z72vSKUmjlDw5kVKOvPmh+WIMQAm+vr7uzffr62v77rvv7Ndff30xxlLe7aX1OAa4R3FT7eLFYfkQjcma/EvpFMqexzeV33EY5jv8PpIjHB6EseLJsqH1K+2rGsNFLUVpp5T7aDzp7+hZNN5YLvKlllhs5cUwxgdm1jN28mKch7M9HICwjEm8Lfpe2Tk9xsB6fARjM13s4fnrjU8uL/MiDqNl03jevIji4b/+VlmrclDbSheXS8Yq8mGjtSeXj6FTpKdj4Orqym5ubmyz2fTwmoaL2hnjBUdiqVHfS8N79xaUa0ct16lkTW07nLN9UrwUNgMQPJTxHs487DmPdzyPeQ6bWbeLUecM561lLB3zpeFOiQeVXyk/nEwm3Y42juNhAk1H8/HweVSuC30MuhhXPzix0GQP1hRwzJEyzWOIAZ0yZV31Rngus2dE0DJqWt55U1HZ9KNl8AwR/PEAyxBihqptxuCItxlfXV3ZDz/8YE3T2NevX3s3juMMVQAt9iq9urqy3W5nX758sdVqZcvl8hk8/lkenMWKrUVQKCB8sTLuCdIU8Od2T5GnrHL6uTasVQwBJFUxgUK12+26dlDQHinTXnl1zKghgr0ZFcgMAYVaR/Z6Yr6BZ55RlH9rnYeCHq8+5yIPxEVzFoosjsjwlD3MMSxA6OIKwqliDMMZz2d4BrCxlRfL+LmWJQJx3nirbZ9U2FPQ0P5PlfMtgGhKcfL6xzsOB+MBC1+Hw+HpAkDi/fBC4nGQM6y+VVsxjyvtYx2zNeHPRbXl98LmZI73jfSisF54DRfxO0+xOxWduk9yYyL3rGT8Y36ljlCCdxIMTLx9H4uV7K3KcdnjlC9G9Ehxpi76adkUh6Tqqx6t7IGqeBbhuEyMraN20rxKx5zmzWFSWM/77YVJyf73QNrWqTAlhHGGOxki46i2uWJSYBzspuAjkbxjvj4Kvbf+fy1iXgJsCT2Pz45mivQOfga9c7FYvFioeW94bSihztyGnlNVrk7RfCmVbxf6OHQxrn5w0vP7IsCl37wqpUYcUAlj9ICdgiSUi/Pwtid5dVNjpuarZVBvT49KFB6up8c4FfxyOyrorAEgCAsvSXjG7fd7m0wmttvtbL1e2+3tbdfvWKG+v7/vGVM9j0co8ZPJxNbrtT08PJjZ06pj27a2Wa9t9+d2IHirsocjjKpQJsz8W+EjA5DXFkOV8FIDX6lCCaWDywpPYHwi4wieRYAez0oEMRtYvTRScyZFfImFehF7/cWKlSp5XJYaz3ety7nIG1OREVIVDNSJz0i9urrqLncAsYEU807ne2QAgcKNcQXvVaSLMrDinxpfOgY9fpWiWgNsCQjPUSkgLU3rvZHHn1TWqhGnaZrneWrPistkMrHtdtvbSq5G9xydKlxKQdC6RbigNt/X7l+eZykDBH57ZYxkHb/P8QqvDKmwEdXKjJr2PmXfHDNGawxuZi8N1ooxedeV2fNFY8z3gQn4ZnbGtXjPvFzHixpMc9gBcVL8M4WNeDGVjSqQdSxDojbSIwPQHkjf64sS3OPNiRq+kJJTQ8aph+3emrhvIp7Ttq2Nx2ObzWa9W801XIovQMbgCDEPj17o4xDPc8xV6JNsMPfiRdgZ2H82m9lsNuvxk1Ma3k+FE4/NW42r/MzTdWvwT224C71vuhhXPzipp1stU1MAZfZSiU+Bfk/Z0LQjwypAGBt5POMVCwUul/7OGbe4jp4xNGcIVSbqtZGmzwBd09e25TYEYMch46jbdDq13W5nv//+u/397383s6fbQeEVB49Vr22RJ8LOZjMzM9tut51xaLfb2ePjoz08PHRbRRAf+aS2e2g/lLR1qt1rxnJKkKXS13GEfsOqPRtco/J59eYyRQpQTtFgQwqe6/m6pcRKIp8p6hnHuW5efbhsubocCxZKgFWO79WWAfOHj9RgpdE7z477Secev2NPViyiLBaL0JDj8TmtF5dP53ukgNaCvUhhL5EVER0LmF8bcHtt4PWZxsmBbDau4MNKEC4V8XhtCZXMn1JK1YXHgDeeU1gileY56Ji2K+GX3vPU3DuWT0b1UWU3lU/pOEkZ74akW0qlfYHfqXJyXZiHM+8H327btuc5zkci8QKs7iziNHRniBohURb+1t9adqSNuuI5G3IVe+ouLz4yAEaWEhzHWJ7HNb9HGVO8KjdvUlhOeasnM9+aauZKpEcpeXIexON0Pp/bw8NDd4xFiqK5fTgcbLPZdJfnvoc2PRXl5LKG+cjEPALYYr1ed971NXjC7JlvXl1ddbsfwT9KMPs5aAgGrSFeJINuwHX15HuuPOcu84Xehi7G1W+AGCSlDDxKNQAu9T5Kj8EkM2/PsKoAMAWGPUHgMbcSkILnHsDTYONF7gAAIABJREFUdKJ8o3xQf75lXuvHQBSCiWm329l0OrXRaGTb7dam06ldXV3Z169frWka+9vf/tY7y5a3sOFyHHjAokx8Tiq2DeHsGJwhhjA4KzLyVmVlxGsDHgcpA2vUL/w7J6xzRg4vvCoCiIuPeiNGc4bHQTQ28bu0Lt54Y6/kIR6jMMqa9c+AyynfHk9R5bUEqA6lEgVF+VQOtET9wOMfComeB8lKN8YIH7WA9PEfYcD72BMcZxnD4I25mPNg1u+SMa99ljPyfMug75i6pWSJUumc53HDxlXlA9GY8NLKzZdjSRVyPPPkXJSnx1u88KXGmdegY5THoUr8MUbRUxgOSnHlMXnUxE3JWP0dpaPvWT4yjsJz794AKNmM9RCejxLAfIZc8LxGUQZQCpfyM5bdioUZwzDe5nxZvvGZsYzX2euWFwo9GaSYiY2xXGYvjNcn3nzL6SUlY2cI76g1lkb5l8jZ2vJhjOHIrvF4bNPptNMX2OO4hJ+iz7fbre33+55BqTSNU1Oq3Yfg4XNTDoe+JmEeXV9f22q1stVq1emEkayO5hh0kNls1jOumj3vuHkLOmZu1+SBuYA7GXI6YurZhb49uhhXvwHi1RO+tVpBFn4zqYHLM+h45IXzDAveofJ6HIAa3qKV81RZtE5DBXCkLOo5UvzcA5RcN5xdpKCEAaZXVwXH8EydTqc2Ho/t8+fP3TmhWH3E/8lk0qU3Go16xlUWpugPeNCZmU2nU5tMJr3+43oqAPbGAbfH4+OjPbatWfvSqKptVtNXOUqBGs3X2yaPucRAgr1E8I7bgZ/p79QzJT3bzJs7Q5RWjCV422hePJb5uY5d3cJXU5ZjDRPHGoW8ccGGT+Y/fDRA1B6I37ZtT3nx8sW4ghKORQuca4b/nuFb5xr3Uc7wUdpmQ5S5vxrVjkHPQOLJAfzmbcRq8ECcc1Ot0uwpZpEB6Jj8o7Cvpcx7ilMu/1OUb6gRSI1YKI/3O5XPUH5yzFgtMY6lfuuz6J1nTODdBby4DLnJZ6/jvecwAC9C9nZCGD4yIFVPHXPMMxAG/9WhAQZiNtzCwKseryxbGA95Hq2MSbkMipU9Ocvf2u76zutHDy/nxkCqfWvoFPijJq8hxGPw6uqq815NYe0cv97v97bdbjvvVS6f18/n5smvSa/Z5+cklgdN09h6vXaPjPDieQT+MZ/PezYIPnLwVO2W06MiA/CpxqAnI1QnqElH6VuaLxd6ootx9RsgBTYAUOfOj8kDRuzJxYZINSyqwS3KIyqL9zvF2GsYGQsjZaR6tquXJpRkGFQiI4ka5xQs8+VR2OJze3trX79+tf1+310yxSB4NBrZ7e1tZ2gFsL+/v++2/6vQwLl+k8nEZrOZjUaj7kweKBje2WLc7t55vq080/Y6lSAuTcfrK89YBirZ8sLPc4qc947T4DEHw7wqSVHeEfHWMJ2PbDj2xnRkPCk1MLwmKU+IgJdHaGfdEqrKKcKaPR+rga3brCzrmEIbYx6Px2ObTCZ2f3/fuygOSrwacb165Awor0lD595fgXRue4YS5pmYozj3DmOHjTge1crN2ne1srOE1FDkvVMel5K7Q8pQSpHBqCZPrkuKd6cMHl44HUuaX0o+8fNTtNkxPGjI+IzGRkouM14B3+f5yThajYtm/XPaOb6+g3cTPGHVWAuDrcplLmdUR/6vsgDpsmGX+YcaQrR+fN484uYMCuyRq4vELBu5jixfPX3AWwDGb69thlAJJmS+PSS9Y8qSCw9coQvhk8mkO7MbFJWfMaDWHWMVGNLjM0PLX0NvgR9yMmZo3Nck7tf9fm/r9doOh4ONx2Mzqysn5uf19bXN5/PeXGZ9dWg5h8SJcP652t+zCaTyzZXjPelQFzqeLsbVb4AgWBkYArgxCGRmwIJRt7OCGKip0cU7d5ONNHr5j3qEcTguH8JzvbSeOfLAgbaXF1aNRVBsuUwaT9tFlRMATd0CFoFoLy8888oXeaiyhyuEJ4xzs9msA/uTyaTb/t80z6uZSGs2m3V5q4eGAtvW+v2obeoZLyOlsFbQc5/obzYiaxk0P6/sGK8lYzHqTwblquh6QpjT4EtsEJ/nH3uZePmDMFZ4vjOYhjczX17AZwyxUZGVTmxpR3pal9T/VFuWUGRw4XfqZYtwzBNhyMSCAoNHbXO8Q3x4miINfHP74Ww+M+sux4LRDBcBeLf66pZNJo+XR+2YMsRpu3Ado3bVNj5WsR1KNfl6RrDU81y80jAej+P/mDPYSseLcdPp1MysM5CAeIxFFLVNqTKYi1+izKgsTynimq7KVH0X5aNxaudELlxufKTK59GQspeUNYXXclSbr9dHUbsMyTslaz186o0hbzwxztvv990CpBog+agWs/6lg4x1GecCL8EoxcZWGKl4IZzDaH243Ip3dI5pH/BRBXjPZ4mjjnzMTYRNkV6Ef3PYzTOipvqIy8+6DHikV2cmXTD2cGeK+BJQ7ofICMntFKUfPUvNG48iTMDzoW3bbgF3vV53z4BrVI7gt/bx4+OjrVarnhMHxy2Rie+FUuNlCL1lPaNx5tWRw+Ky4mieM4E/gkfxOL29ve3u7gCldm/lKCWrS+RulKbOrRr5Fsnypnk61gvOR5gnvLiRK2OEi94KT1/odHQxrn4DxJOdDQMMnHQFuTRN/I7AKYeJjFUeYOIwCrBqSMFVjlF5ZdRwkYKi4VJtgnIw+FBjM397ZeUyM+jhbz5Pi4EQlAR4x3F8ACMz671D/lAy4ImBIwI8wN8rc9sat6j2cwnVjE3u76gNo/S8cRCNjRrlOVLgOI6nEKXGohqzub+9eZ1qQ1aiePx5nikcBuOGjY147x1FElGpslFKqbgRiNY2xIfnKveVZ8iO8mMeDPDVtm0HZJEG0+Pjo43H465voNzimI7Sete0Y4mxy0s3NU5fGxDW5qf1TfGGWgVM20h5PYeLyo2zlHe7nY3H42673f39fe8cRK+cNVQSryTdaPxE/Cw1b0rLeYpyn5pKx5XGqaFU20V94MV/70pbafk8+eodQWUWy0Xeoo/3wEYe3mHcxHmA38MwyjtNEJbxFz5YxOTLr2DIgJxho22uviq3WD5rHdlLFunzOz4vlmW84iWWkYxlEYaNkFxWvONjDNQjX/EJwuFIBhgNVT5ru3A59XkJKTbg7xLSuXcOWRkZ0ZDXbDazh4cH10idwp9MkE3QKTTfqDzvjd5z2c5JGMfb7dYeHh56i7klbcLzdLvd2vX1dbf4e6ry1Tw/dT65OKo34Dl0bl6UUiNrrixDMMSF3jddjKvfCLFSjw+MIgq8QEMmcEo5NHt5SQ6DUGVQOaXAU6xKGGNtvaJylIAOD2xp/b2wCkhz6eB7NBr1bngfjUad5xyX93A42P39fWcYhaGmbVt7eHiw7Xbbea22bfvCO5Lz54PJPWOw1jMyUkZtXUJe++TGQipvz6CqZS4VjN5vVXRScVPEoB7KlnpTq+E8VV49qkO3GnNYNuzCc47Bg26Zr6UhSkbOEKNjN/cOBN4JpZOVB56vnnFV+5uPAOH28vgvFkLYO9hT3L1yHws6S+aHN6+jvEv7U9uhRtGN8i6hmjwio3Mpz4naDRQpr2bP/BYLGV++fOm22nH8oe2Qi3cKZabWeMFU20+nVr6GUKq/c/XLjZVcfq/RnznK8YaISsvu1ddTdFN8X4kNf+C1bCD1MBrSYjnK+IiNrLqIxhiYjax89JNiZdRLz2aNMLViTDW0qfzmm+UZA7AHLafnGWrZIM040utfxcass3heomxgRhuaWWfkg6EPxyywgTrV/6U8md9F71O8zhuPQ6hEnnjynI2rs9nM7u7ueperlXoZAptst1vbbDa9I5B0gf898OO/CnG/e9hDqW1bW6/XnRdzaf8z/wDvuLm5sdlsdrI+13TOMY6GpBnNLbQf5hI7piDMsflc6OPSxbj6jRAbWgBIeKuR59HqGb88EKHAMiIvTS+uZ2CNmKoXv5ZBKsDkZ5FBISWoapQZtDeEEtdJ43jPuDxIhy/EYfDPwgnlZyPYZrOx1WplDw8PvdshFajrN5QQPvMzJ8C1bfV5zojp9XcK3Go+OsZThlV97pWR35f0f1Rm77mnmHqARRUoL9+ccAZAAuktxgy2WNFRrxTtS2/8RoAk9yyqW/R8CCDh9NjDabPZ2G63s/l83ilrCI+FDCidrPgpL+P3iMdtxmH2+313Lhor29ymnuJ8SjCWSieVj/KbWqrl5acE3DXtVxIuChMdLcNzkecXjo2YTCb28PBg6/X6RbwSeexRjeyqSa9U4R8y13XsR/mVvC+hU86rEvygsq5EWVZs8NGMGjXjIIUNVXaqYVK3havc1e38bCjVBUS8b5qmW+CGURBp8/E44OWcNxZIGMNBBqAO/EG+uKiUvT3ZmIn6lGAEjqNGYA9PsmzjBSC843ro4qDKKT2eAOFQFq4HlxFtijKiD+ABDC86XLjEepDWP9I7PCrBMLk4nHcuTC5eLk+P/2EMsveqGrFLyoAxu9lsbDqd9nQIrywXej1SPcXjjU3zdOTXer3uLdaWzgXQbrezq6srWy6XLxYyTlGPc8ixSKbX1h1xWC/CkV/KL4+tx0eT6Rfq08W4+o2QKvYAF8z8PEORxlVSUOopBpERC0CNjRcesNGyaz4eMPYMDSVtFBnQPMOH11aptBlI5gyGKgC1TVQY8Hu+qdU7j5EB9OFwsO1uZ2MSpNPptAdAER6k2+lgePPGiVfXY8DrUPLGVC5tD4h646EmLf6dqrvXZ+r1zXnquW6qrETpMnHabDA3s06545VpHR+sTLFhSPu7ZPyXlLc0TMqIEwEUVe7QDvCIwTZ+zDUocmYvty963sBcLi2Dp3AeDofOk5zzyQGslHKT42GpMe3FjQBqqiylYXNp16afi1/aRqnnUfrRWNQ0MVYwnjDH5vO5LRYL22639ssvv/S8g4aMh1IaMs+8uB4/qpWhXloa5ljlI8U3TkGlvM2bC0qekSgKP9SIcy4qbdMU/vSeq5GOw7KHJhvZwO+995Bp7MWKdyx/9bxSjo/3XC72OoVRAwt3bJj0tvmDeBFG4+jOkUj2efgbR5FwHXg3i4fdtZ66tZjbhMvN5fB+oyzesQzAsoxFUTfIZr4gEsddIc2o/jny6l2Csbz+0P+lc7OGz3l6DJ5hAXez2fTwG8qkcb164GgAXHyb2llzobejCO9tNptusZaxqreFXXEfwh8OB/vuu+86r9Vjy6hjTXVjL8wpSPnQkDxYdyjRE3OU01su9HHoYlz9xgigCOCGDXFm/bOVPGYQgVm8U0AL0rSQTs1xAAoqSxUPJo8x63sFAzngVMPwNB3+r+0QnUelgs7Ll/s49X40Gpm1z9ud5/P5i/P72CjERjTuD6zMefVLPYvap1YI1YJL/l9iNNF+KYmn80D7ksvOYzJlbIlAESsU3F9MPLejcrPyafbsFaLHUyC8HhugvGQ0ej4bNGf0eQ1DRskc1b7BucLwMMUtqtvttnvPFLU7fqunIiuZ3rjA/GqaptviyGNGt4NqOl79vLauaf9oDEVA+JxA8LVAplc3fq5KfSq+8n3lqfoO/b5YLGy5XNput7N//etftlqturHp8baatsmNmaFxvbCnULqivKMxd6xyo3NzaFrHjFfFQJE8KMmTx8e5DR8lc2JIeiVjVucd4yheLGTDHLAR+LIaFhEf6cNTdbfbdZdRKdZm/GBmL/JHGVBOYC14kLFHKhtjVT7z8SBt+3wOrLaJ4k0Oz2NMdYQIy7M8Uy9SNZ4qxkU6ilFQHrSH4sOoLz3erEZW8FTGtCq7S0nHGJezdI4dwxdK52+H+Z18r6+vbTab2Xa77S2e125lhvcqX5b7XihVfq+fXgtbvAfa7/cdtvWcaZiidsRdHjc3Ny/u+6jFIzVU22enlHu5MYWLCcFfSrzCa9rp3LL7Quehi3H1g5NntGEwBFCi3ocl6Ub/PSbqATLv/KScYlDLnEuVD81/iJGvBPBHhrfIkMcgGH2VMpZ6BjpWFjR9eOCN6eB/Bbsw1CFtBrkwLrHyoHXyzl1KCdpaI0E0Fr10cqTKhj5j8O2N11IA7RnR9LeZvcjPyzsy1Gg++J9SIBQEcF6sbCEdKEcIA28FVVRLDWzR+B0KyjQup6+/vbzZU4mVMXivbrfb7rIp5KWe3Wb9fuQLI6K6Yb7yu91u14G1yCM9RccatTw6J2BWegtFZ0ibRXOPnzOvVYOPfo9GI5tOp925eLvdzv744w/7/Plz7yZeb/HLK9s527G0vbxwUdxUO+KjPE1lZ1QGTi9X3hqqGTdeO0RpqmEvJX88A5O+O2Y8lMrvUxH3aY0C7e2gYLnEhknINFwmBS9SHPei2+Rx0ZRZ/zJQnLEHxZplpp5jysZTGGn50ijIHJQBYbhdFJ/BMxMyGYZbXjhX+YIxy+cD6jjz5Kl67OrRCdpnngOH7vrQeY16o73xjo3R2s6KSZE/2hYGwOl02u0KYaxbi/11zpfMrRKd4RzkyYimeToa4P7+vhujeF5idGYj2m63645j+FYo0mvfApfUUCSLtOzstVrjban9fnNzY/P5/KxtE2GsY+hYfBxhGrWx5ORXCtdzHudogwu9Hn07nPEvShHYxpYjnujetmNVZJi8FS2d/JyOB3R4tRlxIqWA4+RAtuYTCRf9nVJOUlTK4FKKIoN9bgfPkKLAOKVcanz873nM2bMhyROoCnYZyHM/a720PNoG/DwS5DllU8lTAEqEJofRccvvdTyXKudevXUuaP4aX+vLXi9IgxUEb1xENJlMbLvdvvBWxYVK3P86Zxlc8XZ5Va6i9koBsQi0ePUqUWY4jC4ocDmm06k9Pj7aer3uvAOxGDGfz208HttqtbLtdmvL5bJTXq+vr3sKNM8/7hNPYeV6Ig0oy4fDwcbjcadIqmd7jnQ8eW0zRDlMtX3Js1pAW2qMyhHLPfxXoxyPbfY68MrMW4X52BWzZ8OD2ZOHEBs/mM+jHE3zZETHFlYYUe/v7+3333+39XrdecfxlmVPdio4H9pOKTqmD0vjpnh6JLeiMV/Kt710IzkW5auUepeTdWw8x1jki4VS5I2JWiNSCXmyKypHKY8pUSpz8lXzxtmAbBSEYdPsaT5ut9vOGwtGTpb7jJl1ARlGWjYI6jZR9B14POrJ54Vi0QTlhCxgZZ3LgnSRJr5RH6TJt4Fz+zK29HQA5Yt4z0cH6W4OJvBR8Eu+aBN1x/jmduM6K8ZggzAM2jjCh9vFwzFoZ2yLx+Il8sp5m4GXe2PVcyxI8Y/UXIjkTg2xjFMajUY2mUxsPp93lyTqsQm58iEcjKuz2SzkO0Pl9jF0jC5Xim/emry25bFzeHy0EY1TzK37+/tuHjG2jDAR8kL64JPz+byHrYa0Uen4qNEXo3inmlPcTpw2G1fxrTIp918p2kVwoY9DF+PqN0oAdPjNimFKachRjTKj4CxnYNE0U/l7xopUeP0upRqDkPdcwYbX/p5hxuylYUhJATficHj2jPD6iz9afgiByDOE66h185SlXB+UjBNNO0epMmjdvXi5Z1ymSIjqc7wzsxfz0vMKVWLDKoMbVSyU9vu9zWYz22w2XVwoZvAageGQ68tlZwNPpJRpPVP9fgrgk3vHbcuGKhzKv1qt7PPnz3Z7e2uTyaQLP51ObTqddoowtkPhvwcs0S/ec6+sPId5HLCSH9WrVhk7pq2PUTJSCl8JDx1KbFzQdDFPPH6rygaesdEAz2GUgZEUxnGtz2g0smY0soaecbq///57d+EgxlrpTb5vpcieijw+E8nIEiMch8vhhBKjh1ee0rBRuXLkyRFPRr81pbBJbfyUwpmSq1EfNs3zOZ3g9zgCBsY13u4PGQgjKMth8HQY9njRk/k25rrKb90ez7faI382eHgL4VxfLv90Ou3teMKiIQxgSI8vIGJ5o8ZWbWMNzwu9vBjAbcVGB9Rzt9t1z2HkZtzBdcOCr9dfaD8YSnFUAxtxua3wHvnhMibvPFZvfEb8JUWlcUoxb4pK5xrGF7x4Hx8fe17VpelDdmJ8TSaTQeW+0OmpbVtr7OVCMuaAWZq3ev/NrOOTs9msM65GeL5Uhx9Knn79ltQ4Tmjdu4ReqLgG9NHx3IWe6GJc/eCUUh6gnPFWYE9Q5n5H4ZGvx+w8cJhThjxGlGI0Cjz5uYbT/6k8SoTNkOd455WHnymATZGCXt6mwwpFdESDjgsdT/hGX6a8mbVuanDLCVWETSnWXpzUfy/96F3uN//P9b2OZQ+kc7thtZO3wUX90rZtz7jHbc9b/ZTgZeN5wJn1z17DWVooF/LlVW+NH/ECfq8KGz+P4umzaIyWKDxc9+12a23b2nw+727SbZqmM6Bipf729rZT3rDFEIAV+UdbDVXx9JRYVqojT+QSEJYb+157lFAt0PN4dm6+RO12TNm4v1X2wejARzhw+c1eXsjIRg82WOD94+Njt+VSlX3eHqzl4gtqEFbLhHKVKC7HAvNj4g9RnEry8/hKbv6foh6voeSovFGZWyPjXotS7ZLDWxy/pM9UGY0MXpqfej6iLdnTFDwXcxYyjjETb+fXbfdm/V0enK+WnfmBWf9MVqTL549GC+L8u21bW6/XXXlgqIRHK3t38iWNKodZPnHfcB0VVzBO5fAYt1wXbic9aoEXL5U3Ih/v8iSUFZ6lvHjqyVu+rJIvvrq+vu7KG429Ej6QklkpPe215jPaAx68Dw8PXb/m5IaHw/f7vW02m04GXgxCb0+so2EuPT4+dou23njW356+Bow6n887B4Qh4/aYsc46iIejI4rmZSnGTJWnaZrOS5jT1bmSe6/lutDHp4tx9RslZqIsPJlBmfnKeymQQHwPmDEoyzEwLquXdwRIIkGQipeqS87AU5OW5s/t5SkUDCQZ8JQID1Ug0I5sWOW8uCy6hVmNDNy3uv3J7OVWOc94pr+jOnj19eqf6vOStD0Fhf97ZU6BCU+QemM61YesGLA3jFcX9pjhLX8836NywqjESh9fAAGPEYTn9vfGCyuoubGaUjBy7TM0vDdueNHB7MnQNp/P7fb21tbrtT08PNhyubTJZNJ52+A8vM1mY/v9vueFo32gil0K3KFcrPSyoq99kKp3lM8QAFkCPM8NAo9NX3kTyzwYOqFUYzuu7hbw2pz5LXtN6bnmPPfh6aN1Y3nJhlw+fsAzVp2ifc5JHu+IKBrneGfmn+3I7/n3kHapUbQ0/dr55eWl8lcxgVKUZ01ZTj1+cnyO/w/tI/3Ncs+be2y8xHyFtyTmG+/YYGMf4yfwf8hLxbqcP3Z+eJhJZQPShoGPcRxvhUdYD2uzzEY8GFhx3A34lB5Nwu3p6QQc3jOuskGSeRjqggVK7iOWbTjOAO2O/kB6bNgGpjXrX/7VNP1LZfTsXOUXODoBXpfT6bQbA0os373x6Ml6j0rm5TGGnhrCxVa43KiUGD81TdObT97FVp6uc6HTUNS2qgu0bdudtRodf6F6KuN5HtfX19c2nU7N7KUnPqcTlS2SeZx3VL9IN3sP40t5J7c93nPYHLbEs8v8+dh0Ma5+48RgJ1JKPFCsDMIjNU5xntH7yPjmKU5eft7/EkbO+aR+5wxDXtolcRCv1vCkbeTFgzBkb0YAa/V+gCBgIcAGALNn7wkug2fwizwga4RCzuDGdeTxGBlBvWdqQOVnUXpR+lq3aNxwmUuAN7exGir5P4czs57SoYZ0JQArpNk0TacIAjRhK/zXr1+7/GHkQX6lbaPvo+dDlW2OHz33vAAxP0Dw8oECDUX05ubGzMxWq1WntOlZc5ouzrrmZ2o8UkKf8q3w0bzPtZPmcy6FLVWOyAji0TkVSgX73LZQNMAjeXzrdmCdf/jW7cBs0EHdWQFXIwzCsLLK4aI6qWEp9fu9Ua3xwRs/qvR5MrO2/seMwxxO0nxSstI7UoTL5+EtDVNKOZlbSjrfc7wrkoeqWKYowrOeAZDlHjASYyU+65Qvh4IcAH+AfGDZi/Iyf/GOE/DwrWIQvthKvd8VA+GbPUp5Jwv4Fv4z7wGx7OI28vrE60vFjjCQ6vEDfKY7H4XA+eKcWbPn3TIIjz7RBWXmpagjv1c8pXyVjwvA4rJSh6kcfQj5cl1TPJmphmekqDYNjAnswNlsNj2ZpWlHfBb/sdA8urrqPPh4jF7odUnxxn6/t9Vq1c3BCINEYxX8zMy6ewhOKWdS4Ur0DOaFPEY9fcxLq0T/TJWVsWVOz1Pywp2KL1zo7eliXP3glALaCvoYOHrCPjfZOU0Fhl46nlLqkQe6SxnMEEbmMcFSY0FtviXligx2LCSjfLXN4FFnZrZcLl3jqubL52bpFjkGvGxMyG0DGgIm1ejr1VfT9tKMFNESpdQDz6m4TKpEqQKi35w+e9cwUIg+iM+eN94WZya+jVePALi6uureT6dT22w2tt1urWka22633Xa+VNuVKGYRzyihSKHOpaHKGEAmPFVgUL6/v7e2bW0ymXRb3sys512j3sLqHZMCiDznPHCoq99RnSNe4bVXCZ0S0KXGQCr8MflHcble7E01Go1sNpt1HmOPj4/deEeY1LxHmb1Fy0jRxjM1kmhYbQ/P++o9kyo4pXxTeR6ecxiz/nzx3oFSylZpmTT8qfogVSavzbRdovROSTnjSM27ITgrkplcvigNbi82birfVoMd72iAPGTPSW8xmQ13eK7e54rFOT6XhbEYDJR86RLzDt1d4h0rwjfCaxuxrGHZxscRKH9iXqS8DGXVrcd67AGnz4ZqyGOuC9oV7aF9keIP7G2MfDxZjeMSdjv/5vvOG7cC6/IzT47U8qKS/PC8hEc1TdNdoghs5y1KeP+VT0F2Xl9fW0NG9Y8ir74lUjnYtk9e2uv12n2vcsWTMXiGc+Vrj384B67DuxQmSNGp8C6XwdshWqqfRBj4lLj8Qq9PF+PqN0SRIs8rurz9+FTnecETAAAgAElEQVR5MrNmcBttIdZn3jeTZ5TKEdefn5UCfa1jLl5J2TxlTwVdpCh6eTExoMa2sNIyAtSjz3DeJIAsl4PbsLT9VHmOwkTpeeOG0/VIgUIEGqL/Gla/o3GlCocqU/ob6UVb2fS4CKamaTrAw2eYRfVgQzs8LBEXnjsox2w26xQ6PONLJzzy+i8a07VUOx8QDmHZ+GxmPS8lKAhmz23ESgPzTVZytTzR0Qis9LLSqMow8tU+1DbXeTiUhsZPzdPSeKeUP6XvoaTPZjObTqe23W7ty5cvvQWplLzw8vN2aXhHpeBbjSSY1+pR4uWr7VfTfymZ9RpUwqu5TTQut43XV5peTjFJtWc0TjXMKRWfVN+nyvFRKIXhorGpzz3jgfLmtm1fLCjzonB03iiOy8ElSZAV3vnJIDXWKg5gZwb2IkVcGBp5YRXh+JgYNgwyv9DL+tTrWccU8yfkwZ6h8ELkiwB5UUrriF0vKCd77uI5e+XjG33ERmh8cKEY0kHboK2m02nnbcr9H2FMxIMnsqf74P92uw3HYTQnI3nvyWxOU9M51XzOpcW4FMfg8IJ+jrSebPC+0NsTY8vHx+eL+jzZ6j2L5CL4YoR/hpYV5ciF4fJG4Y6dQyXlScVhHhuVN8IYQzH1hd4vXYyr3xAxwNDnAFAAU3wulJnvPcPkKRIRYGAlqCRNvPNc66P6eL+9/6XvchQpX6k8cspXxGA9Y54q7YiPD3s+AERq+VNCFHF1ezn3H5+pxZ+UwCtpB22L1HNuo6iOXFcVdjpm1UtN42vekSD0QLgqW9q/SE8N2Z4Cyr+hvGBLM2+D89pF286sf6Yj/s9mM9vtdvbw8GCLxaJTZBaLhf3+++/drbBe+bxymvXBV6r9SpSCGuL2gAcLn6uG8Y7bhh8fHzvvGCh1rGzhvExdnOL5F5UTz2DMZm+dw+Fg6/XalsuljUajzlsYaapxPsdfPJ6cMmqVPIvCpOrqpZcDoqX5a/pReviP7Z5t29p3331no9HI/vjjj85rB7xtCEXyjXmNp7BoWH3OCnpKFtaW89xU238gNQ5xu/JzbVc843cen+fvKP+oDiV4SPMsIU8G87tUepGByKMSfp3CVFH+Q/i1zhdPEfVkqG7Bz/EVjg/sC4Md5jsvQOMMzvV63RkSmub5LE82cCJdbgNvuzvjI5bNLKNRZvaW1aMA+MIl9mT1PG7NrLdIy2VBGuxti3i8ewWGSO8iVG5vs+cdN1wOlI+POWFPXC47l5vrDtkcGZ7xTtuSFzC5fVAH9ViOdBOQXqTlUUoH0Xns8YlT8eVcOmhXlGk2m3UXeeI92jB1FivKzzoCxstryJj3Rrk+jXj1MW2V4+mj0chWq5WtVqseX0zlyXiTZe5oNLLpdPrismTW7736eLLYq4NHuTlS2nZRP9TI65ROCAIPQ9vn0vbazeujoXjqQm9PF+PqN0Y6Mdnow+AnMhLkQHEub1Zqlfmm4vD/nPDJKfU5pp1T5N8bQEA5ve07IJQZK/ocl8GmKjae0GLvAfSHejvgd0lb5QRZymDJ3ymKQIanhOl3FN+jEoVS55JXDyg6bFiN+k3nEs9lVRpKhDr/hvKGVW5sgV+v171tz7PZrDs2gG9MjgBUiUGihEqNQl4ZAAZxS/JoNOo8fdXjycx6njIgVgJZWeSti8yvcgAMRl4sbuGSAFaglS9HhhyPjw0x8oCOBXIRP9H0+dsLX1OOiG/gObyxr6+v7ebmxh4fH+233357OifOWRwaOka98pxKjqhB6ph0zNILlznK9U9OmfLe4YxJ3nqND3v3RUqql4eXlyo0teV8r1TD8z06Nd4ZqginiBV75h/R3NOxrTybDXVN83wGN3tv8q4FlrPg0/xO55QaA1nhRv58cZYaWfEe8hnvUA82RKJ+bKyMLkXkdoDREsZKnNOvRlzEM3te2PW29yMPNUjzeY84cofLh3fT6bT3DvVB/dkLj72L1WCruwDUmIx+Bs9hGa80hO+m8OVbGk64Tcysw/kYm3qslCfLFIciPLAj0nhvOtS5KZIZkYw6Nq8obbzHoj0v1peky7oe5sZ0OrXxeOzq6hGdamx7+R1joyihEvuD4u8Ii9eWrVSXutD7p4tx9S9CvP2HlRVmJB5QBLHBSA0+HAakypAqNVHaGtaj2udKkZKm8Y9h1rXCJVIG+beuiHE7Mpgdj8c2n897AhLpqxcQ58MGOm4TBv0ggFiOn2urFBjw/pcYMku2I+XaNfXx4qjAVyGrHy8ODKs474tBK+elfcIGB/WKYdDskS6osLFd4/MWusfHp8uW7u/ve2PQA20lykPEFzyqmX9eWrz9f7vddsZMVqzUYw79gPaCMmdmPcMy2l7LkJr7UGrNni4IgCKLc265LzmtVLumwPa5FDivX7Tu3tjwFM9UvFLDkI5JPIen2mw2s7Zt7Y8//ugd91BKpe2YMzxyuBz45jqV8FgP5Kfm53uh29tb22w2ttlsevPL7CWO8EiV/ZwsBaXmTck8zrXtaxtPhtAx46EEH5W8174rjcPGPy+/FA/FuAKfxzZpPWuV5awa7cDL9agB9v5COUBwbgAGwIfPWkV8hIWhkcvK8omNpIjH8koxH4979QxF/sgb3v3QG7jcOLNavWL5bHd4QfIipm7vh8EU2HU8HndGbnhEIi8sUMJgi3eaPy+gop5sKNa0ouOUVCdSYlnNz7xvHpNvRSgvxsp0Ou2McCAYm1PyWtNEf8EI99b1fA/0Vvy/aZrOCx/ztiSOWX88g2+w16rqoUN1vto4Oaw0hFQ21JRV4+bk1l99LvwV6WJc/QsRjGQw0LCi763CgyLFL2IuaiDg/BGXn0WKOn9772opZ3zwjFu1jPwYgcqgRA1s/K2CEL+xyrhcLu329rbzxmBwrhcOsLIAYAogCgMblA4uX41Q9RTdUqWsRuipQbS0XPos9Z/Lp+3AZU6BcrTzdrvtgL03h9RoymnrJWT6ziO8R/pmzx5BMOyhDNfX17bZbHrjAl4t2n7nVtBTFBk4ADCh/DXN88VcfEEX6oqysMJt9myAZu8lVXZZ2UbeEa9RT6nPnz/b7e2tjUajFx7MqqR4hrO3APApRbNkXjOP03YbQl4boN8Oh4P927/9m11dXdm//vUv2263Np1Ow7jnbNOcQbVGYYmMRiVG27eiqF3n83mn5K9Wq56ir3XMKfn83GtbPOf0oj5PzWOOW0NaplR9zkVeWzKdYsxEuM0bs57hj8uSS9vjh2pA1PT5PV/mBCNrtH2cDY+804HLhLT4IkSUiz1eUQ42/EFGoBxm1i2+Ih+kjeNu+NZ7GD0h21BWbotIzm02m85ANplMXswT9gzlo3NgSPW28avxEzIOZeS0UE8+9xZ122w2PSMr4mEHQmTMRXn5citewOG0vK3wOmYifsBzJoV9o2c5OgXWwljjNK/HY5tOpx3W9xw4ojy5XdAX+/2+G7fHlvdCPuX4c9u2nW6hXvMp7MYfjHVc9joajaw1s8bOj5FKw3l14bIrfi6lGt0WxPqB8oKacrwmHr3QeeliXP2GyTM8AFDxtlh+VwJuPUWFvRgZLGqankHLK6vHjE6lfEfM6pxAIGfETZVHwbH3HKv/i8XCPn36ZLPZzJqmsf3hYAfHgMcfVSQAlABcsWWMt0xHSmGurUvr7BEro1660TsvHS+O998rnypo+kw/HBeGSrRv7mwr7nP1oGFDHC+OeJeZaTmhyPClGev1uqcUeh6x6ukZtXdKcdcynZqQJryQrq6ubLFYdDfEX11d2Xq97inFXEcuI/gatvEjrDdOSuZ027Y2n8/t8fFpe/pms7H/+q//6hRPpINPyXwpbesaGtIvpXE8A9NQIJwyTmEb6s3NjX39+tV2u51NJpMXyjDSeQ1FUMsbGUj1We75RzGwegSetVgsOkMJeKOWPRonHu/35oaHXfQ9t7OXBvOMnPGhZg6+dyUqN4ZULnrxot/4r22rvxHOW9SK+gn9oP3KhkXGUIyReYu8KsyKeZkgW9ngx9vnOR+kq+VAGnw8T9v2HSKapukMrfACxdxpmucdRxyXMQfy5jxgzET9eFcUyoTt/WzUxdzlizF5yz3ObN/tdl368FRF/ff7fYdDYEgFPkFebGBF3pwPY1U1JquXK/pA5b5Sao57z46dy+eQ6SAex1d/HsewWq1647+0Dmg/Pqs3tcD/VyLFlqBIjtdQSjfZbrcdvuW5XxLfrH+OMhY6/oxkVmggzI0fD6PUUo3BUmUBqBSzq/zQdL1dUCyX3jP+utB56GJc/QuQgjkAJAASs7TXQMQEPcaiYMYzMnEaCnhz9UiVJ0dRWC/fEoZYaiiqMT6x8qhGG1Xm8B7gfzqd2u3tbbeNozPCkceAWX+rE4AmFAR4EMD4BsMqADPn27ZtTznw+jVXVw2jhhZPcYqUqVReXhreJ1X2CEjz72jMoy58FADOx9U4XpmQhnqemvVv5U3NI/ZeRhrYKr9YLLqtuciXz25rmubFJXhDaKgRLUoran/8Bz/idptMJt3RAGbP88fs5ThkwMl5qELtGQp0HMGr6HA42JcvX2y9XtunT59sPB7b169f3fS8/kzxv9TcOCcdOyZy7zzAHgFjzBP0Mx/vwP2am9sldKqxnErHe+cpJ964+CigHuWHFysUxM1m0yn9XniQyopIhkRtlpM5HjGvThlfUrLwWAVzCEXjfohxKfUu9dzDhKn89bgIzHE2/EU7PSJcy+l4WEAxM5dDd6awo4KZ9bxIees8ZJLnfMCXDR0Oh55XKGQY5A7PCfYCZfnOHpwog56HypiQz9xkudk0/UvB+KzYyWTSM2SiHnw+LHvvAk8CW/D5tk3T9AyzMMCygRjpqccse8Xyc7QX8vfKxuVWKp2T7N3MY0vJM8y8FkV86Pr6ujOWq/dqhD20nuxJzEdbfBT5861Q27b28PBg6/W695xlFcLpexDmhHfWqspLzdvL0yvjkHodM5ZKcGNEqbqq/nZsmSP9/0Ifjy7G1W+clCnwajuv1uYAcgQU1AABMBMphDkDFv6nmEspY8wZ2rT8keCJFNeS/HJlLVVoPOOPWX+VcbFYdGetMvBmQK6XHDCQZiDcNI1NJhObz+fdoffIV8+nUsEd1S1X15L4Q41HHC/VfxFA8EBmBDQjQMpnjKmxW8vAfeKlhTKxwqSXUCipUQkKzmq1suVyaZPJpDP8QmGDAThlSER5+DtFJYbIUwKKtm1ttVp143iz2bzoP1WymadxGB4jCjSVb2kZHh8fbTab2Wq16s6vXS6XttvtbLvdvjAKmVlP0WGelZorpUahU1FKodS2SsmjKN2oXSM+zWfx8fl6CMOGDk1riGwZOl6jMngKeCRPc/m+hRI/lNA3V1dXNp/PbTKZ9I4KSPFuUM6Qps/4nafYRGnnMIIX75RzroZK8y+pd8mznCE2es+ehJoOG9bYg5KPyDEzdwHYw3jK3836vEhlXvQO5YUBUuUAtudqWSGrObw6OqjXLHuSIn02wrIh0sxeHPHExxEgHxhNuf25LuoByzjR297ftm1vOzIbMvWsVpx5ijpwPpwe+pS9UoFl0R6Ip0cSMP/nY3f0WB/elaXjtYQimX9qWZvKz6ysvKr7YCES3o7qhZfibVoOPeLiI8mfc1ApPz2WkOZ+v7eHh4fe8Qy1O83Qb+y1GuHOU1BOn05hoCheTmbV1qVWtp1i7J+rvS/0OnQxrv6FiJUHBj8pBaRUgcM3b7dR46WGTykjDEyi8DmF21MqIibp5ZMrZ4pyAiP3XkmZtoLcxWJhy+Wyp2ggHrwFYNxjz1TNj8PPZjObTqddmhgvvB1d+yiqg9cHUR2jdqk1fHjlKvnUlgtAHsoBg1OAd7Q9jJe6AKHGOy6LnoOF8OrRkaoD4vB7KGHb7bY7Y409StDfUH7UO1Y9cIYqE17d9L3HRxR0qYEEY1nbWBVwVlw1f68+ufHA4eAJcjgcOq+8X3/9tfMMaJqnbVzeVk0vvVS5vHbxyptSBGspF6dEdqQUN65nNC7wjvseYxt9MJvNzMyfSymefIwSW0I5GeO1Dz+rGZtefrX9fi6w7/X19fW1LZdLm06nnTeOLkJoHRh7cFoqP/Gc09IxpOlzPrwQU0oR5vAwic77CJuU0LFjWPOuVXCVb+kzbz56vJ69Q/mb8YnZSy9XtDMbF72+S7WpJ2PwgQGSzzdkg6IudupxBG3bdtvd8Z6PJUB8PdoJ8hiGRjZCwquUjY2Mzbld2WjK+bOch6esGkwZx7DRl71bYdxs27bbsXM4HLodUTjSgN/BkGpmHV5lD1x4zCJN1Fkv3dKt/9wvXlt7/V5KkPXcbqn0PFlUQkNltZnPg9Ce4/G40wsi79UI4/E44cX5U8nJ9041vORYiuRB0zT28PDQ4xOlZeF+3e/3NpvNbDab9XYmRnnzO01Tx2pOT0ylV0s5bMX5eOUqLTfqeH193R1pEtVN28Mr2xAd6kLvjy7G1b8QKWDXrUwlIDyl6PLHM3bkDD9eeXOAt4ZSYN9LV+uRo9LyDDU+eW1/OBxsMpnYYrF4Pnj8TwHJW8V4xZ+3pTdN061QsscXLjVQ45RnkB8qCCLDUaru3vuUouY907LXKskesXLHYwagE96J7D0R1VmVFoBdNR7ptshcHbSe/BveJqwssrLAniy6fa4UxKV4h/e8hrj9Ne22bV1DtMaPxlKufmrEYcUf/bPf7+1vf/ubrdfrF2fb5o5biMCt5u+VL2prr/7notJxEb1LlS1qD/R50zTdJS26vbakbG9BqTp7YzT1/61Jlb9aoyCUltvb2867ChfvKK5gRdCbsyk5ERkMtCyaZzT+UnOZ+YXyZC5/JMsYVw2h3HzyyhqVw0tP66P19JRy8E3m49pO/5+98w5vq8j68E+ybMmSW4pLmluc4hin9wohBEiAkEDovbPAwlKWTqgLSy/LssCyfHSWFmroCem9r0nvpMdOYluy5CJ9fzjn+tzx3KsrWU5CmPd5/Ni+ZXo559wzMzQP8Xj4fEU/4gdgWZpl+RHTw/Mvpl/MVyjUsDc6TwcZ+oCGeZ3ySL/FNkX/c49McSULX/4eHx+vlQP9BhoMh2K49D49w8vcaEsAipvukfcpyTbcI5XLm7S8n+4lJiZqsid9VOTL+Mk4R/fI+Mr3lAX0Ww8A0B16RXIwl7VoLpZ5uPLyNsLqmEr1YtTmxD5wOA0pZnIMbQ3g9/ul8rDVeYV7KJPsw/uzOB8cCxwpGUKsz7q6Ovj9/kYfUCIJC6hvC3Q+ASeaOgunm0UbVlPSxMOL1L5g9o44fsjmRSPbg1iXh3NcUDQPyrh6DCNOZgQX6sSv1rJnjeACprh/ETdIWh3ERMHP6Llw6TIKV0yzmVLQ1HjE62aGrXAKDTfYcEWEe6263e5Ge2bRsyRkk9GUvBK5EYIf9sOXeomCETeuivmxOsnJystICJW9J/7PlQezd8VnxGtW4W2blBDR20NcukfKBC2zF8Pi4YmeweJ+XlRH/HmuUBkhKsQOh0NrC7W1tZr3KtDQB/leZXzbAdGQ3ByCE0+z0VgithnRM0lUesU4zdJtJMyF+19UZKurq+HxeOB2u1FWVqZ5BjgcjkbLnY2UD6OxRdbmjfqXLO/NqeA0h3BoZnSi++KqjOrqaiQlJWkekLxvmqU10vSHe96srGXjn9gWjOrLyvWjWZm10s9stob9WGmrADKyisY4cYwSxz26Jhq1xDHCKF0yA4kszTKM+iG/T+EZeceKaW2ufsZ/i/GLaeW/ZfKbLK30t/jhix+OBDTIM6I8wsMRl+kbOQ7I0syXMZvln4/tfIk+TyPNNXwlC29jfEslkrPop6amplF6uFcuD4Onh4yrVH5koCQZzkjekMnrXB/gWwLwMg2FQjpPVjokkC/v5x/suUcq5ZlOqKcfMhLTTyAQ0BlYaf9sikM06HJDNqVBTJt48JW4XYGZ7MQJ19+M5I1IwzmcUJ1x/cBoLJSNf7xf8fYnyq/KaNR0RL2SqK6u1s5MkO0fzN8VxwT6n7YToMPnjlaZgSObU8X7VvIhm6PEa7J5hJ7jc0G05SaT11R/+X2ijKt/IETBUvyqLRqbuLGIvy8bmLngyCdSMwVfNELwMPnzRoqvFQFGHABlygDPs5HhxigP4eIWlSMzZUkWr8xQwgV5Ejq5UsMHdxKUuSLDl1TxJVjce1VmgCBk2wNEUz5mBgUxLFm5RRKPWTuPJO1G6aP+xJdCUfnK9lmld0Sh06gdklLAFQkKX/SENcqHOPlzZZYOj+D7txK8nkWFX2y3omIdzlhhdt3onqzfG9UpCYrcGEy/xbGKwjHDaPzjaSDsdrvmCZKenq4JvwQ3JFjJt5X0mQmGVuNoCs1p6DG6TvXHjapkJCCF22azweVywefzSdPZFKUvVnkW+5SoRFkR/sVn6d7RriQZpZvXIY19brcbCQkJ2t7ForedOBbwujWa92XpEf+2KiPIwjFSAEWZitIkjle8TPh74jNWxq9o7svGPTFOusY/vvJ7fJzj+SC5UbzPf4zqgM9p3OjIxwAjuVPMG28TsvYihsHf50Zfnh9uEKb00hJ3vjcoffjmsl0oFNI8Nbkxl9JJXqPcoEsfXfl1Dl+Nwo2l4lzI5TtxD1UKn667XC7tQCQyiJIXKW0vRQY3vmqDfshTtaamRpNn6VBWvsqKnifDLIVJcrDL5dLJW+KWAEDDvvd8POGrS0Rk8juvd7ENheofCttmjGSI5sYoDUCDrFRdXR3WA1cWFm+XVMZ2ux2w2bQyUTQPwWAQVVVVuo9Q4cZOcQ6hcYd0QaBhvKFnmkJTjIVmepdVZG1YHPuN3hNlCdkcwctdpqMY9Z/D2f8Vhw9lXP2DY2Yc4BgJo3RPXMosDi7cgETvyJ4T02aUBqt5k/0WwxR/oo3bTIkVwzeKxywfVM4kuDudTrhcLt0yfRLuRSMYpY0MaLQfF33lp3hEpU/MO59IRKFcpnxGikwRMgvTSOmT1avZjxWMFEoqV/43gEbbMMjq3syIzcuWG1e5UiSeXhyurMiYzhU+ek80UHAPInEfO5mR2CpifcmEP9EIIqZVZpyQPUeHsvH0iV5NYvsVw5chGmzEfmCz2TQv5ZYtW8Jms6GiokJXvrxuZcYcK+mQ3TPrt1baeiyFvUgMP1Ywajv8gxBdo+0AqL4TEhKke4w3RdFtDqFYnEfEsdhKX+P9oqlKUXNj1N55Xydlj/qtw+HQvJG9Xi8CgYB0ew1xPhDv0z3+20o6xXcjHQN5mBQGH9e5ESxceq2OF1blLKP7Zmnhf8vmIip/IyOh7BAkMY/iXMnTQ/f4x0b6CCkbg2SKsawdmI2tXP7hRlQa00WPWy5/8XqmH+6lSm1BtiKM55XvtWo23otGaFFu4Wmh69w4LbZL8hglQ2p1dbUmV/KtAqgeSF6le4FAQBuTaVyme5WVldp1bpglgyoZovlWAXQ6OhlfyTDLvVjJ+My9e6ncRZmI178oW8jGZ63MQ40NMUbyiZmc01yYxWM75OnL691MdzIKn9qYdqhSKITQobI52uei3xO8Hqurq1FVVaVz8DDT4YzuUR/Wxk6L3tyREIksyp+XYSTfRHqd4gmXJiN9kc8Dsr2bzdJulqbDMSYomgdlXD2GETusKBCIAgOfUMNN+lz45YZVekfm9Ur3xGVYRoaFaJGFZzZ4ceFVFo6RUmYUnkwB4eUtE9SsDvpUrvQVn7zyuKEmFGrwNiDBkaBr5CXBw7c6sXDBPJxiatR+wpVlrAwx4k+sEL1FRONOKNSwTI5vByCWoaisid7AXDkjwypd58ZQmRHBKN12ux3x8fGorq4GAE2xIW8OmdGPK/68fKPpI4SR4U3ss0a/OaJ3EE8fGWZkh4uIcYvhy/qybGwUy99mqzeuJiUloUWLFigrK9MM21yBJk8mmWetWRxGNHX8jJWSJ0uHUX1bxaiNiYYY3k553XNDq5U0hyuLSPMQi3lE1h7Cvfd7Qex3srGGP0Necw6HA4FAQDv0SrZFitj2Ipl/xHSZzZeydPMwjOZLsd/LjDFGcciIdqww66NWDC0073GDIs8zLSfnWwGQAY4MMjabDU6nU1vSLR4AyfMmM17yA5xEz1HR4GVWZlbKgs/bfK4EGsYh8WAlmpO4HEzp5eXC5wQeD8UhxsO9Lykt/JAreo/LGWI84eqRG65JJqH8kbeo3d6wHF88HJNkJTKKer1ezaATHx+vzZu0fyS9w71LxcOy6B55wFI+yZhLz/MPbLzcampqtDYpa8/RyI6ivB8KNXi1xmqOjQYxXt0YgwbvVVpeHk434WHwfNXV1WkfNx0OB2z1D/yu56ejCV4v1FfonA0r5Su2QeoLLpdLO0jOZrMhROPaEaozs7xYncPNZHh+30yH5X/LnuNjKc1hRs9Eguorv1+UcfUYx0hQNPoxep+HIQ7KRl6rRkoJhcGNdPx5MyU3nIIqGzTDCQY877KBmKchEmHD7J5omJKFKxoLuMdAfEIC4g99wecHEAHQBnhR0KbwRGOrmWGZp0VWn+JkY6VezJApppG+x/8X69foulGYsnSLXiTivl+kmJBhlX/J5MY3sV5ELxX+Du1hRs9ROOJSStlSQEI0wvK9xkip4XuUcaVOVtdiWVOZGJWpOD6IdUHvy4xnZvGKS5dkHk5kTA4EAjqFMlz/FzFSwHleSMEn7zq/34/y8nK43W6dAi4aBsQ4ZOOXrC2HMxSEMyJYybdVZGO3iJFxI5p4zARj7qXKD/ijth0OK+P44UI2FsnaoNXxONK4mhOjdmw0P3JDD42/ZGghQ6t4cKBZmzcaiziy8jCb68wUNaP+KP5t1sZk/dssHKsKN0ccd3k44eQfsexFAx1fEk8fe+lZMojZbDbtnvhxkpcP92aWHXjFt8ER8yCGRfkWrxnVG6WXywR8jKf08TLh4xL3EuQf/3gaeTyULj4/i32C4qZy596q/O34X5AAACAASURBVLpYfuK8KHre8joU9y/lh0TxJfd0kCBfjs89RSkcMqRywyx5q/J3aMUVGW0pLjLi0Tu8PdBHNb79Ed9CgcYKI48zXq6ye/TbSMdhD0v1CZGmzo3hxg2zscnhcMDpdGrGVWk+DN6l3xQH6SAUbri0KaxD7ZnKmTy3Ab1DhpmOI5NlXS6XNmZohlphXjkc8oFZ+IdTNpHFaSbTivqY2Xt8rjgSeVI0L8q4eoxjZhDhwqeRQhFOERffJ4FY/BpupFCLwrKZcm5F6DAzUoj54GXAjVUyQdwoDrN0yMIX8ymWD4e/R4IlCZFcQOVxUfnzr/z0PsXHFR4yxIpp53UvIipNoicy/ztcWVl5LpwxSeZRKaZHvB6u3Rm9y+MmD1C+/JA8Eaurq+H3+zWvGx6P+CNrJ6Kyx/cGkwn6RsK/UR7EfsLTIuu7VutTLCPxupgWMV30v6ioyBQXHi735CEFjZTqUCikeWpzpYErrTxOWZ7FtHDlmBsKuBKclJQEm82G/fv36z508D5jVBdG5cbLzGhMFcuHl2m4cCMlnKAt3g9nsDBDHOfEegn3HjcqiN7N4thglJdYIJtLjcYgK3VkpQ7E+JoLnhaxr1pV8vg1o//pGm8P9AGK9nasqqrSLRM3w6iNyvJn9rw4dsnyJCufcEqYkcxg9I4Yn5incMqiTPaT/S9bSs0//gH6+YvkENl2OTZbvccqv2+z2TTvRPohr7hQKKSttKB3KN300Tmcl7rZHGdWZmZlz425MqOyOH5RGXHEPsO3ChDlBDEe2T2xTmR5F8PiXq7ckErXycjJDazcw1Q0pPLl+LSSwOVyaV6n3MOUjHzcI5V7vtKWAHRPczo4NM+LHq70Q4ZU+k1hUT5F6LpY92bzD5fTtGfQeJyQ1bfsHr9mVf6yEg9/VhxHae9V8Z4VuEGf6lknrwCwW9ALmnuuipZI6qK54ud9mT4m8vSYOVmQ/MM/ModCITidTu0jFyCXRc10JjPM5qBw8mtzyKmRysM8/WYrNmXzoVmcYrxmZaL4faGMq38AxEGFD8zi/7J3ZP+L73LBjAtn/NlY5SGS580mGO5xK+ajKXGbpUmmJPF7fOLmZUiCI32Flynl3FNC9Bbgy6G4IE7xcAOgaMDgZUbpMxLWrQiNVgwiMsVcE86ENIrpEOtT/BHTJf4vCs2ysMljihu7qRxJuedeq7yeZGUrK2N6Rjxx2EwQNwoXgCbs8nZAHgX0TnV1tbYsiKeDe8TIhEsr/duo3sMZAWSGS74tg81m0y1h5Io89QlaNiUzGgBoVMYUNsUlKl7c60aWx8TERLhcLni9Xm1bCL4tgNgX+AFM/Lo4HskMM0YYCahmgnFTx+lI24aZIYP3b1kZ8H4qxktthfcZWipKRhuzuc+snTbHXGb1mlGZyN493Mqf1bYowo0QMsS2IBu7eZ+lcZkOMKOPXOIYLMZBv2We8uHasJX2Iqszs/q00kfN5mgxDHHekMUnG1esyHGUDtFYw8dOepc+EtNhRrW1tZpHIQDtHo3rfNk2l4HowzHQsBpH9KgU88THAnEuk8mAZnM1z5OsXsW4ZLIWn8eMPM3oObGseb74PqqyvBjlwSwsKlOxHvk8y2Vouk6Gbao72ic1Li4OTqdTM3ySfMS3t+IyK8lWdFgW9zyldkAGU3qP2ojT6dQdbkUernQKOjfmcllOVr9GRlejfkb/8/rlbUVss2I9mY09kc49srHBSN6iv6k+yDFA/BBphNjWqC3xMtB0GgtzWFPnWZHmmg/D5aM54FuOkNeq6LUvS6M4h/KP/OIWc+EwGvsIcV6LVq6KpHzN5jTxvtF1o3lQFq7RnE3joRXChaP4faKMq39wjBRMM/jgIxOujJa68njEQTeSuMX0N2ViIwGITxRG6Qo3cIvhmmFk5BGVRG50ESc+0aigCS6H7sXFxelOdeUGJ0q7eGiBzkvB4UCcsEyMp9eqUUKWx3D3jeIw+l98X1yKZ9TOjdJiJOjyJYgk/IuKYCAQQCAQkC4zEwUSI2GDp4F7kETSrmSQUkrPcK8W+pv2SJP1LTOBSmyPRvf4NcofF/JEhbampkYzAgONjTG0VJDXDT1PfYj3A1kYsrTx+hPrgd7TLZ86FJ/NZtO2A/B6vdr71dXVSExMbLQlgRi/zFAh+21FCBTrwmj8PZxCXDSCIz0rziviM6KCx+uJf3Tins6yejjcZRINVue+cM/ESjk0ms+M7hH8gJ9olG3+DvVNcXyuqqrSPnIYpYePibw9yGQDM8S+xWUfMV5Z3xTjobHZiuxkNF7L4qJwrKRXFh8fC0XvRT5+csMcecORN6q4zyZ5YZEXMskn5KFYXV2tedbR6gTyBhWXwtJ4z/uymH5eH2bzAb1rZXzgnoviuEVtnXtUi3HL4ufL+nk90T2qi0iNI6KXrSg7UVzceC16q9psDVs5ANCM39x7mOZfMoryA6foOq04IaM73eNbfpCM5ff7decOUBz8A7LM+1W2jQAZ982MqOHkTlmfIXg5its+yPp0tPOO0fhpVUfR8nKoHqqqqhoOpUJj46wZouwmtslgKKTpFrK+9HuYf4lYzJ2RQv2WnDjEsU82L3CZnsZL8uCmvVYbjUE2W1gv46MZK/qS+L84Z8r6v1FYRvNLJGmwek9xdKOMq8cQRsYQI4GbBg1RsREFbf6OTLjmJ4lz4c7McCE+Y0Y4gdcMM2GYC05GA2GkSoyZcCMqT3zgJsWfC5J8vyoehvg1XFzGzQ1I5A3Al6PxvPM08rq02+1wME87cZIR69dsApLlX1bORsKe0d9Gv0WvWllexf/NFBtKHylM5AFB3sDc44LvsyrWE8Uj81LhHixim+T1KZaXqJhZ7U+83/OleLIysjrBi4q60TPhBGf+vs1m03lSkOLK2zptxRAKhbS6EbdQIO8UPtbRWEX9g9eNLF/c2ErlJSqmPp9P8+iprKzU8kkKo9vthtPphM/n06XNqJwornB9LFKM2ntTFTwxbNn//Hq4NsaVAf6ebF7ibYt7CccdOlAjFAppSrX4oShcmiIpD/F9q0L2sYbV+Trc3GIF/jxfkksGmMTERPh8Pvh8Pt1hLTJlSBanrI/I8iA+L/Zt0YuLp1kc94ziCNeWwvVtWfhimxXnfHHM5OnmY6rN1rC/Iv+oxY1v3DjHZR0ycpHHHF8CHhcXp2214/V64ff74XK54HQ6tTGch8vnNcoPpZ0bPWXlY5Q/wHisFtuMuEyfHywlm9fFj31imPxDEL1Dcx+NZ3yeED9CUV543Yr1y8tJ1Av4AVahUEjzGuYf7El+pHmae4PSEn6/36+Tn2h5PxndExIS4HQ6dfM6faime2SYJa9UiicxMVHXhsj7lcZ8fo/SQEuhaT92Ee5wYDQWkewutgk+f/N6IDlFvMb7UKzm+UjDsdls2sFWTqezkcc/f85IPif4VhA6w53NhlAwCAhtWmGNYCgE+6FxzO/3a/1Q9nGAw+cZPtfRih7eJrVnQvUGVk6kc/PRUL9mur3Z87ycxH4g66dNkfP+iDLisYwyrh7jiAKW+CMKDVzwMgqH4MYLLrwaeRfJBiJRmDdLf6SDT7jJX5Z/WTzh8iIbeMXnZM9woZYrGWRU5R7AVNbc0EqTomzQp3fpqz4JouJXaAqTlBMuoPMvomL98DisCIM8/1yQtzLxioqQ2TtiecvqySxsShe/z8sfaBA8qZ4AaN4RdJiCuKRczLN4TeYtJdY/r2cjgdcMSiMpNdQuqG55HFb6jgxRCeRp40ofLwNZ++XQV3XxYDASFLniyhU9MnKSssfTSPmld/mBC9wbKxRqOE2YjKmhUEhT+mtqauDz+bT9A6uqqtCqVStUVVVpignPa11dnWboob7MDzjh+Zf1GV62Zm023DUxDlm5Rwuvz1iEKebfyPgmtiHyjkMohCAzcJDnqvjhyig+q8jG9+ZAHAcII+ObbNyIdZ03FepbRuOliGweFWUX6m80T9JHGq/Xq+3HSs8ZIZaTUXsT08p/y4xZsvwYGbuMxkYxLCPDHH/eqF/KwhLzTOMY91oEGgxnNAa6XC7NIErPiis5uHckjdVkKCUvVppPxf3m6Tp5ufKP0qFQSHeIDpeZxPIRf+gel3f4tjPi6gqx/sRy5vMqvcv3t+dyMve+NapHsT5EYyk3isqMtbK2IB6oxcOi+ZPucc9YMobzJfd8TOWepLx+yJDq9XrhdDq1uZ23oUAgoDN80jvkfZ6QkACXy6UdGsrbidPpRFJSkuYFTVuCJCYmagYkMrBWVVVp3q300VPEyLDK53XRG55VmGYE4+1M7NNGY0JT5w8r4xr/m49BDodD21aF6jfStIntX5PBhDHyaJmDjna08kL92OH1erVtMsxkPqNxncZjGldlz5jV0dFYbzL5x+y6DJmsZCaHiP1HfEcWRlPTqDj6UcbVYwijjilTxrgQZiSgGw2osne5UGYkmJspDYcbUbA2U2LChWP0vEwA54Mv0OB553Q6Gx1SRb+59yigP92UhFaZtx0pPyR8+v1+TTAG6r+A1h0Sakn54QIRX7omCukUPik9fP8oq8gmf/pfbDeye+I1bsQy+jEKwyh9XDi02Ww6oZ/KnQRsbiwjJZEfaMWXInPPE4If6EDPk8IoI1IDFik3Yv+VGXBlxgT+v5FyaWaYkhkjKCwxL7xf8T3VeNq4AkhtkRt3uYLJ88XvifvK8bRQHZHST+/W1taivLxc531K5ep2uzUv21AopCmDlJfq6mrtGa70hxPQwpV/JHVxNAlwRu3M6DlCViaiNxcpDLTHKt+Pkz6CAI29zIzavNW8NBeRCt+yeZ+3q2jCjARZ+5OVZUJCAmCr95jiBhvR2BQuHqM+xPt1YmKibj9Wmve4J7NYRiJm98Q8c4MUoN+GhY9PVtq32XOiHCIb82R5kOVVfFbcPoOPW3ylAK3YoCXbXDaguUf8gBsMBrWPuFyeoXGdnyZPH55dLpe2DyfJLmQk44YDaj/iKgZZOzHyUCU5TFYfZvAylY0vVI4UjxgHIc5XXL7mbZtf52HxNsZlD1HuFd+je3yFDcVH6RUPqqLnSS6ij/ainMr3Q62srNTtuUpLlevq6jTjJ20ZQF7Qfr9ft+yf793r9/sRDAa1dkL3fD6f5mzA3+Hx0DzN4WUl1i/ljQzJJL9r7Yv1H5muxPuUVZnUCuHCsSqfkRNBVVVVI896o/dlBiRqH7I9kM3iV8ih9kSGbzowzOp8C9SXNY0/1L/oOv/dVGT1fTjkJKN4IpF3RBlcNveKNgOjeVTWL8T74dKu+H2hjKt/QIwm9HADq5FAQEKVbEsAel4WjllcVjAyHlgRLmR5kIVvJRx61ux5UbkFGk4154c0yDz/uGBMcZBgWMMMTqLQRn+TskKeHi6XSxOaSRmiJVHcYChbVicqGaL3sln5WVEgjX7LylOcuK38yMIM114oj06nUzuoiMopFGrYD448GEQPSm6c5coUGblJMSClgpRW7ilpZBAxUsqMyoyUXLGMRUXLTAgmjIQXfk8mYFgVquk5UsjFZZA2W/3p0hUVFbDZbHC73ZrSRXuoyba1EA0pPC7qK0CDZxApT36/XzsYiz9PilNycjIyMjK0PXdpmSoJsaFQg1eVy+VCRUWFziuEK8+8DMzGall5yf4PZzwJV9fRECsBUWYgAIzHX25gEQ8KS0hIQGpqKiorK7X+xrdCsZJmo3nH6v1YYFVJEJ8zeo9fj7beZH3fqM+LBNmektQfuBFPNp4Q4j2eDtGbj8ZdMqb4/X5UVVVp44XZPBFJufA2IPMiFI1tovxgxQjBDYPh2pzYb4zuye7zeLlRj8Y4fqgjGTz5BzHaPodvocPnRSp3MpLSOE9GN/JQFJeB0woMMuqSF5cop/J8iXMpxcXTxY1ClG+ZkTZceYl1JMbN5QKgYcsAsR/ZbA0epvx52TwhyoF8rhPvy9qfrOxk74gHSHIPVypXLgOFQg0robhswz9A0zs0p5IXK20JQLIyvcOX/btcLu0d2oeSb91EHqzcSM/3Y6W2JcLbp66ehTLhW6PxtsU/rogfh8W6iwVNDScUCgG2BmMSHQDJ5S+xfYZLAxlXExIStL4gyq3HmjHJ6vwc7bvUxsXtKMRwZHonn4/IKUHWx8V5gcKJNk/87yNd30Zzrew52b1IdCJ6XpRTZGHLxoYjXVaK6FDG1WMYsUOLigP/OxLFSlSY+MAsU1AjHYisYlWQkA1isvKQpclssJQp9uHSQGXNlQcyrIpGLTGPJJCQN2MoVO95WmfXHyImGmRIoK2qqtKMQ/wggkAgoHl3cUUAgHb6qmikoomZe0Pw8pIZc8zqS3zGaEKT1ZmYX6Mfsd7EsGWTH5UFLTmjpWVceSHPYDLm8TrmxkyuWPCDlrjiSPXLDatmiBO12fO0vF1s6zIllGNm2Aj3jpHhg+7J7vO2IwqCVG70P+WJPL9DoYaDTHg83FBKyPZZJSWQGwlEj2LeD8hDlQyrdrtd2wcLgGZw4PmkvVe9Xq/2sYMUVDHvsvqxWv6yMS1SIdIKMmOAEUZpkbUxWX+Uvc/nH7FNU5/k3lWAfm8/2taB2g7vv3wMFcuUj+c8TeI4KSsv2TuRIuvHsr+jDZeHLd63MscbjTUi1P/4/n6y098B6OpEjFv8MCnOt9qceajf09xLh7fQAS7UbmQygywvYrsT61Yc22R5CVd+PCxRxjKqCyuyjCwcs77I2zYfF2nOEg8kInmD70/Ow6f5kxtc+Mc/vhcgP2Gex0l7bZLBjeZrmiv4YVCicZSXvWg8AhrGYJ5uI3lSVk78WbH+RFlLrA/ZXGkke1NaeRyix7HYH2SyojiOyjxj+djKjW50jxupyRBOH+tpfuXyL687foAVLf0n72S6TkZ1bsQnA7/L5dIdUkXGf9qfl+Z2+vBG98g4L0LpFs89QKjeCMnrjNqtw+GATWI8pPbHy1i20soKMnnVCkb6RQgAHx0ofCpX2fJzahe6cAzkSCpDCoN+i+mxMmeZPdOUeS+WNDUNYtmIciGtmuIf5mXyiFHYFK6o24WT4aItX7Mx0wpGc1q4d6zIWeH6kmwcF9MlppHkzkjiNZLBo5XLFUcWZVz9gyAK+eIyKKCxYGgWlog4OPM4ZUKDkUIsCrDRDOZWFEyuQHFF2Epc4YQgUWgV79HXQhISZUu9jBQjrnxy71LuMSBJkE6B5XupAvoTYPkeZuRJQEYInhZRAeb71xkJcGIZRoKoUPC2EU4wlU2KsnSIbYAUBZvNptsfjBum+V61VG5kkOPtm5RA8nql90kR4MZZ2amdohJspFCbtXk+4YvL1GRlEQ5Z2zZ6L5zQxtMgqxO+bxtXkGtqapCUlKR5oZDgLhq5uWGNhHyuQIoeV1S33Bgi5oHuJycnIzU1FaFQSPOIJMW/pqZG2y+W+mwgEEBaWpq296rH49EZXHhfkrVrq33HzEjCr8vuR6O8cWXLLD3h0ixr70bPhEsb1QVv6zQOkkdUcnKyTonmp06T0ZXHQ22HG8fE9MoEeyMv82iVFY5MUJc9FyulT5Yes3HWDL7XJu+n/OMCP/mdx2eUbzHNPJ10jZ6nrQLIC5I8z0UjE0f0RuXxGCnF4nOhUKiREZmnk//wNijzhBXLxCitso+4ZvKcWGbinMbHTjJ80cci+vhFq2NCoZAm83CPKTKCkXGdoDmR5kP6Te2E+jYtKXe73QCgHSpZXV2tyVfi6fCy1Tb8b1E25mVl1r6pjPiHVjEsLt/xMUGcb3i83AOSwhfbPx+PZG2Jzyd8CyixT/B6Fg20sri4zMpl01AopC2Xpw/L1JfJWMm3CuB77QaDQZ18THIWzafUzqg+qb7pXkJCgtau+CFaZKzncz035oqIK7ioLILBoGZc5avAtEPVbLZ6gyVrU9ygyMuVj3P8d7j5TSYXRKMrieMjX2VF/ZTmQYI+Wpilh0PjBJedw8mERoTTvZobcXyPdL6zijj+UP3SfsFW5SkeBvVRqgsaO/kYYCbDRYNMXgunJ5jpctHWsZFOZaX++Bgq6zN0jfRqmg/D6aQ8DJnMeDjas6J5UMbVYxxRKOTCHhcUrU50/D1RiTMblK3Ec7gGErEcAOgEV7N0WBmIZZMiXeMekKLHHE+TaNTh5UfCCffEkAnLHLvdrgmrPp9PNxGIYdOSKS4s88GfL6Xj7Us0CkeibBtNNvyeOKmFa9uyNJgpR2LaSXhMSEjQHYggCtNcKSKBlBtMSeBPSkrSbQVA3hJVVVWaoi3uGyrWjVF5mSnz/BmZ8mVW3kbxGYXP/46kP3PBT8wzlS3tLUWCflxcHFwulyYs8vfJgMpPIubLUHm83DNFZhjhfZL+B+r7stvtRnJyMkKhECoqKrR01tXVweVyaYodHxspTWlpadq+j2RoEJVV8RCvSMqTIxMkzRQDse6stC96rqnjuPi+aFTjcfF2I16nMY7Kkp9aTKsFqPypb5KCTXVOYyv1U+4dR0YisWx4v+VjeCTC/JFAVneytFp9zuw6h7y9yWtU/BGXkNMYKfPstlq24nwQFxeH5ORk1NXVwev1akos7+t8fhENloQVOUqcg/iHTtkHbx4mLw+am8VnRZlDzK+YNrFdigZHcf4lwyHtUcmNnX6/X+cVSAZPOlyIDF40JvKl26SU8uXZfO9U8oLkW7Fw45nT6dQZC8jj0WazaR81xUOxxHknXPsR5yhZvXLjkVgfsrIW6170bhTnBNk9Wfpkq4lkbcgsLt6+xHlQHNNoruKHnfGPViQb0TxO3qVk3KT6oY9aPp9PW8JPbYQOsKLtdPge2vRRhD6aUXvgh16RDMy3EaCVW4mJidI6FeUDrf4M6pDaleOQrCe2H3qO5EgzWSwSmjLv2gCIMVK/497ooi5Az5mlieRjmn/5HqEKPXxc4Cs26oLB+joKhbS9Vqku+LtmdcJ1xlAopI29srn8cNRNJHHEIj1UptSugcZbsxjp0GZzg9mYGK2sd7TKiArrKOPqMY7MIMWVBHFg4L/FcMQw+D1unOTPyAYYUaA73JOsqFjJFF/+v8zwxO9xjMrbZrNpkxlXJsR0cS9UElJlBh8qc/qqT3HIDNyhQ3VNCggpOBQfhcO/+pMRgns406TEDVg832blbBWrBghRoRbbtHhPTIvYfukazzNQv2yGDKvi/kYyxZ8rL+TF4HK54PF4GvacOnS/srISFRUVWrmSV6xMWTLqJ1xg4HkxKjNqKzJl26yPR0MshDRRcSEvEr49AwmMJPyT4l5bWwuv1wufz4fExESdZ4nMYMq9R7miKZYZ93h0uVw6Azulp7q6GsnJyZr3VkJCgk649Xq9yMzMhMfjQUVFBZKSkrT8iV5B4pgi1pN4XTbeysqVfpvVs3gvXJ1aaYfRYjROm409pNxxIycZt8mg5vP5UFZWhqSkpEb7j9EYHB8frxnR/X4/KioqtCWm9JyREZinR7zHx1Uxr7L8R4pYX7w9ieOeWTpl4VqJ2woVFRWoqqrS7TnJ+ycZVMkQnpycrPVnwGC1BuRt1Sh/NN47HA6kpKTA6XTC5/PB5/M1OuGd3uXjAZeBePi8vKme+djLDSviuMPTK7Zzeo97NIrzM58XZHIMN6jxNItjLskOouchtXv6WEwGLlodU1dXpx3eR+kir1G6zz1Z3W43QqGQZoilOCiv9JGM77dKxtWamhp4vV7Ne5FvveP3+1FZWQm/36/N5WTE43tlcnlK1kY4okzGyxxoMMZzz0g6RE82poZCIZ3Hp+idLJsTKM2irC2O7dzIysc1UV6SyRli+fB2Kz7PPzpTfvg+u3yFD3mSkpxE++1S3dlsNt0KAnre7XZre6dy7ztqE9R2ampqtK0AyDOdG1LpHVqNFAgE4PP5GtUz1ZUoL4jlxsuG9w1QWdpsAH+OlSOXG8W21RwY6TOHLsDG8kJexVRuZvqQGAf9FlfI8W3NjN5rzvwfzcjG4+Ahw6rNVn8gKjljmM17RmED+oNauTe1VZkjFnK9VWIZjyib0jwVDAa1uYJ/6DSSHWTyFE+vrA3L+rZsPrYqfymOfpRx9RjGaGAUDU70LB8YrHRscbCRDUZGir6ZwSjW8HQaeTaKyAwYMoXH7B3+HH0tJwMa0HhPRRLMuAcPCcE8fFEY5suWyDuAx0tCHHl/8H3ICO4Zwg26JFxzYVpcxmRm3DCaYMKVuVF4YnmZ/YjPysKSxcMVSvJ+4PushkIhBA8pmfxQHP4ulRspBWS0Ia+MiooK3YFGvF2Iwo7MoCQri3B9iSsCMsW7KYKtUd2Gq3MRozTwffmorGpqarS8kJHL4XBo3mdUL6JQSfu88aXGMkWUBFi+/DUUCsHlcmkGGO5ZxQ0jpDCmpqZi//79AKDb26q6uhqVlZVo2bIlDh48CJ/Pp+39Ru2HG2ytlpuV58LVrxWlx4oQGCshnBu+ZWnicfG2TPVC4yM/YIUM7gCQmpqqGeFJKeb1SUo+pSEuLg5ZWVmoq6tDeXm51tZ42+Fh8PHSiiAersxiNWcaCfz8vtn/4RDbmlG783q9OqMjfSgBoHk6UZ2RV6nb7dYOtxGNR1bTSvFx5R+AtoULrVigeLnhTvyoxsd+I6XXqJy5cUX0qBHLjC+vpjYnzm/U7vjKFnqelEeZ/MUNdby98/Kka3xpamJiItxutzZHkuGUPm7REknyZA0Gg9qBLH6/XxuTyVBLqzvolHJKE43BALR9XMngRkY1+uDB93+l9kQfNOlQI173vO542fExXaw7sc/y/k7jDvfYJIOhLEweBm9LfDzj45psvODyLQ+P0srnN3Hek8UljvVie5DJD9zASuXA97/l2+9QX+Jl5ff7YbPZtA/SdXV18Pl82qoBqvOkpCTtI5nP59PkazKekxdrVVWVZmBNSkrSDLNkLKR7tO+yDF42/AOK2B7EFU0kj9hsNs04BirvYBBBW8OHfLvd3mCIbWYMdZ76zDS0iUPXqX+Kk6KCvQAAIABJREFUhnw+Zte/Kv9Iz+UvqkOZE4FZ2qw+Y0aksuiRgssxgL4MaV9wGsdlcx+9Q9fpfz4fkCc/79uRlEusZLto65KQ5dkMcf6i8dgoTNn/dE3UMfkYaBSG2B/MZGcjOULx+8DWqfugP+YnIoVCoVAoFAqFQqFQKBQKhULxh2HRzO9iHqYyjSsUCoVCoVAoFAqFQqFQKBQKRRQo46pCoVAoFAqFQqFQKBQKhUKhUESBMq4qFAqFQqFQKBQKhUKhUCgUCkUUKOOqQqFQKBQKhUKhUCgUCoVCoVBEgTKuKhQKhUKhUCgUCoVCoVAoFApFFCjjqkKhUCgUCoVCoVAoFAqFQqFQRIEyrioUCoVCoVAoFAqFQqFQKBQKRRQo46pCoVAoFAqFQqFQKBQKhUKhUESBMq4qFAqFQqFQKBQKhUKhUCgUCkUUKOOqQqFQKBQKhUKhUCgUCoVCoVBEgTKuKhQKhUKhUCgUCoVCoVAoFApFFCjjqkKhUCgUCoVCoVAoFAqFQqFQRIEyrioUCoVCoVAoFAqFQqFQKBQKRRQo46pCoVAoFAqFQqFQKBQKhUKhUESBMq4qFAqFQqFQKBQKhUKhUCgUCkUUKOOqQqFQKBQKhUKhUCgUCoVCoVBEgTKuKhQKhUKhUCgUCoVCoVAoFApFFCjjqkKhUCgUCoVCoVAoFAqFQqFQRIEyrioUCoVCoVAoFAqFQqFQKBQKRRQo46pCoVAoFAqFQqFQKBQKhUKhUESBMq4qFAqFQqFQKBQKhUKhUCgUCkUUKOOqQqFQKBQKhUKhUCgUCoVCoVBEgTKuKhQKhUKhUCgUCoVCoVAoFApFFCjjqkKhUCgUCoVCoVAoFAqFQqFQRIEyrioUCoVCoVAoFAqFQqFQKBQKRRQo46pCoVAoFAqFQqFQKBQKhUKhUETBUWdcnfzhm1izbDYeuf/ORveKiwox7dtPsXb5HEz79lMUFxU2eubvj9yHtcvn4O1//+NwJPcPy2MP3o21y+fgrddejMlzzcU1V1yE/3v1hSMSt+LYJJI2NXH86XjrtRcxsH8f7dqUye9h6ZyfcOZppzRXEjUG9u+DmT9+gZk/fqFLw+EkKzMDz/39Ydz711uOSPxHgiM97iliA8kc/1s4HTdee0Wj+6eOHomFM77D2uVzMPnDN6VhvP3vf2Dt8jn4+yP3RRT3zTdcjZJF02PahijMKZPf064dS/3zrddeRMmi6bj5hqstvzNs8AD836svYMmcH7Fm2WysXT4HKxZMwzefvYcrLjm/yWkSx/ujZWwYNngAPnrndSyfPxVrl8/BmmWzsWzuz/jondcxbPCAI5o2mrcO1zwZS8487RQsnfMT1i6f0+hn1dJZmP3zV7j79j/D43Ef6aTGFCNZJ9L+GA2/5/aiaB6OpXlNoVD8vjjqjKtbtm6DzWZDTk6HRvd6dC9CyxZpCAaDaJGWhi6dOjZ6pnOnjggGg9iwYdPhSK7iKObM007B9VddhoyM1kc6KYpjhEja1MD+ffDnP12F/Lycw5Cyo5ebrr8SY08ZBbc78UgnRaGIiJUlq7B7zz4kJMSjQ/u2je73KC6Cx+NGMBhERnprDBnUX3e/uKgQHdq1gT8QwPqNmw9XsiPij9w/77/rL3j5+ScwaEBfVFRU4qdpM/DVlB+wefM25Ga3xx1/uQH/fvkZZGVmHOmkxpTrrroULz79GHoUd0N1dQ3Wrt+IdRs2oaa2Fj2Ku+H5px7B5Refd6ST+bvGHwhg3YZNWLN2vfazd+8+tGzZApdceA4m3X3bkU5izFCyjuJo4488rykUiiOL40gnQKRk1VqMPH4Y2mRmIDcnG5u3bNXudevaGQlOJ7Zs/Q052e1RVNgFn3z+tXZ/YP8+aN2qJXxVVVj56+ojkXyFwL0PPo57H3z8SCdDoVAoDhtq3Dt2WLV6LXp2L0JOduMPvoVdOqG2rg6le/aiVauW6Na1M2bPXaDd71SQj9TUFBw8WI6VJasOZ7KlvPDy63jh5dePdDKOCm696VqcM2Ecamtr8a+338Jz/3hNd3/UCcPwwN23YdiQgfjbQ/fgiuti4wF1pMeG3JxsjD/9VLgSXfji6+/w1/se0e55PG488fB9GDVyOC4+/2wsXb4Sy1aUHPY0zluwGMNOGnfY440lBw+W45EnnsW8BYt112/783W44pLzMXTwAAwfOggzZs09QilsfsaMv/CwxHMstBeFIhL23/3KkU6CQhEVLR6//kgnodk56jxXf129FhUVlUhLTUFhlwLdvcIunVBVVYU58xaiuqYGhV076+4XdMxDSnISSkv3Y8mylYcz2QqFQqFQKI4xSlatgd8fQGZGa91WRMVFhcju0A4HD5Zj/sIlSIiPR1GhXibpXJCPRJcL23fsamRkURw5enYvwuljT4bdbsO7H37SyLAKAD9Nm4lXXn8LFZVe9O3dA9decfERSGns6VncDRnprbFvXyk++3KK7p7X68Mbb72HXbv3IDMjHSOGDT5CqTx2mT1vIcr2H0Ciy4WWaalHOjkKhUKhUChiyFHnuTp77gLs2bsPnQvy0bVzAb79YSoAYMig/shIb43S0v2YOWc+Ro0cjnZtszCwfx9NaemYmwOn04kdO3dpHq8ejxt/vv4qnHbqSWjdqiUAoLyiEtOmz8JDjz8Dr9dnmp7HHrwbE8efjo8nf9XI22DK5PfQJjMTD/3taXz+9XeN4rLZbKjy+7Fm7QY888IrmL9oifZuVmYGbrv5ehw/bDBSkpMAAPtKy/DlN9/j789a2y922OABuOn6q1DYpROczgQEAtVYtWZdo7hOHT0S1155CQry85CQEI+6ujps2LgZb733ET6e/JUuzEieFSFPj/T01vjm2x8x6bGncM8dN2Pi+NMxd/4iXHrNn7VnJ44/HZdeeA465uciLi7OMO1iHuuCQZSV7Q9bTlRvAFCQn4e1y+fo0tCUfALW29XA/n3w1GMPoKKyEp9/9S0uueAcpLduBQDYu68Ub7//EV77z7sR5ZfCBIA77n1Yp7TffMPVuObyi7BoyXItr1Mmv4fkpCTMX7gEJ504Ai6nE+s2bMIDjzyJJctWWK4LEYprx87duPrG23Ve5sVFhXjx6UeRlJSEhx9/Bl9N+QEF+Xm4+YarMWRQP3jc9fuN7Sstw9ff/ogXX/m3VmayPBBvvfYi+vbugdfefDesB9YF50zAlZdegLZts2C32bB3Xykmf/WtticXLzsr/TFcm5KVTXx8PADg7ddfwvqNm3SeHPl5Ofjhyw/RoUN72G02lJdX4Msp3+PZl17VjUuxGCsAYOzJo/Dc3x/WtlbZsHEzXn/zXXzxzfe65xq1wUN9Q3y2Z/ci3HDNFejXpyfc7kSEQiGUl1dg2ozZWh+YMvk9FOTnAajv82eedkrYurOS35NGjsDD9/8VaWmp+PCjyXjo8WcA1PfLl599HIMG9MXS5Stx5Z9u1cagb777CTkd2qOwayfY7XbDecBq36Y6/mnaTHTp1BF5udnwBwL47ydfwONxRz3uRTpmyOrM8nhqULdGeDxu3HP7nzFq5HCkpaZqZfPLzDl45oVXsGv3nqjz0JT4IhkzKG2VlV5s2fYbhg0eAHtcHBYvWY67Jz2Gbb/t0L2/Zt0G7D9wQNuKiDxQu3TqiBZpaVi9dj0WLF6G0aOOR6eCjvB43FobycluD7vdjo2bt2jhRdqf4+Li8No/nsaAfr2R6HLB56vCgsVL8eSzL2P9xobtj6654iKcP3E8srIyEWe3o7q6Bpu3bNXVLZXTlm2/Ycz4C037Z1NlJwrz0gvPQXZ2e7icTgCQykSUrq+m/ACn04kThg+B252Iuro6rFq9Ds/941XMnDNfC7cgPw9/vfUG9O/TC253Ig6WV2CyYCg0Y9QJI5CZ3hrbd+zCp18Yv/fBx5NxwoghOH7YYAwe2A+v/uedJrdtmkdobIhFf4+0HwNAfHw8UlOSG11ftqIE237bgayMdKSlpEQVr0zm2LL1N7hcLqSlpeClV97A62/q8/TsEw9h7CmjMHX6LLz13kd46rEHkOTxaPI10LjvBEMh7Nq1G2+//wnefOcDLSyrfSwSmT1WuBMT4XA4UFtbi0B1NTweNz5653Xk52bjrfc+whPPvKR7ftLdt+H8c8Zjxux5uObG2w3DtVo2kcph4fqkmawzZfJ7yOnQXhtTIunnkci59CxvL489eDfOPO0UvP3+xyjs0gl9evXQ5sbFS5fj+Zdf03ll9+xehL/+5UYUFxXC6UyAz1eFaTNmo1WrlujTs9iSzMmZMG4s7rvzFgQC1bj3wccxdfos3f3JH76Jgvw8/OPV/+DVN96OeG61Ui5mUF/uXJCPxEQXbDabdM4A6tvWA3fdisED+8HtTtTKcF9pGc4Ye7KmH4ebW2tqai3PfU2Zf8LJnRefPxEXX3A2OrRrq5PDXnrl37p5xojm0GXM5Mm/PaXODVEofk8cdcZVAFi7bgOKCrsgJ7u9dq1b185ITk7C+g2bMHX6LFxzxcXoVtgZxUWFDcbVjnkIhUJYtWYdgPrB+aVn/oYhA/vB56vCzNnzEKiuRt/ePTDutFOQkd4aN9x6tyUlwQr3/vUWjD9jDMrLy/HTtBmoqalBrx7F6FHcDY9MuhN/uvkurN+4CQX5eXj2iYfQpXNHHDh4ED9NmwFnQgL69OqByy4+D61attAt1ZJx/sTxuO3m65Gc5MHGTVuwZt16FHbpjB7F3fDopLtwx70PYdmKEu05jzsR6zdswtr1G5Gfl4OunQtwzx03IyszAy/96w1dmFaeFRk+dJBmWP1p6gxMeuwpw3K95YZrcMWl5yPe4cDqteuxcdMWdOtan/an/vYA7nv475gxay4G9u+DRyfdhYz01li9dj3WbdiEtlmZ6FFchEsvPAd2uw2PP/2SNI7FS1egRWoqhg0ZiIPl5ZgzfxHWrd/Y5HwC0bWrrMwM3Hjdldi+fSfmL1yixXfjdVfCBpumtEWb33C0atkCJ486ASWr1qCyshL7D5ZjybIVlutCxvSZc3Dm6aciI70Vhg7urzOuDh7YD61btcKGTZsxdfosFOTn4bm/P4TOnTpiz959mDt/kdbmL7nwHOTlZuMvdz4Qs75447VX4JorL67P15p12LJ1G3r37I6rLr0AoVAIpWX7tWet9kezNiVS8utqfPfjNAwfOggAMHveAmzbtl2770p04cpLL0Cl14upv8xEakoKehQX4YJzz4LdZteMhbEYK4D6+j97/GnYsXM35sxbiC6dOqJTQT7uu+tWxMfHa9urnD9xPG696VqkpCRj46Yt+HX1Wq2t3n/3bXC73fjg48nIzcnGw/fdiS6dO2rPpaYko0+v+j6Q4EzALXfcj5+nzURlpQ89uxdh2YoSbNi4GSUmW7ZYze+PU6ejb+/uuPj8iThl9EjMmb8IP06djuuuvAT9+vTE3n2l+Ofrb+na04knDIMNNixeugLlFZUY0K8Xxp12Clq3bqUt+Y2mb58wYgi8Xh++/+kXtG7VEstXlmDwwH6N8hZpX7MyZlCdWZ0LrNStEdxwXV5egV9mzkFtbS369u6BM8aMRl5OB9x1/2M6g5/VPMQqvkjI7tAObdtmYf6ipXA4HCj5dXUjwypQv+/qtu07kZWZgYKOedr1osIucLqc2Lh5C5YsW4nS0v3IaN0Kw4cMxLc/TIXH40ZeTjb8fj9+Xb0WQHT9uXtxNzji4rDif6uwa/duDOjXB8cPG4ysjAz8+Y77sHnLVtx0/ZW45vKLUVtbi9lz5uNgeQW6de2MTgX5uOv2P8NX5cePU6c3yptR/4yF7HT15Rfhxmsvh8PhwK+r12LTlm1ITUlG7x7F6Nm9CHfeeiMuvvpGXRjHDx8Cj9uN5StLsK+0FL16FKOoWxc8dN8duPWuSVi2ogS5Odl49omH0LVLAXbt3oNfZs5GVmYmzpt4Jg4cOGip7rsVdobD4cD6jZt085aMVavXYsjAfsju0E7nudyUti0jkv7elH68bOWv2LN3H/Jys/HgvXdg8MB++GTy17ptKy656sZG70Uar0zmiLPbMfaUUejds1gXdm5ONoqLCuH3+zF73kJpukmG6NK5APsPHMBP02YgLTUVPbsX4ZYbroLDEYfX33w3oj5mVWaPFcOHDsI1V1yEFmmpmDN/keY8smjJMnTMy0HP7sfpnvd43OjVsxg1NbVYvHSFYbiRlE2kcli4PhlO1pFhpZ/HArvdjrPHnw5HXBzmL1ysjWGDB/ZDSnKyNv4M7N8Hjz90D9q2ycKu3XuwdPlK5GR3wCknnYCa2tqo4v7+p2m45IKJ6NKpI/r37aUzrp4+ZjTat2uLfWVlmL9wcbPPdSJjTxmF+++6FampKdiwYRPWrNsAl8uJ7sd1Q6eCfNx8w9XYsu03bbx9/smHUdilEw4cPIjZ8xYgLTUV/fr0RF0wKA1fNrc6E5x4+dknLPXLps4/ZnLnrTddi8svrj+ocGXJamz7bbsmhz352AN45oVXdNsNijS3LiOTJxUKxe+Lo9K4un7jZvgDAd0eZ0WFnRHvcGiG042bt6BXj+NQkJ8LoOHgiMpKrzYYXXTuWejbuwf27ivFPQ8+rimuBfl5eOHpR9G/by9cf9VlePqFfzY5zR6PG717FCPgD+Cp5/6pDc4F+Xn45/OPo0VaGgYP7Iv1GzfhwnMnoFOnfKzfuBk3336fNmEOHzoIf3vwbow+8XgsX1mC9/77mWFc5549DkkeN76a8gNuv+ch7fob/3wWPbsfh/FnjMGBgxW47KJz4fG48dU33+uUtvvv+gvOnzge4884FTPnzIvoWVHwGdC3N+6+7Sakp7fGzNnzcNcDjxpOLD27F+GMsaMRZ7fj3//3Hp558V/avaf/NgmnnXoSrrvyEsyYNReDDu2hu3DJcp2wf/ftN+H8cyagqLCrYX189sU3CNbV1QsrFRX4670PA6gX4qPNJxFNu/K43Zg7f5FOIHjtH0/j+GGD0bNHvUDdlPyGw+FwYNbcOTrPh0jqQsayFSVYt34jjh82GH17dce7H3yi3evTqzvi4x1YumwlvF4f/nTNZejcqSPWrtuAv9w5SWvzY0afiPvvvhUD+/fBReeeFbFCKiM3Jxunj2mcL66AcCLpj7I2JeOnaTNR6fWhf99eAIAPP/5c52EQZ7dj/fqNurJ46L47cO5Z47T2EGnazHA4HJi3YDGuv+VOrf09/9QjOPWkkZgwbiw++fxrzdsyOTlJN64ADfvEXXbRuZi7YDH69uqO7A7tsGnzVpx90VVamJdcMBG33HgNOnXMR5fOBXjmxX/hsQfvRs/uRVi3YWPYvQYjye+Lr7yBHsVF6N2zOy467ywEqqsx/owxCAZD+OyLbxq1WxtsePOdD/DsS68CaPB+7d2jGBeeOwHv/fezqPp2IFCNvz31Ar6a8oN2TTSuRtPXrIwZVueCdRs2Wa5bI2PT9Vddhv59e2H3nr06Q3DP7kV46rFJKOrWFReeO0H7MGA1D0ZEE18kxMXF4ZPPv8akR58K++yGDZvQv09P3Qffwq6dUR0I4NfVa7F5y1bs2LkLbdtkaituhg8ZiFYtW6Bs/wEsPzSXRNOf4+x2vPHW+7px7J8vPIGCjrk4+8zT8PQL/0S/Pr1gt9vw9vsfaUvcqQ0UdumEXj2OkxpXjfrntVdc3GTZadCAvoiLczQq45NHHY+H7vsrcnLaY+SIobp+43G7dX20Z/ciPPfkI2jduhX69emFZStKcPaZp6GgYy7WbdikK0Nqx1bIykwHAJTtPxD22U2bt6K6ugYpKcnIzemAvftKtbRG27ZlWO3vTe3Hm7dsxf+9+1/cetO1aNWyBc6fOB7nnX0mKr1ebNi4BT9OnY6vpvygecpFG69M5rjw3AkYOWIounYuQHFRoWbQHTq4PzLSW2HX7r2YNWeBVj+ciy84G50K8hvV+92334SLz5+IsaeMwvsffWa5j33+9XeWZfZoyMxIx9uvN/4YHgwGMWf+Itwz6W/atUVLlmPMyaOQk13fJ8gQN3LEULRr2wb7Sksxx8DoHEnZRCOHheuTr7/5rqmsI8NKP48FcXFxsNlsePK5lzXD/+ljRuOBu29Dh/ZttQ9h50w4A23bZGH+wiU6GenJR+/H6WNPRrCuLuK4vV4flq8sQdfOBY2M5n1790BykgeLlizDshUluP3mPzXrXCcyZFB/JHk8mCl4Qxfk5+FfLz6JrMwMDB00QBtvOxc07k/cSCkim1sn3X2b5bmvqbq70bw2fOggnH1o9Rlvf7TX9OgTR+CCcybg2x+nGuqwza3LyORJhULx++Ko23MVaNh3tXWrlhjYvw88Hjc6FXTUGU5/Xb0Wfr8fnTt1BADk5nRASkoySsv2Y8bseQDqFVxnQgJmzJ6nU1rXb9yEmbPnwWazoW/vHjFNe3y8A92Lu8HjcWtxjT7jPPQbXr88xeNxo3+/3gjW1eGHn3/RCW4zZs3FoiXL4HYnol+fnoZxjBwxFB3at8XefaW6L2xerw9zFyxGIBBAx7xcnDRyONq0ycRvv+3AP19/SxfGOx98iu07diEjPR1DBw2I6FlOXFwc7rvzFuTn5WDu/EVhv9iNGDYYmRnp2Lz1N/zrjbd196Z8/zP2HziIvNxsjBwxVLuelZmOYYMb4n386ZfQvf8JuOjKGwzjMSLafHKiaVd+vx8//TJTVzarVq9FTU0N3In60yxjmV+ipqYGqw55TxHR1IXIwsXL4A8EUFTYFbk52QDqBcJOBfko238A02bOQXFRIXr1OA5+vx///exLXZuf8sPPmL9wMVxOJwb07xN1/jhUxzt27tYt+Vy/cRO+/u4nBALV2rVY9MdoqKurw+x5C3XxLV22ElVVfiR5PMjNyY5p2ny+Knz/0zRd+/vy6+9Rtv+AVscnjzoBubkdGo0rAPDpF1OwY+duZGWmY+jghhPRU1KSMWb0idr/b7//MXoPPgljJ1yINWvXR1Qmkea3fn/AD1Bath+9ehbj3jtuRnrrVli8dLlUsC1ZtUYTpgHgx6nTMX/hYrjdiRh6qL9F07dLS8saLfkTiaavWRkzrM4F0dStyJBB/WCz2TDl+591ZbNsRQl+/mUmEAo1aouRjHuxiC8S/P4AVv7P2iFTtO9qdof28HjcGNi/D9q1zdIZTletWQe73a7JJB3zcpGYmIht23diZcmqqPvzb9t3NhrHpv4yq1FbjIuLQ6eCjtrJ9l6vD+ddeh16DDwRTz73ckRlEwvZ6YrrbsFx/UY0Ml5//9MvKNu/H3abHXF2vQi6a/cefPblt9r/tEQ9zm7XTn3u27sHbDYbZs6epytDasfNhZjeprRtGVbCi0U/Buq3O7j6xtvw7Q9TcbC8AgCQnJSEnt2LcMctf8I3n72Le+64WXs+mnhlMsfnX3+H7Tt3odUh2Z7o26s7XC4XSlatMTQK9+nZHXWSvjNtxhzsKy1Di7RUnDBscMR9LJzMHi3+QADrNmzCmrXrtZ9tv+1AKBTCkIH98OLTj2lLl7+a8gN+274DaakpmpESqG/rSUkeLF3+P9MD8ayUzXlnj4tKDrPSJyOlOcI0Yv2GTTqP6qnTZ6G0tAwOhwPOhASdfPrD1Om6/vf+R5/pPjJEyrwFi1FRUakZzYF6OadHcRH8/gBmHVqC3txzncg9k/6G4/qNaLTNxPqNm7B9x07YbECcI06XNnG8ffU/72DDps3S8MW5NdK5r7l09xOGDUbLFmmNZEGv14fJX05B2f4D2kc/GYdDl7EiTyoUiqObo9JzlfZdzc/NRkHHPLRIS0VG61Y6w+nyFSUo238AWZkZGDliKIoKu8CdmIhNW7Zqk2N6eisEg0G0a5OFJw/tUUO0TEtFMBhEq5YtkJuTHXZpWDi8Xh+WLF+JnJwOOO/sMzH+9DHYtHkrFi5Zig8++lwbhIuLCuv3QwqG0KWgY6N0ZaSnIxgMIisz0zCu/LwcuJxO7N6zt9EXYn4a8CP33wlnQgJ27t7TKH/kaZOT3R5t2mQiWBe0/Cyne3E3OBMSUF1dg6XLV4ZdCpGR3hrx8fGIs9sx6R79xO6Ii4PdboPL6UTbtlmYu2Axzjz9VORmd8C///ksyvYfwLIV/8O0GbPx0adfmsZjRHb7dlHlkxNJuyKqq2tQWlqmezYYCgGoN1ABaJb8ErW1tdgrxB9JXRjx49QZOGfCGbqtAQb064PWLVtiZckqzJg1F6ePGY2UlGRUen3YtLlxP9u0ZRtqamqk3irRQHXM914mtm77DX6/X/s/Fv0xGmpqa3VbE3BcLieyMtORlZkes7RVVFZiw6YtumvzFy3BwYPlaNs2Cx3zc+F2J8KZUL/X2IRxYzFh3Fjd8w5HHBISEtC+bRt8+MkX2LptO7p2KcCjk+7CX2+9EavWrMO06bPx0WdfRLUkKpq64NsD5OVmY+eu3fjXG29L45cpAtT2OrRrCyC6vn3gYHlMx731G+rnCitjhtW54OYbrrZctzL69u6BVi1bIBCo1tLHWb1mHfz+AFJTU3RGEyt5iGV8kVDl91vyXAQa9l1t2SINA/r2Rsf8XKSmpmDZihLN6LF8ZQkqK70oyM9Dbk42CjrmwuGIw4YNTZv7d0nmqvUbNiEQqNYO2Vq4eCl6dT8Oo04YhhOGD8bWbduxaOlyfPn191HtGxlL2Wlg/z4YPKAvsju0Q25ONtq1yUJKSjJ8vqpGz1Z6vY3CCwWDiIuLQ1pKCoqLCpGZ0VraLrj3cHMQDAV1y2CjbdtGWAmvQ/u2TerHnGUrSnDzHfcBqK+jk088Hn169UBebjaSk5Jw/sTxqKisxEuvvBFVvDKZw+v1aUvg+/XpidfffBe5OdkoKuwKr8+HWXMXSNM6sH8fpKamoLq6Blu2bNPdm7dgMYaPPlN7zmofsyqzR8vBg+V45IlnG43LdDZB9+MKcfXlF+LO+x8FAMxfuETn5UhGuIA/gMXEDEaFAAAgAElEQVRLlxvGY7VsopXDwvXJaGiOMI3Yf0A/xnu9PgRDQcQ54pCe3hp1wSBSUpJRXlHZaExZtqIEBw4cRMahPZAj5dsfpuLSC89Fj+Ju2tYA5I28e89ezJ636LDMdUYUFxVi8MB+6FyQj+wO7dCubRu0aJGmeepS2vz+AFYfWjVKeL0+7Ny1G92Eg6WBxnNrpHNfc+nuOTkdYLfbsWXrtkb3pk6fhf0HDiCnQ3vk5+VI3ycnrubUZazIkwqF4ujmqDSuAvVeIF27dELH3By0b9sGSUkeLFq6XBt0Vpaswu49+3Bct67o1rUzcrLbIxgMYvUhb6mB/fsgOSkJcXFxGDSgr2E8ZMhoqnEVqP8auGfPPow77WRkZWWia5cCdO1SgAvOmYD5C5fg0b8/j6yMdCR5PHA6EzBq5HDDsFJSkpqcHnucHTabDSGDfXGifZbjTEjA7j17kZ7eGmefeRoWLl5muiSIhO/8vBzDCaympgatWrbAux98gr/e+wiuv/pS9Ox+HFq1bIETjx+GE48fhr/ceC1e+8+7uo36rRBtPolI2xXhDwSw32A/OKczAUC9IBzr/BLBYAiVFZW6a5HUhRGbt2zFypJVGHvKKG1rgMED+sJut2lKfZzdDrvNjmAwiLoolldFCtWxjP0HDsIfCGj/H87+yKmrrcPevftMn2nutGlKxiFvETIAZqS31g79kpGcnITNW7bi1rsm4abrrzy0f1kSBvbrjYH9euPG6y7Hp59/E/Em/NHmd/7CpTjt1NFIb90KO3ftlnr41NTUYN+h5bwy7HH2qPt2gLUnIyLpa6RgWRkzrBJJ3cpwOBz142YohNoI9qCLNg/RxhcJtbW18FU1NvDJWFmyClu3bUevnsXomJ+LosLOSIiP1wynALBqzXocOFiOli3TUFzUFTnZHeCrqsLKQ3u9xbI/19bWIhQKweFw1O9P98obOHCgHOdNPBP5udnIO/Rz9pmn4dfVa/HE0y9ZNrLGSnYa0Lc37rr9JnTr2lkbj6ura7B9x07U1tVpB1xxyg95UYrY7XYkOBPg8bjhcDia3C527d6Lgvw8tGyRFvbZnJwOSEiIR2nZfuzctRsOR73YHMv+aTW8pvZjI+YtWKzJbT27F+HRB+5C504dMXLEULz0yhtRxSuTOYCGJfCdCvLRs3sRjisqREZ6K2zasg3f/zQtonSLRNrHrMjssdxzFajfMmjk8cNw1rix6FFcpB2AN2f+Ipwx9mTNyzEtLRXZHdph+85d2oFeTSFaOSxcn4yG5gjTCKMPaCT3ULkYYZRWqyxashzdjyvUjOaDBvRFcpIHP06djs1btiIrM73Z5zqRgvw83HfnLRjQrzfi4uo9VOvq6rBrz17s2rUbGemtATTMw0YYla04t0bSL5tTd6eVB7VR6iGHQ5exIk8qFIqjm6PWuLpp81bU1NQgJ6cDAoGAznBKrFq9Fj27FyG7Qzvk5WSjvKJSW4qwsmQVvF4f/IGA9GTSppKbk414R3yj68+//Bqef/k1FOTn4bRTT8LwIQPRpXNHDBrQF3+65jJ8+sU38FVVoba2Fg88+qS2oX1zEKwLIhQKwWYPv/tDJM9yfl29Fo888RwevOd2dOncEZdddK6pcZWW2Pz8y0xcf/OdYcOfv2iJphSePmY0TjxhGAb07Y2WLdJw9eUXYsOmzYZ7gsqINp9EpO0q0i/NVvJbXV1t+H6iywW7xbxFWhdGLF66/JD3eFeMHDEU+Xk52LOvFNNnzgEA1AWDCIaCsNvtmiAXLU6JQi5CdSyDn9QLAHtLyw5bf4yU5k4bjWG1h7xo7TYbampqsHb9Row/7/Kw76/fuEnzfBo+dBBOHnU8Bg/sh7ZZmThnwhnYsnVb2L1gOdHk1+Nx47KLzkXrVi1RV1eH4qJCXHflJbo9TYH6k7FbS7xP7IcUh0CgOuK+PaBfb8t5i6Svxdo7BQD27SuNqG5FyJhns9k041JzEsv4rIwZVti4aQv69+uN7PbtGhlOgfoPTes3bsLwNgPRu0cxMtJbo7R0P5YsWwkgtv05KTkJdrsNfn8Au3bvBQC888HHeOeDj5GVmYHTx4zGiKGDUHxcIYoKu+DmG67GBZdfbynsWMhOHo8bd956I4oKu2Dzlq14/6PJmDVnAdZv3ITcnGy8/o+npcbVcHi9PtTW1ja5Xfy6ai0G9uuN/NycsN5PRYVdEB8fj9+278SiJcubpX9apan9GAD+79UXMKBfb3z48efSPRyXrSjBh59+gTtuvl7bmisW8RJfTfkBF557FooKu2BAvz4o7FIAp9OJ5StLmuyxFU0fCyez33rXpCalScbuPXtRW1sLj8etHco7Y9ZcbN6yDb16HIf+fXshJSUZiYmJWLRkWUw82WIphx1pIpFzw0HlYkRT548Fi5diwrgxyMluj5NGjkCP4iJUVHoxd/4iALGd66yWy+23XI9BA/piX2kZPvhoMqbPmqt9lP7wrVc14yqlzQiPxS0cIumX9LGhOXR3WnngiLL9H25dRqFQ/D45KvdcBeoF/IMHy9E2K7OR4VR75tfV8FVVobBLJ6SmpqBs/wHNMOX1+nDgYDmcCQnIy81uFP5dt92EFQum4aN3XreUHnESyc/NRlKSR/t/7CmjMPvnr/DzN5+guKgQ6zduwvMvv4YJF1yBL775HkD96anbd+yCz1cFtztR25uN8/yTD+N/C6fj5eeMD37Z9tsOBKqrkZyU1EjQP/vM07B49g/45rP3UOX3I1BdjQ7t2uhOuQXqDStt22ShuroGO3fuxtbftlt+llNeXoEly1bgk8+/gt/vx6D+fXDJBRMN077/wEHU1dVpe9dxRo4YijlTv8bsn7/CqaNH4l8vPokVC6Zh0t23AagXym+543785c4HsGfvPiS6XGiZlmoYl4xo80nEul1xIs2vw+GQ7tdqddKPpC7M+Pzr77B56zZkpLfC6BNHIC01FavXrNMOJdi8ZRvKyyuQnJwkXUKUl9MB8fHxmpGAEIWP3JxsUy9aguq4bZss3fJtAOhUkI8kT0O/jUV/bC5imTaPx422bfTbOxQXdUVaWip8VX7s2LELe0vLUFtbqynUnNycbPzw1X+xcOb3uOaKizDp7tuwYsE0vPLC3wHU75t174OP47SzLsL6jZsRH++QGjNjnd/rrrwEfXp1x67de/D2+x8jGAxh/BljtJOLObKlsjnZ7REfH48tW7c1a9+OVV8TsToX2O1xlutWxqIly1Fath8ulxNFhV0a3e/apRNcLicOHiwPe5iJFaKNL9oxwworf12NqqoqdO1S0MhwStAH4K5dCpDkceu2Jom2P7du3apRm+nUMQ9OpxOlZfvRulUL/PDlh5j3yxScOnokdu3eg9fffBcXXXkD/vP2B6ipqUFamvWltrHoB8OHDESH9m3h81Xhtf+8i/9797+aB6AoO0UCrViStQuPx215zPlp2nTs2r0HHdq3xfkTxxk+d/7E8ejdszv8gYD2sfBIEskYbUTZ/gOw2+3o1bO4UbsiPG437PY4eL0+rCxZFZN4OYuWLEdcnB19enVHUWFXVFRUmo4bK0tWobyiEgkJ8cjJ6aC75/G48e3k97Fwxnfo16en5T5mVWZvDjIz0uFwOBqNX9NnzUVtbR169ShGt66dURmmXADrZVNU2DkqOexI01Q5Nxwkn6YkJ6GgY57uXs/uRchs4nZVM2bNxf9+XY201BSMHnU8MtJb47ftO7QDi6Kd66Itl+KiQnTp1BG1tbX4ZPJX+Mer/9EMq+J8ydPWtUsnXTgej7uRfG1EJHNfc8phW7ZsQzAYlKZh5IihaJGWBn8ggI3CFlrE4dZlFArF75Oj1rg6b8Fi7CstQ5s2mWjbNku6yfOSZStRWrof7du1RUpyEtat36D7wjt3wSLU1tZixNBBGHXCMO36wP59cPKo45EQH49Va/Qb7otUVFSirq5OO2CGOOWkE5DGDF0lq9aistKLrMx0jD5xhC6M5KQk2Gw2+KqqsHnLVixZtgJxcXE4edTx6Nm9SHtu3NiTMWRgf4RCIawwOWjj+5+mYeu27WjduhUmnDFGd2/okAFI8niwfcdOvP/RZOzcuRtZWZm4+Pyzdc9dfP5ZaNc2C3tLSzFr7nz8OHWG5WdlvP3+x5i7YDFcLhfOPftMbaN+kV9m1m+wn5vdHjdee4V23eNx47yJZ6JVyxbYu68UM2bPw/oNm+GIi0P/fr114aWmJCM+vt7jLmDixUnYbXat7pqaTyA27UqG1fzu2r0Xfn8ASR4POhXka88NHzoIvXt2txxfJHVhBp2KmuB0on/fXggG6w9rIlaWrMLS5f+DMyEBZ4wZrcvbmNEnYkC/PggEqjF/Yf2HkdKy/aitrUVmZrquf0w441TtsBYzqI7btsnEWeMa+kdBfh5OO2WUbslmtP2Rt6lwRPuVOxZjBeFxu3HGmNFamj0eN84aNxYpyUlYu24Dpk6fhVlzFmDbbzuQ3roVzj1rnC5/V1xyHjq0b4dKrxcLFi3F+o2bEKwLorioUGfIbJOZCWdCAuqCwUZ7KobzFog0v8OHDsL4Q+Pfl998jxdf+TeWLl+JjPTWuOrSCxrVT1G3rjh/4njtf2p75RWVmHPIi6S5+nas+pqI1bng0y++sVy3RsyeuxDBYBAnnjBMV+c9uxfhxOOHwWazYfGyFRGl34xI4mvqmGGFdes34uDBchTk5yEtNQXbtu9o5PG48n/1ho6CjvlwOBxYxfapi7Y/Z7dvh2uvuFj7f/jQQThh+BDU1dVh7oJFWLRkOfaV7kdaagpOPH6Y7t3kpCTY7XbdIX5G8P7Z1H4QCFSjtq4ONrtNZ0j1eNw49+xxaNkiDXa7DUkRLl+ntNXV1TVqF9decTGy27ezFMayFSX4+tsfUVcXxDkTxuEvN17T6JlRJwzD9VdfiuQkD5YsXYF3//tpxGmNNZGM0Ub8/MtMlJdXoEvnAjz56P2N+sewwQMw/vRTER/v0LxJYxEvZ8HipThwsBy9ehQjKzMDGzZtMfVmo71a4+LiMOr4YToZ4qxxY9G2TSYqfT78MmO25T5mVWaPNcOHDsLQQfUHf61dv1F3b/7CxdhXVob8vBx0aN82bLkA1svmux+nRSSHRUMsvWJjJeeGg+RTl8uF0SNH6Nr2BedMiMn8sXjpCtTW1qF/n55wOZ2NyjiSua6p5VJR6UVtbR3sdjs8Hv1HrqsvuwDt2mbBbrcj0eXS0hYKhTBsyEBdm7n2iovRMS/XUv4jnftiKYfxeW3azDko238ABfl5/9/efQdUVf9/HH9yEVCGGxmC7C2guNAcmSNTSy21zJWVlVlZ2bJly8avsmFmlmVDM0e5yrKhJW5xIE5AwIXiQtlw4fL7g7hfEVDAhfl6/McZn/M+n3vPvee++Zz3hycffdC83M7OlgG39aZhg/ocPJRS4YRSV/q3jIhcm2psWQAorrtaUq+rvLpHZ09AlJuXx87dpT9sZ3w9m5ZhzWnfrjXvTprI5q0x5OXn0zoinAb167M3LoHvvl9w3hj+jlpLn17dCQrw46fvv2L33jh8vDzx9GhGRnoGVlZW5liW/7mSUcOHcM+wu2gZHkrK0VT8fLwI9PflzJl0fv71DwC+mDmb4EB/Avx9mT7lXaK3xGBjbU2rluHY2tZh3YZoZv1QcVxZWdnMXbCY8ePGcGvvnvj5epOYtJ/gQH+8vTxIPXacWT/8SPL+A3w9a655u6AAP+ISEvH28iDQ3xdjQQGLl/5mHmFYlW3L8/WsuYQEBeDt5cG9I4fw/MQ3y2yzfuNmFi5Z9m8/3Ulk21alYs/IzGLuguIJcRYt/ZUuHSPx9/Phy2mT2RoTi5WVFa0jwqlfrx4rV605741nekYmuXl5NHV14YN3XmPT5m18MXPWRZ/npXhflacq57tl23b69e3Fw6NH0iYinEKTiYjwUAyWBoxGY6WOV5XXojJt9e7ZDbemriQlH2D12tITU3z6+df4+Xjh7+fDzOkfsn3HrlLv+TXrN5nf86vXbuSuO/rh7+fDx+9NYsu27bi6uBAU4EdWdjYOFxj1lLz/AD//9gcPjBrO/fcMpWOHduw/cJCW4aE4NXEs85hTVa7Hit5T5Sm5CXZzc+Wh+0cQ2SaizOPqF3KxnxUlioqKiGzbigWzZrA3PoEAP1/zZ8WX384x99vsuT8xftwYet/cjUB/X3btiTNfGwXGApb+spxt23cSvy+JHjd1+fcaeInoLTEYjUbzj+Wdu/by/bzikgAl/6Dq2KEd//fGS/z+19/8uTLqos7Xzs6W+0feTRPHxmzZtt08idV3cxbg5+tNq5ZhZcoD2NvZ8swTY+l2Y/FMsK1ahlO7Tm2W/rLcPGHc5bq2L+W1draqfBdU9rWtyLQZX9M8OID27Vrz/psT2RITS0FBgfnzaW/cvmr1zaU43sV+ZlRGSd3Vpq4uFBYWEhe/r8w2G6K3cCrtNH4+Xpw5k05MbOn+rM71bGVVi1HDhxDRIowz6enm81+3IZoZX88Gip9y8PfzoU+v7vh4exK/LwlXZyfCQ0MwFhTw23m+J8u7Pi/2Oljxz2ri4vfRvl1rxj4wyjwLdFjzYBo1bMCZM+nY2dlWa/RO6diKP3vq1a1LeGgIVla1Kl0Lb/KU6RQVFTHi7sE8dP9I+t96Czt27SE3Nw8/H298vD2oVasW6zZE89zLk2rEJCOX4jr+5bc/8fPx5t6RQ+hxUxe6dOxA6rHjZGdnU69eXRwbN8JgMBC7czdfzJx9yY57tlWr1xGfkEj7dq0pKCggekvFEzaV+O77BUSEh5a6P2rcqBHhocVJi5LjZ2ZmV+oay8rKrvQ9e2TbVrw76WUaNqjP5zNnmScKPJ969ery0nNPmicHguLauU1dXbCysmJfYjLffj+v1D7btu9kz954ut3YqdL9UrW+qfx9WFVcinudc5Uk5C72Prcy5v20hFYtw2jXJoJlP81ma0wsHs3cCfDzobyKo8sWzsbX24v5C5fywisXfnJo7fpN3DWwH01dXThx8pT5n7klqvJdd7H9UrK/u5srgwb0xbOZG5lZWQQHBeDu1pS0tNM0btTQXD95waKf6XxDJIEBvsyeObXM521lVeW771Lch1V037lg4VJGDR/CqOFDiGzbmoOHDpvvl9LTMy54H3Ylf8uIyLWpRidXd+2Jo8/N3bAwGMokTkvs3htP29YtycrKZl9i6dmgs7KyGfvkBB4bcz99b+lBpxsii/8bnZ3D31Fr+b/JUy9YrH79xs289+GnjL53OD7ennh6uJOensGc+QsJ8PMhrHmwedvJU6aTmZXFiLsH0yoinLb/jhiJ3bmHKdNmELW2eDRkQmISox95ivHjxnBjpw5071pc4Ds9I5PFP//Gq2+9f8Eb+TnzF3LocApPPPIg/n4+hAQFkJeXT0zsLt7/aJq5PMKc+QvJzs5m9KhheHl6EODvS36+kX2JyXwzex7zFy4t1WZlt62or5Yt/5PhQwbRo2tn1lQw8+vkKdM5eCiFkUMHE+jvS0hQAIWFhcQnJPLFzFnmR7ISEpN46fV3eHzsA7RsEUrvm7tTVFTEiZOn+HrWXD6eNuO88az4ZzV/rljFbX1v5sZOHXB1duKLmbMu+jwvxfuqPFU539fenoyFhYX5P92FhYXs3hPPkmXLGffw6Eofs7KvxYWUzIraMrw5m7dtLzu7dWISTzw7kWeeHEvriHC6d+2MqaiIU6fSmPfTEj6eNsP8nk/ef4DX3/6A8ePGEBLkT++bu5OdncPyP1eSbzTSr8/NF4xnyrQvyczMZsTdAwkM8CM40J/jJ04yZ95C+t96S6lahVW5Hit6T5Unef8BlvyynBFDB9OudQQe7m78U4X6wFWN7XyOnzjJqtXr6NntRry9ulFQUFDmswL+97ny6Jj7CQrww8fbk0KTiaNHU/n2+wXmCdWysrJ57uVJPPvkI3Tp1L5UXEuW/c77H00zx7Vg4c+0DA8lLDSYfn17kZeXX2FytbLnO/6xh2jVMowzZ9L5bs4C87H+WPEPHdq15q7BAxhwW282nfXj9NffV+Dh7sYN7dtiMBg4cfIUPyxYxDuTPzFvc7mubbh019q5qvJdUJnXtiIlfTNxwni6dr6BGzt1AIpLw5S85iW1ZS+FqhzvUnxmVEbJ/UZmZlaZxGlJzPEJ+/Dz8eL0mXR27y1dJ74613P0lhjyjUbaRLTAxsaajMyy286Zv5CCggLuv2doqfdWZb7TKro+L/Y6eP3tD3j+mXG0iWhBj5u6mOP5+NMZ3NC+Dbf07IaHu1ul+v3cPi55X3Tr2snc9u498eQb88uU+zmfDz75nOgtMdw38m7CQoPp3rUzFhYW5OTmEr8vifk/LalS3egr4WKvYyiuM7p5a/F5hzYPwq2pCxYWFuZJbX7/8+9S38mX6rhnW7shmogWYWRkZrJx84VHvJZcOyXfObf07IapqKjM8atyjVX2nr06atvY4HfOY+ZFRUWkp2ewdkMUM7+bU24yes36TXRo15r0jMzzPkFV3b6p7H1YVVyKe53yXKr73AspmUx2/LgxBAX4nfX98TdBAX64ODfh5Km0arcfu3M3MbE7aerqQnxCYpl5Iqr63Xqx/fLa25OLRzp37Vy8/7/X8QdTPqNhgwaMHDoYr38f+S+ZvPSZJ8fStlVLetzUhby8fDZvjcHa2pqW4c3JKGfiunNV5bq8FPdhFX2vTZ4ynbTT6QwfcgehIYG0CAshJzeXmNhdlbrmr/RvGRG59lj4hbWvuFq1iEglLfxhJm5NXXntrffN9aRqmmFDBvL0uDEcPJRC34HDL7yDXPMmvTKBQQNurfQoExERkath9KhhPDrmPtZv3MwDjzx1tcO5rpVMvtewYX1emfSe+b42NCSID955jag168udFK480z56h47t2/HJ9K+Y/uW3lzPsK+aHb6bTPDiQz2Z8wyfTv7ra4VxX0iZMu9ohiFRLg7cqN7nqlRId9dslb7PG1lwVkWvH3YNvp5l7U+ITEq96YvXW3j3ZFLWc3xbNKVXnCKBj+7bY2NiUqXUmIiIicrXY2dnSqUM7TIWmGjGB2vVi6fxv2RS1nNGjSk/IdnO3Ljg5OXLixClid+4xL+/VoysODnaVfoqlc8f2hIYEkXLkKMv//PuSxn65ffXZh8RsWMFLzz1RanmfXt3x8fIgPSOD7TsvXPdfROR6UaPLAohIzfbxe5Pw9vKgqYszlrUsa8QPgtidezhyJJUAfx+mvP8m23fswmg0EhwUgIe7G6nHjrPo50v/nyoRERGRqhh8x23cdUd/6tevS1NXF3bu2qt7lCsodtcefH29eXj0PXS6IZKjqcfwbOZOUIAfUDxxZEmpKzs7W1q1DGfb9p0XfI0mThhP64hwnJ2aYO9gzx9//VOmZFZNtzUmljYRLRh8ez9CQ4JJPnAQZ6cmhAYHmmvWn1vmQETkeqbkqohUW+3axXXFcvPyWLz0N6Z/9d3VDonk/Qd4+Y13GPvAvbSKCDPX0cvOzmHV6vVM/fyrSk+8ISIiInK5ZGVl4+7mSt26DiQlH+DDT7+oEROoXS8m/d+HZGRk0veWHrRp1QJLg6HCmtVZWdncNfLB87R2FgsLfH29MRUW8k/UWt77+Np7lHvKtC/Jy8vjroH9zTVKS2q0zpnxNZ9/Vf6cAyIi1yvVXBURERERERERqcFUc1WuVddDzVWNXBURERERERERkRptde8AAurWLrUss8DEs9GHmJecdlFtf9jWnX7N6l+wrZIYjuQYGbv+AFGpmRXu/2NXHzo72V+yGKXm0oRWIiIiIiIiIiJSIz0X6szhwWFlEqsA9rUMTI1sxo9dfard/o9dfRjq3fCq7S/XPo1cFRERERERERGRGmewZwMeDHDE2mBx3u0iHe14LtSZt2OPXtZ4Oi7be1nbl2uTkqsiIiIiIiIiIlLjPBbcBPtaxQ9dn/so/mDPBrzT2g37WgasDRa0aWxXZv9zSwmc3UYnJ3umRjbDpY4V8L9RsC+Gu5Q6TnntHckx8tne4zwU4Fjh/gez8i95f0jNpLIAIiIiIiIiIiJSowz2bEBTW2ugbGIVYF5yGs9GHyKzwMSq1EzuWLmv1L5JA0PLlBJwqWPFD128eS7U+cqcBJBhLORIjvGKHU+uPCVXRURERERERESkRvF2sDGXA1hxJKPckaTzktPwWhBbKrEK/xvxmm8q4v2dqTj+EMPY9QfILDBhbbDg7n9rpIYt3sWqf9vNLDAxdv0BwhbvKvdY54pNyznv/kdzjOSbii6qD+TaoLIAIiIiIiIiIiJyTTj3cf4SJaNbXepYmUe8rj+eZa7DOi85jQ5N7Bnq3ZBGNrW4oYl9pZKoFyvdWHhFjiNXj0auioiIiIiIiIhIjeVuZ13pbc8e8Xpu3dOS0aTWBgucz0nOXmqJGXkauXqdUHJVRERERERERERqlLOTk351bejkZH+VI6qaIzlGMoyFpOYUXO1Q5DJTWQAREREREREREalR5iWncadXQzo72eNSx4pvO3nxbPQh5iWnEbZ4l3m71b0DSk1cVZKUtTZYlBnx6lzHCmuDBfmmIo5e5kmmolIzS8Up/11KroqIiIiIiIiISI0zN+kUEY1ssa9lwL6WgamRzZga2azcbc+ubfpYcBMC6tYm0tGO50KdeTv2KIM9G9CvWX0ATuYVsObY5a2D+mFbd4Z6NyTfVMSU3cfMtV/lv0dlAUREREREREREpMaZl5zG9L3HL1i7dFVqJh2X7TX//fGuY2QWmLA2WDA+xInjd4UzNbIZ9rUMZBaYeCPmiDkRW1KXtSR5u71fcJVKEFzs/nLtU3JVRERERERERERqpLdjj9J03nZWpZYdaXokx8jtK/dxx8p9pZbPS07Da0Ese9Nzy2w/IiqJeclp5mU/7k/jyFklAhysLHGpwmRXF7u/XPss/MLaa+oyEREREREREaYgH7AAABXlSURBVJEaKm3CtKsdgki1NHhrzNUOoZToqN8ueZuquXqZ2NnZ8vxTj9GnVw9sbeuQm5fH9BnfMvXzmVc7tDImvTKBQQNuZd2GaEY+8NhFb3c1vfrC04Q2DwIgdsduJk56t8Jt33r1eQL8fSkoKGThkmXMmb/wSoVZKR+/9wbOTk7Vjq1RwwY8dP9IwpoHYWVlRVZ2NtO//I7VazdchmhFRERERERERK4/Sq5eJnfe0Y++vXtiKjTx58ooTp48xZr1G692WNeVpq4uhIYEEbtzd5l1bSJa4OzsdBWiunL69e1Fy/BQsrKy2Bi9lbTTZ0hM2n+1wxIRERERERER+c9QcvUycW/qio21NRs3b+Phx5+92uFcEi+88hYvvPLW1Q6jUnJz83BwsMPf17vc5GpIcAB2traYTKarEF3lPPbUixe1v1MTRwwGC6K3xjBl2peXKCoRERERERERESmhCa0uE2sbawwGA0U1OHn3X3Y45QiWlpb4+/mUu97Px5vc3FzS0k5f4ciunNo2NgCYCvUeFBERERERERG5HGrkyNVlC2fj4uTEq2++x6Kf/1dotn/fXkx8/imOpKbSe8BQAFqEhTD2gXtp06oFtrZ1KCoqIj09g5Wr1vDqW++TlZVt3r9Th3Y8OuZ+ggL8sLGxprCwkH2JyXwxcxaLf1leqdiGDxnE8LsH4t7UFUtLS/Ly8tm9N54p02YQtXYDkW1b8e6kl3Fq4ghA+3atiYtZe8E6pefGVtLu+x9NY0P0FvN2t/S8iQfvG4GvtxfW1lbmc/hm9jzmL1xaqk1fby/GjR3NDe3bYGdrC8CJk6f4+dc/+HjajFJ9c67uXTvx8oTxODo25pdf/2DipHd5/ulx5dZcHTTgVkYOHYyPt2epPjk39jL9bzJx6lQaS35ZzjuTP6lU/1fWiZOncGriiGczd3x9vEjYl2ReF9EiFFcXJ44dP4G1tRX16tUrs3+fm7vTu1e3f0d/GjAajSQlH2Tuj4vYGrMDgNCQIMY9PJrsnByOph6jRVhzDAYDu/fG8clnX5GekcFdA/vTqUM76tcvPkZWVjabtmzji5mzyMnJLXPcs51bc3XIoAEMuK03UWvWY2VlReuIcGrXtsFkMpGUfIDv5/3E1pgd3NipAw/cO4zatWsD0K1rJ7p17cRfK6OY+vlM3N1cGTJoAOGhIdSpU7zN6dNniFq7gR8WLLpgXCIiIiIiIiIiUqxGJlcry9OjGa+9+CwB/j4kJu1n15446tV1oFXLcPr17YW1jTWPP/0SAEMGDeDJRx+kbl0H87beXh4E+vvy0oTx2NraXnDSoCcffZBRw4cAELtzDwcPHSY40J/w0GD+b9LLvP/RNKK3bue3P1YSHhpCi7AQEpP2s33nbuITEitsd8igAYwfNwYHezsSk/azNz6BoIDidt+Y+BxPv/Aq27bvNG9nZ1uHhH1JxCUkms/h+afH4ezUhCmfFT/+7evtxQfvvIq/nw/Hjp9g3YZobKytadUynBFDB+Pl2Ywnnn253ARr547tzYnVP1esYuKkdytMxD4+9gHuHTkEq1q12BOXQGLSfnOfvPvmy7z42jusWr2OyLateGPiczRxbMyeuATi9yXh6uxEeGgII4cOxmCw4K33plTqda+MzMwsjh0/QVNXF/x9vUslV0OCArCzs2XthmhCQwLL7Dv0zju4rU9PABL2JZN67Bhenh74+3nz2MOjmTVnAX/9HWXe3tmpCU0cG7Fz1x4sa1myLzGZ9IwMnnl8LOFhIeTm5rJlWyxGo5HgQH9u7NSBhg3q887kT6qVyGzVMow6dWoTl5DI6dNnCPT3xcfbkwfvG8HkKdNJOZpK1JoNBAcF0NTVmbj4RI4cTWX33njc3Vx58tGH8GjmxqlTp9m+YxdWVlYEB/rRp1cPXF2cmTzlMyVYRUREREREREQq4ZpOrrZuGUYz96YkJR9g4LD7zQnAEXcP4vFHHsDPx5sAf18OHU5h0IBbcXCwZ+my33nq+VfNbYx/7CHuHTGEe4bdybqNm0nef6DcY3Xu2J6BA24FYOZ3c5g8ZToAdna2vP3ai/Ts1oW7B9/Or3+sYNL/fcikVybQIiyE1GPHeeaF1yo8Bzs7W+4c2A97O9tSsdnZ2fLlp5NpEdacAbf15vSZDO4Zdid2drYs/WU5z7z4urmNl5574t9RjbcQtXY927bv5OEH7sHfz4e4+H088exEEhKLk4u9e3bjpQlPEtm2FcPuvIPpX31XKp52rSOYMP5RHB0bE7VmPc+9/EaFidUWYSHc1qcnlgYDM76ezfsff2Ze996bE+l7Sw8eum8Eq1avo33bVjRu1JBNW2IYcf8j5u0mPPUoQwbfTkhQ2STnxdobvw8vz2YEBfixbPlf5uWB/n7k5eWzNy6hTHI1okUo3bt2AmDJL78ze+6PANSpU5tHH7qPyLat6NWjK2s3bDLvY2lp4K+/o5j+5bfmZbf360NQoD9paaeZ+vlMtmyLBcDdzZWnxj1MSFAAA/v35bs5C6p8XnXq1C4Vm7+fD+Mfe4j69eoREujPwqW/Ehe/j1dfeJqmrs4cPHSYqZ/PBIr/QeDRzI39Bw4xecpnHDyUAsANkW24f9QwQkOCuKVnN35a/EuV4xIRERERERERud78J2qu1q3rQO+e3cx/f/v9fCI69KDP7UPZG5fAzd274unpzvETJ1mw6OdS+/64eBkpR1JxdnKkY4e2FR6j67+jDXfu3mtOrELxY94LlyzjVNppPDzcuKlLxyrFflOXjri7uZaJLSsrm3UbN5OXl4ePlyc9buqMi4sThw6l8OkX35Rq47s5P3I45ShNHB3p2L4doSFBtAxvTm5uLnN/WmJOrAIs+/0vNmzaTG0bG9q1bVWqHUtLS1589nG8vTxYtyG6wpGtJbp06oBTE0eSDxzis7MSiwDLlv9F2ukzeHk2K9Unzk6OdOrQzvz3W+9NIaxtV4bdN7ZK/VYZe+MSyM7OwcuzGa4uzkDxo/xOTRw5dvwEm7ZsK7NPq5bh5tHNJclLgJycXFb+s4Yz6Rm4ODvRJqKFeV1eXn6pkbEA4c2Dsba2YkvMDnNiFeDgoRS2xsRiYWFBcKB/tc7r5Kk0Vq5aY/47Ln4fqceOYzAYzKUAyuPr40WAny95efn8seIfc2IVYM36TezYuRtraytCgy99oltERERERERE5L/omh65Gr11OwcOHiYwwJc3Jj7HM08+wu698az8Zw3zflpsTgy6u7liY21NdnYOt/frw+39+pRqp1YtS6ytrXFzdanwWB4e7hgMBvYfOFhm3Yp/VpN2+jQe7m54e3lU6Ry8vTyobWND6rHjrN+4udS6j6Z+wUdTvwDg9ZeexcbamiOpx8qMrk3ef4CUI0fxaOaGi4sTnh7u1K3rQGZWNknJZUfiJu0/iNFoxNnJsdTysNBgbKytyc83sjUm9ryJVYAmjo2xsrLC0mBg4vNPlVpXy9ISg8GC2jY2uLo6s27jZvrfeguezdyZ8elkTqWdZtv2HaxctYZ5Py6pdH9VxaYt2+jXtxcuzk6ENQ8m5chRmgcHYm9vx6Yt28p99N3V2QkLCwtSjqaW215GRgbOTk40dXUh7fQZAPLy80lPzyi1bYMG9TCZTDRp3IhxD48utc7BwR6TqYh69eri6uJMypGjVTqv7OycMvsUmYqwtDRgb29X4X6uzk7Y2dmSnZPD4ZSyx0w5kkpBQSGNGjWoUjwiIiIiIiIiIterazq5mrz/AE8+N5FHx9xHh8g21HWwJ7JNBJFtInjkoVH8uOgX3nz3I3MSsIljY/r37VVhew4O9hWuszQUD/ItKCy85OdRGQZLAxYWFhSZLjzzu6XBgMHCgMlkorAK8dpYW5N67DiOjo0Z2L8vmzZvK5PwPVtJMtrby6PCpLLRaKRRwwbMmrOAZ154nTGjR9IirDmNGjag242d6HZjJ5545EE+/2oWM7+bU+lYKyMnJ5fE5AN4erjj4+0JQKC/L0ajkd174srdx/Dv62wqvHA/lygsKCQ3L8/8d2hIELZ1bDEYDIQ2D6pwP2sraxo1bFDl5GpFSW8LCwusrawq3M9gMGAwWFBkKsJUifeRiIiIiIiIiIic3zWVXLV3sMdgsCi1LCExiXFPvwgU10W9ufuNdIhsg6uzE4Nvv439Bw5y4sRJjEYjcQmJDLhrVLWOXfhvMqqWpeXFnUQ1mQpNFBUVYWG4cCWHQpMJU5EJg8GAZRXi3bUnjtff/oBXnn+KAH8f7hl253mTq0dTjwHw199RjBn37AXb3xC9hQ3RWwC4tXdPunXtRLvWETRsUJ/Ro4ayLymZVavXVTreyti9J44O7Vrj7+tNy/DmNHV1qbAkAGBOOhosq18xIyExiZzcXPLzjcxdsIiFS3+tdluXkslkwmQqwsJgYU4ii4iIiIiIiIhI9dXYDIvBYIH9OSNJ3VxdsLa2Nv89ccJ4tm9cybSP3gFg1ep1vPDKW/S9YxgJiclYWdWiceNGHD95ioKCAho3akjkOXVGPT2a8fvSuWyKWs4D9w6rMJ79+w9iMpnw9/Mps+6mLh1pUL8+uXl5JCbtr9J5HjyUQl5+Pg729mViG9i/L5vX/M4vP80mJzeXvPx83Ju6EBpSejSkp0dxTdH8fCNHjqSSvP8g6ekZODjYl1vX08vDHSsrK46mHi+1PD09gy3btrNg0VJyc3Np37YVI+4eVGHsaafPUFhYSDN3N+zsbMv0ydoVP7Pmr6Xc0vMmPvv4/9i+cSUTJ4wHYOmy33n86Zd44tmXOXb8BHVq16Zh/XpV6rvKWLcxmhMnT9GwQX1aR7TA3t6WuITEcksCAKQcTaWoqAgPd7cy69pEtMDBwYH8/HwOpxyp8Jg5OblkZmZibW2FazmlJu4Zdic/fDOdt197sfonVg0pR1PJysrGztYWb89mZda7ujhRq5YlJ0+mXdG4RERERERERESuVTUyuZqenomNjQ1+Pl7mZb7eXtwQ2abUSMyExCRMhSZCQ4Lo3LG9ebmLkxM21tYUmkxkZ+eweu1GDh5KwbFxI+68o1+pROC9I+7C3a0pmVlZbIzeWmFMK6PWcirtNL7eXjz56IPm5XZ2tgy4rTcNG9Tn4KEUVvyzukrnuvzPlRw4eJjGjRtx+229S63reEM77O3sOJxyhO/nLeTIkVScnZ0YPmRgqe2GD7mDpq7OHD95ktXrNhC7czdbY3ZgY23Nbb174uv9v37s3bMb7dq0Ii8vnw2btpQb07ffz2fdxs3Url2bOwf2L7X/2f6OWsuJk6fwbObGIw/eW6pP7hrUn0YNG3D8xElWrVlPwr5kalla0rZNRKn26tV1wMrKioKCAvLy86vUd5WRk5NLXEIiderUoVXLMIzGggpLAgBs3hpDenoG7m6uDL3zDvPyOnVq07XLDdSr60DqseMVjnwtsX3HbgoKColoEUrb1i3Ny0NDgmjftjVWVrVI2l+2Hu7llLAvib3xCVhbW9G5Y3vc3VzN626IbEPzkCCMRiM7du25onGJiIiIiIiIiFyramRZgHUbowkNCWRg/774entx+swZwpoHU9fBnpycHPN2i37+jR43daF9u9a8O+klorfEYDQaaRkeirNTE3bu2sv3834iKyub2XN/Yvy4MfS+uRuB/r7s2hOHt5cHgf6+FBgLWPrLcrZt31lhTKtWr2PBwqWMGj6EUcOHENm2NQcPHSY40B9vLw/S0zOYu2DxBSeBOldWVjZzFyxm/Lgx3Nq7J36+3iQm7Te3m3rsOLN++JHk/Qf4etZc83ZBAX7EJSSaz8FYUMDipb+Zz+HTz7/Gz8cLfz8fZk7/kO07dmFjbU2rluHY2tZhzfpNzPphQYVxfT1rLiFBAXh7eXDvyCE8P/HNMtus37iZhUuWMWr4EO4ZdieRbVuVij0jM8vcJ4uW/kqXjpH4+/nw5bTJbI2JxcrKitYR4dSvV4+Vq9bw6+8rAJj0ygQGDbiVhMQkeg8YWqX+LM++xGRuiGxDE8fGHDyUct7E6JZtsfy5Morb+vTktj49CQ0JIvXYMbw8PXBr6kJmZha///VPhSNfSyz6+VcC/H0Iax7M42NHs2tPPEajkeBAfxwc7Nl/4BDLlv950edWVfMXLsXdrSkezdyYOOEp4vclYmVlRXCgH7Vr1yZm+06W/f7XFY9LRERERERERORaVCOTqx9N/YLaNjb0v/UWWkeEYyoq4uDBQ3z17RzuHTHEvF1WVjbPvTyJZ598hC6d2tO9a2cA0jMyWbLsd97/aJo52Tln/kIOHU7h0TH3ExTgh4+3J4UmE0ePpvLt9wsqNZnS5CnTSTudzvAhdxAaEkiLsBBycnOJid3FlGkziFq7oVrnWxLbE488iL+fDyFBAeTl5RMTu4v3P5pmrlM6Z/5CsrOzGT1qGF6eHgT4+5Kfb2RfYjLfzJ7H/IVLzW0mJCbxxLMTeebJsbSOCKd7186Yioo4dSqNeT8t4eNpM86bCF6/cTPLlv/J8CGD6NG1M2vWbaywTw4eSmHk0MEE+vsSEhRAYWEh8QmJfDFzFot/WW6O56XX3+HxsQ/QskUovW/uTlFRESdOnuLrWXP5eNqMavVdZWzfsYtTaWm4ujiftyRAidlzfyQjM5PeN3fD18cTfz9v8vPziYtPZO6Pi9gas+OCx8zJyeWdyZ9w18D+dOrQjogWoQDk5uaxeet2vv1+HgcPpVyS86uKg4dSmDzlM0bcPZjgQH/atYnAZCriTHo6f6xYxQ8LFl2wf0REREREREREpJiFX1j7oqsdhIiIiIiIiIiIlC9twrSrHYJItTR4a8zVDqGU6KjfLnmbNXLkqkhVWVlZMffb6Vc7jP+MyVOms7qaI7FFRERERERERK4XNXJCKxEREREREREREZGaTmUBRERERERERERE5D/vcpQF0MhVERERERERERERkWpQclVERERERERERESkGpRcFREREREREREREakGJVdFREREREREREREqkHJVREREREREREREZFqUHJVREREREREREREpBqUXBURERERERERERGpBiVXRURERERERERERKpByVURERERERERERGRalByVURERERERERERKQalFwVERERERERERERqQYlV0VERERERERERESqQclVERERERERERERkWpQclVERERERERERESkGmpd7QBERERERERERERErpaRI0decJtvvvmm3OUauSoiIiIiIiIiIiLXrYoSp5VZr+SqiIiIiIiIiIiIXNcqSqBeKPGq5KqIiIiIiIiIiIhc985NpF4osQpKroqIiIiIiIiIiIgA/0uoViaxCkquioiIiIiIiIiIiJhVNrEKSq6KiIiIiIiIiIiIVIuSqyIiIiIiIiIiIiLVoOSqiIiIiIiIiIiISDUouSoiIiIiIiIiIiJSDUquioiIiIiIiIiIiFSDkqsiIiIiIiIiIiIi1aDkqoiIiIiIiIiIiEg1KLkqIiIiIiIiIiIiUg3/D/rHDumIDaXMAAAAAElFTkSuQmCC"}

00:13:37.167 [ForkJoinPool-1-worker-3] DEBUG com.intuit.karate - request:
8 > POST http://localhost:22262/session/0fe75e5a670d3c74994221d2110c3d27/element
8 > Accept-Encoding: gzip,deflate
8 > Connection: Keep-Alive
8 > Content-Length: 45
8 > Content-Type: application/json; charset=UTF-8
8 > Host: localhost:22262
8 > User-Agent: Apache-HttpClient/4.5.12 (Java/11.0.4)
{"using":"css selector","value":"#txtSearch"}

00:13:39.340 [ForkJoinPool-1-worker-3] DEBUG com.intuit.karate - response time in milliseconds: 2172.15
8 < 200
8 < Content-Length: 88
8 < Content-Type: application/json; charset=utf-8
8 < cache-control: no-cache
{"value":{"element-6066-11e4-a52e-4f735466cecf":"3bc2c287-6c33-48dc-a128-f7c16c42a26f"}}

00:13:39.358 [ForkJoinPool-1-worker-3] DEBUG com.intuit.karate - request:
9 > POST http://localhost:22262/session/0fe75e5a670d3c74994221d2110c3d27/element/3bc2c287-6c33-48dc-a128-f7c16c42a26f/value
9 > Accept-Encoding: gzip,deflate
9 > Connection: Keep-Alive
9 > Content-Length: 33
9 > Content-Type: application/json; charset=UTF-8
9 > Host: localhost:22262
9 > User-Agent: Apache-HttpClient/4.5.12 (Java/11.0.4)
{"text":"Information Technology"}

00:13:40.776 [ForkJoinPool-1-worker-3] DEBUG com.intuit.karate - response time in milliseconds: 1416.19
9 < 200
9 < Content-Length: 14
9 < Content-Type: application/json; charset=utf-8
9 < cache-control: no-cache
{"value":null}

00:13:40.820 [ForkJoinPool-1-worker-3] DEBUG com.intuit.karate - request:
10 > POST http://localhost:22262/session/0fe75e5a670d3c74994221d2110c3d27/execute/sync
10 > Accept-Encoding: gzip,deflate
10 > Connection: Keep-Alive
10 > Content-Length: 76
10 > Content-Type: application/json; charset=UTF-8
10 > Host: localhost:22262
10 > User-Agent: Apache-HttpClient/4.5.12 (Java/11.0.4)
{"script":"return document.querySelector(\"#btnSearch\").click()","args":[]}

00:13:44.799 [ForkJoinPool-1-worker-3] DEBUG com.intuit.karate - response time in milliseconds: 3978.57
10 < 200
10 < Content-Length: 14
10 < Content-Type: application/json; charset=utf-8
10 < cache-control: no-cache
{"value":null}

00:13:44.857 [ForkJoinPool-1-worker-3] DEBUG com.intuit.karate - request:
11 > POST http://localhost:22262/session/0fe75e5a670d3c74994221d2110c3d27/execute/sync
11 > Accept-Encoding: gzip,deflate
11 > Connection: Keep-Alive
11 > Content-Length: 74
11 > Content-Type: application/json; charset=UTF-8
11 > Host: localhost:22262
11 > User-Agent: Apache-HttpClient/4.5.12 (Java/11.0.4)
{"script":"return (document.querySelector(\".table\") != null)","args":[]}

00:13:44.940 [ForkJoinPool-1-worker-3] DEBUG com.intuit.karate - response time in milliseconds: 82.03
11 < 200
11 < Content-Length: 14
11 < Content-Type: application/json; charset=utf-8
11 < cache-control: no-cache
{"value":true}

00:13:44.980 [ForkJoinPool-1-worker-3] DEBUG com.intuit.karate - request:
12 > GET http://localhost:22262/session/0fe75e5a670d3c74994221d2110c3d27/screenshot
12 > Accept-Encoding: gzip,deflate
12 > Connection: Keep-Alive
12 > Host: localhost:22262
12 > User-Agent: Apache-HttpClient/4.5.12 (Java/11.0.4)

00:13:54.781 [ForkJoinPool-1-worker-3] DEBUG com.intuit.karate - response time in milliseconds: 9794.52
12 < 200
12 < Content-Length: 266684
12 < Content-Type: application/json; charset=utf-8
12 < cache-control: no-cache
{"value":"iVBORw0KGgoAAAANSUhEUgAABVcAAAI+CAYAAAC4+zqVAAAAAXNSR0IArs4c6QAAIABJREFUeJzsvXeUVcWeL/6pffI53UDT0DShyUEJIqCikkyooGJWjNfszNw4d96dmffWpHdn5v7Cmvdb682b4Fz1XsM1oiKYA6CgoohKUhCa0EBHmqbpcPLZ9ftjp6raVfvs030auHfmu1b32bvqW/lb31RhEz3XSyEDeag/oP3Poo9FDkw+XpkT+583iiyEMHHEA0/2zjyK1aNiOkq4WMojMz9UPXaUer9LgKsFZcP7N1revf1fAAAgfB/zFMCDZoWL5CXpaCJJXyxNuaHP1FNiQup6KFM9/JQpgG7+Esn8NJ6J8F68gL7Wn5D+DrKTns+KwDtrNp0qD3Wa4rjF4MznPET5IgHftHAqJfkpgFKFvMgIijEGO6qP/VaMSAlh9AbC1cRrbnrlWqymxJT3upiPGU5V+gB1cyqvUrnWKOSPn0DiEfdf8PsDv7ecR1JxFUvwaqNbD+9jdRyTA+yTcnrY+BJbxSsB4Mm/RNvE3T5Wj5ELKGraKaqu4HiRh51C4d0m4qqgqGkp0vQDysOuFLmUlDlLMHK7053En71aNLM/RJ7tVymXRvujZzaOSnHZd9aB4IOp9NlY6GM6O33xOeen7P5Ug0jaros4irSU9p+YzwQZKOsDbyie4ExolwXJfL7seRI921N+5yokDj5/icpVfH+K9hnBgM+mio4EWThRcgSieOZBnPRiGpHpunym3AuL58OZ6sn4XbVQ1LBIGT5w/gtMUOkuHp3oxzlDSue0ZYUBK51T7B1gm6ueX/0s2ke4p5vCjwO4TPy1L85VP2l4HC+naH94p1CmP7RSkU4r+GrTfwbHqq+qF3cKUojKpQ9Hoh+DRQXiPFDyYcsA9udg7YtzlYgGm/3ioRso+8GLg0nK7qf8UbKcM38K/+GDz+lxZnIfkYCKC1/VUrfaQehRfIly3M888JKQnIz1Jfvljlb/Oovc8WM9ypLREm0VP/xZ64Nn25+VVjxt/0GeG/VSDop52iGMvw98o0w/C+Eltv5U8fB+MKA+6VUKPUNlW3vKXg4Yy4W1c/qjp/iGvtv7XkhK/UBRsiYilgh+/eN+VEU1KOZtqdn8nsCZ0q7UgDhXM91lbx91PfhMN6A97eXWc0N/q0LEN1Emecg1UnRLq3wC6rx7wVuZEVZ+qQSJ+jCs7BrJwqS1lAD1y/jOlKl4hgJjdBbte9dOBifcT9pSFqLPFKD2PxWC3GgqjercneDHceoVp+KntrokdQrrPhe4Ts2gqRynfpRtbpcqH2WHchhy286Vb/HQYpFnLsF7Olg9jFQp4kDDABVDPd7UUX4MGgl+UeZSOhi07knMDo7gYNXAG7UcvgAlOVZVTgzpM2VK1B3nr7Q0Ko1j22OHEYazqeSYCs7cKfufD/7A1LmS5DyFUj4XYyWiVuIl5z39qsIkcstWZ8YSBsEtUinkGrza1ahapJbpOlKnKqUcT5L3sXoRjI3xYgmyOCm+pCi5TaMoub9zoc+eIx8L0kXDJfatO6FUHrny+YMG0REqx7LkroKqvQ15G3SAEp5XuPQWhU/kFDhc/SyQitRQis3pi5T9gB9dWTUErPojy7YMu1pPKZSVLBS+pdMEKb3826ZIIdNVtG193ajmGP8+K8M8l7PDS9lFK/KfkuohUfSl5o2IZ29915gaEAbdelarSjy7FYQaq61RnqFSgXv4cqgWY75MtHgFAJHgcOGSzH7PWNCZARbJiEPloYRJdSWPye/Tb1U8zhP6mNBr7haTlNaTRPj1ly8VSy91qjIvsnjx16sg7/L7PtP6dlWA310xrPHHPEse/DtZeexygq9c/9CYGpU+ngYooXRhwjiszp0Hb88oZ6l6JaQUEIiViOEyYjYdrFYM6+5QGrUeYOkBjrxmzDTZbhmpTqCbPFTdX15XBMlsbr8yp8/Xf/yhzcsSoBjFnuYDK/2GU119L1agivOqo5jGd3uImqxFJ4Rja4i581eRyO0aP05W5oojl93C/bP1L84isdtOJaeePXgUW4aihr5OJ8CfDSNYYEq8YqF9As6QVuTr6YwV0njuVmWNWW+HrC2b/Gw59A48w8G/fcyHe+kVRd6tWWXKW3EuGf2oMzxE0DFUCxRlgGIjaFWlJJIstQ6lJuiT/cSAxFfnUoV+H6AE+VQUyjCVB6r70gPhXNXTXf5ciCW2qi+dUM4FE3lWMqej37Q+QSFfeMcBZXAczSeTySKVzmLQ0BE42dGGeCyMaCQMxwlB7FRsIWxunA+UrRc1mKsVLjt641oh9jhqo7wCoMggyuZXMaVdsb5WUhmnEgaCAfS3TcoT12xlNWZcOQerujL+HEml9kh/D3D0kZdw6weKRYYyUpdKlVLqXmKc+SKKBSUPkMIAORg97t9SH/eVE6n66L9g5KmOQ4s7X4u/nFY4Q6vFwSk5TaYuvXxJfDlKPfD8Ol1LAcVuVeIRx76r6N2vk1XpWFUZeEK4g2c5rC2nB6upuEr1rFORDbySBOI8+n2zav4LygmeS/Qy0pChU0WcH9JicIru2pQEKNlMMfBotr1Wowh3v/CLl/KFTC8nq2CrsOHCi8tGMRNT1oHKeJlLOWXnKw5ezlIxH+OnuNYq8FWPXPuwHOYvtdJR6rx4XR2gvhZAwaA9lRkfhoSyKeVWjMokH/xmo3Tki5OeM0okGenKhV9n45Th1eO/16Cgl1IVOxVPLAY+naVew1+qL57zWXjVV+XaIKTke+H6qyefUVqL6B/qb0Z9hX5/88MN6QEwaIie6ix7rtIMvWScD5yy1QOEE9ol6kWe4MkgTM7W05sCQBEKBhEKBQEC5LI5ZDI5kEAQ0WgYJH8UJDwa6XQBhXwOoVAA0UgEAS2Igp5HJptDoaCjIhGHFghK62nzPOoOV/Fsm+maCFInjWV4+bhf1Wm/aiSYZ2V2pRGFdAzKtf2+BAOtnKRccu1VgkfMS95ZTrBmNtlDJwKYbum/T9S7IJ9QtO9lCArFw4Xqusm8SE9LoktyqjLzlwqBbLgzauxxOXndys3wS72HraTdquxOVYF4CYfHVUian58NGH2jOVWa8vX0aXW4luSs94/VL+hLEUqZxc93m58Vdajy81CpcfhU3KhsR5jEq+jpZO2Hg5VQyuwqsxJQ+b1s4m5VZucLvwuGvevN9cCXz+UPiTzhrwPwM2VZ3csTztBFjDMSziiLzx8U1wnYOaS0rr3jSqyHwEakyG5bxfVJOQbcmrZnrZjrNfjNG4q5ZeK4nY4yXiT++tB7GB1M6i+y+8niu1QI519KvU+y2M7VYs5WpT3DMWBZnVQO7D5AqXqMBF99R6pc5vjB8XTY+nGynmLoN4sr2Z51wtkTNMU/FEk52esQP4GKsVjYSlamqGFRRMnYFR9OPhOVw1RaV5WJRaDU9VjbVgmyXafqnBR97AHUB47fvIomPtUTaqC+SuJAX05iFYNM2XMESCF1on9TzK+P7RQOssk6FOHmc5HmefhfXODyPUkGn4Iil82CkiCMHVcUGiGglIKCoKDnoOndIIVGJE98idjgmdC1MaCBoQiFYgComS+BTil0XYcGimg0Ak3T+DZL7EDeXqRw7mNhlRTK/rgcqp7PXkB5FUuqmAhZla6q/ucF7j46IU7mUHJ/OZYfE0rAX1AhaJXKo5y+PLp9QvAEtR6jyJd6vhrXFYlhxKsgbyjG+jx3skj0I5ezlcrzUe7WKcFZxuvEpY9TMccru3Ofv2uaL13uZCVOOlkVXR5ZwRT0o9OXHnFaoSQnrMqolyEONAxQEcYcKm7QAHB2WcqcgJzB45VeTFdCwxQ7Ubl31U7WIg5Wv7WwZQQA6XF/ZreqqB+4nKrsOTjXSq1K4FM3DVuomgQdkmluVEaKKw8oEc7Mqa+G3wM1qYhf6xRCeQdX7TSVBCvksgu3mP7CgihS5SiSxQpxoYdBsB9drlX7jZq2iqQkV9vYDSAUPHvgWTK1AyjXhxS2s1Wl2/ThRJ1otxTDZ20YecvLBWJb3J4iKU+0I0W5ImTJOUWLOFElBoaLKqROVmkPer7+XoDaGCkaztKP4VSVee2sI/+uGQPeoUptSSpb3DVCdHDGifK0XnHwO1SeeF7OWZUjVTYv+1sZlXkr5ds8TyNK/iMPF6sw8K7JEqFMspgy/8uTl7vv+pN7Viv7zjAEy3K+T8YD/CD5iJJG+6qyfBqYZoDUV1LqjlYZLoHJGJlVYUopdEpR0IHEoAoEAkHk8znksjkQAJFIGBrRkettQU/HFiQ7PgfyHaiouRKRyjGAlkAmnQalFIFgAJFQGJTqSPb2oFDQJU4Jvl72r/1AbIcqy6gdp6rDRaTHbajEbcPgyVaARYVKJGVxx76MzZcsawfKoX8GHTFU+fwsB6mMqdvVJ3ycdcm4JUQsnYhSQciVvfl9z9ArpXMxvEAHbJ8QCNcVuelY5gsoVraZgxuROB3IDgNl8L0MK2txRIrjEv7WvO4bX3Phu2SFSvF2HDvulXc+jWgQWThGcqeH7HyMROYjNeJAbVOQRbMHzq6chW/iiHQgA6Fu6p4sUdT7Zk2l8TCO1EqVq/3AUiUZME5Zsg4gKOHS9MJOES65KE2ZN0odxVt19MxLz2IZLSQjLsRbYXZ5hBi8jmPYxpxhFyU8eSVXVVv480jiLlbBqcq1nwIOYzV/CJXrDgyO82jiUaZyzKY9alaam+aKDKmoHvWHKAdE/p0C+H2s82mB8nWU57VjVE6tUpYjYHlfZ8Zr1o6mb72LD2LBtiTldECAglBi6kjE1OHN+nA77k2njqKSojbPTifuHlXF5g/ZKTtq/7IFySwIeNZLZbewXcVrEmrgxYD8PkuZU7pvILhkbNmgKJFT6GXlu3VgI5R1mHIDYcgZm8+zeTi0QBkcrgxOP2PrKdbx1ED/i1Xl4K0YGTTIcwIp7YonamynKrVmramPUF5csXNC2PkqBa+NEQLJOexD3XtK0WnJZ0WfWA9sen4TBT/XVVVw+yyUVZWCgh07eVMFnpCG53k8lEW9OEUnFh0o7hIeiLLPdJXGw7na96pLUyqLUU/gvtfAe31DsomeD/coWDYZeCeVs1pkGRyFfAE6gFjFIAQCQRBCEAqFEQqFnXRUBxAAaAGgGVA9BWghkEAMmhZAPJEQSg6gonIQkj1doFRHMBgAIY5ixSox7HE/RwlhFRmYdVUpMXAxYKUBBoniYQlg5kU83KRc8WFxpCV5gahxlQHOMONKpbTZxr7E727vXBXHlElv6UTEfjdjdYVi2ed+6Z8D3DO13SAqDwdAzM7QARCVwqBKW6RuVCblbUVTkqXgXGGrIxXG9rx1V9bBVwxMqfNNqmixypoQQ9kkhDPSHBzHwILL0co6YR3KtO+DJMSkT2oaE1bfMU5WW2mjcO64YPJiSxL0ehVIaV9oly/wWV4JiL5T+q9p37XPAWORvjKm0mfXdGQ0d5cpY00q6kIGoc6nIQgrKEWhZ0/CIpXm0hI5fxYcp9wEo9RwcPhwsAqtdNOGQq5TyTUAdtkA7F0w1o4brivNtKxOQfkj/nxnmOLE7gchmmkIJYBm8VSNyYrROSibzPd861v0Hzb0T1aroF9dWvbx8NlG2WRiQJTT7kepRLf1EY7Mi/BVPoxXYigzD+x8GZXAmmes5UCpIUUJNwmNeUyopdfYmiF3T79aEWRdjA4O2wvOqTqLIzMLSLBYiMNEeKcqGy7pADC8zVUzpw5cOMuvmP+eDlahv2X5iuWqsfwQt2THlcR5yg6lkzXjxFTcY2DpsMS0I40wwjTeHCdGL3MrVhadWHmK1WXSgk9zKqH/rMQrBypFkZ124VzxlImTyF9nfhh9xukmZhxVpAUhgNeHfPqy8c4jCUcWQoT7NKWbZimYj3RKFqLdNqmgw8hw/IDIU+xwN68zFpZKzIepX3lAXlBfZ5S/enljeVuP5YEzTTULluUbcX6yUBIc9bHBUJiWRfVfOYJc5Mv97h7zQxJoHKJmnYdWm1LJFHIFHZFYBYLBkLLOhGggwcEIVZyD6tgYFBBCIFwLQoKeaULhGLpOdiAYDGBQZSVfR5Mx63CcbcYfZRQWq9ZsGMu0hbZT6vExK6b9kvS8DaUYJSr7EqmVvXrgvUmIje3nxvszbQYDrsazehN7lIEzPFkdSNAuOQWSMDuI2DJEp22f+kWiiPdTp6KyF0+JRvn2KjOT5+PZbIU0507LKpKJ79ROaIZJ0tsqFidbrfnIC/1SWTahTGOknnXR/0pd+pzrXjfi1I2/29dKSwQ/koNk2Q/GNXiOssg5WSnbZToI1azGgO8hQYNTgNqeVnOsPmSmQKfsS0nQb5ZVIt1I5cYpB3elbX7nMmgYWqCuByEfY3JZlMbNM8rguDL0AstYpWyIfSSTlbecE7UEB6tqFwrP7yj/awdTuCaz1NGq83yGcbQyWgEAyrsEXEzX+doxW21b5ljTnUlBwHQfhW2FCd3KYEvg1NvzHnBmKRr2+J1Z1XKgbKeUOKnnbq6Mb/vsEzea2aseeYlpLG1d9yyTuB45HYey+h0RTjI5M5VYiop9lMm0c1yVcgqhnCC3EDWhHTw34MiKGvLYsUeoaaNYvMXhDWwuVJKZ+qOkXAKJs0eon4AnqCpOH7tWmIk8fzupehC5NJ5XKzH2DMcsTb2KqSbXItbDztQVIp5FcSyRUMrFwbX4TXjV3qYJ81fRsVS6CP57CH4WU+1HyeTngtx9wS+AWjvFnYTExqFOOIXbmWrb+4r69sW5CqV54IoTSU5zHh3yYciJjSMScnVJdrfw95L+Ljz5iwVGDakYr9hs5gpTdW2fZcnAw5k+I1W+vHLC2rVrsWLFCl+4JN9zrN99Jt2g5TOtQZwlGKcUkDplAO5+GD/lU/GXuuNKAcveKeTzSGcyKOgU4UgU0VgC4UjE3rWqAr2QQSHXDY3koetAIDQYWjDmWaau68hlM8hk0shmMiCgiMaiCIfC9u4uqz2UZQaUgFoKi9l4B1euoEi3p6nirD5hn1kB4MJ3MNW3X3iUUVS5PsNZQxlsA2kWoj+MSE0GR4CJgpC4n6VlKuvvp9/LYxj5HmHFPHfxIpXOUVKt1PhUcyO4eJJdLx5HbZjI0velf0tNIzpYZQ5XPl9iHSdUpiH2L3+1JBMO8GmEeB7LcegqKueq46kGL8VUmWYgq+slE5VGwqkGn4JbqjFTgQkIM0hl6LCTjgWvnSBKIO5nQgF7fljzwjJ0+XDxvlUiCfMNJe5YJWY8t6NMTANqy363cePg2XLJr5wh/O5XZSs1VRzbR2e4fnAawaWpnQFdVZ4qeM+LcjbTZYR7hIsyXIxw6Sx+gbgdGEYw4fVCW4ZyktOYb4x8ZaSvdIJSM5xnu0a+bJh4qs7oEwPD+iaFFUntKCuefaZcPk6ZpdkprjhFJ1utIBgAe6bEGAeFCK/CeMiy8rjrm5Ul3DffZGMv0b3U5YhtYeQeB+W/C7EU8J5fPmS90mktk49iFCNXAZfs5cKEeCcjalfVwbQmCHXPlTKAuJRi1USpbYvk53pwv7pUGgVplz7HxBQSTJYPK4074srLE19ZfhG80yqLy1N42eVsHyAfDhfFWbt2rf3sx8FK8j2t1LhLx10t0pfVYIrS/VyicmGl10UEWcYUlGhCSJHiPWwxWVrfA0aAQqGATDaHQDAMQEM0HkckEjU+OkXldg6l1PyDaRyZE5Pq5jcsiPwjWSbHIgCyGcPBSqnhbI3HYggGg3b9KVMWr8Q4ebm+vikYSfYoUO+vGBLm2ewWNQ4XT1yOv5IoUEJ4ctHc9+k8ICsjfnSmUrNzdzoXJxNgTjoq142YAAKnu6V1O8X+KemIFmFEHP27MiEuZEbnUYNPf53XR6xkehY/h5l4gZeJdXR95KoP968S5j9PL14eDdahaTmHJLl6xXERRPAX8VzDSsA7ZnnqdaJY/mPtlFDX/3SApDuK45e7yio5yYWfTu3OQ5Ar0Pg0KqObyiebLJxA7VD1NOpVX2ciTh3ND1ix84AQ4uxoZcI5g5gQ9Mm52gfHKnt3m41vVV9mDAquI5khJDWuOPZD+TCpDJPgUQAa4avhk1+fHjjFc+u0Gmr+of/VLDa4yk929gm8dil52Rsy45mCD/SzcCrX4Rg+A0ZaCpOJ/5I7vxjKOdi4tE4a3dIRqBPOcVTm5Bxnk1D3Pc6U/VYE0zmUsmFmuM16BJ7GvVC5fSAZMJm9orJz+BHhbZpS2QqnexVHdL/IZAUEunHJH+GZmL4Ai3UyDNrOnWu8pCfsR1bfEtvF4rNjcHocrGoeUB6nKmE/+CCgcediTFpnad4IF545utUdFE5noez0MOvhls6lgoxCPbmoJIFrnijlv7pMlW0rAxlVuVxOIlBZtDkLFGojAZFTjJS3q0EZf9rltrwC/a1W+ZqlyskhkHwk4pkD61i1oJiDleS7W8o7NH4dsl52R3+KVzzz7+5p70rnl/AF/0K+UEAul0ckPgixeAKBQACU6qB6Brl0O4LRYdC0KPfBF13XGUMmDz3fDRJIACRkXBdACDRN4+6k0Qs55LMnoAXCCAQTIFrY2MWay6KnqxPxWBTBYNBm0cZdLLAZq620mBfHc7tVbSTKMAtTgaCCOa0wIKVMkMrUK0DjM+Qe+2P7DJR95KGuDQhwYtqrUcRD+DAvxuEuXggRwLkCAP5sc34XoEelBhj6sjOTXdyVjiAbXoYhVo2bbKOsyItYfqQzz5ZKLxPo/I51VqkuBv77knVqsulUu1VVjlRn5wx4orSzJgwuTFzRKSoYfhJDj8tZYVt4KvKndcuWfFwGdNeqBb6Vbx/9cyq6UCFPbJPOtboqzDzXhGInk6hd87s2GaveVS3R6HZycLx/rgWLog5WE190rgL9Ig6vqwAMfcJxrDpOVYGpSh3T3hqaKJM4PCKLY96Z+wHZOA61qHX2X9B38Jrc8s5WLs70iU+Ua0AdGVCuxXT5l6atMEGjlBrwVpxf7dNpA6un8fOGuMKJEOda9CRquW8yIrNekkkKgUUyYRZPkdkoXH9Qh2ZkTlUq2C02uHb1uUHp6hPkiaghEAHHyxXo4U70hqKIKp6nMRqiMyZUxQgZA4DTvSjMhjG5ceMvkVusTsg9aGYdOCvEu02nEdQUUwqTYmWp1S6Du8g+pGbTMiDXQ8DSPn9VH3ttAGvL89XxqLvHxikpSIZJZXsWG1HXQqksDyKJ57w7pZfrAlFFVESzGxBZPsWOsPDtN2m+zCdNXODnezR+4VRbMKfTYmJB8VlHGwrRqDKtzLFqgZeDleS7m/vefl8p3Q1x6dgl51kc3VuFt4Dw9oNHOSolixOklhzSKVKZLAZVDUcoHIKe70Uu3YTeYx8jMWwJQvE6aIEoAA26rkPXdcN5SrPIZ1qR6dqOUGIKQrE6kEACurkzJhAImPnnkEu3INXxBYKRakQqpiIQqUGhAPR0n0QiFgXR+C9GOhtKjAe3EmPhUVs5sZQbML+WEsSGuUAI58Qsu8rL3Umks13oCSqcM0MUnz6w2s9+oIAS+S5hmd1t34FJmDETBZlorMrCT+FAFHNh8MiMKWPe7WvNa874kRpCRMogqIDiq6a2guuO5fgW88Vce86K+EK9rR82P2d+u9V+P+yWU5GVbZQ4d8DSGfGMU+8+teiQuHCNHXpuoemk10yallead8Kw+TCGqTRlGaDfjlqJ4eJ6KQPIDFUnsmiw71Yqd3r0BwQ5JBX2lMOTGTREDGMMfGc3iOUosD7V6L8Nhvlr4quO9QunV7wcrIRJ0xfol2PVY7erld7679TOrV2xLID34VBHJslkEaECm3JbWBx7EYfp9J5CPbNBSdKlzFen08syy6WZ+NMi1eUXT08Jde7w9gGqFhvzyeEnMj2ADZDJejUY8tE1l1w4rIuMiFHiBDSwXMoh42SznaZq94eonxCLjVhhguPUuoOVvXeV373qpHEKZPm6vKeU349gWiM+c78C6+JsHVgtlZWh/raEWsVSxLiCJbU2tu0rUMSWMY+Wk5RDERkvQz2iQaBw4lKlF00FA21UlEvn8MpW/GIuK4AkMpN7ZueDM/mNBQnruxiMTLbevZyqqueBACKfSzI92JtfQSBHR5fwPEkJOelyUMy+kwVKjv8DQtcKSYnE8BNxvMCXzVbG4Sx9gXGAaamk0rxinXEoxOTXb3o5Vi1QOVhJvqtJsECK1Kc/oDNM1asMn+XL0FRXJto7N8X0VK1klaoysrOXUh0FLYJgIAea2oOetveQ7D6E+OCpSAy7DNHB50ILViCfLyAYDEDTCHLpZqRPfI1s15fQYpOQqF6IcGICKKXIF3RoxDhiku3dh972j9Hb/gWC4SjiQxcgMuQiBCKjkcv0IBwKg1NgOKcS61ilTB842o2hDpjP7G5Uan0ci1FajAKcPhD7hUvP9BXc4eBqLYZ79PtphVPLSAAU7QyXEBMCJKqU3dminswKL6nOVqxuA7i1jlXWuSKpWihaM4EA9pE0uTNVCBd1FBm+V1OFOKqI4xyoTPmcMULFZ82FY70oP9bHMce+zS71DjHGtcHtgJGEC+Xz4U4aB896twxH1TEz0Rnlow0Ak5cm4A0Q9EsLIpIn8aXvoLz65Yx3qvJ5yZ2q1oszmZy57oTb94SbQYY9RPlJyN5dDud+Uf9AzAUxUw77cLBSQgx8Ys0FSOdRqfy3lKsAZI5VSnlDz+VU5Rgqy8F5bm6RhXHKgjpySyHL3PJLvM+ZByLOuzNXwRh4KNu082fI8Jh9YRoq8Ofs9DDnfYYXi/MqT95emZx341G3r8SzZFb2MiGSqrvmDaPgibLYTsPuThQVR07Ll50UlG/+oFYbGV3NsjFsVkztUNjXqVn5SvkOuDBp2yUbQpjK2sDeJ8mxIuoOc+FIS7fydeuEbnzJJf2AZIA9Slc6WSUMln1ntwvKd2ZwaYksrVAnKubja0oNBEMeABvOlSV7/J8ISDzNOkHMDGDlpo1OnZlFnXkCaugQ0o9XgdGHRDtjJqSCAAAgAElEQVRe/uDVKA786qAuaihiV/I4lIsnUhx5+cUve3EnknaHigf7uWdVmVYa7RHoHwaAuge0vHLVVyl3AYhjrcfjZSrVgaB6tEsEH+nsyc82THle1n9xLkVEmKCWM5EwuM6vuyCPuSAFO19qTWBjBS+bSkKLRxEMVYIQigCS0LQAAqEESCAKXS+A0CQyXfsBEGOnGgH03DEEouORSx9DPtcN0BzC8YmggQoQLYBAqBLB8BBotAdE1xGMDAVFHOlUCpFQyFAw2MYy9TP6gt+Z6jBlU8ExtRt+1Ri8wiJRVMRwTRAWIis3lBqrxyzVyj8ITVTilAtONZMSQZAvbjBp34omhPnqMoNj7UylYPQea6zETiVM1rJyxQ6WKhUDY6EyahoX4rUIawlYytEzy4+YR8983OB38dfF8hjBanU/hbsrLWew23nsfKVbxbu4uon3rlKqGCL2e7MmcPd2sZ3FGnLMeFiKHkdAxFQMTeeQhQNTYSTEQWfpT3gCJaBEZ+rIyxYrL7uJkjZSsY2s4kvcFFYO4A03n3NDOvn4XmGD+7um4duxKsoYH0lKiCwB5Pmod6vySR0l2Jl5bseqIwepxUhN/saXI2oZXkAAYjhkdWIa2ZSaX/FmBtJS3E3ezc8NynzZm59HpYB755fTHmM++nOsqhy0zn++f5h9u4IuZWITCo3hbZYhZX/E3MyLWP1D7V7hfAdswziWp1Ik/CgYfwhwStooan8DAXJdw11eUaWFCe8fI1VoyWolwKtKfd1dJjZDnEhMuGvRgblr05WRPYlY+e5MGn5287LU/qo8NWaqrfNYvNbE5DeGUFBmIwi3+Czu2mPrKDTbczefvKWchmG927qTMJasE0c1YmLeVIiRHbihrINONp6AW1+zcRm6s06omf1PrAK5sTaTaO72KZUplhuz9edkkRNBTDkna4d62vV1Tg4Q1/GTLdMZ3F2qTAaOw9MJtymfDWNksmPLcAqMLZdt+jSBsPLZVUW2/NL6SpwbRlkQiJyfExw1SIqzZDlTQS5cYa4wiSUVLApU3XRFeFE1WRLv6mLF7tcSqlEU8dSrMX0vsbx1HTjZXgycLx5BUlaJrfQt+3lLX6Jo+C9aiifwKXGuSele2MFaStOpWQinRlCgkM+A0jgC4WqEK2YhFB0NLTIKgdBQEBKErudACz3Idu+GXuiGpmnQaC8CJAmSP4p8TwqUaoAWQyA0FJoWB0gQJJBAKDYB8eFLAAQQitchR0PIZTOIRWKGE4bpA2cyU+H4M8uMTSVHsntV5VQV30GpXOZTloHqTP8TeyXYEiWcHsDkpRLl8hcnjf9x9Ic5IEyqyByXCS8uTtHplky3+oHVbyw6pUIenN5k0oTUQGUz8GoDZZEHFoq65iX6g5uGuR9pelWQp5/MX9WkeYi+Gk49c1fdwaH+8JQFu7B54J03lqLH7hiznDIwlGibthh6oJay5ITx/liHIDlnKRzXiZcjyeVgtSvP1lxsIzMZSgSvXvSax/LM+EHj6+6dW1/tcElO6hiFwHSnOMWqncSgdivw8snEzhee91FOTtpeALM8x9nKluqrsua8MJypOiGCgxUm/ZuOI3MuERimtmYuyCpy5h20XrUQd7NYTLKPjlVbY+A6lO0Xx1FghfL7753utO55p4S5n93iGzKZRpy8XOtGgi3P6hsQ8U4x2Z528CH0+vKN2/LUw39irzvYbbp04fiUfzbvdVfS03yyO86ayyyPcoxry8nC8q2+d4cHU+aUP6sWmjApLCQKUE0It5JRp08sYc+4F22LSGiXFWZxUUtfsfkrHJ5EzXIo4zBy/EnWFQFsW8WynDDXs7tFCjT5KDgLOXarOH1C4QP1BMdxK4uR5MVc/eDU2czFUqTs5Iy8ATNW9nDz8oLoQrgl5kSdSyZnBN0NEgcr74VlHj0769QyZl+l+aAVFy+lgMUP7KnD4bG7shlGwM0L68+ch7pjXztyGLy8ttOq54RXvb1ineEz6cwjjQaDllgKUJ1i5UhExsu8KlQquRTDp9wPEy7jt4R7p+KzV4FFnK4ucjktoC68r9Uqt+pV/hr6g8Df/OXP/64oloqY/fEQSVriieeXmfkpXnbqUDZ4tpjvszJD7bwtGZJKpxEKRxGJVUALVSE2eBYC4REIhKtAtAgAHXq+C9me3aDpepBcA0ihDQFSAGgXkGuDnj8JkBgCsUkIhAeDkIDBRwNxhBOTEEpMQCBSg1yOIp/PIRKOCDWCw4xNxYU6QZxC4zhW3btZOaVPtUoslsdVgu8jsZMJKA4ePoxjx49j8KDBpvDnobmtDU2tragaPBhaCbtyfJiWfYg59aBshyjEJIjE/Mtks9i9rx6fbNmKlvZjiITDSMRjTn8StwOK8K9uXcjXh63cPVnQC/i+/iCyuSwGVSRUCW3IF/LYe6ABH2/+EgePHEUwGEBlRRya5nEcUCjWJf9shUWhuHoQgIwtSv+I8+xKIMuUunmUONXES84dI8bRt1i68MpLWRePCPH+RzEN5/8Df8yZPTLGfsBH/ECCc7KZKcu8BkAvUNTv34eGhgY0NzejubkFzc1N5nMzWpqb0NzSBACorKjkDYZ+tNsvqERkabmaVCOxPYyXgfZ0ePBFKkcTzIcy16cIKOSR+4MRbu04m8viuz27USgUUFlRAUByvJ1aRoPEKLGdrWLeRSYb+2jKPEr4HZf2vNCciWJQhnlNgEUikntWicfdq6lUCr97/nl0dHRg/Pjx7nlM3c3w7VhlV4Q8dsUU9AL2HTiIXDaHykRc7BKuj6zwo80tOHj4CKoGD0YgEDCMMKFLv68/iH/5zfN45c330d3bi5nTJgME2FN/EP/y5PNYtfZ99PT0YsbZk4vOyVQ6g2deXoOOEycxYdzogZ92AwU+p2P9wcOoP3QEjS2taGxpQ2NLG9KZLBKJuH3vPwA0HGnCUy+8jpEjhmPI4EplfoVCAXvrDyGTzWJQZYW0LtlsDt/uqUc2m8fgQRXKerW2H8fQIYMcmS/Kd4VlJh5BLuQLeP2tD7F7735MnTTOQ4dQDLZCiEj5Pscb1BySU6MUKlXxo63uerHpdb2AvfUHkc3mUFmZ4MSLdXosm8vh2z17DV5YmYB1BQ/sXwObazUjuykAEPbYvxOeSqfx3Asvo+NEJ8aNGwvLYefYBKY2w/Ib89eKtuwY49n90V0A2L17N958801MGD8eEY8vQSvvXGVsRXaUXNTA4Ln0ZLGsUsM9FBVHv+SpgzDjI82M21JI3HaW5DoZl2whDq5cH1GU7WqU4vkM4a++ZpoLSZXKCedJzllkZGmNigqWQ+R8mC2PLRsA/LOZRma/u/Qlqc7SNx1O9RE91i4CpWhtb8fWbTuw5ZtthnyoqEA4HFLq6CIJcihFrtjibRIGFMlYUUKEVUWVjai2LxW9qiSX8lxXeSqh1Hop8UuP8ATi4496yIi+QhDUz3W1BFIvpcohwYIYIVGwvdBVS+WllQdG63F2l1JJEu/dbx5cnynH2C0F6AUdoEAgVIlAyFA+gzAVArMfCNGMuFwBpNBjYBANBAUQZEC0EBAMQwsEQaCDUh1aIIJgiL+Al2S6QGkazCd6rObav7ZCYncFhXXfKr9j1ewnQcFx0si0VwnzBtvtLNfh1D376dMtW3CyqwsP3nkXApEwN3QUwI7d32HvgQMYN/pOaJGI7+sKz1RmxEPxWqp2jRiGLfPO609GWkqxYfMXeGvdBmRzOSRiMWSyWbxWeB/jx4zGfbfeiOHVVQCT1ji2YwURcBPHrgstXnUWl4FcLoc3P/gYZ0+ZiNG1w1WJAADbv92Lp1etRW8yhVg0gkJBx9r3PsLw6io8sPIGTBg3Rt1B7qJZPZ4Jce4gLpaHtMmq4hlC5owvWSZW/1KeRzl5edVNB5UoARSO3mHPNpZ3iwRkV4WpgWCcWsf6HX7nLtd1rJ+jH+NFxPMLuXwO7733Hg4ePOCJd/XVyzBq5ChwuyggkKS07D5USkhdSji8SuOO8rF1p65xKR94yGiF7s2n8Muci9TfN5OX48m/xCsGUSSTSbyyejUuvOACjKwdwRj7sIQnnN2plMuu/fhxfPL551g4/0IMqx5aVMfhO81hCuw84ua+Neg6+Gv3mK5TUasxvyiOtbdj46ZNWLxoEYYPN3ht58mT+P7775FMJrFwwQKEQyEnEbWXWM2do9ZdiI78t3QBwjzz8p/afWe8OQzXGpd8Nod3N3yEaRMnYmTNEqfdrB/HTEMJkE5n8PzqN3CkqRkPrLwZc2dNd9pudkBb+3E8/fIajKgZhqVLLsLEcWMAULQd68DTL65BbU01rjTDOeeKYi51nuzCnn0HkUymsfiieU4/DSSU84sUdp4+cCjw0adf4stt37qiwuEQbltxJRbMnwNCCA41NGLfgQYcamjEuDEjlVnmsjm8+b4l52uc6jBNTCVTeHH1u9A0gp89cjeGVVe58vn40y9x4mQXJjx4BwKsM5SdjtYzsf4Ziwhvr9uE88+dibFjRgEA0qkMvt2zDxTAlZcuQEXCcRobleMkNVydp+ArxU77i2DTu4t/EUPf5/As3iC5RsOVK5gUznMul8O7H36EaVMmYtTIGnA7T01IplJYtfotXHTBXIwaOYIpQQe7g5U5O2LzMWfK6uDOpZkRnZ1d+H5vPZLJFBZcNB+hUBjtx49j0yefYcGCi1FdPdTDscpeC2CEp1IprN+wAeeccw5Gjx5tJcS+fftw8OBBtLe3Y9DgwU7XuBxK/Ltq+FTUIBc71Fde1jMfrrKpKYvEOFWp7fihxOgf7v5pO7lcV/CjQtj81XywbhBghl1AlBWiSXDYF1FZ9K7TQIDnVPXFjqnkSXjjInTGaSfsMpUlZ+QhpXAcpkwXUh7RltfUojSF/V7sWgAP16KbzhnZrVLvTnZ14dlXV6P+UAOCgQCi0Sg2f/UNQsEgli5eiCsWXoRgMOAURxwa5OlV0reSMlmS27F7Lxpb2nD5wvkuWS4mde8mFpQu2TOAjV9sBQAsPv98Oemwagd1BbHUUDR9OaCc2Q2A5tLPsk5ljRwI+q+cjEEoUisNJglz9xHQL+ISpKLIpzzmhyS8GNMxUczV2GgsilAo6E5DCKieQSHditSJzUDme2i0FyABJkdivNMMaOYgksc2IFo1H8H4OASC7pX9fCGHbD5rp6VgeCjDTHWzkpahZPxQmzHz9xlRpt8sBIZ9exwrsFphfQDLMWIc1ZC9HJ5PbpQl7VumbA9e6oK+yOrTMyU9QDXdAHBHg+C2zb7auQtvrduAubNm4IallyMRjwGUYs+Bg3h+zVv4t2dfwI/vuwvVgwc5+TJCkggSwO7PYsaEW3uUIMsa5oTtP3QUT69ai/F1o7Dy+qtQM2woAKCxuQ1PvvA6/uW3L+LHD9yB8XWjJNm4lVVbfxBoTqooUwZNEi9LYivJHtq10y1sDoSjcRlvdHFDyhpoZjuEhRV2LvKN0VS6lFkVaj4SMzO+TfZdjy4HK3VKlTwyQUpcOVjOWIJIJIIf/ejHVu1wsqsT//zP/xvz51+Iq666Wp7cy8EqLe7UcgDP0hh+aMx360Xgu+U2SmRi3y7aT//Q4g3rR7QXyIdP1GQVl0Kw8s9mHJaH05oPFKAEvb292LZrF86dNQvDhrqdQt7gJnrXXat2tG7zM/ZqAPV3p50Senp68M22bZg7Zw6GDRsGAKgdMQJ/+9d/DU3TBCODdayyJGbWi1qLsewJF8GxavcPw0ckBhyrY4gy3aJzdhwbm1vQ3tGBUDCIr3bswuzpUxEIBBwfEYDe3hQAYMXSJZgwdow5nhS9yaQRfuUlxg5Utr7Eenbz7ZEjhuHv/+KH0AIawuGgXXepwCjLBBwAvlNKlgSYPKEOP37oDkQjYQBAJpvDqrUfYPXb6zF+7CjUjRqBJRfPxflzpiMWjcJrRyW7oY1wOiVbPeOtvaMTq954Hw/ffbNjXAtNMMhNXZ5zAt8Yz0wuh2927MbE8WMwts5wAicqYviLnzwEnVJEZbtWbLoo4mR1pfMRLggeokMwmRymQ5gnlVNVbVU5MXIeQY21GkqM+6TVyzM8mxJEtoPKRDDH0Vm9q3bEcPzN//gLEI0gFAoDlKKnpwfbd+zA7NnnYOjQoWZW1P61+IrsvtVsNotdu3ahrq4Oo0aNstNcc801uPyyyxCNRgWeJNKdx4hyMlc+sJIu4XBVPWrFOc/2DZoCeTA5MAn48XLGiFj6H9Gt0RUKd/gbq0JQ9sXk8ezOVCqMN9sungbERpvaMNXBOlgpkSWQKRsDqND0G8tnallm5lzhKVKCKMhMVl7qkhwcmqG2XOb1Fcpkzfa3V4vl1C+jfYA68pqV3cwwptMZPPvqahw/0YlH774DZ02eCI1oyOayeO/jTXj3o4+hEeDKJQvYKqgKdNfLniPGrzgLjjS3YE/9QVx68fmec18ZwfAFmXpLKLC/4TAAYNH587jKsma0ePpQfCaUSD9IXCq4mnJa1YvyFH6qy+sLuD9oJQMdKI3JuchNGu5iyn6zKwqOAc3za3X5Kt7iDiaueOIKNkpKJVPYsOlrfLf3iL3Srus6ItEoZpxdhyUXjgDNHQUpnACQd+VtfD+4AKp3Qc82gubb0PJpE05sb0Lm2HFoQdNxq+vQxlSjYs5ZwNCh4GY8ZVQ1S/hSo8HGDzVxxPuMnDwshca+/8kHU1Yybso6AR0FUuxUuYLiKElOe4BUJo0Dh48gn89hfF0dBlXwR9TSacPYioYjONzchJNdXTYepRQdnSdwpKkZVUMGY+zIUSDCETGq62hpP4amtjZUD6nC6JG1CAbcTvO+gz8CV9lthl1o9InmigC6enrw7kcbcc5Z03D7NcsQtI72EYKzJ03Efbdcj8eeewkbv/gSN1x5uWncGzuvW461o6n1GIYNHYKxo2oRtGiOkeY61dHc1o7GFhYvwOMRIJ8r4HBTCzpOnMS4MSNRkWC+0CelI4JsLoc1723AiGHVePjOGxGLRu08R9fW4I/uvRX/+4nn8N5Hn+GhO29EQHMMslQ6jfpDR5DL5TFp3BgMGlQJUEDXKXp7kwgEA4ib+Vml5/N59CbTiEUjCIdCoBTQKUVL2zE0tbahuqoKdSON9llpstkcMtks4vEYjh3vQGNzCyaOG4uKRBzpTAYViTi6e5M42HAE0VgEE8eOMZwZrKOSUhzv6MThxmaEw2FMHD8Wkahj9BXyBSRTKcSiMWTzeRw8dAQAMH5cHcKRqN3V1rzIF/JoampBx4kTGDGiBsOHDwchDnVQEOh6AceOtaO1tRVVVVUYOXIkAsz4cvPUUrQFZYl3sPI0WkQH4sELmcKH00JdcDKVBAEQCodx4MABZLNZTJ06DeFw2OAf6RQOHNiPTCaLsXVjUV1dbTiKqUEPyVQK8VgMuXweBw7sBwBMnDgJsVjUVYuuri4cOHAAoVDIhZNMGnwoFouitbUVjY1HMXLkKNTW1kqPpaZTaaNe2Qzq6upQXT3Mvr4jn88jlUohFouhq6sLhw4dQm1tLUaNGmV+KFZHS0sLmpqaUF09DHV1Y5y5C8MoTaczqKhIoLu7BwcPHkA0GsPEiRMQDoedfjQhlUph/4H9yOXymDhxAiorjUWYQiGP3t4kIuEwIlG+P7KZLNLpFOLxBOco4eW+elxdH1cpAZR3rLKPtjOPOoGWDQJDfgMUkXAEra2taGppwcjaWtQOr4GmEYASpFJJ9PT2Qtd19PT0oKu7G/F43OGxALq6unHgcANCwRAmjh9n8DATcrkc0pkM4vE42js6cLSpCZPGj8egykpjvsfjyOfz2H/oEEAIJk+YgGiMP7UCGLzuwMGDyGQyGDeWoWEAyWQS3T090HUd3T096OrqQjxuHPHOFwrgJJnpOD3Z1YWDBw8iGAxi0vgJjpOCUuiUItnbi0AggGAggCONjThx4gTqRo9GdVWV7bQ0DAiKXC6Hg4cPo7u3B6NGjMCIYcMQ0GwG4h4fOOLAXowxlY8du7/HsKFVOO+cmVj36edo7ziBEcOqbcRkOo3unl5QStHTm0RnVxcSsSjyhQJ67PBedJ7sRjwWRSRsOJWz2Rz2HzqK7t5ejK6twcgRw6EFTD2SUuQLeQQRAGgQlFL0JlMIBgIghGDvgQYEA0FMnTQWgUAAuq6jubUdjc1tGFY9BGNH13JzrzicPoOAK57Z5RQJBbH88ouxa3c99u1vQN3IGhTyBRTyBeiFAjTi0Hs+X8DhxhZ0dApynslPPGFhwdSJ4/B9/SFs3LwVly2cr6wgmzqVTqP+4BHk8nlMtOS8CelMBie7uqHrOnp7U+g82YV4LIpwKIx8Pu/owDYQpNJp7D9k5DdpXB0GDargnKwEBPl8Hkcam9F+/ARGjRxh0IvAw3VdR0vrMTS2tGJYVRXGjrbkK1OeaT0buwGN8Gw2hwOHjqC7txejamswcvhwkIDlmNIN2gsGEQgEcKSxGR2dJzF2zChUDx3CLHAaEyKfz6PRHIuxgs7FawOsI9ZNf8lUCgBBNBox2tTcitGjalE7ogaapkGnOnp7kggGg4jFYowOT5A3ZUQ0GkUoFEa+kEcAAYBSJFMp9Ji8qcfiTbEYAkFjnhV0Ha2trWhpbkEiUYGx48YiFAyBAsik0+jqNsY2mUyiq6vLLCOEXC6HfKEAnfIuxnQ6jYbDh5HP5zG2rg4VFRUcLSXTaRAAkXAYbcfa0drWitqaEagZPgwB2QcuBT5lPXM44FUbucPVtIUIm4+QK1uAbQDxHienXu5FIlFB86OfsRss+Pp6OaVl9TIURPtkBoXCwTqQUJyv9p/zSvQMF4pHKbJ7TShPb5YNbi+2UCtP1uh3OthwtzP2vJ3Ioy5MuNvjIUGHRF9z0asBm7/6GkebW/DoXSsxcVydjRwOhXDt5ZcilU7j061f47zZMzF0iLPrPJVOY3/DEeTzeUwcO4a7PoZSiqTJF4PBAI40mfJn9EgMM/miruvoSaaQTmeQzxfQ1d2DQj6PRDxm06WuO7ZsZUUcE+vGIBxmTvTYdclgf4NhW04cOwaDKg3bslDIoyeZQjaXAwCc7OpGOBQyFyCdfrGek+k0ADg6oTmWvak0goGAfaUJhSFXj7Y0o+NEJ0bW1KB22DDA60o8BajU6nI4couDmn7+0CAI3U+zJBPeN8jTUumLZA1WWazXIIlx7MqrO53q0ngJprJcJ39iy7x8Loevv9mFte98YijiAPIFHYmKONKpBVh04WQEYxNBkQHyWYAmwfeBDiAMEqhCMDoJgehInNz9GQ6/8RF6Dx5BwJz0pKCj4qJZCI2tBUAdxZXy9eOO9nEVNyvv4VhlmbrxI5O4DEM2n60uZx2pjmos9KdVFOU/RMHTio2EQqGA9zduxPrPPoNGjPuD8oUCzps1C7csW27vxln19ttIZwyGevDIYUPhIgS3XXMN6hsa8NXOnXbaKeMn4IHbbkXUvLu2ua0NT736CtqOH0ckHEY2l0P1kCG496abUTdSfRSudPAn+KWKGeH7StRZDjQcRk9vLxbPPx9BLQBOWhNg/JjRuHrxQuhURz6fQygYQGPLMTzx4qtobe9ANBJGJptDRTyGR+68GVMmjIW1P7Kx5Rj+4zkBLxHDo3fdjCkT6uw6NhxtwePPr0Z7Ryci4RCyuTyWLpoPXTdZuoueDNpobG7FkaZW3H3TcsQiERfe8KFDcO0Vi9DY3IZsNodYVEM+X8Bb6zfhvY82Q9OIYQwVCpg/ZxbuuOFqBIMhrP1gAxqONuOnD96NhO2soNi05Wu8s34TfnL/XRg9shZNrW144sVX0dZ+3G5fddUQ3H/bTRg7yhj/7/bV49V3PsCMKZPw2VfbQCnFQytvAQC8+u4HmDvjbGza8hU0jSCdyaIyEccj99yG8XVjAAAnOk/iyRdfQ8ORRiTicRT0AvL5PK658lIsWTAfIASNTc145sXXMHf2THz6xVZQSpHN5hAMBnHrjdfhnFkz7H6rr9+Pl15djWQyiXA4jEwmgzFjRmPlbbdi8ODBoABaW1vw0kur0H78OCKRCLLZLKqqqnDrrbdg1KjRUnpjDwL6ocvSQGaeiM99g1dWrUJvsheFQh719fWoqqrCz372c2iahjfeWINNmzYiGAwiEomgp6cHM2bMxN1334tYNIqjjUfx1FO/wXnnnY9NmzYBoMhkMgiFQrjjjjsxd+48AIaz8+WXX8KWLV8gHk+gUCggn8/hmmuuw6WXXgpCCFategn5fB6xWAxbt36JUCiEdDqN0aPH4OGHH0FVlbHrsZDPY+3aNdgo1GvmzJm4++57EIvGcPToUfz2t7/BOefMxqeffoJ8Po9ly5Zj1KhRaGxswm9+8yTa2toQjUaRyWRQXV2N+++/H2PHjgUAfPfdd3jttdcwZ84cfPLJJ9A0Del0GhUVlXjkkUcwYfx4u13vvvcuPvjgA2iaBkIICoUCFi9ejBUrVkAv6HjmmacRiUTwwAMPIhBwdqesXv0a6vfX48c/+jEGVQ62gj2AjzVkADP+Pp2t6qsAhPyL5PPy6teQTqURCGjYvXcvCAhy+RymTpqMB+++G9FIFC+vWYOvd2wHADz+7LOIRqP44/vuw/i6OmSyWbz0+uv4escOBM3dlZpGsHzpUlxy8cUghOC7vXvx2ltvYfrUqdi81ZjXD9x1F6oGD8Zvnn8e58+Zi02bPwOlFJlsFqFgCHfefhvOmzMHgDE+a996Cx9v2oRgMIhoJILunh7MmjkT9959N2KxGF5atQpbv/oKAPDYr3+NWCyGH/3xH6O2tha/fvxxnDVtGpZffTVAKdKZDF54+WV89fXXCJoODl3XsWzpUlx56eXQNCCTyeDxZ55BbU0NjjQ2oqW1FRTG3ZoXzJmDW1esMJzLuo4Nmzfj7XXroOs64vE4enp7MbKmBg/dcTuqBg/m7EHHUrQG0qIBQ3vo6unBru/34Zyzp2HmtClY/9kX+AdwGGAAACAASURBVG7vfsO5atqSL77+DrbuMI60/9vTLwEAHrnrZnyzaw++3G6E/+tTLwMAHr3nZsyZOQ3rNm3Bmvc+hk51JOIxdPckMbp2OP7k/lsxdMhgZDJZ/PtTq3D2lAm4duki+33Y0CE40NCItvYOY6fn2JXoOHES//Kbl9DWfgKVFXH0JlMYVFGBP/rBzRhXV4q+0A9zo9+WimtQAAC5XB461Q2HNKU40tiCX//uNTxy902YMNbYNdhwtAWPPyfI+cW8nJfr6EZZ0yaNw9SJY/HWh59g4rgx3GkUS5e0XAb5fAFvfcjIeUKQzxcwf+4srLzxaoRDYazb+Dne+mAjAOD5V98CADx09y2YM+ssvLj6bQAE9995EwDDeH1n3Ua8v+FTO79CQceSBRfghuVX2A7y7/bW4+kXXkOPuaiUzmQwfuwYPHTPbRhaZfC59uMd+Lcnn0NbewcqKxLoTSYxqKICD/9gpZwOiKHzbtj0Od54dz1Hi6Nqa/DoD1aiqmoQMtkcHn/6ZdSOGIYjjS1obm0znJAFHRfMm43bb7oGoaCh4x0+2ozfPvcKjnd02rrr5Ysvgq7rCqnqlu/W24uvvoFUOoNAQMN3e+pBiEEP06ZMwqP3341INIK1b7+PhiON+OmfPIR4PGHmSPHJZ5/jnXc/xI/+5BEMq67G408+jWlTp+DqK6/AqldX4+tvtgEAnvzNU4hGo3j44Qcxtq4OR44exXPPvYCOjg4kEglkMhkEAgHcfPPNmDF9Oj759FOsW7cOALBmzRoAwMqVKzF9+nTs3bsX7777Lh5++GFUVlaikM/j448/xqZPPjHuGTXl2OzZs3Hd8uUImbbCG2++iUwmA03TsK++3qSpPCZOmIC7brsNUc5JYrmPCaO5ONfOyajcXixy9bCdpZOWsOPBpJIp+X0E6qoCEX4h9dP2tWT2Zht/DtbyaJd+7auylaHKzBXOOkQJOBcXZX+Y/2y4wnFBmbwII1s53uuyueSOEOcsnLIRdnaWC0SFnslmsHPP95gxdQom1I125aURYNEFhk6dzWZh8fn3PtqE9zdt5uz8+efOwu0rrkIkHEImm8Vjz72CkTXDcKSpBU2tx0Bh8MWL5s7CnddfjZ5kCv/vY0+jo7MLAPC3/9+/Y/L4OvzoB7chGomgobEZT7zwOtpPdKIyEUc6k0UgoOHem67FudOnGf6bfAFvb/gE7zF1Keg6lsw/DzdceRmONLXgX599Aal0BgCwc89ezJs5A/fdcoPZF/zS1ctvvQMA+MFNNzJ9lMWTL7+MaRMm4KrFi0EBNBxtxBMvv4x0Oo14LIaeZBIja2rw4G23oWrQIHiBX6ep196W/sCpdpyWpuXzsG3btn6Xf+655wIAgr74lueWcUA1LPZE9vmJUfb+KxVB8Ma+rDzzmVsBkjM9sVaKFB4lymrncD4Kis7Obhw50oRQyOjqQoEiEgmjqaUTmcIQDBl0LjKFbuj5doD2mAt+mpmBDp2EQEK1CA+ag2B4PDJtH6D3wGGkGlughUIACEhBR2jyaBTSGYeJMl+a41aq4Nx85hztI/YOVpbBio5VQql9zN/OUbkrVewZYpcNi1kzQoI4tTLrUOTYPwW+2rETG7/4AjdeeSUumjsPhBiOrhfeWIuhgz/DlYsX2StS+xsasOKKK/BHd96JXD6P59euwUtvvok5M2bgV7/4BULBILbu3IlX3nkHBw8fwdmTJ6E3mcLza9egMpHAj+65FxUVCSRTKTy7ejV+9/pq/PCee1Hp40NM/QUKgyK8jrlyCh3hda+GxiYMHTIYw4dWwepbADa5BjSCyxfMtwVjd28Sz7z2BuKxGP7hz36I6qrBSGUyeG7123j6lTfw0wfuwPDqKvQkk3hq1RtIxGP41Z+beOkMnn3tbTy16g387EEDr6u7F795cQ2GDKrAf//RD5CIxdDV04vHn38dDY3NmDFtkrJdTa3HEAoGMWZkDdxUZcCFc2dx6bZ8sxPrNm3BbdctxeIL5oIQgp176vH0K2+g+uPBWH75Ipw7/Sx8vXM3GptbMXXiOADG3XC79uzDxLFjUDtiOHp6k3j2tbUYVJHAzx68B5WJCiRTKfx21Wo888rr+OkD9xgfv6HGCmXLsXb83Z/+EEOrhgAAtn27G50nu3C4qRl//4sfIxGPoe14B/79mZfw4cbNuP+Om0AArH1/PXp6evGLHz6IMaNGQtd1vLNuI9Zv3Iyzp0zGiBrjGG86k8HO7/bgp3/0IIYNG4reZBpPP/8yNn66GVOnTEYkGkF7ezteeX0NJo4fhxuuvxbRSBTH2o/j2edfwNvvvItbb70FmXQaq1evQaKiAg/cfz8SFQmkUmmseuUVvPrqa3jg/vuQMHd/i6qtUgWmPjaXcuBW4m2+Z4f7E4x+sOrr9+GSSy7DI4/8EcIhY2fm1998jc2bP8NNN96MixcshEY01O/fhyeffAJbt27BwoWLARjHmHbs2I6f//y/YURNDXqTSTz55ONYv349zj57BmLRKHbu3IkdO3bghz/8CSZPngxd1/H+++9i48aPMGPGTNTUGHcNfvvtLsyadQ7+8R//L0SjMbS1teHxxx/Diy8+jwcfeBjhcBjbt2/HZ5s/w0033YwFCxZC0zTU19fjiScex9Yvt2LhokV2vb777lv86Z/+HHVjjIWM3t4ePPfc71BZWYmf/vRnGFRZid7eJJ56+rd45pln8JOf/NTe2dXZ2YnDh4/gl7/8eyQScbS1teGxxx7DunUf4r777kcgEMCXW7/Ehg0bcPPNN2PBxQsAQvDVV1/hpZdexOjRY3DBBRdgxvQZWL9hPY63t6OmpgYUxjH0/Qf2Y8aMGaisHAQqjJJfjYL/MIMaT543leKUQlXf1+/DlZddhgfuuRcEwFfbvsFLr72GHd9+iwvmzsEPVt6OSy6+GL998QXct3IlxtcZ40ApxTsfrsPuvfvww/sfwOQJ40EpsP6TTXh33TqMGDYM06dNA2DcP9Zy7Bj+9he/wNAhQwBC0HDkCDKZDLbv2oX/9qOfoKZmOHrTKTzx1FNY//HHmHH22YhFY9ixcyc+3bwZt9x4IxYtWAAtEMC++nr8+okn8OXWrVi8aBHu/8EPcOmSJXjyt7/Fg/ffj/Gm4zxt7pqwQKcUb7/7Lnbv3o1HHngAM6dPBy1QfPL5Z1j71luoHjrUduoCwNfbt+PW66/HvNmzQXUd723YgI8+/RQXzJmDyePG4WBjI9776CMsvOACXH3JJQiHgmhtb8evn3se6z75DLcsXwZH5pv6iGjIWeviFDjc2ITeZAqzz56GYUOrMHncWOzY/T0uPu9c0+EH3H/7Dbh0wfl48oXVeOiOGzF+7CgQAHNnTcNlC8/H48+txsN33YgJY40FpENHGvHWuk9wycXzcN3SxQiHg2g5dhz/58mX8N6GzbjjxqsEinHqu23XXty4/BIsvnAuNI2AUuC59z5GPBbFP/3tz5CIR9GbTOPfn34F76z/FA/deYPrqPsZDbZOaOzUWfPux4hGwjh7yngLgfvt6rHkfCX+8sf3IRE35PwTv1uNhqPNmDFtonruUSevyxdfgL0HGvDaW+vwx/fdiph9goNxClCKL7425fyKpVg035Dzu/bU4+mX38DQqsG45opFWL50ERZccC7+6V+fxk3XXYE5s852irT/G1Jtyzc7sH7j57hlxVVYNP88EI3gy2078cIrb2LMqFpceN5stB7rwO9efh1nTZmIO265DpFIBO3tHXjsqRfw3Ko1ePS+OxAKBfHGuxsQi8Xw//zdnyMRj6E3mcJ/PPUC3lu/EQ/cdQtPB6Zi13CkEe98+DEWLzgf1yy9BOFQCC3H2vFvTz6PDz7+FLffsMxO8tW2b3H7jcsxb85MUErx7ocbsWHT57jovNmYNHEcurt78cyLqzFk0CD84scP2WPx29+9isNHmzF92mTXEMjsIRb27N2PZUuX4JH77gIhBF9+vR3Pr3od23Z9iwvPn4tzz5mBr7ftxNHGFkydMhEUBJlsDjt37caECeMwckQNsvmC3fsUwD133YnFixbi6Wd+h3vvuQt1Y+sACqQyGaxd8wYSiQQeeuhBVA0Zgmw2h1dffRUffPABxo8bh8suvRTz5s3Df/zHf2DZsmWYMWOGuTGDkQAmrWzfsQOfbd6MZVdfjfPOO8/Ycb53L1a//jqGDB6MS5YscWyFAweweNEirLztNmiEYMfOnVjz5pv4bs/3mDt7NqOhODaWo624r28QcXgHq9vKseNMG1LcNe0gEdO8tsJV2ll/gaj1Pim2N3C2PZdxKaWcKqDcT8mpuXTqTNgPJlGGmjj1x+t4rbSaxL4v3YUg5sXa9LBG3CnA0xYXqkJY+1KAk93daO84gflzzjHJ2inHQh89YjhWXne17TH4cvtOrP9sC25ZvhSLLpgDAoJv99bjmVffRHXVICy/bBGsXtu641vcseJqXDB7OiileGvDp1j36RZcNPccTBlfh1/94od4a/0n2F1/yHSqGrZAOp3By29+gMqKOH724B2oHjIY2WwOz65+G2s//BiTx9ehIh7Hlu27sO6zLbht+VIsPN+4e/zL7d/i+bXvoK52BOafOwv/9N//DL955XUAwH033+D0jO2H4Wc+JG+sDyaTyWLthx9iyvjxWHnttQiHQmjrOI4nXnwJm7ZswYorrvAkT78coZyzzMNVUbbSy2cdDgxook9L+lcU3IlcX5UtAv293o5jBZQNYepF1Y0qi0iyjQPjN6BpCIWCCIfD9l80GjGO3XV2oe1YB0LhBHQK6DQEigicQywEFCHoNIwCDSMQTiDfm0XmeCcKmSwCsRi0SBhaJIxAJAwtGAS1Pk4muVWfwlI0rKpSGKsojmPV3tlqpWAcq5RxrNo9aCM742yrqtS8Z9Vy4FL+gxhGfmy8ke5oUxP+6bHH8Kv/88/4R/PvH8y/jz//3C4unclgy/ZtmDZpEubPmWsqRgTTp0zBheeeiy93bEfnyS67vaNrazFv5kwQQhAOhTB3xgwEg0EsmDcPoaDhpJ4yfgIS8TgONzWCUmDfoYPo6unBrcuXoyKRACgQj8Zw7WWXoTeVwoHDDcXnTr/+HHpy33qjm398H1vvlKH1zu4uhMNhBDTNFtAUxtH4zu5udHYZfz3JJKiuY+/BBhw73oEbr7zUPpYRi0Rw/dIlKOgFbNm2CwDF9/sb0Ha8AzddfSmqhwwCKEUsGsYNVy1BoVDAF9/sAijFt3v3oyeZxO3XLUUiFgVAMagijhVLFxnXK3jwiBOdXQgENPv4pgXJVNqud2dXN7q6jaO56UwGn321AzOmTsSi8881ju8CmHXWZCw4bzY+/3oHOjtPYtLY0RhePdTc5WTQauux4zja3Io5M85CUNOw7+AhdHX3YOWK5ahMJABQJKJR3LD0MvQmU9h/6LBB5wCikTBuuOpys78cHhMKBrHs0oV2u2uGVWHeOdNxtLkVvb290DSCe25Zgb/8ycOoG2XsPNc0ghlnTUa+UMCx4x12mymluGThRRg+zPhoTjwWxUUXzMPx4ydw/PhxABQ7dnyLUDCIq6+83FYchg2rxoprr8GQIUOQy2Zx8OAhdPd0Y8V11yBRYRwTjMWiuHLpFUgmkzjU0MD1tacSIIBPdi+Aaqdq+QyFcePGYekVS4173kyYO2cufvnLf8SCBYugmVcm1I2pw8iRI3Ho0CEbj1KKyy673HaQJuJxLFywEO3t7Th2rA0A0N7ejkgkjOrqagCApmlYuvQq/NVf/a2dDgAqKytxzTXXIRo1dkvX1NTghhtuwqFDDWhoMMqcO3ce/v6X/4iFCxbZR03HmPU6eOigWSnj59prr8OYMc4O8b179+HkyZNYufIOVFYaTtREIo7rV1yPnp5e7N9fb+OGQiEsW7YMCfOoaE1NDebNm4ejR4+it7cH6XQan3/+Bc45ZzYuvmgBiLlzdc6cOVi2bBmyGWN1fsYMY9f07j17bOpoaDiErq4uzJzJLnxwVVeAqT+UUSnizYbSYOSIEVh88QJ7l8LMs87GqJEj8X19PZu5Czo7T2L7t7tw7dKlmDJxAggh0DSCxRddhLrRo7F1+3abF0cjEdywbJnhWAWBrXxTisuXLEHNcGNxJRGPY+HFFxt0194OADhvzlz86n/+EosXLLBppW7MGINWDh706BRhVlOKE52d+Gb7dlx04YWYOWOGURON4OIL5mPalKn4dPNmwyFrpp08YQLmzJoFAkAjBBfOnYtoNIqDhw9DBzB+9Gj83Z/9Ga69/HKEQ0FQCtRUD8O40aPRcqwN6UyakUcABftsPRjyLF8o4Iuvt2PUiOEYNWI4CAHmzZqOppZjaGpp4+SdlZg7gcNl6uQ7oW4U/u//8SPcuOwS8z5VoHZ4NSaMHYWmlmNIpzNMX1Euj3OmT8aSi+baMiaTzaCzqxtVgwchHouYYxbFzx5eiUfvuenUOVZZ3bsvfwDqDx7BT//6f+HRP/8VHv3zX+Fnf/O/cLK7B3/6yJ0YOmSQ049Oofh2z3709CZx2/VXIBFn5PyVi005D3grPAbEImHccPUSNLUew/pPvgTVdYFeKVKZDDZv3YHp0yZi4QXnGvMTwMyzJmPB+efii6924ERnF6A7ui1LT5bqZKlPqXQan3+5HbNnnoUF8+eBBAhACOaeMwPLr7wEmUwWoMBX23YiEY/jluuXIRK25OtQXL/8ChxpbEZjcysymSw6u7pQNWQQ4ua1MIl4DD955F48fO/tUscqAIwfOxr/8Fc/x/XLrrBPXdUOH4bxY0ejuaUN6UzGloiTJ47D3NkzoBGCgKbhovPnIBqN4kDDUQDA7u/r0dubxC3XX2Xcrw9gUEUC1151CXdliV0Npm9VMLK2BpcsvNA+wXDOjLMwetRI7Pne4IUTx4/D8OHV2GruRKWgaDt2DEcbm3Du7FnQAgFhDpo/3GYN4zcSDuORRx7Co488gqohQ0ApEAwFMWPmDHR3d+PEiROOjWnmITpWLUhnMvjmm28wefJkzJs3z3aiTp06FXPnzsW27dvRdfKknVfN8OGYf/759hU8U6dORe3/z957B8lxnHmiv6z23eP9wA1mYAgQoAMdSIEiQSNKS6ulaCRRJKXd1e3uvbcv9nbj7r97ERfx4sXFi4u9vbvdlVaiRFL0HjQACYqgSIqiAUB4K/gZmMEMxva07877oyqzvszK6u5xBPZJH2LQVenNl5+rzC/b23HoyGGiF6k6Lif6jmwW+RXP9JRkOblKeaPGYiWGhk9RVqqwa9W3TWVM8ZNuC/d9Of+gkqbJZa2yX6rvTWI8N+XWp1/QNEb9n2v5TJeRGxqqcF+FJ2h1KbzCTMfpOqFx6Yx9ZF73c61gDHc3W2UzWXy+bScuXtKDNVc5dJ4Bl1wk9LldGBkZk+Uv6V6Aqy5ZBsbsU0Jfu/JSxKIRHD7Rp7RPb3M0EsLf/tl38R/+/Hu2LguOcDiIK1ZchNHxJIaGR5DJZPHplztx+cVL8bWrLndORQKrVi7HHWtvQDaX9Zk0fdj9x0+hac7cZHNZjI6Po7WpEeFQAEAJbU2N+Pu/+DPcfcstqq3N549X8Tfd/BXL8uCVjmOTq7u69BWHRlunMwfV+VzVk1TYouRtLD0MUBkms42Zl332sgM3pKTFTBaYJ6e974pDfNMsOj5/6E3ajNlH+fpOnsbWbXuwfNnNAM+DBzrBgz1gLINCcius2FJwqxG8mIfFgEA4gIEdhzB+tBeF8QlY5KIsxhhKxSJKhYKNUPLLCCdzQUmnCFRH2iU7Akmdd/dBkgGmhbkfH7ksWbJq5sZxzggLL6l5ATQ2NODG665DyDmCReP2HDiAsWQSHBzj40mcGx7G1668CpZlKW26qGcRNu/cibHkuL1lngMNtXWIOA70RWflvHC35+4gcBw/eQqRcARHe/vQd/qMbEcqnQbnHP2Dg7O3MkXnudMuSFf1aqSGulwEMfJMI50+ZnM5/OyFV3D4RK+MXrRgHv76Bw/gWN9JdLa1Ojf7cjHhaG6sw/zOdpwZOAdwjqO9JzGnvRXzOlohB44DzQ21mD/HSQeOk2fOoq25CS1N9bQ1mNPeirYWcQFMpVXPlTTPvv4ONu/YK9+bGurwn/7qEWRzeQycG8aNq1fZR5Sd+WEAViztwWdf7sLoWBKN8+uwrKcLO/f/HuPJCdTGEzhw5Bgi4RCWdi8AwHGs7yQikTCOnuhF36nTsq6JlD3/pwcGcYVkzhE01tVB+DbizlfZRDwmL+AS3bAshhIvyXVlWQzhYBBDIyM40Xcaw6Nj2LZrHzKZLEqlAoQmGItG0dHW4o41YBvMYR/dLRZK6Dt1CnM6O9AgLyazcWdRTzd6ursBAH0nTyISjuBEbx9Onz4DgSWpdAqccwwMDCgjr5o7zUK19KXF9Bjvm+oXTg9Ta2F6od6CzaARlob6Ro9PUACIRqJIp1M40XsCI8PD2H9gP/r6etHQ0CDTxGJRdHR0KsVagQDEkWnAVsA2bXofP/nJP+FrX7sBF1+8QvF7KaC9vR319eo6mDdvHmKxKE6dPoUlS5ba7YpGkUqn0HviBIZHhrF/v7dd0WhEuhIQ7Tp+/Jht4Dp6BL29vXK4JlIpgHOcOePSsUQioRh+AYAxC6WSjZtjY2MYHBzADTfcACvg8u9AIICbb77FGWeO5uZmLFzYjT17dmP16tUIhULYtWs3Ojs7MU/c4GzkyOXBS+9MaapTBSlUsydalNnW1oa4c/kfwBwjqe1jUG8Wbcfg8BAy2RzGk0ls3bETDsMBYPtZHR4ZcY692XPdKHCCuaVFo1F0trc7+exdSgHLxTtxQiEajSCdzuBE7wkMjYxg//796O3rQyPBFXVozL0fHBxEPp/HZZdcQowAHAErgBXLl2HDe+8hm8ki4ny0mT93nnJrO7MsMNjyjfgIGw6FkM1mcbq/H4NDQzja24v9hw+jo7XV2yanTgscXO5YtVsxNDKC4ydP46brrrZlA84xf04H4vEotu/dj4Xz5tjptd0wgCNz0HDSfw6OSDiETDaHk2fOYuDcCA4f78Peg0fR6ZwY0Boqi2lvbVLKjUbCuHhpN97c+DH+5cmXsfrKlVi+pNu783KmoGJxU6+vvbUJt9+0WsphqXQGH322Df/PP/4Cf/3od9DTNYeUb/PAk2fOoq1F8Hm37s6OFsLnDW3yBHH0dM3FLTdcg/c+/BwXLVqAxQvnyTgOjtGxpM3nr1vl+O91L/C5+KIefLZ1J0bHxtHYUOcWT3BMqZSL8oZww/WOPOnIPFYggFtvvB4AQ6FUxPG+UwiHw9h38LCT2aYmA4NDyOXzGB4dw8KueVi+dBHe3vgb/PSJ53HtlZdh2ZIezUe3U7+4PMgpSeDiqdP9GDw3hMPHerH/4GF0tLdCEgcGdM3rRDDgXgnrukUogAE4deYsWlua0NzUqNDQzvY2++MsBaOBzQsdba02LRQpBS10XMvFYlFctGQxdu7ei/HkBBI1CRw8eAiRSBhLFi2C7mfXc5pB6BeOxhsIBJAvFHH27ABOnz6NgcFB7HA+ShVLJcVUIvI7D8rz+Pg4hoaGcPXVV4NZloIPixctwo4dOzCWTEq+3NLSglgspuiTNs13MIeJnaWq7mNruaqZmpFfmYa7ZfjzL3Oc2LpjyZapcS77MMhpVc6zGl3e4Fomo/FddQVAQFUiJ1HfLMI0dLvqsnLNsKpnKi8z0VHypuGS3km9iawJvaH0f1a28dz7apgqZkirY6uId+0m3qLGnJ2uX79mFQIBVXK7eEk3Ptu2C6Pj4/JjZtfcDtc1FVS66NsHB4KBAAqFIs4MnEPf6bPoHxzC5p17pbw1Oj6OgaFh3Ki1JRhguPVr1zillJQq5B03etdNwPUH+7cmFsOirgX4zWefY2hkBKtWrMCiBQvsO0GI3u0HMyF1THU1TrfuavNXTjeLdhofCFJ7UtWgYEu1w242sPLKuFEWyt2gSUVoo0blSuPecvW0nmTmMaBEZWxsDLlsFgHLUrIHAgGc6R/ABx98im/edh3q6q+DxTiKxSyK6WMo8EMIBdoRrl0JK1gPxjh4IYHetz/E+JET/o0qaeRY/ohdo847B4TvD7pr1f01G1blkHHVPYCSjrRMpxVMuiookVR2iHhKxOO4ZPlyRMIRBVsYgMGhIYwlkwBsR9C5fB5WwPIwg3AoiEKxiPGJCU3Nqvws3jnsIwzDoyN49+OPPEalSCiMaCQyu0tW9IuJL3netppuY+QknDOgvbkZx/pOIpXJIBoJgwOIhEL4iwfvQ6FYABjw/ief44RjQBwdSzpMSa0xYFmIhMMYHU8ik81hRKZTxyZgBex0Y0lkMiSdYyBQyxPOws3rcE57C9KZLIZHxtFQ615U8b17bsd3/uRmAMD2vQfx7of2ruaJtI0XQcsiDM6GcDCEQrGIseQEAIarLl2Bz7btwrHeU7ioZyF2HziEZYu6bcMkB0bGxjE0PIq3N33sIRPhcAixMvNP6Yd8ptI2gV37DuKZV99GKp1BTSKOhvo6dLS24NSZszKfLuKayFmxkEcmk0Gkrg6M0YM9qgQ0NjaO4ZER/OaD33joXzgcRjTiKoGqybNaoBYnZnokKRnErc6VK5gki/eZHBE8MjKMJ574pWOQjKGurhZdCxaiTvgwotobpZ9aYZwDC+Z34f/8P/4G69a9hrfeegOvvvoyamtrcc8938aVq66SaySRqLHdEhgIUDqVBufA8MiQt11dpF2E5ylyMuwdk0NDQ1i/fr1nXYYjYUSjUe1rrUH4cyCVSiGfzyvCqjqQdsZAIIBVq67ASy+9hIGzZ1FbW4sjRw7juuuuQzgSIQJgNfNHP7I4irDrNMyIAQYSWBEqG1jN92sT+4YnjMJEKoV0Jo3ffvG58TKjBXPnGjLaRlTOyFAJGsxgLyCSxQJwbmQYv3jySRw7fhyxaBS1dXXo7uoiuFIl94V6GAAAIABJREFUcCA1kULBuYjB3elnR8cc372jY2Noa2lxMwGQxgxiJOKw3Q489/rr2LV/P0LBIGprarBg7lzHkCzwzp0FQbGEAQIAuLMj8fCxExgdH8f7n3yGDz/bLKpFcmIC+w8dRWpNWhp+PDqKlG28kE7n8NTLb2H7noMIBYOoq02ge8EcZ3emOj7GArSw229cjaaGeqx//xP87Ol14Jyja14HHnvwTh9j7WzA9KWS2kQcV166TMoLAHDNqhX4n4+/iI0ffo4///49iq7OOWw+zyrx+Spa7qS55WtX4/eHT+DFN36Nv/mzBxVanHL4vE2bVOkoFAwSPk8KZIJyetX8VDpj0zpy6aNoDGc2RufzBaTTGZw8dQbr1v/a0/ZEPO64nGG4be0NaGpowIb3P8TjT78EzjkWzJuDRx76NjqloVS0y35Op7P41YvrsGP3fgcXa7BwwVw0NtR76tLpkKT1zs/I2Dgsy5K7LwXzDQQt+XGEBJsLrwAeuZkzXHXFZfh881YcPXYCFy1djN179+OipYtR31AH2wBeUvIqu1bFO+coceC3v/0E727ciGKxiJqaGjQ3N6OzsxPj4+MQC9KzU5WrYRxAJp1GPp+3d/Zr6YOhkH2JaTIpl7ix906k2LBgy9iutsdAjaV+khcAxhT6pqQxVOzXnhJjtlGKcbjulJiklyoQvqEIdAbpTvk6roc5PazC/5M/t4Z/p3TBasYMrJOnh1XlqCKRfxKVJ9Geujq3f15FfPQ3fEy6XUwXKCUYNr9Qy65HLuLGpA11tYhFIzhzdhC42Fwc/RV6PpVBpT4XsvW58eRERd5aCZM459j0u81Y997HKBSLqKtJoK25EfM72zE6rtoc6L0CtPzJ4gzzCdfDrEAA991+OzpaW/HbzVuwdfceMMZw8eJFuO+b30J9TY0p24zDdMqdbpumnn+2RqMyBKs5fqd8XfEQVpq/EgqrBtbpb/pThXnzs5lQyXTa9j7m1y4vlyTPJdClL2Ly+TxKxaLX+BSwMJGcwPYde/Hyq+/h7jvXorOjFVZxDLw4BivUAhZqQjA6B8FoB3LDo+j9YDPObPoU2YEhsEBArZ8x8FIJpaL7dca2map952Q8uBBMuHg2dZkoT7Jc9/iBq7sYMysvDHBunnQH0hZQ/DCQu9iiK0bcPuIUjUSQyWShlghMpNOwLAu18YTstbdRdGy0Z+e3pakRczs68OOHHvIcY/Dp6CyAy4T95BGmIz1Ieg4smNOJ93/3GY729qGxfrnU0xOxKMDsiwlO9vcjFAzCYgytTY04M3gOxWLRLZgz5Ap5JCdSqK+tQTQSRltzI84MiHSQaXN5J11dAtFICG3NDSSdO175Qh7JiTTUOVKhvaUJgYCFPQcPo5tcBBGPRRCP2S42ek/1IxwKwbIs1NcmEI2Ekc5m1TK5gxeMoa4mDqCEtpZGdLS2YOe+g0jEYzjVfxa3rnF8z3KOtqZGzJ/Tgb9++CG5+6gMD4T9dcOlJ66gQm721HIOj4zi5bfew9Kehfjut/8EEaeeY70nsWv/QVJ4BTyGbRitralBLpdDsVSEZdnH/wQdFBcvNDc3Yc6cTjzy8PcRjURQouIMkfK9oreZvvvuWmXum0cJdAcJzPMZRX+aHFQjlnPO8dabbyKZHMff/d1/xLx588EAZLMZ/PRffzKlejs75+Av//Lfg3OO0dERrF//Nl566QU0NjZiUY/t425sbBSZbEYxYGdzORSLRTQ0NNjtestu19//3X/EPMeHZzabwU9/+i9aL73Q2tqKefPm46/+6q8QjcYm6QdXhfr6OkQi9q5IDygf1oCe7kVIJBI4+PuDaGxsRCqVwkUXLdPST5ZWkl0ATFVkZwKqFogleBUGv/wNdXWoq63Fj777XSx0LhHzNkBbYcra8FlrpCWcc7zx1lsYTybxn/7+77HAwZVMNot//kkVOKzx7fr6egRDIeRzeZLG/m9kdAyRSAT1zq24NF5+A6SGEg58+OmnOHTsGP7soYdw8eLFztrneOrVVzE6OubIla4hjnOAMdfjHIMte+byeWzZuRuN9XVY1DVfGfeJVBqHjp3A4RN9uHTZYg3NuKTHUtZTO4ZNn3yBg0dO4K8fuQ+XLF8sp+Dnz71hHyv30FzulktlBwcsi+HaKy7GtVdcjEKxiN6T/Xjixbfxy+ffxN/++LtkF+u/DaBDFotEsGJpNzZv34dUyksT2pobceYslQdsyOcLhM+bKqEVEX4WCuLBe27DP/zrc1j37kdy5yAAKYOk01mNszKk0mlYFkNdTQLKUXGJGxxc2+hRV1tj07ps1m2CZjwIh8Ooq63FiuW1+NH377c/YCpiuEujLMvC1VdehquvvMy+5fnkaTz1wqt48rlX8X/9u0edXayq4Lbp48/w+8PH8Jc/fAgrly2VuPiLZ17B8OhYVQRLUI62lib0nx2054LQmUK+gOREymmvKffUQAxxW1sLOtrbsWvPXiRqEjh1+gxuWft1RwJQ6Zpw/qIYSLktqfT2nsD7mzZh9erVuPWWmxEM2T6Vd+/ejYMHDzoGfTWfMKwqa51z1NTYc5vNZDzDl06lYFkW4omEotdwTu6P4LKlEtdUfYbOokUkLdI80XObyEndRoSX42t+cSWnPlGzTK8bWKudZ5MBVm7TNbSybLkVcKkqRj4T3H7y+llVOapI5J9EVWhVw6optxeX3M1Oml7gdwBQJvHT29VdtGqVPoXS6eE6PTH3vjYRx9z2Nhw4chRrr7sasaj9oYdm3Xng93h94wd45E/vlHQ+41wQRdeV0Odqa+JufQae7N8md+yO9Z3C2x/8DjetvgJ33rxGumX5cs8B7D54GAB3eU4mY5we16ZE4xQPumo6B+yTYiWbfzh0TZ6McuYoHApi7bXXYO211yCXz+PA0WN45Z138dq77+IH996LgOPqZfLYXh1Mq1yur+LJlVbtSfayDTgPYDFHpvdTwvQdnOW3jE8SpkA3veqNtyj/o6k+5J+rbF/bIKIkdkUE9/C9paRxmS9jlm341ItiDCXO0X92EL965nX8etNmHDp8ChNpDivcjkj9SoRiXSjlw5joO4czv92JAz97GaMHjqGUzYNZ2k4iZl9GUSwUoFA7KPKk/a4IsirQXatyJ6tmWBWFuOUayuKiXvK/0EmkmYkreT2lcBv3zE3liMdiaG1uxva9e5HP56TQwzmw68ABJGIxx4edWqby5wknTIoDCzo7cfbcOdslAMmXTE5gz8GD9rFOvUy/OqYMzPCngT8fBgAsWrAAPfPnYf1vPsLg0Ignfuf+gzjWdxpXX7oC4VAI3fPnYHBoGMf6TikF9w8O4cSpfvTMt48E9syfg4GhYRztPQnqxMxNZx8JXjivE+eGR9EndmI6cPTEKQwMDZOGewduTnsLVq1chk2/24rDjj8xCkdOnMS2PQdx2fIlqE3EUROPo6O1GVt27kMuX5BFcw5s23MANYk4WhobAG773r3m8hU4dLwXn23bhaaGBvTMd48fds3tRP/AOfSePg1310UJ48lx7Np/ALlclvSbTMAk5n10PIl0JoNVlyxDLBqWTrCTE/auwXKgMyzGGBZ2zceJvpM4OzCoxH+xeQt+9osnMDExgXlz52BwYBCnnJ3KgppMTCRxYP8B5HM5jZ5qBNVkNNVbxdzE4lFXBBgNK2OYVfL4jsDkmEkum8XwyBC6uhYqPkuz2SySyfFJlcU5R2/vCezYafuaY4yhoaERX/vaGjBmIenstgeAvr6T6CdH8wHg6JHDyOcL6OjoRC6XxfDwsNsuTtuVRCXo6upCf3+/dAkgSNr4+Bh27dqFbDZbJrcKiUQC7e3t2LbtS+SdI+yAfYvrL5/4JV597TWJ6nV1dVi0aDH27NmDLVu2oKenB+3C5cBMyAzTKKMcZhglCKan0Q2f4lFP6KZramxEJBzG9j17FCNAsVTC7v37MTQy4slr71h1dv4p2pddruJeCEAml8PwyAgWdnVhwbx5Mi6XzWJc4Eo1SqAjILQ2NyMei2Hr9m3KTtRcLoude3ajraUVsVgM5IiMotxJIdjhpf2Dg+hobcWiri5pWM3n8kgqOwpV2qmcsHFCz547h1Nnz+JbN92AH9x7Fx6+9y48/O278Mif3oVH77sLbS1N2LX/IIpOZs+HLG0MpD84cJw5ew6dbc1Y0uMawHP5PMbGTeNnUs7cfuTyOWzbfQAnz5wFwBEMWOhe0ImrL1+O8WQKWef245n7m2XQqigUijhxsh91tQmEQl6/nQvn23z+5OmzSjuP9Z705/PGjy5ufHtLI779rRuxefse7D14RKaoicfQ7vB5+jGA8xK27z6ARDyOpqYGb6nSlq+qbAmnvC937EE2n3dQmCGbz+MXz7yMV954F2AMXQvm4sixEzh77pwiV58dOId9Bw6hUCgil8tj+669OHm6HwAQDAawsGserrr8EiSTE8jm8lD5mv3cf3YQHe2tWNKzEMyy17yCi4DKF4nyJqiGCO+aPxdDwyMOLrpw9MRJDJ4bhgqqXGnmseLX/CFUQDgUxtVXXo5Dh4/h8y+2ormpEd0LuyDMInKmDVNP3QKMjIyCc46VK1ZIw6rwC+0WAEmjOMkPtVjE4nG0tLRgz549rkzFAV7i2Ld/P+LxuO1uR+MxfiuMNptuNlLCoYaboETjmZpOycN0fY+pv0q4KYy21ZSXGFCZls9ywsG1eKj5y7xWEVEGpkPnJp+3qhzTJb0++f2LNY+b/Dgp4sudDKpq6E0tqM60xWTaEpiWh6JMwLKw5upV6Dvdjw8/2+zZeZ7JZvHB7zajNhFHZ2uLTedbmrF19z5FBuWcY/veg7Y+19QA7+rR+WT5sJHRMXDOccWKpQiHgjJ8aHhUllrrtGXL7n0o5HOyv/l8Dj9/8XW8/M6vIeQPY32G4bUYw8C5IUykU5Ignjp7FmcGBpUx2bp7D4ZG7baEgiGsXLIEPfPnYzyVki4PyqLlNMQMXjaeV/6bhtxiwj5xnw/9K9+GKvo5C2DJe3FK9mLV/2gn5RU64guhpx+GcFahPybbkd+fA2o5fgZWt5aytF6xRXLHaGp3ntE/ZdGILPr3b1GcUy9RiIiuAsDxlchL2L//EP7H//oFnnr2VWzbeRxD400oBFaD57ow9vtBHH5xPXb+t5/jzMaPwfMFZ9cqBRt57JO1NhOkQoaUQZz2Qnm2v8QK5cpkWJXpNcMqALOhnS4mp8+Mi9HipGx3DJVFIIoQaaGWJ+LDoRC+fs01ONrXi9c2bsTo2DjGkhPY+PFH2LZnD9Zeuxo18XjFhUPVMD3p4q6FWNDZieffehN7D/0eqXQaZwYH8Nxbb+LF9esxOKwLqcYKpv4HgK48Lg18hsTc5xkc4VAQd6z9OgrFIv7b40/i/d99jv7Bc+g704+nXnsTT73+FrrnzcHly5cC4FiycD66583Fc2+8i137DyGdyeJo3yk88bJ9O+PVl10McGBJ93z0zJ+LZ9ZtxM79h5HO5HC09zR++dLbaG6owzWXLQfAsbR7PuZ1tOKJl97Gzn2HMJFKY+e+Q3h5/QfSp5sf0WYAvnXTajTV1+G/P/4CXl6/Cb2n+nHm7Dm8sn4T/vvjL6CuJo6brrvC6WsAt665GoeO9eGFNzdieHQMY8kJvLXpY2zesRe3rbkWNYm4HKfFXfORzxfw6Zc7cFFPl/0l1UHOpT0L0TW3E7967S3sOnAYqVQGp/vP4VevvY3n3tiAgaERKAINXXQebDJNLkdrUz3q62rx8RfbMDA4jEKhiD37D+GVNzc6vswE3RHZBC1SyZf9XMJlKy9GPBbDS6+sQ2/fSWQyWezZux+/fv83aGtrRSIRR093N+bOnYtXX1+H/QdtvB4YGMBrr72OdW+8gaFh9xItk39U8W7L467xlBpNjYZVcfzfiWE+1NOV4ZlarimtW4shxh8i0SjmzJmLw4cPYc+eXSgVCzh7th/PPf+sfTkY12fKzIu50+HtO7bhhReex46dO1AoFjA6NooPfrMJwWAALS0tku4FgwG89vorOHb8KCZSSWzZuhnr3ngdl1xyCebNn4dIJII5c+bIdhVLTruec9oFwPZdx7RW2H9Lly5BV9cCPPPM09izZzdSqQmcPn0aTz/9NJ577lkMDg6iGuAcCIXCWLt2LY4cOYKXX3kZIyMjGBsbw/r167F3714sW3aRMhhXXXkV+nr7sG/fPqxcudL206rziCnTQXjLqgLK4gKjuOgG6bKPjYYM7l4jt1mMMYTDYeTyeWzetg1nBwaQLxRQV1eHNddei08+/xzvbNqE0bFxjI6PY+MHH+DJ55/Hrn375PoBXDIi3WRQBdr45dv2yTp3zhwcOnwYu/bsQbFYRP/Zs3j6ueckrojGhsNh5HI5fL55M870n5X+XmUCAImaGqy5/nps3roVGzZuxFhyHMOjw3hp3Tr09vXhG2vXOpc/OnnI/IiL/dzyOHoWLMCp/n58uXs38oUCRseTeOWdd3DkxAmSigw0ZfPk+cvdexEKBtE9bx6RPez4eCyGZYu6sff3R3Du3LBsEqNl0QmDWseihfPQd/ostuzYi0KxiJGxJJ5f9x4OHetT0utt1OcCYCgWOTZs+hRPv/Iu+geGUSyWcOT4KXy6ZTc62poRj0Zl2pn508DAPyfz5+7y5BifSGHrzn3YvH0PNm/bg8+/3I3Hn1uH3QcO4/IVSxANh8lA2PmXdM/HvM5WPPHi29i19xAmUhns2nsIL79dhs+b+qDBqkuW4bIVS5HOZGWicDiIW9ZcjcPH+vDCG+9heGQMY+MTePvXn2Dz9r249evXojYRA+O2z+BwKITPt+7EqdNn7XLo7dzcdhm09obVOHKsFy+v24CR0TGMJ8ex/t3fYM++g1i2dBE4B6664lJEoxE8/tSLOHqiDxOpNI4dP4nHf/UCXl63Hql0GsViCe++/xGee/kN9A+cQ7FYwtHjffhsy3a0t7Ug7lz2pePQop4unDzVjy3bd6NQKGJ0LIkXX9+Aw8eE72xKqcrDkkVdmNvZjl89/zp27T2IVDqN3fsO4rW3NtpzQXg05buqnuXH+03zZcnXxYu6kS/k8dkXW7BkySLbFQ2E7E/op7MOg6EQ8vk8vvxyGwYGBpDL59DW3oZgMIjPv/gcqYkUcvkcNm/Zgg8//FDWywFYAQuhUAjbt29Hf3+/feGe1rxQKITV116LE7292LBhA8ZGR5FMjuPDjz7E7t27cf111yEhdq7KjO6aUIO5S1skjXEHzpXRywyVDgbd1o0jJz1Nxk/Qd6ZNlctbuCLHlTesco/xlqtlf2WGVQFTERomJysoOaZZrJqsukz+Kcy8f3rjqdfoV7vZSOrmsf+oXcSjJRDSYv9yLF+8ELetWY13PvoE//L0izh07DjODQ/jd1u347/+5Jc41T+Ae2+7CdFIEOFQADdffxUOH+/Di2//GiNjYxhPTmD9B584+tw1qEvEqhoNMWrxaBQn+wewfc9B23jKOTrbWhAKBvHR59uRTKWRyxfw2807sOHDT2X+cCiI266/CoePn8QLb/8ao2PjGE+m8Oam32L3wcNYvqhbpo1GwjjSexL7Dh/F8Jj/Zo0VSxbhzMAgnnr1DRw7eQqbd+7CK++85/JLcCQnJvDWBx/gzfc3YWw8iUKxgF0HDuDA0aPobGlBOBxyP4ZXbeB0/yr9m4k1ZrYTVv4zGU+racXsUYrqIaj7ODMBvZxIYzUwL3ISXvJJMhVgngY4tbnHMBzzov3MJC9XsnqeGaAXbOqvqjyoYo53t6w9bfFwCfFICWMT9p60UIASHAvxeBS9vWfw+C9fw/p3PsQli9txSbwey8+lwHv7kTx1FvmxCQTrorDCFkpZgBe5/WWbc4ABxUIB4VgcdS2q3xGBOPblFGJXiNMjakiFd3et6DmHlkfEcoP3KiKICIMqoDmD4O782OkYaYEsXSlbPFOGxQFc1NOD7911N1599x18sWMHAPuW0Xtvuw1XX3qpp0dlV6G+zDhHOBjEw/fcgxc3bMAvX3lFXl7T2tSEh++5B3Na25Q+G2G6MoWhAA44Hw9MEYZn2Ltw/+aR7+PVd3+NNzd9iHW//gCAzQT+5MY1uPm6q2y/aNw2XP/o/rvxzLoN+Olzr6FUso8sLF04Hz+8/07UOMpBOBzEnz94J371+rv4l6dJuu75+NEDd6ImEZN1/NmDd+Hp19/FP//qVXDOkYhH8eCdt+KjL7bTzhJwG99UX4e/+/F38cqGD/DBp1vx3sdfALANVdetWon7vrVW8X968dJu/PCBO/Hcuo34ZMtO2YYH7rwVq1ept5e3NjViUdd87P39EVx5ycWyGRw2M33s/rvx7LoN+Nnz7vy3NTfhse/cg7ntzkVeRCrzo4h+UJOI45Hv3IFfPP8G/ss/2Ed56+tqcfOaq7Fh0yeTKMmuuKamBo89/BBeeGUdfvLzJ8A5h2VZuPKKy/Gt229zjEEhPPCdP8Xrb7yJ555/QfarpbkZ99//HXS0d9jFeQR490G6AlD/I/+7UpXRsOpzvICROrzlejNUq2ya4I4/uRNjY2N4/PGfgXOOYDCIG29ci3Q6NemyvvGNbyKVSuHJJ3/hjmdLCx75wWOYM2euTLdkyVJ0LejCP//z/0Iul4NlWVi1ahXuu+87sKwAOIA777Db9XPSrptuXIt0Om2unDNBcBEKhfHoo4/i+eefx89//jMXZ9va8Nhjj2Hu3LnmMnxg2bLl+MHDP8CLL72Izz6z/RrH43E88MCDWLZsuZJ27pw5aG1rRTabxUUXXeRd0lOVYhS6xn2MjV6YltjhUSC5Uy1RdhkD4xyd7e34xk034e2NG/H51q34d48+isU9PbjhuutR4hzvvP8+3tm0CQAQjUTwjbVrsebaaz39ELs7xU40LdLYvrvuuBOjY2P46c9/LnHl5ptuQiql4nBnRydu/8Y38Obbb+Ozzz/HX/34x5g/392xLbj919esQalYxIaNG7Fh40YAQH1dHX748MNY0tMDzksKvQNsY0PJLUTC6iuuwMC5c3hl/Xq89NZbsCwL11x2GVYsXYrkxITKO+UzlySVMSCTyeLg0WNYtGCBc+KAu5fB2OIPVi5dhN9u/hKHT/ShtbmRfqeVF6gwqNWJctZcfSnODg7h2dc34ulX34FlWbj+yktw6fLFGE+m3EqUkaIFufJzLBrCDx+8A794/i385//vX51pY1h5UQ8evu92hMMBzMQhNyNU5c+4THbtvX9gCE+9vEG+W5aFtuZGPHb/HbjqsuUwQTQSxo8euhvPvPoO/vkpwufvuhUffe7H500t4MpTMGjhjluux9ETJ2Uo5zaff+zBO/H86xvxO8Lnv3PXrbjuykslHtQkYrjnm2vxzCtv4//9x5/je/fdgdVXXa7WxoBlS3rwgwfvxYuvr8dnW+z2xuMxPPind2HZUtutS21NLX78w+/jV8+/in/4J3vNMcawYN4c/PD7D6DW8Qv/yHfvw5PPvoL/8l//EYCNByuWLcF3778H4RB1DeHiw9euXYWBgXN4/tW38ezLb8KyLFx39eW45OKlGJe7vV0wucwU4bFoBD/8/n149uU38dMnnnfmIob77/0WPv50S+VCaJhJ1iQ6g/7b3NyMRd0LsXf/Qay6/DKFXLhr011H7e3tWLv2Jrz77kZs3rIVjz36KLp7uvHte+/FK6++gi+/3AYA6OjowNe/fgM+/PAjqZfE4wnceuutWLduHf7lJz/B3XffjcsvJ3PrLPpFixfj3nvvxfr167F9uz234XAYt99+Oy679FKID/mkqT46r6rPUN1EnDigWg/1BsyglgsQ2iTDSa3MrcU1rIr50IUmg2GVylJKej1NOcOqlsfXsKrX75fuwoOZNK547SNTrX8mxowBrFRlM0xY7tcabgynKMKhur2ww21eaoHhGzdch8aGOqx77zf4x18+B8DmMUsWzsf937sNnW3upXsrlvTgse/cgefffA+/+5Loc3fcguulPkepEG2fl69ct2oFDh7txZOvbsC8jlb87Y8eRGdbEx6+9xt48tUN+HTbbgDAvI5WfPPG1Vj/m09lORcv6caPvnMHnn3zPXzitCURi+J7d9+OixcvlHV86+vX42T/AP7p6Rexculi/MUD99o+n51WiTG6bNlSHL96FT7a/CX+4ZdPob62Bvfedgs+3rxVtrqlqRHfvfNOvLThHfzf/+N/yrG69rJLcfctN3tmxwg+ODB93K9cwnTrmMn1+VUCyw8eJuYEwHjpVNl3H4ZMn5l/2VMG44gTPzlUQNN66C2G+8aXB4cdMvrmRu09cAwbN7yEXTs+BhDAgb4w+s9xFIrcvsCqxFEoMtTWMMxtLmJeRwkNkQAmdkRx42gRsXQeVg1QtyyCtutrwKwC+j9MYWRvHqWcbWDlnAO5PNq+dQMW//uHMPfKlZK8CEHGPW5j/1dyBsXdTUt2HDsSEFVQ6BcDwBVY/Ayr0OI9fFnEc2qK8T9KYOTrdrNtAs45Upk0SiWORCwGi14gNiXG4oVcIY90JoNwKIRYxHvreFmYBdnClonMTA4UHw24WSwVkUqnEQhYzng5achAi8d8IY90OoNINIxYxPWPI3daOb+5fB6pdBbRaBhRcmGCDplsDtlcHol4FEHPLmxjLxUocS59htUk4vLCBhNN4pxjIpVGscRRE4+5twBrGYxh5IE7/ZPzb7h13iO7GuaA62lJnmKphImJtFQGQVx/cE58u5XgHm3k6gEU0RcO+zKvTC6LTCaHaCyGUChsGCcgly8gk84iFAohGnNvAjZebAAhFjDtBJp+S61LF8saVpUxc8NYOcOqpgwyvyjfPF5Ip1LI5fOIx2IIhQXuTm3R5vM5pFIpBINBxONxxYj8q6eeBAD84JFHkc/lkErbl/CIuVGaDCCdTiGXyyMWjzkXpUCbC5rBS8PstqQRDocRi8X17EbwXBAiw0ut9pQrAAAgAElEQVSYmEihVCqhJpFwXdOQ5LlcFj/72c/Q3NKMB+5/QDWg+/BrFfwbR2mOfZGHN60e4qcQeF41AsA4CeOAfWrAEYcJv1Tq4hyFYhH5fN7DH0rO2AFAIhFHgBBclyaINaOtO3nsFzKea2kYGFJpB4fjcekvzDsKHIVCEfl8DrFozOX1zhgw8lwqlZBM2hcUxQVdKDn/OcKB2OXIaV5ntz2ELAEgm8kgk8shGg47Ox5lYRr4qJkMAOMavhMyqgsJjO6jE2Om2hTkDcVOeCaXQyabQzTi8i8PhvnSF2+7U+kscrl8RX44YzAN42pZ6WfSQrGdYXJ8fnLVu0uP8Pl0BqUiRyIRg8UsFbucoSmVOFLpLOKxuMqYNcNQCUAqlbHlyUTcVYrpRw8GZLM5ZDNZRKIRxCIRoyKQTmWQK+QRjYTtNPAkIbXa05jN5JDJZhGNRAy4M3ktJZPNIpvNI5GIOXNhMoSZpGyhu3lPmKitsDT5Q22pTk7dHZ82/Sk5eQqFAvL5AiKRiNRFCvkCUqkUrIDluCRxdRZBgzhsv4WZTAbRaNT7UZjQ6hLnSKfTKJVKiMfjCOgfuHxGxRvn9RRPJVEGywnTZHTqD1VBF+rWwR5zj0zPADoXojydqXMwWELmVFwB6BIVow2XaT2s1ajguqc4lDSehD50aerkasaB+75Msyxfi5ZfJa58oWYXC4aTJFxNT2UY6W9CpCH+O6UeT+twNQiXlblGWT85ShVDXJ1foRgSdTjBP7XQdCaDfKGAmlgMwWDAbYuWjnMglbb1/NpEDJZAcn2cmfHRA5lsDhazEA67F44WCkUkUxlHN3ZpidgEJqDEucMjSojHbZ4j2wk4G9qAdCaHYDAgeaA9TYRScLfefKGgXpJN63TKS6XTyBeKiEejCIWCTpmVhPopRVUB1eWeTh1TyTuVPFZzMwDID2/TAfFxL6iRfpRTeMo2WmY3EFaTLxilsMqrgel5qGGJCFslmYjJDGIHK4O3WuqQXB2ByoqfTTAMBgAHLAuYyFiwGHDlsjwuXRbGwd4QTg/FkCnUgFlh5FMnsGp5EPOa0xhL5rH/9wVMDBZQBBCqCSA8N4L65XHMubkOvJTB+LEckscKYIkA4t1hTBzLID8ghAzVvbXdDVXUkYSZXDGo99SUXxeYlGfNsErHkRl+wZik3XbakjL+el7AJVZUgLFzAhYDEkIBdKS3SgvMjGbmXBz2DbQh51a+yqWXL3bacgVzCbNgcMr46cisKX/BgH3xk6dxTj76YTwcDCJSV2PQ3dQyw6Gg46umPFDltTJ4x9licC6kctN4UwnmzFATj5F4v3nzmRGC1+FgEGFxK6NnN5Mhv47QFeoPWBZq5ZzYIGQk5iA/ZxCWJZ9y3NZwANFwBOGwehGXSuNsv7PhUBhi1TK9eHJ0WpQwI4ZVpbXuoytQGehqxV02U4NYPI6YJ3RqIkEoFEJ9veF2Zz1dOIz6sP864ACisTiiesPIzk19Tr1tCaO+XtTB3ew+9fmDvTurpiahyeTqyjpw8CBOnjqJ27/5TR/DaiXK6ZVG6JvYhWg/c20ZVMIHgaeaxsDhCghKUVRosBzJgslG2JtMqaLBbB4RDHp0J4sFUOfsaKPrhivyA9U8nHWj+1ll2m3QZMdSPB4HpYpuZRrtDwYQDMZgUvBoiGVZqK2psXkp5w7/Jb5WpWGVsBehzIHMNOcIRyIIh8OkNdwdX1K721W1bXIa6BBx8c5dnHYqYBC3aTOnjVzJzzhQYtz5MGuHR8MhRCMhj3zhy1f9Bs6BeDSCuLi8anoaTJVQoRJufJw2+K26WMT9GDul+nwymWRTBudyTt3wJNIL2ZFZSCjygF4wQ8kxbMXjrgFWTrtCf4BIJIxIJOJgmVkPiMejiCMqqzCqSSQnAxCNRhB1LnrxNnbyfC8aiboXKGrZtc+T4DQRNawSnszlf4Cyk5979QRHHFefuUMfuJuHgyMQCDinN1w6EggGUFNbC7GOTYZVwL5ILhbTmKWmu4gexEk6PU5f4h5R2pOTGdK6Y2LTITWeg5GTZ5pMI8ec1MYYdCO35BeKz1fbqOrKcKo8ptbHaLRmWCV8w9ewSsFPLvPB1WmKblXRkxkkctUVVUWqabZJuRrJy9qrA4FKvvGUyOlTReUzKvuoTXINqyUZrpSloVQ8GgFDxCWyADxqAmzdryYeI2vHR5hFdShm0kODwQAaHD1MkU6EAUKUz4BEIipP7dCLuYlEh1gk7KEhrvblFhkMWggEbFc7Oj+h5SZiJv7Fy76a4KsQSaZbh2/+CqeFZ04znB4EPdzFAzZqVBworhdQgchKrGE+yVx09PAFAIpxUCmCkV0lbhpqYJXN5SWSyw0399YrWTNWLhwIWhYGRgM4dNLCkvkcqy/L46LuKA73N2IwNRexaBws3Y+rl5WQHOP4cFsA+3tDmAuGQIwj0RVBrCeKxPwI4u1BpAeZ3WTGEKwPILE4gsy5HApDDKVCEYW8essvVRH0y6E8vlahIrPyTIUUHbENO1ZNAonyq2wr8BpWaRukUCvzc09aeUxnEqvZW6c582wQIb/+TqUAYmvxr4QcG54q6CeRyrfPr1EzD/4E2FC/LvkD/l/91MViLqui1u0FXUmj+cvKS8yVe6gjDZVpa2SVK9k1Uk8UJVvct5+Yu2dC3x2o7jjVd2AwN4wBlV0BMM8j08PVytXB+AMDFd3U9TVZejK59D7rgKyPQ4cO4Zlnn8Ho6ChWrVqFrgULjOkU/DMZ93z7RPCI6pzKOirfKxWrDAtDaqREeVGUGQvMcbEg4kw8EgC8HxAAxRWOo34wd7GQuiw7iOxIEuvCa1gt02X61c0PysWV1J2lylUxnGbnbqwI15PSI7emYwKiJK6GK/Z57k4RnXJ7TFQDq/3MFZ7HuUubOADGmcfAauJxFD1kU/+tkZ8KrGyqUM0wTKk+n0zc58V9tCVBimHqGlXXjMmJj9yhpGm1shyH9Kq8V1WEXTxinho4/EUjI/XzpJ3+DOoGVVmyguSW1gYqLziv3N0fXsmw6kZ4qIaMU07OuYnslGUMq5C6jOHdh/94e0/YgE+4/mxyD6C6jTFUCBgIDdPCnV/JH5iSnmluAAT+WYzWSfKQ+aP5bLx26/mjYXWqRc0kVfWrQZfgNTBFyzDHWC/fCZ4Z85VkFG2BW6yXRxPpxS0DCqrJByOW6OhqSgOo7vBmB8WUciYzs0p6IpxSmmIx53CPSMbgManYeUyWjiqgigbPPrZOvw7f/BUMqxcSqFvNDILjTLByI+ich3kenDc9v6b8GAabMQYuzs8SlBcLUwraMsaVoqpCZ4XzcklheKnkGCcsWBYQDAXBrAAOnwrgxQ8CyOWzWLu6gGVdDMNpIBbJoj4cxvi5EWz8lOODnSEkRy0sDJbAixyJ+WE0XpFAXVcElsUxcbyAVF8J+WQJVqSEdF8OpYyrBJVK4vg/R7Fo+79kzODN1CSYeoQYOEKOOkIKGAyrermUsHBIuu0MITWsmsmJSbAx6Td+O7IuVPgqdDTV+ODfACXdTDXsKzSwzgj4aW6TKsBAPEmQLlT4Cfsi3ALZvQoyR0zILu6KkfkYkzYF1dcgMaBSQV3W5JTrSDnqMVoq+ZiMqoRyMqB6VwD0WalQHcl/S3hUBtasuWFa+RV0mub60umqf6qyj+AA4okE7rzjTtTV1aGnp8c+RsvVlJIflBGO5CkSH+PkZPzrllfzfDQRSQiJjEE/TInjwY7hUV5WqbfVRHSZoR1yXXElgW1YFdnsZ7Nh1U+7qDBOnqOB3OXf9MM0L7lGY8VI4UgUHPJECd21KuIADrOMoGOQ6dmL4kYDKwRl02aBO+H6R0WF79kGVkbCTcvq3zT18Vm304VqxmRK9VXTXt8Idy151yRJAgVToSCFXodB4ORSELUU/OKEVlBapVTtO3BfDZYx8r8I4eXctpFGq2NqdvHmJ0ZJ46vzy8kRZ49LMicD58zVVxS8IIZVzym16g2rItw08np4VWKxsLqjTGIFCagwRHiBJm+paZx8Eo/Js1425SFaWZzKY5K3ePOq/ZimYXWaUBU9mUEiN5P0ctYsWopi4GCpxT1edxTd2k/5oMUqadzEkzGs6ul80cpHJ9DfqzGszibQIRHP3BluPVzmETLFlGoUfpu1MjF76HQhwP9f+hbUNzOX65kSVQ5bmHEJEcVQrDKzEiIfDfoPwEg4lYQdMUnqRRa4WORaOdLISupQlA2/vnElsUwrCM7oRAqZTA5NjXWIhEOIRSOIhOxjgoOjFl7aFAJyY7h6eQrd9UdQSBcxdq6EN3/L8dmBEM6NB5AIcPAiYAUtBEIBhGIBhOuDCNdEEIrnUTs/h9wgR6nIYQUYwnVBFM7lwYIBBCJh27BaKGLg3BDC4RDq6+rlAqf6rrtXlalxZGzl0R29/4C6U6eMwkzdMVBdlTNOxt5l7vIyMn2coc4ZFXY01uLXkipCvlowordvbBUFacxOL0fOg2GgvOOmk/MpgJGrnCdVtexwTvHWPY2j6oq8ql5Zngh9vr0MmikGVjWO1Ks3iXHpz9hOR5UjpqWnq5PJtPJ/pv4qAhpUH3SM1EXjvIZV9XZ2pR5o4+JjKPITzi5k6O7pmXYZytIlZ7Il35uEwbU8heH+j/KEgv3b2dmBzo4OPRF55V5eDn8K4+EnEn8dMxr3ooWvmufLy8lKYiTMIY6uoddJQI2M2nYDFe99wLPzmqx2shjo6mTOevR+6ChT3yQN7p5p4QC441xJjJFuYJUyATFzcKi/tEm0eO9WNvlsWtPuXKtIKMeECHHK7lVnJDkXBlau4I0uP3AaqPFTD5gWzmzQoKpFAHPCarJP50LAqdRXbZ98k3G/V8rjbASRKCkn2g335Cs314RFSg7F1TwqT7V3inkvpfPrlD/M1OxwgvfeGnw6okkwLlhKmHu0H0p6PZ4aTgUNsb/JCDrD3HTEsOruUqX3RJjaxQmpql5+1uWuKlFBTcnUMZRpGJPSpVquDx2Xu1JN4e6vpJYyKaVm9EeUR9tGymKG/kqZTIyMn9Hd9HIehbEZVOjOt26oAxVRHCHfQcaKe1odfYAU5FE8hU1Fl7v0V51qusX57lglCY2YUUacUeU4boyYFWyTg608yijjMxEJ3XAzNdF1OpHB452KAZzT7TWeLJ5n/858NTg9FZFFp+GzA265Jm//U/cK7w9k56oXEcp200nu7pzinjhzFp1xGDAZUI0DsgB9ZyNFfRvF7I+H3ClDTebR2SD6QKrWpQQdfFZzEQHkCkCBAyHHKXNDfS1amxtQXx9HrpRCTRewfQRI9BexEkWk08D724EDpyxwxpGIloAcA7OAUobj3NYJjJ7IITEnjPbra1DTFUHPQ83ovLEOQzvTOLt5DLmhIkpFINJYh5qOVjDGYAUC4LyEQqGEQqmEQMARhqRQowoyRtB0JvMTpK8R47CQMqhQwpnwgeYaytUDXWolJUdcFeGe8uDFBGNDLnBQ216RZVYqwAhKNEeVungVBVeddRplzQR4hnRmbm/We+TtoSNil+m6l2HaYyWYsYIRliPHMLJ7Va43KjRrQjctA3THgi7+uxfnqMK7DADdbcqIFKUYiDRXArI2mYR54vR6dPCV6/9AQOVXVAmyafxkDKz+NZR9VJeRJ4JmMh9u0pehxqq1SEqovPTDT7VjRkShEjBNwF085NzFfddqrYR72uepSitbTyCXhdM3TSZiTp2uYZXQjukYVg07UelFVnJcOAcXtNHzUVUTDnzYlOKmzLDDzO1QyRPinWaHIgpU4CAGViZlCjcvTaCPgVu2+NBI8/plKwszzdamoqVMMvu/dcOqC5reImkQuQjS2VVofw4wSIgCZ8qNCffyVa4hC5OGR8IjAYdPe+VVc1dMvNo/xA8UJZ55Hkh5fhSU1qjKEVQe0VUmDkJmRBwXz+62DkFKdBdlro4C5fg/54L+iHe11qkYVicL7miRcfCc5hHPfrOs03stvY/7JMWwqiQlcyP5ilYWc3GShjEdI2Uch+8F1OX6db5gBqf8/GmLdC7MrfCLUQ7d8GoyqOF0s5O5Xqo1qEVUNKxCxQxF9K9ClFFsSz5lzgqQMdLbb5JX9XD5zDQRURt7/9muunk+ZZTjIzMPUxFZvDLhbIBb7sxo+9WB8QaaarvIuSXnz+vQXUYoq4nuUlTAo5B4QT/Mr2ZWTQbuZRGuhG9fCME9I6yoQeWqMLWQMeQKJViRBCIJhuLEOEaSaYSCAUTDIVy8vAcrl/Xgi53bEYoyjAUtHBoNoMijyGeC2NWbxMiEPX4BCyg6lfAiR7o/j+LZPJJHMkidzmHpY22Izw0i2h5CrKOI7GAR+aE8onM6Ub+0C7GGeqRS9m1yYJZ9S3g4glw2gwC5sdXuWkl951z9QkyEFTqGUgkTebThUhQcAwjRVuo/Mg/38WHkV442b+RdjTt/rHIqoLZ9qmTXMHYzrfxNptzZqtu3vmor81FMufm5WvCvvfJAVJpxhTxJA6sTRl0COKn9VSnt8gqlbbbUoxhAxZNyZE2QbTfMs1tVZmf6Iy1Aq0WUaYLzKMBfQKBg0gz4VFZLnkQ6Rb/VVGxfHjAF8DGwKj5YfdeXSbTn2mKikrTKPaiBVWZRtiro0nO5+kGUWnjwnDNxERMMhlXm071JrgmNlystF3dWiTHh3tM/rgxAub9qFGGciyvAXFTwaBhOheXayejU23NEDaz6eJh2p7q7V83xpnr9fLBeWODDvy6IVsxsWdp9Iv55FbJEJpDbkictoyT/t9TKPUzT5XfCJQCHfRyU6j8MUHYpqjqRztlN+o9vrwj4GLxkOS5X56C1ToWf6nEarTLk4GSeOFwyoZyCIwmoYVXZ/KHXoG1Z1Q2os2FY9V/+VLZR5Ryh14CZuZG8OEovX/vAZnQHIyphWr0evkDKYi4e6oZaoXfpcpjilsDT9WnIZbNFS2eQAF2Y2iKlHT4agiP7q3YPTdapUIRJjHRxxCtFcUxux6qOon5QjWH1fIMyhGQxK3zKFj5A17sA44YZGHa1iqKYvZu/XDt8pvXCAl2O9HmbjQq/SsMqQC+0UnmEBM/2ZUBTqNQMnq/CLveAS851n3okoecIqfNqEswpJSjRDFoNzHWQzggF4dyLjszzYIpUqkKBM8QjcdSFa2AFQ0hNJGFZIXDGsXJ5N264/grsO3gEo/3jqGlhOJIO4syZEHgpiHMTAeRytoCRLzFCrACUnPCxIkb2pTByMIXRwwCzGArJEgrjBXBYaLruMjStWoFgJIxMLo8SZ4gnalBTW4dIJIxMJiO3PdvjQI/fiFA/rOfeICevCfRQRvJT9NENq5WAGl71+pRyDfVNGcrIwl8dMOXJcwyzQrsYpz61pgPaOqG8e5plOSVOtTBD0VPvr0LaZoXeV8ZMr2LkZboyji4KwuCpWMLAoB4uEYK/Ki7RG2ZdA4RNk8y3z3p9q4KJHLSb6s4O6krAzUub4qfS+DAp72tVMV8p+OIS9+3v1OuaaplVILz/mUy1HE8yjW6VaYHJqC/qFsqmskO37JKqQhmkTor1RjKyjsq5AqhoYCXpTC0hu5boupV5jPLI1PDG2ErZ9hKZPkHkbflAsafSfJqbCKcUwpe5uVKuTRzjpO+ksZQgCi7ooLgMprtX3Qnzxw0S7rdcvFmrQN7zDKrIMl26Unmtz2yXfeh+xbpdrFH4t0AGzrxoC3d8TCitNsfBBA0hBE+1pCzElB1kAj85BJtmKhrr9RqXud8cmgfFNOd+/TQD83l2oUQKc42pwt2ChjPcXf8l55cDciMHJ0lJFqmbuM90B6vaE3nhbjX0t4xM7yE12rMnk+/WPCLfcD2tNhdiN6o8DaSGKdI/c/OoMpTaCHpaiF5YReuTrVCsYC6mGuE8GlbLiRozBRcA+S4Pjoyh7Bljzl0lXElCgKt4aCgPUER1mYUG6aBgyhQNq+U2b9vJqBxWvj2zC360lsYwTziD4AVcLi9OEimeDsScMsDiRF+rUqycUZgkGa2+2FnqSNW2qK8WgrIRUkAoA5TTGAmtcSk576pC7woZREFSLItaqYzBa3um0rHzrgjszjNzFCOZ3MZksRtCKE0VLdse3mP3JhCMgnMgHA6jqbkFzS1tyOfzSI2eRWdHC25cfQn27T+CjZu2IDlQAC8Vwfm4I6QEIC7YKjIgqlE1BoAFGEK1Fga/HEf6dAGBmIVoaxCBUBCRrjmY9yc3oOHSpeBgqG9oQigUcvpZQqFQRCQcQbGYdwUdA5K7ofquVQ13DYjskUU9Me4bgy4sq24Fyu1e1Q2sXmFILctPr6oKzNL4eQe5K1vATLXrvPdvBhrgR7uJIlBt9tniZ5T6latDl4e4mxmEX5NRYw75ExKN2CFurxjhBc5zXNF5sy9/UQUEWaZMT7U/cWpBCPSiTkuZRqOLADcDqcsbrgssppfyGHMBLFigsmYwZWNouTqJtF1dhurLNKUlBjamkCeNVpWrkrJzRhPQPnBTQh8wI4o3ByPF0vKd/xSFVO+DJiH7uA5gelvp7lhSvoLxhg/NVGbi5Nm3TXqU9qLvCLTpg7ZbVZ9P7q1DLYNIE661pEIb1YYohiYPo7dfqNjnZnJkAK4E2WEGtBFF+n68VaZNp8oXFtCWTc+wqs9VValmALwywOS+Cxv4alnyQyVHQzu4d/0BroohyEWJeXcmmakFWfO0pVVMlZFmVQO+dE99k233KIFqmzl5o+86SXCNriSFJB3us9RJpDGVPgMza1hVV0gZxcVHGjXTb1qUZ+X5yDOScJGPaaYPbIrQx0T5zNA49dJQ3aiqug/Q6wPsHvzRsHrhgE5RzBSG6wEiXMypozjY088JTaP8VsM2p2BfDYVRdlzZFYAuu1flCsCH8H/1En15zPCTCJRw8kLDheFUii9Vlj2rUA0ZnVKxs9STKg2r5wOCyvIla88XJu2QylIMAPS5xIghzapGHLRNBJ6ho59yqAStYLWbRjAayZidOIsU6zHjelaA29p8ehzJ5Dg4CyJeU4dYogY7tm9DW2MNWhoSWL50If7DXz+Izo5mvL3xU5w8NYhisQSAgzEOy7LALLqzV1TjtLlYQv5sEUNnsnZokCF7rgHxG67FokfuQcvFixEIBjE8PIzjO3fh8itWgZdKmEhNoJDPIxgMIhaLEjGHeYQZV9JR1aRKoKdmWowupFBiYoqfKlBPWrTMKZXv1+2Zauw0wWNgrZR+Ro8N03JxQYzHVMG1FflI1zNTi3xS8L7KwVNsClQ2koxZO35GGDbXbpp0qQvxbkyOqSkCtmJQciR7Bri7VUmc2DGmH2sjbaLto/2uRhGZGoqRXOcTTy8ELl8RfBqpKMtcDRZsVfAQQzm+htVy9BVQcNhV/Jibxlk79qPD0LU5pmIKffZFA5pYhnG3MYDRaGofx+Pqu/OoGOwMx/9N1Ru3fZjKmIIxnho6OXfGTp6nBYQLAHmih4teiLzaPCv5iZGDkx2kJuHXE2ROo8yhkNvkPLuUTTGWEhcAFYHgDONQ5FEF5Tgd7vOi8lQERY6fSWJXmTTMMMwMsaaH0riGTNTvqldKNTxTvYjiGrz4KciTapdlhBa4/JrDPi3imrTUWfQ++Yx6VcNV5ZiKtUXIggk40Z/0sl0y4/pyFipGRcMqzW/S9Wg9UzasTg7s+fKhvaoAoz1SYc0brnzMJoZVtwjKuBgpz1CfRbBESetDDUQ7yl1a5TbOL8I/zySSnG+48Kh5GVDYj6sJKioeU2mQJH+mjjrl6dII8/HDUs54Ws2OVRM6aCpB9fz7QgRNPNCmyzOmNIiRF0sL/0p2r85SHX+IhlXA4HO1OgOrSdFQlxNR05136jHVXWUlMKOwAugCil6PyEESU4eDYqerWLklKtKIJFSJUKmPX+/sF6bExCJBRAHkixwW8rAsC81N9ahLhBAOB2Exhu6uTjzy4LdwzZUrcOzEafQPDGF4ZBzDQ2PoPXUWp/vPYTSZsn2uAmBFDlYqwYpHEWxrRGR+ByItDQg11iHW1oTaeR1oXNqNRNcchKMxwAJi8SgaGuoRDoUwkUyCAYjForAscheawRUCHUldHzLuWpW7lLxQjWhs2iVC85XbvWp+L7+cZkZcn43CLmD4Q+mnDhcKZYbLeBWbgpR57GPR7vq0Ka6rG+lmV/fkgEoJ6SS7u1GpiC9pPaOqIfkabnIPAPnqpPOKW+VoqjHNdOB84HNZXNIjJ99AvxxqeKVyK1tPVMMq15LROMqCDdp5tRKi5Mco0/zqxqsqwyoFVgb7/IQ5XzcWfuaSMrjvZ8A1xJs5OcpI4wa+zwBhyeZgQMn+6Ksm5cqj1Lu4N9oM3PhYDdBZNm1UruZIv8BLKRZq+apCsQuYH6o4Nt1GVp6r2WeRMzzYUqfRKKOhI4L0GMOdKHHSTK4Zx6CvG+HsPJbkmao/VlM1jOgltFY33hdmargI7dU9wMjlLiNsZ0VUZ5DPkka4hlVxcZ79J55cfVGUzQVxoTtYlXoxA4ZV8wxUxDx/Ii5/BB4wPZHwr2Si92VcANAwtUzmfgsHoOxW9chxtKmiTkd2KwcXgGHVl89dEDDDLSOdLbsnhqTzY/ee4dfJCnWbw91EjBasaQt6UT5o6q2foKanSXLpcF+cOT+sl6tjUw4R9S9qJtLNDdEM8NixnbL0qaF+V6tbE5Pgo9WQ0epKmpFc56/cmYOg8eNjOaHKIGx68cie+hIs+bXWzcL0FaWhgJNWF6IZjdWeFbcAcCgSVyUCSYHUXX/CT6B4E3H+LEVtAQcQCtrGy1KpgFwuj1IqjXAkDisURK5QRICVEI5EsGjhXHR2tGJ4dByjo+NIpjIYG5vAwOAoTpw8gwNHenH898dQ2nccgY4WNCzvQc3Shaid34nonBYE62oQrIkjUl+LSEMtYjU1ABjyhQIK+RIYC6KjYw4y2SwKpSJCwQCCoRBUR/GuRqR+vddBD5Tw+4gAACAASURBVPX//qAv4WqW9GQuryoP1S2yGRXXZ3pdl23YbLlhLtOJC1iRnCxU1P+n7jh2RoH50lIXdEODrdTBWdu2YZX6VjW5AHDLYFBKNxg/7ct1aJBQGRjJI+gnUSaUYs3aiCp4VZFmJmCqeF3NetfL5b4v06ioemVQZeuTJFhUqTYZVl1tlyYkooGbjuvp/Iw3TJ95rq5Nui1jBugT81jpfF9c2cHPiDrJbQUMUA2yvsZZk5LtLUuH6jkiSVkqkbyCknBh47ANHZSa+tkrhCjm5CnbMFMZzBuh0D0IcqOl4e6cyt2rumzrJ+tSW4NpHRtk3gsHZmifarWuJL4ymNxg+8qm5YRW5dWtj3NmxgOQdUvtD7B5rapfu3SKXuLr6hfulgDqn1g9vs2M64G++4+QOcZ/LlXDANeftbSuMdXyoQsGtwGAevQfNl0VxlSPYVXm99FQ/D52cbMO513+JoJQBsxiCpSxUx6YKx6JnaWMSFDidJAu/yjIwEgwKdeyx1LqUOIEkoI/evt1nuNMsNJ+f823IswibRQtvXBgFltDOms0sBqsqUxPSwdMHzwtTmKZUqSayYT68kpc5o3TG2f8Zizr5ySgQlmTSqBB2SkrE6mPpV9yHwOrMpI+iCxXIplaZfeq82yBazpeJRApLHNwlWDwhl+mrtmGC4sS+IG7c7WMLOPRO6QQq+ehqpw9mWUvUiF5hQBiF6+u1vJDSZQe3YGFsjMVEnNFTS7zdkUdk/ckvX+ivTKUCFjJVAqDpwYxOjqKluZG1MajiEeDqLOCKJU4AsEAWlsa0dbaBMaEnxyG0fEJHDh0Als/34nemi2Yt3IpFq65Ak0rl6C2uQmBoJ2/yEsocY5SiSObywNgyBeKyObyyOXzyOXyGBgYQEtLMxobGuQE63PoHv0zCTfucJqetaLc4fYZNSWuzPD66TH+ZfMK8WXacSGBb8O+6vvt/oDAhIMzTbOngGyVqI+LKpZC1oSyIj5muQqbekGOLmO5/xFB3inUFtiYzCvTkB0PijCvkG2mLXqtXlKPKWbW1ulsEQGdYCkRs1FJpdBpVFFVOjeh7pJFPHAlHWUm5npd0UL0iPRMPlbHGdxL2GxQsMxX0tdetOP+MwW8Qnl+vomnXanD5+m3Z8XlAT3mr7ZWPordZzJAGkvgGJldeaucYcQfzzQ8MUy/bvty7d4qPpgwRQmjoiPKrKHqUO48wOw35KtWY1T+N7nBrobs2vcJED7ItU0GGiHz0BCnSR4+yuFetue8M0Z2H4kPoQC49IBOK9SaruC4nqaSWj09vFBcKlRjGSDrXfSdw6EVzrOywUMzrJq2bdh5yLvy7N933X2NaSSmsoQVmmPiFfo7mXtYTOq3ihXF5BbAyStxQ4pWzoPFXPcuzHIvq2XkkisdyvIT5hNero9TS/JHmAQoa5Dbrt3KpLHFcgOTcnQDKbYzdy15SjQub1Vr0FGfmZ6hhptArAWTYfWCRKUyJFclkVwyDaaNtaSlzlyUJau0HJLXvvDKy38mxacnzdS59nw+Z+irlkimDqpbAEfaNOo+VInWhE26C8NL4JmWRfMRKJ+Y8dUMzLDLQEjKVPoWz4T7E8cWUliSb9zwrNXhtsDbbMYwNpbE9u07cfDgQSxZsgTd3d3oaG9DrhhAPpdGOBiwd5QGLQSsAELhEELBIBrq63HtlZfgspUX4cztN6BzXgeC4TCYFQDnHIViCflCEYViEbl8AflCAflcDsUSRzAYQjaXQ1/fSezcuRMTExO49tprEI/FEI6ElZUpFB7u6ZG5n553TXjRUzHAuJNHmS6nOVPdvVqN0DSTgtVXAh5F8o+G1T8UqEZ1ooYBW/myBS75gUvT/CyCQZI5g9JnRqigtmo8R9Vswd09Wmk5fpEIsWZcKdvVJPz7OSXDatVCWJmVPlliUy1Mh+9X3SafhLPkV1mtF54+0gusBG8RyrXXR6e3OAWY1ANgX0zkCPaCnxPDhsr//Sm/PlLqDcxquF8eKH0xtXt6HEXIDjNVXiWgO+UUEDu+uG7AkGYT8uodD1pu+eO6ZRBBR28PXxTle32r2uKrnaoseqBMHXzWh3+GYAYbeYH5Lpu0sqiAlz4qu8Q5eSBGVjfYFehLpDjq516qvILOUXUD8LjYVFtEPKxSIxq4m0hsXjHmF8DKvqqBqsyuswnjaiSGAfVMgjsOlCpIkiBpP1TDqlaP0EFkft9NHuqGD/kxyKRjlNE7/HSVqsCXNru44spJAL1YyqZFjHgEILKRYNkWIw0iRlJG6iM4YUcTGYxRua6adiuJqhe4ppHkjzB5MNNBQitcZHBTinDlw7BaEFMFNhFIhC83nkj0SnHyngWJxFq8VrQnnrkaSPUyfZlKvmrQx5S+ljOw+uRXgkgcTUbLUugXSWQ7ajE1twReyQWIEarlxOdLWrhwQRpXPcKFJ9z5NcwP40xmk+KHR0hVBV77WVu6ppXsB2KFUjFGVCCYTok8k12tjGCw98tsFUYtYhGU/WEM4QDD3I4W3LBmDWpqajA4OIgvv/wSiUQCc+fOQXI8iRUrVqCjox1Fy0Imn0N9vAZ5i6GQyyKXzaBQKKChrQXJbB48V4RlBRAMhBAMhVAEs32yWgwTqQns378fg4MDGB0dw/DwMHK5HDo7O3H99ddj/ry5iEYjcI/XuKKMMqfc8AxN3uZqYFm1iXPf6fMjCH5pTM+VhCK//L7tmDGYAeJCxx+TuJjjj3DhwbRkUk6WhzkVA5RLsRQRi9H1Iigtq9wo5RiaS4w5+eAm/VRD3ylBiLcmTSlr3qgmVh6sqRk8qIrrEzUlmKV1aSrW2G8fCjbrBlZSPQRu0SBOlGvCWIzau+fFLZeJj6fEwKr0txoqb2g2QSLdmGoqwbjD1VNo9e76bfT3KbOaumj7aXBVbglM5gX6StdKSU3C3fn16615ik1pfZFBDfaZbgctPBOmGkW5XAum3akK9sh4gWuG+i84KCdhVR88xWTeDJMZqyrz+IiHVZXt69yLKsMmw6p8d33bSf93jGwFcPCD4pDy7q3ZCVfvnXA5N4c8BKoyS1PTlejqhl4ry0co9o63utpdwypzKYE2iELX8Pjm5k5pnORzHlTDqqp76IZV7gkUUf7Y4hdT1TKvZKDU54sx4xyK74P2n3hhLt5Qo6teH93wRD8OMlna5NrsCZ+WsPpHmEVQaYRPAi70AZKMhNuvjmzIAXG4nBFXiW5i92N5ObMMU/LQk7+exnv7w4BJGVa/EtybAjPTpkV51XeeimDmki/FuwNJJB99fK8q940ayi1nYAWEdjlT8EcbhR9I46p+A7kyZHLlQrlS1Wa2ruSqKyPegy9UTfrf7L3dr2XHcR/6q+619tc5Z2ZIitQnFduypESQv4T4Sk9BjAAG8pAAectD/oH8TXnJU/KYAHkIEhtGAhhB4vheQNcWLCsSTUumIGZIzpw5H/tjre66D1XVXb322mfOkEOKzmUTw7P32r36s7rqV9XV1cHBWVMKg753n+m3FjpSmr5kcW4KglblTz9T5Q2uw6dI05Xv/bsh/SYAXQhY9YyHm4BvffNrSN/4Og7DiMvLS7zzzjv42c9+Bgbws7/5G4QQsNls8M1vfhN//ddvY71a49HDBwAB7z25BDPwxhtv4OZmix//+M9xfXON3W6PruuwWq2Qc8bPf/5zvP766/jyl79Smvfo0SM8eHCB8/MzdJ1zTDYwadvJHgKxh0OnAPo9FpHmmbuwqmRxwwiSe8bmvFefB3zuq26fBrqffrzwQjcff5ZeKD3H1PDy0kcgsimk8lxnRiYXXtoaEWZCASivb73vKx/mElyACpj3JxfauKuTFp/yALwrruTfqvRpWY8nONhLNLCeVljrc2LzWOQK+OYMq9y+N1eWlijyaGpgfa5L4THXb+TDHYbVuXSnwvq8vHelF90lOLluPNimeQPrzBF/GVKH9I5CAXjUzs28HV28UAwmUg6BnwMT+MTnE1lPDFXhbye9VyVXU8RzAYWtG+WfdwGMX2o61YiPtuZf+O3pVN5nbF6wko883DNkXfHu/OT6a6nY/+TOhTfyVb8UGewEc6NEz/bHnoQZgnN13WMgWoPpKcSLk3MwvedWlHs6zj9zIW4dV/2uD4QtuKP/zrB6KhyAL7uRP+x1lckb99pcmk93ku4JI+WxdKGaxys3R9Yp1Zep6splnFtUhWnYgKkHqxXcbDx+HEbVF8j2WXoZ6Xh93SdroxcQNESAW0vNM64HeF02mimXMP9Xvky1D9fuOZK0th1VeNcaPPXDx5VeUNBPpqv5agZWmmCn+0yxy9PEXnVyZfaVlwf/P0sfMXXMXjDPENXkUbUrzgOB6QuSvQoPWVpzn4Mrdn7VTeGQlVwokX0uT/FCkTRZ09krJZ4iWQysd+IV59llfykAHRhny4A3v/AqEiLGkXF5scGiC3hwcY7N2Rm6rgcAdF2HEAKur28QYwemgP1+j5/+7B3knHF+8QAUAjLL0f+uS+i6Dn3fY7FY4Bvf+AZee+1VrFdrdH2HLgas12vkzFguelAI82AEM6nFMc2XF1CJSrrLwPq8dKwmt5/rs/sJolPs8uXpS59xs19G+ts06g3vovvSXTii8Jb+j/BRXRfs/wj/Nf5cDaVTBYBLnYqCUD96fmcSfA7wH/f3oxpWP/ox3Ze10n8JFHdn071R4ES2F+l6IwNars/T392XGmwGVbP2+fnoy2ydlQbljzewVhlPLh/VMu6rJ97TsNoYYD/GkAAfW1mn0kS2F7TO4kFGxRBi2f1cFosJjuaxqWPmt3uBiBnamAMCc99dd+aa03iv8gTCvih7+NRpMHfNxSfYhLvG8EO24+Mcak/FlYPR8WfHforhnqExVU2voHKSZCqjPY8GpmRs+ae3y2sJR3rHcR/ul6j5M1tAARJ+HOR7M1Zcx46bHP47HRk97TwO+/x3hAM4auZHMKJ+HKmNw+oH1um75H+jyXeTR86j2TxTTxhWvd5TcdpM3qM0paX7Csz7ZfssfQzp5JnyyYNi/mCUixxnzCBH5RhPO1F1i/fI3fJwXOTdD2aen7Dr3KucD5vuNBfc4VR3r/efn83LBZ7LSzjawLZ4u0fv0Udgh/7irY+c7jkon1D69LREPVfvHOuJnlQeN+gUmEUBTHpRghID6lHSCkOm705X3anhaksCUBnLHGcxoZbr3nQoaGlC0TQlZf/bLCsq/+9iRBcjQITd/oDdOOKVixVee+XrYATsDweMY8aYEpiBLhI+99qrOD+/wHq9AgBsNhvs93sxsJ6d4c03v4IYI8ZhBBEQY8RqtcKDBxfImTEMBzAzuhixXK00eDwjM8B+B4snniX3oMQXzN6k+xpYT8VevQ9ep7m5Ppn3/s+Pc52u5TP88cmm+9IhT/7+0tMJ/UbSVPWqK2fKiQgGA+qlU14vkmcTJY68cBdAX1nljNXCnje/23fL0/Lt2X69qGH1PqDrQ6X7rNyPRikvi86O+j2nlc/U2vLDSZZTzG/u8ZFSPP+teq2iKMjzVUxW4kQsz7dTZLIZWMulDic8vF40zSMO2Xg4Gu5imXuJnORU6IxJ4hP5LPzOy2jR/PzWuWJgcpHV3Hv3rODOl6Z8CPcAAUYT7pGHddSS1P3Les46+tQYWE8t4o+/iqNMR/leDgf/eIZ6gk6ZUS+J5Mm6qwaL5mKqote0mJXR4llgbiTmgp2QyzuRvScHwPs13TdZrbmChefmP67DmpS10wwU3cPqkMvDTMFsj/3fN87q9JKq5ybvMvyxpLv0VarP3B8LBUDkJDRN804xFdAaVus80DTvyzKqfixD9gLg48MU+2lgwy81ufXmj+439g0uWb1BjlFl39GoHx090Xe0jOP89WMoD+YHm44+zJMnTRp2f9K8a5JfgGjvpJmptWLO/vOcpjwn29Hzu8o78dvzmmCXXt1pKp6TJx/a4Pq89z6ZBfppYwOdk2cnx6jBxmX1ooBXS3fpPea9asCjAok2nl/9XEq9ozV1pdQjrvMMBDhxdK787Ei2ZJuQ8ZG3qmWeF4ir5ULinmofcwb2MeIwAEMCUgZ2N9f48pe+gK5fYLFY4tVXX8Wv/MqvYBxH7La32O12ePWVRxjHEZwzQgiIMaDvOvnbByyX4gnL+fRFVVP/U+a61+wjJH0kUDOTPqwH6xSwTj9/GBX71Dt3l/X8MXg56v7fjvTL7ud96fDTxGhfBNu2qln7Grtvfp+VzAgFMUKBvSeElDk1ujHZNQuTWgrgnyh3qHG1ySsFd3XqIxhWP5n08lbup4XeTobUOdbk598/MqzOZfSUyJPHVYZ6D0hMP/tmeQvE1Brm8ca0Ey9h+jwtNljG0+7HpKzfJ6brSSD9Iq4LzdF//VzsKxqHy+Kpe5lv8+lBhT/zq39ZQwLM133i83PTBI+dENxHm0g8P01zsVdPggzYOnK0MfsOzSspn1j6BOr+SFW8RP56T6X2+D0qLbF/khyKnMD+QtpFoamEY8tuSkvZ5Sz3xTT2EGqcWEz7qaxvOk5Ty8ScVWCij5wa6pPjFup7jgdPN8r4KNN0LNvvwiYmPML4zqTs5zfWBvOesa2nAVs/JgOrlxWzlySWqXFY6sjaRPWjYi9qfq+fKxVTzT/N19R/D3x2qs2fSPqQC/pjLurTk1ynJuuzMUnY3wkcmO4NnSzaRNhJu8nd+vsp3eYuW/8LPQfw/Mn9EHLmXjRzItM96a3JNp03N1935QNQdLrpz0cQ0EOm/yPXxOn0aexqlzZvvLTC7tvB9DILe5E0tQl8EmlK/EugW7pgty5lBna7PXa7fXlhuVpjifW9ikf45XTx/y/plzGu99FNP42M5bP0f25qDwnemfFFHn9GyH+bU1EeX5xL3gc6n/xlagD8LN0v2XiF0P79iMV9Uumz6f4sfdT0SWBlnvw9fjD94dT3T1OajByhDTf6WfrQ6fkY/yQB3a+gl/3OZ+mTSUe2clmDc1P22TR+ll52+ii8/W+DXPgocbtPpe7qr/4ci2WP5WKBricwZ+R8AIPBoQPFJUK3RuiWyLzAu48f49nNLRA7gAicAeYEUEbODOSIEMWvii2Ol+0eM2OxWOBzn/scLi4uQERISUytFn/UpxACuq5DSgk5Z4ASIkVEBGTSu7UCEDiAEHUDQ9pCxEDK4PGAPGyRh1vQcAvOCZwZICBQACGDeJQKicqxDfPsDH4LJsRyfEV2DRg5MwIHsLWd9d1uAeoX6JZnwGIDhCUSAhJLVMNIAUQMzowcpB5mQs4ZMcbGk8TG0P55QgghIKWE3W6Hd955B7e3t+X3lBJijCCScq0c/9eSfbY67LP/zdrl855qYwih1JvVOyaEUD57rx3La20u7aMg4oMZIQA5ZyxBWDCwzEDkJHRKGZSOj2sRIjJnQOPWMhhxuUIGYdjvgJzlWjVmxBgRQNrmUdsVYawhjWOzHefH6cjbazI+Na96DGdpi5RvY4BmvEIICEQIRMiZkXNq6ELGkRACqWNSRgjR7WbVI1fV09DmXd7pKCDnEYyExSLg4mIJCiNiGNW5SVDz9IgcayVlfUzoxWgtEEnMYO1PhYWehkIdFwbAETfXI3bbBEJEygmb8w7nD6Rt9j7pemPOtQwAnCVYe86MEAgBQcomoF5+wkAmBIpIKeLyyQ0O2wzConZT+QMAoaFTO4SowoMCIyOhXxIuHgg/BSUwJXAmEAUQBQ3VkY/WjfeWYrZ1EsCcwWzrpNK39DGCkxg7A/U47DOePtmCOYJ5xGIR8eCVNWIHDGCMYQ30DzHGDTKz7OhkRtCxybZDSlBaqXMG95kAhBiVb7GUxaxrnAv9Zc6IQdZhoNp+ZbKNc4nNo80d64+cc6FhGS+471lpqfXeIVR+kHMdZzbPO107R3NY1rSj99LGOjdWZdDTFiFIrNrM1XO0jkulmbZfXMaBdB1Vjx+jKTkOKPQwhSl1HcWuE/5RZCWX9nRdhxipka+eZ3lePJXZ/vmcpyUR4XA44N1338Vut5M8hgnKGmUEZkRmRGQsCVjmgAi9t1YNs8x6ldrIyMTgYGGFCDl0WFxcYPPwAlj2SEqFIkerLJvyZcMQJie9XIoxHmEO3/9T4wUIj/N1TdMpsPY8b9UpT7hPuSEEDMNQ5Jin9XEckXPGYrFAjBGHwwGHcZAxYWDY7XB48hS76yvk/R4d5GLOlAZZjxQg8RMBkR+sz4GcBGclPjZTBcC9ozQMNAeE/Fiad1ZZi/qFCYW3SHGV90sf8+zxt6xygIKOWQ4IoUdKA2I/4tErS2w2HYCEbPwADtOZjCtzoXw4ixXJ5LPxHgaDs12sSgjadlnOjKjyL6lcBFU5WYNlmYOK8C7hDx5zoNQXVF7U0wu6PlnGq8gPEEJ0a4RR+wUbaG1rwQcNxTV4wrHBdr7L8W/UCQ6VpxkNgAAkBmJEShmEgHFMSMxYr5eIXQDzCCKV6/l4PQj/1fUXglSXWWkViv9l8LPKKoGRAYQOu9sBT28PuBojtglA15d159e15xdlNHRwjDd4vGp8xeO+zWaDhw8fYrPZYLFYlDJtrdo7IYRSl8/jsbTVTxTAxEX2MRNi7ICcZvm2x90xxtLmaZ+6rsM4jkgpNe3y/TF8Oo4jnj17hmfPnhWdw/PLOWxsY2xlzskUP/5TXcGP05wOMq3Hfvf6S4yxlGWfbd6tXGuDffd9s/Isj31erVa4uLjAxdkDLNcrZGYMh1FoPmeEGMuat+VBweY2IARCShkpjcLvAM8VlD/SUb8LD8ys7TVuRg5318i+WTGH8YUGa3jdAcp/ULFJIELKuaxj412GyeDax1A+B0LOqbCFoH1mTMbCM/3ZeW3xnLI6sPJQ00VkDFoarJ2s323eWNtkv1m5WftZ+kENly4ySdqo6ywKjQSazlMd+8oravvtxG7hLarzhUAF14nskXHMKVVdSt83nNd1HQ7DHpQTOh6x5C1WuAZhi4RVwYUEklieOYCRwZy0XRE5AcPAOOwThkNGyhmcM3IOSopV7hEBsSN0XUDXB6xWPWIMoJBFOnEGClrListFB+JJPAKCno4jKrdNGA+w5Nd2+4PH8H6u3XvHj+W9eiQPDcU4vcZfQEe6fiyPpcZ2pGuj4Bi07S5hQuD4IKkeTBnEwhcEAgRkBKSUMeyB3e6AlACw8Y6+yHaR41W3FBzAwmsIALqCpUyP8bzYy9mMtm+1zGPdYfruqXxTu5a3Ddk6EP5XcRe59/wUTnG/z5NzRnK8MAQpC9rvnHPhGUQBr3zzm3jZqaNMwJiBbkROHRA6UGSAIqg7Q1xsEEMA8ggcnmATE25yQmKAYlcAGRBl8UQgRgJzaICGdXwYBlxeXmKxWGCz2cwKCzO4EhHGcSzvEyKYAlLhsgIsEmVYLA8x6HTyGzFo2SMuVqC0QRh3yOOI4XAApREpH8DpgD5GEUQUwKSTPXOZTGKASRhM4CBKZM5IISCGHhwjEHvE2GNcbhBjDw4dQBHMwvQDlJkSBPYFlWhqWJgqdFMlzhaBPc85Y7/f47333sPNzU01bDkQckpJ88Zay2PKqCmeMUZ0yuCDWAALOAdQgJaBLvt3yghr3z1o8Z9NCSYihChChiAKdqSAxCPGEBAJQDLthUAhVmHFCi4iI7Oy9L5HCB3GYQdOoyhSxCqobQ5UQaAoIRhUDMnERQBiWMwKdkza5ySXn0U1vvvRFgNpUOYqeRJlpJTL+JlKKQoaowuxCNgEYz7RjR1gxiEZL1tnVeAVBc0BDT/uRIQEFvqDCjkAMXRqCDMG6GgPAIWIgCxGJGNoBeyQCh4pMjODcu2nCZ+MKniM+QujJxUYDCAj62cCIRaQkkRMJz9uAiJhYE/nTk66qJLGGZxtysTIZyBNTTxlvkwQZs6ggGLYZ1aAVcqVJpAauJMKMwEsBIqq1HDQthtl5GZNtgC+xiWjYEqGriEDZFqP/JYAMkHMKvwjzDBt5QcAPY/gcQumDh1FDNwhowNFADwAOQGIE/Ck4FjbI+ND1vCiCFSg6RV0U6TqNVkOKotwC0osSjc5Sz1+bMzoWvh7oWMDB+qy79rjQW1dN1Wg2hiLobOuq/ZYPdX1ZO1jFw+Oq3FD5EcdN0tBgW9RRODq4gogPJCU9UPVKIC2TP259CEEMv2r9tVAGwJyYnSxgyg/8wr4XJryC6BukJlR9fLyEs+ePWtkfYYqTSmDQhCQw2Q7SEgsxtMuywYpkmyeIQSMZY5UAmdoRwfsry4RKWP18AGoC0DXAdm8N0z5DUh5RE4JnfHsidzxhlPft2MjTjsuUzA3ff9UPg8o7ypr+nnatqkh2J4bXmrlfQCRyOG+60AshqDMEpu9B8D7PYbLS2yfPQOGETFDAD4YFJcFhINrfNfCAyF8Bsx6fBoNrRActgA18oJINhaK8SYoqHZ9gtZnG55lzI42Z6coTVKIhMQJgQU7sGypIkRgzAFXt0BcdOhCRs+yGZEpiPHUjBlBcIB0HNKaKPIhcRYMrOuUgHqBKLP8Jg0tChSIEHU8wZUnws+/KhZgNRRkE+DaLAaYUxmrYO/bOUAChOqDiB03L4VmdLxy7Zj4JGgzjP0WCdvgCS48qcwLSA3sUGOEGnQUU4MCkm4oMzE4MHgIoLzA/naPlAc8fLQUo/44isMEBXXcsCESzJxS1g0VNbBlKt0nlQGlr6xURaLIB4pIA2O/Z/DAWBGQQNiPGayGKZkrmVEOEWak9rh7zslgDmunlHBzc4PtdluMrMvlEovFoinTGxunZcwrqawbokE3LwXf2Bqzdtp7ZjAdxxGLxQJd1zWGy+ww2tSQa4Ze689ut8Pt7S2ur6+x2+0a7DInV/xvDX+g1khp+U/1uZEv2jczjj5Pv7F8vjzTLW38PW/1xlspSzAn59qXoIaPLnbYXJzh4sEFVqtVlR85A4ZLY0Dfd+CcMYx1XkBQw2NGZCm3VwN8Tu2cZDbjr4FY24R2TguG2eRb15Oq4gAAIABJREFUoRXDTMItdDNAsVw2+i7/s8/CG1gxFQHFyYJskx8oeMvwHgjFKAsyg4s6yVSAUsPRaDvlddtkk2ByDFZdhFQ3q3hNyqib2YFaed7Kh6pnTddGgxNtLVDV2YjJXQzdypmKyqS/OSWEGEWvCFQMvzYPsjEpDgfMhulruSGYCZzR90F0PqWRlJPMVSIQTGYmUIggMCIRuhiQc8IiD+jzNRa4QcQBQATTRp3IdGxYcFpWLs8ghEygwIgxlLGKMWAYGONI4AFiXGcxwtq45USK26R/fR/RdVHbb3ObVG4mQN8P1BV6VelQ5WIJJV3luzezFp6RGZN4TtI3mmy5CgFr3S2vgcMmJqetVpPhvpiKyad0MIlzStq7or5Qs/bZaIrqxqTQblRdj8FUeVEXO6Q+I6aAMY+w1c7OOVAqk/UWkJGD6lbacGuDyXGTq/BrzPVtjrf6xG79e3j6PJ3C52kMs8wS39+wJyXYHnMxVk/kgJXhMX0IAZxsdgQ3Ga5hEKDru9i0PobUDcoHAzN6YkRi5P4coV+hjx1CHoDDDQLvEajDxVmPm13E5W4EENRTrCpeU0UhNwxG0u3tLd577z289tprWC6XZaDmlBLPLJtJ8HlUITfjVk6sMQlruwIWQOgQFozlUjxaUzogjwPACTkNyEgAGJkTFqHuZlvKZt2IEWIMVS+Y2IMXPSguQKEDxQ49+qIBZzVQRQKYKwV6UGFG5Lkd6ykx+jbd3t7i8ePHePr0abMLYPmOgLUru+97xBjLX3vW932zk46iBIUqGB2Bm0BiZgzDgJRS8TYex7E8sz56AOiNx9ZO29E35aowIjYgnyWIPgiUIQwz6O6lKvNjTsg5ou87LLoewzDgsL9F9UVVxkQodWVlcAY+EnMBBUqVDd35MTbhXvrneAuX2uz3IHYGowGeMJowt9jN0Fk9GGuF0DKMR/pdJmuBCPScRXiKTDHAgaLEZS0ksxipTTAws8YQ43rpC3MzlvY+w5id0b8bDFsTqoQJOJSdOiAAHBECA0gF0HAZnwraSq2N4lcBpjZPq6wA5xjwF44rQIcd0HRCWHpIxZBa59LNELeTbvNbgBTavJWPQQU6NYLa8oXg2tgkcvVzyWAG3gpuxbjACvCYR3AaFDjYioiap3asejwQxH6p7fXt04Gu+mwu828ghouhxSaFmnEFULw4mTOqplwVBXt3GuYwBKrzBaoCtAjoCiLK70Ys4DJ+ZT0wlTGwPhuNybjW3VAG1Ogv7+dCGF4pURmk/a9xsdl0pAJm6oYDyyaRjnsoNFTbat4EBg6Ej9aNKpt7xY4Qw0H1avQ87IiqnFzyz0zZNt79+PHjslFqRtfKD0npQvh7VE8/KMAeAcQgJ0dCMBrlYqTyyyWYZ3oasXt2hQzG8uEDdF3EyEkNOHUFFPoLMmfe+Gj9mmKJUwbQuXRq3O5Kp9b/nEFlLq/9ndY9xUjlfc44DIMubT3pMyaAMyKAfDjg6oMn2F1dIx0GBOXbGUK3UZUlbRHMYAqocphlFdiGwrFR2G0Sl/+7PuqpAipeQ9yOhckWVXREQQgzXqrHNGp/wwRrseI1zsAwZhwOCXEZkEmpxtYv1zUIQmkPTB66RhR6N+BvMsc2zbmsdi3YNb3wIs1BdeOKCMXAUviEE0zGiakMjvxmLLYUW9rpZsLVZ/ynyqCan1sKAFxdVf5R6Ys0QT4EIiALZjTeLZuchDwGHPYjxsOA8bDH5myFvo9gJISgxumk3n7K170cMVopz5slUenU2ifKKiElwm63x2GXQFmwxzKK5+xo3tNq4AgUEFk2f/z6m/KL6Vr1a9p7yZuH53q9xvn5OdbrddF9ojp3WLkN9gaa8qZY3gyU3thoaXpazX83TG582zD3VP8wDL/f74tRdbvdYhzHk+2cS9Pxmnr8Pk8uTXVD4+Xe4/SU3LJ+eEcOf0LMt93nt9+7foE0VrkHFoPtZrXCxcU5NpszNUiRevhVpT85p4LQdUqHoguZnAxObkeSsmOISMmMYVCDVl3bntmYka6OdS64rMSKc2ueSDa7bLMtuPEUGCybxuZpCaDoJMYXPBZsWZo4xbCNafE8rE4LUKNH8Vwl/z7XewKIyslR0veb9UYoJwKsEZlZnGuo6kLSD8GK2dEoAw2PJ+WxVqedMCj4cYJZgVqxtYENh2U/H4q/QjUg2UTGEB1GFexTjMk5YxxTwYKRI4AEBLOVAEDGiIjQBXQ0oh8vwXyDQBmRAeIeGQGZhc5EjhgPtfYZXiXRw4gRYsQiRHSREMIICoNuNNoYJpXx5gnO4CEBLD4aeZHR9x1iJ7ousxryte9GmmjZpxtWm6cJLyAc8fcjQTfBJJUvCG2bbmZ0NW1DXS5uDnWcyJV33GRu9WJH22JrcPRrY4+6eXEsS6AXiSoPAKOPAbmT04rDqOtLZaEYvH2lJi8JNSo4ipx/URTr7TbHPHoqh4/H5pRhdeo0UGVobTMzTthF5tsp9TVT2MoFAGLDu1+ZHyZ1lBnggBELhLBCt1pi0W2AfACPT8B5i5gDKAcQ7bDq1nh41uN2GLDnBH8pylRhmApUG0jb0QWAR48eYb1eN0fYvQAGUIT4kQuxlj93vC/rESECASy75yOxAnoA/QaRE7qcgJxBaQRRQuYE5gQkJXgtj4gQDCAGKQ8hgCgihoUaHmPxlIyq7eWcdVEdA4vpURMbwyMjowNG9hwAttst3n//fVxeXpbypsZse8d7ofZ9j67ryi5613WI2j+kJMcLVivExQK3772Hw80NDrsdYt9j9corePr22zj//OfBKWH37BlC16lCTFgsl6DFAuh7xM0GgxpXD4cDDodDARY2t95L2VJpe8rtMxIlJWVgYEYE0OuuKCuTHPSYYOg7xH6FnBP2OzGqdm430dPsXCqM0gGTkpUVBGQuwoK6RgMyBKTHCuoxrMBitDWjCMGYhlszDX90SqsKYebkmEYVQpkzchYvVw/EfJGV1lQJ0aMIyY5X5izCEKxbUaZimfTXNW3DUubGhIYHtnJaz/MBdo0qa52pKtksF7aZoim0L4Z6Cqz9Ve82A/YMMVqV4/M0bUpLR40ZRkOLxFB5Wea6GcrVo9ELKAMoBt5q2XXd5Tyz2+2IiD0qNNCqWKEVtKUxMm9EMFDjywpKkwJa1RuLK5IQPJPB+QDinZwwQAfoDjKbhYqakhveVftZOlSE/9FvsOUhfFO8LpR22Bs2vWA2RVoAfKUtVX7UuirGswiCKDA5ewOaGCVlfbY8tUAz/Z8d0/frqaFnmHFfPIMs7AQU+DfK4DFOK3PWsAWlk7LWXb52XBnEYlAqPBHSFg/0WT0lxIM3FzDeFnfsYXnfZIDKTjV0nUQMX6/XuL6+Lh5Alq8xuFD1XrH2JxASEUYK6PUhu7GVPsoPdbefxdiRR2wvr5CZcfboIRDES5uDYgCtOsaIvutV/tZ+AK3R4S4js08vYlCd5vX450UNs3PG11PJH/2t70O9RQBOIzoAabfH9uklbp88BaWMqIofs8orPf1RFBmyjU0U2vXQPMI2nCp/r8vHA3nti1e0uWSTMaqDNmMscZjyRFushDrXGjqFRKdPzOhWa5ydr7HcdGDeY8w7ICcEyiqaWDdvWWSCrlmqkrDWUXh47Ze1ooTPKbyubiDYeBJR3dIyDAiT2dWIUWSQYySutKL42XiI7dvTzESxMHTr8E2te5rXZ5nQb5FbzqhZYVGZ2BgiMiJyytjfMg57cX3oFz1W615C6uSsssZ78PtWtGNuc1VlfiHa2uZMYl+iiJSAw168vyLJybNllMAQOwZSjCXMgByeYaBVK47S3AbJVAcyT9GUUjGyrlYrnJ+fY7VaYbVaFQcH6Ph73ccroH5NeD42F8LE3p3qX96pYVqX/+1wOOD2Vi7VtX9Wr+lc/tjunOI8/T4dL6/bzTniWPJ5vF40Z1D1dQGtIdePwzSflePxAjOXzRQzrK7WK1ycn2O93qBf9OqROtb5y7noWzm1x9a7GIsjho079AQdQMjDqI5CZrg2DO48kyEYIAQqmzhsOBh+Y1fKrvey1Q3uRudEXUcl3AZso6Hy76KDZTl5YnhXhq++b1PhMY+fHqvDTpuZSlBwnq47ww1sOoiOY13ppH1q9QvDq/Wvzbts5hYXO93QN+/delIslfzhhKNLlY0kXuTI1VGH7feKY0yetUhecZnOow+jlkY5fQN9phMgJ2cJkJOwAcwDAu+xSiOWaYs4XsMIlnJABslpXJ2DSurTeZPxzUwImQFKCBQRO6DnAEYEmDCEhJyAcbSNc3POIPVgVX2NAXE+i7oxEMRTlQiZU6FpQig0a3N4FIatDBg3Rms4Gpgqe0Ept+EP7CVqq6vINPHRZ3uX28Fz3swTzD9pR1tj03B5zoIKSr2w9UqCnbg+BxFCAPo+wMK+iaMZKU6xo2DVOYG1DcikQm3eaD3lgXPPAaiePW/bm+0kGH6QphjYyyi/8WU6wbT84khRMIBb2zPypqy/Sb8+idSJi3mPfnGGfrUGxYAwPEXgPcw9PxMDMcnh2XzA2XqB812P4XYAxVXLqPXv1IvSvpvnCzPj9vYWOWe88sorODs7A9BOkt+pLR6SLk0VJB8rR3YMY0PWRLEYEBi6QEInvChmIKjxgbMYGqdJXGQLk7NjUyF3+jMVLyM7XWbmmCOB7cbGG1unY+mP3QMSF4mZsd1ui+fQqILdFGAT2sxcQNBiscB6vcZms8HZ2Rn6rlNjMSGPI3ZPn+LmyRPsLy9BRNi8/jrOv/hFvP3Hf4y032P7/vuIiwW+8Du/g//7X/0rfP0f/2OkwwHv/cVfgCxsQIw4e+MNnH/hC1g9fIgv//2/j2WM4L4HPXgADgHb7Ra3t7e4vb3F4XAoMaCm8+qNjM1CpoBMGSNJDMkQCB0H9aYBqOvQdRIiYNhv5TjkmGQ3NVBhzt4YMKU7S9VQwAgTBlCJypRKMWxGzSchJgA0oNFOubZlMAMxah+SMb5jgxVnViBADowokwaB1Ihrxizh/y0Iqv1UyKJGuPI8mOKrTL82otXVSL0Ap6cvGgXDgKzUbzvBjDoORwyxzLO+a0oglB/YomIW4zu53xiubvOCk/ctPpl5/ZoBzxg0UfUUKhNb/prxLYs3jrn0WqzBQqdJAEDpD6My+LZowXNcyqaCEVpF8ojeUHmeV5BKXo1rlDLr/MvON8cqaCkPCGEH5oAu9BgRkNhojgq/gqvfTukw+7WAYkyoXatgJytwZG9kZsgxYlWaS0xSmdKyTmw+M2uIB0dTVtOUn6LQnE6IoXCbBzf+5gkyp5wRORopwECMGQjVqGqgstKunzuUuJMF6EzooIagcGDBajJlycbfeWhYMc1RRmtTAYjVYEwG39x6A+b77pNXgm1jzgyrAPDw4cPizeTLKXUoSDQQn7gapgclgajzRJn1BK/z3iYXTILF6zqAQMOA/bNrUM7ozjfoNmeyNHMGWRgbNhCYG+Dl++7xhccSvu+W9y7j5lG/Z9IpY8DcO34931VOs+6nMgW6OctJPXIyeiKM2x1u3vsA26srUEroSDeFwboJLCFpZHNZ1nLBLzD+DLhD7WWNE0E3nCvPLptxjiYYdprBDOqysWNzX3mz1C3eVa2Vi4HiFWXGPaCuNVjbo2y4MuRUzvn5BZZn5+gXPYABaRS5SXpqSyNsaN1U8UfhUUKLzGxn8uucHk1kmbT2mX41rzH/vMiOssjd3AP1aC50qetYkQqQIne5cuY5+WPNst9EvJU35HeTt21nagFatixzZXQmE1jyyu8ZMfSIHOWI6X5EgHmqSrw+WadWamjkedN04yfZxx/n0pYSV53N2E0gRKQR2O8GDAeGhLZgQI8cLxU773JST1WSexRyQuKMOSNli9+Ocb3H4XZiyxsFb29vsd/v0XUdVqsVzs7OsNlssFwum+PuXtb7U17WJm+QnfKDaRkhhKJLEBH6vi99sN/2+z32+z3GccR2u8V2uy3l+bABfgymHrXT7z7d1Tb/m//udTsbw6lTxl3GVf/+XJ1eB5jrl9XVdws8ePAA5xcXGmYHxRBAqBuQ0/aDGTmPiLEa0RahQ0oab1jLj1EMWOM4IjuZCyJgVG9XOL5MpFgB5cZ3AiGHgFjwHGDr1XgpuMaAZngMUmPJ2ypXFgNADLiGWYApXyEQ6WYPV0zLVicUozhcbU0rxmfA8SxjLIpfcuVEBZOjciLjHYTKnxwSKv+VzSrjcQQJM+KNZfq5Jt2sKs+o9G2aSha2mqVNwdGiN1yLU4f0J6UMbuIhu7jHQcN+aQz0yITIGaA9lvkG6/EGlAe5J4d6IMs5tIwMkP7jTngfGW1IvRZuQrw61UhsoXQoiIFVkBqIGOOg4f8Si35RQsdJCLNc9FThe12vDjOI0ncnDgntUFce5jE/F3lvssWv7WKAVKITGDI1tnGTp2kAqMjLojd6XOWyEomxmzzR+Q54eY5WJzhKNJ9Hl7KDAKLXWfkhBnQdI+cOjFGGmXQlkyutOELpmrW46EU3sL8zXuHWFoeLDZfN4eJ57Fv5N6me5HUWjxM9r6/8N6qOFhpdTYehDiDaKfXlYdJe+1t4A58wfr+E1MWLh1idb7Bcd+h4hzBsQbwTwwkLuwuU5WOWnZ9FJDy6OMNuvMbtUHcxp4bVqeCzifJCzYQ3AGw2m0ZwTsv1xkdvvJVdPzNjSp0B7Jg9AGaEYF6LAdWPxnCggTnxfMpUvawssYuVKCEC9NfIyJnkUhhlTFmDOJuhi6BHrandZfY7tpY8Edjxej9uz549w5MnT/Ds2bNyPMcDH4sJ1XVdifV0fn4ux/118d08fox3v/99iU23WuHyZz/Dk7fewle++108+clPcPv4Mb75z/4Z/vI//2d851/8C/zqP/yHSPs9Bt297pZLfOE3fxMPvvxl/M2f/inO3ngDi9UK426Hx3/5l7h98gRvfPvb+Ks/+iPsLi/xxre+hS/97u+i6zqcn58jpYTD4YCrqytcXV0VOrC+EFVjXIlraLMbxOA/5ATKrM8DYhdBMWBMGYfhgJAGZIjHKhjIo/OEhcVPrIrJlG47u0CKK2NuGIuVVJjkxIPDgbjCgIlgcY98XdVrY+rFfMw4KqNphXxzPMoUJ3c0sngYUi602xhbVdlgqHG4AZ0KxNxFGaQxiosHb4N0DFbId2YUQ1rdITaDpwJgQol+ah6XcpTQjTsqMJoC9Xq5VwtyGt1WGW4dE/EbkrZEN7YKmFm8lyR+oY4iEWogHddX0tbP6xV1/soY+Tn18+BBRe1f9QpgMEf3bgVtAEqsYgOuKSd0JPnl+G8CMCDlHTgsAI3XWo2GcFpzGcbyrEZS4AKkSxsBcLbNEhsbuEupJvjGA+jpwNXXYR4MddRYYvIV4Vkvf/NGrDoZVOMIZ2e6adY81XrRTqMUp6b+MkRGS56ecERzOkEoc+sAPvssTdeNr9Txs4zFgK1tNcNrSrYJ1xbG6p1e46O1vKfkm3lu8bfnLpxcr9e4uLjAdrvFMAyNbLO1w0mwQwwdTEFjCkhIGBlInMuFAkZ/XsmqfSD10gE6SCzM/bMbDJzRUURcLtF1i2J8YpbwA0Z35BTsaR/9pu2cUXPOKHpX8oaOU+9M65kavU/9NjXkTLGR8VThnwxKctQ0J8awvcXNB09wuL5Fx3L0Ty4/EHqyPY+gR7tNUUGRS77e+nttqm1YoPKKzCgWy4bcdM1OPIMCkcaunqwJmuJIG5eqhTSyEyJDEgDqeqw2a2zOz7HYXCCDMBIQOEuMfF4AeqkHdDMnTyvXL4ENh5BuBjgMOcmdOZcus9KgtTOXy4h0nKBKt5VAla/6GqYbON4I0dAFJnTn6mjyMlSxRi3EpGwpa17xIqAo4pjIAuFJESBGhBjyhoN6jmbb8GAsF4vmpEnF+zaKHgO5TVOqytpUphtJCD+JACLSOGK/G8GZwCGrTBe+3FHEIhAOWU5UJZWVXGjMFT3DQ+fyTH/3xlF7nnPG4XDAMAy4uroqJ8nW6zXW63U5YeZjgnqM6vUoz29sbEw3sLAtdmLMxm0YhnKqjJmx2+2w3W6x3++b9lrd/kLVQgNOH5vqNkeKufs356Xrx2uununY+vzTeu6as2rAOc3nfer7Huv1BufnF1ivVupdaCdrono6khpcU1Oe/BOvZduYNF2t7zudByrHe+0CGyLovQxykW6MEYvQIyU9pcNmJjmWXd74ygWX66alYrTmhImNY5jMLxPATgdA3bxpcY/b1JmAH/tua7bMQ8GsKPivyCAN9cRgC5lsLLH0C3bCHO7irBLmTOuZXBiak4s3b/XY8JR2VZ2lhrax8wHtyQPDoDAcZ1jWhfEy71NGqMf7u3oRrNRrl0YpImR3iR3LMfvq7EWIGNHjFj22WKQtCEnDtdmxf9koLcZdjqDcg0IN0WBJQiUAUTUvM/TaeAbVwbpO7/iIATGK49rhMKrB0yao6mppZBx4AHPCQsPzxU76FcPk+DrD0a2tU8dXC36eTzL2U9xvBTs85nFz+3LLNxTEkNGE0YX/Z79N2tAkV1XR4zz2n8ju+pJiDYhDmJVLrLeVECF2Ab3K3RHi2AXFRbbbQjp3tkzZ0ZBVLEupGj9P8d/SOid35g2qrs+elTie24yb3ccwmQPT56ftad+t2Nd/tzZOnfas7zZ/09AnLzt1D199gIAD4vAMkQ+Kg22gdVeOCcikMRgZzAecrdZ4sOxwsx3Ei5OEYBZBADuCg4pkO14o3/1E2vH2nDMuLi6KF6aP0QmgCKd2EC24PCEqU04pl+OeRtbFY9Ud5zWq9vGQ2W61njsPVIL2o1COGXRA5ZQBbAcRtYqiKVi/rX82BrYja/3yhEgk4JSZcXV1hffeew/b7XbWkxdA2Qk/OzvDer1G13XYf/ABUs64ee89vPMnf4KzN97A6sEDxMUCDODii1/EL77/faxfew3DzQ2G7RaL83O89tWv4u0/+iPc/OIX+OJv/zYWZ2cgAIvzc5x//vMYt1uMt7dYbjZ4/VvfQrdY4N0//3P8rz/4A7z/ox9hf3WF8y98Aa/82q+BU8LTt9/G5U9/CgZw/qUv4eGXv1wUdPNq3e/30ndkBOoRQ4eUWS5HihIAnkPAwITEwLrrsQQhjQPyeADnJIemg3o+Kh14o5kBa3OVJ51Lb+2gKMKCVGkQEGtG7FYZCILm0cQ9zC3DtvrNk7OShpiWwGhuKa5rvhrpaxwye17LsOMApnSaMbMcl80oR27knRp71W4YJKLioF12wZgBstuRUY1CWY9Kq2JlSjmX5VG9QgU4cgFGRHI0T4SMjoter0yQeHwMOaaSGGBILCAG6S3MXBQotnXlvVLZe6m64/y2fnXOBfsJ+Kl6gdFKrgANAFFdo8yp0pKudXnDLrGS53LhVGUwNq9eYLRCSueuMWxbw2Ityh2REeEintsxBFAwg7XsLjcl623fMTMyjwi0BVMAoUfxOoDFWyQQR3e5mW0eoBkXK9xYqsXANgBiwNOAaWPItE+E4k1q8cDkKJFdnlCBuI0R65qpzytgbuUlub/tRkmCrIMQar4yL+5/rBVNgVXZMJhpV1O1wfNyPJ4L7eml2CVsmq3hZBuIREh51DVjBjGdx6A3DdvJDnLKguaTtig9e1BkgNP6AdusHBFiRBfkFIAo1ceAK8aIzWZTwvp45SkrH8icgQwMnECk117q7cZMjA5idOoUGGbKII5lAr1stnGW+NpyoGy43WObnmF1fobFOSGETg0DjBA7IEYtqgLrsragXLjwDjXYEJXjT0ZTpsxO06zRaUbRnzOW3gVi75OmsoWIEEOnF/ppbOBAwDhid3WN7fvv47DdIjDK5hlRaOWaAW+q8mna/qNb7I2OHHgvBjKSTSG7dK7u9en7gQRfcl0zdvqDj4bWPHGg8kg8bjJB6UiwHwfIBUUxol+tsNqcYXm2Qeh7jByQdFMmIiLQEjkyAmekUU5rEUXxqIXx98rrigyzJWQ9cUqYjZEfS8srscyj8q26UqdKoYhcwwJlmmuqr/pJKnIXhrGNd7myxR5DRVb6q1vJIBADFjLIjn5WeWMSFHXOdYNOQmJJ/HRxNkhFLhwOA3a7PSIFZE6IkbBc9eL0gHZdCG9yzrSuLkblkaXpbDpGgs8k3YgY9gPSIMAmZpL1znI9ZmBGD6BnxmiynIBIETlYYSovNHxZbdKxF7n1YYrhGxk64QE553L0/urqqtxsb2G7zNhquoI9B+ppQLt41soz/SLn3Nx7YN6rwzBgt9thGIaSf05p9kbRudN1hSQn73lF3JczLXduLL3xz9fp8/tTFN7w640gwLwh8ZRxwC4zg8ZfX63W4u2+WOqpQdL4q3J5UOvJa551QlN1vXQQg6kYlWr9YjTvNWzEOI7gnGpszmxHrDNyjuhiRNcF5FzlvZ2O0Y45lOv6lNnuS679V55P3niji796+QJ26iNb2C3UkGPtuLl4/U48sPLlomeRkwkQHhfZPOesiVFP/FX5G0JsjoubPmb0oaBMYzwzbCOpMWrZPEEQXTE0M9cY97BNGyp9MDW7GMQKfOIyZhWbSK12MqOEsNL56WKUTU3mglO4yAIu8ydyppN26InETAFL3mHB1+iwQ6CEyCMyJNQStF9VxxA3sqo/eKEhnqnlBAoB0JMKAaH0SWjHvMarfknq7TsekuBUNtlRT6OlxOC96CA5BSxWwGLR6bpLcvgvVRcDporR6rkYbS7XeSSqx8OljXUuin5B5nTlgXjLA+B+AVAuTSaicvL4CMYr8XEh8PZSX5sFFPxT65vjg2yy3uQBqGClghCo4k/rTwwAd1BcHsCDOeipDqBzLh65dtryWOdkZl2axg9tk9eFK3IpUtBL0Bx/dfLBym42Uu5ItvlkOj0ADbHZnsw7GjdX11QGTeXE1K5m6z4wiuPJx5G6jm+AfJAwAApajSKKTlYaKDtDzAkBCRfnS1xuge2MD/jtAAAgAElEQVQwAHob8TiOxRIOP2CQXY+52DohBBwOB3zwwQeNgdUPon2eHuEwgCiyqP7mcK5j6FwB6kQ5KO/BCPiUAG6NYjBFhcVDrImjmishpDSejPMzPQID1LhpJrxtd/uDDz7A7e1tKdcbnpfLZTGorpZL9DGCckbfdfibH/xAyl0usb+6wrjbYfUbv4G4XCJ0HdavvorDzQ0++PGPcbi+FuPpG2/g13//9/HBj36Eq3fewbjd4o1vf1sYbd8jLpdACBhub9Gv19i89hpWDx9i++QJQgj4m//xP/Da17+O1//e30N/doanP/0p/td//I94+Oab6M/OcPn229g/eYIvfuc7CDmjDwHr9Rq3t7fYbrc4pISRM8AHxEAIOeOQhQmP4wErIqwXC3RMGA972SVkFk9VlMgzzS5hc1xAYzIKkA56CVY9PlRBWVU+xFXdC15jas2eVKUVB+RIGWYIUyAI1SL0c8MMKu2DRCkQIIBCoxJXzogdpa2FzMs6qIpQiZ1S0IoCqKzSypinY+rVb7Ae1SjrQKv18K6sN/WMirbjpU0qQskECREoRASSbWnOdst09coqIQwCQOqBbkqkjNOkTW4cCj9zvFR2Uh04K0LBgJsJXNfvcqQfMEs1gXTnHw40VQB3LARqeaZMC8v0vKFl+r5Lti9NaAWmgWW78C2QHDUTXKq7zAQAGYESmEcETogkge9LXFQjHNEVHL/VGGB28RSs3TYKlS8yZGfQaJrIvNGVrlz3bFoaoOFpdzIIhl2lbjd/RyNHDvTKfImxxIHwFjk1oKqMtoHn6TyC9LZ0GQQ7zjNV5vwci8ygcsF3GTm3dq0GW2deWQe1ccZzrkcLaW4EaEL0mir4NK/vjMwJXbcoHlMmS6fJ+rder7FarbDdbo9iiRs9S9zTLBF1bJOWhXxGAF1QfiS7P+BmExOqNEkfcrZLQHTdZ8Zhe4ucJP7U4myDsFwo/8jumDoqLyM93aFYJIOLQa9USW4eJ3M+HYO5NLdx8lFB3BQLlfL1czVwy2ZfZkY6DNhfX+PmyVOk3U7O5Rg96AALO7XNcPPyQNlcMwO98RuUdez4LRSWk60Je17VG8tsS5eZgZSrogSUm6bZlW2JQtB4cGYOlPnsQ1Q+xeAgXqdxscLm4hzLzRmo68AhYGRoPG3hY1lvpw7UgUMPpq7IWaO7cildWZ4mD7W9hPrNxkV76VGBzZnw6+phZXLQxtv6UUcVtTxjGCYnNEs7Tjx5b5psRtiKUr5USiyynoujk7UPZdyNHgrOZoCZdB1JWEPpjsjvpLH3AejFswnLVYd+EWWzpET4Oe47TTvaCsL6zAz15X1xkhgOA3a7g3iAmZesexUQ79oFBQyQGMWyieuPt1d5LtXdvTFyyojYKLVO2Zsq38MwYBzH4lX65MmTwvPtNIEZW82w6pMPJ8bMxWvVYr9aPR7vzrVxqnPNKa1+XOYMyD5NQyz4sfIeSHNxVX2aGrjnxtTGYVrX9FlNVNb3crXCxcUF1us1YuhRjKesgktp37C/vW88QvpDQKbC6zjXS43YYDYknFqIEWJsHYuOnHUcAgsuG0aL5dqh7zokN8chBHXmkOaYN6f2GmXlZj+epnM4+ej4j2E9Yer6mztlGfSoejEm2ly5uglQiNzqtyZj6lFlOIHv5L+NqpYvz7Vsb3wxvuxxJcG1B/C7dbUd2kWTXWQ07DdAqqNK4efsRteNl8gPLv212LtTT202xxSufNxEMqtrSeA9mMUXmgCs+RYL3qLnHQijNqINYcDW7zKvVKbDsgnPVh7uWZhhaUc3pmWIvMqgkBEi0KvRlgBgkBO21ZBdZg05M8aRAQx6WVcoHqzMrHfcKB1QrdkQK7t5L7erKPbwekIuepriNR1/NPdeVDldx0vojV1ZTFXbLXJ5MtdH4MTRNso4WDl+RFDaVvQ31+86FW2d7OssYpDQ9TpfPGIcdUOCLWCl9ddv0B7LrYYXyiICMNNn17ZiEOeJHWEm/7SOqazQJhaaJTq+zH0uWb65Oufwt/+NldecLv2jp67LO8jRg1yVCEVMfhClpcJAIoCMhPUy4tUHK/zvD3YYMwEhYsyp3nbnCY7qsWvfaRMM3sB6OByKkTA2uzz5aHd2yrCNmfk6pmlqVZ9OvDfCnppc/840vqw9M5BgoMbH8DGG6/tgfZpa7A+HA549e4anT59iu90WojIwIcdW5BbSBxcXiCFg/+QJ3v/5z7F/9gxvfu97uH3/fVAIeOVXfxWf//a38Vf/9b/i7I03cMaM9SuvYPPqq8jjiKuf/xxgRuh7XP/iFzh7/XWcf/7zeOsP/xD/+wc/wPLBA4zDAFZDZh4G7C4vxUgbI0LXIS6XiIsFdk+f4tGv/AoevPkmbt59F+/8z/+JD956C1/53vewuLjAL77/fbz7Z3+GN779bVy+9RbyOGLz+ut4uNlgtVzi+naH3bjFOBzEcxUBcoAh43y1wIPlAsPNDQ7bvQIg3QVhH/ShutL7AOU+9irAjWHe5t0MewGsR3SOmZPNQVHC2B1/noDSooh42gMK+/W/VYDY0ndOcgQEM+C1vC+ZTRuED4waAkkMZZNecGBIl37BOECzs22VGMASOvSeo6JVBdd/1neKUU2Bfba+BAKheoSCxVAcu4h8kGMpnCQWbYiiMDFq/40pM+xSgDoObaiFqlYKgKIyPrLJlyW0h9uxNh7ohaKNSwjtpTEyN5rHgvHbURs3TXXODLDY8CpoN4AHNGBwmjizenVSaZfMYgCFDrDbPFn7CmlPKRsSZ5DyAch7xLgoALUAPm3j9HhGatyJWto1T+YCJ6iOpwXsL4p5UXGrR7TVasC5KCZFP3B5yOqodTeDPR2zAgSkZJvbClxoSuqTz22MWCnFAyozVc4JdK0i13NuUnf10CjyV4uTPlaQbB23DYFsMtDWo5Xh1nsMASEegxUzImVQiU8aIqHvOnRx0Wz4zSm5Vk7f99hsNiVEjc/jZZRdEORlbuaMPQsdxwBQghhHQuXLaIdb37W+JOhdu0iHA/bPrpDGAYvzMyzXa8QYKoUFjV/m+CaR8EIDdaoS1ePxMwDvvpjivunDGl+rTHGywryDYgDtB6TdHjeXl7h9eglKqfDKArxNbtnFJUHDiTD05FGpDVVKOdgti7P0wU5+lBWm3u3VwFoV2KwbVLJmc4mpyvYMxxoHM0ssOJb4vVJPKJvjCQC6HpuLc6zPHyD2SzG2Anr6ARDPjlBoUi786ICwAIelhEdRRdKOxbIbr8Kw/byp546I0MqPqyJY32kQta5r+05l/tu+F3llOcsf5SNm/KxTd6fSMDe8Zugtsp8AH1JI8FE50lLwTpGNKahBlRGihOASQ7LEjBwGxnCQk2hymiNjsYgAyTHnRr8z6FJt7g4bTdcgt39LJ8xIEDAMe4xDEgMWk1ENMizGrozfAgEjMsYMjEjIQc0czJiOaMNH3bNTa3jqWTk18k0Ng3PlpySbaMMwHPHlOX49p3BOj+37dMoYasZZ072Mz3sD51TJnTMoVz7RttXXb8/MuGq61am2+vZNDavTtllZ0/irvi1dt8DFxQXONhusVivFC4JZSC9JRs4tljf8ZQZIpRUzPprwTzmjC6abArbJAjXkidFpgTGNgF5oNKUv6UMCk/DbRd+rfnlMo6VtVp/xCsUytoJtkWWWy/+sY9HrocHChNU5qhe2TvQQh5eJLFxT7YN+ECOW15eKsHfrRB0+WE8W2VokmNNMdW4xfMlFV2vbotXKNzdPteGKoIOdEPMIVf7nydDKqrRUnQlM34m6SV0M5orXyNpqUZxyLmFkupCQEXFAROQBK95igT0WvIOEABAnE9uEnvILw04FQ7lx90blKc/1WNr4qNC/YlbdfAcIFO0y6Q6gAThoCMPihSz9l3BMjMNhhIVeXCw6dL1ihRxgu3iF73udqMxLbdY02WZpHYu6VsgJtCk6L7rAFGqwIcG2ThtNbhZ/uxHdEMhdqcBbpzdM8Y6WdyxTMoCoJ7VVj+Dab/kXKz9yBCy/Gf+a3wCrw3C8oViaP5kTG+Y5c+UcXzbePtUtjvQd145pmV7+nMrXltnmY09wH0PqggYkZoowZ+wSN7AAY65A2UAVJwRiPDpb4ea2w+XtCIo9rL8eNATdsRhzagbRAwF7No4jrq6uyhGVzWbTCG4/Ef6zjznq0zHTaZ/PpjvG+j6AZAqc7Jl59tiY2DNrv4EnCwEwjiNub2/x5MkTXF9f43A4NIAghIDVaoWHDx/i0aNHWC4WOFxf4/byEu/98Id450/+BE9/+lN87hvfwKtf+xqG21t06zVe+/rX8f/863+N1YMHCF2Hbr1GHkesHj7E69/6FjglPP7BD/D//pt/gwdvvok3v/tdXHzpSxi2W4zDgJxSuc1wPBywu75GWCxqUHA1vH75d38Xm899DkSE68eP8bP//t/x5ve+h4dvvomsYOjZL36BcbfDj//Tf8L+2TN86TvfwWvf+AZe+9rXcHF+jieXl7i6vcXhMGIYGMsu4WLT4+Gmw4IY1weAY6WLPJEO1ZgiLMxwchEAk3ktYCtnNfC4nVAYQ+biIeHBrc3jdL0e06y2TttWj2NW3iztMTBYmX2GeCUV4UUat47cmstT2q5CNucMtt1z6KVUJZyA7UbKEXxV3SroKWN5DNpFBJPEBrJ2BBGuduEJ1NhaGbz3OGUQibJlQEUEZtZ1ktFxkBviOdVycju2NofaMjAbYFAhVhQlGyttRwDy6PkLFYU1s9sUsvK59rsAmQy9BCS5WC4EzBw98KEKasn2mxv3O1LpV5Wecswq2jEQjSmTFMArPcNoGBmBByDtkckMEXr7p06jH9ti5HR9MaBexlsBtwecqknIGOi/6UVWJcyBB8QFWxm9Sp5g4TesPteenCZeKQUDOa9W48HNJTl1h5/Kd1uoZWbqUBeQzrDlQe5SlmYdGz2V8dT14D0iqDa3LiEf80vaYjGrMtewOYCengCXo3Nyk3BAjDR7CsTmxo4hmjdU0Es1fD7/t4yEW2tnZ2dYLpfY7/cn80RqBrIcA8rMOBCjU0tK58LxlJ3/sn5RjXC2TlMCgRAJyMMeu2cHDMMBGEesNmcIfS/AN1dDUOkLO0W/aS+O0l0gdDq2Pv99DKZTA+5984lBTDe7kNApvebDAbdPL3H1VLxVaRhLWKaiFJPwKotdZ7QZKIADl/UGQMNBUVn7dQnUtW5aqBn8uxglnq40FA3PncpTtvWgMg042lcq3nNWTBCv/GS8JHbo1iusLx6It2qIalCVcs1TKCAjcFDTQkDmEQkRMSyBOMilhjzo71UWSGPh4gE6jm2KlWVyfSu8zz0jCu658SEnWY0H+YFyg8LGd9BuYhl/5TtplSsvPFrTqLIeNU8xArn2k1fEIZuhAEtIGjUAUIiCJTiCxxHIEvqHidF1hL6XWOaF45LnfaXTM7KTmzVcnwv/9dgujYzDXnScjqLeeyDjb/vGBHVqAGEB8abPWcJNwGKzOt5x11r1v5tR5a40Xc/+mck9f9LP43/7bVrPnBI8NdJ5hfOUXuTrmyqylveusfD1eN3Nt3WK2byuZ/WaPnWE0V2ZU6PxqfGaGpfkklhG10UsFks8evgIG71c2eSTEVldk+QYkXFCrVvXzxGNTmha+mFL3I0jmWFZvho/9fPBmZGQkDOcx2suG5jeyFH0d2tP2ZDPVb46CGm6D2tfp/RTy9KuaZgxUvlSeb3Dcfa+x5M2j4oXj09vKn8JtnkvOol559Y1Xg1GMZqBzXgZUA13NkOKxUo8BapzY3je8L31z7pl2Zx+ZY4kdjeDbEC0xiLWEBzFccrGSsdExlQFcSAgdogExHxAl6+xylfo8kFC3ejYZRZ7TUe1fXUpchmX2u5WjxVaqLy+PEObx8N7IsPbshkWIqFDAJMY8oaDeKmKI5JeJm5xWJExDgw5mTSCOSL0tj3n5Z8RY2jGV8a4OqIFddLw9Gbz7HW2I0zneZ3NeSt0igz2Y1JoU8sgP5gvkky/4Vq2Ra2t+Ihr2/SvtcXWglkDCADFiL6r62dkG+e61sBOXhf+ZHzwFF6Qsc16OfKc7DOMULjgc4ZlTh7N12+G4QmesnGYyC6/CdcaU73edVzvHf5LHzl1mQ0kA9FGhiFHHRVMEkPjL+gOHnRQc8Iijnh0scZ22GJwAsI6UoSlA2dAe1xjKvxSSri9vS23V56fn2OxWBTi8fHdbCC9cLVA7laPz+fbMCWWlhmh5PG/+2enDKWA7DJPA8570EVExZg6HRNmxs3NDW5ubvDs2TPc3Nw0u61Wxuc+9zk8fPgQq9VK4vIdDvjpf/tv+Os//mN88Xd+B1/7/d/Hn/3bf4uf/OEf4tHf+TugGJGHAcuHD3HxpS/h1V//dXzhN38Tw3aLv/h3/w5gxtO338ZXvvc9vPb1r+Ov/st/Qeg6fPDWW1i/9hp+9fd+D6tHj7B68ACv/NqvAcxYP3qEr/2Df4DNq68idB3GwwE3jx/jyU9+gsU//aeIeiNpHkccdju89vWvY3Fxgcd/8Re4+sUvcPGFL+C9H/4QRISvfPe7ePjVr+KH//7f45v/5J/glV//dbzxxhs4u93i8oP3EfMeD5eERRgRWWJ3XZwvMe4H7HfiqdcF8QZGCBqrps5d4lQ8EeolAWwEXz3BlNkaA7eLzAqAUIFsTDBxtrsUa4wptvipUr8pUCW2oXotwxQiFQrkpJl9L8Y+xQGyM0vF+FnBRCtojRGX38tgiAdKBTEEsOx+UQkLoswKHgDCtcuAv9WpSghV70VA5Xc2gOgBrgAc8gYuZmkXNMA7a+BzA5o5gxoGNF2rdW3aODLX9kvbqpeUgcfYqUezi9lqzTFsbWCwMAiV6bIubWz04rqkl0GEHkRyzHCCsIvAatqPuRuSaeYZioExOy8KGZusO5pyaQdI4hASoMqCHjIKAcRZfHXyDkgaCymsEGDeCxaL14S6GVxMlHLplpUvesecxFLhzlODIpUxdsul6bOVC61VlIo6OTWv98yoz2r7dNwYsDiQ5YI2pSnf9gYsuOkTpcR7urcT5EFuIxKLoifPWi9YNf4FKoEGxQBe+b1dlCAeEC4MgANNBKhRNSB27Wajl1c5Z4Q8IHJC360Q+g4ZhJS5mDdPApIJQS4WC5ydneH6+rqcymgVJfH0DoGO5XEISJxxgMjLAADjAH/KoCw2PzO6pimgxEvrKGDICePNLW6HEYfbLTYPHsipihDAXVeKMSWSohql9VIS88S/yygxl6bY4EXSKcPs8/JJZoBJVZmcMFzf4NmzS9x88BQYExYxqPIL9fpU+qWqfInng90UTa5oHQMChHdDKNIpqpX0jGfWDYYqy9jF+m69J6xfiS20jS30VuGxfKQKpnidikdNt95gfXGO5dkFECMSVObYZGe7OFFisAcValGNDTkHhNAjxwUoH0B5VD6Qi+JQG6HtcOuO2mErcjBkavpodFvCxU2mk1EflpAM9gPhaC23Y4MyP3Nj51O5cKU8kAJ8/TDlW4ScoH+KqtI5j1wtL6q7N3Oul+9lkUE5AYe9GYOE5/Z9B4TchI0xGVFxSos5PBM+XjNKU6q4Sp8I+92Aw35QfCcxBrls0AgNmskiBELHQeL3h4QDublG5Vn+WL3XXSyPnyOv/Pnvc/xievy+xamVf/tUsYr85nlvOz7H+s/zkte1TGZYm6YG3KnxE2hP8nm54fWcaZ6pV6t/b6ovWlmnLvyattXrasKHZDNps17iwcUDbDYbxK5X/C5ryJZKVn7COasHdK2DQBLrmdgtxPpXPBIFF6KbH/t6+lEwinlPSngHdbCweS34lZCKF7EY5LLFadXNW8Nt1v+qAtSNCCiuI7ixhq455TtccGbLO0x+1M0WP18Q9sG54K1qcG4xjvE64e22seU3cQqQ12TrQ/iGOTOUUwQQGVDv2pvQGuqJAZ9YsaEP74JJXsOphrXAgplC1FN7xQgpOmdOcvphSotGZ4aDohqw+gh04xXi/ik63oGJkGIsoeNEU3AY3MArpthXNi7vSkKigpvb51R+q9iLije2nWYLYAkRgA5yJ8WoY1/lAwAQBw0RUPlEREAXa7+J6klDFBlbZS3lih+LMx2jzE9tqcerQAXIk+T4JE9zmdw3XkOwMMxVVuIYJz4X/Zl4DX6tUfMuA/XUa9NcbmLNZtQ8MTIWLGEgkeUUZvZLxk1H8bI9kQr/1j6D5laKa6t77y7sOpV/Xn7WetsypvK1ljeHgY431WZ6V2kM95eFHyZ1oZMjU8I5ZahIjahM5qFnjQzKTHK5fTcgYbPosF70GLbJuO1Ro3PKx6AOx8dJ/GDbTZqHwwEXFxfYbDYlj71jwt/eM9d7i0fkQYe90wy+IXX51RkR7gazvq1T4W/xjjoNVA60MfKsnb7/BixSSthut3j69Cmurq5wOBxKqAMLi7DZbPDo0SOcnZ1hsVjg+p138MGPf4xxt8Pr3/oWfv6nf4rbx4/x+t/9u/iNf/7P8cP/8B9w+/gxHnzlK1h84xuIfY+Hb76Jxz/8IcbdDhdf/CIefvWr+Pxv/RaWFxfYvPYaKAR88bd/G9sPPsD+6gpP33oLT3/yEyBnDLsdrn72sxJzNS6XuHn3XYQQsLy4wKOvfhX/17/8l3jla19Dt1oJoS0W2LzyCtJ+j/3lJd7/0Y9w8+67+NXf+z38+A/+AMgZ+2fPMG63+LV/9I/w8Ktfxc277+Lq5z9H6Ht8+Tu/BRquEbZPkHc3iCEDuUOgBZbrBYbi1atxL8u81EXmAy9LjBjALj6jsljrDcayLNQTTOkajn4gpSPlBHO88ZsJjbJibF8FfowKSllj7+S6e2WCywxnAGqsJuWSVdlwDE6IVj5Q9dQq8TcViDDM81NpnnSH3K/BsuZreVZZOeLvUgsc6tEXCQEzpXWgxnOqw5PBCOr5GzR2HvTiFTHiBgGolBG64Mr0u7TV2GwAjHTNiRLYXo5AERJknsjdzEjt3JUhoOqFywy7tK9606m3CgRIpJTECNiMdTUut+K01uOg25FZCWxj1vIeWB9JDE4hOOCQAWbrtxmQJE5hQELghJT3oLwA0Kvnkxy4FqBpxtbiB1HGx8dlbNrpFCE7QjrDQUUmZL9WS29UoafaZbiYhmweDHX8iue18m/b5ChjSNY0gsgygt5YUhWD4saBGjNb/0dBj54pmVSALZsA8qyB4QJaSXfSmYv3QWlOmBibbDxLn0iP6gk4T2NCylXm+bkPRHIJH+w4mqzFzFkuOrI8OYGHPYb9NSIl9F0AuAejk7oyGtoKyqemhlWv7G42G/R93yjZPo+10T9nu/QNwMCMTlls5xS1Cq7Ny6WmrBglRAJYbwMGsAgBeRixPVxhGAYsNhtsLi7QnUvIHEaNTxqDiz/NZvwKM7TqCMgnt66nfbyr/6dSlTw083QGwGe5vGrcHXBz+RQ3T5/isN2hg8xbVC+95LwPzfvSajJ7fm1frckUHVOsibjGJ8P/x9u7/dqWVPfBv1E151prX86tb3QDDQ00NrcPiMlFyPZnbCn2QywriZSHRJYTRZGi/AHJS97yR0SKlCcrL8lDpMiJFQLEJsQQ3zBggqGbpq9AN/Tpc06ffVtrzqrxPYxLjZprnTa24ZutPnvvteasWTVq1Bi/MWrUGA3r+bPUcmvbu2TTQPlHDXWXp4Gn4qh73dloaaMoRMirEUfHx1hfu440jqg5i96q7bQFESHlFtWZiNxnSESolLV8XwLTCKIRlbYtD7+tc9V5tdpmOMNyv7a5NbqIvoxjaEas3usGcZzjsJ0SdXkjQPsO6HiO3RmhcsTf0XPMPj8GqtsY9L3WljSlBXkWOoeSnnej6hqNDSvBMHrFbpqUZAkpsVRKt/e4POXuucAJAWPLZ72+MDrA+5cTUAtjdzWhzBU5raChqLAKxY1nhU9BhEH+wMziTCueY7yXXctI0aWD9ZChZ58dynPqsja1nKSHIjwPFXeK74hRrPuOMOr69FafL+2m6FhdtnnoPdbG8j2HfsYxLp2qSzpHG+tQ/taljoqfRcctAKzXa1w7PcXxyQlGDQKx7z21FasNAINdh4szt9NJYlMadjGcBqiT0U7nEHm7Zo/UWrFarUCKi1LKGsWaUeYZswXi6P+s/bHTV8MgBShLITDmPdp5igLr01KdqcyITlYbt50iA8z5m/borI1ggVj35LhhxaS0MqcKILqIUlw/AGCFdxuOs3khTnt8a1LTpDEMsQbZ8kD3EsHTbTUsbinitG/VaCIdoSSFJAnQjRezLzmc5NJIS6c7e67+lBIyEYbEIMxYX72OVCcQzaA0yLxpfl55L5AMT3qe1+CiCzKxG1iYF6cBxe+X85ia2Wd6AIZHW3spy8Y2hbbmmX0dSGsJXIudxcS0YzCNSBpBLZsKSekPtykQMLXpYctRDkBO4HDrsdzf69Xm0PdWnAeNn1r7/lTfsPbDdav2Jep4a9554wBF40Vq2xxchwFPdfdr39iOHAGie0nSf+UhIxfFP4WNkPoSWja59+49WZ7iGl1gjogX+a2LHbZn2v2dztE5tYA0wXqBzsyNXj5zAcvY+w7om9iXiBfab4fk2F/9GsBJKhvqrq4boP7C5PldagUqa0RmYYAzMAN1t8UKM9aZMdMKnMThRCoFDVQDTcEdUpIReBhBSik4Pz/35O7LXKxGtHi8Pk5unJgl6DBwaZs7rPxYGRhSnJBeOduzcbc03ptSwjiOyDlju93upSyI98c2d7sd7t+/jzt37mC32/lzBnA2mmT9+vXrOD46wu7OHezWa89P+MZ3voO3fexjeOwjH8HdF1/E7WefxdO/8iu4/73v4YUvfAG783Nce/vbkccR7/jEJ3D26qsYT06QxxEpZ1zevo3b3/wmLm/fxtWbb2J7/z4u793D9uwM08UFym6HOk0t6jIlDOs1VicnUpX32jVsrl/H5npv3dgAACAASURBVNYtHD/8MOarK5w+8QSuPfEENjdu4L2/8Asoux1uP/MMwIyH3vtepJRw+cYbeOxDHwLljO39+3jXJz+J8fQU915+GRevv4758hLbN+/hiY98CEenN5DSAJ7OUesMQsXp8UqKFlwWEA2y/as5J9vBWhFKtpAtX1Bl4etMNnfiLKsshU6g0VQNRLWFHNepgXM27YeYzw7tqJ5qDt9QNLCqRrAZ9uKT0chnghyps7asIFZtBTdc0PtFrXKmCmtLmUCcpVpuZgAt2pptLVDLWyT8ynLUvFrLKuC1CA5MF3A7umF3JR0rgYCc1GFF6pACvLqvKlWwRPVC6QkWmcRVHOeVJ6FB0WgAMqPSjkpA+yPgYEitLx1oJtK+NhBdlWdII1DN0UYpSf4r65JOvBncUAevRPgQKI16JNWM/H1jIj1ACbTPoH2uDoKirmJFBeL4tM9MswvfoopDap6BygmZhi5a1gBWApB5BtcrZEooOELVnHVJ8ySBrUakdI6ULvbKtr5svmM/Q0TJYoNtiQMNu5iboQTDpjekVd6CQmEao3lozPsbaGRgzY6/AT1KAxzAGSsb2DYea5E8Sm8Fa06LUOm7Yc60wDnkc9scwoLcEyARqBapVyomNa72+MWAiqYAoCROFjlxSwANYBByImC+Ai7uYbU7k6hlyihXK6TxCDkrAAqSRCp+t42aQ4Y0EWG9XuPo6Ajb7XbPyaBTsKdPiSTSo3DFzIQJLDw6CBGZRE6TuZyScatMrqwNc6hDUkaANVKcpFDWbofdXDBfXGF9eYWT02vI65UU1YEIVoIU2QE1uR4LgtiI+wO+bSwOvgNpDjkODv3e0RKKuxgolvM0GMTiBZXofTkRUMG7CRdnZzi7ew/bywtgnjBQwkhJ6GcGgWE75TViyQFIRCgKSiMOElyiaVxsgEQaaWi6RU9Q2HxaVDhEvlJulaaNCQRHqjNInbxUpYAQTJ6yJajSK4kjvtaKAkYeV+IQOTnBar1BzaOcdKhhE3RBWTPKSphQsqq3yTYWV6B8BOYdap0wAkGvaI5Ol8Wif2XdspHH6WfGAjqekHlgxR/kBqnxWdsgdNqizYsZqyb7o2ngctiFrz3UHLq+wUXenL/D3m+yFyBwTSp3zUCVOwckzW/IkM2PCmI7Ns6BHgNAGdO0k5yntAIYGFcZ4yiVGwCgqunhm2E2h8JISpNoHDV6CuuKthCsRhI1VROm7Yx5AhJpnYbuVA5DIq1MX2jldZIUJquUMM8TSpLjyAlALUWxYALlpoeWNs3ys6XjNV6HUp5F2yA+cyg9QHzPIafmUhbH+5aOyKXzMjp5D71raWctnZzLnHrLo/sPMsR7+2w/vUJ8X6RR1C+RfjHaDZCTFqcn13B8coL1atUMc2m9rRP922x2EcPRIdKekdNCDLClK4IWRWw6yzDf0rFn45imCednF9gcHWmBMnlXTknSrmlROMN5ZCkrtF1xvsoKHHJG1ajKucxoJ3Rkg8xjG2JNBdNlnYzT/Wd9n9yguM91pNnhah+xBlk1QYulw1bmEZCOJA8AYZ8/1lNmQRYY7fSjGuw4/974kJsstfvdF2Hz7PzqQBG2tV2tQKjPmfEcAFLncJIi3dJ0kVSGgAIBtSNFUaMNor2rgrAeJOJ44C2G+Qy5nAN6KkkckqLrfbMvNVnMTnfoxpHKeh+wk1/5dpmiZDknHD53JOvz6Das5xbWaGQQhkGiUA3TEVUpEF24Pa920lwUl1ABOGEcEoYhY9Co7Ugn/1exNIfNLkV/PkaHSjBeRaCD8QkLlmDbnOhtMSh/mC3hiz/wWLzXaOt9sB4T3IZpNLZ1BW93CVcihwA9ZpbvzcEo6edsPGaGpgzk0fS8nESLaSxIcZ7LoA609O+2vnd6wdaNywq5L4f2Dztg+/HEe629KMt48f4+bQj2LvG/aEBQXPOLd7KAW/8yBZ75cV9DL6gREUsTLP5y2ZUx50lKCSgZu+0WVCVvWqly5DhrNFd/DHreM7Ds90i8Q8dJttstttstLi4ucHp6itPTU99ttMsqaS4dtgD8+P0SBLj8sD+DNXzY897aq7UezEUUC1ZZ/lQAXi019sGicy8uLjwVgKU1sDGklLBaSaL1mzdv4ujoCOXyEt/9wz9ELQWnjz2GYbPBsF7j9rPP4uGf+ilc3L6NH3zjG3jHJz6B9/ziL+LNV17BtN2Ko6hWHD30EMpuh8vbt3Hnuedw58UXcef553Hv+edx9r3v4fLOHczbrRaO2Jcr8TLxm4kwrNfY3LyJ07e/HdeffBI33vUuPPz007j1nvfg6NYt7M7OUOcZDz39NNIw4LWvfQ033vlOPP6xjyFpxdPVtWv+czw6wpuvvILX/vRPAUp49KeexsmNYwybBFzdB3FFTgknp0eYdhcodVbjrc2ZAzGfd0JKtQnF8DMKH8nnKbuDCLxKdhwhCM0hJQRXjdqJekykxmeD8AksuDwyUqARY1gIBtoHKXs87QI9QsQAVokcIJiSNsUgt6jyYnXup9ytJW/LwoiIHJBaRKopnVAI+qAQMyUu3U+6ay3RT5OKygTAalFSHkBU1fA3sCSA0dayjUuaVANBrerq+aQDzXRe1LJTJW3H9g2om0Fh3zVe6ooJMDu4FrCjRa2smJSzTECMStTmnrOv5O+2U9uUjzcRnnUolKNRQepgaZzERN4XVtonVJQ6gdIMohlE2WloMtxoS2EtGMCrzAeMB+lRlwM48JfQrilYAx0GgqqZJiGSAbFtsp38FqnKgW49gI5dkHY9Ylz1nvXbjXzbCHHPhU+x/7HEXbz3S+OT6BCWbrUcxOIQtXnVaAZ1XpcyN/0FaPqKXn8OWVMB6AZGTRWVCMQjBh5Ryj3U3QXy9k0M5RIDTwAS5sqo20tgswXS6JLA2m1z1mRp/N1+rlYrHB8f4+zsbC+FzYOcC24E0+ApXCoxih5TsxQN/kQAhQKACYahdUmDYVEUAuQrQSLfd1uc3ymYrq6w2hxhcyJFr8BZixlLjkiQFgpTrUckLjgw60ZD+zzO84Mcq0sHxN5FzTln7RAAsqgDwHEGcZVjX6Wi7Ha4Or/A1fkZrs7PMc8TBhJ5k61yLmxd9Udl7b1xY7ePSLPN6IC94zz42NBhxibfzXFomE4jnnSNuUPJLKKUelGo85zVWqjMmEtBJWA8PsW169cxHh2Ds+ZVtchjYHHkjXwzp5sHtE0v0p9y8oSAtALSBkwzKraix1mijAiQ0w1qIbkeVAtpaRQdnG+jJSU1wAC2VDVkAQD67GIjqvoYAp0DvXzUSudqIVbY58muoKcZImSOXOmYbbT6m0jWZWKJVmphvXELW2wJPTeNWoHtboZku5XPxjFjGLLkOUfV8Q/dPPnJljCmeDV5Eh0migVSQp2A3W5WWSSyoMmb7JFoYUL8fSkDmSWP86A4qZJWdQeAdDiX6iGH5vK7JV9EB2Yc/7Kd6NCMcn/5+dL5uXSEHvrbrrdyAi//XhrOh5yry/G81dg7Q/vAOzvZdeB9QO+EjW2XIseNU0o4Pj7GtWvXcLQ5dluoe7/1ec/2W44p8A8ap1IKaaE0WtHyhdrpsCFnWCGnaO8Ow4Czy3OUWnF0dOSnL0HiKrKCYqUU2ewPOkp4v/qx65Qzcsru/Kt1bqf5KOgFP5naSS/BdEWcpImbbWLBIpZjVI7AhzlS2W/tdXy24F0AbdPbcJjhP70kT7b3Co7SqLl6Gyaw8bU58Q2jUBTL1I6lTVheSzOl4zsAZAWzVQ8U5SHfVLF+6Ia9jQsEKZJHCSNtcIQRY70E8T1QfRPgCczZeugsyEYvgm5IGi6Fb1xaDl3rY9uUIqeH6el+XMvRCh3lxBgteFx5x/Evo8I2XmQTIa9I8GkuoCkBuwmlmHQ2PpDxlQKAxI5jSkLXRKCkJwvI0inG3tm6t3E37OXBLAAyst9DZo+ZncSan5gISTednYeSumWNjVQnkh+PZ58PL9xOJDaR2ieGMRrHwN9hNRGahdLrbjXKwjitz20Kfe4MLDJUnmSJImZdGXM9MLuBkiYH4twf8C0sr4N+tANt/yhXbOeQjmn3SB2RmHqzbyc1PAIl46EumF6UP4Sff6Se/sWvwQxYmIyFAlRuiiYKryYnJDx+ty2YtjMyZ2zygDoXTLXq0aBAuER9PruFkC3LnSIlQnRe1lpxdXWF7XaL8/NzUZJHR1itVt0OcFTYD3LW+t/hX/veKgvHi5k7AGQ7iBs99h7zvNq9ZiTHZwBJEWD5ZM/Pz3F5eYmLi4sHpgoYhgG3bt3CrVu3kJgxnZ9jd3aGl7/0JfzgG9/A6WOP4YmPfxzX3vEOvPiFL+ADv/ZruP7EE7j/yit4/nd/Fx/6+38f/88//Ie4uncP83aL29/6Fl74X/8LL//e7+H7f/InuPPSS9htt2Kw6v/GDsMhrrGgg8XKZWZMV1fYvfoq7r76KuqXvwwCsFqvceOJJ/D4xz+Op37pl/DkJz+JG08+ibNXX8X566/j7Z/4BB79wAdw9NBDXZM3n3wSd194AbuzM5y+7W347h/8Aeo04dEPfgDXHrmJtEnA9h5AM9arAUfHI87OxWlgisEdq1mATvXjkQ1ZM1fZVfOiHTV8R2gZh4UqTVepAZuD0jcBXrkZdrZoOHwf+CnZuwFQDREMhGDQQ++x3S6R+B6c1oFpoOXaMeM5LHAgCGtyDWVV5Q1IEqgdkSF5n72nBoPdrhgVapZ39Ic5QI1dcZqIlhAnkxYygORe9B06V5ak0doEy9lqxjWWDiDouEzHkUVkNRCGRFoYoKjCDJEoZAqzddjA7L6CaTu5AuoZeaCe3fzXFhEhQl6dSaRz4VrCnqGujTiH3q7Ji2xK0/JcSZqCDHG0SsVkM7zFqBe0MYHKleQlTgmMAe64Dj2PwAYHvonjO5Svh92YDeDZ+Vd1SySZAXOov8F41sBBJS/KYHSLR53jqg24rP194DJnerudwljYM8lEQGvGRbwinrV32ZxH55QZFzaHROSg3TYL9wwToOVXzXaUTaI3axmQckKmHXi6jeHyPnLdYqw7GQdJDq+ECpQd6u4SadiAxqzzYF5LpUCH//p+mI41XXx1ddXp8eX/sQ0DqqR8OIMx5IQBIgvJNi5M1gKygatjJ2oGhvMFm6wRR1BlBjEjY8Z8cYHp4hLb83Nsjo6xvnaC1WYNStmLGAqtF+vd2g5Go3/ULW5yOdTzU3+c1mlpLTpN0eY2yG4uE+p2h93lFXaXV5ivrjBdXUlhSK5YQaMHLGL6EF9HB+OBuTDUHyvvtk1vkf0WSd07OnqQbAZGo1/TT65ZF/aEO0PQ5OUMUgM/YTw+wbheY316imE1olTL7d0WlRlFVRnAnBvVrBnADaJDacSYAU4DUjoCZ9Y0E1V0p0YfGfZ12WACwuWWWU7BietUifwu8rytA6U9THaHDga+s3lp35PKnuaCEP3Tr1nXHzq/NRmNgs6216hMSjanGh2W3ZsRImxNLWkkszsZbD4roRQg51H0ERjjapTIT00pILnVTaeazm56xHWkG5mHDTuTBRkZ81wwTRprnOKJAdKDHbJhbhuXyewCbTaBsUoJpWyxA6HaBjPBTzIJz/SMtPx7+dkhp+WD8oUe+n3Z3qG2l6kDHuSkjBsrZjMt77HvDzlnlzLNbB45yk4dxl2OPeLVQ8WoAHg7y+LAS1os+7t8V0oZm80GpyenOD09aSe6HpAHt/GZyTa85RVxCgV6tpob4qSUSvH7/bT3juOIk5MTnGugjTlYTeaCJYVVThklzZhmPfpv8tx7Q+BaMWsaOT+2rgFBPlbF4gTAdnqq7qi5E1btDRde3DaVYgoladPwV3NaRtKREdRlscghv9d0p94ba1aY3LVvLbCCQuMR/zkUMNmcDssMa9vaIJXDaaHnXL/ZTwaYK+ZS93ivc/JrxyTSnYC0wjonZGyRyl3kch88b5G5SE0UsEbxq/bggPeC3WFyWNJ/AWZXNoqw3ttPQNw8hyMq+PyaHmoRipFQKoO7NqByf9Y5S6AxCx5NMoarnRaKDPJJmqvQLAogsmJfUGe+1ozow4tg9m1nI4G8b72rzHRe1MEkDlS1dSnifGo+A2MeInGc1kQAKvwgJJrsVvewdnEpq8jfKz+Td0sb2cOKe87GsOYQaO9ykzSKG+ZgldRaDKCYIzGc0Iz96zdb9k8TJLXH2fvxYPm1vAzL+LsgMqNzPlM/Xl7MlX0fydT3H518Iu03o0tR3KjGvN/Onyfg/5LX4KEfgDCsdqwF6zUQaLtWwADihHlmbLczwAlZz8yOOYsyMaNdd3JcKGEfEMT/Yw7VQ8fwLffoxcUFttutF9M4PT3FWgtXRGX9oF3RplRbnxoQ0IPB4Zmlkl8KaqvcHIFBdKxav3a7nUfgmlN1niWiNzqSrX/r9doLV+Wc8cLnP4/bzzyDd//cz+ET/+yf4dv//b+Da8Ww2eC5T38a3//KV8DzjLd/4hN4/GMfw53nnwfXijLP+N4f/zGe+a3fwktf/CLevHMH5eoKvNuBSkGMAX4rVqMMHD2Ssb1XUa4WCy0828XB7Ha4+8oruPvaa3j285/H9UcewZN/42/gfb/8y/jIP/gHONHIWwMndr3+zDN49ctfBjPjY7/xG3j1q1/F6vQUt7/1DN54hvDeX/oFcB5Qt3eRBuD4ZIWr3YypMsCtYnqK0Su+soLYi0DN+QGyi+ZDJPPsqLHeE4uoRcbW2iLSqjfWL3x7RvoXwGUiUN0H0s0/KA5fqwaO8L2Bi+iIq2YwRF4OIOmwQUwg0mqP5mpnwJ2vMMOx55RD0ReWf82dXLYuHLRYPiVG4YqBCIkG5CGD8oykRa0YmvONKvpKrVFOqeIni9phP7opO7l9f8Uxp47xlMDJUoSLvDIYkYL8cGFuiYEC3RKRO8Nl51+KL3k6gfZicKBjE/Km7Ix4OlkOOvedd96qpsBgiOyR3FvNOT+XggFavZkMJCUfA0GyrFaeAEyoNACwyvEG0hpPMrPu1sK/75wxOjH9kZRGd8vF2GQqwQYQ3+VAneIRVYS8jzYEQ4etL7beFrPuijrp0enlOx3A+d+Bx5Z0tz6SOfrjETC734pB9NGBechu5FFqRqkBgOaoSA4yojGYh8Gj0JdEXgHAdAHMd4HyJjZ1hjaickLmKnGVogvzFRJ2kDQctntm/d1fNz6KYHys12uPrlkei433AlEvt3dUlVNTlblJtpmj/xnIi87Biga4faOltMIIAo6rRlvL/3MpmC8Kzq+ucHF2hvXRBpvjI6yOjjCsVkBOEoxHi4iwzplg+bCVaV0kkeuZJeY4dBH0aBIsstOsQQK4AnNBnSdcXVzg8s03Me8mzLsJXCsypChTSoOmOFHDrhSXYwSTP9Qi0IHGTxWe0qbqhqDfm8jOxyEc/FL+bHKpArA0LtFp7rIqJReAKUkBM1/dRqeUZIZ1+FUjvWgcsTk5xebkFMNqhUqESR0ApPm4na9Io9ytj9qRqA9N7jQ5anwBNUYApBVoYBC2qHUHOTKeYJFaDSM0vkQcb6QxQiQLhdeZuPK/1WFlPMNoe7wmi2w9EVqggr6jIqxFKI5A6kZpcrT1r/EEWTEomK5UB3uSHKmyfiTK1PUxKNBC8IHldaxMQIVG0qnuBmMcE4bV0JieaAEW4TKZtb+t7zHKpo1fnAEVxIIdwAm7aUYpsjZs/HBdu3AxOE+YASbxA2tK4CzjmlMCpSyFuxQ/vdW1dGq+1RUdjLHA7SEbKN4bnagxOOVBzllrwz5f/h2DOg45dWN7h/pmPw8FlsQ2lzqhww0ma4OdZSngHlScuLUJAFYsWCL5xtUaJxqtKropNfcQ23iCAycwhmOAsI6dHoTuRhuTyPGWqiYlQtVAJcOUbLjJMHoY12q9RikVV1eXuDg/x2q9dr0qbclmwzCMIq9mi2CV5qqlD6NFVG5SvKB4Y7YIMOmwwicNCFGsTDm46tS2aOaTrn2SDRFnMQbiyiA/lcCwnFTWXwbQ3qDz6nBW8Vvdd166kylR9zJb23EqrflWb2IR1ACgL+ZkeEotHCKkHPPXaz7VWnUuGi/WWiV1iEW2djwsxZYTACrnoPkOUM9AmJHSGsQroSG19e8nErx7CeJUbH0lUnlMbU4YpGKePB0jQCCLaIwXWWqfTi3FWXHcLrQHxM6SgrjWXi0VwAwpXCoR06vVAAajoAITUGbTIWJfQnmqVmDaVTDPqFWeG8ZskyqbAsqbhmWi3WJ+K590VhzuWJqcRoDaaAb6aZFD2WhodpfiBynPkBr20b51eUHRy7ZD8n9v03vv72jXLO2NZgci4H53BmsgggRrAQNn5VeRC2KLNR+TySRJ0cCNXv5G8jSHS79FtS5Fuoc2TbU786hNw8rPkd6+UB0TGW7UudCgt8oPCBroTvg0WeZ0DDRlXd/kd//krkEUIHcCzI4rAfCEtkIZWbhSwCVjmraYdkWqS+vEr3LCrNXIBZxLqoA4MUCvcA/9DaBTzvbTvelEXvzJIkCPjo5wdHSEzWaDcRyxXq+9vVj10vrxVuAngoC4WCztgDlbl2BCItbkXRbdavddXFzg4uIC0zR5LlZAjnvE91m/Tk5OcOvWLVy7dg3QAkzHDz+MN1LCt37rt/DRX/91PPT00zj7wQ+wuXEDf+2f/lO87Y//GPN2i/WNG3jofe/D0a1b+Opv/iZe/v3fx2vf+AbuvfIKtrdvo6ozWOH0j3RRBjY3CT/9Kyu8+Hsz7rwwS+7dQ/f2xATPM3ieMV9e4u7ZGS7v3cOr3/wmnv30p/Hun/95vOcXfxE3n3oKw2YDrhVXd+7gO5/9LJgZ7/nUp7C5eROPf/zjeP5zn8PrzzyD6+98J5gyaPOQFMm4uo/VinB8vMH9eQeuWY7+h97IYk8KQjRPYxKFJZXojSfMgQMA6kglCguyRajYEZga5s9z6mo0R+KWmwegVpxKQQclqwQpfyO1dyU1phhxHWi8OTUHUk/uxq8G8uJGQrPa3mKuiSSPD1l7PRgGUUg8r+MyJWU5hgjoQvUDX5gLilIGkxpGTIAdH/QdRc31XOU4BVneRZfZBoSS+jlMqIbjOUGaG6jisMOYcsI4DJgzo9SIDlUpd7JJ3lf1GHNT9JBof2rRUQKik4MtMRxby9FAW85hBBD+NzO628j4z9qQKvJMWY4wZlXIDI2CNMciIyXNm8wWKakVXaG70Il17tukuaNLFaBH/YRIP9acu03emxFjPNJkb1XnhGaSCeOAgz1WLc7hSw7zw+H+uEbtinNBaM4XtgKLftwnwEkH7f042j1hIhFoZLrClLtOoedvRQNMzGgAHe3In+mPLvIdLJsEqRVvGLIAWJtP7xdJ7mBMdzHM9zHUGVwTmDIqJ3GZUkGuM4AEziPAQJm3SPMV0jiCHYDpwAzwhHdFWWfraBxHrFYrXFxcdEZvNDJk7PHzsKY0EcQMxqi8nZKYwpbLmblVhzYZ3s4N6nxZ1InMNMQOk822yoysvFKZQfOMq/tnuLq4xLAasd5sMBwdIa9WciJmHFwXuI4O8qTDCaoZxI586+T+kT+daxmo84yiR1mnqyuUqyvszs8xX0nqJUqSH1zqsInT0iJ5U87iZNMUAkDvtHgQ5lmelGn3JtTaFwxtG0nJ5QPvRWv00XBWEd6Mo5Z3myQvqy0ntjkjUJZos83pNQxHR+CUMSsvEmV/d0rZZY7rbqClUA7Hxq0Qoel1u1gNMVu2TAk5r0G8AVAkFQNYDULLh7c/nz6PFNY5gqMIpvP1L4I4LfV+8n7ZuggbT4AXlQvCEL5zZ+rWZGv1DNltnC6H/en202mXYPnfh6QSlqvkXlYjjO2hhK5BIkKmwfEFM7DbTpIDVQ3CcTWANOJNNkaEFqyC3HLIW3vWwyg7o4MhkaVjak7YUhjzVCA5VbMU0zVdb3ytx6rzwuFDilkSoKmegO2sUcvUcEscc5RvcZ0t5V23fhbRmk6/nAMvt02opayN7S7tGnvO5OTSubqscRHHEsf0VraY/X5IriydqIe+j/085IyIfYzyfunUXTozapUxWRTo6ckpxpXUvyiliOxX8e1OPtUbOcvmc9ViMQrhAV+bC8cJmzO1bfoJRkXAnu1Ke/ywn8KAQFhv1ii1YLfbSe2NUrBarUUfZYskY3W4Nidq1U1FOQ1UfWmWWmRryCJqhwGUEqbd1Ol0wUjJHSPLYJE2f3FU3G3aScq0mMteU0YZv7M4d6Hjb7YUg935115gOVUpYvGkeT11Dh2jmd2mv7ueNpqQyWAO9sNibDAhyZ6/HswoVR2qWtCQUpKc7mhwz/kCujmsp4kSJXHu1h0wvYE8n4G4AJwBrFESg5PqmCJ5SEFtw8e2AkVPcjvhBtO/HUiH2U2mOyJeMV1Ieu9+Hla7bPMM3nYF28EYkDpYsThVCA2GQQIyJQwYMGoAy6yRqlKLi0Fqi3OtKCzOVbAE36Qsut0d+Gi63QCfm0hGFxCsRocljZBT2Gi2gYI5S/llmy3MvU4nIi9GZhQQW5wkTdDCpnE+SEBidVhGcjo0aH23Dy14oDPuTO8T5KQhh++5l6GAbMpWC2QlQkYCjQUFio8sAwi3ubd7u+Uc5BxRIDL7i22kzbY2fkPsUxwz9DSrcqPNib0/0DG8DDDs5Dwu87W8bK2bozZiBds4bbpIV1QTGj+xa2gDs6gsQm4rsQlSDfMWLZKwmxhXO81dUSFDq8AIwnEecAXGFRc5somMzHLMy4gkUZpthBE8RMflMhdlVFiD5ugsRRTRPM84Pz/34hqbzQbr9drTBkTDYQkqPGoIfQTecod1CS5i1KlF1Vo72+0WV1dXHq262+26HeZ4fCCCKiKpvnzjxg2cnpygXl7iO5/7HG4+9RSOHnoIj334w3j5i1/EC7/zO3jo/e/HvNthe/8+HrlxA0//8i/j4o03MJ2f4+UvfhEvf+lLeOGLX8SdZ5/F1b174Fr9vjhyQQAAIABJREFU6P9f5KoAxjVw80nC+35uxL1XgDdfrdidlx+prWYiADxNuPjBD3B5+zbufvvb+OG3v43Xvv51vPtnfxbv+Jt/E9effBKv/emf4uruXTzygQ/g0Q9/GHWa8Pqf/Rle/epXsblxA49+8IPYnZ3jta99DQ899U4cXT9BogscHWdsrwi7rUReERkAq3ocyCSMx2kI79IQ+mqaq6DlzJRvvMInIMf0yRQfuxBwAEjStglDeYSQyYo5yUJPADgnN4i8QI8BzFolui3wHzODBqneW4scV4h8LeH8gFbGQhRYBdlzjIoTr0ITEikoBwoXLHd0W54oIRxrUY5kUV4m1qw6c4NE0gXdUQekOqQ5oCy6MlNWA1IKBAyJwDUhD+L8q1wwJj1eqIBJUjqogRF1k+eG0rGTUYBgDnZWxyJXRh6EJ+KVc+oS25vDodTqxwjliKHMbdH5r1UqmEuuoYzE0nZBUcJpBJQDHXG+P8hwYbboTR1TnONOJiU9cVAwjoRpRwBnVEwoMwE8IA/ApNFYUsBIF4FJBQaGOoPmK9ScMdEaVlmZkoJhgkckMMKxbL2qprbIWaqK1jIBEIcg2+oxI0dpZQC1yfra+CyAR4+0IsAqrFEorAY2fjNpYw5lc86ZnIUDN2+Xtc1qtLZOcjs267zQNuxIIz9qLb7Wrf/ukHddakBXjqwmSshDbhGH+r+/nxu8I4ieyCk5/SsXkEUkYwfM93G0u6eFjwBAchRDk0JkHWchqW6LMmOgJEcMpxlpXcWhSQOYNSqRWj7dyJ/Gg/H3uKG5NHwPGdh2eE7mLIErUAiYAOREyDVBIkiSRqErTQl+0sNSlNj6iI42KF81g6KZCmO2SISKOhdwmXBxeY56hzAMa4ybFVZHG4ybNcbVStofsvQlJVSyOIAmY2OkdhczrXk1vW/M4DrLeOcCnsV4211eYdpNKNsrlGlGLTsQS6qHTGJs1FotoF2BfTM5ZLMi5Lw1nWS8GNaY6KnGXW7AqfHYnKb9vLEZU50t0DtkXN+lBLerASlQR+2Uh2wiDLIBnxJqIqw2R1ifnmB1tEEeVhJ9UTU6x+inenHJW9GgNvnqa1t5wVKGeK84ef+ICAVABWGVjwCeUcushdLYgyQioDdQ3zs+w9SrLBdHa8zRT7ACHi13nsib5MWXlrRvvzt/g73YpBm6YggaMjMHllhY9hSRFXUj3xgUx2JV47nJWuMNSZlDfoqnM/RYN6w4o1YC84DttANrFF3S6DkMujGJFPByMNZg2AfuPBAjUDZI+pQSGjSh80wqy6aZQWlELVX0tdkRhhsski3qTxJZw6XphpQIGySACwoTZhBS3JhdOB2XR+WX68Fsmn5OuWsjOhUPyU/Dl0s7KbYfv4u4YvnuZf+WRX+tzeU7DrW3HG8cV8TF8VkiwqzH22M6gTgWsw3tNGCMyHQdoA6bnBLWmw1uXL+O42PJq1pK0TXVHNxLx6rpDZCcU5aiT1a0D2iKw0BJwE6i/PW2qpvFFIImqsoWw2thYz7Q2O0UAlbjCgHS4Gq7Q+WKzWbjG8ZyIEBoanktZR/IHJLwf5mboz4pdlitVuo0ZMdZni5K+yn4qW0aE9DSKsCwsaETHYvRQ+WvzWGMGBS7pmiObAISNGChyT6hScy7yd4vNieJjtCDW6wPgU8JGp3IEqDkRVVNXtUmI3IeGrZgYC6T5tC1wrvkwRJNWqkMVjyzAaPmDFoPSFSR5x3G3ZtI87nOPavKqS6/CASu2n8FKub4sjRrEgEttDJ+ZWRwtFHVxrI2hbest8bjba5irmv/lOBRnlHWyqhj9GuT2WTgKlngTwUSYUAC1ll4FTMSVZRZ5YGdiiQZWynazpYBDBhXhJTDBpwnLAwbpmCoeAaUX5r9rncTYKcuO/1M7T5bM2DhD9vINEe2pc8kjlg+2CbRdiN072nYRP61Yqmk6yxBN4U42poJkfimj6kxHOz0iNtBZvfoqc2cCQMTbNOC5wpORexe0tMkDC/GJ+MngIrixSyizefYAKcKPwJirSZjgcBG7XL62LgP3EOKQp0/w/zoZBrtojOaCCDO6m/Rz/TUMYV5NvurXwI9jv1xXgOHDjSGsRExPKSaTYASgIRSZtTCSJRl1XELBR5SwlgLpsooyQTn/lGRBhTlZ3SkHspRtty1NIUUj9NbNOvFxQXGccQwDFitVh7Nap+ZMzO2a4AkKqEYjTrPM1ar1d77gJYP1hyollPVIlQj+IpAZnnkxQzUmzdvylGWnHF5/z5+qFGnT/6tv4WHn34aAPDMf/2vOH3iCaxOTjBdXOD8hz/EI1rM6uXf/308+9u/jZe/+EXspgmZ+S/sUI0XAxivAY99AHjspxIeevcKr/1Zxfb8cILht7oIKqhLwfbNN/HdP/xDvP5//y9e+9rX8P4XX8RTP//zuLh9G4995CN49IMfRMoZP/zmN/HcZz6D6fIST/zMz+Dkscfw6le+ghc+/3msfu3XcPTwe5EwYsQZjk8I03QhRSpYd8CoOSrBGnmDAAYRQCaZ7JAdR+bo+JL1kChW+mV1tIpW8ih1NmEdwCa1o6wWrucH8qhtcCzEjv9Nugsq+KWqE6s52ezzimigcWuOzS5q47Wj4tFcNEPDgZYBMHsmCCde9DU6IptRSW2hm3JQpSakYpRs61GP5SYrqiKgpVR1DqEBYvXS7tHR+pG07eak0g6wABIbj/DIbF3zPsmYraiUGi5JNoZisS6QFMBgV1azAF5uIFAUi80JXEEwqkb3KB9GxaMgpMlfIFEWEBxAp3OnHunKozpaxa7wyqrgJFGrZYYrOmYAlkaDgcQgKgAm5DQAWLkRArkTCNPZX9Km65IQEW6At605cWAHErruNh7r5owaDWCG+MJAad+5BvOCDPa3Gx5BqVr0SSwsxYDvertKbNMTNjCotUHKfxrxYHNq8sKidS23p62VeZ41L1XQEfq/8XkmcVALXSoKMlIipLpDLltQuQDKuTj3YQXB2EmUFISb/STiSWlRK7jMgDqFmas4Z8J43+qyebVomuhMiAa/ySmLhjEeh9IezChgTFyRNf1JYu3fkifa4gsykz3ioIHa/jlb86yCnqk5+0iFXJknTPe3uLh/H1nxAo0DhnFEGgbkcUQeJP8dwpxbjioYXzB74bQZkseTSwHPM8o8Y55nTNMOZZ7BpYKLrOukOdfITJAU+JeaEeZGr0bwMauAJzsSLmvboJs7BABPJWA5/exofiNsD5ijfrJ1qqwJc4LZurDfl0d5sxvYFmYBTFXGlFdrHJ+eYH1yAsoD2PpoNwbM2MBjv44bQ6Kl/AAhbpwZDQjNJwKlsefeZEKlASmN4DQAmORIbVgNzldszS82P40ntQ/7er3NUAMNvqXjcqc5YRoNLHjJjOgu5UNwrijxdb0rz+vpEHMgurFB0NQ2OtdUO1nq/dPFZBrBC7s6jwl2tuI6ol+BYcgYVwOAndO/Bb+SHLu0TSGltRu19gC3+8GWdslLH6JWxjSVJlsA34xabvY08th4rP2AH1LCOiXMcwFDtrEiu0U5t5R58R12vVWwyLJf8e+lY/JQ23F89q54md3i8tfnpjkwD7Wz/Cy2Yz8PpRSIv3d6P3y2fCZeS7vI7nNnXbKAAGljvV7j2ukpjo9PJOVObVXffVP2AM32MJ980cYW8IrL4OqIzu8X20IdP/7uHp+IszZ1tIjvlTERaC2pBaZpEscLxAa9urqSvKvDgJxb22arzrMcTa/mBNK+mfwx+xaQ/K12EtP065L+Jkfi0elIO+cB+9aESXg3lE5ep8GeN8UR8S5R02uB6rJED/MTiLzIauy7PW1OXVrMhX1vPoScWrSpFA2rjQZqz7TUiMoNygeZSE88JJQ0YBwIad6BpnPk+RIJM+COqEgvh5XqEEoLOpMWVAy6w3TbYi5cHxB1Y927bI70J3dfsTtW9y9azAtBClKhUZfQdK2+JqWEYYTi3ApQRZmb3maNNq3MmCvAc9FTLgkDtHhwNyZ5NyH4kJw27mIMMjJu3Ok4AK09ofRUPS36sN+Y9ncqX0fd0jBYcPYC7X1LOR10eny3YIAMs1OZ9wPgzEJvk6XdQmjT3quYI6WEIWvPGFLYOawV6YdiSOfFJDagvjURpAZHm1a/v/kCgj7tFnTrZ48i9M49NqPuvn707RZiaqkSyearmxnYFlqUQ/tNU3zkx3qFnKs96OtyG5gA1NxJZWJcXe58LFl3syXMnzFwkp1/SthCThfzkJDDsVR/j0/Q/i6qXUsAY0oifm+MFYH9rMbLxcWFAwKLYj06OtLchIP/NEUDwJ2q1p4YQZODEvvd3mGfbbdbF/5xVzkez4tjWv4cxxGPPPIITk9OQOrUXV+/jp/+1V/FV37zN8HzjJNHH8XjH/0ozn/wA9x76SXceu978eQnP4ntvXt49atfxR/+23+L5z7/eZzfvo0B6PKp/mUvBrC+Abz9Y8DmOuGh9ww4eWzGve9v/0rtWhTtfHGB5//3/8b3v/ENvPyFL+Bn/9W/wmMf/jDW16/jzvPP41v/5b9ge/8+nvrUp7C+fh3f+exn8epXv4rTt71NjrhsCwoRxtUJjk6A3XbGxdUE529qBqYJThsXyAzC2DMDmua8s6qzgB1NBVrUnlcHJcDze5LZTK3itLRpc94D1MbfBr6aoCHC3ho5BD4PHfGMAEX+sXFItGWm1JQkA0iabzUcl5ZE1DYuGRixJT6HtxckKYCWzJ+SABPujt1zJw+bHEBoQ6JtuNoO3H4kJyPQkWJWGRh6kvew72uJI6FSy92ZZY0Was7ANhcpRIG0fnfRfIF3Uh4kerNWVCZxhjI3/iFznIRdYKVDDwLDXMcB6aAN1hrssB1aIiDnASnPmGoFQXYoazUjQwzRHtiLx02c2hVUJyTOyDSiplEi7Nj6I+/kXkk0oLNUtumAbGdZW2JPs4OEZr5Ax8U+fzKVqSnNUMzM6WQGo4bl1ihzrT+ujCPAizwTGDoYVtZHi3yg6JnR55Z6mgBYfl5z8hORG/zMksPLNumsanhnoCroz8liE6VviXcY6g7YnQHTFgkTUtJ8m2TUqw60OmNenRdeGI4hDvdSgJBO5c+B6WHoctd6vcY4jtjtdq73LI9g1OtdFFTkDeX1uTImZgxMXlzTZGCUlb0z63DfrDhZe66daKjUH7Ul+F4xBsqyaKYCmgqm3Q6T0lbD9UUO6tEjMcwSLBdcKyIo753mWaJva5Vo9lrVecheJIdZ4hEkODDBow0JnlfT88dx77hu6y++t9FNJ36Bp/o5FGzV9NPS+G/2bADBySKApf1q+JEhm45m6Ju8JjnhU1g374cBm9MTbE5OMGw2KISwMWWB5LrRXRa4L3ZqcamZEmYWnsrG+JpM5pI52HWtApJ3mjegPGseX4umtzXhlp3nGm0OfbPVguxe9NOwr//hveznxJ5NRgvHBGE99RPZj5m0KCQSKhMqbAOJFL+TFKsK3wBVc/Q1gxHU5Fjn4CBoHl1zgsoqmmbFXyRRannIEBgeaxfYG7K8x3L3HpDBbjfWtgaEDVVbUMa0K5h2tcGQEMllE8N+v72CuznqaS4bPOtMqLVI9FjM4Y+2bpYOxEPO0Ac5XZeOxRjssWxjf032p+B6LLnfn3i6bnnk/kHvis8t74vvfVDatdjeg5zAh+hyqK2eBnKC8fT0FKenp1iNK1QtrObeizg3jjPQaBj0tjvxw3sYaKlL2hfdeu8+p+bMpJSAWdcQSy7plPaLgcX+EOmG15BQipxySiy63LDCUArWm9Ve0a9xzJiJgHlGkyjs69aiVitL3tUxyRF7DAMwF5TacEhXsOoQtjnExwta9A4u/TjMd4dJwjsa/8IEqeqYQ46XSHcZselKwRPcj8dkCrd1YY5e42XZ/NX/LBd5l6+bGxZMslk+Kj4bUgWurlDO7yOXK1AuwJjFeWbcZ0xF5pRTfJtyyA8v80dEMbuav9vIYkas6etDGNRbW6y92sTi3t3RFmm2j93jCh42gsgP5uRjFnhASfBrShWSNqaiFtsYESyVPQAK2O1mtfcSVquMlA3zaFoetn5o7wmwk3dNnsfol3aZbunH0363PKNKsIYxdbQ9vfp7lE31BOH+vaYf97hY+dHeG+fMjA/2eQ82I7rHFutJ0r/RQCCNbi3c8vE3zU5BVlovKTSq69B1bZOTD5LLThNusi8Op5fpYbTk/zSMDw532HOM5bwJbzd92dHY5f+PZs/8OK7BFE5/LTzK1AAyOGG3nSTXapI8bmzAWUOvEwEjZQn1rhVTZVBuu6ONsL3iXxpOAPb+XoKN5dHYpfN1qcwtsvTq6qprI6XkaQaWx1OIyA1E+xl3AJcOMnPkxv7ZtU8DuVJKWK1WHrF6dfs2fvhnf4Y6TXjqU5/CIx/8ID7wd/8uvvO5z+Gr/+E/4K//i3+BG089BUoJR7dugUvBc//jf+AP/t2/w73vfhfl8hIjDkztX+JiSJ63Gw8DT/4MgMq4/vgK1x+d8INM4LKMXfyLXxbPN9+9i2c//3n88Fvfwl//5/8cP/2rvyqVkS8v8fF//I9x893vxvO/+7v4/p/8CY4ffhh/7Z/8E9z77nfx9f/0nzBs1vj4r/8jEDNOrlfs5jcxzxxab9Ek7pxUo0Ay3thOPgFseevMkACIeuenCDUFTQFwy04bu/IGFgYmacX6oORIFTOBmsFN1Iw5EzJEzUlJhDRkV7Qp8PpS6JnhKw4FOz6gS1r7VLigMDAQGpIMQJHRxmCWqeyq2iCacPUj0iHiSujM7YiqP9ZkkNtESYrXyRESqMFvBgd34yXrB0IbnZK1F0Vh3uaRQA4AQMFJjubIjc53Awx7q4ughpcI8VIZRVOlsDmwHTglnw8ONGggxgwBo3PruWxihcTkrtBMXRJSJuQhYZqk4GAtjDJXYDVqP136QqFom1tmAAXEE6jugLyCHUGJKq038gh2fCzYw82gWchhkYE+IiWJ8Lvp+ZCYBw0IcPd+j/hQxVn1qP7yWr4/gkXHUqacO4N+AYMIctTPgYfxNtxZ2udvtjkTUG8RqwC6nKuJyNNc+BoGkNTpb2HRlaV6+TxPoO0ZKG3B84VGUGYUhheCkktTMahDqRmIGuul850IEmkzTaCBQyQdd7wZr0MG/DiOi9Mp8kxMu9PoovSmtjFauYKqOt1JIlgJhMEL7KFvw2RkmCCL/vH+L97bntufZ1LsI4Cw6toPvEO68QrZvLWUICBCnQBz/COyiK8JCvtVQtesz/qRVYhxbQDS5LYAdo2YD4SIuGiJKQ4ZohF75UwH59TGAxMF9rd9r6+weEHJoWfOZN0w0uSUttnj/SRCYZbj1asV1usN1ifHGNZrgBIKk28OMJosIWLNBZ0d45P38cA4lbdr1N3J0sHYpp7Q2J2qgIsjAHLcMq2BXFC5oPBWiqNp/2jxRof/YR64bxItmCFiEYQ7nGmUB6kTkSKD+znu5G2nSwN/aw7yKJeJyJ36hNJkmep/jQtVWjTdYt0kSq6DK2tuRQBEA2qVKCUxnBPSkKVISaqQOtDdalYsRU0HReIZdTSfJqywScBVCRngjHkqUoEa+yfcGp/0PNnNovOCm50AFxyvMjBXzNMMSqs9e+NQHtClQzHaC45bqF+Dyz5ZqjHXcwun3FKmLd+5vC9uyNjvFkQS74320zJF26GNskiHOMbl++35Q6kRunUTaNKO/ke9RshpwNHxMU5OTrBerTXyXiJGfTO/0/G2FvjAZ/t0shyL5mhrkVrUOIRbX3NwcCu8bjmVfR3vy6r+MtlUkXJGHirqNHuqKVKMM5cC2u0wjqPrVut7zgkpjR78U2tFToNvLCHo5d12C5DmcE8ESoOIb26bsqRjWfI0h1ysnY5djDERdeUxTd/bHNhnRvdlux3Pmz4wWY62WuO8uETXdkstjutI9e2S36R4VrMD7XN3qjI33jHdk4E8jCACEjPK1Q67N29jvrxA5oqcMubVgAEJQ5a5kSh6S3tSXEdBC1ZRO/TU6EkIhy/acXqRfyFVHcxxx91aQZwXitIthXkwW05slAAVFxcF/WeRouw3MvpczjaOPCQA2bsxU5WNBx9rs9OZZZ+/zISaLfUcQLYJBxu78ghkrVtufikX0pxyMRqX7Hf7GTHPgzbOEOkfv1+ye+PAA+plD4u+ley3vtkdwuMcilkqD6reZJbkEIYTZHgmNyTApwxiB8bxNZ6R7VubV+2gv8siqPeQD6G9M9DZN7d5X+aaHwR+Z9AVNmalu/BrwGdE+4R31m4L5ZB+92H+/3ANlpcpKgug7t0oxmtCLYRpqgJy0wBbxISWZ9LaG5AwahGJaS6a2DlGcDaQ00/2g5nPPo9gJn5v1/LYvymGQ7l95nkGEWG323VKPgKR2JdO8C5ARvz9UHStPRejYpkZ4zji+vXruH79OlAK3njuOVy+8QZOHn0UXAqG9Rpv++hHUecZP/j61/H1//gf8dD73oebTz2Fey+9hOc+8xl869Ofxr0XXkDd7Zpy+TFcDGBzHbj5LuDWu4DtPeDoZsb1J0Yc3co4e33uowX/khcBouAuLnDvpZfwR//+3+POCy/g6b/9t/Gx3/gNXH/HO/DK//k/eO1rX8ONJ5/ET/2dv4O7L76IF7/wBYAIJ489je/9yVfxtg++H6sTxtFuxsX9y1C/iTsnGQA/Rh2FgvFl1mIZlhfNFrxFqcD+huTD42BUmvBmVULykRwbgRb0cNvBhQVUaamBavItTARDI5qSRtHoMy6mzKBADx5tXFbtFwocJSpMhGqDDu390UmUUlifIMlbxj2ftfVru9Oa25EhFYS7SHmhqzkzLcqOdZ5knRZohQDUwl3bsDw66HetTCCH0yn9xQ0syvoWeZByhu3wIYyzjasZxIcM+gqLIEqQY7lStVaqJVeAMhgFlvfOo2aZnf/MCW3s0FkHTrm289kZohH8gjAOA6ZcpaARquZCVfp5A0vlngCedW+AwXVCrTOYM2JE9j5Rl7SmBkz1kS6fWxifk1JzDkcHQRy6O5pMeVvEa9AZsaJ7BNztCFqQ3UFhG81rfDF63dSN0WhN0Jzj7J8ZII7J1xMAytmPqMXNOeP/iBvMqDA9ZsAKzLj/5n3cuXMHxxl45MaIdU6SKpYlahp10irwEkXJhUFkx/A1+jUYlQTJyFpqQZnl+LPRvTn8DiOSqCcB+AmQGI20NMwR2gWjyzdMKWFUxw5RRakJJYkTMoVUAg8yxHuOWRgp4Wecy6jHE8iBuU2KRMHUPewy5qyFfuAFrw5eKUaksoNGsQ0igCY5NWAGIVqUba21L4q6mIP4k4M8OTTmhm8WvBxoweFlrXdhg4/I020ALc+yrQO23KKuUoWxC1cUIqxONticXMNqcwQeNFc9dCOhwougEin+Iha+jMrQaFcPbCZqqFmHLc1w0+64no5rPojbWgsYCUPeoPIMzAUDdqqjpRF37i2wfpPLIq+sXIGlIzI+osUc2byA2Au/7Dvglu85HA0Jqm2OoUYwyUmVpEqZYEVKWE+nMMBJU7/EDVVrMzXjzj9KSHUORCWNsKsa1SxYahgHPfGSnXZt3QWVZL8TISHQy8apesrwCmlfa5GCKYQBKbdozKUdkBYL6ZAT0PUXVSSq2GxWWKUVpvsXuCrtFFO8Iv6Px+6XjtQ/zwFql91rtsTS/oi/Hyp2tbz2HAYH7ln2Lf7/oGja2E7UBYfaXL5/aUPF++JGrOVbBcS2W69GXLt2DUfHx6pvLeDAQJ/Zl7r5E363jUuYTtIq24YVnNn1bwu6kXblH4MSsgEU7MQwp6UUULaiPMKrNYw56sI27mgbE8ZRnJ07nsBcu5QMMVdtTMeTNFpbAhIYs2SA6ubNnKxS6ClhYrGBJe1QQiYrRL0IUFAa+Fa3zV/AVljOc5vYRTvNpvJbEG0mlQ0x4joteMmeZ9M74fsFH9mx/qzzxCocLdJZ8CO5IDKejxcRebEqcdBquq0yYzo7x3T/HDxdqTMwYTtNSEWKtvKQgJWkd0qmHyXnkWJIRbcBfym5O/q6RemfhdzAzJCCj5HubeL2kBJR+E4pHgpmhckCaw0SnyelqX1PMRjC1rciaiYCpYw8MIikqCGR5Pcvc5VCwmh2OCGDKzBPAJHk5h207k8iCvJOdJg8eChfdBynoUc4xiEAHqBNQfagl2W2rgTe9Hipo9IBGW30OWQzdfTv8MPiJK120E1enQXhx6X/rF8/RABlQmbCANuoMj6nRSRvbjI02Fr6OmG5RWCRb7qGebf2DCr4WPQe2QgLDSNgTyzp6oig8d9SZzQSOV0a6fo5OYiVfgLX0LjKQAqcoI4Pq1KUE6apYC5VoyiAlIYGqjQZtxUXSQSMSCgEzLXKkd3UnJ4p9Qr2kJKNhZ6WIKkDZ4tj9/G+QwAnOk1jVM2hhRMBTHzPEqT0AHm5W46un3G8wzDg5OTEc6yev/Ya7r/6KlYnJ7j13vciKQ3GzQaPfuhD2Ny8ibPXXsPp44/j9W99C89++tP49mc/i3svvCBG6F+SGR50VQAnjwOP/jSwugFc3mEMK8LpYwNOHx9x//X5x/Yukx08z3jj2Wcxb7fYXVzgY8fHuPb2t+PstddwdOsWbr3nPbi6exff/vSnAQBP/MzP4PTxx/HqV6Tg1fW33cLxtWvYbSfsrlidDYS8mDNzrLk+YXZFVdTR49GIGlEanUtEQIIdK6nim1LjSI5eqyOLLE+rRI62KBJqAwcA0qINLP3lIpV6BdQ2oRVzyFaWnTrJi8R+FM6BXmBBAZYW5QSV+TWo1nbcVa3BZviTz443GYHPErwfnF8KxIMZm6q0KIG0OjgSQBk6LvmuqiKwKHgT1ICVDGgKxRRBJG3nJtAj6WzKOSUMQ8JW582elDQ4tiso7Qtwi7LGQI9Fpliho+zPitIoCjQYccfYQLfRxfN2IsIBOIg08Bkv25l15QQgDQTKSk9WXYzzAAAgAElEQVROKBUolTEA6FI+qLfBaaFMnMFAmcC0A+c1ZlOjbDvC1Z0HNpbG0sHIoR6omFPBcKu3sFgK7Q9r3/hLnhGHU+oKVbgzkpuT2t6512yKPGNOF3LjwXWLpSKIoLc13H9HGuVgY9G5SmlQuVP2dFTVaNkW1crIKXseQ9GnBWfn57h/dh+XF5cAgJIydjOwWg9AKtATt+7YYl1XpLrdnbT2efLJl7HWCioTiGcAg8Yzq0stzt2BtR318Gq1wsXFxd5plD1jnrnLm6TiRqJoiWS1EPluPAiwSkSkG7nCar1MCc07nnEZHoCciBnj08ZlRO6+j/CoyV2LsI4RzGiOUAHgwQGhx9MKFz2eCKOq8lz2dgisgdHsG3/Ws2rjNoDvUfIBXMLG7I+ZVGlfBhkhfya/w9SFjx8m83SOPWOERf/IiYeIG0GkVY0BYo1qFOZAWq1x7fgUq6Nj0DCCAUylSOQ15KST6Ny2nnx9GDDX9Wo2dcox+qaNmRDqzESdb+1Qc6yobS76PAB8oYdEgnFeo/KE3OFDgkum8HmtzdkS9aXNu/XJ+xbmw3WXdMZ1lhsxZqjpnKTGxf5TyuUNfi8pX8v6krd1UdR6HNX0KCufeK7FoJNcD9kYCKCcVdSLnTAXKXZreiIPCXnQeUNulheR/rSI2faKtqSVTgqx2BheOU6wV9aTIhUgyYtu9a5rZ3STR/AtHZ2GKdq8y4ZIHhLGFWE1jrg2rTCdS5EuO+YLLkgU9CD1kazxWp5kO2QzGA8dcsgu2zp0r7UXnzkUUXrIefqj9DWmTIvO1uUGWrwO2XnLtpd9i/21NsdxxPHxMY6OTjCYo7E27OT8AJHB1hV3jPSdAgwjhCO8JnEPOT/NKRn1KAwPaV/7wlloGKY2rPBA53c3b2JPj6sBzBWzBV9CNptk7ECBVFofh1GCN8jkXsIwjCDKLTWP60KAaxVHI2t0LjFmFKTE7rC1KFk/FQdxRpoM9fnrokubXjQHpgERfyLgJ2CpD/v7It/5xvuSzx1MHng3AYMWqjJHsNsrlurKjpRDpIrE29vfgB3hJ3U+e27qecZ8foH5/AJluxVJTAMqiiS4JJGL024GV5MXCTyYLifAcrFCZCUbFqHGX5UDHjDZ53KYQLrZ1GtBo5POHRnbBP61KyWPGNyTNJYTI7WoU9doQSe4bawUNfRo81TB0CwxGFIWPDADjAllZh296aoBzCy8XSp4ygBVZMrIKtc9EEXZy/WRv38xjHAiEdRwjY3IMY7hf+NI5S9e8FeTFuYYdVCtfGtTwDLP/s5eNluqtr7LoW/dvNDBMdqw/Ag/XDvq2KU2ywD2oqte3Fu3MB2jKB2sGHS0c9t0H6Kv9U1lfUoepBNvt82fJleNrFEX7kc+Wx9a4Eb73jfIvI+GElv7h66fpKN1cEGk/wqBNISYixrSGaABZVIhEUA/KbAzJeKRDWAM0OgtYpTEenS6LYwH7VouP98DQA8gyhJgLO+LgGD5juUzngPvLUCJfX4IlNjOStxRPvTelBKOj49x7do1rFcrlO0W09UVzl9/HePxMY5u3UIaR3CtuPPCCxg2Gzz24Q/j4fe/H9//8pfxjf/8n/Hc//yfOH/tNQz4CV0E3HoSeOyDgL+EgJNHB9x8x4hXv355WCj/1V6JDODNl17Ct377t7G7fx8AxHH6jneAS8GLX/gC6jzj2hNP4OTRR7E6PUVerTBdXoFpjfFohaPjLebpXHK7WCQXk1SmhPIHtSPaEX71i1h5nSuYq+/esDnFyBypvKf429FEwI5JNnZTYZCSR6q4U4Dte103lpbAKQTZDWTdISRxFkcnCsFyDdmY1PEaLok2qpIkOlp4yXR7AP36nQG1JvJb9J31tVbuQFgT0SElQtcXAkiPIyXCMGQMWcxEUhrWamOQiYm52XydwRR9QiujbN/A6SkOuoKcCCkNCiqTF5dKFo2sTBDqB8CigOJ7q1Md7iSu6vzuq62HHUFqEC4676qBfUYPXPWdpjQaD3Y9kx3eLJXoJeKXUKrsWMp8hoI3BryMnqZ0lddSnVApqV7Q7Rs10IV3Ikihbh2RIR/08hsETW9R0aaQ/b39jNnn6ObY5a5/1iJ4kkaqsrfbG0l2hL/TGWb0BADV3t/6z+FddiUrdqDgtzlyojNuFufRQkfFfMlcWY4DJokcSSR5Jn/4+g+x2+30KLo4aucyYzfPKOsBRBWpGgg2EAnvN2qjoR/Vhjj8FU3J0uMiFltn6ATnUDRcws/4nUUZHTKiu7/N0OEg11gNYRJO5irOxsKM7P2BMYwAdBK5ELZORHwR2joDoc8RHGVFA5Qyt5YORrvoT5izjIRGZlAYR1CD20tMYDiBKDk9ZSk3GWoSmwxHhb6aYWkpYdhSu7iesA0PdD+VpD4ICgNy+R1v1Pk2QNcwrXyeEjlfmBLLlFFzcxqInGjVlZEIaRgxbjbYHJ9iXK3AKaGyRIpLeikxZshoyi3CkFwmofGKh4p2JuLeZTISaPivzb38U4Od6O+HbfypfE4jiAs4DSLPg8gNXGeSHO5TsNlWnVY4RF+7LhaDp9us07lwo4PaG9xnwO1W/9x1m2sCX0+ySVIVK7QNIBB5QS7Tq0DT+4R+ndtKY2cf+0XkT0WSSCR1nhIYeaCQQqPhH1t/4jyAywRbC2aY+VqxyG9mUe+ue4GpyhFbSrpZQeZe1dOeCkUq7PcW3RXUV6O3ypRhzEhDAmXgZLPCxXbGjgFOWaLLa8Nk0XG2lH9L++FQ4EX8PMrQPy9yNf5+yH5y3bWwYw49a38fGov9figNwqE+HXr+0L3Rjoo6nNURtl6v1al6pFGag+v3iAsAtEgu5V1L09Ps2/Z9wxtsnUOclaUsbTqi3RDxNPNCV3L73JbIkmbd3AR5HL/Pg2BRqSgfZL/KjrkW3+xbrVYY/MRLK9Y0z4I/mDUHaY5zbHhK3lmL4IJECcMQnMXuSLeNX97nA6IuTZcLWqNl+H6P75yoYRKszchD3mzTR3vOaQaQhB98Q6WKDDSbrKWEYR2v2mtVigKDSOox6Ea3nWLMpWK+2uLizXvAdodUKjLJRo7bAV5jQcZQSsU0FVQwBs5IqYIyNXsGDPAyhr/HMAjfOo/5t/19kU7Njumb51B7oZG99m+xzS/OQd90sxD6YFdLBEFeth06l0BKLJGoAGrV4IVqoj+BQoFdrowyM+ak1Mhi18rZHu6O6x/qSest+bqJ62wpP/wr032hPU+toZ8RBbsFUa6T61EZM+u6o3Cf9avHrR15tR/9qGK/0HQxCAipnliOYLnuQ5YTYHXIqFB5wYa7DXfCbdX4jkP0NRr5J/57098wvt67p/eDRJwGtNiuvbcG+nVXYrffon1h88PBVuvmcJ9NfmzXnj9OBLz1jZTo4mWZ54LdVJz5I2iPxgjZfylhAGFNAFfGzgSpClfHZIsRLhOcL5Xx0kl5CEwc2s2N39tzh4wgU+yH3rV8x7K9pSPVjnEcejcgUas3btzA0dERpvNzicy8eRPbN97A62dnuP7443j4/e8HDQNe/tKXcPTQQ8jjiDe/+138zr/5N3j5j/4Iu3v3fmKOVQYwDsDD7wIeexrAJB9yBY5vZdx854hhINT5wcvwr3JlANsf/hDf+G//Ddu7d/H//ut/jeHoCC9/6Uu4vHsXP/cv/yWe+8xn8Mbzz+Pxj34UH/x7fw/jyYkstLLD5vo17LY7XF1NIC/K1KeVsDyHAHxBJhIerlWOLLggIXjUtmEyrqXjN7vMkEukla4t6hkMP+Npxhy3ROrSp8DzrvxZiqaIHAkOnGakueDWPHjxIhgQFAexG26AR1QBYvAOIUdoG5M6rKgBO+8hmQrv15w77dwEhDi43cJZAoQcNv+EZlrgXIFcD2ZBvaA0ECvHG6TPZtw6EZwwGZQ0Mq5KtOmQB0yetqEBTyJq863fNibQNe8KymSmHAeq1Yr+Ce1BFjGlTi6TGWkJuJvuWsqbrjp0UFLGFzlBc3YNmKeiBCTMc8G4GkHJHEgSLdw0qfYpmVkKABO4ElIeAcqA78KaM6Q5EILyUH4Lny0UX+fsJArRBIG2S2MFwFK2+5Gu0K7LcVJXWV0e+D+sVy3PWifvOz3c5Ls5cON4omEcT0T4MdHQaDueKr+nRKBsOYXF8X/v/l2cnZ35Zl9Og9OAGZg0p3RKWWRIalEtBwYn1WgpRNSw0lkdh6UCibnp5wdcb2V8xyOKNvYHXQejrxSYytFkScBfQJhBkg+6tig3m/OUYpSiDo7QVRE20BjBLAOalqM57GKUgXaujdkJYPKU2h8GiJTxbXe+GdzmMNI372EK61PvOF0CT3kXuQKy7zn862sPaE6rMCaO/3a6BkAYZ99FAjg5XrbHUoIWXBGHnThAEwpL9MJ4fIzNyTHyuAKIMOs72eYOjMI10NE2beB0MODvaXei7bcwUuI4TG67c0NpypXFjg1zQT4wMzIkUof1GAXTCiltJFUKZo+MbPMgjRMyODe6SvVdYxqPb0RkJhsSx8+i9eG8uJgX44NOh0qaj+X6EN9nct3aNWhzQubgb/rcXshGY+Un0nd4nj4mgBLqzFKVWE+lUJIIuqSne8i8wqqfiSxOaLHG4iQbbSlpu5bXWiK5S2FM0yypUSLPmn7VPsp8hs3OuDY7uS88kbJE4ueUUcFYrwdcP93g7tkWM2RDWqJkdQwHbII2hOV67+2UpRM0FsIlagEf9uxb2TyH+uA6a9EHu2Iqs0M2zYPssCjDl/m2D/XHxnHoO0D0R6TB6ek1HB8fY7Vai47UNSdQIZ4QiNuA7UqGVz1lV3ifvR8Gf4LMt3VlPLLUdfp5OkQrGxvJ92Xx7CGdeIjOPoYkNUHmaRanYJL85AA8Qqwyo86SxJLHFfKQm4pPhGEcQGVGLbXJVyJ3QMKHHDALNRwFO3lXF88DKjP316td0XlqajLiwo7maPwcGvDvGt5vGz8dxVjGmwZ13nGrlWJtO0TQU4J2Lt/K8iGJAzkNSY6PqxMqA6iXl7g8P8fu8go8z8ggLUTKUvDOaZBN7QJQJ/gshRwth+7ADNI89QQGU9tEMVvR8FDMG2ojzhYBs8AHRo/I085fQfvvOan0/o4FG7H25sPhY4croMUQFZuQ4R5xhooJRKDM+P9oe/M4u46j7vvbfc7dZtOMRhpJo82SLMmSJduxLa/xvmSxSWyCIQlZHQIEE/YHCBAICQHyELKwBMKbBMhLwicJa4h3O4l3yfJuK/ImS7IkW/tII8167zn9/NFd3X3OvWPD89jHvpp7z9Knu7q66lfV1dUJmkrVBQu0covhCrykAE2eG5pNsd81iVYoUmy6DesoFJdwuUmFCYvIThE912m8leWDgIKwwjDQVJXoGDCLlBHRy40lCQrKnaNfbOSyg9wHl0b18RjGjymhb/htnw0T7r6uiSZx7v9Wy9mnLlBA7glWivGbaBYYwo+fyMEaiU2xB0WWiC0cD/lCG33zQttUEp4JdqO8R/nVXzFGUB4kxv0W9N5ME4uv15G2s5U9DAatUwwuV2ALWk2DyZxjChVsOAU2Qi4PocDOmFUKUq2oGTvLm7cN1BIjRscrEaKTczP+PpOCkr/xTLA8F7+vDHTK12IjuvzucpmikMopBbTW9PX10Wg0yCYn2b1pE499/eusf+c7WXrBBey85x42/cVfcMJFFzFr2TJqvb0+FcBdf/zH7HzwQfKxsdcvYhXIgFkLYM4K6JsLuAwAeWaodCX0zqvQNSfl+IHWa7KxVadDA2p6mm333Uf6xS/yhve8hxVXXsn+LVs49tJLzDv1VBoDA3TNmWPzZmrN6O7d5K0mte46Pf19ZIcOk7VwqSjEuRqBs5KjBK1JdILKc1Se+36DwnC2g11px+suCkX4xQMsHe0yGEBJ4K/OwDXGJyoaL8WIkVCVPHcmisJtQGHBAyJ4lQKXw84qMROiIo1xAE2UukJmB+115TenEhrF/G5c+73z2IE2nNKQaB67hNNGgXhHqFvGHDYQExmq8LtNI/FkMhscKRZPJwElYigTCXYTVVTGrC7QV6UaEkXetHlY5Skx+GIME/K+RsBOW+VvwKUxcPmGjMJa8gqjnMMtcoAVZEwHJdrBXvAAqqyUpJHSBzpRJIkmd4onz5V19iY2n7BxG3gphDfF4STtNihaaKNAtUAl5Hlq268k2iIo+2C0xnwSvhea4AFGUY7HO9oaIqMlonXB6V8C5XLdnncgr2RUdjqUUp6fpNwApcTx5zY5EoMpHgeRPkx0EiJvsigSQClkuZ/kUBMjWuqttWJs7DiHDx+O6laKalJWz2a5BfTW+eOi7VRRt0lEB0q7xKyBbAZNYpTPsZkT+vS/Q6+29wgdZ9Clck7ujzcriY1z5WhuPSWSO9IuVUqkD7STya6rLd1lTBddbapgnESgrm1sKWF+v3wSIykoIszjZL9xURkBwMd8ajy2UdhxZwogLx60lld9RI0uyhfBEB5ri01V0gG+bdGY8HWIrmOMf7Xf+MUY7xQwEmFdoo4HyEph0+Qot+Ov8g5Ehc2ZWmnUqHZ3UanXUalMCii/9Fx6SSlVyCUo8izmoU54K8i9oAv8dx36WcpIVJC1oo/Ce5wEdFWTyVXRAUbZfKE5dTCgxVD0+kiwgPJ1IcuCrveb9QUMEdNWxfgjonXB6HErW+LVHkHkaG/jBFrhynSzk16+Bb7A0czvkGysDsgF13i566VgzELekykT1EopuyOxAeU2odNJTqWiCZFcuWP9UJbQKe7vtqGpA219WcaCHZNbh4VsiqKMAi2pCZSdUHKRqGEy2r7YT0ioQE/jNs2sVBLSasXSMLNLprsbFSanpzk+1UKR4ihc6NGYX2fKh1q2W8q/4wCP2H7o9Ky8aybnbicZPJONVHbGlh2l5XfIPZ02xerkhIU4irx4yGSp1pp6ve5TABTS/fiIdjfOYhna4fBpAjB+Y6mYj6Ww+GekygsT2Trqp1gWerns2lrQn75s5TYrKtqUxQCGzofXi1qByRA5S8QnUk6eG6anp0lNSiWVdES2L9I0xSTW2ZhnLo0GkGhrP8QV18o6cI0FjHZZsUp9vnjpK6lfgU9c3TyPyXj21xyPZK4tWhXvp8TjYsNE7/JOJDkvueu9DLasUcxvL7JPuQlk0WP4ZxJtnVBe3hhjdUczY3pigqnRUUxrmsTIJn7K5Vy3ciVIFgoAwyi7Iandcc+g87Ay0kbXamxwiQU0OeIQlvZJucatMjQW15dYR8ZFcXwX9aHcJ5c8Lb3+fQV+jGRz2ISqcIO3P0NnG+zmqhl+2yUFKiXkwNUZtBwWLEw+WNyXNy1dtAJVEQersRaqNl6pmqhGMYZRZgb5UJKV/pz7KFzO3Cj5HE4OWRVYbH/AZUG5KUn3p4j2O3B2dsl2ATz9Yh2pkNU0IBtmx5hPpJC0QiL4lStbOwycOLs3Ny5hThbTpSjDrUxzFepAs9DUIJMlB378ielbpDPFI8ap3oYr44I4wn/mehWxSlE3d9J9r/WRKlWOrMQGqOUun54TGK08I8sBnYKSHcqD8WAbE3KHKO0MemyeS6OxRpyBXBuXBD9zik8VCF+e8SwfMymm+JlOm0mVB08R0BcBTXmJTvl7GfB0Ah3l6/E1AQ99fX3oPCfLc/qXLuWkq69m13330T00xKwlS+hfsoTxAwdg507mrl3L6O7d/Og//5NdmzeTj42hXiEq6P/1ENA4eznMWgy6BvkUXoglqaJrdsLgiTWOj7Rwqddel0MZg56aYud991Hr7WVdmjK0di0v3ncf8085hd4FC0gqFbJmk/1PPMG2W28lrdVYfM7ZDL/hFBqTk4wfn8SHv5f6XJaAyBpBY1w0jQKVaL9MxtfH80BQ+G4Oyy5biPlNnhPDzTtTlFt+4nKkRWBajJrCMiJXSB4LLyk24sGCEI7fj1WGxtixGjpLSpGZIm2X3JkME41PC+xslKd+lZ6OQYwVhs4ZJ9XxQ9EZQwoMid04xBk8OtE2klQ2WDJ2aY1OrPQJIFfZwDtvbMd1iAxCD/RwStFGF+bOCE6TlCTJ0UnLRpp6R1MUmRm30bXPFi1KICg6bT3IblOrxOaUFVbQMdWDwgXaBH/YtyuSMR3ob3ki8Q5AZaBSsZGruSWr3ak7VzYbnxf2+I12VLTLcmino0DWtJsy6aQARmMdPyMoEzDrvof+wfetb4MDYwIQ24wZoZmJa1Gkm3dsSnRH9F7ZjbYTDS1wxZfnS1R4RxBYg6ucekApJwfc+TyTCPH4niAv4vGutSbLMqamphgdHWVyctIb5vZeyynxZiwqs/PKeS55OlVQ4CItHFgm4jvEIUEeom+NAaWjpbsxP7r2v4JhH/8uR1zFUawz6e7CxKe38cT4cRGRKLSLOAzSMBgf1okSj8Fin0kf+e/Szoi/hJF9/lRXSuJTUHhG8e/07/MyT3gsAE6w+ZvbcEj8rUBXab7TMyakWPFypyAPCtXy9Wk3sOLr4bzYaOK4KBgMSs1QvvaF2NQNuUsBkNJV76LSqKMrqTV+nBDLHTCWFRQ+31hcQ2XLjtVEwHDK5wxTvq+Uo3k4LzSLa26fd9cjowZ/R6iE16wuP7p1nmqMqkGSY/IWJm86vetkaCTejK+IVFThDaK4xTFvFjsl4len1KReRcK4e7XfmEo40k4+4CfKRPHliAOksw6xsgovq6TG7WO90BD/w0bDKP9O7TYiCZE58vFmYKFsKzPj98XjSJb1O12fK3JjN47EKHSS+vz65NorDc9XFtB5R1jAgk7oCI7SVhem1dSlwnCEJKOWJPR21ZnOppjObFuUDu2J5U0n7F+2bTpNUMUTbvLMf2cpfid5HDs54/Odyij/7rSXRXyU07/E7S1vHBzXodOKQTlfqVRoNBo+BQCUnMYR4FBufLVzcukwbsxL6h6xN0u3lWkgfAIylNvfFOOEduxk62eM8Jc4D4rvfKXDXra6X/Bq7vJ3i+CR6LdEa7unQ57TbDYxxlCtVMJEoXtfmqbkOnfOLHF8hvbHult+55nb0EhBmtg8rhLVFushr5+csLXPe+sCb7dEvIKhMJnZ8YgcLfannWzqZDdl4gB29Um0LuJH6TOnf7TbKMluaiuBDnYVj8ky8km790c2OYXKMhuw4DaZNBJc4yWq8n2GwxHGAK4+GDcpDtAyKBc1q5OEJJHUAzanq5XVnrsC77oc1YEknXR7sc/j84ILw8rC6EHTwdZRwVYJ7QO/rDx6hyHU0dYZcPafMi7vLMrjmVSLbNC0lLWXWq2Wn+ASnZEbu2Fhq2VQKofU2amC1ZSdRIgnPb3DUfgvVBYfIBgaEzSS149SJkhgT1Bhsf0d44eIeAq/cRZK8jHLJUejjoEfxsOHOKLVyBysCeUqX5pp6xuxo6wtZevm5YjRNjewIdDZSFnKTYK244R4LEfN9DxQ3lfo1eTbTEcse17NF9pRn6r2a7E+fL0drIWgxyDoXIOcIjI5NJstuzzaL8sJzwQwkXkjwAIg44z2lERpKgo3U+YEmstTacGcaSNCp6OsqH2i7hJwiZWEfOIomdhBWgYF8XugHQjIuZkU7Ux5XeM6VioVenp6qFarjO7axZEdO8hbLeaffjpJrcbonj2MHzhApbub3oULmbV4MZMjI2z7/vfZdscdr2sqgEI7gaFVMGsRZfkNQK03Ye7KGnseHac19foyqwamDh1ix913U2k0eMP73sfsFSvomT8fpRQjL7zAns2bObJzJ9WeHtJ6nbFDhxg7fIRaVxfNqYypqSZERiHgNIcTU84AMmKEiABziqBMAntaY3wOSxCjU5vSbrWuFUkSTSiosDFIfK8xBpNboz4GdyV84SKdJEeVIs8EFCUFHi5HHpT5MrgnQHZ4lyV7fpw4UZ7oeJwQKTYxnCUWBL/pjI/qBTAhEti+L9TRFOhnl6xbg0hZECJKxrVBDMVEJa7cmD6iyNos2qAUJaLHyTm7G2VIDi+RzmLUFvoyVhwe8GhvGEqS7VaWYUzFR3bZdgfntvI0Cm0rejHs+8WRJHwQjEUcz4qBEvo4SaxjTitj8+DluGVhiQM7ATw4ZiZE7FraaRd128qbKFXBpBkQktsLDxXo4dtRBDTx4XnA0dynxIgaL04AcXTLO1TEfH7MRF0sUX5FAFRGjEFfFAzheGxA9Hw7qIid3TrRLnLSgXsxUJIkipyw74x3INYuH9qRI0cYGxtz/ZYUonu0Dk4AX1+lwOjgbIjGRkw/b0gI5hXeM258So4rlyO90KeGtjLLRyeDrLzEtAy4yjQsnpfJjNAfkgvYqMzxA3YDLhVF9Eh5QBxZLgaFjmRr/D4/7sQY8+MQT++Yz7yBEwmbNvq482IoFR0UUo6mTNUCHTwrWkPVR5VSVMWFdrQ5MiRC016TcR02FJB6yfjVfkx2lHUxbwFKa5pZTq5AJSnVeo1GdzeqUsNouymZMdhNl0yIbBfayrlC9LoYDyV5q1xkr++TiJb48qK1v+6C4Eu/Mt/rE9r6BMJkmqW0TKq63OW6gtYZKpsG5+CIMWx4bZBVyLWSbAkOl1CDOOopbqOngor/FpjA/9FKdGgWZCWAyfwmdXLSGBt9JjjD85YJkb3F17nzWoWIZ2S8KSAhzzOX9sfWQZyrYKJljuXqx+Oo3QGFtN/XwVJL9Gwzy1xWFIWY13YPFh3ojIvmEd7vgPcNzrHpDNG0EvIMWgM1A5XRVa9yfCqnNWmnC5IkJc9bhbaU2zeTTRProLYd3Ql6stNz8dFp4momeVuuk9gtZYdwJ2euOE2zLCu8Q3Bi+f5Oct9eF4rjyk1pNBp0dTWoVqt+wlEm0r18LuQ9dG3qSFm83SeYKkDACLd1oE3HsqQtM7xH/voJy4IsVw6jyfZqgQ6dyojP57JBtNakSUKeprRaLa8bcH0Wr3aQCd5Wq4Uxud2/IE0L77GObOWcWS5Vg6tTTpEWIhtks2qjFEmaotLH1SQAACAASURBVMSJ6aLqY/ykXK4ep2VC+R6zGh9VnGcZ5A4nqE79K22iwGNKqRD56GymOF1CWV/F7YlhqWwmam13N95MRjbVZOr4GGZqApXnVJQi1wqDxmhsyjenKSR1gFFRtGTU/0ortImi3A2Y3NI/N4Ykz8nzhEpFJrllUh2nu+OxFdV9BrkS9GSkWwvnHRY05edLOVc99bRXP7ZKxprSMWZ0H+P/seXZ99lNqewTCuXSJqBseoD4XcbktIzFehiRL3biPcty3+4EZYOZZKWKcejRRD4qJ8vLk92uFxzPt5sHQisHR5zsifCD0DCSz1J2wTZy/wScRsDkrv5ttjqC50XzRAU5QSaOYWvCCuXlna5MlzZIxqB16Gp0qkmMDcwgcas6fKopaw3kJXnt6xbRqpPMmknvxDohLrN8rdP5sl56NX0K3rQP41M5u0LLpJQq3P9aHylR5KoAbwt4cS/XbmbYzuQmaVCKAnCkgsbYvCFKwAku8b8DTDXtNhEyCTk2obayEsY7BEAcWkWQEN5RHAGdcprOBG7kiGeAy0Zfp2Uw8XOeVq/AJF7oJ4k/VzY+6/U6PT09FqRMTzNx+DBTx49T6+tj3qmnUh8Y4OVHH2Vs/36GTj6Z3kWLeObLX+a5227j6K5dVGbq0dfoEHBab9hcqz4lgO/7DJMp0lrO4NKEeo/m+GT+ukavgs15c2zXLrbdeSc9Q0Oc9ZGPUOnuZmT7dvY++ij7t2zB5Dlrrr2W6ePHGd2zh2MLF1JftYJ6T0aWHXebBVmeDCpfIkdk4OGWnjuRpCzgNw4kTRw8yM7bb2fXnXcWDDqvsNOUwTVrGN5wFsNnnomu17EbSThjzIE0pRQhj0tQlsYYl+zcgQ/JM+gP5cdJngdDWqduZlAAu2uLnZG1Q1En0VJssM8pjTGpzfmD29Fa5RijXfvt6gGlrYoNjtSgfnzaAK9N7GqN3N0TnGKh/VY5OOHpwYNzKCWaNLVtz1uOVhkoUteGzMsWQxSB58qNDdqy4I6XiAjY0wmkiaKVWJo6NY33RZlIBqnQN955IU4UR1OlEyfYDTmaik7JaCIzqDFAihCLVKpQN6LT3vBWYPKcg1ufY8s//ysHtz7rH1x07gZOesePMXDCYtKKImsF42lk+4s8dvNNvPTgZur9fax954+z6LwNVBqNoPCVkC5B5cYujcLY3bJNQq6U3eTK0cLHJNkO9u3ySs3zWwDWsSSP+aHoCFLhufjeCEzI/cX3YJdZyVgq0DbMJEt52rVB+iB25AanK8Vl5CLrhX/cWLZL5oIusM9LXtWkoFdarRbHjh3j+PHjbrOqOD1APLHiZpnDq9Habk6TZymYxMsr23/Oae4NmBA9EzaySewOxsrqeW1szlVl3CZySNSERF90NjzLBnhhg66S0Sl6sLwyJLRLNo5zYDy8hczlrsZAJbP5V2X/h6CvBQg72Oz6TXg6jNUw7kSuGjzDRtfjuoW+kbF34PEnefo732Fs78sdadM1NMTcU05hycUX0zs8XDAxg0NRzkG7IeQOHUZAEW+EyJgQmaF8fxUcKAq/ZMs9bb/ncQ5EW59MooIkTQhgyF3UsPZGjzFAJaVarVGp1UlqdYxSZK4jZOwZJcu5TEH3hGXT4twzojraDNTchOWEco9MYNib7UaT5eBrr5kLOsCEfhRcplx7JAeZUigjeQtFzkFOBaPqaG1QeUu0RLELRS4E29h+L0WQRbf7PopucLIIZPeqXLlJTpOgSJxjI7MRT8qOV5FViIEp7XU08DE9SjnsrUNaAJH9QGYyP/kiDTNhttSR00180EKTkOfKrnrVbjdtpahWbQ5mVOa4KDa+AsaSbor5MxA0plOwD0Q2kWc+6t5u5qNsXZ0xLDLYBG7wpFHYNAi2HJlszKlUU3SqQZtoBZFdZq2Nob8rpdWaYDKzhmhZvsXHK0Wdxs94R2CBDYKeKjtEy87R+JnYxonPd3KCSnqamRy58b1yX2x7dWqb3BdPJIZ62s1hZdzXajW6Gl1Ua9UI81r8gehvLfmeI6wg73bjN5fUGYL9oKPDWnS2yA6ZzPM6PRp7ZT0W90kZpxRohQx52azSOZaUxq4Oi6VcrI9K/R3dpTSkqQZsXlqpc+Jy4eem5Z/JfR/YKNY8z0ldmoD4SFNrG/jl/oLmyjqIIJd9OgDlHL4uhYBgp4JjSNk0SYgNILvVeBJKX0VOySJRCu8WbOE3y3WYS2xTwDt7he6m4NJ24yBxzlSjbLqIRNMyOanJYbpFa3yc6bExJ1s0aE1mcKv57D4KIXJTFYJEgpJSjk6ifjQ6l362ejFzKdqyHBK3sWFa0W61TO7vy60Cx8E1xHlmCjyD01+0pcIyBVpHdED0kLN7RblG90SkLTKD9JHTo7kFIoXnIYoaVlF6GPefdI1NGWecc1qBStyKBHfdp5UxZEZhMkOqFBWt3SQnrv5xGhxXUaGVMSFNeWigrbdbmWnfEZorPOftVyWYMTTS4tAogj1ica/T2+S61DHga0vnvEBb/xbjghs9QaIKEmRa4VzbELYTFFopUq0hNShyMiVjyE0pm2IXxraMrUoUuOgkhpb2SECaCfog1iud/GUz6bzy4VN7qYhPTad2UnTX+5SNQc7GqwBfjyOVyrUL1MRWOkloTWdkmc1DCB4e+WXCCsKytcJskcwouJclUFV2KXUzmON4Z5MH9zN7sctHm9NkhvvLoCR+PnaIyr1lp+0rzWiWk7hLGeUZSPleq9Xo7u62CconJuiZN49aby+HX3iBHXffTaI1J1xyCSuuuILxAwfIm0123nUXW7/3PQ4//fTrHrFqQYGCimbWCQmzlyY0ejRkLmpZN1C6DkqR1jJ6Fyj6FjWYGJukNdYKRszrVD8NHNu5k0f+/u8ZPv10eoeH2X7XXRzZvp2T3vY28iyjOTHBvscfZ+LIERZu2IAxmkqjQbXZZHJ80gFuB368UBUQLTt/F2dMPI8o6Jo7l5XXXsuhLVt49jvfAeDUj3yE9ddfD60Wu+66i8e+/GUe+5u/Yf4ZZ3Dexz/O4MknB0XlwAQAee7ARziCfRGcIgL8jNtFXBSaTiRqpDgWjDFhbDsgIq8t54kBa0jb57DGiZKdzgNIUvZhC2hMeFbq7BW1Mr4sucWIclDO8IraZx3UskOkHG4ZtCECLq5uzqCVyDAQHa3c/7a9BuNmlAXJEZwQbm2+OKkNoCspumXIpiUXaTTBUuIFD1Y8zQMd/DlJhZIZslSUZlEWlfBOhKQD4IlcK47OjiBaM3fNSay86s089KWvATC0bg2r3/4W+k9YDCjSNKGVttwSMOhdtJiTfuon2HXv/Sy7/BKWX35R1FdBBnqnhsr9rLvtxxZKpS4SzE082E7Hb2Fd4IzQ19LmGIiEm1XpZwReSvK3LFs9COmgB2Yqv3yfBzi5BYmJchG1btmWjEFpj+U/7SOd7bOyq1LxHTrKwSoOpfHxccbGxpiYmPCGtdzf1l5Ce8VxKoNZ+T6QiBkH7sQboQDjNlfwrGxA5cgGO7JrfaJk2RYFvnwl/depzp2MzfL3srOgk34uOFoEdCplnfomtfnJAHLj/VbxTqMCWG3b25OZmJgPPWjuzD9BDtj6KK2Zd8bp5HnGf73rXQDMXr2ai/7kT+hbvITxvXt57Gtf5b5PfIIHu7s57ed+jlM/9CGSet0bRmBK7fYVIHaCxLzbMfeiKY47uebHsDhTdJjF921NIueHo7WW/Nm+eI3z0ZPluQXfiUanKfVGnWq1Dokm91H/wekp+suDWiKDBUUmS+9N9MwM/SAGo4x1bUJUm0to6GVBR/nSAaP5y1gekdiyeKIm0N9gc4lWUKbpxELYLM/ravdkXHs7TqP7omp1rGfewpsI7hwmQauU3MB0M6PVapIoK+O9jhQj2Rg//L3O0eG9FurIklYC1nD3a92ONC0mCpOgBuGjBOMcZigX3Si6yhv5RZwfG+xe9pZzYpY60ZLXOLmVADo4VkQGOg4TW8LrzBnGk9K2JKXcijssL1WrNXSi8Na/TAA40VurVuluGKaOT0O0KWrZnpA2z+SgezXZGZ/vZOfE5c0kQ2Mjt1MdxakrNCo7iV/N+I3tnTId5JDVGHGezlqtRqPRoF6r2TqAWw4c0qC4wpxzwbWvVAfBb8GJo9ppZKLrcb3pfM2++1WMfhmX5WvKW7dWTkURmeLsf7Uj8EWxZlpr0lTTajYLsryQp9K930b/5nYJv6N9mqZtjvF4801wju24Lq4W4pxTOJ2iXX75xDooc5dOEKGcjGW3fLutwKitsbT0m/+W+dXZHhKVKrziyyS6TlG/S/v85C/BqZrlGZicxEDr+DGmxicw0020CnhCRQ68oCnbeSKsMiq+Vwmv6PDbBrDkPh90nL05T2UJt5Vn2gW+WJpa/Car5ITbjDOWVKiif5f38RT6NeqT+P74Po99O9wjOa4RveP4NRA9Kqkdwxuv7I2drEwUqUpdO+yqER9VGeElQ24DATL7nM4MSWplv+i5gt4WY1/yw6tSMIaKo4Gj90Qy2+fzpsirISI0bl2UlpJI/phILqoinT1/zCDjCjaF6Me4g8oDtqRXDCKj3fXEphJKlIKWJY7JrWNby1iis94RPaG1xXt51C7v0u6sxtrKDOUGusfvQim3Si2S8TPQpfyOop3YWZ53sERfkyMtD7qi0FeYXJNlLYwR5WCBth80gt5y4xVaHhWRxwrR2KiUipYZhA4RZSWCd3RuuaPNwC4dMagony9/L4OIcq7UuB4COto7r9iO8nn5XavVqNfrtCYmeOa732Vk+3aXz0YxMTLC/qee4vnbb2fV1Vez8i1vYXJkhE1/9VeMPPdcAMKvw2Hw2xeRpFV6Zs9h5eWL6V05hBqYA3k/SnVRVzX6eyu0ppqYfJTG8cMsPW8HU8ee5/CO/TSnJwCbc+L1qKso9rHDh7n/C1/ggt/6LU66+mowhoHlyxk/fJiXHnqI/hUrWLp4MY3BQfZt+RGzly2m3t1Fc3KKPLfOQ10QpLZwjSrMKseD0+I9NwvijEs5KvUajdkDYGDVO95BpbeXO264gb0PP8wDf/qnXPzZz9Izf76ldcTTU0eP8NJ99/Py5s2M7twJQPe8ecw/80wWvvGNPu2BHFonvPzgJg5u2ULWbPrzaa3GwnPOYXDNGowxvLx5M4efeYbpsbGCoukaHGTJZZfTGOgHIG+22HXP3RzZto08y6g2qvTPn8vhbc+j0xRdDXHS3vjtIJCmRo6w+pqraAzO5vlbv194b6fJkqRW5fQPvYekWsVu+mW8jmhNNznw1BZ23r+Zlx5+lMmRowDMPfkk5p+2jqXnnU33gjkYpZgcOcK2m+/k+MGDnj90ktK7cAEr3nwplXqd5sQEz990B8f2vOzrrpSie2gOy6+8jMbgbMb2HWDkhV0MrFvvInlyt+tlqPfxl15i9z33MHX0qAduWmt6hodZeumlHHjySdsv09OhnfUq809bx/KLzkPpFBsCbs2B8QOHePHejex//CkOPPU0APWBfua9YT3DZ76BuevXUO3q9ktkxckWU9+A2ygw/DZK+eVJ1gmiacmye6UwSQVdraGSJMj1LOPFex5g4TlnUmk0QmFO8SkFzfHjbL/9Lo69vJ+smWEc4KjNmsXSK67AGMP2m2+hOXY88GuS0r1gAWmjzujOnQXaKBQDq1ex9Ior0dWq77/d997L/kcexmQZulql74RlGGM4uu15b0S0q0poHj/Oirddw9zTTqU5Ps72G7/H8d27i/xnDJWeXvpXrqQxOMjA6pM8j1tgptEu8qE5fpwXbryJHTfdyOThw6RdDeaeehpJrcaJb387/SeuJGtOs/P22zn8zNNugwZ7VLq7WXj+Gzn24k72bnyA+uAggM+t2mq16HSYZhOdplQHBph2fCZjLq3XGTrnHPpWr0Ypu9z68NPP8symjbQmJ1AoGv2zWHbZBfQuGi7wbgFcK8AkNgL/7vvZ9cBmRra/CFjn+8ILL2bplW+if9EwcRoggN13383eRx6hNTXVsf7T09OMHT1K/7p1LLj44o76cc/tt3PwoYeoDgx0LCO+XylFPj1NbXCQ4Usu5qXbbyc/PubiJw1JpcKsZctY/MY3otOUyaNH2XnHHYw7eSDGbfeCBSy99FIOPvkkB5zsbOMhxyd5s8mcdetYcvHFHZ0X9lZLTx0Zqkprqj091Af6qQ30c97v/R6tsTG233Ybmz/3ORqDg6x95zvZu3kz+596KshvY6h0dzO8YQOzTzoJgENbt7Jn40Y7Xlwd0nqduSefzNAb3sCuu4PMlqPa3c2CDRvoP/FEdt9zDyPPP++vG3f9hMsuo2d4OLQDyFstX55xziqDodLdxYIzz6JrwQJevPMOxg8ctEEhSUJaSdFJSt/iJXQPL6Br3nx6li9DpxVr+LZa7LzjDg4//TQmD3UEqPb0MLByFdW+WQyuXUPSaPg27rnvHg489libbptz6qksPP8C8laT3XffxfB555OKnHLjWvqoOTbOzltv5tiePeRRObW+WSy58goq3T3suOlGxg8cmNGxZYwhn55m3c/+HI2BAafH4Oju3Tz/L9/mpXvvJW9O0TNviNkrl1Pr62XNdddS7e5yhYlhhrX5iYy4aBhKHxR+Kxt5qeSskTzGCc1mTrOZkWcZWiekqZ24UbgVRVKgsgZV0TfTSWpSyPsmk2WiZYoWQTCojXMc2aLtKo0sk8nCBMjRqUYnCcbljBZ1YkKB/h0FJ0hEEG+byEkxtB2NshaYQt7WSBnGExFRio5CP4NzMii0trmdEy0Rl5n3Eim0S3cg8sDQVa8xOZ0x2WqBi2p9Jedo/LfTtZmOsiO27ETt5NTsNInQyY4qf5fl+OVclrGzq5PtVXTO5QWMK2VJGrZKpWqjVbu6SHRCbnJazgaycjU480Rnl3V4YZLWPRBM9PA7dkCKLis7gt3JNnuljZb2ZBsG9nakm1wK5VruKrZLJiiKARWvdsRySmttHf+ZCcNbbBfBfUr5aNkksfgmz3Km8xZJYnxEeezslt/G2B3Y7fh2NpK9qY2vbIoC28eJtmk08iyzKR3i1TdCx8hBK7iy7AAV0gm9lVLRxmSBv2Jn1Ez0UlibTeli/nfxfRiTkQD5xCTTx8fJpydJsHlac8kSXhhfXlVJ4R11yEwO1oI/QiVO9tiIYZPbfRGMS3GWJDpsdqWEyR3/GLvMXhxaVl8EfhMihqoqr4faaGQNW98kd1EqX1AfRX3QmfxhzKkwGOlAA185qQeoxFBBNv7NyVq5XXETiOmcrTZ3rcpyy5e5+GUoODvFTjMAiYwNNwkcq0OPk7GBRvJQ8Oi1NxSiKFUVES8a28a2z+TG723h6aBUPN9ZfMTVKX6rTD6WH1FOACjfZiiuqHWjWEXn3Go6YzdEsvpbGVTeuZ0QltoDbjWVrUziznt8Q5gmMEIjE+5RLpWH8IZxNAqoQ/jRXjM63Ksj+hVoVgTy/h6hjTiWJU+0lP96HSlGKukakodKoTRZKydrWbAks0UqGrw+MqSUG1KuxUIlcaH8JreDpUkMODtHscgRK7lOwKCTA/XVHK9xHctld3KMloVlvIPlTAZYuQ61Wo2am6WdHh9nYmSEo7t2Ue3pYe6aNSw+7zyWX3opeatF/7JlTB07xuPf/Cb7nn2W1vg4RTP3tTlyIFeKaq3G0KpVDCxfTvfQPLpmd7H6yml65xyB5kHI9gA5rdEGU4e7yZopulIhqXWz/NIN1OecxuieMcYOHmBk+wsceuYZpicm7GZUr3GdFUCzyUtPPMELP/gB6667jvmnnkqlXqc7TVm4YQNHdu7k4DPP8NzNN9MYHKRn7hwaC+ZS65pgYmzaLyUIyxIjfYJy8wXty1fj6I4OtXJgTzF3/TrmnX46+x55hJc3buTQli10z5/v+WVq5DBbvvo1tvzTPzHvDW/gtBtuYPDkk9FaM7pzJ4//7d9y18c+xqprr2XDr/4qPQsXen5acNZZ6DTlpg9+kObYGPNOO43Lv/hFehcv9rUZPuss5p96Ko9++cts/uIXARhcs4Yr/vIv6ZptnRpKKVS1wuKLLmLfQw9x+NlnufjTf8jshfP54R9+iq45s1lw2ikorcmaTR77+2/w3M23A3DFn32KwZUrMMYweXiEJ+7dxIq3XEHfooWcdM1V3PQLv872799t7/3fn2T2yhVuV1DY+/gWju7Y5eSNdjtkgslaPP3dm9j4uS9x9MXdnPL+93D2b/wajXkLIMsY3f0i2/7zP7nzf/0e63/6Ot748V+n3j+L1ddexZ0f+yRP/v/fAuDyP/8Uq6+9yipiIO3uZvWPX839n/kiD/zZXwJw1i//PGf+4odRSYoxoKsVNv75X7D8rW9h2dvfjtIJyqjC5mC9Cxey+rrr2PzZz/LY3/0dABd88pOceJV91/DZZ1Pt7eWOj36Uozt20H/iiVz2F59naN1aDHaWsIVmdPfLPPCnn+fZ/7yJ2atWcO5v/jJn/+oN1Pp6mTxylD0bN/PD3/0jRrbv5Ce+8w/MP+NU31+B25QH8p1lXQCllYpdYtMyANpuZG0c7d0unkmlwt5HnuDZ797Chb//W9QH+j00M06xVRtVVr39Ley4817+47p3A7Dqp97JRZ/7PLXeHozSnPSud3HXr/0Kz37L9sUlf/lXrLruOlCKkWee4bYPvp+DTz4JwMnXf4hTPvIRdLVaACeL3vhG9txzNy/efjuX/+2X6V+9GmMMz337W9z+Mx8CYNnVP8a6n/kwumINh9b4GM988xu0JsYBqHR1sfLH38HGT32SR/78swCs/cAHWXXdT3Js14ts+sM/YN/DD9O/ciUbPvY7rLjmWj9ZorRmfP9+7vrlX+LgE09w9u//PosvuxylNSNbtvDIFz7P8je/2dI3SVnypjeBVnzvHT8OwMILL+SKr3yNvoULOfL0VsZeeomFF1xAUynGx8c59uCDbHFjcvk738mSt73NNjzL2H377TTmzmXFO9/JSz/8IQ9//OOM79kDwDmf/zwDa9e63rX56OauX0d28AC3/dpvc+XnPs2Kyy4MCEj5f4hh2sTBETb/9f/HI1/5Ogs3nM45v/YLzD31FHSaMrr7ABs//1fc8uGfZd373ssbP/FJ+k5Y6p9ddOGFkCT8y1vfyvSxYwyffTbn/M7vUO3tRSnFsSNHOPRv/0ZrdLRgVEOIGsnGx5nYu5e5Z59NpbsbpRT7HniAp77wBQBWvOtdnHDNNZ4mu267DZSie+FCll59Nfd99Jd4+b77AHjL33+NJRdd7I3AxsAAJ151Fff8wR/wzL/+qx2jn/oUK6++GpRi4bnnoisVbvzAB7zsPP0Xf5FqdzfGGLJmk+233UbT1V/GXacJIuVBYDzs7DmtFPX+fuZt2MD2224D7KTBiVdfzYKzz8YA33URr/M3bOCKL36RngUL/HgbXLOGpFLhthtuYOT555l1wglc/pd/ydyTTwbghMsu48Uk4abrrwdg+JxzuOxzn6N7/gLAsPTSS5keHeXOX/s1O16uvJKLP/MZarNm+Xb4HKZpyuJLLoFEc+v1dnwNn3sul37u89TnzSPHsPTqq3nwj/6Ip7/5TcuLv/O7zD/vbI6/uIt7f+932ffww8w740wu+OxnmXfmBnSlwglvfjNTR45w+8/YOi6/+sdY9+EPkzeb/Ojr/8iz3/k2tYEBzv2DT7Dm/R8gSVMWXnAh1b5Z3PK+93J02/MMrD6JN//j1xlctw6MQVcq7Nu8mef//d8575Ofoj57dlu/pF0NTvzxd7Dj1lv53juuBaycuvjzX6Da1wfAyp+4jnt/6zd56mtfBWDDx36H4Tde4MH76M4dvHjH7d6Bo4Hd993NnT/38wysXMm5v/sxZi1ZgGpNsO3GW9j78GOsve5aX49cDAUVG/piHDl950Zn2OgiOAR0kmBMjlYVUJpWK6c51aLVzMAot5S7GC3iBWjsSArFBuPHGW2Bp7V3TsvhdzWO/RdKubQhtvxg8CaYzJBlTYwJKRbECWSNXZsXXal2NCgOfd8W1eG9vl7h/VlL0coN8XJTaXTZTunkWPTVd31jF1/kJKmN1LbqUoHRbiLR9p0sQa8mKT1ddfKxKZpS/8iWmMn5KXWayW7wzZjBrukUmRo/I86uuB4z1aGTzRPLvTiQxBjjHaRh+X5eeKZYlipg6Gq1TrVapburC50kfkf6uG7epmyjRvshVPDtkzqYKKIxVKr4kLvP447Ihu1Edx+1qUK0a9zWshMYrKMsiQwLuZIba2vHKzv/p0ecSzZ22CjCviKxk0sBrdxGsWIMTWWoVCptaQ+UUqRpBeM2Wi7wiKNj2SVhjPE5eNM0tROOrt1ZeQMZj00iHimVBbjVg5LH3qaFKfRLqd1hLEkglL0t3jw0bqt1RkM+nTF57BjZ2AQVYyAJuUVtWjTa+DP2mXSSMVKn+Oj022Y3Ffnloh1zhckNraZdzae1radKXNSqd0LZCHvr3HN1cPIzpJcJfFvuL9y7VVt/FvunWF55bKholRQuE030fKxDos2iO9Mkx+ZhtedSWTmIchtchT6WlTWgyIyCLAeduNVmNkVOMOglOlF0i/EOd0ubQquxqzZDBLHY86LLUfi9ROSmtr4Vynldr6wzMtIR/vGYts7hazN8tUcax8IryKRoKPhyDRS7yd6fl3nYOaTBrdgxDrcotyll8a2K9r7TUZ/bco33o4TnlIMjymMWCs7oUEbxcGPM36s9XWMaFFe8CnZQnkekqEK9XmFi5rU40rBNjWusOJQdOGm2MhuJKjNykdL1+W3AhwdLYwImipgIjcbmNcwUtBzz2CTz0f0xw88AUMpHJ3ARX4tBSRyFGkesvprTtnyvzPDK/bpEm0555er1OrVqlWxykolDh5h/2mn0zJ/P5JEjKK3Jm00GV6+m0d9Pa3KSF37wA57+r/9i+uhRVLzs4zU4ZCOUktELywAAIABJREFU+qxZ9K9YweCKFdR7e2lNNZkcOUilOkn/nONU1AhMjoKZwJiM1rEGk4e6aE1XSSpVdLWHNOln6ohhciSl2uhi0YYNzFm9mpHt2xl54QUmDh7EvIZOVoUF5M3RUV644w4GV6xgzqpV5M0mB59+mtHduxnZvp2pY8eYtWgR/cuXU+nuAZ1Q7+5ieionzzWQuaVfVmIWhIlT7k7ytFeg1BgR4ILv0u4eKj09/vqR559jyeWXobXm6LZt3P3bH2Pvww9zwhVXcMGnP01jzlw39gxz1q7l4j/9U6qzZvGjf/onDj39NBd86lPMP+MMS8ckoTE4SN+SJRzaupVqXx+V3l6rBDwIhKTRYO173sPBH/2IHbffzqGtW3l582b6ly/zxhNKMbpjOy89+CBn/cZv0DO8CGNarLjsUk647HzvcGpNTvLcjbf59sxdexILzzoDMXzmn3YKU8fHAEWtp4e+xYvCvSevYeFZZ9jxoGDRueewZ9ND+IFuIG9lbP7SV7j7Dz9DtaebK//805z049cyNZXRnLZAYmjNGhasW8P8U9bz0qZNNlWJUqRdXfQtWujfV+/tQ6lSqoVEM7jyRP+72t3loqyc4HaOhnv+4FOMHTzMug9+gKRS88DF0tTmp630dIdyensLkT9po+EjqnoXDtMzf4HLjWcN7pFnt3HLDb/Byw89xolvvYLLP//HdA/NcdIRGrMHOfGtb2b+6adxx2983EaI5rGRkgflQrTUY4ZDKUVaSUlbmU1gbnSk0V25JsjyJ7/+z0yPjnLRH/8+PQvmW6CRGzQGrRJyY6j2dvnyKz096GpqO9FYR02lO/D9wEknISBvYNUqTnrXu7n3yY8BcOjJJ5jYv4/epScUdOvU6CiHtzzFqp/8SQZWr7byWCn6TjjB39M1NMTweeeFKFulmLP+FKZHR/09OknCdaB30SIWXXghuTEsvPgS7vzZn2HP3Xfzw1/6KF1zh1h00UV+DL3w7//O9hu/x9kf/31O+ql32llmrem55BLSRgNdrZJnmQffld6+0OaVq+ieMwelNd3zF7Dhk5+k5ZaDzwKm9u/393YPDzPv3HO9zhk6+2z23X8/SmsWXHghJ77nPTzxmc8AsPeeexi+/HKqvT3gnBetiQme/d4tnPK+d3HCJRfaWd6o78Gytmihkede4JaP/ia7Nz3EyrdewZs+/8d0Dw3aPFZKM3f9ybzp775MdWA2j33pS+x//Amu/Ju/YficcwLt58yhf/ly9j/+OLX+fhadf753co2OjlJftYrR559vMzRED3fNn88Zn/gEtcFBf21y3742mogxNPess9h73302Uq+3h56lS8E5V6s9fRZ+uR2+jclJurroW7LEl1ft6fEbQqFUm+ycd/rp1F0UrcEwdNppHNn2vOeFTpFa9t72QzbHEFzXPWeOv3Zs924mRkao9PbSmDuXwTVrOLR1K5VGw6YLIBg8KEVj7lx6hocZef55L1eE3wAr893Rv3w5tf5+Yod6TzTZ1pgzh7ReDwaPb4TDcEpRi3i4f9kyagP9GGU3m6kMDBRoOmvFCoYvuJCEhDmnnMbNH3gv+x5+iHt/839xxVe+xsCJKzEY+paGZ+yYPZ+kXmfBeeejKxWe/uY3uO/3fo9afz8nvuMnUMZQ7WpQ6bIypnfxYnoWOtnuHQWKH/3D3zN99Chv/Mz/pmd4uIPxC7W+QJ9qTw9KVpoYSOp1uqMI3oEVJ7Lowgs9kF/IhQyevM5tOKmYOnaMLV/9KpMjI2z42O8yb8OZqHwSnU1xynvfTWP2ILpSxe9jYDLviPHGgSN62DQR77yNwb8dJwlKpeSZ21C25aKZdOr0QAbKkKSJxSmSrsth+ZycNkyrbH9715MY4xBSRkg1Ixzhn7e19+2w/KpdhmacQebSR5H55cZ5nru878qPKeXeb4vUwTElfVya0PYyRIecv3a8u3cS4fXYqEd7w66Qs658OAyglM15SGIiU0To5KY0jSHR1jlSr6RMVzNa02FFW3nTnZkcojM7GmxbCs4ggj1UXmn3Ss5SpVRh2X858rCTM6gs78qO4Ph7pwmocp0kBUCtVqNSqdhl6QaLZfzYsH2vReZG9QjOCsfh4lDo1I2ev4LxHtc//m3Li5ym0q7Ss2X62LRcpo3fcHWyOdxdmyLH5X/3aH9nqaXOmxLy5BYI4J+NXC02dV+ShE2k8pypqSnvYI35QGuN0RqVZXYTamMKo0bGbif+K2x0pts3+4vEYKmN4YjrI3ns48kSe1ORKv6aKo67smPU1znLaY5P0JqYRGUtklQha4mseRflmpf+JOI74UVvIEaO945YQWRpUf+Kk8tHOyrprxwyg9IWeycoO1HlJ5EUqMzKQC/RI5vVRFjCPyE0EhkWJozk/vZRFXORq6+/t3xnJEtU8XxbXLiS94aJAE9HyaOqQWmboyLLFHkW0roolybA5HblXp65vROUxbFhDMf61zk6vTNO6mu/i78tz10KiLiNfk+DcqNVgWp23Csxh2x7pItV7IAv0jU+jDE+9Z/cYjBRznblHb9SUlnXl9NHyfhpk9Gu/gk2LzLKLkRPTNHBUe7vIJqiNS4uDZ5RBi0rb5TI5PBcsf3F4WLvi3VVzEhhxUzhYZcXPZ70Miaqm8M9KByuECzRSYO8NocWVRKioA24nYPJE0xumTxR2gtKGfyOStYp6DvR5YJUCpVoVJJY4CTecdNCq5zuWkJ3YlDG7iZqDR/rXqgkYbZUmKSTsCwrBDkngK7TfTKLVS5TErqXZ7ni8zOBH/nIUX6v/E3TlFqthlaKsf372fPQQ+g0Zd769QytX0+9v5+Jw4c58sIL5FnGyI4dvPCDH3Dw2WdRrVZHIPF/e+TYaL7+5ctZcMYZLDr9dAaWLaPVbPLyli3sfOAOjmy7EZXdg8q2QX7Mdjx10DXQKZCTN4/RPLaD6ZFNHNp6B7s2fp+XHn+C6YkJ+pcsYfjUUxk+4wwGVq6k0tNDHimp/9dDYdXRgR/9iJ333su+J55g8sgRdt1/P/ufeoqJQ4dozJ7N0osuYt66dYzt28foy/tQlQq1eoJSGWhNbiRqQ4SSciDP5R804tjSKJWgtd1MIp5ls/WxfG6U/WTTzcIS6NrAbHRSoTUxyWN/+2X2PvwwXUNDrP/wh+maOxQEkMt/mHb3cMr113sD/NEvfYmJQ4esMSVh9XGfOktAJwkqcRtRAV1Dcznl+uvpHhoC4OlvfYtjL+5yJhHk09M8/Z1/YcmllzJ89tmgFHmSMnjyGnRSBZfHzJhi39kxnji5oOiaO4eeobkuN3MZCAVZoFw0y9yTV4MOzsIXbv8BG//8rwBY/9PXsfrtb7XRDZXEpYC2kZcZsOKtVzDn5DXWAZ6kri/Krvu433T7dTECXWIlUfDTx4+z8U8+w8ZP/ymt8QkPAnITdqstAxC7e7L2n0AkLM+olCxTTI8c54E/+QIvP/QYPfOHOOfXP0rPvHkolYSl/MouEupaMJ/TfuZ9kNg6GkkAlQQeM0qDTmhfYpaAsnnwclxurGrNyWSnUI2FHUYlGJUU+OmZ/7iRG6+/gcNPP4s2KYoUVA279NE5Y30bXSJ0V0YnsCwKFqVY/ra3Mf/MDQDs3byZ3XfdZYuJDJs9d9/N2Msvs+ytV3kQ0QbSlQPh0VhozJlDt4v+U9CW1F8eVErROzzM8PlvBGw6gb2bNiIO7GxykkNbfwTA9LFjmDwPm37khsFTTqFv2QnYjRJy7BKbwitIEsXU1ATNWb1MRVFEqgONCrqoVqP3hBPs90qFFdddx/CllwCw+9Zb2fvDH7ol8QlJkrLnnnsZO7CfUz/wLnQ1RenE87bNs+T4Wyumx8bY+Lm/Zvemh+iZP8SZv/hzdA/NBZWgUaS6Akmdanc3Z3z0lxg69VT2P/44D3z604zt3dtOS4LBEvdNtbeXLumHkg42xtCzdCnVWbP8c2X9GtNIKUVSr9O3bJm7Ny0uY9ZOf0eGjdLtAEz4pCNEdryJA321WbPoXbjIl+V5zIO1MN7LcliJPEns3+nxcX+t0t1NpdFolxNRHZRLV5N0yBEb7qNjGaGecr1EU62KbVUy12IwuijfcxRNA7papd7bS6NvlnUeCt3lr8rpO3E5w+eeC9gxvefuu5xcVxTSSrjqaKWpz5rFoosvBqB5/Bg7br2VbHzMRT21j9sCH7lynv/3f+PW972Xw1u3tvFg27uJc413MAyVKho0wKxly0m6ulBKMbFvLyPPPkfz+DGmR4/asaUbZEmdPK2w7E2XUm3U3ESUcnpQe6yA0U5PufNSF6VR2o5b+1fSblWZnsqZnGiRtQCXYzTWV1ort+weqw+SxH0CJjUKr0PsuxK0TkNdSjSSHKbKYXblsLzoJmMTtfl6oHJyY/M0ZrnBbuRoc8EnVavXrM6y9bBBGmJzGOkYq+MSu7lUjgn6TrlrSuYBxHpKbBoCv9zSWItGG5RVfzbaK1GgXZkONBpno8hHcATaXk8qTs/p4Law9TbIUtzcGc2VxNBT09SVAXJyN3eZujzbZRulkx0zk/0B7TZL2TZ6JfsmzqUZPx9fL/R7NM5eza4p67KC8zFy+tVrNXp7e+nr66PRaLhIRCMegcADUo62qSRiW84byK4f7PigYIN6Z5zbk0DpYt3E8WPyyMEWvTduowQKCf9rVdJhUmsvs8PEnbeTERkMKImuysNH2uNlVmf9V8aa9pR9JkmSwDtS90ifBlmS+I9WKVrZ8Z/n0Jxu0ZxuYUzghzzPLKZJFGnqos+VITcZxmQWNkcfwT9KRRtjOadokiSkcU7XEg96DOD4sVKpeAd7nKO34NxD+Nn6HvJoYsYohU4TkqSCUgmaBJOktJyIqKDIxyeYHDlMNj6GMpnDRxqtEreiUZNjH7CRdq4bnEoR2WWUxeVGa4ybbNHCL+6TuHqiHBaL9G8YQ/YerROHN7DPuFVmWaadrNORHpFyY54BlI1AlLprOW9CIxTa2bf2HTbk1OoqoXWAQwZxdskeA1J3eVb5Z51NVWZZh9XLtNFO94mtEv5qLweSSkpaSUkShU6Vle9asIzzNxm72XGWGfLMrsgJ4zOMcaG1zSce24USEelopINusDaTrQs6xaiEHOU+2tbX/c0d3jb+enSfcnT2tHafDvJH6wS0y2Muz6qAJ7RLJ2H3EZD6R30oCtDRFpW4PVRSdFIp0NyakMZuipkqdCpObeP+qhC4oKT6Ktj0Knq34+E0qTjh4NrhBIaKfgf9W7ZndfRMYn0MSWLtfJ348aiUyBJVoIXFzxbb2L0uLL3s37TtfKJen12MtDiMZGBo5TJlKrszXmaMdRhpEQb4v0qFAS3ftQipgmJzL3PKMkkSl3e0RiVN3AY9MtMVe7iLTBczX/x7Judr2aiLy5oJHHQyfMvPlkHHTPUqEFprGo0G1WoVjOH43r3s+MEPePSrX+XZG28kbzYZPvNMBlev5uAzzzC6Zw+7Nm7khTvv9DMTr9VhlEJ1dTFn5UpWvfnNrLj0UqaOHeORr36VR7/xDXY/8Tiqa5pFG2ZRmT2Iqq+A6hugfj6qcRGVgUvpmn8JXQsuoD53A9X+NXQNLmTO6kGSvow9W3/EI9/4Bg99+cscP3iQReecw9prrmHu6tUkvb2QlB1B//eHArJWiz2PPMLzt99u8wAmCWve8Q423HADi889l0PPPMPuTZt46tvfZs/Dj2JyRbVRJ62mKGUBinWKBqEqUavibAlCWf6KUI56RoVrWmtGnnvOL3/uGhpijlvOeeDxx9l+yy0AzDvzTGaftKbgmFOJfFfMWrqEReefB8DO73+fXT/4fvy6AiHsshFnWLuxJLplwVlnsfonfxKAfY89xtP/8i/W+E00L29+kKM7dnDyu99F4pZY6zS1kaAKD0qVANoC9fHXKt3ddA3NDUrtFXrNqIR6/wBJtQ4qYer4BFu+8+9MHx8DYMWbriCpN0DHSti2L0eRdvWw6LyzcNleaBsk/n78p8NCscJhSnV+6h//kXs+/nGmRg5bQzGRvi07jgVUd6qHvFuR57Dr/k08/R/fA2DJxRcwe/WJtB1KgJ5i/htOcc4vZzi4EEQB8q94lGSZVjaHUyyn8ix3G3ToNtrs2fgQN374l3l58yMdZGi5iTNT1o8fd2/v4iUsv/pqf33nrbcwfcTm1DXG0BwbY/tNN7L86h+jb8mSIN87lO2XxbkjqdWo9fe3GU2d6oQq5svMs4zc5YaM5ftTX/kKGz/5hzb63m2gkNbrFljMcOR5zpEjRzh27BjdCxeSVKsddU6BPtFn1ooV/ntjaIiTrr+eSk8PrbExnv/mPzO+dy9aKaYPHOSpr32dMz/yIbrnz40DZQKIj5YO73vkCZ79npU9w2efybz1J3s6GT+O7O/+5ctYcumlAGy78Ua23XjjjO2VQwwigK758ztOZCqlPE0ED8zYR9H3vuXL2/RuoZ0Ka0zodr1fxCqRwQFBXpaMlO758/wNAePE71CF5/x7xIBRitbYGPsfecRfH1yzhtrsgc5yImqKdySVZtbF6SB6qa0MAcJKF+oFIv/sdS2yyvVPklhnUuxoU1pT7+mmq6eXpFprk49CKwRnRf047iKzO0Vr+XobkE1SASYOHCCbbrbdTyEawbSV+fLGB7jt+g+y98EHCzxm7yu9X8beq+A8OWoD/YXIdznu+e3f4tnvfId8etoZmylpo5vcWCdghkSTiUOgE74MeCE3udufwJaV5QkTE5NkLUPA6MLTDiM7x6qfuGqjmjNOVBoZXGEyIBiWimCYaXu/N5icsWvcfWIcGh0cNn6SWfhOsLxEV+ZFB5Lvm3DK1sfKKBW3R4VVbRIFJG6xHLvk2NrCYlxFhqeLPPNjXvjeqMLvgOXsfUlqHdz2vZb2ng6u3HhjMqUUlUqFer0a7hDsQdFmmMn2iO8TmVi2beL7Otksr2TXlN8NRUdsbNPI/TOVDxSctuX75ajVavT29NDb10dXo+EdrjL2Oo1l27Od6RMfbasZo8jKjvaeLdiJPOvESwRvd6CXlyEd3x6Xq3x9YmeslGUivFbuw07f/ydHob4QHIzRESJrTRj6MhGBwzlKkeU501PTPg98kJ+d+TKeUJVP7JwHXKoPF3WqddhIq3R/ol25WoOxOeklHUHcPqK+lvIlpURcv0qaRHtp2InDJMuompxsaorx0aM0J8ZQfrK7XUZ4/e7xftDNRDKqMAaUczzKpJBMGCmszi3ZksI/8px20ZbBxhRcZvFkK7N5iVtZ7gJpRFZLYEmQ5yEYweE6t0lzbA95rFf4C0HmBR0gE3vi7PM6owMd7PfwjA/OoTihJZN18kwnbOf7Nk2cDRYmrKxjX/myM5PTygzNVhY2wSI4olFi29vpDRM5UPNC3UpjzOujyK/U5hsIGDt+1vON/I7T+Ei54vQ20ScUUsB4nr6q+B2RVfHj0Xv9b3k2slltOTYgS1INaa3x3exSLKgkONfFt+CrqCjg3oAFSh/d4Vzbp41JI1qqwj3hXtreqUvv8vfHs0Li23wdDo1SBSBv+9kOqCzLfPSBzcvgKk8gXlDavic84xUbHQa8nZ3S1KtV6tUETU6ilVd2snwvBiWvFL1aji7t9NxMs73lssqzu+VPp+dfqSz5JElCvV633ysV5p92Ghd/4hOsvuYajrz4Ig/93d9x35/9Gc/feisrr76a8YMHeXHTJo7s3s1r6VfPAdVosPbqqzn5J36C1sQED//DP/Dkd7/LscOHwRgGhxex8oIrWfVjN5D2/xLU3w7VU0APWt4wGUolJNV+qrNW0b3wcvpWvJ+Vb/k5Vl78VuYsWoLKc8aOHWPrzTfz6Ne/zsj27Zzy3vey5qqrqA8Nkb1qTf/7RwIc3baNXRs3Mnn0KKf+9E8z+8QTmTp6lBfvvZdNf/3X7Lj7buaefDLz1q1DJRUq9S5qtUoIXmwzxmPlGByuXvj6qAqiZ3CzKHDgiSd4+POfozlmnYVr3v1uBtevR2vF3s2b/fnB1avp6p/lZ4d0osNMkVIklSr9K4IDbu8jj9plLEoMkWiMlaKSLDCwiiWtVlj//vez8DzrqH32P/6DQ1u3MnV0lKe/9W3Wv/99dM2dD0pm48TQS8KsWSnKRYnSpjh75WcvI+IUFCswsm07zclJHwl6bPceDjy1FYChdWvpXTRcBHeJDu8wdrZ6cO1aknotcuaWlVIAA3YnY037lgXR/ZHHY86ak3jDDb/Azu9/nzt++VcY3b6DWJ61KTyZtpeoVhXfa3mm1Wqxe/PD/rnZK5ZT653lgYwYqmFWMqFrcA4Dy5YVDMaiISwAJm6Xmw1EY1SI4k8STaWSOseK7ccsd0a9thHcMX3O/OjPU+3p5nsfuoHnvncLPqhaFx2xCrtTuyaOzCwQ14NjlEKnKSuuuYY569cD8OL3f8DBxx/1zx7eupVDW55i2VVX2Q23BIzPuKzOvnd6dJRjL77o+/OVVKZSitbYcY5s2+bP9S5a5J09Sb3uJ0Oax4/x8Of+nH+57FJeuPmmwgZCZT0kx9TUFFNuw6eZdE5cxivpJ601884/n9Uf/CAA+x+4n9233IxWOS/edBPzTjuFReef7XhDFQBWeI+dhNh1/2Y/gTF3zUnUenvwoDka4wZNUq0yuHq1r+fLmzbRjKIw4/rLX2MMeavF8Z07C+1sM0RegR6d7omBrVLx+HIReyrIFwoAzJdYAmb2XKdreavFyPPbCu8sA7fwW7BP/B7HX+MTPPGVr/q8r3PWrmXtu99lHfNtTpO4DiWgGdENHzUgRkBR5skEnRhoZRqIbBaZ7ldjJIktMyovqaTUG92QJpGzsNhHUn42NcnEgQP+WtfQkOuH8iiMaWoYP7A/emau3dzQ9mrpuc5pGQBO/5VfpdrTza0feB8vfPc/I7uxpBOiOnfkOy+67fnju3YVUox0L1jAwKpVABx57llu/dD13PzBD3Lkxd2gU3IScsSDoX2hKmq3j550UU65UWQuSlQnVbJcMzWVMzXpopS8gYoAlRI5S/wRb8AobRF+IVoBEGOYEs6xKyei++JeKA0dP7lltFtSGfhaJvJskGJCSEcT44nE8WH4Gxy2ib9XopnENjFuJU3ugj9Ef3cyzDp9wphOfJ3FUZqkqcUbjr5itHobxmOd0AdJmtCoV+yqO5OTOGN+JpuiLAs78fYr2Sfl83FZM93zSs/8d2ykTvWP6ylHkiR0dXXR29tLT28PSWLzvedZXnCqlQ/vqKPotOtEF0kboJyeb1+J0PYQgtNk4hranYTlx+T95VUz8XukDvIeeb0dj1E9IxoyU3n/w0PF7SrLNqlDaAFKhclBuS51Mhimp5uFVHfxe2IHZuHdnT6OFtJCm+cVG8npnKxlfrIYL+/c5xHN/FUFShmSRNmPy5OsvA/CtlsniqQ5TfP4MSZHj2KmJklckLsvqCAbrGNQRThc7Kiyzi+0uTCxGftABLPE90eyuSyeSlgAY6OtswymmznNVmb3TEAhK9SUriArlmSjcL8yzfe+i640Np+mkbwKSvm/Bpw5oaKPrVeRXLIUPo5aDDSLlLB/f3xf0YbpPPkj2Edpu1FapVohTcXBj7tGFLXucvPmxm2sGPep2MJx38arSKI6lWzZWB+VP4UVIAU6BD4Rxy4QRTrb77nCreZV5Kr8IeBarbwzOFeyTw4e7wpvxYJPUR6Tyj8j/gx0CCpTOhqTSdmfgJuUj/qYIn/LpL3wd3miQqKoO50rsJu7pxM2Cee0x8AB+7fjmthfHfbBfAUM+BoeqS+48AJNbqCV441zUGgHoOR2yU8hf6VLRYiXK50js7x2tl0nhnotJctzC96xsw0qErZyzJQbqNO5cr4gKSuebW2bZSstJ5tJ8ZUHf6ccQ53qkqYp1WqVvNlk35NPMrZ/P0Pr1pHW66y48krSapXW5CSjL71EtauL3Zs2ceCppyB77dyQOdZAOOHCCxlYupQd99zD/q1bOb5vHybPmbd6NfPWn0b/CfNYsHaKgXmPosf2QT4J+TTQxJic5pEa4/satKYr6CRFJTWSai9JMpdFZyyg0nMNo3sO8tLDmzm0cydH9uyhNTnJ8f9D23nH2XWUd/87c869e7dpi7Tq1kpWsS3bsmVbuIILtoEAIRAwEEglITgUQxJ63iQkhJK8hBQgoTjhfXlDgMQGbLAxNrj3brmod63KSrvS9nvvOWfeP6acOeeeu7uynfmAvPecOVOemXnKb5555vBh+i+6CPHqV7PvkUcY2rLlBO/LLE4C7b06vGcP22+/nbnXXsvmm27iyObNlNvbOf8DH6Br2TKiyUmGtm1j7NBB+i98BaVyQCkKdODwgkVWNM8gnStFSvGu22/nmeuvZ+CBBwBo6e7mnA99iNN/8zcJTazdCc8ILc+Zoz1+PM8cYQSsPT5X9uJ7jg4MUK9NEba36eNuHhHsjpLzbLTEQa+99kULWfee93D4mWcY3bePp6+/nt5TT6Fz+XJ9PFqiPVLMhRF5TyUbOsQlw3yN2oa97Q9jQPqGWX18gqnhYwCMDx5l609+xnnvf68WSkJQHZtgePtOANoW9FGZN48EbahIKbVdqTxeowJttto4ODn+WBufYOLoUGZ9K6X0MX/bH9turKLjAcdBwNp3vI3F55/P3Z/6FHd8+MO88m8+S9+6M2moLMfrhMzmEEIgRUBUrTE1POyed69YppUWrX07JRyjtqQKvfVeMu02ZG7wUMzV6fiRtKCbOfJhbgLGoHBRjPaWznVr/pmns/69v8Mv/vTT/Ozaj3D5sWOs/Y1rdAxev7/28IunTDcm2y+duk5eyYrXv4EjGzdSHxtlxy23sOjCiyAI2PHTm+l/zWvpXr3GGO+pt4tP57hWZ2p4mHhyCqUSdtx0Ez1r1+q4kE2+cbQB9t55FztuvhmAk9/wBpa/7lfMyQnNs0+55hoOPf44m777HwAMb93CT976Fk6sW0CAAAAgAElEQVT9jd/g/D/7c7qWL3OKoY1f5urwwNb8jnxePtk2NVDMkyeyVGLVb7yLww89xOFHH2Xrf/wHbXM6GXjgQa76+78hCEuYBayHOiMvNf2jqTrjh7O8R7lhEXriBiXc7FWKshczemTvXqLJSRcL06Ykity8juOY3bffztT4OHNWrGiQr/54+HQpktn+31YHEaTjZ1NtfIyJY8dJA6HoGFtRLR0PBzgLU4q3W63imOrYiOanCg4++hhRrUrvKauNggO+17ut3cVWyw3d+NGjPPvd77L9llsZ27cPgP4rr+SCj32UuWtPyzBR+2cSR1THRhChzLysjo6Q6DPhOq8zGKZP9nZVlaGjNOvcepBpT9ZEAYlCCUlQTrdyhQyIhY2U3whguJKVYtdtt7lTFQs3bOCkyy6fVl9TSjG8ZTPbbtTAc7mzk+Wvea2OX92QjJxR2TiKNvWtW8dZ77uWOz98Hbe/9w+YGj7Gae9+NzIMG9eVNw/zqT4xwdTQkP57bIwX/t93WPe+a13ecuccznr/BxjesoUjG58BYPvNN7Hvvns5/2Mf5czf/g1aWkukIVrsPEmTvYhDN8MecdP8QxvNCqU0OJ4kni5g9AKBQJQCHRTNbmZJbz4i0GCkMqtBkK4WcwTbCBBbtqVHqsqmM929M+Xb9Zfms+PiySMEQpgYq2Yjz+olypMDGZ3KferTTDldRsgg6/2KveNBOLrYz33VvcjbWrqQNkZ/c/JU61tBqHUL5fKk32o6pRc4aYBcHwIthZLWSomJyUiH6JdCX1pUIIPy9oz/uyiO5Uw2h/MKzT33U7N68u+K6vKf22PneRtJCEG5XKZSqRCGofteGf5p+ba08V/1R5nv/Weu/II22L+dflDQZ2Hne0HKbg43PmugXa6srATSbS7myqk+Z/s03di82CSEIJCBAycdncz71IPV+0ZK7V1KOn+UivXlQSoNeefXYfOSKzedGy6zrsqC00oRxZEGaE3YEDveyoTbsvzd8bPM+KcQHWiQNnOJdn59JYnWhpKY6uQ4TEyilKJk55CVjQWD5k7weL8zxVtSmuPfGfmmX2R1c/uJx5tE5p9iyZrSFgMUahtGQwIm/rbz5My03tkTOJSzGU+Q7jv3vcjqGNl5KawiYlWjgrKzTFgY3prdmLPrydBapDI+7YnR55TWZ4TQkF4gBMrdH2HrDrDe2Ap94lro+8DMXMHxIY/EaQO9pE2HdM26eSoK+Elu+Hz7Lfta5YY5Ry9PcIn8a1tCM/Zg5nHD64am+nPBlqe0TmmnvNT2fxDrNZoQaxnr2tkoY9N+56ovaLAqyKvluGmhe5VK4Gbl+/UU2VN5WddMrv1PpVCZie0WpNLE1nFpMDt8xtVcCDeBLYWV+TsVpEZx840XqyQhCEtGedE2IK2lkCRRjFdTQEfvZjQGX88TYzoANJ/X/vaf5YPOF5UxkzBsNjj+eyklZXMEMokiqqOjHN26leP79zO6fz+L1q9n7qpVlDs66Fy8mPHBQQaefJKRffuQhaWfeEqAOcuWsWj9erqWLmXgqacYeOIJJo8do2P+fBaddRZdixdTnYiojexCJAcpl3ZCdQgSE+ZbBkAZFXeS1OpEkwphAFcRlCm3z6U20kv1WBcq7qT/4ovpWr6cwy+8wMjevVSPH0cEAX2nnsri9etBKYa2bn3ZANbJw4fZfscdnPrGNyKCgM7Fi6l0dRGUyxzdupXqsWPEUUTPiuUooWO5lFsUSVI3R6Mbx9wZdLae6RajEPRffTVLL7+c0d27SWo1uletImhpaTpXKz09JEoRSumYnQUQiy5fEAJ3vMS/xV6YtmUuysCbh6YPyy67lFPf+jY2fvvf2XLjjSzasIGr/vmfXSw9LYQ0W0sSvSGRGj7ZuJzpUTndbitYVAMKCw988cvOcK6NjjL/TO0VaAHarFeit5OJAnMkX9+AampTup1a0TOx/Tw09+nr/y9bfvxTT8RpPjR55GimHqs4KbOb6/dPhgHLr7yCtr5vcs+nPs0dH/wQl3zmMyy//LKcQpXlH/64ACacgD1OlT63Yeo9DdiqRm4MddusH5HJKJT7LvWs8D1psrRPrBAVekdQ7/AbwEQIklgHhZdBDowQMGfZSbzu61/hnr/4LHd+8jOMHTrCeR94X7YShbt8xAfCMkmkdFFKIYKAU972Nrb/6IcMbdrE3l/+gpH36FvKBx64n8v+/svuIrXsnEv/3nf3XYzt2+eMhGPbt3H1v307zV9gsAghGHzqSR767GfZdestdK9ewxm/80nW/vbv0GIuNLJHX9rm9fHqr36N/iuv4uHPf45jW7cAsOm732XnrT/j8n/4Mqe/851UazVGRkaYKPDqtEZL3jjNtyk1boovJBFC0tHfzym/93sMv/ACx7du48E//0te/62v0bV4Ic6PQKYAq59SQCdNrb09qaYkjWe38ezRwzo7xePQk09y2x/+IUGppEGznTtZ9+EPN1yiYg02v9/TydmMEYcAD9Tw8z7x5b+npaMzr64yYoBNv64i3WDw2We562MfNwC1/u4VH/kw7uIcaxw0tLFYz2if38clf/7nnPvBDzKyaxcdS5bQ1teXbt6Ixv4eefY57v7YJ1xYFpviep0jzz/vEyXjvZjZEPLbY5dApjQD1jn2bIA3KXSMujCk1NqW+0Lf1ozQOqGfkkQx8MADvPD/vsPWG/6b2ugoPWvWcP6f/S+6V6403zem0d272frDG9n8/e8xvGUL5c5OzvnIH3PyG97o6XzNdbciGdy5bBmvuf7fuO/PPs29H/8o4wcPcM51H27INx18sfGb32DbD38IQDQ1SamtnbOu/aPUGEex6PwN/NpPfsKT//iPPPONb1AfG6U6PMw9n/wU2378Y67+5y8xd83JekkpAwgKYyoopT1WMAa71N6XUaSI6jp2qJShAVZ1HGc7/6RMPbuEucFaIsxztOAWfhzHlIQZo1ZZvcI3kETWcHRCNm+Disx7V4fSHrj6glRtlCFwXlw4XR60V1PGGkUlSXHICVun4VHZcZcoE8IlkJIk0fVZECMto6BcGRjg2sh/idP/ZGg2xbwxa7QNDK9OBTegkCKhtVwijmEqUmhQOauLNZMBPliZt3GK5EEzg7IZP232uwjQbWZ85sE1mycIAnefhH/7fPptWmailDlDIaxNnyaj+Ob763uUCiuv/LbjzRWXX7i5mX7n61UFOv00fYbm86EoOdBJ6kb48idrK788SQhtc4uG28Bxtn1DfsjKEvTagDTWqe+p6s+JIAjcpc3ZvuTmlO2zR5NEn9nWefxyrS7e2Dm0jp+V40Ugry1TIqhXJ4gmqxDHhkckhj9oHmQdF2yfCqjaQC+lvLwi/Z1Rm0W6ln3aCCEcH/fLVcqnju0PuTK9PEqRJIBKUEoSBDbcl/VAAUgy9pArR0pIfAA+z1uy+Qvne2NzG+vJ8Rr9hzR81XifKGVkQ8rT0m9ylzHaMoN0zONYGYDVtl3rvto21N6rQoAIhRE5jXq3bVfaT7ONLnzd0zaABlTR6irKZbJl69/KlZECp27tCQ/gxIm5xkHwynTlqXTjtVlqtrFkuUJaX1qBEAKZSFSoL1AT2FB0+l1i+5yXM7PgiWm7srwaN/dyPKpJ35rhcc2eFcnQmb59OVJob9TOLjRJnERgFMDEAKNCKY8w6QSxs69hDVrmg3AKV1gyXk8iccZWuRRSrdepJZ6CMA2yXKRc5Bdn/lnRUZZGJSD7LWQFiv/bPsu3pUgpsUG6hRBMHTtG0NJCW18fowcOMDk8zPCOHShg7qpV9K5cyQs/+hFHtm2jNjr6sgCPCVCZN48FZ51F78qVDG7Zws5770XFMT39/Sw44wz61qxhfGiI/Y8/Ts/iHfSfNQWiDHIeBHNAVNDBkcuEnV209LYgpxSoKZJogqQ+QlI/zuTgbgafixjev4iTr3gl8089lZb2dg6Wywzt3Mn2O+8EYP5pp7H0/POZPH6c6tGjEMezNOWLkwTqo6McevZZDj77LH2nnEJ9YoLR/fsZ2raNqWPHKHd20rFgAZXuHiaODtHWWSEsKUpRRL1uuIxlfN5Ok8IKAM1wZcFcg3ROyZYWes3xQbtOlDUoZJCCRsDY/v0eczJMTAqnaKRc3Xwelsytu3nYXeCCKmWMEYHwjJmwtZWF553Lxm//OwC9p55KZf58UyfG+VSi9DVIBE6pSHeac7UaGhlPW2M8qVxYgMs++xcsuWCDZtZxxI6f/zK7RsKAckcHtbEx6mPj1McnzO3jCRKJDBQy1pdmKDRgODl8nCBUtHR3ZhsDbPjQH7H2mreYtqXphR/cwE9+//1mvHAeNWkvcO9sPKr5687iqn/+Z+759Ke5/QMf4FV/89kc0GDGSJjRzvMl6yEjpdmg0Gli8AgO8HC1K/K89NiOXfSsXJHtoElWWQtC6ehn+bZTNjIDZkJPBGa+Cu3vF8f6eFVOowMhqfR0c/kX/4q2vnnc/9kvMjF4hOVXX+7lU6ASJIkOml6kyHu80lKsZ80prHrzW3jk859jaNMmNv/gB5Q6Olh43gZ61pzSqKDl1lz/VVfzqr/9O30DOjC0eTNxtTqjsJx/9jmc/lu/xa5bb2H8wAGqIyPIcsl0XRolRpEkMbIUsubt17Dgggt49LN/zQvGi7U6PMTDn/scbSevpHPVKkAQBJ7XH6TH7WYy2jzB39xw1keo5p2xjs5lyxh6/nm6V/Qz79TV2LmHEmZzEhq0X6O0+XExR/bt19/ajR1zoU7WTEmTNLEI82nRhg28/jvfob2vj1qtxsDmzQxv3pzK8oJ++sbHdMk3EFVxz9jwF3/J4g3nESLMpm2CAB778j/w8N/9nS2JjEu51675Z5/N1V/9CpWeXoSA8UOHGdqyBSsPUgVUFOqyjSC0pmmldy6tc+dm8zob1Jc1sMC0oaWnx1iH+s3k0BC3v//97L3r7lQxbzKPTAac4ozKjZd953k4y4BSuaxBkTBEhkEmv7SAQkHdUgoWnX8+5fY2Fpx7Ll3LV7DgFa+g3NnZ3PZSGghd+5u/RffJJ4MQLL74EjoXL87yzemMBtVIcYCWnh5e9bd/R1tfn46RPDhI/9VX58jTvNxzrvswp7zjnbYSdt9xu08KB0y29fVx0V/9NSddcQUP/sVfcOjxxwAYeOhhHv2Hr3LF//4cpdYW8MBRBc5L3K7lJIYoSrR3ozE4fX1VH3PMxh7U4WEEkJBe/GP1ZSN7k6ysVl4HHOUy00aYeK952ljniWJ6aT1dGP5vT0fovmhdKPVcxRqszkI0i8oZZ4U1FP4JOrxAoqxOlnpuOQPZgWqNBQhz0Uu+KiWM7iV1+xJozEdqkKZ2sEBIXWcQCCrlElFS1xfoNOgCBd2x76axeYpsm2apGc8tqq/oOWQ3Bf2NJf+3Bd7K5TLlctltINtynDZjvpFCaj3YqtruT2sfCtfXDJ/x6IZXJlg62ppIn/nzwdFO6xBFJyMNyuf4ZSomshv/L84Qb8Kvc8+KbNgZS87QDOfxrvUltIwparPSlzFZW8aNEyrVG5UBr0gy68DOA7t5ap2UGi+esr1XmTFraqcb/pcHhSyf0eEcfBoqwwNy5dRqVGtVknodabz/9WaVdPqy80ZVaVlWf/e96xt3AHRezca0PMX8beddYjpvgaMUv7Iy354gwLXD1alckXkq4PNwu1mebohp/T21P7TTSVp56vQgPAecZrMtyzc9WjT7aBpQ0CUvTmeuEiejGotW6YJW+tIzEdhTd3pzzR7/d/IIUComUeaCxUS4UAe+jeVqMJ5+mc3FWLksPj+xf/i8WmVfZfmvrc3ISS37vT4bHcE5JYr0w/S5TzNDEuEy+QRsyGpfZZsvvL75Mtbyfk1PuxEsEu18Y9dwXla9WHAyY+84b/V8Lp8uxbJKj0DqiNZAssyc84r11sCL68H0KYSskNUDaoJjC4x6bQSc2xhPGUL2lJpd2Co9QmzHUUF66659pz8MA0GlHBLXNKCj7Y5GIy6/C+Sn/CAXgaB5RaHoO/97/11eufDb0Mwo9hWVkvHqObJlC0kUseySS5izZAnH9+xh9733sufeexnevp1173oXO37xC8YPH+alJkvjJAxZsmEDc09eybE9e3n+5psJgoDupSdx8uVX0LXsJLbdfju7H3kEFdVYsaHEojO6IZgHlbMgXANyDnrEI0rdJVqDFiqJBoyTeJLayHaisU10n7SXrqWDbH1gK0PXb2HFpZey7KKL6OpfzsbvfY/RQwfZ8ctfIoOApedfwPKLL2HL7beTjI8VraxZJbdelGJqYoI9999P58KFDG3dyuDzz7Pi8ss55Y1vpNzeTnV0lLFDhzj83HMse8V5yEBSKgfmMpu8IYKZ0qkQNeJL99vF+vLakpuD9qc9DliqtDBv7VqXZ/zwYeJaDVmpaMHrHfW36unYwIB7NnftWlo655h6iuKvybT1du7GSfbynWbMUAgTusOsUX9tNBkbHxhWSjiekRqBaW+wt5aHJRadfx6J0Bs2AmhfuJB5p5/GwMOPcnz3HsaPDtO5bFk6BoFEyST1OBGC0YEDlDsqlLu7CvuVeI+Km2+VEf1LiuxWhr1ICynoOXkVV/3jV7jvs5/hro9/wgF6lgZCCFOfHoNMW4RACUWptUL3ihXu8ej+AZJ6naCsj3T7doBVkuqTUwxt2U6P8QRztIQM/6n09NC1op/Bjc8RTUwSV+seD7XAt+FHAdSOH9PxDkN9gaEyNz2THzOzy19qb+fCT/wJ7Qvmc99nPs/WH/8kR8kEqWJiZZQ6/52AIr4ogoDVb34z2354I0ObNvH0175K24IFvObf/p2gpSVXhmgY30wFwJz+fqLJST0/4rjphVMKxaILLmTZFVew55e/5NEvfoHynE7Ove46o7jptVsfG6VkjsV3LV/OVd/4Omvf/U7u+cQnGXxmI8ObN3Ns+zbmrF5l5nx2Pfpyp7HJJya/7MgIkfIULVe1YuEbGSkP8/osIGit0HeGx3sOHaZerVOqtOhYkeYmz1TKw/Hdu13+vnXrqHR1TatQxXFM+8KF7rhhUV9h+qOFeXrMaHwaXpUg9GZQimJ55Zl47hbUJZ1PWm8z3pnoeKGJdoUjcfOocfNYt52GtW5jQ+bzZw19TIy0bBvtyQPl1nh2k6qITikZ0kszUjvIz6uLSgDcLbwlRFg20VVEdukalm3XXqOiLwhKJeavP4e+s9dn2pSdv9kyhZR0nnQSp7zjnamhmeufv9yz5C146KVSezuv+OSnaFuwgAf/8i/Y9sMbM+2dLlm5bn8tOPc8wtZWDUQohUoS4npdX3AlBcuueDWLzr+Ajd/8Oo98/vPURkcZ3r6DyaFjhEsWprQwm6VKKYSSJHFiYlBi5mqqRztDQwiEWdSFAJgBI9x8swPnz0eRAgb2nRAenuD1V3rroQCZzKTMFLH1G485PX+NM4MMvLos0CBIwwfh/bc4FZk/9obwdA3rzUIfSEAp7/tcsvqNP5+FQAPWWh+woJ9XlJdX81zhfSrQwKFAUSpJypHUB76sbpDYsDnZk1B+KjqC3QyQsu+aOX8UOY4U2UT5+mZql/+sXC7T0tLixRo3kzgt1a1u377UQ2TmuGJampjGaZ02b9ArH/z37K9cX7LgVq7ozB92XWVBnunsQ/u3y6dUw7fWuWE2oESzuvx3WQ+/LJ91tgrpKSmf/u47+60dB/8Ftm3K0d3q3fm5YJ9ZR6kiG13TqvHC1MJ+e0OUXQOB7pU7/GE38vVylEIR1WvUazVEtaZPAZgPTPAbMy2MowwWv/CBLeV50Fvhp3+llw0aMpmdgcz6KuhTZp64Fw0dNXTGe5by7ezaTzMoU2asARsQSsd6RjjeqEjc/FN2boj0+7yubpqT6g3Cxi7FbLSanjhvUSjCarJJt00It/qxYsDewZF2zeAzUmZ0NKWSdKNYaZBdCW3bJolul7LjJQAVoohRSmL9YISSrg5TU46m3qYcKf3dnqDVkSyNzAaG8IoQmR+W33knvH0G5HhFI8/C+0b/x5eX3hrz6moke6Ml0MBfsi8zP6WJCy+MRuorDrOVT9nmNHFklJ7TQwNvS+esA7IbyhHojWjLdxqqyOW1EPuLw5tmm9KYq/ZIrFD6mKjSCoO/ePSGlk9gMsf/bfJBJbsjJRCELj6IXbACZWIqtrSUiVREtR67QS4ypvKGVpGA878rEkT5iTGbVGTs+eUWtdPmC8OQQEp94crBg1S6umjp7ESGIV3LltG7ejXtfX20zZvH2KFD7H/kEWpDQw6Lt4eCTzQpXTl9K1ez4Mz1DG3fxubbfgZBQOfCRax981upTUzw1H/+gMEdW4lrNXoWlJl32tl0r7kIWhZAfQ/UHoZoDyRDqCRi6kA7xw92EtdbCSpzCNsWUZ5zMpXeX6PcM8TI0Ydou/UXTIxGbH/oIUYGh1l27vmc8zt/yGPf+hdGjhxm54MPU5uKOeV1b2Bw01aO7tpOfXLiRYVB0EvLLJtqld133cWa172OlVddxdILLgAh2HnnnQxt28bE4KD23ly/nuQ8A66WQuJYUKtFWkk2BorwBJxjcs7uMEpJTkH1A68L0nK08Na8Y8nFFzPv9NM58txzHNm4kcnDhyn39zcowgqoHR/h8NNPA9C+YAH9V1wBofEuswGnTT2+p5xbF3HMkeefZ/66dcW0E/lg4unubnpJBeQvqLKEt7FwBMLRxhcKrj+GR9p3bfPmATC0dTvtC+fTuWQx/ZddwsDDjzJ28BD77nuQRevP0mxQCXO0XqCkUXJUwt5772PpxReY25rzPUuFTxb/yDFlTzEIWtuYs3Rx+lZKZKgvY0AJ2hYt5PIvfoFKdxdPf+t6n4ggpZu7Gf7g0RUUyy67lN41qxnaspWBhx9j7MBBuvqXZcbDlak0ADa48TlWXHmFAWFzQ2AMtvYF8+lZuYLBjc8xvH0Hx3bspO+M01Iq2H4axWX8wAHiep15a0/F7mTHsaJz6UkNdViaBS1lzn7v71Lp7eWXf/rJzHutiydIofIXnE+belavYflrXsvQpk3URkdZ+1u/Rd+Z6VzNrwk5Dc8OW1sJW1upj48zsmcPc087zWu911ohaJ8/n9W//uvs+aWOE/nM17/OsssuY/76c1FAfXycHT+9hTXXXKOBKAElGbL8skup/OtX+elvv4djW7e6gOw2vE5Ru4t+59/5F4wUehSZ/wciW5bmOamR2rwu/WzZqy5m/pmnc3jjcxx66hkmDg0yp/8kEBIpQ306waSp4WEOPqa98joWLeLk177WXTBW1AellLkEU9G+aBEwM3A63cmRQkBe6GD//jspA3e80fKhxu+zx1kzRqJbo+na61y8eEbeqesuNjiLdAW/3iKg0h35V860MbzVa6e3oSdycy5Tht7NztYvBEkQEpZLBKUyQSlEioDaxATHd++h99RTG04S+mBF45xsPt9nm2ar4AphQlSZeda5LMsz/frDSoWz3nctrXPncudHPpIrZxpQKVVaUUCltxchBKN79xK0tDB5ZJCpoWGWXHKJ63mpvZ1zP/wRWrq6+cX7/wjNCwOUDAEDSni6dRQJ4ligYsOTJQ3j7bcnCz5rk8A+DwpivmdOmOY2Cz07xWXJmJdOfgtSwY/TY7y3qeEjRFqekcPWLvBFmSFrbr375RfPA6W802dC2MyeUWsMVo13mm9md3Q7z4ekDLT3lwOrNcGEIY5veFtypcCJ5XM6jIa1Z5wuaQDIwNMnm3kpTge6NQNI884g9n0+f7Pym6Ui/hUEgQNVs2U2xmHNzrb8XAIfRPIqauAKxZtqjaBrs+TmhD/x7Vwq6GvRpk+26uY8JNMKM+ez959laTpT25sBGM2AWCtjkqQxFJCvX+TbIaDwZArKhCMx+Yvk3YwpN1bTfe+3z7XTKfEWVJQIpQNrkcTE9RpxdYokqiNNzGrHX4QO7+OAQVevNOw0C1Bnc3l5/aeGF/mjPZu+zfQcsiFCZuJligQSiDEBRkn0xUR6ML15rFz/0w0OUO6ovl6nFrB1wK5ltMrtn2U3vCyZvbWkXEzrnABAZvULK3TyZBUCfemU8F5bTEp/lzoyGFA8sY5zVqboE4OA2RiwsindOLAdE4LGdWLCY+D6bMo13pypfPSplUuO3WQBZG/LybU1n5yHrVe/k9E5na6wbiMP/W41nUU5XuCSFAQaUgeUiS2erqtcEUUFe40BlO+gIAqzOgAVMoNiNzo1BJnRPM0w2vXpn1pp1mOBQfabvH95UogjnqmUFFgRwtNYdGszNHEAUi41CCnDIIJQGozGHIMC0OyRMBC0lCRxnGhX7qDR2JzOYPUFULPdwdkqXfmyp/s+b6jl30spCcMQKQQ1c0N8S2eniz8pw1B7+UhJfWqKI9u2MXLkCHG9jhRQahW0z9c33CWxXdOzMUj0JAtbOzj9La+lPr6P6pGNdMyZonJSH6f9+ttJpoYZ2v0kTOygZ15MuXMZp7z+Upa/ag5BuBtG74T4OCTHQU0ANa341OskUzWiaomkdpRo4iC1Y1sJW+dR6lzGwnXrOe89y9l150+pTxwiENupHYWW0+C897yN3ff+hLGBXZTYRjT2BGdecxW77pxg7MB2/9R087Ex/1glPqoKJo4qJocVRBFDO3dyfO9eWjo6GN65k2O7d9O5cCELzz6btt5eKj09VHp6CCoVfVGXTCiV9dHoWJ/pMICFYZzCU1QF6YZB0dEyQ3s8o9SzjhECuleezPoPvJ+7PvoxDj3xBNtuvplzrr0W4YULEGat7b7rLvbccw8A6977Byw6/xVg4qzNNAuEEBx+9lnqZt45RbggX2r0p8dmdE+sAp2Q3qLod1m4vzLj08A8RSa+E8DUsWPse+Bhznz3OxBBwOnvvIbdv7ybgUefYPONP+bk17ya3jWrzZy3cZ50USN797PlRzex6LxzgMAT6F7LzJajFkqpMZhpaIaHSOIl4awAACAASURBVPCPdgdSexInXliTzk4u/PM/pzJvHk985avUx8ZM3wTkjmP69BVGMexdfQqnvfOd3P+Zv2Lg0cfZdOPNnPehawnCUsOunEKx7ZbbGB04SBInnq+MR14hUEpQ7upi7TuuYdcdd1EbG+O57/83iy+6kLZ5c327EwVEExNsvelmTr76Sh0b0Qi0RFmlIh3bVMnCTOuAtW97C609Pdz58T9jaOu2lKxCgYozUz+f8vwxqFQ45Zpr2PrDG6kOD7PyDW/U3mJemum0Qp7HDzxwPx1LlqTGQhEvF4KVb3wjO2+9lR0/+Qmje/bw1Ne+xqV///eUO7uYOnqU3T//OUsvu5yupYuRSURcrxKIhO4lC+lathQEdPX3m6EXmTnob1rk2z5bWZalgfZACMICRcita5HOcwqzMHf1as7/4w9y2wf/lIFHn+CFG2/ivA9eiyiF2mtVpBrZzttuY9cddwBwzoc+xOILL2wo129zkiQOXA1yIOx0sVbtf4tkZ1Eqeu5ixYH2+CPHH0W66TodmOu/H3z2WaKJiRMCI8CylayX0nSbr34b7YkfCxA3rcD2L2+smFtSnTHpe5VISdhSptTWrg04ob1e9t13Hx1LlppjeyfY14K+2edFfzcrI59y1NL08sZdBjk+lV9PUnLKNW+npaeXez76Jwxv2TJjvdZsUMbaEkIQV6vsvuN21rz1bRzfsZODjz7Cogsu0HqbmyuCXrOR07N6NS3zFoAIdVgRo8dGUUQUxagkBAId2seZssU0yXvWZE5PaQvThK7ReVLAs7BIJ+/8GlNP7ixNfBtO352lXBEpPzX2AulRWAcWS9DgvpU+xnNT+fxcue9Fk211YXWpbCecjpICL1naTZeKeY1ASOXirWpjLdsS/5PMnE+tOWMTKUphQEtJMVWNtSwQ+lRQpsQTXGvTffNiQJzZ1mWPe9u4qmEYNmwS2fibGX7gpuLM4+FyGeWhSIeaDowWZs1aHUrl3tvktzsvg9w2gUg9jJvxbn/zwS8vn9fCVbZHvpzJt+9ENgVmeqfr8Z57fMH0Mi1H5deYte1Tvde2P0nScH5FMt3a3/n+zQx4pC31nT3c945XenMrSRAqIYnqJPUakoRKGJAo49muUpxBmf7b+KaWb1ugrSjGp/4n7wE+A8+eZgyn0z1OtKy0UImNr2Hjj2o1zmItwly8lUMwbR0iSTvsgU0+rGX/o8x+k90wArS3vsjOYYSgyMuxiGrC8lVl14ptm21H43qyuo2zW5UikSn66za00plOkujNOYGx6UTj6TqneLkHfruVPynyPcg8bsanbLkp4KpygKPfz9wadc88ncDTA4tmSWq9zZCEKMAZBVLqoHz6TJhAqMTEJi8sZLoKbDVN32d5lU4FWqX+X4a32P8a3dlOP6Uy71zKzLNUP2/0337pSV9ohQ9kWhd4baxkQEtvwllsvQjnyyshwjBMGcp0d1nn9BZAQhhKWsoh1Vrsjtj6DKYI2EzrbMyTZ075d0VlTpdmq8D4v11AcCEot7eDUhzZtIloaoqeFSsotbUxNTxMUKmg4pgDTzxBfXLSKWxBC3QvFZx0bkBYCYlrIfWqRCXehBWQn4pKxcigjUrvapacP5+jm54iTI6yZN1JdC69gPlndDK0+QlkfT/zlrdRnnMqbYsuYe5KSUfXdtTERkS0R7dDdkKwFMJ5CNopdVdojcoEkzWS+jHiqUGi8X3Ek4dJakdp7e5n3VsWsXjd60jG7ieZ3EFY2U53v6BlwRtZdPpZTB2qE4aDtC98jPb+d7Ng5UqqR48hOEpD8nV5o8mrJCCOQqaOB+x7MmZgvK5fKkV1fJwjmzfT3tdHqa2N1t5eFp59Np2LF9Pa00PY1paygjiCWHtGlltKVGsRSWKPdKYLFE+Bs8yg0UAWBnD1VMr8nFFaIK1+05uoj47x4Oc/z2P/8A+0zZvLqW9/uwNYhVLsvvNOFzPwgk9+grPf+14vXqvZcfOO32rD2sRLShL23nMPj//TP3HpF74A0r+YyudkwsRalOaiDA2ipnGm7BETvQliL5HQ9QUo/wItr9gE5cVgAn3bfQrcHN+zl3v/8rMsv/IKRBAiEPSuWsWvfP2r/OKjn2LnL+7krk9/hlf/3efpXt4P6HhmSSI4vmcfD/3N51h88UXMO/NMcykT1Kf828H10dxUaGQNBffMZhACkBh0Hat4BYE+xpkkdlwlYWsr5153He0LF3Lvn/0vNxeUNXQ9pTOu1YhqdQeIi1LIuj94L2FrKw9+9m946G+/TNvcuax9x9sJKqlnalytsfmHP2bLD3/MpX/zGUptecDRtFnZZSFY+dqrufATf8qDX/jfbL3pFtoXLOSiT3+ctnm9rptTx47z6Je/wsTgIFd++hOUKxVz+6gemCjyx1e4S1cy6pkQrLj6Ktr65nHHH3/M6Rx6WiWIJCuq4slJbx7kjjIqmHv6Gax84xupjYyycMMrMt/mt5Qz8y+X4mqVLTfcwNYbb+Cqf/3XptLcrtn2BQs497rrGHzmGUb37OGF//gPek9byznXXQdRjWObN/HoZz/Dq/76L2nr6iAQ+iKGwWee4ehzz3PWte9j7ppVKJTxYEzriyYnUXHc9Ph7/th8XtblZVsgAgKpKJf84+Z2d94PtdNE8fd0slPf8iaqx0e45zOf56G//TKtc+dy+rvfhWgJjAan2HHbbdz/mc8AcMlf/RXnfehDDlACY2TlxtkaVVkDr1h2F41JEU38+eL+G8dE/pxyAJM0hrXRKvz2CX08WytXetkXvkegEsW+e+/hsX/6Zy774hfcJQqFICLQ4Kot07LAgnUYJTzNG0d1LetzdMgY7Q39sLQ0yrWXt27mHEIgCUiEygD+MggoGY+zBIimqmy98Qa23HADV/3r1xv6Fk1OkkRR+kCphjGfTVJxds1m5GbGO8ED+TxhElerJLXatGU2Jk2fFa95DW19fdx53Yca2tDYH017YTT0ySODPPalL1Fqb6fc0UE0NcnT//I1ulas4LR3/6bzRkxqNfbddRedy5Zx+u++h1JHJ0pFoBRRokhMXFVrSAmR9lW6cDA5fVQplBciKL9pIhDexpHCxjXNG2MNfTZvUrCnIRNO7zGGiPAHxnyfDaGjgUO9riSIRK8ZiQktBHoD1DhNxN46d2uk2PT2+2w9VpQ5gq9se00opHxXZuMZmhr+ChHYdWsLS62TBjnk6taD6Yw5e+megJZSoMc/MfFxFZ5n8ezsjunslBdjw8w2+Xw8DENKpRKlUsl5qxY5saQARXYONk6fLJiXvp9ZRkzT4Ix+ciIUydqFZMZ6VjSeDkyhyE4ozjMtKEPjvJ0uvwaeBEmcNE43u44K7GdLRye3HZCVfq5UqttbgCs/F/z5kQFqm/THPYPC07CplquQJJDoMFQkMaCQJYlKSiiVIBUk5rSZ0wUs/5S6LGPFIe1lRjbcgANarAeccPTS5Qh8YC4RlrSpN6IqABadvZaTd5DqBw0Al8i6vTWEgdMtMKV7v8wc1uESjG7k+KtyfdJ8zdcd0yypret9ZTbOsm2UGfjBrbwCTMSNf6bcLL913xo+aueNBcGz2LZwJyREkmj6JcrrjLX/lBtvu7wF0t0zYmVXlmmkxHBf+333eEx+bgtRsG0qbL+9GANCl54UQnsCoaSbW2nZZrxtwOqGdqfP9Phmn7m2euqE8PqS5SnChESQ2gVSyXzUKKwN2qhtZCotTh7P9nlO2leRaVMqqz0b0unUHr/y9KAGSSDRmw1WvomCPC9TCjPggr0F0y50Idzk12NhYxXZjgqKjDnDUo3eYZhzUBCDzFPwFIowkKhSSJwIogKh1mzHz9WbM+wadhELgNrZCLXpUrNdJ798d+RTSipdXYwODDDw6KOMDgxQmTOH2vg4vQsWUBsf5+ATTzhDQqGxv3o1oa03ZtEZAZVuQZKERFMBUS1AxRpobeiBiii1L6Z9ycXE1f3QP0jP4lYq806nY+mFjO+/m+7F++haWKLcuYrWBRcSti5k6vCd1IYepyqGae3uBrlQx16VfRD0AC0EbS2UuyuI1ghVHyGuDhFNDhJNDKLqeynJncxd1c/i9a+H+nkwBdS2oOLN0LGIBaeeDvVxmDyMivdCx1YWrlkOtSNQO0qDpqwgSQRJLInrAUk9oD4RMnIwYOBpRW0qoV5NebYCjmzaxJJzz6Xv9NORYUjn4sW0z5+PCAKiiQnqExMgBC3tLQSBBBFTKpWoRynjySj8Iv1DCoimpth3993s/uUvXJbdd9zBSZe+ir51ZxGUSwiRNZz0HDDroVxm3e/9LsuvvJKnv/ENHvnSl3jhe99n2WWXIYKAA48+yoFHH+Xk176W9e/7Q+aetpbUsIap4WNs+eGPOPrCCwDsufNOvrnmlIa5uPyqq2ifv8AJy+O7drHjZz9z7w8+/jgDDzzA0le+kqBc1kCalKAkSloPVkFSr7HrrrvZeefd7tvnvvs9uvpPonPhgsxtv0m9zp677mGXl/e7V76+oW3ljg7WX/sHDuwQQO8pq/m173+H7bfexlPX/x++feFl9F/+Khaecw5JHLP/wYepT05x9nv/gJNf91pKrWWSKOHQk0+x9+57Xdlbbr6FheedS8/JK/SlfEnM8PYdbL7hxy7P/gcf4ejmLfSsWomqR+y+8252/vIuAA5vfJatP7mFM3/rXYTtcwyAkiqaslTijHe9i0pXN7XRET22QlA9dowdP/sZR557Tpfz9NPsvuMOVr/pVynP6dRAWbnMWe95D6t/5Wqe+sa3eOCLX+KRf/gKq1//Olp6uxnZu5/9DzxI/2Wv4g3f/iZzli5poJ0L1WIEuVAKUSpz/oc/yIorr+Cxf/oaz//nD9j03z+k//JX0Xf6Wgafe57Bjc+x7j2/wxs+/ieU2tqJIlAqIapFHN+1k60/Sumz9eZbWXjueXSv6EcEgePfdi4tXL+e13/rX9j4ne8asEMR16rsvfcB9t93XzoWN9xA95pT6Fi82JST9W4JKxVOfcc7Gdm9m7C9vdgLRCnGDxxg03/+p3u08VvfZOO3vtlAm3V/+D7KnXNAKYa2bOHgo4+4dwcefIBDjz/GgvXngJQseeUr+dUbbuDpr32N/fffzyNf/AIAp7/z7Wz48Ad54itf5TsXXsLKq1/NnGVLGNz4PEe3bOeyL36ONb/2a0RKMVWLmDh4iN0/SePQHnzwQQ7efz9LL79cb5zZPiUJI9u3s+umm1zevbffzuJLL6Vv/fp0cyUn9wJATYyw+9bbOPzMswAc27WL7bf8jPb576bS3Y1lXIWqgse/RFji7D/4PZZffRVP/ss3ePCLX+LZ7/6Ak6+6ClEqs//BB9n/wAOsftObOPdDH9LH4j2jaWp4mE3f/z6DGzcCsP+BB9h8ww2sftvbNGCU89jNeNzl5LqjyY4d7PxxOvf2/PznLL38cvrWr894Cca1Ggfuu4+DDz7o8u686SY6lp1E58JFesMnijn45JMu5APA3nvuYfFFF9KxaBH1kRG2/SjHO09pwjv7+lIlOq9vJAljBw6w6Xvfd8+OPPccW374I876/fdQ6enBWzT6GzOla8ePsf0nP+X4jh0AHH3+eXbd/nNW/eqvUmprA6A+McHOn93KwSeecGUPPPAAHQsWUO7sZOzAQbbfdLOre+DBB9l/332cdNllUG5l/PAhtt5wg3u/8frr2Xi9F87EpLPe9z7K7R2MDQyw9cY0Rum+e+9l/z13c9IVr0aWShx6/DF2//w2937TD77PgvPOo3vVqobjpPr0k2LswAFe+O533fNdP7+NFa99HcuvvlrHVc4AG1raTB07xo6f3szgM88AcPjJJ9hxy62seetbKbW3c2z7drZ4/dp284+Zf955dK1YkW4+Gt1TCMHCc8/ldf/+bZ79P98miSJtQEcRhx5/PNOfW3/3t7n1d3+7gT6v+85/IKRk+ZVXctYfvZ+HP/85nv23f2PZq19NUC6z+xe/oG3eXH71v25kwVlnYQ3eqB6hYgtC2BA71hi2m7Wm/9J6GhtaAM7HRViQQLk82mHBGMnGUHNGRk7n0OSwRk6ePwjP8LM1p7pyenLB14WMgWja744Um2OoGKBNSGscxo4G4AGYrjYKkAVc3xuSu+gh502az5Z7X5ScfWrAKN1nu0FjPG51hmmdOVw9hiZCKMJQUkrK1Iw+b8PHKGE9y4u9HYv638zWsc9tTNdm3+c3qJqBtXm7xd4XYS/ktbfINwUMC4C7DAZg9RW/XTOAoUV9b2h7/hvPqHe0UWQM7wZ70Ft/J5L8uh3Q6IGUQmT70OwE5EzJnyvNxtvPC3oNKg8IzYN7DXST0l1c7bcrTzMhBHEcN5xQsXl9gNXyJ2HAg6KxskCXw0pMXe7/QprQbzEiifT/zYVGgXEASKREqRCZRJSEJEkUdu/M6u1ZmlmPPQEEgHbLS08s5mSa+8uelLN8LwfkFMTet6igggY+YkEeZ796YFUaBitvFKe0yyelNMYYKA30Smm/TxyB7VdFbNeBbf6Yu/ze+s6vW/c79VTOtrQg0IYD53JlOCDNRwFBJXYDP22nPrqueW5Cou9OUdZL3YQKUMo4tur6tI6a4oJ5Mli7Kn1n2+GvH+E1rVE++GUq17e0tPRlwUksIYqGG3cBvUfL/IkI08uG9Z2ODk7CNTTGs8tsG6Qycyfx1q83/hbTaJ4a5XB+/hTFgfeqyfbK+9aFCBDpDLN6X4Yv2fymwxk+MJOS8CKTUJNDHiQVEEcQ1ZMmxCpYyFZxsv86ahmUHqUVjZLUt1GDWVB2EGMwiqdelIJaPWIqUiRIHbRaJYUhEpq5zc/2eIVuSlbovZSyisotl8tUKhVUFHHwqado7e0lnpriyKZN7H/sMaKpKfpf9SoWrV/PoWef5ab3vpeJI0cgjh07TCR09sI518BpvyKYuzIgniozfqxCdaxMfSokrgcpgZRCBCEtvWfQueyNHNv8b9TG9lDu7Ke1bwNB63yGX/gWKpqg1L6USt8GKvPO5tim66mNHaTUUmPOojbmrl6JaL0EVAzRXoh3kkRHGDkYMna0l4S5lDsWUe5YgRKSqcEnKIeP0Dl3O5XOBIJ+aH8XxAdg4qcQDwASOt8Lqg5Td0F9F4QLoOMdUN8Gk7cAkdnhF6hEENcl0VRIdbzM1GgLU+Nljg8I9jw8xeafjzB2tI6KlNvXi4D5p53Ghdddx5ING9j4ve+xZMMGFp1zDqW2NsYPHeL4nj2Era0sWncGbb2dqKQOShJHilotwi5keyu8sMaENXDyY51TGozqny4H868Q5vZRYY0Rc3lcklAfHUHFeh9NyIBSRwdB6N3e7dZM8XzM1mWeWeHglpxVHPJFqtyXOpUCSRDanWm7a+b1mxkUwyKFv2nexnKiiUnqk1OmsRIVBgQtrShzSD4IJGFJgEgQuZhfTQ0LKdzRT5uyTBzvuVYiddxVYxyqrOCMajUTD7VJXwvIo0REEASEoTbgqiMjRglWCCkpd3R4XspF7Sp4mJPHca1GbWyMicNHAGhfON+Vq/T1PySJjrUax8pqAAgJQQBhqJVI//hm5nZVk5IoMseQNL9PkCgZokRoxqloxLPzTRlPSP8SKt+AeykbYFbZcxtdZh0olZhg9+kalyQIEkQSI1SETCKqoyPaEwJtfLR0dWnAnpA4SajHinqcmE1z4cSbVajAnZb1jBM9txwp7PoTlnMkoBICFIHUXlDSXghp1mHqjJDjC40MqnDCaEVfAzf18SmUCLUSIiXlzs6GsWiWbJ8mJyeZNBeKTTsaL1KZmW5j1U9SJY7/SqVnrjYICtanM3wyeuU0TKpZ22x52d/ZugyfMeU3svNG+eJ3M1FxVl/xm2nmnjIKsQhCgiBAhjoebeHRVrK8MQ+AZ/s3Pe1f6iZ1vp4iIH6mb/Ltyackitz8nik14zsCSRLF1EZHUgO7pUypo0NzukSRRHXiOCKIPK8XYcECO/6iYZ5ZY803rhsnotEPhHZGkIEwYUkaaZWoNEb1bGmYeodka3YGFcYws7JGSFSibYY4Tj2MnL5fuCAKPHWKYrqj/XoasqqQWi0iiWO8aPsFfQJ7UWR2bcWpPuctwqAUEIZC2ySugJnnStMkBLESTE1F1CJlLrDLwAWzBtX8//pegS8lFZ3ss+UGQUCpVHIhAGYDzr7YNvj1zyZvkU3WNJZ1k2d+OpG+vFi6W93DHqv362wW/ubFJr98C4bbNuTzvdR6bLm2f/5mqp/P9tsm/U2zcHq5dikM4FkDFYGKXRxriztkPk+U09ttvTrcmcmrK2wEFExZmYqNHiecIZV77Y51e3pxkRe+ytPeq1Hkn+e5Lw5MtO+n+97aclpf1JdcykAiRJz7KKE4sGOTlBSsrSK6pB3J9qEAREybU8T7Lf0tRCXyH5Fq16CMLZMkMUmSxs1O8Vstt6Q0d3gYXSAx3s9esdhOWbmnVfTUZsnqYdPQcDqFkOwabCbxC8vLFjLdF9nPpymzwRkRu1qEW8ORBVjNFNVuH6ke7eavm8Izza9iPMWq5Rn62+JUjlYZ4NRrfdEy9Ovx+h6Fuh9PPfXUDO2dOZ199tkAhOlNowY4QGW80PxUzIoKngphduJN2QJz0YJ+rd3w7aTT9aYKhIlRmkQkiSIQAoRsAFeLvFCLvGJOJDUDal9M8gUOSlEfG2P/ww/Tt3YtLXPm0LViBQvOPps9999Px8KFRNUqo/v3Z4BVMKOSwPgQPPR/YeA5xVlvjjj9TTGVBVOoCUFttMTUWJmpsRaq4y3UJxOC8iKCymLq4weojx8ApSh1nIws9zK252eQ1BBBhZZ551DuWsnIjv8imjgIqopsXQsdF1BnHqWJ/0bUd0I8CkIfdYsnK1SHB6hPwlQQIEtdlLtWM6f/Itq651PiLqg+CslumPg5tJwHra+B0X8HEqg+AuVzoHw+1LZDdAiSYQi6IFyGqu2gXk3B1OpYC7XJEkIGxDU4+NwU2+8ZY+8TE0RTCmKVUYElMHbgABNHjlBqb2fumjUcePJJ9j70EEm9jopjwkqFRevXE0engQgQ1EHoo5NhCeLIbDDYOeGModwxPjtPRMFKaJCawtvBys2VIKDS3ZMxYuz39jiCXZczzersrky2OSnDzDWxSaEJ+niJH+6AJkr5dJ4Ts0uNecPWNkpt7aZa7TlRjxLHOxPz/0BqoNAvwnopKMt6PcPRp/F0MkAIgVQ61qv14s2PdJi72b6hR8USTZuOSl/I09rTQ2Pc2Oap+OhUNgUtLbS2tNA6d25B7YFhywb8VLGmH0IfvZdWaHpgHr4ikYbMCEphpmSnX4osP562P0EAOS+IZoZfM35vnxUBI743pVL2qJw0wFuiPX9RxiNC2ZWKkgHlrm7biMxQShId9zCQBIkkjhVRnLjNEylSxQShY/kJX24ZgFk4zwLbR03lQApKYUAYhAQydcFwY+LWbk5xb6CuIu9N4egjBVKWqPS2gSwZQ6K5EdbMuJ7Ro6lJyvOO6TZMZzJC3XfGGJN2t0EJEMrczF74pfl+1s0uqHv630XPU6U/35ZiGgRCe/AaG9FxIoXx7pE6LrUMQr0p5/M7V2d2rfjP8mM3nade/v1sQZLZAh35tT/d97Odb9NtVs3UnvSBhBKUe3r0nLLjkCiSOCaKtH4hjQ6sxU5Wh2jWWtczKzR88M97bqWQzZLnS66/TfTgZjS0oF3Gc8nmVVaW2g9Szzwrh5FpPDnsBqb9ItOEJp46jU+BxiD8VoeyYcqEEGZtZ/slRJ7axtAWvixI8zqjLi2g2G6dbr75HyiFFJIwDEhUnMalLbBd0k/SNZmXX36/ZnIEmckpxOenvget3vDVYQDyt78XtfdEUt7b9kTTdHbdbLx/X45UpFvMSr/J8bP8GE6nQ9t0IkC8/Xs60PnlBshjEwapqNyiWLe5Ury/JFIoUDqmKkqBilDE2tEKA8w6eyZfmUAoSSAFwuhjKlFOvwVL75wANrw8pZWw/yuqJeW/+YdN8mZ+TqMf+DzJT1buWz4Gmp5Z21OZu8nNTe/KKOPe2kvvbJEnBMwV3VTbzOe8GW7dOA+tBpOniaGjSElXtElg/BT1M2F0eAH60nTplZ2eDNF0wUTT8nRjd6okvYnIhghKpUuqU6V6/Cz6b5Q9/3HD5lZBOflUuGlcLKTIe17PnLLlSDfX0jUhzaJTNgBvFk1w8zO9tYUTVqyt/mFPs/pr3H/u1ZrTgTRYWOiVXfT7ZZQPfvLOUOkdaKWKB7B5yrvAe6iyYRRp8Os0nqElmLLC1upwAmQgKZdCVD1OFU391qunYKEXKOT+xJiNgMkrNy9FALndynqdqZER5px0Et3LlzMyMMDk0BA9y5fT1d+PAkYPHOD4/v1EcUzeBBAACdTHYO+TMDEKR3Yq1r1Z0b0cKnMVpY6I9voU0VRAdUyhSquhXKZ67BmSqErYthhZ7iaujVAf3UUS12ibfzZBSw+1kR3Ujm8liau09K6lMvdcklhy9Lkf0d33Ai0dNWR5EZRWIuRCKgs66SwJamPHiSb2UR/dQzL5JGG0lzBcjwgvBhVB/TmoPQ+B/pbyuVDbCPWtUFoFpZOgvBBVH0RNbidmObWRNYwfOEh9qoOoViKOJErpo8TjR2J2PzzOvicnObqzSn3ceig10qs2NsbooUNUR0fpWLiQoFSiY+FCKt3dBOWyjoEVBJTa282cD7QyLCVhKFBJ3VyelGN+/mr3ppP0DQ/yi9Zzwc8LcJG7Uk6pxsU+DRMvTJk1k3+VLStdq43GiU4+4CeNAJt+7fmpeFfvBAS6o6s0QlN78CX+LqrS/EsfuWxct6KQHjkvoqZNEmanUxHb8IMF43HCWzDKeFCmGlOhMHRZXu4kzHEZIRChQCAhiiHRQtl6tIZhQOLNVw3qqibak+6LZecalC/2PmrarGn47YmA91nD1M5tA0I5iuo5I1WCJIZE6TheaeFANxcDlAAAIABJREFUdl1n11bibrCWUhIL7S0QJ0p7OoPuuyBdNz5PsGC6MsogytxHpA3yQOqLUOy819HkXa+moZPVmRs4UmNGGWiPKnvDfOH6EQ009Q1yIax3d3zCxvNMYNp0z5qXaS+xSAzID1ZJzKdma+tEpH6RuTBTvlSMqIYCUjBO/5O3OfyNZnuDqwgDgjBEBgGB9GJjeR83M+ozdRa0oxmgngdyXg5vupnG+UTmwcvRnny91pBxRy2VMrdVxyRxpOFAqXUJa+S6MsirDcqzHDwPKJUahHj57Xtl+IA7hp+32rz6mnSm4ZEFLBvB5Oz8EIDKAJme2SNcV7BApQ8UaJbURKd2NkAOIC1ovjaaY9ILK1PeVVCw03gs38/KWds/C0bbcvT/Z3d5bLYfed5bKukY9lGsMsCu7kuxTfNieGB+fc9Gltq1K6V0wGoQNL9VtkgWzJSa2VIvZX2+XPzmpdR/ImmmkwGzKXM2fS7a8LIgefa+geZ15MuZKW+z+vOyJe8QVViHBUlUglA6BIAGyOpms9RsKRq9uSAgnilHv5WBCXMgzQaY9pLI5Mvtas16bPMccDZ58/nzXCsLMjax4fz25WiY2nHKvdb/V0bPBBy/bJ6KSNB8TjTaVk1a3tBWZRDP1EZTroR8GWm/U/0oY1cLYWKYCyAhSayHZZ6XK603JVI7FxiaKY8uzsHQXw++QPPqnS5l1lND3qw20JAKXhVRtvgkjmjy/TQpz5/xmiz0ycQASFSij1PbevD1WdvKLP38PPl26iyeHuyPa66sgsAShWVONy4ZZ2s3717+FPoFW3B1psZlUpYbAGDd0nX8Rv/WZE1eP3uq6NiYGNr7pRxqb7HIeozlQJ3Z7CDOyMhzyTcMX+ouq/99EkVMHj3K0Pbt1MbHmTh6lLhapb2vj8mhIbpOOonJo0cZHRhoCkNY6lVH4NBzMHkUxo/CmithydkJnX0JJFCuQEt7SFJuJSYhiJ9E9I0gO89BlBW10V0kURURtlGaswYVV5k6+gwqrhK2zqXSexZCSCYPP0792BZKpbmEXWuQrfN0Q5JJVKxQSRtBSw9hZR4tXWsoh/dTLu1A1BOQG6D1CkgGtVdqfTMEnVDZANFmSEZJagdJkgXEtdOZGnyYOD6MaF9FXF/B6JEnSeIKGEYZVROO7auy/8kJ9j89yfGBOtFk0hReEOjbeSeGhqiNjTFn6VLq4+MkUUR1ZIQkjomnppgYGmJZ6WJKy5bqGwQNAxaBRIRSxxfwx9SvILdA8rPLMZqC9WTjGaevcwz8ZUp2zmQle5YNZsDcApRACb0DGpgLM7KMb+bUFIMrhCSKRjR2bVUILQyt95bphlLCOPJJw46MwAaPGftMx3p/eftrTukoSAIEASS5cCmzMBaErqYh2cuv7P6fMsB1k+obv3+phkVuYKSUqMC0R+hwAHGidLwdke+qMIKuuK1pVg1uxaK5sTabVMS/87zZNyTy+fJ53A6+isxp/FgLP5LMZWQWIDEfFTQsSLVXdIgKKfUN7CoMUEp7c8TKysPshU3KLimpvVGl0Ed8AyHMxSEqXb8qXbOp3tHMsLBGRwpoFM5tgQFWA53XGi4evaYztvxNy9hcMNTMu/REQLNmeZvJ/MK2CUAFCOEbUwWK6Ymso2bt0o2aNk9ae8qPnE45nSJY0AY/v5QBIgi0jhXoCwZj0x7tzeFxT5EvqtHYL/IOnwlk9cvzvR+b5TmR9FI3t2eTZsNLHX+xwL1K9PHTONbH01XiDqiDZiOJZqYNc8PNA+NdYQ1Lt6xF6uGqhMh4z+gCzFF3YQe3CciQMQbTZ4XyJLW8M31OgX7heJCnvmA3XBHWe1QgRGLolDUobX+KvFGdJ77XXOOH5KpPKadPvmlxqQFmZwwXrENP2/EJkckmNOM1Nw5brx9BYQgDGo8yZlJOP5RCEIb60q84v2EvZrfZMdNvaFyf081/X17ao/+lUmlaXjBT/dMln9fkecRMZc3mVNRsAOWZ6mj2/Uxln6gu1sw7eTZpJvB8OuDWhiVo9m2zek4k2bF194ycgFx3v4n0prTSx7VtxGmEvgtCZ9LhUYpaaE8M6bIsqCa1PiU8lU2hL0fOqVW5xjXtq3tTwGML8/r57NzP2Xw63q3P65uUleMxxS1TDli1cUdVIsydSoaXFvavmLLF45fy6JmSKFjHDlgT1l4zdElvCsPJxrx9JESDGSkEIHUoSYnQkQzsxVBC6DKUkZhK2J+aPxmcyfXVx/tMOxuo0qTrIvdX80265jZfEb2L4qvOohEzVdc0pfiEiT8eSLRKnQ3zkbPOGur2N1dV7rl5nBPPKfCe1SFsHN2XwO8bp83/SNJhAZTV8G2MimYKWEHyFUb3j3/jtvQMLsMg/QINSqKE1KeovNs2S6WQuB5rJTSn+xUBp7PZqZ0uvRxKhP9d5oiEUtRGRxmemAD0EbXB559nfHCQuatWoeKYscOHZyw3AFQVhvbA6H/B6EEYPwLLL4TuJRCEEJbaodIOokpLvItKawLt86hNjsHEJuI5CbJlAWGlk+qxHdRHdiFkhZbedQQt3UwNbaQ6tBFZmkskL6QWzUfWjxCIF/SR/eMhU0d6UWIRlZ5+2hcupbXjQsI4QkQ7gRJ0vBXKZ4CahHg3qt4DlV8hiuYRTcTEyRGS8BhJcibHBl4grk/SuiAgaJtPonpBTAKKyZGYozuq7Hl4nH1PTFIdjxHJzJGwFFAdGaE2Okp3fz8TQ0OMHjyob0Cu1ym3t3N83z56V6+mc+F8ym0VNJqqBUAQBC549swezLnjZPap0v/4m1YJRQKmeEf7pXpOp22A7ALKGnJeQwoK8N9Zb8cTqL9QAfQLPpGkdxmV1LEUjXmAPl4vkNKThtZYVF4bjGalsPSefR+k0CEjlD06X7ALXzhWjTarbrUT1sqxwROhyEudF3luLg3AFxllTEp9BDlOlImVrQ349EKIYuK5aeaG4qXPYfCF8MyG1mw9RAJV1+UZsFiDymnAeKQOGeArkHklwolPpRzoENqLW9CerKHhIZomtj7zPdYzVSt2UrgIUn41VgNMgVYBjgvmgQV/7jebgIASgfGkkpnNCp9O0xmClo5JkhCZW+VnO9bNvFlmU8ZsgQatxxiQOovz+B/7H6UkaGbUFKRUAZ1NSvUl+112ZuXG0jOilOHjVvEWgUQacFwIoW9qV77HZL5NxUppEUiRfzedLCra0DhRz7bp6p4O4H850onwJ0GiZUCS6Ev8VGJO/wtvmZoxkMID/hqsB89uSEHLNPlAZuOpGCF1+cZqR2/0ZM0/XXf294nYYRmyeGf0nEHsvpUIEn15jgIhAmy4sUyvmtgVOgU4MNYxo4IWOsUlPalieaiyPNJrv/Lkv14+NqyKB3JhZYb9zvZ1+tMB+dR8Y8KcAFE2REx2vc1GnhXVk0/NNhaL8tvThEEQ6FAiubiq+c3LlzPNls/n88+U53/SE3Y2tuVs9HVL1xOlwYm2xaYinjpbOs2mbfk++3NopnLS5157VAJJ3bhJaH6g3LaVdMqlMrwlBVsyrfIqsf8opDS8SWnvO5WAEl488gLwc6akeYxlNK7C5pn9Nio0EOg/bcIjm5Xqg1aavadyX2HDW+XGR6VAYvMNg9npPzmWO20SqtHzMHWuM/LQ8v7CQg1g78mxRilh+LgMSOwlTHldyLtfRBkbXV9CmM7HBAo63CihoTBawjRrzMcKprf6imHUYl23sKbp7PlsAYXfKDMWgnSMhDQOTBjMMDdPZtwoI5W3+e9sfc3KcXa214npZOcJed//D+iW+gS61KBBgkjjohZknq5+ZxoISI0+pV2WpUQVLWRjLDjDVdlv9eQPJJQCQRSrrEdRLp2QcvwyCnQ/FQkTC66KMKRt/nxOe/ObCVtbiaammBgcZHRggLhaRZZKxNUqU8PDswqfL4BQQVyFF+6AwR1wdDuc+y6YsxTCUi9CVUBNIWVMpbsFOjppad9PW2kb9V5J0tJPvTbEVDyAEFVE2EnrgguZGnyC2vAmZNhKZd5ZtMy9jIlDPyKp3EdHz2EQAhV1EE3WqU8cRNQfp7NrHmHn7yOq4zAxCfWdMPlLqFyEqu8lnnwBVT9KEk8yMbyWsUOKaGqKsHOcSt866lNdJPXjqHiKIGyh3LGAaHwXE8MRex6dZMc9YxzeVnUidjYjo4Da+DiTw8PEtRpJrUZrTw9JVxeVri76L/7/7L13nGRlne//fs6pXN3VXR2nu6enewKTh5lhhqygDOgoiCiIuCiueuW6awBZ0165u/7Ulb2yKusu967LriviqmACJQoqIHFygAlM7OlJPZ1D5Trn/P44oU5Vn9Nd1dUTgPq8XjNddeo5Tw7f7+f5Pt/nYo6sX483GERJZxDhIDnKVtUJJQ3DQbZ9EE6eAfskrRkLQU51dlvMnElXt7BFQ8oJ9Prab1gPFPm6EBI52cFcgJysOdyE8fEpjQ830WRov1RHj0+SdULVbmmvGn/t1auBtRgURFL4cVIISULWDKtETWDe+uyebzONnFKaUwzNthY6eWcsUvoxR5MAmcpkX8qcNb4N9E0FUFXF6I8YAijWzdTCEGRd50drvbWTRjn/PPqybAi7RWa3mNMJbuHMvi7QyyBUBVQV8zi2KLjwJH+HWQDyhNVqcWCWsmT9oqcp24Xd/JjHowjB3E7UjGvCgnEkcqkKUwo2lQkh51mtTq4ATT4fmRuKpcxPE1kaT5SXiaBh+Co39J3cJlduzEqmPiXZlE0rfpvwbpuXnX1bFQ9z/jXjzW8vo/9gKCAFyrdlsWBYOCPrriMMz7/Gryoir1vYxwN58bnmsYh+UMz7ToTDZOTDVPPmhmI3J50IZ/Nde1+WEKBk9YsHVQ27qmjO82YrmsuRnYJ0KoO97QvUzly95T0FNN2XZ27TEEzLT12BNd4S5Cs/E1aFk2zuHEx/nBu3KpquQ6CrpZK55jopPi7P8/JgrR+6r0R739Xncwkk44JJq7z5RLIFKZ+YRuS+a5jtpiHJhUdTBebGOBTXl5zmspwfagmPLIGqkDXmYquPGeWWCspZzlh0mrftcZrH/+0bkaUQflO1aizMUzFkX2EYt3cmqq+JNo2Keb8YlBNuOgwpJkvLrIeJrFcL66qYtnH6bhqlmJ/z2tuUBYXhtkczN7E10FRyI9QetzkuzdEu5/1mz4broXSBcbO5QNIEqqQZ02bOzViuuDkZ3RFm2Yx5f5xMrGGtDs7tmi+fFgUXWdf+Wz7ZmS976pfTYrsMLN89gLkR5IbypB/zZLLDOpNHfBr/OVb7OLMDo+5tdWjoZUKW9FPTqtkXweSzzXoxxELDfZkx/4oc/zQewmXtGq8P5/p47t383qQhCnu6JXOCSwVMsIQX5neK79v+mHpcrm5NclM/waOhuY61cekWtWbl53Ai4tRtE6mcTavphidPocDul6IQU9nJ1N0CiLw0CuHSPEJFQsIr65OCWqLFXLkohdhyW2BMwSU+NMSRdetIDA0xd80aonPmoCkKmqKgZDJ4w2GOrl9PenS0pDyaZOPgIdj4Czj+Clx8M7RdHCUQEpAaRienmkELIMjg8aaQfVVQ3YKW7CIg7yUVSZNRa/F4Bdn4EbKpEfw18wk1v4Wxw78jNbCDTHUW2esnEE0b5fPiC6tUNYwSqjqAGPsJhN4FwRGIP4aW2oLquYz4YDPxnhNkMuCt7UdV55KOH0VJ9SEH48heP3KgGi07jJoeQlNjeEON9Lyym9d+P8LRV1PEBsb7oZ0MAt3vajYep27uXM75+McRksSxzZvpeeUV9jz2GMc3b2b+VVchzZ2NZYJmr19ZxbqUzRL8J16A8vqCGE+l2ndn8p/nJofJLLGLJhlc4in5dlKh3ypp+pfUHI/14XzExEk40+yLia0+HZRJKwt58eskWM4CIEdGWOGFfdkqZ+IwF1pjLjNuHy22Dk3lWe9eOYLEFN40TULLO+xhJ7AtWrD4vJYlAQljD0vKCSTG4qppBjmZRymMSz1X1Q7yUk6gLK1FJpqL3ZTCQqXJ8l2KpmdAM8Udcn1Ho3Ajdkr5cobkUObifdEWpDzxr8Joi7wGySkPlp9zy8J26iNE03IuAaZLsJk2wcicWoy+p/uoNGCbctx2uu3EA0xh3ixAHmHnUldC5FwzWMqpQFeEjFNAwrqVubT+ejpQDDl/KtIuNlxhH7A2C1QVRVURilL0ZkIpsmIp0JAs10LWkVbD4h6Rk6dNxT/3nvHVaUl21//HpS4E2G/JFkIdr3MaxESpKp5TWnp0xngpfGa/cbzEWSxvQ8yFSBHmMVKR99Axr04VK0nCIIDN0y8SsmrYlFnKqshZpReQjqX0D6eNjLzNAQdL1WLIzWJRis5kD18KwTrZGlOStVKRaTvl4/WMicpQDAldTNwTpSHMsWIRqZpxcZV5cWqZ66xjvnI6nC4f6fb2lpcBkTulWJhb50Lkrxnj+qUobj6a6po4pXVDM9cq230L+bEW/MXx17w4J8qjnlEwDRzKXP7d0neLVwJUSej9zBD7CzOsT/s5CVjPc2kGAo4OCl3yZHdfk3dBexHvjguXF76MynV538llljBkDqEJVE21XAE55tVFni4HpWz2lCSvK8rkYUqEJ0c+GBLEBNJ6sTuauQnW8H8iSdbE6RCpUyx6noSEJKPfa51V9GNvZWAytnsqcUz03LRc1VQVJZ1G9noZ7u4mPTaGMPwcaUDNzJkoqRTZRKJkKkgAZCE1CN1b4Kl/guVHwpy1Nkv9rAFISyA1gJoGJa4LcJIAKYwQffiCg3gCATRvI0gHEDMOk44I8NWANkJ6aAdKOkF8JIR8QuDxD6FpAo9XIVCTpKopjpCzaIndaGI1mWQDid65pIZ78TcPkxyeQWK0FzWdAM8JfNGlCI8fLZFFU1KgKUieKiSPjJCSpEYSHNnoYfP9MQYPJkiPaYjs1ISZbDJJJh5H8njwVVcDEJ07FyWdZnDvXlrPPZfonDn4wlXOdStJSB50l4zmuJiE5Lfn1GmfonB3xnrPVJZygcZHWCJK2Z2fEJqkr1RyibdL6gk6PCsolpYf1sh1zirQ/pvBHOkXW4GqagZpYpCYVv0axIRTYxUp+ORlzVx8ZUEpjeKkDJjESO65Xq/mQSc9fpsP1qKTm7hvFplhhJB16yyDGNb0AzagSYYFq+raDRz5dci7hEeyApWnpLhtRBQqlKBfSmYFUTXdKXvhejINi39pcEvLbXuh+HjNYWAn6DBIGSFk40ixyFlvTRF2crVU8vFk1XVhrDnRWbP6ouO0MAnx5WZxVHS+HPqX3f+2mVcASZNyxJnQ35U8MqYLiwn9xJ0BKCR6YHra+2QTG+PmaUVFVVU0TZ/zZFuYycihicpb/gaE+Z99fIO9RzimUaDUTZrGuB4mbL+B/aSZaeklpPFr3tTg4G7JLLPQLa8m61sTtYvZRws46ILABZe/5MlmxfRFyXpHCIEs674fFVUz/Jvb5sxpIN7d9BCTULV0kjw9bXrSKSfsyQ4znWOxWD248J2JNnEKN/JOJk5Fe4+zVjUMEsx1GEDoipXtmSFvOqTlxhI4pu/6NKddm/OnKWKbRFG+xW1+mfLSnkCncmrH6Wjb6Vk/DaMENOfLky2DA4d3S0gn73WDxHWci43fC+F4SsiNK3IMqstJsiZ0dywTXuZmCoTCyKtTvUyMSU8vjn84sezmYtFcigxabH9xzbvjOMwZ2EhImI4nHHNbOGaKys0kcCuTNv73070FZliuGp1KqM4OJEwUuytokheCieNzj0VPziAZZEmADFl1eiYnu0A2FaHMKexEC6f5LJtM0vfaaxbhqmaz+CMR/NXVqNksSjpdcplAry1NgdQodG+F2rOCeCMKqf4xok2CwIwahEiClkAXhr36Py2GJOJI3ggEayB7CKl2mEBNLZongJJ5jUjDMdIJQSbpJx3zEusNoSqCQCRJoCqFpgjG+gKkx1SkcC8qzSRHZhM7MUCVfwBNqwFqULOjKOkRZG8VkuxDP3KVQdMUPIEgyQHB0OEYqeQoPXsEJ/ZkycbyL4koFWo6TTaZREmnOb51q+4eIJslNTam+wlMJhnr6cEfqSYUrXWoWF3w1h3Bm1xTCblxCer0ON+PiBmqWKP7SXYQ7QqjayDnX1W0HMc3yfArVgAyy5d3HNecM0zBpkCxyluEhW4JqirGL8JcDA3lTphj0iVTpUAzUzcsVzX92GOxlwjnukyONtWnW9P/iukZyXLlbrSXucFUfBmmQy63fBYhjD4vAP1yJlXVCUlJuF++5QwVDL98GgWW4OXm12EOtwv3+b8Lw02GrPsszLv1+nTArQ6mp24gf+zr/nINf4hi/IUTpaLQarUYK5dTaamhv2jUpjWOyateRxHXPi8Zf9zlTxeZwDGskaIRn33KtU40mIqIyPnbRNJdAQhJGn+hwenuwi4oJClPRrxTQdF9UzMuqzJOKlguJiwmzp4PzbEfuSv/hQsbJU3e+fOa3gHylP2JX3b+3TH9yeraSBusG4stgnU62tyqm/zPxsFEqx3sPvjGReFCMJu/Weuza34L6sWRkDCz6GTBZJ88NMNnvHEWRc35W3fLaymEjLm5ZV/7TDLVdAFQaJ13ajcT3zyYjEw7XfVearqlEoJuhL0Qugss66mqkO+wwybDF61IuGXa6WFuvtDDCOuxTvAaMq3pA80g7fJ8j5pyuWarRyHy0xNGfGL8kW/hZBw2VaHdTL+UdUOScmUz6bA8UUfkyliuUOFGeBad12KVHocNOAxZF5teKQk01Xlc6i4mcie4NOPys/Fx4lwuOxlbIDvaQ5krV1E167JOOz11XDdcUnGMteSpyKhz4yLp/AXalodxVXHyNo/y5c389E8XdHJV0/0VaW4Tm4lSiSW70CImidsOzaQa9BckoQ82tfRe4Jy1IsoxlZ1Zt4VFU1WUTAYhSXj8fgCyqVRuN0XTUBUFLVtwPX0JMMRNskB81MvhTdC/M03zXEHH5X6qGjN4pLShWPsAGbSMzspqHtACoB1B9qaRvWHwedFSXfjax0jHITWWJh33khz1IXlUvMEMalYw2hMmOeonFVPx1cTwVEkoahQlLVDSY3iCjUheP2hZNDUDshckj41qUsnEBT07FMYGY2hynMSo7kOzBF7JsT5URUHNZFAyGY5v3kw6HkdVFCSPB39VFWPHjyP5fASjtYTqah03AkwBVR+oubvdXdOdotCkr/GFVhjFj5mTJapJBbfYW0LIuDpwzoFwqKvcPGPUpbmQ2Mhry3OctW7ZiREjjJTzT2h61tR9xBrvCsHUj14byQkpJ4BgKjAKTg7fHd/Pj8z2PXfrqVViU2izdTF9l7C4MpR6LNIxBlPmlAz/rwbBKgxzP8044ugqAzs+1KzAEtgsE8rvtW6EXt5lglY2DCtnybAcVhXsC36O1Hbo227lGp+hqRTDFqeR3rh4S5AUtPHClTDcEmiSMAjWcmZXW1JGHdhvBy71CGGxKEshtZlO61u2EyZU+KDkZp04eC4+ayRYHIzxm9At3nRXLHr/sxOrdsvVckmZk4EzMU/gnq/CzXFVVRGqovcTYdS3qlmWxvmxOM8Pjn2g8JIkc+Erep03T4Hlj998NzgTw2mOdiYhJ3hfE7lxIulKlj6ehXXRlrPKRclzpN2zm2XpbWyoCkN/cZZJXGBXxMz/BK6GIIWXhOUKlVuoxYRmAIYcInS5RhLmkXx97dcmmIvLsTI0rVXdwpQzHqfbCn26SL9ijGWmOjedivXqZG4eFcbvZkBULvnuHodBTJrybF7UEtaFRY5H/hweObJdwnFxN91v6PG4W6NbuoamFYiC5lgvnOsd5nPT7+f4bDgUopz2Ll4/1JMSefKlZhg9WHFhegG1ewPNoZTZoiT3WiXE6/SyG41ozsxmuwkp52c1X+bXw2gYvIPbdGzTT53LYOiiGrkVK09W0NMxw7rysFbBihUqHIK5NYDjOHJy9TZZ37L9rjn3lzzd3nzrFG4qne59Q49NvM9TQKYKS9k1dmnzrLCcWstlghQFk5+QbJdQTDFvbv5kphOFFhtCCN0CIpOhbt48ZqxYQaiuzsyQTroaYaZD+ZAAr1cQH4SuF2Dr/XBpFuZfBZFaQy61Zg8jr9aEq1/UgCaDJiOkLLIPAr40vnCW9JiX2ECATFJC02SyKS/JsQBKRkZTU3gUVRcYJZ2M0eVgydbLNXI3FepKpJrROLIlybbfJNDkFE3Lsnj9Xju/NHWoKpqq32IbqKvDX1PDWG8v2VSKqhkzdNcMXq9hfTV+MjNvRhcIhKSBai5EEx9/LcaCy+09y0fnBILcVI4GTHb8q7i0jMXDVRFzisMlzbwdRyOPLkKVlv/V+iCMPpQjJvQfLN0P0Mr032RP1BwmQpL0Wyjz96ZdUSho5h/J029JNn0h6S+YO6d2xW1yTKf/RSGMO6AlDVTD2g6jTjVbv8jrHs7qtKWzTvN86zTO7BaUrmNICPSLqsw6tgvOLmug4/AoNpxL2JLGi1u8Dq8LYwXNGziSzXfnBOmUAMuqz1bnUNq6ekqELaO8eXk0h1re2T9z9ihfVnCfTws4eastbMeqhdBvEbbII51YlYSsE3+F1jPlr5RvOJSyBlstaxzFM12iFKpFkiSholrtlDt5AaLY8eSw4eM2Ft2toiXTXbKlCqPZ/KBPkpVie7Krfmb51cgpi3Zl0iyja50U3V1z/dt6xVJIc36HTVnAqWSTuQWw3nXTqLXcxSO5fuKUx4mLYdWF8Vk3IrPVmcO847Z+TTYXmQYBTpashWlMltbJhJsxSrHvnqq0nNKbqG3OhE2kqaK0vBfoBrbn+jpn+kfWz2YJK5y5mSQc4qFEQbYUGcwWvmAhFrb86PqD0HXhPE00l5Zd38g3PhEU+uwsVZdzg6PhlqN46x5nPrnuFM58ZtPbp9Cf7ZLJRFLKyZL+7PyRdceABub9wbmWtv0p5VuTAAAgAElEQVTN65P5LizM3x0pxDwCnrxCFZZPs6U5cTcXzjRDSQYdRbZbqfqAsNWeMNOxb1hU5FKw+Vw1XK6D0K17ytLULWLN1nndZUi3SHIfjQ4lSwJNU1GMvJ2OncFikfPbolkCZyYez7dOFQLZ6zWO24oJBklpUDIZvIEAktfD4IjGtkcS+Os8tC/xEYqoBOrTQBZdQjeP6aZBqtUtS0UcjSRKto7UgERytIrEaAg1I+MNZvD4FTw+har6BJIYJjbkJzGs4qnyg/CgptNoqoSQQ6jZJJqS1P3uCi9oWSRZQVM1EkMa8USWHU8M0nc8Td0sGa9XRpsu58KGkuoJBJh/5ZWgaRzfupXBAwfwRSKkRkcRsqwfc3Z63dYHJSGhSYavySJ3lFyViwma2d4FTGK3EE4m/2792vIVah9OJbxvKv26nx7JUA4cE6LYAW4egbXUV3NNKnIutqYSIZAk8/Z6M6LcfqX5wWFPzjEttdjhJ0TOQTogkOylcQo+7rtJ3JsxmJtQugA1mUjikq2iQxYZnwBZGPe4arn48wVRQ7jUxu9SmlBPEqla+MzJUrUQeTvWkkzuBnmjDKf0hqAylQgnaOQ6t8iJmLlLrKanfObxUqd6P2Oh5X8U4D73l1EkDXC+GFTva5KUU7ZMtVOvRyk3tiSbaC9MCU0tkLnd54YzsU1OR56K2VAUCDRVw/SravZpp54h2Z5OR3FKrhNhrA/GemFf56YbrlGal1gI87NB9mr6BkA+IVFmBrT8OtKMI7zW3t4k5XbeBzbXgNxG9mTVV371mkSFnikhBLIMiqJaedDz5CZDGPOBbf0qPOlkkqpORGDhu05pnWnj81SmVWw+itlELIb8nmr6k2Eq5SgGzuSgPQ47sZIbX6ZHRklze+/UQNjH32RzkyHfWyecyCdHc6SxqZ8VyJ04j61yT5Y5NVk53UbXQ3K6ds5oQnMI6Oyr23SX45qG7bPrZp1Dc5QrhtstN3N6i+6SxTRKzt1mljsZmLdfbW162X53SMtxZDisKXqadiJ+ogK46dlF6tjTtAQ7R16wKWEQ15qVqJ5HJ9nazV3BGxEeexPq7WZsiZfbufOUrglGYAmkjCRJqMrUs+YmVJyMnUaz/MIgUP3V1YwePcrRLVuIzp5NsLYWNZMhm0oRbmpC9niQZOdb2EtFNpFAqq3FX10NikZ6cITevWH6doXxorLi+gxV8xUkuQrkIEhJ0PrRRDvpWIh0YhjNmwbvcoa6NpJNKaiqh0B1mkjTGMkxP/GhICCobhqjpkqhqkFDVDWRSWVIKAdQIyreqibSw0fJJuOAH9kXQYgY8cEEB1+MER9N0LQSUgNjaJksst+P5PORHBwsu000QHg8yF4vQgi8gQAIQXTOHNJjY3Q9+yxqNsucNWuobmlB7/MF/SLHfRkbrvrMXOyR8OmQIVz2O6f9fXMYFla7dWgkb5yW0DaOi4GdiBSThHWI0hCQcvOVQVQInSA1FzaT8HQm/BwIZmeGXF84LNJWnxtVY1Exn2tuF51pJbSBUce6upUjK0/7gmT4atKMwujd33YZiBDj6skdOSH8TFAocoqnfUf7dQ6D9Mgbs9ZlErZnZcC0Wj0ZOFkKt+M8UML7joYEThFrebRXfg7GsUKGwwZz3jL7Ywn5qmDq0AxNK0c8mWuhGO/flsnOrOTDqW9NwzkKrJXK7EO53cVTDGH9se8HWlakJfnlnjgJ66uYzOKnmCidZQ+nkzPlu9pxSl8nblRNQkagTFBNTjqL3QqzkFi1h309W1BWcPJRipWt85psKUbkD1T9+ckYO6cCuQvQhaUECk0zdD+La9ThqDIUX+7ynJZNB4y5wlj3FEuvKlxS3F0jFTvLuPUgN7WrLDgzk8Zjo98aBbLcTQqzJ4s8rzeTtWexec1bs08yyk/LGgR5cDRA0tDXzkJuxCFs0dzJGwAehIR+0EyvzImmxFIGkeWbytoJKdl01SFe/dZn/dTW1I94WPGd5I5uxu+PRJixfDnxvj76XnuNvp078fj9eAMBPOEwHW95C5LXi2z4Yy0rTSAzNobk8RCIRkFVSPb3kolLDHb5GdghSI4pLL5+lMZZdchaLZn4CIrWi1x7MWP9LSQHDiEFRgg016D5VpKN7cbnHyQUTRKoSZOO+8gkfcQGBd5gmurGLITmQzCKJ3EIT7abQNiP3FCNyPagxnpQtQieYCN9u4+z56lButdn8FQLogtU0iMjaJkMvnAYbyjE0MGDMOHtfsVB9vnwBIMoqRRHNmzQ60eSUNJpfKEQSBLeUAjJ6zEmonzVx259pNkm5rGxMQYGBojURGz17tyXskqW4aFhOjo6kKeJPC8HmqYRi8U4evQoY7ExAJqbZ9BQX4/f77fNx5pBOBm+GrH5BnWx9nKC8xDT7BRb6dOCyL+UAVNINBUNg8QQlrmlA6k22UZ8wXNhHBk105AkDVXTjB3SnOChKAqjo6OMjIzQ1tamXyRRfMFsmdOscqBq9Pf309DQUHRM5UJRFGKxmM3CTve/CiDJElXhsK2+csq0KPQpWIgyptzJjjVOpiyM/81sO7uj+VIyeLpFYwcBSAPDASI4bi2UTu9kMhni8XguCU33SRkMBvF4PNbzwj4jyzLhcHhaLIamBfbhlf+oKBRNVbhOaePnf0kSNjnJSGcaZBsnTIebmWLheqT9DCF8HC/2MTfCJrAiLCX3LnpIUeEmDqsZF54ZHU3YfeedCpjzXj6hokv4+txjKqnTza9oRtmnB7l21pzmUpwfTU/ShtsdUdpNEnYy1f6v8He3769HTMU1wunCZG4ozjTiu7z8FMo/dqu8QuvHUzk/OcFJVnMZ8/awdhnXZFVtVEaxVw5PoFqcZlgrynh5Pm/zacLXzzy4dWezWBo54nzcDl7hO7nLhx2Tcp2LCp+XOsaKrdyTNJeUQPgJTdiMU9zH+hk6bZ8U6JqRMCl7y+OYY+Did2RyvhBNptXJVD6XVJGtKHIEq/1YYrk42Qu15PHgC4dJDA6SHh0l3tdn/RaIRskmEhYRWA4NbVZ3angYgGBNDZKqEuvvR1XSgI/+QwHW/7eC6utm5XXNBMNtxHqGyWaHCAsfqeQckrFhRKIHOdxFsGEVkpQmEBylqj6BkPUdClVRSI56iA3UE6ytxlP1VtBG8Yi9eCIZgg2L0Hxx5PRhvKIPRatF8TSx90/r2P3UAMnRADPOrkZJJUnFYqCqBKqq8AaDxHp6QC3/+jJPIIAvHEbJZOjZuhVVVfEGAsh+P1UtLWRiMdKjo2RiMXzhsEuNmhYtxsyhagwMDnDnd/6J+fPnUxPRCdZXXnmF7sOH8Xq9nHfeeUSqq1FVlZ07d1JXX8/nb7kFj6dUcrXcbY5cHIqi8PLLL/Oz+3/OyMgIF15wAStXrADg8ccf46WXX2ZGczMf+9jHmDtnDhZhaM0LuoWofUevGDjm1E4kFJV7tzhybaIrxwW32E+U0RL0KHPuyvUGEEJCQs1d7mEQuaOjI3z9G9+gpbWVWz772TzyaXysTjnQR/9YLMahQ4fYsXMnzzzzLCuWn83/+B+fcC/PNEP2yMTicb7z3e/S3a336/PPOxePx8vWbVsZGRll6dKl/OVHb6KlZYbNWunk5msiX5hTURCs94XJaTvb3joX63RLCm6d2H76ZOIN02Lg9Xrp7e3ljjvuYHR0lPb2dr7whS9QXV2dV/8ej4d0Os2dd97JwoUL+chHPuJ6ocppRV43LbcNS52Lc6u77pri1PWhUuSck2Y9XEK8J4VUUTVDSTI2VLSCOSA/tfLSKgnFWk2afSe3maghOYY8mfSNufFnWfxKhg6B7kN8eqquQLk3ClR+37RL2PoYdCWCTxYJZiuL3g8n94lfSKIWEqun4k6J04HXUzmK3UgsV26ZbpRixeoMDX1z3WEOPSOOBLnPpeOfjmdBchSJsKY3zSzbOBRfj6ffulefr/PkIU2z9CjzeamcRCmbiOWipHxZS72ur2g40+OaYSSStydQ9jx0JtSAA9w4uKJ15DNhfJ958FhKZZ6wNB01ZRuWVhpuwUpIT0hIQui3uU6D5erJPNpo/ksMDHDw6afZ99RTtKxYwbIbbiDU2MjhdeuI9/YieTwWEVh2ukBiYAAlkyFQV4csBKl4nMTQEF6/j3BjI4PHjrH7yR3MPPdaapuTxI53I6QEcvVOfJEO1PQgib6NjB35AzVzP0qk8zyC/jQ+Tww1q4DmQ0gSWjZEOttGUl1FSG5Eiv8U0rvAMx8Cb0ekXyEQOkEgpKLKQYYHwnS9vJvhvlFq2mZR1dzEWG8vaVXF4/HgDwYBGD16FFGm31UN8IZC+AwCoKq1FTWTQctmySSTpEZGGDlyhGA0SjaVMiqvsD85K3c+n48vf+nLtM+caT3/j//8T7oPHyYQCHD1e66mY9YshBAoisJzzz9PNquQSo3qsTpYdiUSCdLpdF5agUAASZLyrMbsyGazHDlyhI6ODmpqalzrIpFI8P9+8G+sW7eOzo4O/u5//28aGxqt388//wLed837+Ne7/5U9e/Ywd85cW4HNOJIcOLiPeDyBoioEg0E6OzqIRCLY/QkVWq8VlhMgk0kTM8okhCAcDqNkswwMDNLS0lJQ4fqfVCpFMpk0HprKsUz34cOEgiFqozW28zyasbmjfx4di3Gi9wSLFy1CVdVx9WwiGAziN6zHrXKo+nF4M+8BfwCf3wdC95c2NjaGZpyVkGWZTDaLqmosXLAAvz9g5X3fvn0MDQ0RCOjPwlVVzJs718GaWY+rKlxNNpvloYd+SyaTccxvLBbjtT17SKVSeL1eAOqidcye3UlX1yHGYmO0trS4ElzZbJZD3d3MbGujsbFx3O8tLTNYuGAB3d1Gv776ajpmtRNPJPiXf/2/bNq0ia9/45v87d9+mY72WXnTuKZpDAwMcKi7m1QqhSzLRKojdHZ24PP7rY2y8W2rw+fzEQwG0TSNsbGxccfQfT4foVDISssMA/qR9SNHjhAOh6kzLw80a9dmqRGLxThx4gSLFi0im0mjKFlHcnVwYIhUOsXChQsKftHHd09PD8eOHSeTySDLMqFQiI6OWVRVVQHjLT+huLHv9/s5fvw40WjU6pd2FJZbz5E+nrJKlmQylScdOlmS5vJ/rCD/HVb+ARobG4lEIoyOjlJfX09NTY1jv6qpqaGhoYG2tjZ8Pt+4388YTNuyXwJhCSDyfSI6KiGnmNg8E5R7J5xM6139XoFCJuB0aggl9iPjfgSLx3Q0XJj+drXSzsuvbd01vov8F6Y3A2UXy9SwxbhH44OehD5RoGIJJneRU0jM2S+rMuH07I2Ak2FZX8F4lDrf5un0pl8Q20WsgGHwwBlAvpRODQqDPNVydviGhacxy2luU9FpL2zRsLvFcgmRa9Zii+VK1pVQL8W6qyhxU8xcnxAmOe6SL/N1TcL0yXqyiPBS3L4VfQeL7f/JI3WjmEuDbr2quWw4vPngyTn1tVnolQndiKnwWED58WpI1k6vJEl5SuWU4pvmBdrNp6vs91Mzaxarb76Z6Ny5hBoaUDMZ6ubMYairS7+AqqoKf21t2XKjhG65mhwZIVhfTzAaZWxwkOFDh4h2dFC3YAH9x7rxygfx+pL4qupJV80gGz9O/NifqT3rRgJ1S8kmesmM7Cd++AeEl1yIt/YtwMWI7HG8jQrV/ghIjUjeMMnRfkjcSzB0EDnQBv6VIGog+TwofeCdjeSbhz/SR8PMQXoPZKiaOZPqlhZ6tm1DzWQI19Uh+XwkhodJjI4il9m2AvBVVeGvriY5MkK8r49IaytVra0Eo1EChs9byePBEwxMEEthvxVEqiP4DF+ueUHtnyXdWlvyyLTNbMPj83L44BH+8R//kUQiwdsuvZSbP3mzJRAHg0EefuRhfvXrX+P1ernlc7dw7urVABw4eIA7jPfaZ7azbNlSQCeRDhw4yCc+8XFqa2sdS6AoCr/45S9Yt24d1dXVfOpTn6KpsWlcuIaGBj72sY9x4MDBvHINDg7y3z/9b1586SUueetbufzyy6muDvPiiy9x113fp7m5iY9/7GMsWDAf0C0ek6kk/9/Xv0lvby9vecvFfPqv/0q3bDHg9fnoOXCQf7/nHr78pS9SU1ODoij8/IEHOP+887jwwgvGjSG/38+uXbv59p3/RCaT4S8/ehOXXfZ2fv/kk0SjUZYsXowQEr///e/ZsnUr0WiUG//iLwiHw+zfv4/tr7zC3DlziEQi/OKXv+KRRx7VrTHPP4+qqiq2b3+FY8eOcfbZy/ifN3+S+vp6vF4vP77vJ/zhD38E4Npr38/1H7jOspL1yD727z/I9+66i89+5rOsXrWKw0cO4/V5uejCixBC0H24m+9+73tUV1Vz7bXXUlcXZd269Rw4sJ/PfmYiy1aorY0SCAR0crXASmXbtu388/f/haVLl7D2ne8kEAjwxz/9CYA5cz7Grl272LJ1KxdfdBGhUIj9+/fzi1/+CoAPXHctc+bMYWRkhCefeooPXn89TU3j+wSQN28LIRCSRDgc5h1XXMGmTZsYHBzk+edeoONDnYagorJ792v8x3/+J4ODQ7z/fdewevUqxsZiPPzII6xbt56LL76IG//iL4jU1Fptu2HDBr7//e8DcN1113HddddZafr9fh599FHuv/9+VFXlwgsv5NOf/nRevvr7+/nWt77FNddcw2WXXcZTTz1FNBpl8eLFyLLME088wZYtW/R+ceONRr/Yz/bt25kzZw5VVVXcfffdPPfcc1a/iBhW6YODg0QikTxyVVEUnnrqDzzwi18iyzIfvP4DLF26hGw2y6ZNm/nn7/8L7e0zue3ztxIOhzl+vIdv3WGM/bddyv+8+ZM5wj4Q4Le/e5hf/Uof+7fe8jnOPVcf+z09J7j3x/fxqf9587gNFHOj5/v/8q+sX7+B9vaZ/K+//Vtkrw/Z62Pb9le56667yGQyXHnlldx0001Wmnr+n+KBBx7Q8//BD7J06VIj/5v453/+Z9rb27ntttsIT8Om36lEUTKMya+cSh3dfknVaUAp8tKZai02FWvW/MtFjWc260pnu88zGwIgzwXL+LY9FW0opNzljqYP7jzDiuns7eaG3LSVy9jYtI6jnKKRWSA2Ska6qoNS6nbMf6LLGt9oeD2Vayrz00RuHUpN65RCFHHU/vU3tZJ3rNlmBKB/HT8eT3czlI9Cf6rWIpn/vVg3WGJ8PZWco3Ln+CJOBFnuwFSHE6UiZ1AjNAnrGOdJWCPKrquyB1mZMdiMmozopgXlcrSne370WH5EXoeQJOm0V6Adboukv7qa5mXLkLxePMEgaBpKKoUkyyjpNJlEAl84TLipaVpE0ayqkhgepiaToXHJEmIvv8zA3r3UtLURndWB3yNT3wFkdiJ5lxNsPp/Rgw+hZkaJH3sOf/0KqmZeQbLvT1TXbsen/RERrwc5CqIOQS1qNk4mtgMl1Uc20UPCewzprNkEa85DeKIQux/UARAyeBeAtx2P9CdmnpPg+N4qqqKNCEmyyNXo3LlIHg/D3d2oqjrONqJUCHRft8H6emSvl3BzM0KWiZ04wcCePYweP07s+HEWXH01zQZZWWzE1dXV+meblZvTkS0T8+bNA8jzUTh79uw8Yk0IYZE5gUCA5qYmK45gIPfewoUL+ehNH7Xe6+/vn1Bp3v3abv7wR50cPHf1ama1z3INO7NtJl6P1/redaiLb995JwMDA9z0kZtY+853GgSbxjXXvJeFCxfyf759J9/8h29x6y2fY9WqcwCdLDOt1oLBoKOv2UAgQCgUyrPISyaT/Mu/3s3w8DBr175z3AJbW1trkY1tbW0IIbh8zRqLbNZUwebNmwEIhUIsP3s5NbURVq1ayYUXXqj7PxWCJsNKMxAI8N6rr6ajY5ZOzt3xj2zZspW7/+//44tf+BuCwSDXf+A69u/fz4EDB9mwYQNXXL7GsoZUFIWXXnqZ913zPlavWmW1+5e+8EUaGxtRFIVHH32U0dFRbvnc5+js6LTqefsrr0xIrE6ERCLBgw89RFVVFX/50ZuIRqMA3DTzw7z22h4A2tvbufTSSwga1uD2tObPn8/y5WcDsGrVOYyNjZWch3AoRCAQIJlMcuLECTKZDB6PhyeffJIf3ftjIpEIt3/1fzF7tl7m5mb43Gc/w69//Rvuf+AXHDzYxZe+9CXq6+sB8qwkq6qq8pRIr9fL2rVr2bNnDxs2bOCVV17hyJEjdHZ2WmE2b97MypUrWbt2Ldlslssvv5xly5ZZcW7atAkw+sXy5dTU1LBq1SqrX8iybNVVIBDgve+9mo6ODiv+13a/ZsWlKAr3/eS/efTRx+js7ODLX/qiVQ6AtrY2Vq9exQ//60dks1krTmvsd3bmjQkhBBFjTgkEAuOI7o0bN/F/vn0nn7/1lnEWxn6/39pYaWhoyKvHpqYma7w02eYTRVG47777ePTRR+ns7OTLX/6yQ/5X88Mf/tDKfyEkSXJcfwt9Ak4F5QrWpcgEzmlp0yISjbMoPEMJSyecqT5fy8mXa5+0rg9+HeFM6kt51qRnUL6KQI4MPk0dwKZ/TXak3H7S7kzd/KhgPE7WiYFTOUdX4AChW7bam+ENV39v0nlGvE7lttMKkXNxo38ts97Kff00t5vHtIyezg6U763j5OB0V5wb3PKVTaU4/MwzqIqidz5VRVNVMvE4SjpNoLaWSFvbtFxLIIBYTw/JmTNpWbmSI5s2EevrIz4wSOOCJmadu4zGeV1o6b1kE214Qu0E6s4mObCN9PBrIHkJ1C+ipvMiQlXVyOyCzH7IymiinsxIDal+mXQsAVoaIQcR4UvI0ko2o+BRNiPSW0HLgP88kGdCtgdJ2U3r0gzzelaQSlUzdOgwscFBBBCdPRtN0xjav7/sUyQaOpkUqq0l3NSELxymackSxo4epX/vXgb37yc5NEQgEsHj9yN5vO4XGhTWrcjdEF/OmNEYvzNjX5Y1kfs9L5xhFWuiti6qk6suO3Vbtm4lZbg9WL5iBbLXndCTJQ+tM9sA/aj2z37+c/r6+li8eDGXXHoJQjaOnRn1NH/BQtasWcNvf/tbfnTvj2mf1UFjYyNaXi8WBd+xxaH/Zv7DOGZ974/vY3hklPe///3WcXd7uuZn2eNjwcJFufglhzo00mlqnqGTQUjj4tGQqKmtY86cuXR3H6a7+zC9fQO0t7dTG63nhhs+xHe/+126ug7xxO+f4oMf/CCSJNi2dTtDw0Pc9NGbrLpZuGiRFXcinqTr0CGSySQ9J07Q0dlpuVBYsnTJ5BecifyGN8s5ODTCsWPHSafT9PUPUhvViTGP12/Vx5y58wgEArnTLQ5lBgiFqwkEw45tZKbr9N7A0JB1lL82GsXr99HV1cUDv/gliqLwzne+k47O2fnHTQRcfsU7WLd+AwcOHOCBBx7g5ptvnrQehBAEAgE++MEPsm/fPgYHB3nooYf467/+a7xeL4cPH2bjxo3ceuutVlwLFy6cME4Tzc3NLm4TJEwLBiFgVkenVfYNGzfw+ONPIEkS1157HXX1jeNU8xktbbzrXe+29W/nerQ/c/rdfL537z7+4Vv/yC233GKRyrYasv4Wc7xn48aNPP7440iSxHXXXZdHrJpoaWnh3e9+dy5PhZf/OHw2v7ud4DhVKMn6xzmGaRFfLB9tZwhOd16mww3TVI4IT2TtZwR4vXGCBf4AheUj7lTAsT7NOz/ywp0k44cyi5p3sZD1tFyps3iMGwci74/rO/a/FZyZeDO1j7vM+OaBeSLPGs9vsPbPn73foO3tUKzTvUa8rlBYJePq7c0JCcYrRGfyvzMRk+VPzWZJDg5yZMMGTuzYweC+fQweOMDI0aNUNTbiC4cJNTQQaWvTyaQyyykB8RMnGOvpIdLWRnVjI6qmMXjoEKmRIc5656XUz60DbYTUwG6U5ADB5gvxVnWgqQqZ4W1o8Repqs/irV6KCJwD3iUgtwEeNDWJpipIvhp8NfMINq3GHz2XZKya+IldZEdeApEFzxzwnwsokNiIrMaonxeh85KzkWSVnldeQZMkqpuaCNfXk4nHGT161OFO5dKgAv6qKqqam/FHIiSGhhg9epTBgweJ9/XhDQZpWbGCBVdfTXTOHGSfr6T+d7r7pZlmNpslk8ngc8l/Op3m8OHDgG5pZloEFvOvu7ubXbt2AbBs2TLHdyVJYunSpUiSRE9PDxs3bnSsj2Lr0oQkSTz44IPcc889JJNJxzBCCDwej2PZndL1+Xx4PB7XMIqiWBacgUCAYDBo/Xb22WezZs0aAJ566im6u7uJxWI89thjXHPNNa716vP5iEQiZDIZ7rrrLu6++26GhoasvJc635nPQqEQwWCQ0dFR/u7v/o6f/vSnVj2Z8drzP1G9uNXhROknk0n+ZLgg8Pv9nH/++Qgh2LhxI6OjowSDQZYtW4YkSePii0QizJ+vu5DYuHEjR44ccc2f+dlEe3s7733ve5EkifXr17N9+3ZUVeWRRx7hiiuusKw6ZVnOI+UngtfrnZTcTSQSVr1ms1leeOEFVFWlubmZ+fPnu9bdkiVLrEuf3Op/svaxP+/t7eWb3/wm27dvn7CNJkImk+H555+38n/WWWe5hl28eHGeJeybCcXOk5PNaxXkY7I5ZqJw5YYt9f3Xy79TXYZi6+1MrtvTmbeppF3BGw9nYjuf7nH5evv3Rqy3St8QjrpL5V/x/yqAPDO212OlvB7yLHm9hJqamP/udxNubgYg3tdHenSUcFMToYYGZJ+P6pYWgtEo8b4+fedkiukJID02xsjx48QHBmhesYJkPM7Anj2Eo9UsvPrDhHzzyIzuJTW8F03TqO68hnDb5Ywd/hMye/D7NiEnN4J2AXiXgW8loCHUGP5GmepgGE0LIiQZNTtGauBVEr1b8QWOIVo9eFvrIPw+0FRIrYP0DoTkp6pjKcHeRmJ9W+h9bRfeUIiZF16Iqv/Hi8wAACAASURBVCiMHD9OMhajOFrEGRo6uRpqbibS1oaQJI6sX8+GH/wASZZpO+88Oi+9lKYlS5A8HrzGpTjTCbcJxv7MKYzb7259vKurC0VRWLCg8KKdHEyXAeFwOOfOoAgcOHCARCIB6MeE3RCNRgmHw4yOjnLo0KFpsVRZtmwZa9as4Qc/+AHDw8N8+tOfnvDCrunA0aNHee01/ej3ueeem3cRkizLvOc972H79u10d3fzyCOP0NHRwZw5c1hks1QthN/v5x3veAc7duwglUrx5z//mY0bN3LDDTdwxRVXTG656oKamhquuOIK7r33XhRF4aGHHuKZZ57hk5/8JKtXrz5pc+LIyAiPPfYYv//97zly5AiyLPPhD3+YRYsWkUql2Lt3LwCRSMTVB7AQgtbWVgBGR0fp7++3jt87hS38/va3v50tW7awZcsWfve735FIJFBVlYsvvngaS5pDJpNh3bp1XHDBBQDE43EOHToEwIwZM6xLtZzgdAlVOfjMZz7Dpk2buPPOO/nUpz7FRRddVHJbTzX/bum4zWFvZiHrzVruMw2VdqjACZV+UUEFFVTgjMr8WEG5qPShAnK1gumHpmlIHg+hujq8K1bw6i9+wZH161HSaapbW/EEgzScdRYzVq6kesYM6hcsIDY8DKlU2T5H48ePc/Dpp1l0zTUM7t1L7MQJxvq7GNz7HM3vvorRg79CGdhNZuwQI3vvp3rO9dTMvRqf9CeCvqdBTULiBUiuB7kG5Ho0ESUbi5Ac8JGJJVBSfSipPjQljaakSFNDIrWYqvClSKIX4o9Dei8ID8jNEPoA6ZHnSI9tBVkmFInQ8da3sv+ppxjcvbtsq1XQCdbq9nZCDQ14AwEaFy7kkq9+lUw8TnpsjP7XXqP7hReoam5mzuWXE5k5cxpSLQ2//vWveeKJJ/KexWKxSd97/vnnefXVVwEYGhri85//vGtYSZKs2+lHR0cZHh6eNP5MJoMkSSiKYj0zfVFOhoGBgXG3nk8Vy5cv52tf+xrf+c53+PrXv84XvvCFaYm3EMlkkl/+8pc8/PDDyLLM9ddfz3ve855xxGd9fT033HADd911F08//TSzZ8/mK1/5yqSLyKpVq7j99tu55557OHToEPF4nB/+8Ie8+OKL3HrrrZa/1FIghGDt2rU0NDRwzz33MDQ0xNDQEHfeeSeXXnopH//4x4tus1IQiUQ4//zzmTFDd7Ewb968vMuOTCLftIYtBj09PSXlIRgM8qEPfYh9+/axY8cOjh07xle/+tWiLVWLQSwW49vf/jZer5dMJkN7e7tFrk4Hpjr2Q6EQn/rUp2hoaODuu++mr6+Pq666atryVQrezORpBRVUUEEFFVRQQQUVVFBBISrk6kmGqYBms1mObthANpGg85JLqDvrLLyhEEKSGDp4ECWVIlBXx4wVK+jevBnN8JM5VUhAJhajf/9+xk6cYMaKlWTTGSRxCL9vO9nEXIJNF4DmJTmwnWyih9GuXxOdM59AwxJkbwekNkPmVVDjkE2COgT4yI6ESPX7yCQ00NJoqMjeanwNy/HXLsITqGG46zWqIy8gS10IoYBnHoSvgsQOGlq3U9vUR21LC3PetoaRw4cZOHCA5MjItHl1aVy0iKqWFgb27WPnQw/RsHAh9WedRf1ZZ4GmkY7FEELgP8kWkW54//vfz7ve9a68Z4899hj/9V//NeF7F198MZ/85CcB/ZjwRJcReb1eZs2axYsvvgjoZOxk2LNnD52dnXkWbcW8B/qFOn6/3/LFWS7a29v56le/yve+9z2+8Y1vnBQiKRAIcO655/LYY48Rj8cJh8OuxOD8+fNpamriyJEjzJs3r2hidMGCBdxxxx089dRT3H///cTjcXbu3MkjjzzCjTfeOCWSSgjBueeey9KlS/n1r3/Nww8/jKIoPPPMMyxatIjLLrus5DiLQV1dXZ5Vrwk7kZ9MJonH40VZG5tWrKWgtbWVefPmsXnzZjo7O2k2TgNMF8LhMF/60pfo6OhA0zS2bdtm/SbLcl457ZsQhUgkEsTj8XE+Tac69s30r7/+eiKRCD/5yU/o6+uzLMyLwXTkv4IKKqigggoqqKCCCiqooIJ8vEE9FJ+BUFUSg4NUtbTQcs45tJ5zDnVz5yIkibGeHhKDgwRra2lZuRJfIDA9jrEVhdTQEF1/fpZATZSZq5fQsrieQLif+LEX0BQFf91SAnXLQah4eBWv9DwyryBIgW8RBNdC8HLwrwZvJ3jrkUO1eMKN+KpnEahfTrj1bYRbL8NfswBNU0kOvMbIoU2MHusim9bAtwwCF4KmQOwFqmoPM3N5hM6LFhFp76T7xRcZO3oUzeVm6pIgBIFwmOYlSwjU1JAYHERIEqnhYY6sW0fXs89ybPNmRo4cIVBbi2eaj+6eStTV1TFz5kyy2ayrxeiKFSss68INGzaQyWRc48tkMmzcuJFMJkNnZ6flRqC7u9v1uP+xY8cYHR0FsHxp2qGqquO7mqZZlo4TobGxka9+9avMnj2bH/3oR1Za04nW1laWLVumX6Z177289NJL0xKvoij09fUBOtH9rne9i+985zuWK4Hu7u4pWfqmUinLCjkYDHLjjTdyxx13WETlvn37piX/pcDr9VqXSI2MjDAwMOAYTlEU9u/fD+jWwE1NTUXFn0qlJiQCTxaEECxevBiPx0MsFiMYDFpuDE6cODGhNfiJEyes9p/uPK1du5bPf/7z/PnPf+a5554r+t2p5t/v99PQ0ADo7es2j2QyGUZGRqZkkV1BBRVUUEEFFVRQQQUVVPB6RYVcPUUQskykrY1AbS2JwUGOb9vGkfXr6Xr2WZJDQwhZxl9Tw4xly6hpbkb2+cq+bU0ApNMc27SJwYNd1HY003nJSnxVAVKDO0j2bQEkAg0rCTYsJtIWwu/rQko9DYlndEtVuQm88yCwGNW/jLSynLHRsxG+5fjrlhNoWII/Mg850ICSGiR54mVix54lOXSM2PAMstoKNN85IFVD8jlIvoY3IGhdtYi2VfMY3H+Qnm3byUyD1aoGaB4P0dmzqT/rLDRVJROP037BBQRqa+nfs4fj27bRu2MHR15+GSWVgpNxm+0pgnlxz759+0i5WDp3dnby9re/HYAtW7awZ88e1/gOHjzIjh07AJg5cyaXXnopAFu3bmVwcHBc+EwmYxGR8+bN45xzzgH048uzZs0CdF+mTpZ1x48fp66ubkKfjybC4TCf+9znuPzyyycNOxV4vV6uvPJKwuEwqqry4IMPOpa3VIyOjvKHP/whjxSsr6/nwx/+MMFgkEAg4HJT/cQ4fvw4L7zwQt6zzs5ObrjhBoCi6vRk4IILLmD27NmWn1InMrSnp8dya3HJJZcwY8aMSePVNI1du3aRnY7NlynA6/WSTCY5dOgQsiyzZs0awuEw/f39bNmyxfEdTdPYtGnTtFlxF0IIwerVq/nyl79cEpE51fwHAgGWLl0KwKFDh+jq6nJ8r6uri3Q6zbx580osUQUVVFBBBRVUUEEFFVRQwesXFXL1FEHyemlatozk8DD7nnySzT/8IZvuuYeerVtpXrqUxoUL8QaDROfMoWXVKny1tUxu1zc5BKApKgef+SPJ4SFmrLiQQHQhQg6Q6N9C/PjzQJL6Re+heuYKPIFm0ARkumDsIRi9BxK/Q83uJD6S4ei2Wl55KMLR7T7ig0kyo/uJHXmK4b0/ZezQo6RH9iHQkAP1iOClZKUPoGT8aPHHILkR0BDBeUQ6l+MNedn9u9+QLeFY60TQAOH3037RRVTNmEG8v59Yby+1HR3UdnTQsnw5i9/3PpZ84ANEZs7EV12N5Dk9njGKsdosBvv27ePZZ5+1jvoWQpZlPvShD3HllVeSyWT493//dw4ePDgu3OHDh7nnnnt429veRiQSQZZlrr32Ws4991y6urr45S9/mUfgaprGk08+yUsvvURrayt/9Vd/ZVm6er1e1q5dSygUYvfu3TzzzDN51qv9/f387ne/Y82aNUX7yvT7/XziE5/gxhtvnBIhORnmzJljkdAHDhzgoYceKttScnh4mOeee84iE02Y1oBvf/vbp+QrdGhoiIcffpjDhw9bzzRN49ixY0SjUd761reWlW97nKX002g0ys0330xDQwN//OMfeemll/LaPRaLcd9999HX18ell17KNddcM6lLBE3T2LBhA7t37572C6KKRSaT4Ve/+pX1fd68eXzkIx/B7/fz4IMPsnPnznHv7Nq1ixdffJFIJDLut+ka+wCLFi3ia1/7Gu3t7UW/M9X8v+Md72DVqlVkMhnuvfdeent7897p7e3lxz/+MZdffnnFlUAFFVRQQQUVVFBBBRVU8KZCxefqKYQnEGDeO99Jw/z59O3eTWp4mFlveQtVLS14jQtoPIEAc664gsNbthAv8bIXN0iAEh8jcXw9mdEwDQs/iJL5GanB18jG9qMMH8c7YyYi9G5Qz9N9rabXQ/YYaFnQjjK0u4ddv9/C+p9J9PcJgj7oWCkz52Iv9fM8qIqCEDKe0Az8dcsINqxGEx5GDj1N2r+OSOMRvAEPeBZA6GpE7Cgi+QQoYwjUsi7vssPn99N5ySWEGxqI9fSQHBxk+NAhwjNmUNvZiZAkYr29eINBvMEgYoo3tptQFIXu7m527doF6NaKGzZsoL6+nqqqKitcJpNh//79liXYxo0bOe+882hoaEAIwfDwsOXbMRaLsX37duviIPt79gutMpkM/f39fOADH5iQpPN6vdx0001ccskl/OxnP+P2229n7ty5zJ49G9CtzbLZLB//+MdZsGCBRXiFw2FuvfVWnn32WR566CG+8pWvcP7551NdXc1LL73E8ePHufbaa7nqqqvGXaC0aNEibr/9dn7yk59w3333sWnTJtra2kgkEhw4cIAbb7yRs88+26rDo0ePcuLECUAneg8fPkxnZ2fexVKyLHP11VdTXV097ti5pml0dXVZlrd9fX3s2rWL1atX58VRWM+bNm2iqanJuiippqaGJ598kscff5xQKMTatWuJRCJkMhk2bdpk5XHPnj0cOXKE1tZWV4KwtbWViy66iO9+97ssX76caDRKLBZj//79fOYzn2H58uWubZZKpdi+fbt10ZE9vTlz5rB06VL+/u//nnPOOYdwOMzg4CB9fX3cdtttltWwiZGREZ5//nnr+8aNG5k/f/6El14pisLevXvZtGmTY125Ye7cufzDP/wDDz74IP/xH//B008/zYoVKxgeHub5558nGAzyxS9+kdWrV1v1lkgk2Lt3rxWH/cKnZDLJwMAAt912m5WvXbt2WeEPHjzIwYMHmTdv3rhLyKC4fqFpGn19fRw7dswqq3mhFehkdnV1teUnVQjBZZddxqJFi/j5z3/OHXfcwYIFC2hrawNg//79+Hw+/uZv/obm5uYpj/1MJpNXL6+++ipz587Nm1cAWlpauP322/n5z39OKpXC7/eTSCTYsGGD5UZj27ZtnH/++USj0ZLzbyIYDHLrrbfy5JNP8pvf/IbbbruN1atXU1NTw/DwsDWu7W1bQQUVVFBBBRVUUEEFFVTwZoDQ3JwpVnBSkInH2f+HP9D94osEolEa5s+n/cILkX0+UiMjSB4PmUSCx7/4RfY98QRKPF428agAVY0ellwVZdGVnYSazsZbPZ9E/yvIyjrC0S6qm/wIz0zwdILcBnIApEGQ+zix9Riv/qaXXY+O0L8/RVZVkYREVb2f1pX1LHjXLGYsm4kn2AByBE1RycaPkhk9RCZ2FK+vj+oZHqJzlyD8F0B2H0pyMwefP8AT30jT8xqIDGWVUwW81dW0rlrF1f/2byAEva++SjaVYvbb3obH7yeTTDLc3U2spwd/dTUzL7zwde1zdapQFIVYLGZZFQYCgaKsAhOJhOUjVJZlwuFwUSRKKpWyiKVS3nODpmkoioLnNFkdlwp7fU9H+U1kMhni8TgAPp9vQtLzdEDTNMbGxixLzWL72esNheUMhUJTskguF4qiIElSyX1rKvnXNI1YLGZZd5+J/a+CCiqooIIKKqigggoqqMAJIyMjAK5u0krBihUrgIrl6ilHJh5HzWYJNzbSuGQJQwcPsu/JJ/Wj8ULQuHgxzWefTduqVfTu2kXfzp1lN5IG1LT5qG4G1F7iJzYSUGUCtS0Eqi4gEKhCiFchtQOUfgj0ks3OYLQ3wIl9zQwfqic2lqS6M0WkQwXZiBQJb42f4RM1KNt8VDenCEW7EWKA9FAX2XgPwhMC3xJUXyeZbA1esR+RXo8sdVPVkqZlGZw4AFqZ5KoGhJqbmXfFFVS3tNDz6qt4w2FqOztJj41x6M9/JptO4wkECDc2Ep0797S5BDjdkGXZ8bjyZAgGg1MiUPx+/7SSakKI1w2xClOv78ng9XqpqamZ9ninC0IIy1XEGxlnSjmdLHeLwVTyL4QYZ0FbQQUVVFBBBRVUUEEFFVTwZsXrh6F4AyEYjaJks/jCYdIjIwzu348Aqo3bvmWvl1kXX8yxbdsY2LcPLZ2eMvGoAUKC2lleqpp0giub6CPZ8weqoisJRtuRPash5QO5B9ReEv0b6N3n5cALjRxYPxvJ14C/KkSoqQqP14OQJDRVRclkyaTSHN48SGKon9oZJ2g6a4j6DoVgbRhvVRuecBve6vloUi1jx/dSVfUEXt8Qwq8SrIW25bDj95BOGJmdYhk9wSD18+Zx1tq1eAIBsskkSiZDYmCAE9u3M7BvHwhBdPZsGhYsIGIcga2gggoqqKCCCiqooIIKKqigggoqqKCCqaJCrp5ihBoa8AQC9O7Ywd7HHiPU2EjrypW0rlql+wSVZYQk0XrOOcxctYrDL7zAyOHDTNkzqACfX6K2zUuwVkZVBEJ48IVG8PJb5PRskC+C8LVo6gHUxMv07DzElgfibP1dL8n0MYSiImkashD6sVNJAlVFUVVUTUMVAk2S8MgeWhf7WbCmnrmXnUWwaRWeYCuZ2FHiR58hPbwVOpJUNwu8XgiGoW0ZVEVgeATU7NSsVxUg0tpK++rVzFixAiFJBKqrObphA307dxKqr2f5Rz6CJxAg1ttL2vBjWUEFFVRQQQUVVFBBBRVUUEEFFVRQQQXloEKungYEGxqYddFF+K64gvr58/GGQsg+H5Isg+Evz1dVxayLLuLEzp1s/NGPkCideNQAZEHNTC+RFi+egISmangCWaIzR/FVZSG7DxLH0LRnSQxfyMDhdzPQJ+GtO8rMFTsZ7j5IcmCAdCJBVlXJKgqoKmgaEiBLEgG/n0BdHTWzOmlcvAD/jA5GR0JktaPI2m9QkkdQUgk0Qgwd8+MJDCLJCTw+lZo2qJ8LY4OgDE+xjEDrypXMfcc7dOIXaD77bGpnzyabTOIJBNCU/5+9O4+Pqr73P/6aPZPJZN8DCaskbAFkk0WRRdS6VFsqli7W1tparf2p197Wtre9vd5Wva3XttZrN1vqQrVWoS6oqLhQlUUIW4AAWYDs+2QymcnMnN8fE8bEBAgjyvZ+Ph48yDJnnTNnMu/zOZ9viN2rVmGLj2forFnHuRQRERERERERETlTHO6XeiIoXP2EGYZBYm4u8SkpmG027AkJhINBujs7MZlM2Ht635nMZjLGjWP04sVUrVtHS3k5BIPHFT4agMlqInW4g7gkCyYLWCxBkrI9OBK7MVvDYA3T5fVQt97P5qdfp/nAFkzmNJyp6aQXjSF36mQwDMLhMOFQiFB3N+FgELPFgsVmw2y1YjabwWym2+ulq7mVPc+/js/TTFx8BwVT/WQVmnCmWAgHTQQDNjz1LiyWMK4MH7ZEGHou1O2DrjYwH+f2BYHsiRMZceGFZE2YEP2dxW4n1NWFv60Nu8uFNT6e3KlTIz1Xe42ALSIiIiIiIiIiEiuFqyeBLT4eW3x89Pug38/B997DU1PDsAsuIDEvD7PVSlxyMjmTJlF4+eVs/OMf6W5vx2QMvjGpyQQ2u4n0kQ7sTgsWa4j4xC4S0juxOMIQhuYqqFpvsPtlP+XvHMLfVoM1PgFXRgbxWZnEJSVhs9uxxsVhdTgibQsMA0Ihgt3dhAIBun0+gt3d+Fpb8TU00NnQSFd7GxabQVezg46GeHInxpM81IbZAl0dcXibg1jjg1hc3QyZDLvWQHslx9d31WTCFh/PqIsuIn/2bOKSk6O/ai4rY9+aNfg7Opj0pS9hT0ggdfRoTGYz1ri441iIiIiIiIiIiIjIwBSufsJMPbf9G4YR/dpkMlFbUsLeNWvo9vmYeO212BMSwGQiMS+PsVddxaENG6jZsoVuj2dQ1Z0GYLaYiE+0kJJvx+Y0EefqIiHDi83dTbcPmvfD3jdg18twYBMYYTATptvTTrOnnab9+zABVqsVu8uFLSEhEkweHtDK76e7o4NARwehYJAwkdv6zT3/QgGo3eGnszVMZ3OYghnxJOfbsNos+DxOLI0hkhweMgrDpORC424IeAdXvWoAJrudIVOmMGrhQlJHjSIcDBL0+7E6HOxfu5btTz9NfHo65371q5jMZuwuV5/9LiIiIiIiIiIi8lEoXD1Jegd89oQEbImJtFZXs+EPf2DUokXRW++tTifZkycz5frrWffrX9OwdSvGINoDGIDZaSYxz44r1UpcQjfxqV7iUrvw+6FhO2xYDmVvg6c+ciD0DjV7D6AVDgbpamvD19ZGuPc29EzTO1DtzdyzHm2HuvE2e2je10XRZUlkFsaB2Y63MQFHfDfuHB8ZYwwObYeuQYSrBoDVSnxGBudefz3ZxcWYLRY66urw1tWRNGQIe197DU9tLUOmT8eZmjrgfhcREREREREREfkoFK6eInLGj6dg+nR2Pf88DXv24KmqwmyzkV1cTPbkyYxbsoTGPXvwt7XRsm8ftmPMzwDsCWYyznFgT4CkPC+urC46Ww3KVsO7j0DTAQh2Rg6Co0WOpl7/H09P1MPTWIBwV5j6/QHaH2li1AUJDJvlJm2Ejba6RJzpAdJGhnDnGDRVHHueIcCdl0fxNdcw6pJLcKWnc2jDBva+8gre+nqGz59PyONh5AUXMP4zn/lgn6hqVURERERERERETiDLj3/84x+f7JU4G3046LPYbCRkZpI2ahSBtjbaq6s58O67NO7eTU5xMXEpKbgyMuju6KC1ogK/13vUoNNkgsRsO6MvTCBvUhfOJC81JUHefwK2/AOaKyDUBSbj6MHqiWICCEPQb9DRFMLbFMToBmeKA7vDhNUWpKU8TEMpcJR1CgIJubmcs3gxM266iaS8PForKij5298oe+UV3JmZmM1mcoqLyZs2jaShQ4lLSenZJyYFrCIiIiIiIiIiZym/33/C56nK1ZNkwKDPZMIEdNTU0LJ/PzUlJVidToauXcvYq68mo7CQoiuvJODxsP3ppwl6vZjC4X5BZBiwOS0kD7GSXWRgBL3sWdNN2RsGleuh7WBsVagflYlIX1dvfZDqLh9dbSE6m0MEPHbSR8WRPMQgPjVIR2PftgSHhQBnWhojLryQCUuWkD5mDCazmUMbN1L1zjs07t6NMy6OcHc3rrQ0bE4n4WCw7zooWBURERERERERkRNE4epJ1DvoM8JhvPX1lL/5JmGTidY9e/DU1GBNSKDijTc459JLsdjtZE2YwMRrr8Xb0ED5228T9HjgQwGrAThTzSQPAbPZx761frY/H6amNDJg1Ml80k09//ztIWpLu/DUdtPZ4qbwIitWh43EvBCeRiMyYFXPNAZgmExYXC6GzZnD+M98hpwpU2irqsKdm0v9zp20V1URaG+nevNm2pubsdts2BMTGTpnzknbVhERERERERERObMpXD1FuHNzSRk5Ep/PR/k772DyeiOhqcVC+6FDhIJBmvfvx+Z0klVczJx/+zd8ra3Ubd9Ot8eDKRzuMz9nkgmTKUTpah/vPxmmqz3SAuBUecLNgNFt4KkPsv25VnytTlLyTSSkW4C+A3YZZjMmp5Oc8eOZduON5EyZQsu+fVS89RZTvvIVAh4PIZ+PcChEp8dD2969FM2fT9akSSQXFJykLRQRERERERERkTOdeq6eAgzDAMDhdpM+fDievXvxNTfT5feDzUZiejpFV17Jpj/+kYq1a7HHxZE/dy7ZEyfSXlVFW3U13YFA9DZ/swmMoEHrwTCVG0N0eyPB6ifdBuBYDrcmMAHtdUHaDobobDQIdhqRclUiPVatiYnkT53Kov/+b3KnTuXAunWsf+ghqrdsYczll1P+5pvU7diB0d1NSm4u4y67jJnf+AZDzzsPq8Nx8jZQREREREREREROGeq5eoY63B7AnpBA7rnnMv+nP6WxrIzWqipaKyrw1dfja27GFA5TvWULPo+HpIICMgoLmXnrrSRkZ7Pr+edpr6nBRiRI9beH8XeYCAU+mQGrPgoTEPYb+Fp6etD2ZKtBIDEvj5Hz53Pu9deTXVxMw86d7Hz+eQ5s2ULOOefQVllJYmYm07/+ddLHjMGVno47N5ek/HzsLtdJ3jIRERERERERETmTqXL1VGIyYYuLw52Xh9lqxZmcTGJ2NnHJyQQ6OmjavZu6Xbtoq6nB6XYzdOZMkoYOxZWRgS0ujs7mZrra2jDCYYwwGKFTP1g9zAQQhnC4p8cqkF5URNHllzPxmmvInz0ba1wcpf/4RyRIrq4mISkJIxzG7nLhzs4mPjWVuORksidMwO5yafAqERERERERERGJUuXq2cBkwmyxEOjooLWqiq62NsxWK3tfeonWigq6Ozrw+3zse/VVJn7hC1gdDjKKinCmpBCXmEjpCy/QvHs3gba2SFJ5GjEALBZs8fGkjhpF0RVXMOqii0jKz6dp924Shw6lbvt2Og4cwOjqonn/fvxeL5kTJ2J1OLA6HAydOZOcyZOxnOyNERERERERERGRM57C1VNItNLSZMJkNlP5r3+xa9UqrCYTYSDg8RAOBDBbLLTs24fn0CHaDx3C7nKROW4c533nO2SOHcumP/2JOuespgAAIABJREFUAxs20NXaCt3dkVmevM06JuPw/zYbjpQUcoqKOO/WW8mbMYOu1lb2vPgidVu2MOWGG+ioraW7o4Ow34+npgZPbS0Hd+zAmZrKmIULyTv3XCx2+0ndHhEREREREREROTsoXD1F5U6ZwsybbiIhLY0Nv/sdnZ2dmA5XooZC+H0+ur1eDm3eTPX69aSNGMHc732PkRddRMa4cZQ++yzbVqyguqQEiDzRp2LAeri3qgnIKSxk7Gc+w8TPfx53bi71O3aw8Q9/oOKttxhy3nn4mpvpaGvDFwhg6pnGbBhkjRjBhKVLGX/NNaSMGoXZqsNaREREREREREQ+fkqhTlGWntv9J335y6SNGcPB9etp3b8ff1sbAa+XcChE7datJKSmYlitlL78MgYw5447cOflMWHpUjLHjaN87Vr2vvgizRUVdPt8mAHzyd44IEQkWLVYrWSOHMmoxYsZPm8e2cXFuHNyaD94kPf//Gf2rF6NPTGRvOJi6rdvJ3P0aNJHjCA+NRWTxYIrLY3MoiIyxo0jcehQBasiIiIiIiIiIvKJURJ1CrMnJJBeWIg7J4fsCRMit8R7vXT7fPhaWwl3d2OEw5iCQTpqati1ejWZ48ZReOWVxKenk3vuuSQXFJBZVMTBjRupLSmhuawMX1MTYSIh6+EK0I/b4UGqwoDZZCI+NZXkESPILi5myNSp5E6dit3lIhwK0dXWRtnq1ZS/9Rbt1dWk2e14Dh7E6nIxdNo0XFlZOFNTcbjdOFNTcWVmYnM6QQNYiYiIiIiIiIjIJ8jy4x//+McneyVkYIZhYDKbsbtcJA4ZQlJBAfaEBExmM7a4OForK2kqK6OlrAxfQwP+ri6CnZ1kT5iAv72dpj17iM/IoGDOHNJGj8admYnd5cLscIDFghEOY4RChA0jGn7CiQlbjV7/G4DZYsEaH48rN5eMwkIKZs+m8PLLGbdkCUNnzqSrpYVDGzbQWlmJMzmZ9Q8/TP3OnYR9PkzBIL6WFixWKxaXCwC700nG+PEkZGVFeqwqWBURERERERERkaPw+/0nfJ6qXD2FHR7gyjAMTCYTvuZmdq1cyfYVK/DW1eHKysJTW4uvqQkjFMJsGNRt3UpLRQWd9fXse+UV0goLmfb1r5MyciSZ48ZR9JnPULd1K3tXr+bQu+/SVF5OZ1sb3YEABIMQCkWqYXsC15jX22wGiwWT1YrVbife7SaloIChs2YxYtEisouLcaal0e3zUfP++7zzv/9L8/79DJ01i/TRo2navZugx4PJMOjyeKjbsYOm3bvxAwkZGRQuXkxGURFxiYmYzKdCowMRERERERERETnbKFw9DRwOWd3Z2YxavJjujg42/vGPVO3cidHdjSUcxgSEwmGam5tpqqoic9QokseM4b3HH6d+xw7O/973KJgzh7ikJIbMnEn2pEkE2tpoKS+nZssWDm3cSHNZGe1VVXQ2NxPw+wkz+GrWw4+zADabDVdKCon5+aSdcw45kyeTM2UKaaNHY09IwBoXh8VuJ9DRQfX777P6jjuo37OHMZdcQsGsWRxYv5625mb8wWBkuYYBwSChcJj86dMZv3QpYy67jMT8/FMmWDVCIfzt7cSlpJzsVREZtM6GBuIzMk72ashZKOjz0d3ZGf3eFh+P1ek8iWskIiIiIiISG4WrpxGTxULKyJFM+PznyRg/nvK336Zu82Y8Bw9ihELEZ2SQNHIkVpMJf2srdpsNp8VC1ZYtbHvqKewuF/mzZ2N1OLA6HDgSEohLSSFlxAiGX3ghgY4OOhsb8dTU4KmtxdvYGBlAq6ODbq+XYFcXoWAQwmFMZjNmmw2L3Y4tPh67201ccjKu9HTcWVkk5OQQn5aGIzGRuORk4pKToy0NDmuvrmbnM89Qv28fplCIYEcH3ro6nMnJLPjBD2g/cICO2lqCXV3EJSeTOXYsuZMnkz5mDK7sbMwWy0l8Nvry1tdT8rvfMePOOxUQAKFAgNqNG3ntttuofu89AHJnzsSekEBzWRkAwxYu5NxbbiFz4kQwmQgFApSvXs0r3/427ZWVpBUVcdFvf0verFmR1g+9dHu97Hz8cV67/XYuvO8+ipYuxeZy0bJ3L6/fcQf7nn8egKzJk4nPyKCtspLOhgaGLVjA5G9+k6EXXHDKBPMnS7fXy+bf/pbJ3/wm8ZmZJ3t15CwR9PnY/H//x/r77iN/3jwyiosJeDzsXbWKhNxcLn/sMZxpaSd7NeUMM9j3pIlf/Sq5M2ac9e8PIiIiInJ8FK6eZuwuF6mjR+POyyN15Eha5s7FW19P0OcDwJGURCgQwFNdTcveveD3E+jo4OA775A/fTp506ZFgyqTxYLd7cbudpM4dCgA3T4fXa2tdLW2RiqLegbQCvr9hAMBwqFQpJLUZMJksWCx2SJhrdOJzeXCGheHIzERV2Ym1qP0Qg14vTTv3Uv52rUEvV6sJhOt+/dzyO0mo6iI+IwMssePxzFrFnFJSdhcLpLy83FlZGCNi/tkdvZxaNi2ja2PPMKISy4hZ/r0j2054WCQgMeDEQ4DYHE4sCcknND5d7W0EJeSgtl69NPD4cqzgYIQi91O3nnnMfzii6MfZC/8n/9hyOzZhPx+Nvzyl7zx/e+z68knWfx//8fYa6+NTDN7NmmFhbRXVpKYn0/GhAn9glUAm8vF0PPPJ++888ifNw9HUhIAaYWFFH7uc9FwdfrttzN22TKMcJidjz/OyzfdxK6nnuKCn/+c6bfffsxtPJO17ttH6d/+RsaECZxz9dWDni7WikPPoUO4srI+8X0eDgYJ+nyR10mv81EoEBjw2BrI8Tx2IIGODkK9+vrY3e6PNL/TlmGw5Xe/47XbbuOyv/6VccuWRZ+Tmd/9LtuXL8fqdGKEQnS1tg5qP4UCAQIeD3HJyZhOoQtu0P/YM8JhjHD4uF8DH/W83Pv4M5nNOJKSzrrw8Hjek+b8+MdMvfXWwR1PhkGgowOr09nvufko+z0UCBAKBI74/h4KBPA1NpKQmzuo+cXqw39zmK1WHImJ6nMvIiIi8iFnb7JwGjOZzdgTEsiZMoWcKVMwwmE6Gxup3bKF2pISPI2NNOzcSd2WLXR5PFiA9qoqqjdtImviRJILCnCmpWGxWqN/IBvhMP72dtoOHiTc3U18ejrpY8bQ2dREKBDACIWwOBzEp6VFPui1tRH0+bA4HLjS0zFbrfg7OmjZv5+O2lqShgzp98e3EQ5HqmMbGmitrOTge+/hravDEg4TCoVorqoi4PfT0dBAQmYmBeefT9aECaQXFp6EvTx43V4vpU88QXtlJWUrV5I1ZUr/D8CGQWdDA2//+MdsfughIFI1Y7bZaN27l6xzz2XCddcx6rLLsDgc/ZbRVlHBxv/9X3Y9+WS02iscCFD+yisATL311j7TGuEwbeXlrLn1VvY9/zwJOTlc8qc/UTB/fp+wotvrZcejj7L5oYe46Le/JXnkSJ7/8pfxt7VFPkABbZWVNO/eHV3n3j8ft2wZs374w4F3jMk0YHWxxeFg/HXXUfnaa1SsWcP7Dz7IkNmzSSwoOI69fmQDLdNkNnPOVVdR+eqrbPvzn9n0wAMMW7iQ7HPPPSHLPN0YoRC7/v53mkpLKVu5koKFC6PP60BCfj97n3uOjQ88gL+1lVFXXIHd7Y4egxa7nXNvvplRl18+YCAR8vt5/8EHGbdsGenjxvVfn3CYlrIyXrv99mgw3vtY62xowOJwMGzhQiZ85SskDx8ePb98uOI5saCA1NGjoyFGZ0MDOdOns+D++6MhcLCri02//jXjv/QlXFlZR91XnkOH2PXkk0z99rcj29bzWn7v3ntZ/4tfAFB8ww3M/o//wJ2bG12vbq+X7cuXs/mhh3AkJzN80SLMdjsBj4f9L7xAYkEB02+7jSFz5x51+WeSjpoayp59lsziYnKmTevzHmF3u8mfNw+T2UwoEODNu+6iZv36aNuKzoYG6jZvBj6oSD/885zp07nwvvto3rOHF7/6VepLSsgsLuaSP/6RzOLiPufjrpYW1v/P/1C7aRML/vd/SRk1itZ9+z6RYy/g8fDuPfcw+cYbBzzfhYPBPtX3CTk5LHrwQXKnT+eFr371uM/LAY+Hd3/+c7Y98ghF115LfGYmrXv3cnDdOq5csYKMiRNP0DN7mjjae9KXv0z5yy9TtXYt25cvZ+SnPkXqmDH9zk12t5vMSZOw9ZxLun0+gp2dXP7YY6SOGQMwqP3e++6LgMdD6pgxJPU6Jo71/tpx6BCbfvMb5v7nf2LrGeizt3AwSM369bx8003Ul5QQl5pKZnExQZ+Pxh07GDJ7NuO++EVGX3ll/+kNg/qtW9nwy19S8corjLriCpKGDwegoaSEui1bGP/lLzP5xhtxJCXhqa5m3U9+Qsnvfw/Aed//PtPvuCPaJqmrpYWNDzzAup/8BIAJ113H3P/6rz7nSxEREZHTncLVM4DJbCbY1UXjrl1sffxxGqqrI5VlwSBmhwOLzYbZbqd640bMZjPD588nb/p04tPTscbFYTKbCYdCtFRUsOPJJzHCYYZdcAHOlBSq1q0j5PfT3dWFMzmZobNm4W9ro6G0FE9NDXHJyQybOxdXZiZtlZXs/Mc/CHZ1kTN5cp8PtEY4TLfPR3NZGZVvvUXdtm101NaSOWYMzVYrvs5OQuEwHW1tBPfswR4fj9XhGDBoPNU07thB+UsvAbDnmWcY+/nP9w+QTCbiMzMZMnt2NFy98H/+hyGzZlHx6qs8/6Uvse+55/pXVBoGe555hldvuw2Ayx59lIILL4x+IJl+xx28d++9PPvZz1K4ZAkLf/1rXFlZmMxmEnJzcQ8ZAkB8ZibJw4f3qwKzuVykjx+PKzs7+sFw0o03MvrKK6MBwb9++lPe+tGPPljn2bMB8Le2sr9nu49XXHIyySNHwpo1HPrXv2g/ePCEhatHYnO5SB4xAoiEPM27dp214Wp7VRUVL78MRI7Z8V/6EgULFgz4WG9dHWtuuYVdTz3Fubfcwvl3343d7Y7+fsadd7Lj0Ucpf+klhi9ePGAVa8vevZQ9+yxmq5U5//Ef/QJYk9lM6pgx5M6YEQ24eh9rGAY1Gzey5pZb2PjAA8y4806m3347VqezX8XziIsv7hOkhvx+9jz7bJ/lhfx+atavxwiHj1rBHA4G2fbII7RXVhL0+7HFx0dfy1mTJ0cfl3/BBbjz8qLfN+/eHQn5tm5l1g9+wNRbb+1zLjvve9/jvfvuo2rt2rMqXA14PHS1tNC6fz+1mzaRes45fcKVw+fNoM9H/oUXsvCBB6L7bedjj/HPL3wB+KAiHT54fs1WK0nDhuHKzoaSElzZ2SQNG9bvuY1LSSF97Fh8TU0kFRRgtlo/sWPPYrfT1dzMP5ctY/HDD/d7nzBbraQVFkbXJWPiRIaefz4Qw3nZMNj6pz+x7ZFHIu8b8+dHt2fPs8+eFu+tn6S4lBRSx4yhau1a6ktK6GxsJHXMmH7npuQRI7jk97+Pvl9iGBx4880PKlIHud8P332RPGIE9SUl/YLUY72/Vr72GiW//z0jL710wHO32Wola/JkcmfOpL6khJxp0yItN1JTqXz9dV64/nr+uWwZU26+mQvvvTd6zIaDQTbcfz//+ulPyZw4kWteeaXvcdrzelj3k59wzqc/jSM5GXdeHvkXXBANV0dcemmf/vNxKSkMW7QoGq4OW7iwz/lSRERE5EygcPUM4c7NZdJ11zFy8WIObdjAgXfeoWnXLsLBINmTJlEwdy7OlBQ66uup37GD+u3byZ8zh+ziYuIzMrBYrWSOHcuBoUMxwmHiUlJoraxkz4svMuW66zBZLNTv2MGe55/HW19PzuTJJA0dSmtlJaUrV1L8hS/QXF5OZ3MzjoQEutracKakRD9wdHd20rx3L3Xbt5OQk8OQGTNw5+VhNpup37mTxt276fb5cKWnk15YSMqIEdjdbmynYAuA3kJ+P7uefJKCBQsoW7mSptJS9q5aRVph4eBuKTSZyJk2jbzZs9n9979Tvno147/4xeitfgf/9S9eve022isrufh3v+sTrAJYnU4mf/Ob1L7/PrueegpnRgYX3nvvgJUsg2Eym8ksLh7UrYuO5GRSRo6MaTmGYWCEQjFNGzPDiLS1ONsZBmU9/S3TiopoKi1l11NPkTdrVr9gtNvr5a0f/pBdTz3FyE99ivO+//0+wSpEqr7GfeELRwwojVCI0r/9LfraGLds2QfBxGD1vE7m3XMPz335y7z1wx9id7uZ+u1vH7PyyeJwMGTOnD6P6/Z68TU2svmhh8ibOZOhF1ww4LTV771HyR/+QFphIUGfLxKuHoO3tpbXbr+dg+vWUXzDDUz51rf6BVk2l4upt97K3lWrBrHxZw5rXBw2l4uAx8NL3/gGjTt2MPPf/73fMYXJRMb48YMKAC0OBxnjx398FXAn+NgDOLhuHf9ctoxFDz7IkFmzjjmfWM7LXa2tVLzyCraEBOLT0/tsz7BFi87OthRHEQ4Go+1OEnJyBt9+yGQic9Ikwt3dACdsvzuSk4948a+jpobSFSsIeDxHPHcfbX2HzJnDmKuvZsP997Pn6aeZcN11kWUZBqUrVrD2zjtJyMlhzn/+54AXinOmTePcW24Z3PJEREREzhJnV9OtM5jZasXudpMyYgSjLrqIGTffzMKf/YxF99zDtG9+k2Hz5pE7dSrDL7yQ8ddcQ9HVV5NeWPhBCGcyYbHbo9VZzrQ0utrb6fJ4MFks2JxOQn4/9aWlNO3bhyUujuRhw4hLSqJp3z7aDx3CbDbjzsnBnphI8759+Nvbo2GWtefxwy+8kILzzydj/HgS8/JIyM1lyIwZFF11FROuuYbRl15KVnExrsxM7C7XKddD78Na9u6ldf9+Zv77vzNs4UIAylaupL2qatDzMNtsxCUnR762WjHbbEAkANr6hz/QXllJ7owZkfkP8CE8PjOTkZdeCsCOv/6V6nffjXl74lJSotWdg5E9dWpMy2krL+fgunUA5M2aRWJPhe3HqaO2lkM9y0zIySH1FG838XHpqK3lwBtvcN5ddzFs0SIA9q5aRcO2bf0eW/3uu5SuWAHAqMsvj1QFDsDicFBwhOOzd5VsfUlJpDrQMGJa95zp0xlx8cUAlD7xBG0VFYOazp2X1ycs8be342tqor2ykg3334+3rq7fNF0tLWx64AHaKyvx1tbia2wc1LL2Pf98tAKycMmSI17oiEtJIe9wdeRZwj1kCKM//WkgUsX6zn//NysWLKBizZpoT0eIvF8M1D7iSNLHjfvYe3GfqGPvsPqSEv65bBl7nnnmmK+HWM7LRjgcaTNQVsYbd91F3fvvR5djT0hQuPoh7VVV1G7cCETaLBzP/nYkJeHsCVJP5H5PGTVqwJ9Xv/MOFWvWAEc+dx+NxWbD3tNGoqOmhmBXV+Tr2lq2/+UvABQsXBhp3XEEuTNnauA5ERERkV4Urp4hDMPAZDJhsdlw9lR/5k2fzpCZM0kvLCQ+PR1HUhIJ2dmkFxaSOX48CdnZH3zoMwyCXV2RPqp2O670dFwZGaSNHImnupr6HTvoqK8Hk4lurxcMA0fPYFj+9nbqtm3D39YGhoGvsZGqdevobGqKVnOYrVbikpNJys/HnZODw+3GZLFEB3lIHDKExPx8ErKzsbtcp0cfLsOg/KWXGDJnDmlFRZEKJSLVbhVr1gw6QGqvrKRmwwYAhl10Ec7UVCDyoefwh6aMCROIP0pvyPTx44FIYHHgrbdiDq8+CZ6DB3n3nntoKi3F7nYz5VvfIjE/P6Z5eevq6BxE6NXV0sKmX/0q+oH03FtvJbO4OKZlnu6q33kH99ChZIwfT35PxWZHTQ1lK1cSDgb7PLZm/XoCHg/wwTF2JAOGSD1tLYZddBHjv/QlAHY9+eSgg6kPszqd0dvxq997j+r16485TWevAf8O8zU1RV9bZStXsu3Pf+677YbB7r//nV1PPQVA6/79dLW09JlH4rBh/ZYV7Oqi9v33AcgsLj7mcX2k8ORMZbJYOPfmm5n7059Gq1VrNmzgmauv5s3vf5/OhoaTvIZHdqKOvcPGXnsthZ/9LM9fdx3vP/hgv9feR2V3u6PnuH3PPcfj8+bxxve+R1dz8wldzunucE/Vd+6+m6bSUlLHjGHqd77T57b2ozlcBX/YidrvRzpHdrW0RAeCTCsqoqOmhh2PPdZnwLxjCXR00Lp/P9D34mZ7ZWV0sK/U0aP7V5T30jtQFhERERGFq2cM04cHjzIMjJ6ArffX0cebzZit1shthoZBqLub9upq/F4vJouFuKQkkoYMYcS8eZitVlorK/G3t5MxZgxmq5Wg3084FIrMw2KJVLy6XDgSEuju6qJp375I1epxhKS9t+HD23Mq8lRXc+Cttxi+eDEms5nhixeTVlQERAKkjtrao04f7u6m/KWXeOWWW6gvKWHWD37ApBtuiFbr+hobad6zB4iEEkfbJ860NDImTAAityUfrkQ5lYS6utjy8MM8OmcOO/76V4bMncvljz1G0dKlH1uYboTD7PnHP1ixYAHv/vznZEyYwCV//CPTvvOdT3zU+lOBv72dvf/8J6OvuAKLw0HueedFK673PPNMdIAciPS9bKusBCLhfixVSodfI0XXXMPoK68EIsFU2apVMV8A6D16dltPQNCbt66OA2+9RdXatexdtYotDz/c7zHtFRUMmTs3+nrd/NBD0apmgKZdu9j+l79Q+LnPAZGLFp319cdct26vl9Z9+wCIz8ggrudCiXzA6nQy6667+PzatQy/6CKA6EBPT19+OU2lpSd5DY/sRBx70XklJjLrRz9iwf3388b3v887d999xCA2Fha7nWm33UbhkiXAB/v4yYsv7lcpfNYKh9n/4ousWLSInU88wQU/+xnL3nwz2ud2IN2dndRu3EjV2rVUvvoq7917L76mpujvY93v7QcOULV2LVVr11K6YkWkonkANRs2YHO5GPPZz0bvPChbuXLQ1atBn4/SFSsoe/bZfhc3W/fti15M+yg90Bu2bo1uy+F/DVu3xjw/ERERkdOBwtUzkNlsxmw2R8O48If+mP9w0GoYBsHOThq2b8fv8WAQCaWsDgfDLriA/NmzSRo6FHdWVnTwKn97O96GBkLd3SRkZjJi/nxGLFhA/ty5ZE2cSOKQIbizs7EOomfeh9fndFG+ejWJ+fnR6rOUUaOiH3Yq1qyh6rXXjjq92WZj+OLFXP3MM0z+5jf513/9F09efPEpHS58FJa4OCbdeCPfrKjgu4bBsjffjIwuP4g+grEymc2cc/XVXPf++3zXMLh+61YmXn/9WTuYS+2GDQQ6OsiaMgWAhOxsRlxyCUC0J+qJ7IVbvno1KSNHkjJqVJ8gd99zzx3z4sOJ0NXSEqm0/5D2qirGLVvGtP/3/yLf92oPEPT5eP+3v2XUlVdSdM010WlaekJTOQFMJrKmTOGqf/yDC++7L1ohV/3ee7x3770DPmenmyMde71ZbDYmXn89n/rzn9n6yCO8dscdJ7Sy1JWVxWV//WufkexrNmzgb4sW8d59953watnTjtnMiIsvjlbVb/6//+Pg228P+sJPsKtrwGrrj7rfO2pqBnxMt9fLrr/9jVFXXIEzLY3RV1yB3e2mvbKSskGcu4M+Hxvuv5/VX/86Q+fO5Uvr1zP22mtPjzuFRERERE5xZ1/p1lnI0qtv6UBBphEOEwqFsLlcZBYWYjGbaSkvJ2X4cJr37qWqp6Jr2Lx5uHNzGblgAU1lZbQfPIgrI4ORCxfiTEnB4nBEBqQaNYqA14vZYol8SOn1h3vv5R8Of0+HKtUP62ppYd/zz9NWUcHTV1wR/XnvD1q7n36636i5A7G73Yxdtowdjz4aDRcW/eY3ONPTST3nHGo3bcIIhY4aQve+zdnV0+7hVKxePdHiMzLU922QQn4/ZT39+VYtXRr9ub+9Pfp12cqVFC1dStLw4VidTpJ6qpcatm2js76etKP0qe1qaSHk90f7snbW17N/9Wpm/Nu/YXE4okFuxZo1VKxZw/4XXmDiV7963NsR6OiIfp00QF9EV1YWQ+fOjQ7w0n7gQN/9EAjQ2dBA+rhxDJ03j4Nvv8325cspW7mS3PPOI3nECDoOHWLWD35AW3k5drc7Urna0IARCh21D7TN5SK5Z5A3b10dvqYm4jMyjvh4z6FD2BMScCQlHdc+OF2Fg0HC3d3R58bmcjH99tspmD+fN773PcpffpmGbdvoqKk5JVsmfNRjb0AmE+dcdRXxWVm88q1v8dI3vhHzgIQDsTgcjP385ymYP58377qLrX/6EwC7n3qKMZ/5zCm5nz9JJouF0Vdcwfbly2mvrOTNH/yAlFGjyJg4ccDH2+LjyZ46NRqaDpk9m1Ag0O9xx7vfE4cOJX/ePADy583rcxfBYbWbNtHt9UYra7OmTGHYwoXseeYZdv/97xRdc81RexVbnU7GXnste1etYt8LL2BzuVj461/j6mk5lDxyZPR817p/f7+/33ozQiFa9u4dcHDCjIkTGfKhftKHe8mLiIiInKlUuXqWMZlM/cJMk8WCw+0mZ9IkxnzqUxTMmYM7JweT2Ux8ejr5s2czfP580seMwRoXR97UqQyfN4+COXPInTqVrAkTsNjtmEwmXJmZ5EyezNCZM7E4HHw4DjydA9XeajZswGSxsPTVV/ncSy9F/13z8svRQU8q1qyJ9lI9lvj09OgAGocHmEjIyYne6t+wbRudAwy6c1jj9u1AJKgdOncumExYnU7ceXlAJEA/UjhrhELY3e5T4jZ5W3w8ST29LDuqq4/ag9FbV0c4GMTRMzCHHF3z7t00797N5158sc8xe+1rrzHpxhuB/v2Cc6ZPj1YV1m7adNT5N+7cSWt5efT7g2+/TcO2bbz1wx/y5OLFPHnxxex97rnorfJlq1YN6lb73oI+H3WbNwOQO2MGudOnH3Oaw71gfY0yqloIAAAgAElEQVSNhLu7Cfn9dDY2EpeWhiMxkem33x5tD/DO3Xfz5l13MeXmm3FlZfUZSMjX0EDwGH0NrXFxZPdUBTds20ZLT1uPI6nduBHvJ1DBe6po2rmTxh07+v6wp4p11o9+dNQej4PR+/xhhEJHvAU7HAphi48/rgETT8Sxd0QmE0Nmz+byxx6jo7qabX/+86DX60i6vd7IYEo9XNnZXPz733PFihUk5OTQvGfPoAdpO9NlTJgQbVvSVFrKpt/8ZtDV04d7j3Z7vQQ8nhO23w+Hrx3V1UDk4tjup5+mrbKSVUuX8uTixaxaupSOmproeg/mzoPE/HyG9bTj2PXUU2z705+i0yQWFJA7YwYAjTt29Lnw9mFdLS2R/u4iIiIiAihcPesdDtwsdjvOtLTIgFO5udgTEjCZzcQlJZEyciTJBQU4EhMxmc0409JIHTWK9MJCkvPziUtKit7abY2Lw5maiiszM/rBtV+/19M8WO32eil94glGXHxxv6pUZ1patDVAwOOh9IknBvUhzVtXR31JCUA06LS5XEz82tdILCg46iBZnfX17HvhBQDGffGL5M6cGf3d4YE1GrZto2nnzv4LNgxqN24kraioTz/Bk8XqdDLikkuwu900bNvGwSMMzhUOBiODic2dG626kSMzQiF2/f3v5Eyf3m+QJavTGe19CX37BefOnMm4L34RgL3//CeeQ4cGnH84GGT/Cy9Ew6yulhZ2PPooF/z3f/cJcj/34ouM+8IXIvNbtSpyC+5xqFm/nv2rVwNQdO210SDtaExmM92dndRt3ozZZiPY1UXI7ye+ZzCWjAkTou0BAh4PhUuWRCvDnOnp0Urc9gMHBtUTc+Rll0WDmt1PP33EgMLf3h4dYO1s0VhayoE33xzwNe1MSyNp2DAyJkwgIScnpvlbnc5oJV3jjh209Qr7Dwv5/dRu2kT6uHHHNXL7iTj2jiV93Dguf+wxRn7qU4NeryPpqKmh4tVX+4RtJrOZkZdeSsHChR9pP59pLA4H47/4xWif0ZLf/56djz8+uPYAPResazZswAiHT9h+N1kseGtro9XP9SUl1JeUcMXjj/c5p17x+OPRQLRs5Uraq6qOOd9xy5ZF/zbY/PDDHHr3XSDSJmbCV76C3e2m/KWXooNbDaT2/ffPqgtDIiIiIseicPUsN1Ala29mmy1S0Wgy9QlJrXFx2F2uSHXqET6AHJ736R6mfljjjh20lpdTMH9+/1+aTAxbuJCU0aMBKH/ppWNW/HU2NLDtkUeASOXIuTffHL1NeMisWSz45S9JLCjgX3ffTeXrr/f5wBf0+dj80EPsXbWKwiVLmP2jH/W5pbRgwQIm33QTANuXL+8XjtVs3Ejla68x/otfPK4qrkExjMigZsdp2MKFnHvLLQADbnM4GGT7X/5CU2kpU771rX7rHcsyz3TtVVUcePNNRl122YDPc+7MmdFbUnv3C7a5XMz+0Y8oXLKEqtdfZ91PftKvJ6QRDlO6YgVNpaXRaquaDRvo9nrJPe+8Po+1OBzRPoEAOx59lK6WlmNvgGFQs2EDa7/7Xbqam5l3zz1M/sY3BtUrsNvr5b377ot+72tqIhQIfFAlaTIx5rOfpXDJEnJnzKD4a1+LVnFbnU4Shw4FIgPF9a44O1KFmCsri3n33MOQ2bPZvnw5G++/v18oG/L72fzggxjhMO6ekbrPFht/9Sv29QriIfKaLlu5En97OxOuu+4j3RY/9vOfZ/SVV9JRU8O2P/85OkAPAIZBxZo1dNbVMapXO5ejOoHHXp/ZHqHVS2JBAZctX07xDTcQ8vuPaxT4D89/78qVVL3xRp/zp+fgQRq2bmX0pz991h17R3tPypw0iSnf+lb0vPCvu++OXAg41izDYfa98AJVa9diT0g4Yfu9s6GBd372M2xOZ/T1MfT88/tdHOtdiVr93nuRgbCOEQqnnnMOM+68M9qvdf199+GtqwOTicLPfY5ZP/whAG//6EcD/v3SsH077/7sZ5G7ZEREREQEUM9VGYSjhaNnWnB6NOFgkLrNm3nrhz+ks76e9gMHSCwo6DMgUzgYxFtXF+3B1lFTwzt3340lLo7EIUM42GtE8tfvuAOr00l9SQlJBQVMu+02zr3llr4VUSYT51x9NVlTprDpV79i9Q03kDtjBhnFxYQDAcpfeQWAT//974y67LJ+AzXZXC4uvPdeUs85h80PPcSjs2dTuGQJzvR02srLCQUCLPrNbwaswjLCYVrKyvpUrxx44w0yxo8/Zo/IUCBA7caNlPdUegFUvPIKaYWFOFNTjxpM2Fwu5vzkJwyZM4f1v/gF//j0pylYsICcadMwQiEqX3+dvPPOY/HDD/fpZxkOBmnZu5ddTz4Z/VnVG28w5PzzceflfawDZ52qjHCY1n37ePs//oO699+nrbKSrClT+rSAMMJhOuvr+wSA7913H3FpaRTMnx8dnKXwmmvY/NBDPDJlSvQYCng8HFq3jmGLFnHJH/6APTGRmg0b2PCLX4DJFAm2srOjz3c4GCQcDGJPSCDg8bDnmWdIGzuWKTfdRKC9vc+x9vodd0RbPnQ2NGBxOBh52WVcsWJFpBdszzxDgQCH1q2jadcuAPavXk3rvn2YzGaMcJjmsjIciYkUXnMNvqYmSlesoK28HG9dHa7s7EiFfkoKM+68k8rXXvvgtWAYdNbVRW+7rS8pYecTTzDl5pshFKJ0xYroula98QZDe3pSYzKROmYMn3vpJbYvX872v/yF3U8/zaieULmrqYnq9espWrqU+d/5TrQ/59lg5KWX0l5Zycvf+hYZEyaQ1xO+H3rnHSw2G5959lkyJ03qO5Fh4KmujoRVPQ72HHPxGRn9ziWurCwu/v3vSR8/nh2PPsrBt9+O7vuGbdtIzM9n4a9/HT13DHSeO9HHXtHSpZH3jy1bqN+yBYhcgKjbvJmcadP6VdDGpaay4P772fSrX/UNh4+wvgOdlxPz8xmzZEmf94yAx0PV668z4StfYdLXv37iL6idwo71nmS2Wpl+++3kTp/O1kceoWrtWlbfeCMX3H139O4RgNb9+3nxhhuw9bxuOxsaqNu8mU/95S+YLJZB7/dur5cDb74Z6W0K7HjssWglf6i7m/qSErKnTMGelETpihXseOwxxi1bRsDr7dMKJ9jV1ed8vvFXv4oErosW0bhjB9U9ValNu3ZxaN06hl98MRa7naKlS7G73Wz+7W+pfO013vz+9znvrrtIGjaMGXfcwfCLLmLjAw/w9OWXkz9vHhnFxRihELWbNmF3u1n4q19F2hYN8Prc/8ILpI8dG72zp6ulhYqev1UgcgGv9/lSRERE5ExgMk7XodpFzkLhYJCAxxOt+rI4HIO+nd8Ih/G3tUWntcXHnxbBTqCjI1q9ZTKbT5n+sGeroM9Hd2cncIY9H4ZBwOv9WNpjfPgYdvRqpXI2+vC56HjOY8fjw+dLu9t9XK0ATrZwMAiG8ZEGA+q9D86o1+sp7kzZ7x9+DZ0ufzeIiIiIHE37UXrLx0rhqoiIiIiIiIiIiJzxPo5w9ewtnRERERERERERERH5CBSuioiIiIiIiIiIiMRA4aqIiIiIiIiIiIhIDBSuioiIiIiIiIiIiMRA4aqIiIiIiIiIiIhIDBSuioiIiIiIiIiIiMRA4aqIiIiIiIiIiIhIDBSuioiIiIiIiIiIiMRA4aqIiIiIiIiIiIhIDBSuioiIiIiIiIiIiMRA4aqIiIiIiIiIiIhIDBSuioiIiIiIiIiIiMRA4aqIiIiIiIiIiIhIDBSuioiIiIiIiIiIiMRA4aqIiIiIiIiIiIhIDBSuioiIiIiIiIiIiMRA4aqIiIiIiIiIiIhIDBSuioiIiIiIiIiIiMRA4aqIiIiIiIiIiIhIDBSuioiIiIiIiIiIiMRA4aqIiIiIiIiIiIhIDBSuioiIiIiIiIiIiMRA4aqIiIiIiIiIiIhIDBSuioiIiIiIiIiIiMRA4aqIiIiIiIiIiIhIDBSuioiIiIiIiIiIiMRA4aqIiIiIiIiIiIhIDBSuioiIiIiIiIiIiMRA4aqIiIiIiIiIiIhIDBSuioiIiIiIiIiIiMRA4aqIiIiIiIiIiIhIDBSuioiIiIiIiIiIiMRA4aqIiIiIiIiIiIhIDBSuioiIiIiIiIiIiMRA4aqIiIiIiIiIiIhIDBSuioiIiIiIiIiIiMRA4aqIiIiIiIiIiIhIDBSuioiIiIiIiIiIiMRA4aqIiIiIiIiIiIhIDBSuioiIiIiIiIiIiMRA4aqIiIiIiIiIiIhIDBSuioiIiIiIiIiIiMRA4aqIiIiIiIiIiIhIDBSuioiIiIiIiIiIiMRA4aqIiIiIiIiIiIhIDBSuioiIiIiIiIiIiMRA4aqIiIiIiIiIiIhIDBSuioiIiIiIiIiIiMRA4aqIiIiIiIiIiIhIDBSuioiIiIiIiIiIiMRA4aqIiIiIiIiIiIhIDBSuioiIiIiIiIiIiMRA4aqIiIiIiIiIiIhIDBSuioiIiIiIiIiIiMRA4aqIiIiIiIiIiIhIDBSuioiIiIiIiIiIiMRA4aqIiIiIiIiIiIhIDBSuioiIiIiIiIiIiMRA4aqIiIiIiIiIiIhIDBSuioiIiIiIiIiIiMRA4aqIiIiIiIiIiIhIDBSuioiIiIiIiIiIiMRA4aqIiIiIiIiIiIhIDBSuioiIiIiIiIiIiMRA4aqIiIiIiIiIiIhIDBSuioiIiIiIiIiIiMRA4aqIiIiIiIiIiIhIDBSuioiIiIiIiIiIiMRA4aqIiIiIiIiIiIhIDBSuioiIiIiIiIiIiMRA4aqIiIiIiIiIiIhIDBSuioiIiIiIiIiIiMRA4aqIiIiIiIiIiIhIDBSuioiIiIiIiIiIiMRA4aqIiIiIiIiIiIhIDBSuioiIiIiIiIiIiMRA4aqIiIiIiIiIiIhIDBSuioiIiIiIiIiIiMRA4aqIiIiIiIiIiIhIDBSuioiIiIiIiIiIiMRA4aqIiIiIiIiIiIhIDBSuioiIiIiIiIiIiMRA4aqIiIiIiIiIiIhIDBSuioiIiIiIiIiIiMRA4aqIiIiIiIiIiIhIDBSuioiIiIiIiIiIiMRA4aqIiIiIiIiIiIhIDBSuioiIiIiIiIiIiMRA4aqIiIiIiIiIiIhIDBSuioiIiIiIiIiIiMRA4aqcNEGfj5e+8Q3uMZm4x2TiXz/96cleJRERERERERERkUGznuwVOBuE/H4OvPkme559lpY9e2g/cICE3FxcWVnkzZrFsIULSR0zBpNZWbeIiIiIiIiIiMjpQuHqx6xp1y5evfVWyl9+uc/Pm3fvBqB0xQoARl56KZc+8gjxmZmf+DqKiIiIiIiIiIjI8VO4+jFqq6hg9de+xsF164752ORRo3AkJX0CayUiIiIiIiIiIiIngsLVj4thsOcf/4gGq3GpqZx/990ULlmCMzWVgNdLW0UF+194gdIVKxh9xRVYHI6TvNIiIiIiIiIiIiIyWApXPybdPh9NpaXR7yd/4xsUf+1rmK2RXW5PSCBj/Hgyxo9n+u23D2qe4WCQgMeDEQ5jd7ux2O2DXyHDwN/eTjgYxGQ2Y3e7o+tyvIxwGH9bG8BR5xP0+eju7Iw+7njW9/AyYtpWERERERERERGRT4DC1Y9J0Oej/cCB6PfpY8ceMYQ0WSxHnpFhUL91Kxt++Uv2PPMMAY8n+quRl13G9NtuY+gFFww4GFa310vlq6+y49FHqXj1Vbqam6O/s7vdnHPVVUy77TYyJ04Ek6nPtL6mJv65bBnlL73E5JtuYv4vfoHJZGL300+z7j//M9ozdtnbbzNk9uw+y9y+fDnb//IXqt97r888CxYsoOiaayhauhS72z3g5nZ7vZT84Q9sfuih6DIAzrnqKmb94AdkTZ7cb11FREREREREREROBg1P/zGxOp0kDh0a/b56/XpCfv9xzSMcDPL+gw/y2Ny5bF++vE+wCrDvued4+sorWf+LXxAOBvtObBhsefhhnr7ySnY99VSfYBUg4PGwfflynpg/n9K//Q0M44jr0bpvH77GRt79+c/557Jl0dAzZfRoHL1C0payMp65+mpevummfsEqQOWrr7L/xRf7r2sPS1wcr995J69+5zt9glWAPc88w+Pz5rHziSeOuq4iIiIiIiIiIiKfFFWufkxsTidpRUX/n707j4+qvvc//p6ZzGQymcmekEBI2CQBBNlBBVTAhep1qQuotUJbrWut1XorqO1Pq1atXIsbVivXVmtdLnXBhUVlEREh7AhhTwgkBMg2k8kymZnfH5ApMQHCZJlJeD0fDx86c5bv53vOAcyb7/l+A59zZs2SyWLRqAcekC05uVnnyH3/fS2ZPl21TqcsDofOvPlmnXH55ZKk/MWLtXb2bFWXlOibxx5TTPfu6jdlyn8ONhjU8+KLlfjaa6o8cEDZ116r7uPGKbpLFxWuXq2Nc+aoJDdX1SUlWjt7trqdc45iMjKarKNs1y6tfOYZbZwzp2EfbbbAPLGVBw7oq9/+VrsXLAhs7zJkiNJGjlRNeblKcnN1YO1a9bz4Ylnj45tsZ/EDD0iSErKydMbllysyLk77VqzQznnzJB0JhDfOmaOMCy6QPS2tWdcQAAAAAAAAaCuEq23FYFD25MnaMW+e8r/6SpL03Z//rK3vvadhd9+tM2+6SbaUlOMe7ios1Ia//S0wWvXsGTM08r77AlML9Jg4UYn9+mneTTep1unUhr/9Td3PO69B6Bh/xhm64t13Fd+7tyKiogLfZ06YoN6TJunDKVN0eMsW7V2yRCW5uccNV0u3b1fO9u2yJiTo/Kef1pk33aToLl2OjEA9+or+znnztP3DDyUdmXLgopdeUv8bbvjPdAV+vyoKCmQ+po6mDLn9dp3/1FOBaQN8dXVa+/LLWvSrX0mS9ixapNLt2wlXAQAAAAAAEHJMC9CGHN266cLnn28wJ2lFXp6+uv9+vdqvn5bOmCFXYWGTxx7atEl7Fi2SJGWcf77OvOmmhnO2GgzKHD9eGeefL0nav3KlKvLyGpzDZLEo+cwzGwSr9WIyM5U0YEDgs7u4+IR9sael6Yp33tGo++9XdGqqZDDIaDbLGBGhmvJy7fr888C+A6dNU/a11zacB9ZgUEz37opKSjpuG4n9+mnonXc2mI/VGBGhMy6/XN3OOSfwnfOYuWwBAAAAAACAUCFcbWNJAwbouvnzNX7mTFkTEgLfV5eUaMUTT+jtCy5Q7vvvy+/zNTiuaPXqwH8nZGU1+Sq9NT5eCVlZko68Ml+2c+dJ66l1uVR1+LBqXa7jLirVlKxrr1X3sWObXEyqsqhIpdu3Bz73mDAhMF3AqUgdPrzJ0bNmu/2UagUAAAAAAADaA9MCtANzdLRG3HuvBtx4o7a8847WvPhiYMGmktxcffqzn8lbW6v+118vGQyqq65WRUFB4Ph1r7yida+8csrt+urqtH/lSm19913tnj+/0SJRpyKpf//jBqbVpaUq27VL0pEpAU403cGJONLTZbbZgq4RAAAAAAAAaE+MXG1HtpQUDbv7bk3NyWkwkrXW6dS6v/5VFfWvu/v98nu9LWqr8sABfXzDDXprzBjlzJrVomBVkix2+3G3+bzewNywcb16HXfBqpMxR0XJYDIFdSwAAAAAAADQ3hi5GgLm6GiN+PWvlZidrQ8nT1at06m9S5aofM+eJl+LP+uWW9T/hhtOet64nj0lSd6aGn33zDPa+t57kiRrQoJG/+536n/99YpOTZUxIkJ1VVX64t57gxoReyLu4mLVulytek4AAAAAAAAgHBGuhorBoNThw9V11KjAwlX1CzVFREXJ0a3bf/b1+5U2cmSzX5mv2LtX+YsXBz6f/6c/6axf/KLBfKn+VhgdWy8qMVHJAwfq4MaNchUWqrqkpFXOCwAAAAAAAIQzpgVoI36fT/L7T7hPndstj9sd+HzsXKUpZ50V+O/CVasCwWtzVB44oKKcnMDnxP79Gy1EVVNWptIdO5p9zhOxJSU1CIPzFy+Wr66uVc4NAAAAAAAAhCvC1TZSun27Ppk6VTs++kjVpaWNttdVVWnj//6v9n3zjaQjYeqxUwKkjhihHhMnSpKK16/X6r/8JTCv6Q95a2tVkpsrb22tJCnCapU9Le0/bR0T4EpHFrra9I9/NBjd2hLW+HiljhgR+Lz5rbe0Z+HCRuGyp7JSe5csUV11dau0CwAAAAAAAIQS0wK0oeL167Xp73+XJHUdPVqxPXooqX9/Hfr+ex1Yu7bBIlNZ11yjuN69A5/taWka9POfa//Klap1OrX25ZdVtHq1Bk6bpsR+/SRJrv37VfD119r56afqdcklmvA//3Pk2K5dlTRggFyFhZKkpTNmyLV/v2IyM1VdWqotb78dmI+1NRhMJmVfc41y339fh7dsUUVenj6cPFmZEyYobcQIGUwmHdq8WTs/+UTZ116rtJEjW61tAAAAAAAAIFQIV9vJ/m+/1f5vv21y27C779bwe+6RMaLh7ci65hpVHTqkJdOnq9bpVOGqVSpcteqkbdlTUzVw2rRAMFu4apU+mTq1wT7D77lH3ceN07+vvjr4Th0jeeBAjX/2Wc2//XZV5OWp1unU9g8+0PYPPmiV8wMAAAAAAADhhmkB2khsjx469/e/1xlXXimLw9HkPr0vu0zXfvaZLnjmmSb3MUZEaOidd+rGZcs0cNo0WRMSGu1jTUjQwGnTNHDaNEVYrUe+NBiUfd11uuSvf1XywIEN9o/JzNSE557TeU8+qa6jRyvj/PNb3tmjbfaaNEk3LF6ss265pcla08eOVa9LLpHJYmmdNgEAAAAAAIAQMvj9J1l1CS3mq6tTrdN5ZJGro8w2myKiok7pPN7a2gbzrhqMRlkcjkYjXo/XdnP2by0/rNUUGSmL3d7m7QIAAAAAAABNqaioaPVzEq4CAAAAAAAA6PTaIlxlWgAAAAAAAAAACALhKgAAAAAAAAAEgXAVAAAAAAAAAIJAuAoAAAAAAAAAQSBcBQAAAAAAAIAgEK4CAAAAAAAAQBAIVwEAAAAAAAAgCISrAAAAAAAAABAEwlUAAAAAAAAACALhKgAAAAAAAAAEgXAVAAAAAAAAAIJAuAoAAAAAAAAAQSBcBQAAAAAAAIAgEK4CAAAAAAAAQBAIVwEAAAAAAAAgCISrAAAAAAAAABAEwlUAAAAAAAAACALhKgAAAAAAANDOfHV18tXVhboMtFBEqAs4XRw8eFBlZWVyu91KTk5WYWFhqEsCAAAAAADoEOYOHx7qElqdJTpajrQ0JWdlqdeECTrz2msVm54e6rJwigx+v98f6iI6M5fLpYKCAplMJsXExCgyMlJ+v18GgyHUpQEAAAAAAIQ9v9+vPyckhLqMNtdj3DiNvf9+Zf/Xf4W6lE6roqKi1c/JyNU25HK5tHPnTiUnJys6Olomk0kmk0lGo5FwFQAAAAAA4CT8fr98Pl+oy2gXe5YulaeyUpIIWDsQwtU2VFBQoOTkZDkcDkVGRspkMslgMBCsAgAAAAAANJPX6w11Ce1mX06Olv35z0obMoQpAjoIwtU2cvDgQZlMJjkcDlmtVkVERBCqAgAAAAAAnKLTLU/Zs3SpNr33ns69995Ql4JmIFxtI2VlZYqNjVVkZCTBKgAAAAAAQAvEhLqANuKX5JXkOfpPvV1ffkm42kEYQ11AZ+V2u2W32wlWAQAAAAAA0CSDjox8jJIULcl09PuDW7eGrCacGsLVNpKcnEywCgAAAAAAgGYxSbId/ffhHTtCXA2ai3C1jRQWFspoNBKuAgAAAAAAoFkMkqyhLgKnhHAVAAAAAAAACBMmSeZQF4FmI1xtQ4xaBQAAAAAAwKkiXO04CFcBAAAAAACAMGI6+S4IE4SrAAAAAAAAQBjhXeiOg3AVAAAAAAAAAIJAuAoAAAAAAAAAQSBcBQAAAAAAAIAgEK4CAAAAAAAAQBAiQl0AAAAAAAAAEEoDbrpJQ267TUlnnqlIh0MyHFlSyuN269DmzVr/6qta/+qrIa4S4YhwFQAAAAAAAKelrqNH6/ynnlL3sWMDgeqxzDab0kaMUNrw4Rpy22368r77lL94cQgqRbhiWgA0UlNTo/LycjmdTvn9/lCXAwAAAAAA0Op6TZqkK/71L3UfN67JYLUBg0Fdhg7VZf/4h3pNmtQ+BaJDYOQqAiorK/XGG29o6dKl8vl8kqQzzjhD06dPV3R0dIirC62amhp99dVX6tOnj/r06RPqcsJSTU2NZs6cqR07duiRRx5RZmZmqEtq0vr16/X444/rwgsv1C233BLqcgAAAAAAIZDUv7/O/9OfFHPMz66+ujod3LBBuz7/XIe3blVidrZ6XnSRkgcNkslikSQ50tN1wTPPqCIvT4e+/z5U5SOMEK52IPWh0A9NmzZNk1r4tyZer1fvvvuuFi9erP79++uSSy5RVVWVfD7faR+sStKGDRv0+uuva8iQIfrNb36jyMjIUJcUCDPXrl3b7GNmzJihs846qw2rAgAAAAAg/I164AElnXlm4LNr/34te+QRbfjb3xrst3TGDA34yU903pNPypGeLulIMHvu73+vDydPbteaEZ4IVzuQ/v3766mnntKiRYu0cOFC9evXT1OmTFGvXr1afO6SkhKtWbNGaWlpuuuuu5SUlNQKFXccXq9Xb775pjIzM3X++ec32p6amqpu3bqpR48eiogIn182cXFx6tq1a+Cz3+9XSUmJampqlJCQIKvV2mB/y9G/aQMAAAAA4HTVdfRoZZx/vgzGI7Nl1pSV6ZvHHmsUrNbb/Oabqjp8WJNee032rl0lg0HdzztPvSZN0q7PPmvP0hGGwiclwkmZzWb17NlTI0eO1MKFC5Wenq5+/fq1yrndbrfcbrf69Okjh8PRKufsSEpLS7VmzRqlpKQ0ub179+76n//5n3au6sQiIyN1++23N/ju2NGst99+O8N0JJ4AACAASURBVKNUAQAAAAD4gd4/+pGi09IkSX6fT9s//FBrZ88+4TG7PvtM2z/6SINvvVUGo1FRiYnKnDCBcBWEq52d1+tVZWWl/H6/TCaToqOjZWhikubmLlzl9/tVWVkpr9crSbLZbDKbzad87PFqOXYfo9Eou93eYJ9j+2OxWBQVFXXCNo/d32AwKDo6WiaTqVGbu3fv1oEDB5rVj+PxeDxyu92SdMJrfbJjm9Ov1uD3++VyueTz+Zpdb3Ou57GC7depHteS5/Jk7Tf32pzs2QUAAAAAhIeYjIzAHKo1ZWXa+cknzTpu16efKuvHP5YtJUXGiAglDxzYlmWigyBc7WReffVVrVmzRtOnT9fmzZv1r3/9KxASSVJGRobuuusu9ejRQ5JUWFiof/zjH1q7dq28Xq/Wrl2rm266SZIazC/q9/uVm5ur1157Tfn5+YHzmUwmjR07VjfeeKNiY2Mb1FI/R+ydd96pwYMHa/bs2crJyZEkTZgwQbfeeqvy8vL06KOPavz48Ro3bpxeeOEF7d69O3CO1NRU3XHHHTrjjDP0wQcf6IMPPlBNTY0kyWg0atiwYbr11lsbtb1jxw7NnTs30K96NptNN910k8aPHy+DwaDy8nK99NJLWr9+vXw+n+bMmaM5c+ZIkrp166Y//OEPio2NPeEiSFVVVZo7d67mzZvXoK3k5GRNnTpVw4cPbxCy1Y8uraio0P3336/PP/+80bEDBw7UHXfcocTExJPe81Pl9/u1bNkyvfnmmyorKwt8n5GRoV/84hfKyspqFApWVlbq/fff16JFiwLXXzoyevauu+7SqFGjGuxfXV2tt956q0G/jEajBg0apF/+8pcN+tWS6xHMc3kip3ov6+Xm5urVV19tUENycrJuvfVWlZaW6qWXXtKMGTPUv39/zZo1S6tWrdJvfvMbjRw5sskannnmGeXm5mr69OkaMGBAs+sHAAAAAJxc/dypkuSpqlLV4cPNOq4kN1c1FRWyHX3r1XiCwUY4fRCudkIVFRV68803tX37dl144YXKzs6Wx+PRkiVLlJOToxdffFEPPvigEhISFBUVpQkTJmjgwIH617/+pdTUVF155ZWyWCyy2+2B+UXXrFmj5557TiaTSVdccYWys7Pldru1fPlyLV26VHv27NF///d/NxkGHjx4ULNnz9a2bdt0wQUXKCoqSv37928QUq1fv145OTlKS0vTVVddJUlatmxZoN4ePXpo48aNuuSSS5Sdna2ysjLNmzdPq1atksPh0C233NJgBGVJSYk2bdqkcePGaciQITKbzdq3b58+/PBDvf7664qPj9fQoUMVERGhSZMmKSEhQV988YUmTJig4cOHSzoyYtJms53wWldVVWnWrFnKyclRVlaWLrroItlsNu3atUsLFy7Us88+q5tvvlmXXHJJo1CuuLhYL7zwgvbt26cbbrhBXbt2ldvt1meffaaNGzfqr3/9a6svnuX3+/X555/rjTfeUFpamiZPnqy4uLjAtXn88cd13333afDgwYFjKisrNXPmTG3cuFHdunXTmDFj1K1bN+Xm5mrHjh1KP+YPJUmqq6vTnDlzVFJS0qhf69atO26/grkeLXkufyjYe7l7927NnDlT5eXlGj9+vIYNGyav16tly5Zp5syZSkhICOxrNps1duxYrVq1SmvWrNGwYcMajfzdv3+/du/eraysrFaZTxkAAAAAALQdwtVOyOPxaMeOHXr44YfVs2fPwPfDhg3Tiy++qG+++Ubbtm3T6NGjFRcXp2HDhikvL08RERGKi4vT0KFDGwRYhw4d0t///ndZLBY99NBDDc45ZswYzZ07V++8844++ugj/fSnP20UFv373//WgAEDNHPmzOOOItyzZ4+uuuoqTZkyJRBcDRs2TLNmzdLKlSvlcrk0Y8YMnXHGGYFjsrOz9eijj2rz5s0qKSlRcnJyg76+/vrrDRafGjZsmBITE/WXv/xF69ev19ChQxUdHa3BgwersLBQ0pHRm8OGDWv2tV6wYIFycnJ08cUXa+rUqYG+Dxs2TGPGjNETTzyh999/X/3791dmZmaDY51OpyoqKvTkk082CP8GDx6sJ598Ulu3blV+fn6DPrdUfn6+3n//fWVkZDQIHYcNG6Y+ffroySef1EcffaSsrKzAq/iLFi3Sxo0bdfbZZ+uOO+4IPBujR49uso2qqip5PJ5T7tepXo+WPpc/FMy99Hg8+vDDD1VaWqqpU6dq0qRJged31KhRgSD7WNnZ2crMzNTatWtVVFSkbt26Ndi+bt06VVZWasSIEe0yPQQAAAAAnG6cBQWB/7Y4HIrJyGjWcQlZWYqMiQl89h3zxiNOX8ZQF4C2MWLECGX84DcHs9msIUOGSDqygFNzbd68WYWFhTrnnHMC0wnUMxgMOu+885SWlqY1a9aopKSk0fFWq/Wkr2c7HA6dc845DUYEms1m9e/fX5I0aNCgRm0nJSWpR48egcW4jmUymRoEq/XS09PlcDhUVFTU4PX2YLhcLn377bdyOByaOHFio/AuLS1NEydOlNPp1OrVq5s8x7hx4xqNqnQ4HBowYICqqqoa9aulvv76azmdTl166aWN2u3Vq5eys7OVl5cXmH+2vo/R0dG6/PLLmz2KNth+ncpxLX0ujxXsvTx06JByc3OVnp7e6Pk1GAw6++yz1bVr1wbniomJ0TnnnKPS0lJt2LChUR2rV69WfHy8Bg0adMKaAQAAAADBOfT996qrqpIkRToc6nHRRc06rtePfqSopCRJkq+uTgc3bmyzGtFxEK52UpmZmU2O1IuLizvlc23btk2SNGDAgCbnm4yNjVWPHj108OBBFRUVNdreq1cvdenS5YRtxMTEnLC2lJSUoBcoqqmpUXl5ucrLy+VyuYI6R1MOHz6s4uJipaenNxg1e6y+ffvKbDZrx44dTYa5PwwF6x37KnlrqampUUFBgaKjo5WQkBC4JvX/1NTUKC4uTk6nU+Xl5ZL+08eMjAylHV1JsTmC7depHNfS5/JYwd7L4uJiHT58WL1795bD4Wh0TFRUVJPP/vDhwxUfH69Vq1ap6ugf6JKUl5en/Px8DRo0SKmpqSesGQAAAAAQnL1Ll8pdXHzkg8Gg3pMmachtt53wmCG33ab+U6bIYDwSpVUdPqy8L75o61LRATAtQCf1w9FywfJ4PIFA8nivKJvNZtntdvl8Pvl8vkbbU1JSZLVaT9jOyfY51bCxqKhIn3zyiZYtW9bqoz/rud1uVVdXy2q1HveVc5vNJqvV2uR1cTgcQYXdwfJ4PCorK1NlZaUee+yxZh3TnD7+ULD9OpXjWuO5PFaw97J+QTCLxdLkcZGRkU0+uykpKcrOztbq1au1Z88e9evXT36/P7AA24gRI5p9vQEAAAAAp2b/t99qx7x5GnLbbTKYTIqMi9O4J56QJSZGK59+utH+Q26/XWP+8AdFHv2Z1e/zaffnn2vXZ5+1d+kIQ4Sr6HR2796tP/3pT6qoqND48eM1ZsyYQNhcUFCgmTNnhrjC0IqKitKUKVOUcnR1w6b8cH5YtC6z2axzzz1XK1euVE5OjrKzs1VeXq41a9YoMzNT2dnZoS4RAAAAADq1nFmzlD5mjFLOOkuSZI2P13lPPKEzb75Zhd99p4MbNih50CCljRypxKwsGY4dAOP3y2y3y+JwqNbpDFEPEC4IV3FCZrM5MJrw2NeXj1VTU6OSkhKZzWZZLJb2LK8Rj8ejDz74QOXl5brnnnt09tlnN9heP9KwNdjtdtlsNlVXV8t7nEmsKyoqVFlZKavVKqMxtLNwmM1mxcTEaP/+/erTp0+zFsqqH615oj6GQms/l8Hey/oaamtr5fV6G4029Xq9qq2tbfJ89QtbrVmzRpdddpm2bdum/fv367LLLmtyigEAAAAAQOsp2bZNX/z617ropZeU2K+fJMlgMimpf38lHV3/5XgMJpP6XnmlJOnTadMIWE9zzLmKk+p39DeZdevWNRk8lZeXKz8/X0lJScedr7K9uN1u5efnKzExUb179260vbS0VJWVla3SVmJiorp27ar8/HwVFhY22u73+7V161b5fD716tUr6DljW0tkZKQyMjJUVVWl77//vlnHJCYmKiUl5bh9DKXWfC6DvZcpKSlKTExUfn5+k89VVVWVCo5ZhfJY9Qtb7d+/Xzt37tSaNWsUGRmpUaNGNTmHLAAAAACgdeUvXqwPrrlGexYtkq+u7oT7+urqdGjzZtVVV0v6T8D6ozlzZGGAzGmNcBUnNWDAAPXp00fLly/XunXrGmzzer369NNPdfDgQY0ePbrRSu/trX50psvlUmlpaYNtlZWV+uSTT5qcf7N+2oDt27c3e4SmzWbTBRdcoKqqKr3//vuNRlDu2bNHixYtUlJSkkaMGBFkj1rXmDFj5HA49Omnn2rnzp1N7lNTUyO/3y9Jio6O1siRI1VZWdlkH/1+f2Df9taaz2Ww9zIpKUlZWVnKy8vT8uXLG1wLv9+v9evXa/fu3cdtd/jw4YqNjdWiRYu0bds29e7dW+np6adyGQAAAAAALXDo++/1zoUX6v3LLtPuBQtUdfiw/EdzAb/Xq6rDh7V7wQJ9eN11+tuZZ2rD3/5GwIoGmBagA/F4PNqxY4eWL18uSdq1a5dWr16tfv36KTo6us3adTgcuuaaazRr1iz9+c9/1pgxYzRs2DBVVVVp4cKF2rFjh/r06aOLLroo5CPuoqKilJ2drS1btuiFF17QlVdeqbi4OO3atUsLFy5UVlZWk6u3d+vWTWlpafrmm28UHR2twYMHq6ysTIMHDz5hMDdq1Cjl5ORo5cqVmj59uiZOnKiUlBRt3rxZixcvVk1NjaZOnaq0tLS27HazZWRk6LrrrtP//u//6qGHHtKgQYM0evRoRUREaNeuXfr+++8VHx+ve++9V5GRkTIYDBo/frw2bNignJwcTZ8+XaNGjVJaWpp27typdevW6ec//7nOOjpHTXtq7ecymHtpNpt1xRVXaMuWLXrjjTe0Y8eOQPi6fPly7dy5U127dj3u6NXU1FQNGjRIS5YskSRddtllx12gCwAAAADQdnbPn6/d8+efdL+Fd90lSRr0858rwmoNBKyeykp9cvPNbV0mwhDhagfy/fff6/HHHw983rlzp55++mlNmzZNkyZNatO2hw4dqieffFKvvfaali1bFgiDIiMjdcUVV+jHP/5xWIRCBoNBP/7xj+Xz+TRv3jy98sorko7Uefnll+vSSy/VK6+8ouqjf8tULykpSb/4xS/0/PPPa/78+Zo/f75iY2PVt2/fE4arUVFR+tWvfqUvvvhC7733nt54443Atp49e2ratGnKysoKeehcz2Aw6KKLLlJmZqbmzJmjtWvXau3atYHt8fHxGjt2rCIi/vNbQ2xsrB544AHNnTtXn3/+uebOndtgf5vN1q59OFZrPpfB3suePXvqwQcf1Msvv6xly5Zp2bJlko4E2ffcc4+WLl163HDVZDJpxIgRWrZsmWJjY5WVlRXMZQAAAAAAtKOmAtbMCROUOX688r78MsTVob0Z/KF6p7eTy8nJ0eDBgxstcNMZ1NTUqLq6WkajUXa7PWyCwx/yeDxyu90yGAyKjo5u1r3w+/1yuVzy+Xyy2WynNE/qscdarVZFRka2pPx2UX8vJclisZw0iDy2jyaTSdHR0WFz/1vzuQz2XlZVVam2trbBtXz11Ve1ePFiPfTQQ4F5Yo+1efNmPfHEExo7dqxuueWWTvl7BgAAAAC0hNfr1Z8jwm984IUvvBAIWItWr9bb48e36uJW/01k1+oqKipa/Zzh92Qi7EVGRnaI4NBsNis2NvaUjjEYDEGv1N6SY0PlVO9lOPexNZ/LYPsZFRXVIKCurq5WcXGxrFZrkyN8vV6vli1bJq/Xq6FDhxKsAgAAAEAHsvCuu7Rt7lzZUlJU8PXXrRqsouMgXAWAFvB6vccNRTdv3qytW7cqPT29yekl8vPztWrVKvXq1avJUa0AAAAAgPDGNAAgXAWAFli4cKGWL1+uc845RxkZGeratavcbre+/fZbffzxx/J4PLr44otlt9vl9XpVVFQku92unTt36u9//7tqa2t19dVXh+2IYAAAAAAAcHyEqwDQAg6HQ3v27FFubm6T22699Vadd955kqS6ujr9/e9/DywiZjKZNHXqVA0dOrRdawYAAAAAAK2DcBUAWuDcc8/V6NGjVV5err1796qurk6SlJaWpi5dujSYMsBisehnP/uZCgoKFBERoZ49eyomJiZUpQMAAAAAgBYiXAWAFjKZTEpISFBCQsIJ9zMYDOrSpYu6dOnSTpUBAAAAAIC2ZAx1AQAAAAAAAADQERGuAgAAAAAAAEAQCFcBAAAAAAAAIAiEqwAAAAAAAAAQBMJVAAAAAAAAAAhCRKgL6Iy8Xm+oSwAAAAAAAEAHZbHbQ11CAz6fT263WzU1NaqurlZdXZ08Ho98Pp/8fr8kyWAwyGg0ymw2KyIiQlarVZGRkbLZbDIaO+/4TsLVNmAymRQRERF4uAAAAAAAAIDmioyLC3UJ8ng8cjqdcrlccrvdJ93f7/fL5/Oprq5OkuR0OgPbbDab7Ha7HA6HzGZzm9UcCoSrbcRms6miokLx8fEyGAyhLgcAAAAAAAAdRLdzzglZ2y6XS2VlZXK5XK12TrfbLbfbreLiYtntdsXFxckeZqNzg0W42kbi4uJUUlKi+Pj4UJcCAAAAAACADiTj/PPbvU2Xy6WSkpJmjVJtaTsul0s2m00JCQkdPmQlXG0jycnJOnz4sA4fPqykpKRQlwMAAAAAAIAOoNekSep58cXt1p7H41FxcXGD1/jbQ/1oVofDoZSUlA47XQDhahtKT0/Xzp07JYmAFQAAAAAAACeUMniwRt53n+J69WqX9srKylRcXCyfz9cu7TXF6XSqsrJSKSkpiguDuWZPFeFqG7Lb7erdu7cKCgpUVlam5ORkxcTEMAcrAAAAAAAAGug1aZKG3H67MidMaJf2Dhw4oNLS0nZp62R8Pp+KiopUU1OjLl26hLqcU2Lws6R9uzh48KDKysrkdruVnJyswsLCUJcEAAAAAADQISwaPjzUJbQJR3q6UgYPVu8f/Uj9r79eke0wctPn82nfvn2qrKxs87aCER0drW7dusloNLb6uSsqKlr9nISrAAAAAAAAwGnA6/WqoKBAVVVVoS7lhKKiopSeni6TydSq522LcLX1I2AAAAAAAAAAYcXn83WIYFWSqqqqVFBQENK5YJuLcBUAAAAAAADo5Pbt29chgtV6VVVV2rdvX6jLOCnCVQAAAAAAAKATO3DgQNjOsXoilZWVOnDgQKjLOCHCVQAAAAAAAKCTKisrU2lpaajLCFppaanKyspCXcZxEa4CAAAAAAAAnZDH41FxcXGoy2ix4uJieTyeUJfRJMJVAAAAAAAAoBMqLi7uEItCnYzP5wvbkJhwFQAAAAAAAOhkXC6XnE5nqMtoNU6nUy6XK9RlNEK4CgAAAAAAAHQyJSUloS6h1YVjnwhXAQAAAAAAgE7E5XLJ7XaHuoxW53a7w270KuEqAAAAAAAA0ImUlZWFuoQ2E259iwh1AQAAAAAAAABah8fjadHoTrPZrOTkZNlsNhmNrTsus66uTqWlpSotLQ36HC6XSx6PR2azuRUrCx7hKgAAAAAAANBJtHQRq8TERMXExLRSNQ1ZLBYlJSXJ6/WqoqIi6PM4nU4lJCS0YmXBI1wFAAAAAAAAOomWzklqsVjk9/t1+PBhHTp0qJWqOiIjI0NRUVGyWCwtOo/L5QqbcJU5VwEAAAAAAIBOwOfzdcqFrH7I7XbL5/OFugxJhKsAAAAAAABAp3A6BKv1wqWvhKsAAAAAAABAJ1BTUxPqEtpNuPSVcBUAAAAAAADoBKqrq0NdQrsJl74SrgIAAAAAAACdQF1dXahLaDfh0teIUBfQWe3atSvUJQAAAAAAAKCDiY+Pb/DvU+HxeFq7nLAVLn0lXG0j8fHxQf0iAAAAAAAAwOmrtLQ06GN9Pl8rVhLewqWvTAsAAAAAAAAAdAJ+vz/UJbSbcOkr4SoAAAAAAAAABIFwFQAAAAAAAOgEDAZDqEtoN+HSV+ZcBQAAAAAAADoBo9HYanORxsbGym63t8q56lksllY7l9EYHmNGCVcBAAAAAACATsBsNquurq7F5zEYDDKbzTKbza1QVUOtNVdqW9QWjPCIeAEAAAAAAAC0SETE6TOOMlz6SrgKAAAAAAAAdAJWqzXUJbSbcOkr4SoAAAAAAADQCURGRrb4HJWVla02b2tTPB6PKisrW3ye1uhrawiP8bMAAAAAAAAAWsRms7X4HIcPH1Ztbe0JF7OKioo67uJUbrdbHo+nyW1er1dlZWWqra1tcZ2t0dfWQLgaBkpLS0NdAhAS8fHxoS4BAAAAAIBOw2g0ymazye12t+g8TqdTTqezyW0Wi0Xp6elNbvP7/aqrq1NhYWGL2j8Zm80mozE8XsgnXA0T4RIy1Qe94VLPsUpLS8OyLonagsFfKgAAAAAA0PrsdnuLw9UTiYuLk9lsbnKbwWBQVFSUoqKiVFVV1WY1nGhUbXsjXAUAAAAAAAA6CYfDoeLi4jY7f01Njaqrq2UwGJrc7vF45PV626x96UgfwwXhKgAAAAAAANBJmM1m2e12uVyuNjl/eXm5ysvL2+TczWG32487cjYUwmNyAgAAAAAAAACtIi4uLtQltJlw6xvhKgAAAAAAANCJ2O122Wy2UJfR6mw2W1jNtyoRrgIAAAAAAACdTkJCQqhLaHXh2CfCVQAAAAAAAKCTsdvtYbXwU0s5HI6wG7UqEa4CAAAAAAAAnVJKSoqMxo4f/xmNRqWkpIS6jCZ1/KsLAAAAAAAAoBGz2Ry2oeSpSElJkdlsDnUZTSJcBQAAAAAAADqpuLg4xcfHh7qMoMXHxysuLi7UZRxXRKgLQOuoqqrSl19+qfLycl188cVKTEwMWS01FRXaPX++dn36qeqqq9Vj4kSdceWVigphTfWc+/Zp57x5yl+8WJLCqrZjVR0+rC1vvy1fXZ36TZmi6NTUkNThra1V7v/9nyry85vcnnzmmep96aXtXBUAAAAAADgVXbp0UW1trSorK0NdyimJjo5Wly5dQl3GCRGudnB+v1+5ubmaPXu29u/fL4fDoXPPPTdk4WpJbq4++/nPVbxhg1IGD5YkfXHvvcp5/nld9PLL6nb22SGpS36/trzzjhbceackKeWss+Srq9MX996r9a++qh/NmaPEfv1CU9sP+f3a/Oab+uLXv1bKWWep16RJIQtXa51ObXrjDe2eP7/J7WMffZRwFQAAAACADqBbt27au3evqqqqQl1Ks0RFRalbt26hLuOkCFc7sKqqKr355pv64osvlJ2drdjYWBUUFISsnurSUi17+GFFxsVp2rp1iuvVS5JUkZ+vRb/6lb7905806dVXZQvBXB9FOTla/Lvfqd+UKRrzhz/IlpwsSTq8ZYsW3Hmnvv7973XxK6/IGgbD5A9u3Kh1r7wie1paqEtRdWmpqg4d0sWzZ2vwL38Z6nIAAAAAAECQjEaj0tPTVVBQEPYBa1RUlNLT0zvEYlzhXyGOa9u2bVq+fLmmTp2qhx9+WOnp6SGtpyQ3V7s+/1zD77knEKxKUkxGhkb+9rfa/+23Ktu1KyS17Vm4UPbUVI26//5AsCpJif36aeDUqTqwbp2ce/eGpLZjeSorlfPCC0obMUJnz5gR6nJU53arpqJCkWE8twkAAAAAAGgek8mk7t27Kzo6OtSlHFd0dLS6d+8uk8kU6lKahZGrHVhKSoqeeuqpsJp7Ysz/+39KGjCg0fdRiYmK7tJF7uLiEFQljX7wQY1+8MEmt1nj4lRZVCSP293OVTW24+OPlb94sS7/5z9Vkpsb6nJU43SqdPt2OUIc3AMAAAAAgNZhNBrVvXt3HThwQKWlpaEup4H4+Piwyrmag3C1A0sLg9fGj9V19Gh1HT26yW2Hv/9eVYcOyR5mc2X46uq0f+VKdR01SjGZmSGtpXT7dq1+7jkNvfNOpQ4bFhbhasWePUoeOFCRMTEqXr9eB9auVXRqqlKHDg3J9A4AAAAAAKB1dOnSRZGRkSouLpbP5wtpLUajUSkpKYrrgG/OEq6izVUWFWnD66+rz+WXK6l//1CXo7qqKnncbrkKC7Xx9deVO3euJsycKXuIFo2SJG9NzZF5Vrt2Vf8bbpAMhpDVcqzK4mKV79mjuVde2WBKB2tCgsb98Y8665ZbZIzgtxEAAAAAADqiuLg4RUdHq7i4WE6nMyQ1OBwOpaSkyGw2h6T9liIVQZvyVFZq+WOPqerQIV3wzDOKiIoKdUnaNneuPv7JTyRJqcOG6ZK//lU9Jk4MaaCZv2SJtr7/vn70+usN5oQNtdgePdT70kvV57/+Sz0uvFCRsbEq37NHKx5/XAvuuEMWh0MDbrwxbMJgAAAAAABwasxms7p16yaXy6WSkhK522naRJvNpoSEBNnt9nZpr60QrqLN+OrqlPPCC9r5ySe67I03lNivX6hLkiSljxmj67/6Sj6PR/mLF+uj66/XmTfdpHGPPy5zCCZ0riwqUs6sWRpw443qPm5cu7d/In2vukp9r7qqwXcJfftq4vPPS5I2vfGGMidMkD3MpqgAAAAAAACnxm63y263y+VyqaysTC6Xq83aiYuL6/Chaj3CVbQJX12dvnv2Wa14/HFdPHt2WIWGMZmZgflVe0ycqIwLLtAnP/2pkgcO1KCf/7xda/F7vdr0j3+opqysQ71iHxkTo54XXaT5t9+uirw8wlUAAAAAADqJ+pDV4/HI6XTK5XK1eDSrzWaT3W6Xw+HosK//H0/HSHLQsfj92vruu1o1c6Yueukl9ZsyJXxfGzcYlDZihLqde66K1qxR/xtvVITV2m7NH9y4UWtefFHJAwZoyzvvNNh2aNMmjlI3/AAAIABJREFUuYuLteH112VPS1O/KVMUHcJ5YX8opkcP1Tqd8nm9oS4FAAAAAAC0MrPZrISEBCUkJMjn88ntdqumpkbV1dWqq6uTx+ORz+eT3++XJBkMBhmNRpnNZkVERMhqtSoyMlI2m01GozHEvWk7hKtoXX6/vn/7bc2/7TadPWOG+k2ZIkOIfwHVulza/OabioyNVdbVV8tksYS0nmPVVlaqIi9PFXl52vnpp03us/Lpp5Vy1lnqNWlSu4arnspKff/Pf8pstzd53Q5t2qT4M85QpMPRbjUBAAAAAID2ZzQaAyNa0RDhKlrV3qVLtWT6dJ09Y4ZG3ndfWLzmbrJYVLptm/K+/FJdBg9uOPer36/CVau0b/lyjX3ssXYdtSpJ6eeeq/8++jc8P/T9W29p5TPP6Ip33lFCVla71iVJEVarKvbu1Y6PPmp03ZwFBdrx8cdKP/dcxfXu3e61AQAAAAAAhIPQJ1/oNAqWL9e8m2+WyWKRx+XSd88+22if5DPPVO9LL23XukwWi8665Rbt++Ybzb3qKg2cNk1pw4fL7/Np5yefaNM//qGeF16oPpdf3q51hTuDyaT+11+vPQsWaO5VV2nEvfcqIStLFXl5WvPii6qpqNDoBx8MySJgAAAAAAAA4YBwFa2mYs8eVeTlSZK++eMfm9xn7KOPtnu4KkmJ/frp8n/9S8sffVQrHn9ctU6npCOLW53z0EMafOuthIRNOPa6ffXb3wauW9+rrtIljzyilMGDQ1whAAAAAABA6Bj8/uO8k4wWKS0tVXx8fKvv29ZKS0slKWzqOVZrXSdvba1qnU4ZjEZZHI5WmbognO7hD7VWbXVVVfK43TJFRsrSCnOshPM1AwAAAAAgVMI5m+noKioqWv2cjFzFacdksSgqMTHUZXQ4EVFRioiKCnUZAAAAAAAAYSO0y7gDAAAAAAAAQAdFuAoAAAAAAAAAQSBcBQAAAAAAAIAgEK4CAAAAAAAAQBAIVwEAAAAAAAAgCISrAAAAAAAAABAEwlUAAAAAAAAACALhKgAAAAAAAAAEgXAVAAAAAAAAAIIQEeoCcERpaWmoS2gg3OqpF651SdQGAAAAAABwumHkKgAAAAAAAAAEgZGrYSA+Pj7UJQAAAAAAAAA4RYxcBQAAAAAAAIAgEK4CAAAAAAAAQBAIVwEAAAAAAAAgCISrAAAAAAAAABAEwlUAAAAAAAAACALhKgAAAAAAAAAEgXAVAAAAAAAAAIJAuAoAAAAAAAAAQSBcBQAAAAAAAIAgRIS6gM6stLQ01CUAAAAAAAAAaCOEq23IZrOFugQAAAAACBm3283PRWg2nhfgCLfbHeoScAqYFgAAAAAAAAAAgkC4CgAAAAAAAABBIFwFAAAAAAAAgCAQrgIAAAAAAABAEAhXAQAAAAAAACAIhKsAAAAAAAAAEATCVQAAAAAAAAAIAuEqAAAAAAAAAASBcBUAAAAAAAAAgkC4CgAAAAAAAABBIFwFAAAAAAAAgCAQrgIAAAAAAABAEAhXAQAAAAAAACAIhKsAAAAAAAAAEATC1Q7M7/OpprRU3traUJcCAAAAAAAAnHYiQl0ApLIdO7Tjgw+ata8pMlJ9r7tOtqQkrfnLX7Rs+nSdcfXVmvjCC4qMjz/p8bs/+0yHN2+Wo3t39bnqKpkslpaWDwAAAACtzlNZqYKlS1WwbJkObdiguN691fXcc5U5caKsCQmhLg8h5q2t1Y5//1vOvXubtX/igAHqOWlSG1cF4HREuBoG3AcP6uuHHmrWvsmDBqnHxRcrMjZWFXl5kqSa0lLV1dQo8ug+9QGqJTZW/a6/Xma7PXB88dq1WvHooxr4i1+o9+WXt3ZXAAAAAKBl/H7tWbhQS+6/X6XbtgW+zlu0SOtfeUXWhASNe/ppZU+ZImNEcD/SelwubXn7bdWWlxO6dVB+r1cFy5Zp42uvNWv/sx95hPsMoE0QroYBW3Kyxvzxj4HPPo9HexYs0P4VK9TzkkvUbcyYwDZTZKQssbGKsFo1+uGH1WX4cKWNGqXo1NTAPvUBauaFF6rv1VfL3K69AQAAAIDgbZ87V1/cfbeqS0pkcTjU/YIL1GXYMLn27dOezz9XRX6+Ft97r4wREcqePFkyGE65DW9trXZ+9JHyFi4kdOugDCaT0seOVWyPHoHvnPv2af3LLys6NVX9brxR1mPe7kwcMCAUZQI4DRCuhoG4Pn00/P77A5/rqqrk3LdP+1esUOrIkQ22HSsqKUn9b7qpvcoEAAAAgDZVkZentS+8oOqSEmVOnKjznn1WCVlZge2VBw7o6wcf1JZ//lM5M2eqy9Chiu/bN4QVI1RMFouyJk9u8N3+FSu0/uWXZUtJ0YCbb+bZANAuWNCqA1v5xBN6zmrVF3fdpbqqKpVu26a3Ro7UikcflSTlLVyo2V276q2RIxu8TnM8pdu2adEdd2h21656zmrVG4MGadUzz6jq0KG27goAAAAAKG/hQu1fsULRqaka+bvfNQhWJSm6SxcNu/deJWRn6+CGDSpYujSwze/zae+SJfr4uuv0UnJy4GeaFY8+2uBnmq1vv63ZXbsqb+FCSdKKRx9t8HNVvcrCQi1/5BG93revnrNa9Xrfvlr6wAOB6dka8PtVvHat5k2erOesVs3u2lXf/P73cu3bpy/uukvPWa1a+cQTDQ7x1dVpz/z5+r9Jk/Sc1arnrFb9a+xY5b7zjrw1NQ32PfZnv0MbNwba2fr226p1OjX/Zz9rsg+SVLRqlV7t0UPPWa3aNW/eqd2QTiT/iy/0nNWql5KTtX/FigbbvDU1WnzffXrOatUnN9ygmvLywM/Xz1mt2r9ihfYuXqz3JkwIPAtrZs2Sp7KyUTtN3df/mzRJO/7970b3FUDnQLgKSVLBsmX692WXadPrr6u6pETSkbB1+cMPa9Htt8tdXBziCgEAAAB0ZrVOp/Z/840kKfPCC5UyZEiT+8X37asL//pXXbNgwX+mUPP7lfvuu/r4mmu086OPVOt0SjryM83KJ57QJzfcoIr8/GbXUrJ1qz6+7jqtevrpwHEV+flaM2uWPv3JT1SydWuD/Qu+/lrzJk/Wjg8/lCRVl5Tou6ee0orHHlNtRUWj8/vq6rTmuef0wRVXaO9XXwW+L1q1Sp/dfLOWPvBAk8Gd+8ABLXvwwUA7kmRxOJQ+bpwk6dCmTXIfPNjgmP0rVqiyqEjp48apy7Bhzb4GnU3igAHKGD9etU6nilatarCt8sABHcjJkSRljB+vyNjYBtv3LVumhbfeqn3Ll0s68iwsfeABfT19eoP7dLz7uverrzTv+uu19vnn5aura6suAggRwtVOJL5vX9343Xc6+5FHJB35H5Lb9u/Xjd99d8LXISry8vTNI4+oIj9fI377W91eWKhfV1dr2pYt6jlpknZ+/LHWz54tv9fbXl0BAAAAcJrxeTyBYDC2Z0+Zo6Ob3M8UGam0kSOVPm6cErKzJUml27crZ+ZM1TqdOu+ZZ3R3ebl+XV2tn6xereRBg1SwdKnyFiyQJGVff71u279fmRdeKOnIQke/rq7WhBdeUERUlGpKS7XiscdUtGqV+t1wg36xc6d+XV2tXxYU6Myf/UxFq1Zp9bPPBkK1yqIifffkk6rIz1fqiBGavGSJ7q6o0M0bNsh94IBy3323UR92f/aZvnvqKVkcDk186SXdVVqqX7lc+tGbbyomI0PrX3lFm+bMkfz+Bsft/PhjGS0WXbtokX5ZUBDoQ+rIkUrIzlbht9/q0IYNgf1rnU4dXLdOktRtzBjZUlKCvj8dnS05WWmjR0uSCr/9VjXl5YFtZdu3q/Dbb5WQna2u55zT6NhVzzyjkb/7ne48fFi3FxZq9NEFqde/8oq2vfdeYL/6+xqTkaEfvfmmfuVy6R63W1f8+9+KycjQd089pX3LlrVxTwG0N8JVaP8332j/ihXqc8UVGv6b3yjy6KTfsT17atT06YpOTVX+l1/KuW9fiCsFAAAA0FlVHTok94EDko78LHIq4vv21ZSvv9bthYU66/bbZYqMlCTF9e6t1JEjJanZb+Md3rpVeQsWKHXECJ39yCOyd+sm6ciaFyMfeECpI0Yob+FClebmHtl/82blf/mlLA6Hzv7975U2apRMFovi+/bVuY8+GgiA69VVVWnP/PmqdTrV58orlTV5siKiomSMiNAZV12lfj/5iSQpb8ECVR19q7Be6ogRumDmTHUbM0ZRSUmKSkoKXK/6UbyF330XGBhTsWePCr/77sjo1rFjZTCZTum6diYGk0mZF14oi8Ohgxs2yHl0RLLf69XeJUskHbm+MZmZjY4dfMcd6v/Tn8ocHa3I+HgN/dWv1O/GGyVJBUuXqtbpbHBfB995p/pefbWMEREyGI3qecklGnznnap1OrX7s8/kra1tv44DaHMsaHWa83u9OrxliyTJZLWqeN26Bn/guvbtk9lu1+HNm1VZVKSYjIxQlQoAAACgE7M4HIqMi5OkJl+JPxmTxSKD0Sj3gQMq37NHzr17Vbx2rbbPnXtK5zm8ebNqnU6Z7XaVbN3aYDqB+ukGKouKVLZzp1KGDlX57t2Sjrx2/sM3Bh0ZGUrs37/BNAI1ZWWBNTHSRo1qMELXYDKp27nnSpLKdu1S5f79ikpMDGxPOvPMJkefRkRFKXPiRG187TUdWL1a7oMHFZ2aqkObNqlsxw71uOgiJQ0adErXoTNKzM5Wxvjx2vHhhzqQk6OkgQNVXVYWGN2bMX58kyOmU0eMkDHiP/GJJSZGyWedpS1vvSVnQYE8LpckBe6rr65OBT8YoRqYqmL7dtVVVspksbRJHwG0P8LV05y3tjYwx2ruO+8o9513jrsv0wIAAAAAaCsRVmsg2KrIz5ff6232SEtfXZ22z52rVU8/rUObNgW+tzgcirBaT6mO+hGue7/6qsG8mU21eez+FodDFru9wT4mi0XWhIQG39U6naopK5OkJoO8CJtNklS2Y4dqj4Z29Qwmk2QwNFlPyuDBSh0xQkWrVql8925FxsYG5gjNmDBBUT+o43QUGRenruecox0ffqii1auVNXmySrdt0/4VK5Q6YoS6nn12k8dZjwm469mSkyUdCcvrg9P6+/r1jBnHrcFXVyf/D6Z7ANCxEa6e5gwmk8xH//AecvfdGvHAAzIe539gzD/4HwUAAAD8f/buO76J8o8D+CdpOtO9956U7l3asvfeGxQF5QeIggq4cKG4UEFEREWQIUORPWUVCp10WAqlu4wWunfaJP39UXI2TdImaQpVv+/Xiz9oLnfP3T3P3XPfPPd9CCGqoqGvD1MfH+SfPImS+HjUl5ZC19paYrmmigrErlmDunv34DJuHHwXLcK92Fj8uWQJAMBv8WK4TZwIY09PqGlq4sqbbyLjhx/kLofoucdt8mTErF8vM/crR1sbAJiRpAIeT2I2+PaDWUTUtLSYAGqrUCixXtGgFq6lJTiP0xvIg2ttDeuICJQkJuLuxYvgWlriUVoauJaWbXlEZQRl/1NYLNhGR4NraYmShATUFhejJCEBzbW1sAwNBdfKSurX+A0NEn8Tja7WNDSEhp4eBC0tzHkdvWcP7AYMkFEEFjQ6TJhFCPlno5yr/3GiXEAAUFtUBDUOB1rGxsw/DX19qGlqQsvYmF5bIIQQQgghhPQYlpoa7AcOhIaeHoovXcKtPXskZ1ZvbUXB6dPI3LEDD+LjYeTmBgC4f+0ammtr4T5lCqLXrYNtTAx0zM3BYrOlBsY6Y+rtDaDt+ahVIBB7PtI0NARbXR1aRkZMcFWUH/bhjRsoy8wUW1dtURHKb94U+5uWkREMnZ0BAKUpKeIB2dZWZtZ6I3d3mcE+adQ0NGAbEwMAeJSRgXtXrqAkMRHWkZGdTnD8X2Pg4gLryEg8Sk/Hg/h4PIiPBwDYDxzI5Ort6N7Vq2JvcrbU1zPf0zY1BUdHR+y81hYXQ8vISKzucLS1oa6rC00jI7DYFIoh5N+EWvS/kCgXTENpKeru32/7NbST1w6sIyNh7OmJovPnkXP4MHNzF/B4SN6wAZtNTLBvwACxXEOEEEIIIYQQompW4eHMhE5X3noLZ194AWUZGWiqqEBVbi6uffABzr/0EgDAa9YsZrIq0TMQv6kJgpaWtpW1tqIkMRFF589LbIfFYjHfqS0uRnNtLRM8M/H2hv2gQShJTMTNXbuYEYqtQiFu79uHH5ydsc3JCQ9TUgAApr6+cB4zBs21tbjyxhsoOHMGTRUVKElMROyaNWL5VoG29AGiIOid335D7pEjzDNb8aVLSN28GQDgMGSI1PyqnbEICoJtTAzux8Uh8bPPALTlEdWkkZIMTQMD2A8aBABI/Owz3I+Lg21MDCyCgmR+J2vXLhScOYNWoRACHg/ZBw4g548/AAC20dHQNDAQO6/ZBw+2BckfP4fX3b+Pk/PmYZO+Pi6//jpNaEXIvwylBfgXsgwJYWZA3BUcDMdhwzB8+3axROjtmXh5IXT1apxftgxnX3wRSRs2QN/eHjVFRajMzoaGnh78XnwR+nZ2T3hPCCGEEEIIIf8lHG1thL/5Jpqrq5G1Zw+ydu9G1u7dEsu5jB2LsDffZF7Zt46MBNfSErf27kVVTg5soqNR/tdfqC4ogJaxMepLSsS+r6GvD/OAAOSfPIm/tm/HX9u3I3LtWoSuXg2upSVC16xBVU4Orn/4IW7u3AlDV1c0VVTg4eOJj0JXrWImiNIxM0PQyy+jMjsbj9LT8ce4ccx2QlevBtfKCjd/+UVs++5Tp+LhjRtI27oVJ+bOhfkXX0BNQwMPEhKY/fN+5hm5c86K6JibwyYqCncvX0Z9SQmMPT3bUgIQMaIBRqLAd98FCzoNZHvMmIFzixdL1COXsWPhNnky8//253VvVBSsQkPB0dbGo8c/EFiGhKDvggX0Vigh/zI0cvVfyCY6GgO+/BL69vYA/p5lUiYWCx7TpmHMvn2w6dcPldnZKDx3DpXZ2bDp1w9j9u2Dx7RplKOHEEIIIYQQ0uO0TU0xZMsWjNyxA5YhIWKfmfbti0EbN2LEzz+LBcOsIyMxYMMGGLm7oyQxEckbNqCxogKDNm6UGlxkqakhYNky+P/vf9DQ0wPQNou7aAIp26gojNm3D67jx6OmqAhF58/jYWoqTPv2xcgdOxCwbJnY7PE2UVGYdPw4IteuhcOQIXAZNw5j9u5F0MsvS33VXJ3LRdRHHyHm00+hb2+Ph6mpeJCQAC1jY4SuWoUhW7YoPGpVtF+20dHMPlmGhEDfwUHh9fzb6Ts4MHVLQ08PttHRnQayHYYORcwnnzDpFTT09NB3wQIM+uYbsfPU8bw+SEhA8aVLELa0wHvePIzatQvGnp49u3OEkCeO1UrT1PWIyspK6DxOZv20tAqFaK6ubkuY/jgfUNdfagWvpoaZmVNTX5+CqoQQQgghhBClNDQ0dPu5qKWuDoLmZrmeT4R8Ploez9yuYWAgV25LQXMz+PX1UNfTEwuYSmz/8UREiuTL5Dc04OLKlfhr+3ZEvPMOwt54Q2aZW1tboa6r2+1RjWUZGTg2cyaqcnIwYvt2eM6c2a31PUmqqC/yaBUIEPfee0j89FOZb3pWZmfjxJw5eJSejmkXLsA6IgKC5ma01NWBo63d5TN2+/Mqz/KEtNfwOFe0kZHRUy7Jv09NTY3K10lpAf7FWGw2NBVtiCwW5eMhhBBCCCGE9BrqurpQl3NZNoej8DOQmoZGpwHNrrZfX1qKzJ9+wr2rVxG0YgXsBw5kAsAVt2/j/rVrAP6e+EoVZZZG0NwMtLYi9+hRVOXkwDIkBNYREd1e77+JKK9ueVYWCk6dAgDYDx4MbWNjub6vpqEBNTmXVdV5JYT0fhRcJYQQQgghhBBClKSpr4/6hw9ReO4cHsTHw27gQFgEBaHy9m3knzqFpooKuIwdC/vBg3usDC319bjw8stiuV09pk+nlAAd3L18GUenTUPz49HN1hERcJ0wgd7WJIR0CwVXCSGEEEIIIYQQJXG0tRH14YcwcHJCwvr1yD1yBLlHjgAAk0M1YNkyaJua9lgZ6ktKUJaZCQDQt7dH8Kuvwnv+fAoattfaitLkZCaw6jp+PCLff58C0ISQbqOcqz2kN+RcJYQQQgghhJCn6Unl0OwtBM3N4FVVobaoCHr29tDQ06Ncmwr4r9UXQmShnKs9pydyrrLcfCMouEoIIYQQQgghhBBCCPlXS4o9pfJ1yj/NISGEEEIIIYQQQgghhBAGBVcJIYQQQgghhBBCCCFECRRcJYQQQgghhBBCCCGEECVQcJUQQgghhBBCCCGEEEKUQMFVQgghhBBCCCGEEEIIUQIFVwkhhBBCCCGEEEIIIUQJFFwlhBBCCCGEEEIIIYQQJVBwlRBCCCGEEEIIIYQQQpRAwVVCCCGEEEIIIYQQQghRAgVXCSGEEEIIIYQQQgghRAkUXCWEEEIIIYQQQgghhBAlUHCVEEIIIYQQQgghhBBClEDBVUIIIYQQQgghhBBCCFECBVcJIYQQQgghhBBCCCFECRRcJYQQQgghhBBCCCGEECVQcJUQQgghhBBCCCGEEEKUQMFVQgghhBBCCCGEEEIIUQIFVwkhhBBCCCGEEEIIIUQJFFwlhBBCCCGEEEIIIYQQJVBwlRBCCCGEEEIIIYQQQpRAwVVCCCGEEEIIIYQQQghRAgVXCSGEEEIIIYQQQgghRAkUXCWEEEIIIYQQQgghhBAlUHCVEEIIIYQQQgghhBBClEDBVUIIIYQQQgghhBBCCFECBVcJIYQQQgghhBBCCCFECb0uuHro1+24nXoVH7y9SuIzH28vXDj5G7LT4nDh5G/w8faSWOaTD95Cdlocdv7wzZMo7n/WunfXIDstDju+36iS5XrKogVz8PPWr5/Ktsm/kyJ1aurEsdjx/UaEhwYxfztxaDduxJ3DhDEjeqqIjPDQIMSePYzYs4fFyvAkWVqY48tP3sebr7/8VLb/NDzt6x5RDVGf46/ES1j6wgKJz0cOG4TEy6eQnRaHQ79ul7qOnT98g+y0OHzywVsKbXv5koXITLqk0jokWueJQ7uZv/2b2ueO7zciM+kSli9ZKPd3oiPD8PPWr5ESdxa3U68iOy0O6QkXcPz33Vgwb2a3y9Txet9brg3RkWHY/8s2pMWfR3ZaHG6nXkXqtT+x/5dtiI4Me6plE923ntR9UpUmjBmBG3HnkJ0WJ/Ev68YVXP3zKNa8+hK4XJ2nXVSVktXXUbQ9KuOfXF9Iz/g33dcIIf8svS64WlhUDBaLBQcHO4nP/Hy9YWxkCKFQCCNDQ3i4uUgs4+7mAqFQiNzc/CdRXNKLTRgzAouffwbm5qZPuyjkX0KROhUeGoSX/vc8nJ0cnkDJeq9li5/D6BFDoKOj/bSLQohCMjKzUPqwDBoa6rCztZb43M/HG1yuDoRCIczNTNEvIlTscx9vL9jZWKGJx0NOXsGTKrZC/svt8+3Vr2DzV+sRERaM2to6nLtwGUdPnEFBQTEc7W3x2itL8MPmL2BpYf60i6pSLz4/Hxs/Xwc/nz5obm5Bdk4e7uTmo4XPh59PH3z12Qd4du6Mp13Mf7QmHg93cvNxOzuH+ffoURmMjY0wb/Y0rF2z8mkXUWWor0N6m//yfY0Q8nRxnnYBOsrMysagAdGwsjCHo4M9CgqLmM/6eLpDQ1MThUV34WBvC28vDxz84xjzeXhoEExNjNHQ2IiMm7eeRvFJB2+++zHefPfjp10MQgh5Yui69++RdSsb/r7ecLCX/MHXy8MNfIEA5Q8fwcTEGH083XH1WgLzuZurMwwM9FFdXYOMzKwnWWypvt68DV9v3va0i9ErrFj2AqZNGg8+n4/vdu7Al998L/b5kIHReGfNSkT3C8dH772BBS+qZgTU0742ODrYY+LYkdDS1sLhY6fw+lsfMJ9xuTpY//5bGDIoBnNnTsGNtAykpmc+8TJeT0hG9NDxT3y7qlRdXYMP1m/A9YRksb+vfOlFLJg3E1GRYYiJisDlK9eeUgl73qiJs5/Idv4N9YUQRVSu2fK0i0CIUow+Xvy0i9Djet3I1Zu3slFbWwdDA314ebiKfebl4YbGxkbEXU9Ec0sLvDzdxT53dXGCvp4uyssrkZKa8SSLTQghhJB/mcys22hq4sHC3FQsFZGPtxfs7WxQXV2D+MQUaKirw9tLvE/i7uoMbS0t3LtfIhFkIU+Pv683xo4eDjabhV2/HpQIrALAuQux2LJtB2rr6hEc6IcXFsx9CiVVPX+fPjA3M0VZWTl+P3JC7LP6+gb8uGM3SkofwsLcDP2jI59SKf+9rl5PREVlFbS1tGBsaPC0i0MIIYQQFep1I1evXkvAw0dlcHd1hqe7K06eOQ8A6BcRCnMzU5SXVyI2Lh5DBsXAxtoS4aFBzEOLi6MDNDU1cf9BCTPilcvVwUuLn8eYkUNhamIMAKiprcOFS1fw3sdfoL6+odPyrHt3DaZOHIsDh45KjDY4cWg3rCws8N5Hn+OPY6cktsVisdDY1ITb2bn44ustiE9KYb5raWGOlcsXY0B0JPT1dAEAZeUVOHL8ND7ZIF++2OjIMCxb/Dy8PNygqakBHq8ZWbfvSGxr5LBBeOG5eXB1doKGhjoEAgFy8wqwY/d+HDh0VGydiizbkWikh5mZKY6fPIu16z7DG68tx9SJY3EtPgnzF73ELDt14ljMnz0NLs6OUFNTk1n2jvsoEApRUVHZ5XESnTcAcHV2QnZanFgZurOfgPz1Kjw0CJ+tewe1dXX44+hJzJs1DWamJgCAR2Xl2LlnP77/aZdC+ytaJwC89ub7Yg/ty5csxKJn5yApJY3Z1xOHdkNPVxfxiSkYOrg/tDQ1cSc3H+988ClSUtPlPhcdibZ1/0EpFi59VWyUuY+3FzZ+/iF0dXXx/sdf4OiJM3B1dsLyJQvRLyIEXJ22fGNl5RU4dvIsNm75gTlm0vZBZMf3GxHtbJCQAAAgAElEQVQc6Ifvt+/qcgTWrGmT8Nz8WbC2tgSbxcKjsnIcOnqSycnV/tjJ0x67qlPSjo26ujoAYOe2TcjJyxcbyeHs5IAzR36FnZ0t2CwWampqceTEaWzYtFXsuqSKawUAjB4+BF9+8j6TWiU3rwDbtu/C4eOnxZaTqIOP20bHZf19vbFk0QKEBPlDR0cbra2tqKmpxYXLV5k2cOLQbrg6OwFoa/MTxozo8tzJs79DB/XH+2+/DkNDA/y6/xDe+/gLAG3tcvOGjxERFowbaRl47n8rmGvQ8VPn4GBnCy9PN7DZbJn3AXnbtugcn7sQCw83Fzg52qOJx8O+g4fB5eoofd1T9Joh7ZzJfT2VcW5l4XJ18MarL2HIoBgYGhgwx+ZibBy++HoLSkofKr0P3dmeItcMUdnq6upRWHwX0ZFhYKupITklDWvWrkPx3fti3799JxeVVVVMKiLRCFQPNxcYGRriVnYOEpJTMWzIALi5uoDL1WHqiIO9LdhsNvIKCpn1Kdqe1dTU8P03nyMsJBDaWlpoaGhEQvINfLphM3Ly/k5/tGjBHMycOhGWlhZQY7PR3NyCgsIisXMrOk6FxXcxauLsTttnd/tOonXOnz0N9va20NLUBACpfSJRuY6eOANNTU0MjOkHHR1tCAQCZN26gy+/2YrYuHhmva7OTnh9xRKEBgVAR0cb1TW1ONQhUNiZIQP7w8LMFPful+C3w7K/t/fAIQzs3w8DoiMRGR6CrT/90u26LbqPiK4NqmjvirZjAFBXV4eBvp7E31PTM1F89z4szc1gqK+v1Hal9TkKi+5CS0sLhob62LTlR2zbLr5PG9a/h9EjhuD8pSvYsXs/Plv3DnS5XKZ/DUi2HWFrK0pKSrFzz0Fs/2Uvsy5525gifXZV0dHWBofDAZ/PB6+5GVyuDvb/sg3OjvbYsXs/1n+xSWz5tWtWYua0ibh89ToWLX1V5nrlPTaK9sO6apOd9XVOHNoNBztb5pqiSDtXpJ8rWrZ9fVn37hpMGDMCO/ccgJeHG4IC/Jh7Y/KNNHy1+XuxUdn+vt54/ZWl8PH2gqamBhoaGnHh8lWYmBgjyN9Hrj5ne5PGj8Zbq14Gj9eMN9/9GOcvXRH7/NCv2+Hq7IRvtv6ErT/uVPjeKs9x6YyoLbu7OkNbWwssFkvqPQNoq1vvrF6ByPAQ6OhoM8ewrLwC40YPZ56Pu7q3trTw5b73def+01W/c+7MqZg7awrsbKzF+mGbtvwgdp+RpSeeZTrrT370Gc0bQsg/Sa8LrgJA9p1ceHt5wMHelvlbH0936OnpIic3H+cvXcGiBXPRx8sdPt5efwdXXZzQ2tqKrNt3ALRdnDd98RH6hYegoaERsVevg9fcjOBAP4wfMwLmZqZYsmKNXA8J8njz9Zcxcdwo1NTU4NyFy2hpaUGAnw/8fPrgg7Wr8L/lq5GTlw9XZydsWP8ePNxdUFVdjXMXLkNTQwNBAX54Zu4MmBgbib2qJc3MqROxcvli6OlykZdfiNt3cuDl4Q4/nz74cO1qvPbme0hNz2SW4+poIyc3H9k5eXB2coCnuyveeG05LC3Msem7H8XWKc+yHcVERTCB1XPnL2Ptus9kHteXlyzCgvkzoc7h4FZ2DvLyC9HHs63sn330Dt56/xNcvnIN4aFB+HDtapibmeJWdg7u5ObD2tICfj7emD97GthsFj7+fJPUbSTfSIeRgQGi+4WjuqYGcfFJuJOT1+39BJSrV5YW5lj64nO4d+8B4hNTmO0tffE5sMBiHtqU3d+umBgbYfiQgcjMuo26ujpUVtcgJTVd7nMhzaXYOEwYOxLmZiaIigwVC65GhofA1MQEufkFOH/pClydnfDlJ+/B3c0FDx+V4Vp8ElPn582eBidHe7yy6h2VtcWlLyzAoufmtu3X7TsoLCpGoL8vnp8/C62trSivqGSWlbc9dlanOsq8eQunzl5ATFQEAODq9QQUF99jPtfS1sJz82ehrr4e5y/GwkBfH34+3pg1fTLYLDYTLFTFtQJoO/9TJo7B/QeliLueCA83F7i5OuOt1Sugrq7OpFeZOXUiVix7Afr6esjLL8TNW9lMXX17zUro6Ohg74FDcHSwx/tvrYKHuwuznIG+HoIC2tqAhqYGXn7tbfx5IRZ1dQ3w9/VGanomcvMKkNlJyhZ59/fs+UsIDvTF3JlTMWLYIMTFJ+Hs+Ut48bl5CAnyx6Oycny7bYdYfRo8MBossJB8Ix01tXUICwnA+DEjYGpqwrzyq0zbHti/H+rrG3D63EWYmhgjLSMTkeEhEvumaFuT55ohOmfy3gvkObeytA9c19TU4mJsHPh8PoID/TBu1DA4Odhh9dvrxAJ+8u6DqranCHs7G1hbWyI+6QY4HA4yb96SCKwCbXlXi+89gKWFOVxdnJi/e3t5QFNLE3kFhUhJzUB5eSXMTU0Q0y8cJ8+cB5erAycHezQ1NeHmrWwAyrVnX58+4KipIf2vLJSUliIsJAgDoiNhaW6Ol157CwWFRVi2+DksenYu+Hw+rsbFo7qmFn083eHm6ozVr76EhsYmnD1/SWLfZLVPVfSdFj47B0tfeBYcDgc3b2Ujv7AYBvp6CPTzgb+vN1atWIq5C5eKrWNATD9wdXSQlpGJsvJyBPj5wLuPB9576zWsWL0WqemZcHSwx4b178HTwxUlpQ9xMfYqLC0sMGPqBFRVVct17vt4uYPD4SAnL1/sviVN1q1s9AsPgb2djdjI5e7UbWkUae/dacepGTfx8FEZnBzt8e6bryEyPAQHDx0TS1sx7/mlEt9TdLvS+hxqbDZGjxiCQH8fsXU7OtjDx9sLTU1NuHo9UWq5RX0ID3dXVFZV4dyFyzA0MIC/rzdeXvI8OBw1bNu+S6E2Jm+fXVVioiKwaMEcGBkaIC4+iRk8kpSSChcnB/j79hVbnsvVQYC/D1pa+Ei+kS5zvYocG0X7YV21ya76OtLI085Vgc1mY8rEseCoqSE+MZm5hkWGh0BfT4+5/oSHBuHj996AtZUlSkof4kZaBhzs7TBi6EC08PlKbfv0uQuYN2sqPNxcEBocIBZcHTtqGGxtrFFWUYH4xOQev9d1NHrEELy9egUMDPSRm5uP23dyoaWlCd++feDm6ozlSxaisPguc7396tP34eXhhqrqaly9ngBDAwOEBPlDIBRKXb+0e6umhiY2b1gvV7vs7v2ns37nimUv4Nm5bRMVZmTeQvHde0w/7NN17+CLr7eIpRvsqKefZaT1Jwkh/yy9Mriak1eAJh5PLMeZt5c71DkcJnCaV1CIAL++cHV2BPD3xBF1dfXMxWjO9MkIDvTDo7JyvPHux8yDq6uzE77+/EOEBgdg8fPP4POvv+12mblcHQT6+YDXxMNnX37LXJxdnZ3w7Vcfw8jQEJHhwcjJy8fs6ZPg5uaMnLwCLH/1LeaGGRMVgY/eXYNhgwcgLSMTu/f9LnNb06eMhy5XB0dPnMGrb7zH/P3HbzfA37cvJo4bharqWjwzZzq4XB0cPX5a7KHt7dWvYObUiZg4biRi464rtGzHjk9YcCDWrFwGMzNTxF69jtXvfCjzxuLv641xo4dBjc3GDz/vxhcbv2M++/yjtRgzcihefG4eLl+5hojHOXQTU9LEOvtrXl2GmdMmwdvLU+b5+P3wcQgFgrbOSm0tXn/zfQBtnXhl91NEmXrF1dHBtfgksQ7B9998jgHRkfD3a+tQd2d/u8LhcHDlWpzYyAdFzoU0qemZuJOThwHRkQgO8MWuvQeZz4ICfKGuzsGN1AzU1zfgf4uegbubC7Lv5OKVVWuZOj9q2GC8vWYFwkODMGf6ZIUfSKVxdLDH2FGS+9X+AaQ9RdqjtDolzbkLsairb0BocAAA4NcDf4iNMFBjs5GTkyd2LN576zVMnzyeqQ+Klq0zHA4H1xOSsfjlVUz9++qzDzBy6CBMGj8aB/84xoy21NPTFbuuAH/niXtmznRcS0hGcIAv7O1skF9QhClznmfWOW/WVLy8dBHcXJzh4e6KLzZ+h3XvroG/rzfu5OZ1mWtQkf3duOVH+Pl4I9DfF3NmTAavuRkTx42CUNiK3w8fl6i3LLCw/Ze92LBpK4C/R78G+vlg9vRJ2L3vd6XaNo/XjI8++xpHT5xh/tYxuKpMW5PnmiHvveBObr7c51ZWsGnx888gNDgApQ8fiQWC/X298dm6tfDu44nZ0ycxPwzIuw+yKLM9RaipqeHgH8ew9sPPulw2NzcfoUH+Yj/4enm6o5nHw81b2SgoLML9ByWwtrJg3riJ6RcOE2MjVFRWIe3xvUSZ9qzGZuPHHXvErmPffr0eri6OmDJhDD7/+luEBAWAzWZh5579zCvuojrg5eGGAL++UoOrstrnCwvmdrvvFBEWDDU1jsQxHj5kAN5763U4ONhiUP8osXbD1dERa6P+vt748tMPYGpqgpCgAKSmZ2LKhDFwdXHEndx8sWMoqsfysLQwAwBUVFZ1uWx+QRGam1ugr68HRwc7PCorZ8qqbN2WRt723t12XFBYhJ937cOKZS/AxNgIM6dOxIwpE1BXX4/cvEKcPX8JR0+cYUbKKbtdaX2O2dMnYVD/KHi6u8LH24sJ6EZFhsLczAQlpY9wJS6BOT/tzZ01BW6uzhLnfc2ryzB35lSMHjEEe/b/Lncb++PYKbn77MqwMDfDzm2SP4YLhULExSfhjbUfMX9LSknDqOFD4GDf1iZEgbhB/aNgY22FsvJyxMkIOitybJTph3XVJrdt39VpX0caedq5KqipqYHFYuHTLzczgf+xo4bhnTUrYWdrzfwQNm3SOFhbWSI+MUWsj/Tph29j7OjhEAoECm+7vr4BaRmZ8HR3lQiaBwf6QU+Xi6SUVKSmZ+LV5f/r0XtdR/0iQqHL5SK2w2hoV2cnfLfxU1hamCMqIoy53rq7Sran9kHKjqTdW9euWSn3va+7z+6y7msxURGY8vjts/b1T5Rretjg/pg1bRJOnj0v8xm2p59lpPUnCSH/LL0u5yrwd95VUxNjhIcGgcvVgZuri1jg9OatbDQ1NcHdzQUA4OhgB319PZRXVOLy1esA2h5wNTU0cPnqdbGH1py8fMRevQ4Wi4XgQD+Vll1dnQNfnz7gcnWYbQ0bNwMhMW2vp3C5OggNCYRQIMCZPy+KddwuX7mGpJRU6OhoIyTIX+Y2BvWPgp2tNR6VlYv9wlZf34BrCcng8XhwcXLE0EExsLKywN279/Htth1i6/hl72+4d78E5mZmiIoIU2jZ9tTU1PDWqpfh7OSAa/FJXf5i1z86EhbmZigouovvftwp9tmJ03+isqoaTo72GNQ/ivm7pYUZoiP/3u7Hn2+Cb+hAzHluicztyKLsfranTL1qamrCuYuxYscm61Y2WlpaoKMtPpulKvdXpKWlBVmPR0+JKHMuOkpMTkUTjwdvL084OtgDaOsQurk6o6KyChdi4+Dj7YUAv75oamrCvt+PiNX5E2f+RHxiMrQ0NREWGqT0/rUnOsf3H5SKvfKZk5ePY6fOgcdrZv6mivaoDIFAgKvXE8W2dyM1A42NTdDlcuHoYK/SsjU0NOL0uQti9e/IsdOoqKxizvHwIQPh6GgncV0BgN8On8D9B6WwtDBDVOTfM6Lr6+th1LDBzP937jmAwMihGD1pNm5n5yh0TBTd37b8gHtRXlGJAH8fvPnacpiZmiD5RprUjm1m1m2mMw0AZ89fQnxiMnR0tBH1uL0p07bLyyskXvnrSJm2Js81Q957gTLntqN+ESFgsVg4cfpPsWOTmp6JPy/GAq2tEnVRkeueKraniKYmHjL+km+SKVHeVXs7W3C5OggPDYKNtaVY4DTr9h2w2WymT+Li5AhtbW0U33uAjMwspdvz3XsPJK5j5y9ekaiLampqcHN1YWa2r69vwIz5L8IvfDA+/XKzQsdGFX2nBS++jL4h/SWC16fPXURFZSXYLDbU2OJd0JLSh/j9yEnm/6JX1NXYbGbW5+BAP7BYLMRevS52DEX1uKd0LG936rY08qxPFe0YaEt3sHDpSpw8cx7VNbUAAD1dXfj7euO1l/+H47/vwhuvLWeWV2a70vocfxw7hXsPSmDyuG8vEhzgCy0tLWRm3ZYZFA7y94VAStu5cDkOZeUVMDI0wMDoSIXbWFd9dmU18Xi4k5uP29k5zL/iu/fR2tqKfuEh2Pj5OubV5aMnzuDuvfswNNBngpRAW13X1eXiRtpfnU6IJ8+xmTFlvFL9MHnapKJ6Yp2y5OTmi42oPn/pCsrLK8DhcKCpoSHWPz1z/pJY+9uz/3exHxkUdT0hGbW1dUzQHGjr5/j5eKOpiYcrj19B7+l7XUdvrP0IfUP6S6SZyMnLx737D8BiAWocNbGydbzebv3pF+TmF0hdf8d7q6L3vp56dh8YHQljI0OJvmB9fQMOHTmBisoq5kc/aZ7Es4w8/UlCSO/WK0euivKuOjvaw9XFCUaGBjA3NRELnKalZ6KisgqWFuYY1D8K3l4e0NHWRn5hEXNzNDMzgVAohI2VJT59nKNGxNjQAEKhECbGRnB0sO/y1bCu1Nc3ICUtAw4OdpgxZQImjh2F/IIiJKbcwN79fzAXYR9vr7Z8SMJWeLi6SJTL3MwMQqEQlhYWMrfl7OQALU1NlD58JPELcfvZgD94exU0NTTwoPShxP6JRto42NvCysoCQoFQ7mXb8/XpA00NDTQ3t+BGWkaXr0KYm5lCXV0damw21r4hfmPnqKmBzWZBS1MT1taWuJaQjAljR8LR3g4/fLsBFZVVSE3/CxcuX8X+3450uh1Z7G1tlNrP9hSpVyLNzS0oL68QW1bY2gqgLUAFoEf2V4TP5+NRh+0rci5kOXv+MqZNGieWGiAsJAimxsbIyMzC5SvXMHbUMOjr66GuvgH5BZLtLL+wGC0tLVJHqyhDdI7b514WKSq+i6amJub/qmiPymjh88VSE7SnpaUJSwszWFqYqaxstXV1yM0vFPtbfFIKqqtrYG1tCRdnR+joaENToy3X2KTxozFp/Gix5TkcNWhoaMDW2gq/HjyMouJ78PRwxYdrV+P1FUuRdfsOLly6iv2/H1bqlShlzkX79ABOjvZ4UFKK737cKXX70h4ERHXPzsYagHJtu6q6RqXXvZzctnuFPNcMee8Fy5cslPvcShMc6AcTYyPweM1M+dq7dfsOmpp4MDDQFwuayLMPqtyeIhqbmuQauQj8nXfV2MgQYcGBcHF2hIGBPlLTM5mgR1pGJurq6uHq7ARHB3u4ujiCw1FDbm737v0lUu5VObn54PGamUm2EpNvIMC3L4YMjMbAmEgUFd9D0o00HDl2Wqm8karsO4WHBiEyLBj2djZwdLCHjZUl9PX10NDQKLFsXX29xPpahUKoqanBUF8fPt5esDA3lVov2o8e7gnCVqHYa7DK1m1Z5Fmfna11t9pxe6npmVj+2lsA2s7R8MEDEBTgBydHe+jp6mLm1ImoravDpi0/KrVdaX2O+voG5hX4kCB/bNu+C44O9vD28kR9QwOuXEuQWtbw0CAYGOijubkFhYXFYp9dT0hGzLAJzHLytjF5++zKqq6uwQfrN0hcl0VzE/j29cLCZ2dj1dsfAgDiE1PERjmKgnC8Jh6Sb6TJ3I68x0bZflhXbVIZPbFOWSqrxK/x9fUNELYKocZRg5mZKQRCIfT19VBTWydxTUlNz0RVVTXMH+dAVtTJM+cxf/Z0+Pn0YVIDiEYjlz58hKvXk57IvU4WH28vRIaHwN3VGfZ2NrCxtoKRkSEzUldUtqYmHm49fmtUpL6+AQ9KStGnw8TSgOS9VdF7X089uzs42IHNZqOwqFjis/OXrqCyqgoOdrZwdnKQ+n3RIK6efJaRpz9JCOndemVwFWgbBeLp4QYXRwfYWltBV5eLpBtpzEUnIzMLpQ/L0LePJ/p4usPB3hZCoRC3Ho+WCg8Ngp6uLtTU1BARFixzO6JARneDq0Dbr4EPH5Zh/JjhsLS0gKeHKzw9XDFr2iTEJ6bgw0++gqW5GXS5XGhqamDIoBiZ69LX1+12edhqbLBYLLTKyIuj7LLtaWpooPThI5iZmWLKhDFITE7t9JUgUefb2clB5g2spaUFJsZG2LX3IF5/8wMsXjgf/r59YWJshMEDojF4QDReWfoCvv9pl1iifnkou58iitYrkSYeD5Uy8sFpamoAaOsIq3p/RYTCVtTV1on9TZFzIUtBYREyMrMwesQQJjVAZFgw2GwW81CvxmaDzWJDKBRCoMTrVYoSnWNpKquq0cTjMf9/ku2xPQFfgEePyjpdpqfLxjxkPB4tIgoAmpuZMpN+SaOnp4uCwiKsWL0WyxY/9zh/mS7CQwIRHhKIpS8+i9/+OK5wEn5l9zc+8QbGjBwGM1MTPCgplTrCp6WlBWWPX+eVhq3GVrpt89rVJ1kUaWuiByx5rhnyUuTcSsPhcNqum62t4CuQg07ZfVB2e4rg8/loaJQM8EmTkZmFouJ7CPD3gYuzI7y93KGhrs4ETgEg63YOqqprYGxsCB9vTzjY26GhsREZj3O9qbI98/l8tLa2gsPhtOWn2/IjqqpqMGPqBDg72sPp8b8pE8bg5q1srP98k9xBVlX1ncKCA7H61WXo4+nOXI+bm1tw7/4D8AUCZoKr9moej6LsiM1mQ0NTA1yuDjgcTrfrRUnpI7g6O8HYyLDLZR0c7KChoY7yiko8KCkFh9PWbVZl+5R3fd1tx7JcT0hm+m3+vt748J3VcHdzwaD+Udi05UeltiutzwH8/Qq8m6sz/H290dfbC+ZmJsgvLMbpcxcUKndHirYxefrsqsy5CrSlDBo0IBqTx4+Gn483MwFeXHwSxo0ezoxyNDQ0gL2dDe49KGEm9OoOZfthXbVJZfTEOmWR9QOaqN8jOi6yyCqrvJJS0uDb14sJmkeEBUNPl4uz5y+hoLAIlhZmPX6v68jV2QlvrXoZYSGBUFNrG6EqEAhQ8vARSkpKYW5mCuDv+7Asso5tx3urIu2yJ5/dRW8e8JV8DnkSzzLy9CcJIb1brw2u5hcUoaWlBQ4OduDxeGKBU5GsW9nw9/WGvZ0NnBzsUVNbx7yKkJGZhfr6BjTxeFJnJu0uRwd7qHPUJf7+1ebv8dXm7+Hq7IQxI4cipl84PNxdEBEWjP8tega/HT6OhsZG8Pl8vPPhp0xC+54gFAjR2toKFrvr7A+KLNvezVvZ+GD9l3j3jVfh4e6CZ+ZM7zS4KnrF5s+LsVi8fFWX649PSmEeCseOGobBA6MRFhwIYyNDLHx2NnLzC2TmBJVG2f0UUbReKfpLszz729zcLPP72lpaYMu5b4qeC1mSb6Q9Hj3uiUH9o+Ds5ICHZeW4FBsHABAIhRC2CsFms5mOnLI0pTyQdyQ6x9K0n6kXAB6VVzyx9qioni6b6BrGfzyKls1ioaWlBdk5eZg449kuv5+Tl8+MfIqJisDwIQMQGR4Ca0sLTJs0DoVFxV3mgm1Pmf3lcnXwzJzpMDUxhkAggI+3F158bp5YTlOgbWZsUymjT9iPHxx4vGaF23ZYSKDc+6ZIW1P16BQAKCsrV+jcdiQK5rFYLCa41JNUuT15rhnyyMsvRGhIIOxtbSQCp0DbD005efmIsQpHoJ8PzM1MUV5eiZTUDACqbc+6erpgs1loauKhpPQRAOCXvQfwy94DsLQwx9hRw9A/KgI+fb3g7eWB5UsWYtazi+Vatyr6TlyuDlatWApvLw8UFBZhz/5DuBKXgJy8fDg62GPbN59LDa52pb6+AXw+v9v14mZWNsJDAuHs6NDl6CdvLw+oq6vj7r0HSEpJ65H2Ka/utmMA+Hnr1wgLCcSvB/6QmsMxNT0Tv/52GK8tX8yk5lLFdkWOnjiD2dMnw9vLA2EhQfDycIWmpibSMjK7PWJLmTbWVZ99xeq13SqTNKUPH4HP54PL1WEm5b185RoKCosR4NcXocEB0NfXg7a2NpJSUlUykk2V/bCnTZF+bldEx0WW7t4/EpJvYNL4UXCwt8XQQf3h5+ON2rp6XItPAqDae528x+XVlxcjIiwYZeUV2Lv/EC5ducb8KP3rjq1McFVUNlm4cqZwUKRdin5s6Ilnd9GbBxwl6/+TfpYhhPwz9cqcq0BbB7+6ugbWlhYSgVNmmZu30NDYCC8PNxgY6KOisooJTNXXN6CqugaaGhpwcrSXWP/qlcuQnnAB+3/ZJld5Ot5EnB3toavLZf4/esQQXP3zKP48fhA+3l7IycvHV5u/x6RZC3D4+GkAbbOn3rtfgoaGRujoaDO52dr76tP38VfiJWz+UvbEL8V374PX3Aw9XV2Jjv6UCWOQfPUMjv++G41NTeA1N8POxkpsllugLbBibWWJ5uYWPHhQiqK79+Retr2amlqkpKbj4B9H0dTUhIjQIMybNVVm2SurqiEQCJjcde0N6h+FuPPHcPXPoxg5bBC+2/gp0hMuYO2alQDaOuUvv/Y2Xln1Dh4+KoO2lhaMDQ1kbksaZfdTRNX1qj1F95fD4UjN1yrvTV+Rc9GZP46dQkFRMczNTDBscH8YGhjg1u07zKQEBYXFqKmphZ6ertRXiJwc7KCurs4ECUQ6dj4cHew7HUUrIjrH1laWYq9vA4CbqzN0uX+3W1W0x56iyrJxuTqwthJP7+Dj7QlDQwM0NDbh/v0SPCqvAJ/PZx6o23N0sMeZo/uQGHsaixbMwdo1K5GecAFbvv4EQFverDff/RhjJs9BTl4B1NU5UoOZqt7fF5+bh6AAX5SUPsTOPQcgFLZi4rhRzMzF7Ul7VdbB3hbq6uooLCru0batqrbWkbz3AjZbTe5zK01SShrKKyqhpaUJby8Pic89PdygpaWJ6uqaLiczkYey21P2miGPjJu30NjYCE8PV4nAqYjoB2BPD1focnXEUpMo255NTU0k6oybixM0NTVRXlEJUxMjnDnyK65fPIGRwwahpK4wMTgAACAASURBVPQhtm3fhTnPLcFPO/eipaUFhobyv2qrinYQ0y8cdrbWaGhoxPc/7cLPu/YxIwA79p0UIXpjSVq94HJ15L7mnLtwCSWlD2Fna42ZU8fLXG7m1IkI9PdFE4/H/Fj4NClyjZalorIKbDYbAf4+EvVKhKujAzZbDfX1DcjIzFLJdttLSkmDmhobQQG+8PbyRG1tXafXjYzMLNTU1kFDQx0ODnZin3G5Ojh5aA8SL59CSJC/3G1M3j57T7AwNwOHw5G4fl26cg18vgABfj7o4+mOui6OCyD/sfH2cleqH/a0dbef2xVR/1RfTxeuLk5in/n7esOim+mqLl+5hr9u3oKhgT6GDRkAczNT3L13n5mwSNl7nbLHxcfbCx5uLuDz+Th46Ci+2foTE1jteL9sXzZPDzex9XC5OhL9a1kUuff1ZD+ssLAYQqFQahkG9Y+CkaEhmng85HVIoSXypJ9lCCH/TL02uHo9IRll5RWwsrKAtbWl1CTPKakZKC+vhK2NNfT1dHEnJ1fsF95rCUng8/noHxWBIQOjmb+HhwZh+JAB0FBXR9Zt8YT7HdXW1kEgEDATzIiMGDoQhu0CXZlZ2airq4elhRmGDe4vtg49XV2wWCw0NDaioLAIKanpUFNTw/AhA+Dv680sN370cPQLD0VrayvSO5lo4/S5CygqvgdTUxNMGjdK7LOofmHQ5XJx7/4D7Nl/CA8elMLS0gJzZ04RW27uzMmwsbbEo/JyXLkWj7PnL8u9rDQ79xzAtYRkaGlpYfqUCUyi/o4uxrYl2He0t8XSFxYwf+dydTBj6gSYGBvhUVk5Ll+9jpzcAnDU1BAaEii2PgN9Pairt42443UyilOEzWIz5667+wmopl5JI+/+lpQ+QlMTD7pcLtxcnZnlYqIiEOjvK/f2FDkXnRHNiqqhqYnQ4AAIhW2TNYlkZGbhRtpf0NTQwLhRw8T2bdSwwQgLCQKP14z4xLYfRsorKsHn82FhYSbWPiaNG8lM1tIZ0Tm2trLA5PF/tw9XZyeMGTFE7JVNZdtj+zrVFWV/5VbFtUKEq6ODcaOGMWXmcnUwefxo6OvpIvtOLs5fuoIrcQkovnsfZqYmmD55vNj+LZg3A3a2Nqirr0dC0g3k5OVDKBDCx9tLLJBpZWEBTQ0NCIRCiZyKXY0WUHR/Y6IiMPHx9e/I8dPYuOUH3EjLgLmZKZ6fP0vi/Hj38cTMqROZ/4vqXk1tHeIejyLpqbatqrbWkbz3gt8OH5f73Mpy9VoihEIhBg+MFjvn/r7eGDwgGiwWC8mp6QqVvzOKbK+71wx53MnJQ3V1DVydnWBooI/ie/clRjxm/NUW6HB1cQaHw0FWuzx1yrZne1sbvLBgLvP/mKgIDIzpB4FAgGsJSUhKSUNZeSUMDfQxeEC02Hf1dHXBZrPFJvGTpX377G474PGawRcIwGKzxAKpXK4Opk8ZD2MjQ7DZLOgq+Pq6qGwCgUCiXrywYC7sbW3kWkdqeiaOnTwLgUCIaZPG45WliySWGTIwGosXzoeeLhcpN9Kxa99vCpdV1RS5Rsvy58VY1NTUwsPdFZ9++LZE+4iODMPEsSOhrs5hRpOqYrvtJSTfQFV1DQL8fGBpYY7c/MJOR7OJcrWqqalhyIBosT7E5PGjYW1lgbqGBly8fFXuNiZvn13VYqIiEBXRNvFXdk6e2Gfxickoq6iAs5MD7GytuzwugPzH5tTZCwr1w5ShylGxqurndkXUP9XS0sKwQf3F6vasaZNUcv9IvpEOPl+A0CB/aGlqShxjRe513T0utXX14PMFYLPZ4HLFf+Ra+Mws2Fhbgs1mQ1tLiylba2srovuFi9WZFxbMhYuTo1z7r+i9T5X9sPb3tQuxcaiorIKrsxNWLHuB+TuXq4OJ40bB2MgQxXfvy5xQ6kk/yxBC/pl6bVoAoC3vqihfl7S8R+0nIGri8ZCZJX6x/eHn3Qjw7YuIsGB8tm4tkm+kgdfcjOBAPxgZGuJ2dg5+2XOw0zJcjI3D6BFD4OXhht/3/ISs29lwcXKEo4M9amtqoa6uzpTl9LkLeHbuTDwzZwYC/Hxwv6QUbi5O8HR3RXV1DY6dPAsA2LZ9N/p4usPD3RVbN32GpJQ0aGpoICjADzo62rgWn4Rdv8ouV319A/YdPIyVyxdj7KhhcHN1Rl5+Ifp4usPZyQGlDx9h16+/oaCwCD/v2scs5+XhhuycPDg7OcDT3RUtfD4OHz3FjDBUZFlpft61D95eHnB2csCC+TPxxtqPJJa5npCMQ0dOPD5O0xEeGiRW9tq6euw72DYhzh9HT6J/VDjc3Vzw45YNuJGWAXV1dQQH+sHQwAAXLl/ttONZU1uHJh4PNtZW+PKT95GYnIpt23d1ez9VUa+kUWR/U1LTMX7MCPxv4XyEBPpBIBQi0M8HbDU2Wlpa5NqeIudCnnWNGjYYtjbWyC8owpU48Ykpvv3+Z7i5OMHdzQXbt36F9L9uitX5q9cTmTp/JS4BMyaPh7ubCzZ+vg4pqemwtrKCl4cb6hsaoNfFqKeCwiIcO3UWi56di+efmY2oyDAUFhUjwM8HFuZmEq85KdIeZdUpaUSdYFtba7z4/DyEhwRKvK7ele5eK0RaW1sRHhqEg7t+wO07OfBwc2WuFT/u3Msct937fsfK5YsxavhgeLq74uatbKZt8Fv4OHr8NFLTM3EnNx9DB/V/3AbeRlJKGlpaWpiH5cybt7Fnf1tKANEPVFGRYfj0w7dx5s+LOHchtlv7y+Xq4Pn5s2BuZoqU1HRmEqtf9h6Em6szggJ8JdID6HJ18PorSzB4QNtMsEEBftDS1sLR46eZCeN6qm2rsq21p8i9QN5zK8uWH35G3z4eiAgLxhcfrUVKWgb4fD5zfbqdnavUsVHF9rp7zZCHKO+qjbUVBAIBsu/kSiwTn5SCisoquLk4obq6BmkZ4sdTmfasrs7Bs3NnItDfF9U1Ncz+X4tPwg8/7wbQ9paDu5sLRo8YAhdnR9zJzYe1pQX8fLzRwufjVCf3SWnts7vt4PylK8i+k4uIsGAsWfQsMwu0b98+MDE2QnV1DbhcHaVG74iXre3aY6CvDz8fb6irc+TOhbdh01a0trZi3qxpePH5+ZgwdiT+unkLTU08uLk4w8XZARwOB9fik7D6nXW9YpIRVbTj46fOwc3FGQvmz8TQQf3RPyoSpQ8foaGhAQYG+jAzNQGbzUZGZha2bd+tsu22d/nKNdzJyUNEWDD4fD6SUmRP2CTyy56DCPTzEesfmZqYwM+nLWgh2n5dXYNcbay+vkHuPnt4aBA+W/cOjI0M8f32XcxEgZ0xMNDH26tXMJMDAW25c22sraCuro7cvALs3LNf7Dup6Zm4dfsOBg+Ilvu4KHZs5O+HKUIVfZ2ORAG57vZz5bH/9yMICvBFWEggTvy+GzfSMuBgbwcPNxdIyzh64tBuuDo74cCho3jz3a7fHIq7nogZU8bDxtoKZeUVzI+5Iorc67p7XETft7O1xtSJY+Bob4u6+nr08fKAna0NKiurYGpizORPPvjHMcT0C4enhyt2b98scb2VlyL3PlX0w2T1Ow8eOopn587Es3NnIjw0GMV37zH9pZqa2i77YU/yWYYQ8s/Uq4OrN29lY/TwwWCx2RKBU5Gs23cQGhyA+voG5OaJzwZdX9+AJSvW4KXFz2PMyKGI7hfe9mt0QyMuxsbh0w2bu0xWfz0hGZ9/9S0WLpgLF2dHODrYoaamFnsPHIKHmwt8+/Zhlt2waSvq6usxb9Y0BAX6IfTxiJGMzFvYtOUHxMa1jYbMycvHwqWvYuXyxRgQHYkhA9sSfNfU1uHwsVN47+MvuuzI7z1wCHfv3ccrS1+Au5sLvL08wOM1Iy3jJr74eguTHmHvgUNoaGjAwmfnwMnRAR7urmhubkFuXgF27N6PA4eOiq1T3mVlHasTp89h7sypGDowBldlzPy6YdNWFN+9j/mzp8HT3RXeXh4QCAS4k5OHbdt3Ma9k5eTl4+0PPsHLSxYhwN8Ho4YPQWtrK8rKK/Dzrn3YuOWHTstz/tIVnDt/GePGDMeA6EhYW1pg2/Zd3d5PVdQraRTZ3/fXbwCLxWJ+6RYIBMi6dQdHTpzG8v8tlHub8p6LrohmRQ3w64vk1HTJ2a3z8vHKqrV4fcUSBAf6YcjAGAhbW1FRUYn9vx/Bxi0/MHW+oLAIH6z/EiuXL4a3lztGDR+ChoZGnD53Ac0tLRg/eniX5dm05UfU1TVg3qwp8PRwQx9PdzwqK8fe/YcwYexIsVyFirRHWXVKmoLCIhw5fhrzZk9DWHAgHOxscUmB/MCKlq0zj8rKcfnKNQwbPADOToPB5/MlrhXA39eVZYufh5eHG1ycHSEQClFSUoqdew4yE6rV1zdg9TvrsGrFUvSPjhAr15ETZ/DF11uYch08dAwBfj7w9emD8WNGgMdrlhlclXd/V770IoICfFFdXYNf9h5ktnX2/CVEhgVjxrSJmDhuFBLbPZyePHMeDna26BcRCjabjbLyCvx68A98suEbZpmeatuA6tpaR4rcC+Q5t7KIjs3aNSsxMKYfBkRHAmhLDSM656LcsqqgyPZUcc2Qh6i/UVdXLxE4FZX5Tk4u3FycUFVdg6zb4nnilWnPSSlpaG5pQUigPzQ1NVBbJ7ns3gOHwOfz8fwzs8Xqljz3NFnts7vt4IP1X+KN15cjJNAfQwf1Z8qz8dsf0C8iBCOHDYaDna1cx73jMRbVi8EDo5l1Z926g+aWZol0P5358pvvkZSShufmz4KvTx8MGRgDFouFxqYm3MnNx4HfjyiUN/pJ6G47BtryjCbfaNtvn75esLWxAovFYia1OXPuotg9WVXbbS8uPgmB/r6oratDQnLXI15FbUd0zxk5bDCEra0S21ekjcnbZ1eGlqYm3Dq8Zt7a2oqamlrExcdi+y97pQajr15PRGRYMGpq6zp9g0rZYyNvP0wRqujrSKOqfm5XRJPJrly+GF4ebu3uHxfh5eEGK0tzlFdUKr3+jMwspGVkwsbaCndy8iTmiVD03trd4/L++g1tI50HxrR9/3E7/nLTdzA2MsL82dPg9PiVf9Hkpa+vWILQoAAMHdQfPF4zkm+kQUNDAwF+fVErZeK6jhRpl6roh8m6r23YtBWVVTWYO3MyfLw94e/rjcamJqRl3JSrzT/pZxlCyD8Py803Qna2akIIkdOhX7fD1sYa73/8BZNPqreZM3MKXlu+GMV372PMlLldf4H84617dw2mThwr9ygTQggh5GlY+OwcLFv8HK4nJGPR0lefdnH+00ST7xkbG+LddZ8z/Vofby98+cn7iL16XeqkcNJs+foTREWE4ZutP2Hrjzt7sthPzK87tqJvH09898MOfLP1p6ddnP+UyjVbnnYRCFGK0cfyTa76pCTFnlL5OnttzlVCyD/HrGmTYG9ngzs5eU89sDp21DAkxp7GqT/2iuU5AoCoiFBoampK5DojhBBCCHlauFwdREeGQSgQ9ooJ1P4rjh7YicTY01j4rPiEbMMH94eFhRnKyiqQkXmL+fuIoQOhp8eV+y2WmKgI+Hh74f6DEpw+d1GlZe9pP333FdLiz+Pt1a+I/X30iCFwcXJATW0t0jO7zvtPCCH/Fb06LQAhpHfb+Pk6ODs5wMbKEmoctV7xQJCReQsPHpTCw90Fm774COl/3URLSwv6eHnAwc4WpQ8f4Y9jqv+lihBCCCFEEdMmj8OMyRNgaKgPG2srZN68TX2UJyjj5i24ujrjfwufQXS/cJSUPoSjvR28PNwAtE0cKUp1xeXqICjAD6npmV2eo7VrViI40A+WFubQ1dPF2T8vSaTM6u1upGUgJNAf0yaNh493HxQUFcPSwhw+fTyZnPUd0xwQQsh/GQVXCSFK09JqyyvWxOPh8NFT2PrTL0+7SCgoLMI7H36CJYsWICjQl8mj19DQiMtXrmPz9z/JPfEGIYQQQkhPqa9vgJ2tNfT19ZBfUISvvt3WKyZQ+69Y9+lXqK2tw5iRQxES5A81Nltmzur6+gbMmP9CJ2trh8WCq6szhAIBLsXG4fON/7xXuTdt+RE8Hg8zpkxgcpSKcrTu/eFnfP+T9DkHCCHkv4pyrhJCCCGEEEIIIYT0YpRzlfxT/RdyrtLIVUIIIYQQQgghhBDSq10Z5QEPfS2xv9XxhViVdBf7Cyq7te6vQu0w3t6wy3WJyvCgsQVLrhchtrRO5vd/G+iCGAtdlZWR9F40oRUhhBBCCCGEEEII6ZVW+1ji3jRficAqAOhy2Ngcbo/fBroovf7fBrpgtrPxU/s++eejkauEEEIIIYQQQgghpNeZ5miEFzzMoMFmdbpcuBkXq30ssT6jpEfLE3Xido+un/wzUXCVEEIIIYQQQgghhPQ6L/Uxhy6n7aXrjq/iT3M0wifBttDlsKHBZiHElCvx/Y6pBNqvI9pCF5vD7WGlrQ7g71Gwb/lZiW1H2voeNLbgu9uP8KKHmczvF9c3q/x4kN6J0gIQQgghhBBCCCGEkF5lmqMRbHQ0AEgGVgFgf0ElViXdRR1fiMuldZh8IVfsu/lTfCRSCVhpq+PX/s5Y7WP5ZHYCQG2LAA8aW57Y9siTR8FVQgghhBBCCCGEENKrOOtpMukAzj+olTqSdH9BJZwOZogFVoG/R7w2C1vxRWYpzH5Nw5LrRajjC6HBZmHW4xypvodv4vLj9dbxhVhyvQi+h29K3VZHGZWNnX6/pLEFzcLWbh0D8s9AaQEIIYQQQgghhBBCyD9Cx9f5RUSjW6201ZkRr9cf1TN5WPcXVCLSXBeznY1hoslBP3NduYKo3VXTIngi2yFPD41cJYQQQgghhBBCCCG9lh1XQ+5l24947Zj3VDSaVIPNgmWH4Kyq5dXyaOTqfwQFVwkhhBBCCCGEEEJIr9I+OOmmr4loC92nXCLFPGhsQW2LAKWN/KddFNLDKC0AIYQQQgghhBBCCOlV9hdUYrqTMWIsdGGlrY6d0U5YlXQX+wsq4Xv4JrPclVEeYhNXiYKyGmzW/9u7z8CoqryP499MmEmnhxTSeyEJhBYQREQRASlKEWmCFRVBQBEs2BBdlWeRZRHLYkERBEEQFBRZCb33EkIKCYEESEIgPZk8L5BZY4gkowjq7/Pu3nPuuf9zwqsfZ86tsuPV3cGIyWBDibmCU1f5I1PxmRcq1Sl/XQpXRURERERERETkurMgOZvYRo441zHgXMfArDgfZsX5XLbvz882fTyiCaF17YlzdeLpKHde23eKAX4N6O1TH4CzxWVsyLq656D+s403gwMaUmKuYOahLMvZr/LXo2MBRERERERERETkurMwJYc5R05f8ezSdZkX6LDyiOX67YNZXCgzYzLYMD7SjdN3xzArzgfnOgYulJl5Zc9JSxB76VzWS+Ht3t4RtTqC4Lc+L39+CldFREREREREROS69Nq+UzRduJd1mVV3mp4sLOXOtce4a+2xSvcXpuTgv2gfR/KKqvQfFp/MwpQcy73FqTmc/NkRAS5GWzxq8bGr3/q8/PnZBEe306fLRERERERERESuUzmTZl/rEkSs0mDaqGtdQiXb47/93cfUmatXiZOTI5MnPE6Pbrfi6OhAUXExc97/mFnvzr3WpVUx9YVJ9O97B5u2bGf4g4//5n7X0ovPPElUs3AA9u0/xJSpb1Tbd9qLkwkNCaKsrJwly1Yy/4slf1SZNfL2m6/g7uZmdW2NGjbg4fuHE90sHKPRSH5BAXM++IT1G7dchWpFRERERERERP5+FK5eJQPv6k3P7l0xl5v5fm08Z89ms2Hz1mtd1t9KU08PoiLD2XfgUJW21rHNcXd3uwZV/XF69+xGi5go8vPz2bp9Fzm550hKTr3WZYmIiIiIiIiI/GUoXL1KvJt6YmcysXXHbh4ZO/Fal/O7eOaFaTzzwrRrXUaNFBUV4+LiREhQwGXD1ciIUJwcHTGbzdegupp5fMKzv+l5tyauGAw2bN+1h5mzP/idqhIRERERERERkUv0QaurxGRnwmAwUHEdh3d/ZScyTmJra0tIcOBl24MDAygqKiInJ/cPruyPY29nB4C5XP8GRURERERERESuhuty5+rKJZ/i4ebGi6++ydKv/3fQbJ+e3ZgyeQInMzPp3ncwAM2jI3n0wZG0btkcR0cHKioqyMs7z9p1G3hx2lvk5xdYnu/Yvi2jR91PeGgwdnYmysvLOZaUwntz5/HVilU1qm3ooP4Mvacf3k09sbW1pbi4hENHjjJz9vvEb9xCXJuWvDH1edyauALQrm0rEvZsvOI5pb+s7dK4b82YzZbtOy39bu96Mw/dN4ygAH9MJqNlDh99upAvliyvNGZQgD9jHn2AG9q1xsnREYAzZ7P5+pvveHv2+5XW5pdu6dyR5yeNx9W1MSu++Y4pU99g8pNjLnvmav++dzB88AACA/wqrckva6+y/mYz2dk5LFuxiten/6tG619TZ85m49bEFT8fb4IC/Uk8lmxpi20ehaeHG1mnz2AyGalXr16V53vcdgvdu3X5afengdLSUpJT0liweCm79uwHICoynDGPPEBBYSGnMrNoHt0Mg8HAoSMJ/Oud/5B3/jx39+tDx/ZtqV//4jvy8wvYtnM3782dR2FhUZX3/twvz1wd1L8vfXt1J37DZoxGI61iY7C3t8NsNpOccpzPFn7Jrj37ualjex4cOQR7e3sAunTuSJfOHVmzNp5Z787F28uTQf37EhMViYPDxT65ueeI37iFzxctvWJdIiIiIiIiIiJy0XUZrtaUn68PLz07kdCQQJKSUzl4OIF6dV1o2SKG3j27YbIzMfbJ5wAY1L8v40Y/RN26Lpa+Af6+hIUE8dyk8Tg6Ol7xo0HjRj/EiKGDANh34DBp6SeICAshJiqCf0x9nrdmzGb7rr18+91aYqIiaR4dSVJyKnsPHOJoYlK14w7q35fxY0bh4uxEUnIqR44mEh56cdxXpjzNk8+8yO69Byz9nBwdSDyWTEJikmUOk58cg7tbE2a+c/Hn30EB/vzf6y8SEhxI1ukzbNqyHTuTiZYtYhg2eAD+fj48MfH5ywasN3ZoZwlWv/9hHVOmvlFtEDv20QcZOXwQxjp1OJyQSFJyqmVN3nj1eZ596XXWrd9EXJuWvDLlaZq4NuZwQiJHjyXj6e5GTFQkwwcPwGCwYdqbM2v0d6+JCxfyyTp9hqaeHoQEBVQKVyPDQ3FycmTjlu1ERYZVeXbwwLvo1aMrAInHUsjMysLfz5eQ4AAef+QB5s1fxJr/xlv6u7s1oYlrIw4cPIxtHVuOJaWQd/48T419lJjoSIqKiti5ex+lpaVEhIVwU8f2NGxQn9en/8uqILNli2gcHOxJSEwiN/ccYSFBBAb48dB9w5g+cw4ZpzKJ37CFiPBQmnq6k3A0iZOnMjl05CjeXp6MG/0wvj5eZGfnsnf/QYxGIxFhwfTodiueHu5Mn/mOAlYRERERERERkRr4U4errVpE4+PdlOSU4/Qbcr8lABx2T3/GPvYgwYEBhIYEkX4ig/5978DFxZnlK1czYfKLljHGP/4wI4cN4t4hA9m0dQcpqccv+64bO7SjX987AJj7yXymz5wDgJOTI6+99Cxdu3TingF38s13PzD1H/9k6guTaB4dSWbWaZ565qVq5+Dk5MjAfr1xdnKsVJuTkyMf/Hs6zaOb0bdXd3LPnefeIQNxcnJk+YpVPPXsy5Yxnnv6iZ92Nd5O/MbN7N57gEcevJeQ4EASjh7jiYlTSEy6GC5279qF5yaNI65NS4YMvIs5//mkUj1tW8UyafxoXF0bE79hM08//0q1wWrz6Eh69eiKrcHA+x9+yltvv2Npe/PVKfS8/VYevm8Y69Zvol2bljRu1JBtO/cw7P7HLP0mTRjNoAF3EhleNeT8rY4cPYa/nw/hocGsXLXGcj8sJJji4hKOJCRWCVdjm0dxS+eOACxbsZpPFywGwMHBntEP30dcm5Z0u7UzG7dsszxja2tgzX/jmfPBx5Z7d/buQXhYCDk5ucx6dy47d+8DwNvLkwljHiEyPJR+fXryyfxFtZ6Xg4N9pdpCggMZ//jD1K9Xj8iwEJYs/4aEo8d48ZknaerpTlr6CWa9Oxe4+B8Evj5epB5PZ/rMd0hLzwDghrjW3D9iCFGR4dzetQtffrWi1nWJiIiIiIiIiPzd/CXOXK1b14XuXbtYrj/+7Ati299KjzsHcyQhkdtu6Yyfnzenz5xl0dKvKz27+KuVZJzMxN3NlQ7t21T7js4/7TY8cOiIJViFiz/zXrJsJdk5ufj6enFzpw61qv3mTh3w9vKsUlt+fgGbtu6guLiYQH8/br35Rjw83EhPz+Df731UaYxP5i/mRMYpmri60qFdW6Iiw2kR04yioiIWfLnMEqwCrFy9hi3bdmBvZ0fbNi0rjWNra8uzE8cS4O/Lpi3bq93Zekmnju1xa+JKyvF03vlZsAiwctUacnLP4e/nU2lN3N1c6di+reV62psziW7TmSH3PVqrdauJIwmJFBQU4u/ng6eHO3Dxp/xuTVzJOn2GbTt3V3mmZYsYy+7mS+ElQGFhEWt/3MC5vPN4uLvROra5pa24uKTSzliAmGYRmExGdu7ZbwlWAdLSM9i1Zx82NjZEhIVYNa+z2TmsXbfBcp1w9BiZWacxGAyWowAuJyjQn9DgIIqLS/juhx8twSrAhs3b2H/gECaTkaiI3z/oFhERERERERH5K/pT71zdvmsvx9NOEBYaxCtTnuapcY9x6MhR1v64gYVffmUJBr29PLEzmSgoKOTO3j24s3ePSuPUqWOLyWTCy9Oj2nf5+npjMBhIPZ5Wpe2HH9eTk5uLr7cXAf6+tZpDgL8v9nZ2ZGadZvPWHZXaZsx6jxmz3gPg5ecmYmcycTIzq8ru2pTU42ScPIWvjxceHm74+XpTt64LF/ILSE6puhM3OTWN0tJS/ZbQKQAAC9xJREFU3N1cK92PjorAzmSipKSUXXv2/WqwCtDEtTFGoxFbg4EpkydUaqtja4vBYIO9nR2enu5s2rqDPnfcjp+PN+//ezrZObns3ruftes2sHDxshqvV21s27mb3j274eHuRnSzCDJOnqJZRBjOzk5s27n7sj9993R3w8bGhoxTmZcd7/z587i7udHU04Oc3HMAFJeUkJd3vlLfBg3qYTabadK4EWMeeaBSm4uLM2ZzBfXq1cXTw52Mk6dqNa+CgsIqz1SYK7C1NeDs7FTtc57ubjg5OVJQWMiJjKrvzDiZSVlZOY0aNahVPSIiIiIiIiIif1d/6nA1JfU4456ewuhR99E+rjV1XZyJax1LXOtYHnt4BIuXruDVN2ZYQsAmro3p07NbteO5uDhX22ZruLjJt6y8/HefR00YbA3Y2NhQYb7yl99tDQYMNgbMZjPltajXzmQiM+s0rq6N6denJ9t27K4S+P7cpTA6wN+32lC5tLSURg0bMG/+Ip565mVGPTCc5tHNaNSwAV1u6kiXmzryxGMP8e5/5jH3k/k1rrUmCguLSEo5jp+vN4EBfgCEhQRRWlrKocMJl33G8NPf2Vx+5XW+pLysnKLiYst1VGQ4jg6OGAwGopqFV/ucyWiiUcMGtQ5Xqwu9bWxsMBmN1T5nMBgwGGyoMFdgrsG/IxERERERERER+XV/qnDV2cUZg8Gm0r3EpGTGPPkscPFc1NtuuYn2ca3xdHdjwJ29SD2expkzZyktLSUhMYm+d4+w6t3lP4VRdWxtf9skrGQuN1NRUYGN4conOZSbzZgrzBgMBmxrUe/Bwwm8/Nr/8cLkCYSGBHLvkIG/Gq6eyswCYM1/4xk1ZuIVx9+yfSdbtu8E4I7uXenSuSNtW8XSsEF9HhgxmGPJKaxbv6nG9dbEocMJtG/bipCgAFrENKOpp0e1RwIAltDRYGv9iRmJSckUFhVRUlLKgkVLWbL8G6vH+j2ZzWbM5gpsDDaWEFlERERERERERKx33SYsBoMNzr/YSerl6YHJZLJcT5k0nr1b1zJ7xusArFu/iWdemEbPu4aQmJSC0ViHxo0bcfpsNmVlZTRu1JC4X5wz6ufrw+rlC9gWv4oHRw6ptp7U1DTMZjMhwYFV2m7u1IEG9etTVFxMUnJqreaZlp5BcUkJLs7OVWrr16cnOzasZsWXn1JYVERxSQneTT2Iiqy8G9LP9+KZoiUlpZw8mUlKahp5eedxcXG+7Lme/r7eGI1GTmWernQ/L+88O3fvZdHS5RQVFdGuTUuG3dO/2tpzcs9RXl6Oj7cXTk6OVdZk4w9fs2HNcm7vejPvvP0P9m5dy5RJ4wFYvnI1Y598jicmPk/W6TM42NvTsH69Wq1dTWzaup0zZ7Np2KA+rWKb4+zsSEJi0mWPBADIOJVJRUUFvt5eVdpaxzbHxcWFkpISTmScrPadhYVFXLhwAZPJiOdljpq4d8hAPv9oDq+99Kz1E7NCxqlM8vMLcHJ0JMDPp0q7p4cbderYcvZszh9al4iIiIiIiIjIn9V1Ga7m5V3Azs6O4EB/y72gAH9uiGtdaSdmYlIy5nIzUZHh3NihneW+h5sbdiYT5WYzBQWFrN+4lbT0DFwbN2LgXb0rBYEjh92Nt1dTLuTns3X7rmprWhu/keycXIIC/Bk3+iHLfScnR/r26k7DBvVJS8/ghx/X12quq75fy/G0EzRu3Ig7e3Wv1NbhhrY4OzlxIuMkny1cwsmTmbi7uzF0UL9K/YYOuoumnu6cPnuW9Zu2sO/AIXbt2Y+dyUSv7l0JCvjfOnbv2oW2rVtSXFzClm07L1vTx599waatO7C3t2dgvz6Vnv+5/8Zv5MzZbPx8vHjsoZGV1uTu/n1o1LABp8+cZd2GzSQeS6GOrS1tWsdWGq9eXReMRiNlZWUUl5TUau1qorCwiITEJBwcHGjZIprS0rJqjwQA2LFrD3l55/H28mTwwLss9x0c7Onc6Qbq1XUhM+t0tTtfL9m7/xBlZeXENo+iTasWlvtRkeG0a9MKo7EOyalVz8O9mhKPJXPkaCImk5EbO7TD28vT0nZDXGuaRYZTWlrK/oOH/9C6RERERERERET+rK7LYwE2bd1OVGQY/fr0JCjAn9xz54huFkFdF2cKCwst/ZZ+/S233tyJdm1b8cbU59i+cw+lpaW0iInC3a0JBw4e4bOFX5KfX8CnC75k/JhRdL+tC2EhQRw8nECAvy9hIUGUlZaxfMUqdu89UG1N69ZvYtGS5YwYOogRQwcR16YVaekniAgLIcDfl7y88yxY9NUVPwL1S/n5BSxY9BXjx4ziju5dCQ4KICk51TJuZtZp5n2+mJTU43w4b4GlX3hoMAmJSZY5lJaV8dXyby1z+Pe7HxIc6E9IcCBz5/yTvfsPYmcy0bJFDI6ODmzYvI15ny+qtq4P5y0gMjyUAH9fRg4fxOQpr1bps3nrDpYsW8mIoYO4d8hA4tq0rFT7+Qv5ljVZuvwbOnWIIyQ4kA9mT2fXnn0YjUZaxcZQv1491q7bwDerfwBg6guT6N/3DhKTkuned3Ct1vNyjiWlcENca5q4NiYtPeNXg9Gdu/fx/dp4evXoSq8eXYmKDCczKwt/P1+8mnpw4UI+q9f8WO3O10uWfv0NoSGBRDeLYOyjD3Dw8FFKS0uJCAvBxcWZ1OPprFz1/W+eW219sWQ53l5N8fXxYsqkCRw9loTRaCQiLBh7e3v27D3AytVr/vC6RERERERERET+jK7LcHXGrPewt7Ojzx230yo2BnNFBWlp6fzn4/mMHDbI0i8/v4Cnn5/KxHGP0aljO27pfCMAeecvsGzlat6aMdsSds7/YgnpJzIYPep+wkODCQzwo9xs5tSpTD7+bFGNPqY0feYccnLzGDroLqIiw2geHUlhURF79h1k5uz3id+4xar5XqrticceIiQ4kMjwUIqLS9iz7yBvzZhtOad0/hdLKCgo4IERQ/D38yU0JIiSklKOJaXw0acL+WLJcsuYiUnJPDFxCk+Ne5RWsTHc0vlGzBUVZGfnsPDLZbw9+/1fDYI3b93BylXfM3RQf27tfCMbNm2tdk3S0jMYPngAYSFBRIaHUl5eztHEJN6bO4+vVqyy1PPcy68z9tEHadE8iu633UJFRQVnzmbz4bwFvD37favWrib27j9Idk4Onh7uv3okwCWfLljM+QsX6H5bF4IC/QgJDqCkpISEo0ksWLyUXXv2X/GdhYVFvD79X9zdrw8d27cltnkUAEVFxezYtZePP1tIWnrG7zK/2khLz2D6zHcYds8AIsJCaNs6FrO5gnN5eXz3wzo+X7T0iusjIiIiIiIiIiIX2QRHt6u41kWIiIiIiIiIiMjl5Uyafa1LELFKg2mjrnUJlWyP//Z3H/O63LkqUltGo5EFH8+51mX8ZUyfOYf1Vu7EFhERERERERH5u7guP2glIiIiIiIiIiIicr3TsQAiIiIiIiIiIiLyl3c1jgXQzlURERERERERERERKyhcFREREREREREREbGCwlURERERERERERERKyhcFREREREREREREbGCwlURERERERERERERKyhcFREREREREREREbGCwlURERERERERERERKyhcFREREREREREREbGCwlURERERERERERERKyhcFREREREREREREbGCwlURERERERERERERKyhcFREREREREREREbGCwlURERERERERERERKyhcFREREREREREREbFCnWtdgIiIiIiIiIiIiMi1Mnz48Cv2+eijjy57XztXRURERERERERE5G+ruuC0Ju0KV0VERERERERERORvrboA9UrBq8JVERERERERERER+dv7ZZB6pWAVFK6KiIiIiIiIiIiIAP8LVGsSrILCVRERERERERERERGLmgaroHBVRERERERERERExCoKV0VERERERERERESsoHBVRERERERERERExAoKV0VERERERERERESsoHBVRERERERERERExAoKV0VERERERERERESsoHBVRERERERERERExAoKV0VERERERERERESs8P+FhprSmmAtQQAAAABJRU5ErkJggg=="}

00:13:54.831 [ForkJoinPool-1-worker-3] DEBUG com.intuit.karate - request:
13 > DELETE http://localhost:22262/session/0fe75e5a670d3c74994221d2110c3d27/window
13 > Accept-Encoding: gzip,deflate
13 > Connection: Keep-Alive
13 > Host: localhost:22262
13 > User-Agent: Apache-HttpClient/4.5.12 (Java/11.0.4)

00:13:58.847 [ForkJoinPool-1-worker-3] DEBUG com.intuit.karate - response time in milliseconds: 4013.91
13 < 200
13 < Content-Length: 12
13 < Content-Type: application/json; charset=utf-8
13 < cache-control: no-cache
{"value":[]}

00:13:58.851 [ForkJoinPool-1-worker-3] DEBUG com.intuit.karate - request:
14 > DELETE http://localhost:22262/session/0fe75e5a670d3c74994221d2110c3d27
14 > Accept-Encoding: gzip,deflate
14 > Connection: Keep-Alive
14 > Host: localhost:22262
14 > User-Agent: Apache-HttpClient/4.5.12 (Java/11.0.4)

00:13:59.393 [ForkJoinPool-1-worker-3] DEBUG com.intuit.karate - response time in milliseconds: 541.51
14 < 200
14 < Content-Length: 14
14 < Content-Type: application/json; charset=utf-8
14 < cache-control: no-cache
{"value":null}

00:13:59.393 [ForkJoinPool-1-worker-3] DEBUG com.intuit.karate.shell.Command - closing command: chromedriver_1659888773910
00:13:59.846 [pool-1-thread-1] INFO  com.intuit.karate.Runner - <<pass>> feature 16 of 29: src/test/java/examples/masangcay_3_1/pupeduph.feature
---------------------------------------------------------
feature: src/test/java/examples/masangcay_3_1/pupeduph.feature
report: target\surefire-reports\src.test.java.examples.masangcay_3_1.pupeduph.json
scenarios:  1 | passed:  1 | failed:  0 | time: 60.9122
---------------------------------------------------------
00:14:00.111 [ForkJoinPool-1-worker-3] INFO  com.intuit.karate - karate.env system property was:  
00:14:00.143 [ForkJoinPool-1-worker-3] DEBUG com.intuit.karate.shell.Command - found / verified free local port: 22358
00:14:00.143 [ForkJoinPool-1-worker-3] WARN  c.intuit.karate.driver.DriverOptions - preferred port 9515 not available, will use: 22358
00:14:00.158 [ForkJoinPool-1-worker-3] DEBUG c.i.k.d.chromedriver_1659888840143 - poll attempt #0 for port to be ready - localhost:22358
00:14:00.174 [chromedriver_1659888840143] DEBUG c.i.k.d.chromedriver_1659888840143 - command: [C:/Program Files/Google/Chrome/Application/chromedriver.exe, --port=22358, --user-data-dir=C:\Users\Claire\IdeaProjects\Automation_Testing\target\chromedriver_1659888840143]
00:14:00.330 [chromedriver_1659888773910] WARN  com.intuit.karate.shell.Command - exit code was non-zero: 1 - [C:/Program Files/Google/Chrome/Application/chromedriver.exe, --port=22262, --user-data-dir=C:\Users\Claire\IdeaProjects\Automation_Testing\target\chromedriver_1659888773910]
00:14:00.330 [chromedriver_1659888773910] DEBUG com.intuit.karate.shell.Command - console readers complete
00:14:00.580 [chromedriver_1659888840143-out] DEBUG c.i.k.d.chromedriver_1659888840143 - Starting ChromeDriver 103.0.5060.53 (a1711811edd74ff1cf2150f36ffa3b0dae40b17f-refs/branch-heads/5060@{#853}) on port 22358
00:14:00.580 [chromedriver_1659888840143-out] DEBUG c.i.k.d.chromedriver_1659888840143 - Only local connections are allowed.
00:14:00.580 [chromedriver_1659888840143-out] DEBUG c.i.k.d.chromedriver_1659888840143 - Please see https://chromedriver.chromium.org/security-considerations for suggestions on keeping ChromeDriver safe.
00:14:00.611 [chromedriver_1659888840143-out] DEBUG c.i.k.d.chromedriver_1659888840143 - ChromeDriver was started successfully.
00:14:00.721 [ForkJoinPool-1-worker-3] DEBUG com.intuit.karate - request:
1 > POST http://localhost:22358/session
1 > Accept-Encoding: gzip,deflate
1 > Connection: Keep-Alive
1 > Content-Length: 57
1 > Content-Type: application/json; charset=UTF-8
1 > Host: localhost:22358
1 > User-Agent: Apache-HttpClient/4.5.12 (Java/11.0.4)
{"capabilities":{"alwaysMatch":{"browserName":"chrome"}}}

00:14:03.609 [ForkJoinPool-1-worker-3] DEBUG com.intuit.karate - response time in milliseconds: 2883.23
1 < 200
1 < Content-Length: 792
1 < Content-Type: application/json; charset=utf-8
1 < cache-control: no-cache
{"value":{"capabilities":{"acceptInsecureCerts":false,"browserName":"chrome","browserVersion":"103.0.5060.134","chrome":{"chromedriverVersion":"103.0.5060.53 (a1711811edd74ff1cf2150f36ffa3b0dae40b17f-refs/branch-heads/5060@{#853})","userDataDir":"C:\\Users\\Claire\\AppData\\Local\\Temp\\scoped_dir16520_1698934007"},"goog:chromeOptions":{"debuggerAddress":"localhost:22361"},"networkConnectionEnabled":false,"pageLoadStrategy":"normal","platformName":"windows","proxy":{},"setWindowRect":true,"strictFileInteractability":false,"timeouts":{"implicit":0,"pageLoad":300000,"script":30000},"unhandledPromptBehavior":"dismiss and notify","webauthn:extension:credBlob":true,"webauthn:extension:largeBlob":true,"webauthn:virtualAuthenticators":true},"sessionId":"78a27a1e3f063e19f76c6f7d568a62de"}}

00:14:03.612 [ForkJoinPool-1-worker-3] DEBUG c.i.k.d.chromedriver_1659888840143 - init session id: 78a27a1e3f063e19f76c6f7d568a62de
00:14:04.070 [ForkJoinPool-1-worker-3] DEBUG com.intuit.karate - request:
2 > POST http://localhost:22358/session/78a27a1e3f063e19f76c6f7d568a62de/url
2 > Accept-Encoding: gzip,deflate
2 > Connection: Keep-Alive
2 > Content-Length: 32
2 > Content-Type: application/json; charset=UTF-8
2 > Host: localhost:22358
2 > User-Agent: Apache-HttpClient/4.5.12 (Java/11.0.4)
{"url":"https://www.pup.edu.ph"}

00:14:15.303 [ForkJoinPool-1-worker-3] DEBUG com.intuit.karate - response time in milliseconds: 11219.81
2 < 500
2 < Content-Length: 1205
2 < Content-Type: application/json; charset=utf-8
2 < cache-control: no-cache
{"value":{"error":"unknown error","message":"unknown error: cannot determine loading status\nfrom unknown error: unexpected command response\n  (Session info: chrome=103.0.5060.134)","stacktrace":"Backtrace:\n\tOrdinal0 [0x00666463+2188387]\n\tOrdinal0 [0x005FE461+1762401]\n\tOrdinal0 [0x00513D78+802168]\n\tOrdinal0 [0x00507210+750096]\n\tOrdinal0 [0x0050675A+747354]\n\tOrdinal0 [0x00505D3F+744767]\n\tOrdinal0 [0x00504C28+740392]\n\tOrdinal0 [0x00505228+741928]\n\tOrdinal0 [0x0050F153+782675]\n\tOrdinal0 [0x00519FBB+827323]\n\tOrdinal0 [0x0051D310+840464]\n\tOrdinal0 [0x005054F6+742646]\n\tOrdinal0 [0x00519BF3+826355]\n\tOrdinal0 [0x0056CF6D+1167213]\n\tOrdinal0 [0x0055C5F6+1099254]\n\tOrdinal0 [0x00536BE0+945120]\n\tOrdinal0 [0x00537AD6+948950]\n\tGetHandleVerifier [0x009071F2+2712546]\n\tGetHandleVerifier [0x008F886D+2652765]\n\tGetHandleVerifier [0x006F002A+520730]\n\tGetHandleVerifier [0x006EEE06+516086]\n\tOrdinal0 [0x0060468B+1787531]\n\tOrdinal0 [0x00608E88+1805960]\n\tOrdinal0 [0x00608F75+1806197]\n\tOrdinal0 [0x00611DF1+1842673]\n\tBaseThreadInitThunk [0x7796FA29+25]\n\tRtlGetAppContainerNamedObjectPath [0x77BA7A7E+286]\n\tRtlGetAppContainerNamedObjectPath [0x77BA7A4E+238]\n"}}

00:14:15.306 [ForkJoinPool-1-worker-3] WARN  com.intuit.karate - http response code: 500, response: {"value":{"stacktrace":"Backtrace:\n\tOrdinal0 [0x00666463+2188387]\n\tOrdinal0 [0x005FE461+1762401]\n\tOrdinal0 [0x00513D78+802168]\n\tOrdinal0 [0x00507210+750096]\n\tOrdinal0 [0x0050675A+747354]\n\tOrdinal0 [0x00505D3F+744767]\n\tOrdinal0 [0x00504C28+740392]\n\tOrdinal0 [0x00505228+741928]\n\tOrdinal0 [0x0050F153+782675]\n\tOrdinal0 [0x00519FBB+827323]\n\tOrdinal0 [0x0051D310+840464]\n\tOrdinal0 [0x005054F6+742646]\n\tOrdinal0 [0x00519BF3+826355]\n\tOrdinal0 [0x0056CF6D+1167213]\n\tOrdinal0 [0x0055C5F6+1099254]\n\tOrdinal0 [0x00536BE0+945120]\n\tOrdinal0 [0x00537AD6+948950]\n\tGetHandleVerifier [0x009071F2+2712546]\n\tGetHandleVerifier [0x008F886D+2652765]\n\tGetHandleVerifier [0x006F002A+520730]\n\tGetHandleVerifier [0x006EEE06+516086]\n\tOrdinal0 [0x0060468B+1787531]\n\tOrdinal0 [0x00608E88+1805960]\n\tOrdinal0 [0x00608F75+1806197]\n\tOrdinal0 [0x00611DF1+1842673]\n\tBaseThreadInitThunk [0x7796FA29+25]\n\tRtlGetAppContainerNamedObjectPath [0x77BA7A7E+286]\n\tRtlGetAppContainerNamedObjectPath [0x77BA7A4E+238]\n","error":"unknown error","message":"unknown error: cannot determine loading status\nfrom unknown error: unexpected command response\n  (Session info: chrome=103.0.5060.134)"}}, request: [method: POST, responseTime: 11219.8054, body: {"url":"https://www.pup.edu.ph"}]
00:14:15.348 [ForkJoinPool-1-worker-3] DEBUG com.intuit.karate - request:
3 > POST http://localhost:22358/session/78a27a1e3f063e19f76c6f7d568a62de/window/maximize
3 > Accept-Encoding: gzip,deflate
3 > Connection: Keep-Alive
3 > Content-Length: 2
3 > Content-Type: application/json; charset=UTF-8
3 > Host: localhost:22358
3 > User-Agent: Apache-HttpClient/4.5.12 (Java/11.0.4)
{}

00:14:18.579 [ForkJoinPool-1-worker-3] DEBUG com.intuit.karate - response time in milliseconds: 3230.40
3 < 200
3 < Content-Length: 51
3 < Content-Type: application/json; charset=utf-8
3 < cache-control: no-cache
{"value":{"height":590,"width":1108,"x":-8,"y":-8}}

00:14:18.648 [ForkJoinPool-1-worker-3] DEBUG com.intuit.karate - request:
4 > POST http://localhost:22358/session/78a27a1e3f063e19f76c6f7d568a62de/execute/sync
4 > Accept-Encoding: gzip,deflate
4 > Connection: Keep-Alive
4 > Content-Length: 82
4 > Content-Type: application/json; charset=UTF-8
4 > Host: localhost:22358
4 > User-Agent: Apache-HttpClient/4.5.12 (Java/11.0.4)
{"script":"return document.querySelector(\".services-widget\").click()","args":[]}

00:14:18.927 [ForkJoinPool-1-worker-3] DEBUG com.intuit.karate - response time in milliseconds: 239.86
4 < 200
4 < Content-Length: 14
4 < Content-Type: application/json; charset=utf-8
4 < cache-control: no-cache
{"value":null}

00:14:18.987 [ForkJoinPool-1-worker-3] DEBUG com.intuit.karate - request:
5 > POST http://localhost:22358/session/78a27a1e3f063e19f76c6f7d568a62de/execute/sync
5 > Accept-Encoding: gzip,deflate
5 > Connection: Keep-Alive
5 > Content-Length: 169
5 > Content-Type: application/json; charset=UTF-8
5 > Host: localhost:22358
5 > User-Agent: Apache-HttpClient/4.5.12 (Java/11.0.4)
{"script":"return document.evaluate(\"//a[contains(normalize-space(text()),'Faculty Member or Employee')]\", document, null, 9, null).singleNodeValue.click()","args":[]}

00:14:33.727 [ForkJoinPool-1-worker-3] DEBUG com.intuit.karate - response time in milliseconds: 14737.01
5 < 500
5 < Content-Length: 1205
5 < Content-Type: application/json; charset=utf-8
5 < cache-control: no-cache
{"value":{"error":"unknown error","message":"unknown error: cannot determine loading status\nfrom unknown error: unexpected command response\n  (Session info: chrome=103.0.5060.134)","stacktrace":"Backtrace:\n\tOrdinal0 [0x00666463+2188387]\n\tOrdinal0 [0x005FE461+1762401]\n\tOrdinal0 [0x00513D78+802168]\n\tOrdinal0 [0x00507210+750096]\n\tOrdinal0 [0x0050675A+747354]\n\tOrdinal0 [0x00505D3F+744767]\n\tOrdinal0 [0x00504C28+740392]\n\tOrdinal0 [0x00505228+741928]\n\tOrdinal0 [0x0050F153+782675]\n\tOrdinal0 [0x00519FBB+827323]\n\tOrdinal0 [0x0051D310+840464]\n\tOrdinal0 [0x005054F6+742646]\n\tOrdinal0 [0x00519BF3+826355]\n\tOrdinal0 [0x0056CF6D+1167213]\n\tOrdinal0 [0x0055C5F6+1099254]\n\tOrdinal0 [0x00536BE0+945120]\n\tOrdinal0 [0x00537AD6+948950]\n\tGetHandleVerifier [0x009071F2+2712546]\n\tGetHandleVerifier [0x008F886D+2652765]\n\tGetHandleVerifier [0x006F002A+520730]\n\tGetHandleVerifier [0x006EEE06+516086]\n\tOrdinal0 [0x0060468B+1787531]\n\tOrdinal0 [0x00608E88+1805960]\n\tOrdinal0 [0x00608F75+1806197]\n\tOrdinal0 [0x00611DF1+1842673]\n\tBaseThreadInitThunk [0x7796FA29+25]\n\tRtlGetAppContainerNamedObjectPath [0x77BA7A7E+286]\n\tRtlGetAppContainerNamedObjectPath [0x77BA7A4E+238]\n"}}

00:14:33.729 [ForkJoinPool-1-worker-3] WARN  com.intuit.karate - http response code: 500, response: {"value":{"stacktrace":"Backtrace:\n\tOrdinal0 [0x00666463+2188387]\n\tOrdinal0 [0x005FE461+1762401]\n\tOrdinal0 [0x00513D78+802168]\n\tOrdinal0 [0x00507210+750096]\n\tOrdinal0 [0x0050675A+747354]\n\tOrdinal0 [0x00505D3F+744767]\n\tOrdinal0 [0x00504C28+740392]\n\tOrdinal0 [0x00505228+741928]\n\tOrdinal0 [0x0050F153+782675]\n\tOrdinal0 [0x00519FBB+827323]\n\tOrdinal0 [0x0051D310+840464]\n\tOrdinal0 [0x005054F6+742646]\n\tOrdinal0 [0x00519BF3+826355]\n\tOrdinal0 [0x0056CF6D+1167213]\n\tOrdinal0 [0x0055C5F6+1099254]\n\tOrdinal0 [0x00536BE0+945120]\n\tOrdinal0 [0x00537AD6+948950]\n\tGetHandleVerifier [0x009071F2+2712546]\n\tGetHandleVerifier [0x008F886D+2652765]\n\tGetHandleVerifier [0x006F002A+520730]\n\tGetHandleVerifier [0x006EEE06+516086]\n\tOrdinal0 [0x0060468B+1787531]\n\tOrdinal0 [0x00608E88+1805960]\n\tOrdinal0 [0x00608F75+1806197]\n\tOrdinal0 [0x00611DF1+1842673]\n\tBaseThreadInitThunk [0x7796FA29+25]\n\tRtlGetAppContainerNamedObjectPath [0x77BA7A7E+286]\n\tRtlGetAppContainerNamedObjectPath [0x77BA7A4E+238]\n","error":"unknown error","message":"unknown error: cannot determine loading status\nfrom unknown error: unexpected command response\n  (Session info: chrome=103.0.5060.134)"}}, request: [method: POST, responseTime: 14737.009, body: {"script":"return document.evaluate(\"//a[contains(normalize-space(text()),'Faculty Member or Employee')]\", document, null, 9, null).singleNodeValue.click()","args":[]}]
00:14:33.747 [ForkJoinPool-1-worker-3] DEBUG com.intuit.karate - request:
6 > POST http://localhost:22358/session/78a27a1e3f063e19f76c6f7d568a62de/execute/sync
6 > Accept-Encoding: gzip,deflate
6 > Connection: Keep-Alive
6 > Content-Length: 151
6 > Content-Type: application/json; charset=UTF-8
6 > Host: localhost:22358
6 > User-Agent: Apache-HttpClient/4.5.12 (Java/11.0.4)
{"script":"return document.evaluate(\"//a[normalize-space(text())='Downloadable Forms']\", document, null, 9, null).singleNodeValue.click()","args":[]}

00:14:36.639 [ForkJoinPool-1-worker-3] DEBUG com.intuit.karate - response time in milliseconds: 2889.79
6 < 200
6 < Content-Length: 14
6 < Content-Type: application/json; charset=utf-8
6 < cache-control: no-cache
{"value":null}

00:14:36.677 [ForkJoinPool-1-worker-3] DEBUG com.intuit.karate - request:
7 > GET http://localhost:22358/session/78a27a1e3f063e19f76c6f7d568a62de/url
7 > Accept-Encoding: gzip,deflate
7 > Connection: Keep-Alive
7 > Host: localhost:22358
7 > User-Agent: Apache-HttpClient/4.5.12 (Java/11.0.4)

00:14:36.697 [ForkJoinPool-1-worker-3] DEBUG com.intuit.karate - response time in milliseconds: 19.43
7 < 200
7 < Content-Length: 54
7 < Content-Type: application/json; charset=utf-8
7 < cache-control: no-cache
{"value":"https://www.pup.edu.ph/downloads/students/"}

00:14:36.698 [ForkJoinPool-1-worker-3] DEBUG c.intuit.karate.driver.DriverOptions - waitForUrl - retry #1
00:14:39.713 [ForkJoinPool-1-worker-3] DEBUG com.intuit.karate - request:
8 > GET http://localhost:22358/session/78a27a1e3f063e19f76c6f7d568a62de/url
8 > Accept-Encoding: gzip,deflate
8 > Connection: Keep-Alive
8 > Host: localhost:22358
8 > User-Agent: Apache-HttpClient/4.5.12 (Java/11.0.4)

00:14:39.729 [ForkJoinPool-1-worker-3] DEBUG com.intuit.karate - response time in milliseconds: 16.72
8 < 200
8 < Content-Length: 54
8 < Content-Type: application/json; charset=utf-8
8 < cache-control: no-cache
{"value":"https://www.pup.edu.ph/downloads/students/"}

00:14:39.729 [ForkJoinPool-1-worker-3] DEBUG c.intuit.karate.driver.DriverOptions - waitForUrl - retry #2
00:14:42.744 [ForkJoinPool-1-worker-3] DEBUG com.intuit.karate - request:
9 > GET http://localhost:22358/session/78a27a1e3f063e19f76c6f7d568a62de/url
9 > Accept-Encoding: gzip,deflate
9 > Connection: Keep-Alive
9 > Host: localhost:22358
9 > User-Agent: Apache-HttpClient/4.5.12 (Java/11.0.4)

00:14:42.797 [ForkJoinPool-1-worker-3] DEBUG com.intuit.karate - response time in milliseconds: 48.14
9 < 200
9 < Content-Length: 54
9 < Content-Type: application/json; charset=utf-8
9 < cache-control: no-cache
{"value":"https://www.pup.edu.ph/downloads/students/"}

00:14:42.798 [ForkJoinPool-1-worker-3] DEBUG c.intuit.karate.driver.DriverOptions - waitForUrl - retry #3
00:14:45.812 [ForkJoinPool-1-worker-3] DEBUG com.intuit.karate - request:
10 > GET http://localhost:22358/session/78a27a1e3f063e19f76c6f7d568a62de/url
10 > Accept-Encoding: gzip,deflate
10 > Connection: Keep-Alive
10 > Host: localhost:22358
10 > User-Agent: Apache-HttpClient/4.5.12 (Java/11.0.4)

00:14:45.836 [ForkJoinPool-1-worker-3] DEBUG com.intuit.karate - response time in milliseconds: 23.48
10 < 200
10 < Content-Length: 54
10 < Content-Type: application/json; charset=utf-8
10 < cache-control: no-cache
{"value":"https://www.pup.edu.ph/downloads/students/"}

00:14:45.837 [ForkJoinPool-1-worker-3] WARN  c.intuit.karate.driver.DriverOptions - waitForUrl: failed after 3 retries and 9164 milliseconds
00:14:45.843 [ForkJoinPool-1-worker-3] DEBUG com.intuit.karate - request:
11 > DELETE http://localhost:22358/session/78a27a1e3f063e19f76c6f7d568a62de/window
11 > Accept-Encoding: gzip,deflate
11 > Connection: Keep-Alive
11 > Host: localhost:22358
11 > User-Agent: Apache-HttpClient/4.5.12 (Java/11.0.4)

00:14:46.582 [ForkJoinPool-1-worker-3] DEBUG com.intuit.karate - response time in milliseconds: 743.71
11 < 200
11 < Content-Length: 12
11 < Content-Type: application/json; charset=utf-8
11 < cache-control: no-cache
{"value":[]}

00:14:46.582 [ForkJoinPool-1-worker-3] DEBUG com.intuit.karate - request:
12 > DELETE http://localhost:22358/session/78a27a1e3f063e19f76c6f7d568a62de
12 > Accept-Encoding: gzip,deflate
12 > Connection: Keep-Alive
12 > Host: localhost:22358
12 > User-Agent: Apache-HttpClient/4.5.12 (Java/11.0.4)

00:14:48.569 [ForkJoinPool-1-worker-3] DEBUG com.intuit.karate - response time in milliseconds: 1980.95
12 < 200
12 < Content-Length: 14
12 < Content-Type: application/json; charset=utf-8
12 < cache-control: no-cache
{"value":null}

00:14:48.569 [ForkJoinPool-1-worker-3] DEBUG com.intuit.karate.shell.Command - closing command: chromedriver_1659888840143
00:14:48.740 [pool-1-thread-1] INFO  com.intuit.karate.Runner - <<fail>> feature 21 of 29: src/test/java/examples/muyrong_3_1/download.feature
---------------------------------------------------------
feature: src/test/java/examples/muyrong_3_1/download.feature
report: target\surefire-reports\src.test.java.examples.muyrong_3_1.download.json
scenarios:  1 | passed:  0 | failed:  1 | time: 45.7060
---------------------------------------------------------
00:14:48.865 [ForkJoinPool-1-worker-3] INFO  com.intuit.karate - karate.env system property was:  
00:14:48.881 [ForkJoinPool-1-worker-3] DEBUG com.intuit.karate.shell.Command - found / verified free local port: 22456
00:14:48.881 [ForkJoinPool-1-worker-3] WARN  c.intuit.karate.driver.DriverOptions - preferred port 9515 not available, will use: 22456
00:14:48.897 [ForkJoinPool-1-worker-3] DEBUG c.i.k.d.chromedriver_1659888888881 - poll attempt #0 for port to be ready - localhost:22456
00:14:48.897 [chromedriver_1659888888881] DEBUG c.i.k.d.chromedriver_1659888888881 - command: [C:/Program Files/Google/Chrome/Application/chromedriver.exe, --port=22456, --user-data-dir=C:\Users\Claire\IdeaProjects\Automation_Testing\target\chromedriver_1659888888881]
00:14:49.343 [chromedriver_1659888888881-out] DEBUG c.i.k.d.chromedriver_1659888888881 - Starting ChromeDriver 103.0.5060.53 (a1711811edd74ff1cf2150f36ffa3b0dae40b17f-refs/branch-heads/5060@{#853}) on port 22456
00:14:49.343 [chromedriver_1659888888881-out] DEBUG c.i.k.d.chromedriver_1659888888881 - Only local connections are allowed.
00:14:49.343 [chromedriver_1659888888881-out] DEBUG c.i.k.d.chromedriver_1659888888881 - Please see https://chromedriver.chromium.org/security-considerations for suggestions on keeping ChromeDriver safe.
00:14:49.389 [chromedriver_1659888888881-out] DEBUG c.i.k.d.chromedriver_1659888888881 - ChromeDriver was started successfully.
00:14:49.436 [ForkJoinPool-1-worker-3] DEBUG com.intuit.karate - request:
1 > POST http://localhost:22456/session
1 > Accept-Encoding: gzip,deflate
1 > Connection: Keep-Alive
1 > Content-Length: 57
1 > Content-Type: application/json; charset=UTF-8
1 > Host: localhost:22456
1 > User-Agent: Apache-HttpClient/4.5.12 (Java/11.0.4)
{"capabilities":{"alwaysMatch":{"browserName":"chrome"}}}

00:14:49.780 [chromedriver_1659888840143] WARN  com.intuit.karate.shell.Command - exit code was non-zero: 1 - [C:/Program Files/Google/Chrome/Application/chromedriver.exe, --port=22358, --user-data-dir=C:\Users\Claire\IdeaProjects\Automation_Testing\target\chromedriver_1659888840143]
00:14:49.780 [chromedriver_1659888840143] DEBUG com.intuit.karate.shell.Command - console readers complete
00:14:52.220 [ForkJoinPool-1-worker-3] DEBUG com.intuit.karate - response time in milliseconds: 2777.25
1 < 200
1 < Content-Length: 792
1 < Content-Type: application/json; charset=utf-8
1 < cache-control: no-cache
{"value":{"capabilities":{"acceptInsecureCerts":false,"browserName":"chrome","browserVersion":"103.0.5060.134","chrome":{"chromedriverVersion":"103.0.5060.53 (a1711811edd74ff1cf2150f36ffa3b0dae40b17f-refs/branch-heads/5060@{#853})","userDataDir":"C:\\Users\\Claire\\AppData\\Local\\Temp\\scoped_dir13028_1728031194"},"goog:chromeOptions":{"debuggerAddress":"localhost:22459"},"networkConnectionEnabled":false,"pageLoadStrategy":"normal","platformName":"windows","proxy":{},"setWindowRect":true,"strictFileInteractability":false,"timeouts":{"implicit":0,"pageLoad":300000,"script":30000},"unhandledPromptBehavior":"dismiss and notify","webauthn:extension:credBlob":true,"webauthn:extension:largeBlob":true,"webauthn:virtualAuthenticators":true},"sessionId":"9855dec282d90022fef4d3e90f7f4792"}}

00:14:52.223 [ForkJoinPool-1-worker-3] DEBUG c.i.k.d.chromedriver_1659888888881 - init session id: 9855dec282d90022fef4d3e90f7f4792
00:14:52.684 [ForkJoinPool-1-worker-3] DEBUG com.intuit.karate - request:
2 > POST http://localhost:22456/session/9855dec282d90022fef4d3e90f7f4792/url
2 > Accept-Encoding: gzip,deflate
2 > Connection: Keep-Alive
2 > Content-Length: 33
2 > Content-Type: application/json; charset=UTF-8
2 > Host: localhost:22456
2 > User-Agent: Apache-HttpClient/4.5.12 (Java/11.0.4)
{"url":"https://www.pup.edu.ph/"}

00:15:03.421 [ForkJoinPool-1-worker-3] DEBUG com.intuit.karate - response time in milliseconds: 10725.40
2 < 200
2 < Content-Length: 14
2 < Content-Type: application/json; charset=utf-8
2 < cache-control: no-cache
{"value":null}

00:15:03.468 [ForkJoinPool-1-worker-3] DEBUG com.intuit.karate - request:
3 > POST http://localhost:22456/session/9855dec282d90022fef4d3e90f7f4792/execute/sync
3 > Accept-Encoding: gzip,deflate
3 > Connection: Keep-Alive
3 > Content-Length: 141
3 > Content-Type: application/json; charset=UTF-8
3 > Host: localhost:22456
3 > User-Agent: Apache-HttpClient/4.5.12 (Java/11.0.4)
{"script":"return document.evaluate(\"//a[normalize-space(text())='Academic']\", document, null, 9, null).singleNodeValue.click()","args":[]}

00:15:08.674 [ForkJoinPool-1-worker-3] DEBUG com.intuit.karate - response time in milliseconds: 5201.07
3 < 200
3 < Content-Length: 14
3 < Content-Type: application/json; charset=utf-8
3 < cache-control: no-cache
{"value":null}

00:15:08.709 [ForkJoinPool-1-worker-3] DEBUG com.intuit.karate - request:
4 > POST http://localhost:22456/session/9855dec282d90022fef4d3e90f7f4792/execute/sync
4 > Accept-Encoding: gzip,deflate
4 > Connection: Keep-Alive
4 > Content-Length: 149
4 > Content-Type: application/json; charset=UTF-8
4 > Host: localhost:22456
4 > User-Agent: Apache-HttpClient/4.5.12 (Java/11.0.4)
{"script":"return document.evaluate(\"//a[normalize-space(text())='Graduate Studies']\", document, null, 9, null).singleNodeValue.click()","args":[]}

00:15:10.451 [ForkJoinPool-1-worker-3] DEBUG com.intuit.karate - response time in milliseconds: 1739.70
4 < 200
4 < Content-Length: 14
4 < Content-Type: application/json; charset=utf-8
4 < cache-control: no-cache
{"value":null}

00:15:10.502 [ForkJoinPool-1-worker-3] DEBUG com.intuit.karate - request:
5 > GET http://localhost:22456/session/9855dec282d90022fef4d3e90f7f4792/url
5 > Accept-Encoding: gzip,deflate
5 > Connection: Keep-Alive
5 > Host: localhost:22456
5 > User-Agent: Apache-HttpClient/4.5.12 (Java/11.0.4)

00:15:10.650 [ForkJoinPool-1-worker-3] DEBUG com.intuit.karate - response time in milliseconds: 145.62
5 < 200
5 < Content-Length: 59
5 < Content-Type: application/json; charset=utf-8
5 < cache-control: no-cache
{"value":"https://www.pup.edu.ph/academic/graduatestudies"}

00:15:10.674 [ForkJoinPool-1-worker-3] DEBUG com.intuit.karate - request:
6 > DELETE http://localhost:22456/session/9855dec282d90022fef4d3e90f7f4792/window
6 > Accept-Encoding: gzip,deflate
6 > Connection: Keep-Alive
6 > Host: localhost:22456
6 > User-Agent: Apache-HttpClient/4.5.12 (Java/11.0.4)

00:15:11.678 [ForkJoinPool-1-worker-3] DEBUG com.intuit.karate - response time in milliseconds: 1008.08
6 < 200
6 < Content-Length: 12
6 < Content-Type: application/json; charset=utf-8
6 < cache-control: no-cache
{"value":[]}

00:15:11.686 [ForkJoinPool-1-worker-3] DEBUG com.intuit.karate - request:
7 > DELETE http://localhost:22456/session/9855dec282d90022fef4d3e90f7f4792
7 > Accept-Encoding: gzip,deflate
7 > Connection: Keep-Alive
7 > Host: localhost:22456
7 > User-Agent: Apache-HttpClient/4.5.12 (Java/11.0.4)

00:15:12.106 [ForkJoinPool-1-worker-3] DEBUG com.intuit.karate - response time in milliseconds: 421.55
7 < 200
7 < Content-Length: 14
7 < Content-Type: application/json; charset=utf-8
7 < cache-control: no-cache
{"value":null}

00:15:12.106 [ForkJoinPool-1-worker-3] DEBUG com.intuit.karate.shell.Command - closing command: chromedriver_1659888888881
00:15:12.137 [chromedriver_1659888888881] WARN  com.intuit.karate.shell.Command - exit code was non-zero: 1 - [C:/Program Files/Google/Chrome/Application/chromedriver.exe, --port=22456, --user-data-dir=C:\Users\Claire\IdeaProjects\Automation_Testing\target\chromedriver_1659888888881]
00:15:12.137 [chromedriver_1659888888881] DEBUG com.intuit.karate.shell.Command - console readers complete
00:15:12.165 [ForkJoinPool-1-worker-3] INFO  com.intuit.karate - karate.env system property was:  
00:15:12.175 [ForkJoinPool-1-worker-3] DEBUG com.intuit.karate.shell.Command - found / verified free local port: 22524
00:15:12.177 [ForkJoinPool-1-worker-3] WARN  c.intuit.karate.driver.DriverOptions - preferred port 9515 not available, will use: 22524
00:15:12.188 [ForkJoinPool-1-worker-3] DEBUG c.i.k.d.chromedriver_1659888912167 - poll attempt #0 for port to be ready - localhost:22524
00:15:12.188 [chromedriver_1659888912167] DEBUG c.i.k.d.chromedriver_1659888912167 - command: [C:/Program Files/Google/Chrome/Application/chromedriver.exe, --port=22524, --user-data-dir=C:\Users\Claire\IdeaProjects\Automation_Testing\target\chromedriver_1659888912167]
00:15:12.594 [chromedriver_1659888912167-out] DEBUG c.i.k.d.chromedriver_1659888912167 - Starting ChromeDriver 103.0.5060.53 (a1711811edd74ff1cf2150f36ffa3b0dae40b17f-refs/branch-heads/5060@{#853}) on port 22524
00:15:12.594 [chromedriver_1659888912167-out] DEBUG c.i.k.d.chromedriver_1659888912167 - Only local connections are allowed.
00:15:12.594 [chromedriver_1659888912167-out] DEBUG c.i.k.d.chromedriver_1659888912167 - Please see https://chromedriver.chromium.org/security-considerations for suggestions on keeping ChromeDriver safe.
00:15:12.624 [chromedriver_1659888912167-out] DEBUG c.i.k.d.chromedriver_1659888912167 - ChromeDriver was started successfully.
00:15:12.716 [ForkJoinPool-1-worker-3] DEBUG com.intuit.karate - request:
1 > POST http://localhost:22524/session
1 > Accept-Encoding: gzip,deflate
1 > Connection: Keep-Alive
1 > Content-Length: 57
1 > Content-Type: application/json; charset=UTF-8
1 > Host: localhost:22524
1 > User-Agent: Apache-HttpClient/4.5.12 (Java/11.0.4)
{"capabilities":{"alwaysMatch":{"browserName":"chrome"}}}

00:15:15.054 [ForkJoinPool-1-worker-3] DEBUG com.intuit.karate - response time in milliseconds: 2335.93
1 < 200
1 < Content-Length: 792
1 < Content-Type: application/json; charset=utf-8
1 < cache-control: no-cache
{"value":{"capabilities":{"acceptInsecureCerts":false,"browserName":"chrome","browserVersion":"103.0.5060.134","chrome":{"chromedriverVersion":"103.0.5060.53 (a1711811edd74ff1cf2150f36ffa3b0dae40b17f-refs/branch-heads/5060@{#853})","userDataDir":"C:\\Users\\Claire\\AppData\\Local\\Temp\\scoped_dir13000_1217684249"},"goog:chromeOptions":{"debuggerAddress":"localhost:22527"},"networkConnectionEnabled":false,"pageLoadStrategy":"normal","platformName":"windows","proxy":{},"setWindowRect":true,"strictFileInteractability":false,"timeouts":{"implicit":0,"pageLoad":300000,"script":30000},"unhandledPromptBehavior":"dismiss and notify","webauthn:extension:credBlob":true,"webauthn:extension:largeBlob":true,"webauthn:virtualAuthenticators":true},"sessionId":"8c60bad8bf72f27b4e5c9f25e3a540de"}}

00:15:15.058 [ForkJoinPool-1-worker-3] DEBUG c.i.k.d.chromedriver_1659888912167 - init session id: 8c60bad8bf72f27b4e5c9f25e3a540de
00:15:15.546 [ForkJoinPool-1-worker-3] DEBUG com.intuit.karate - request:
2 > POST http://localhost:22524/session/8c60bad8bf72f27b4e5c9f25e3a540de/url
2 > Accept-Encoding: gzip,deflate
2 > Connection: Keep-Alive
2 > Content-Length: 33
2 > Content-Type: application/json; charset=UTF-8
2 > Host: localhost:22524
2 > User-Agent: Apache-HttpClient/4.5.12 (Java/11.0.4)
{"url":"https://www.pup.edu.ph/"}

00:15:35.769 [ForkJoinPool-1-worker-3] DEBUG com.intuit.karate - response time in milliseconds: 20214.31
2 < 500
2 < Content-Length: 1205
2 < Content-Type: application/json; charset=utf-8
2 < cache-control: no-cache
{"value":{"error":"unknown error","message":"unknown error: cannot determine loading status\nfrom unknown error: unexpected command response\n  (Session info: chrome=103.0.5060.134)","stacktrace":"Backtrace:\n\tOrdinal0 [0x00666463+2188387]\n\tOrdinal0 [0x005FE461+1762401]\n\tOrdinal0 [0x00513D78+802168]\n\tOrdinal0 [0x00507210+750096]\n\tOrdinal0 [0x0050675A+747354]\n\tOrdinal0 [0x00505D3F+744767]\n\tOrdinal0 [0x00504C28+740392]\n\tOrdinal0 [0x00505228+741928]\n\tOrdinal0 [0x0050F153+782675]\n\tOrdinal0 [0x00519FBB+827323]\n\tOrdinal0 [0x0051D310+840464]\n\tOrdinal0 [0x005054F6+742646]\n\tOrdinal0 [0x00519BF3+826355]\n\tOrdinal0 [0x0056CF6D+1167213]\n\tOrdinal0 [0x0055C5F6+1099254]\n\tOrdinal0 [0x00536BE0+945120]\n\tOrdinal0 [0x00537AD6+948950]\n\tGetHandleVerifier [0x009071F2+2712546]\n\tGetHandleVerifier [0x008F886D+2652765]\n\tGetHandleVerifier [0x006F002A+520730]\n\tGetHandleVerifier [0x006EEE06+516086]\n\tOrdinal0 [0x0060468B+1787531]\n\tOrdinal0 [0x00608E88+1805960]\n\tOrdinal0 [0x00608F75+1806197]\n\tOrdinal0 [0x00611DF1+1842673]\n\tBaseThreadInitThunk [0x7796FA29+25]\n\tRtlGetAppContainerNamedObjectPath [0x77BA7A7E+286]\n\tRtlGetAppContainerNamedObjectPath [0x77BA7A4E+238]\n"}}

00:15:35.771 [ForkJoinPool-1-worker-3] WARN  com.intuit.karate - http response code: 500, response: {"value":{"stacktrace":"Backtrace:\n\tOrdinal0 [0x00666463+2188387]\n\tOrdinal0 [0x005FE461+1762401]\n\tOrdinal0 [0x00513D78+802168]\n\tOrdinal0 [0x00507210+750096]\n\tOrdinal0 [0x0050675A+747354]\n\tOrdinal0 [0x00505D3F+744767]\n\tOrdinal0 [0x00504C28+740392]\n\tOrdinal0 [0x00505228+741928]\n\tOrdinal0 [0x0050F153+782675]\n\tOrdinal0 [0x00519FBB+827323]\n\tOrdinal0 [0x0051D310+840464]\n\tOrdinal0 [0x005054F6+742646]\n\tOrdinal0 [0x00519BF3+826355]\n\tOrdinal0 [0x0056CF6D+1167213]\n\tOrdinal0 [0x0055C5F6+1099254]\n\tOrdinal0 [0x00536BE0+945120]\n\tOrdinal0 [0x00537AD6+948950]\n\tGetHandleVerifier [0x009071F2+2712546]\n\tGetHandleVerifier [0x008F886D+2652765]\n\tGetHandleVerifier [0x006F002A+520730]\n\tGetHandleVerifier [0x006EEE06+516086]\n\tOrdinal0 [0x0060468B+1787531]\n\tOrdinal0 [0x00608E88+1805960]\n\tOrdinal0 [0x00608F75+1806197]\n\tOrdinal0 [0x00611DF1+1842673]\n\tBaseThreadInitThunk [0x7796FA29+25]\n\tRtlGetAppContainerNamedObjectPath [0x77BA7A7E+286]\n\tRtlGetAppContainerNamedObjectPath [0x77BA7A4E+238]\n","error":"unknown error","message":"unknown error: cannot determine loading status\nfrom unknown error: unexpected command response\n  (Session info: chrome=103.0.5060.134)"}}, request: [method: POST, responseTime: 20214.3102, body: {"url":"https://www.pup.edu.ph/"}]
00:15:35.823 [ForkJoinPool-1-worker-3] DEBUG com.intuit.karate - request:
3 > POST http://localhost:22524/session/8c60bad8bf72f27b4e5c9f25e3a540de/execute/sync
3 > Accept-Encoding: gzip,deflate
3 > Connection: Keep-Alive
3 > Content-Length: 141
3 > Content-Type: application/json; charset=UTF-8
3 > Host: localhost:22524
3 > User-Agent: Apache-HttpClient/4.5.12 (Java/11.0.4)
{"script":"return document.evaluate(\"//a[normalize-space(text())='Academic']\", document, null, 9, null).singleNodeValue.click()","args":[]}

00:15:39.887 [ForkJoinPool-1-worker-3] DEBUG com.intuit.karate - response time in milliseconds: 4063.35
3 < 200
3 < Content-Length: 14
3 < Content-Type: application/json; charset=utf-8
3 < cache-control: no-cache
{"value":null}

00:15:39.936 [ForkJoinPool-1-worker-3] DEBUG com.intuit.karate - request:
4 > POST http://localhost:22524/session/8c60bad8bf72f27b4e5c9f25e3a540de/execute/sync
4 > Accept-Encoding: gzip,deflate
4 > Connection: Keep-Alive
4 > Content-Length: 150
4 > Content-Type: application/json; charset=UTF-8
4 > Host: localhost:22524
4 > User-Agent: Apache-HttpClient/4.5.12 (Java/11.0.4)
{"script":"return document.evaluate(\"//a[normalize-space(text())='Academic Programs']\", document, null, 9, null).singleNodeValue.click()","args":[]}

00:15:42.381 [ForkJoinPool-1-worker-3] DEBUG com.intuit.karate - response time in milliseconds: 2419.21
4 < 200
4 < Content-Length: 14
4 < Content-Type: application/json; charset=utf-8
4 < cache-control: no-cache
{"value":null}

00:15:42.492 [ForkJoinPool-1-worker-3] DEBUG com.intuit.karate - request:
5 > GET http://localhost:22524/session/8c60bad8bf72f27b4e5c9f25e3a540de/url
5 > Accept-Encoding: gzip,deflate
5 > Connection: Keep-Alive
5 > Host: localhost:22524
5 > User-Agent: Apache-HttpClient/4.5.12 (Java/11.0.4)

00:15:45.458 [ForkJoinPool-1-worker-3] DEBUG com.intuit.karate - response time in milliseconds: 2961.47
5 < 200
5 < Content-Length: 52
5 < Content-Type: application/json; charset=utf-8
5 < cache-control: no-cache
{"value":"https://www.pup.edu.ph/academic/programs"}

00:15:45.486 [ForkJoinPool-1-worker-3] DEBUG com.intuit.karate - request:
6 > DELETE http://localhost:22524/session/8c60bad8bf72f27b4e5c9f25e3a540de/window
6 > Accept-Encoding: gzip,deflate
6 > Connection: Keep-Alive
6 > Host: localhost:22524
6 > User-Agent: Apache-HttpClient/4.5.12 (Java/11.0.4)

00:15:54.619 [ForkJoinPool-1-worker-3] DEBUG com.intuit.karate - response time in milliseconds: 9142.44
6 < 200
6 < Content-Length: 12
6 < Content-Type: application/json; charset=utf-8
6 < cache-control: no-cache
{"value":[]}

00:15:54.619 [ForkJoinPool-1-worker-3] DEBUG com.intuit.karate - request:
7 > DELETE http://localhost:22524/session/8c60bad8bf72f27b4e5c9f25e3a540de
7 > Accept-Encoding: gzip,deflate
7 > Connection: Keep-Alive
7 > Host: localhost:22524
7 > User-Agent: Apache-HttpClient/4.5.12 (Java/11.0.4)

00:15:55.025 [ForkJoinPool-1-worker-3] DEBUG com.intuit.karate - response time in milliseconds: 402.12
7 < 200
7 < Content-Length: 14
7 < Content-Type: application/json; charset=utf-8
7 < cache-control: no-cache
{"value":null}

00:15:55.025 [ForkJoinPool-1-worker-3] DEBUG com.intuit.karate.shell.Command - closing command: chromedriver_1659888912167
00:15:55.119 [chromedriver_1659888912167] WARN  com.intuit.karate.shell.Command - exit code was non-zero: 1 - [C:/Program Files/Google/Chrome/Application/chromedriver.exe, --port=22524, --user-data-dir=C:\Users\Claire\IdeaProjects\Automation_Testing\target\chromedriver_1659888912167]
00:15:55.119 [chromedriver_1659888912167] DEBUG com.intuit.karate.shell.Command - console readers complete
00:15:55.213 [pool-1-thread-1] INFO  com.intuit.karate.Runner - <<pass>> feature 22 of 29: src/test/java/examples/razal_3_1/pup_test.feature
---------------------------------------------------------
feature: src/test/java/examples/razal_3_1/pup_test.feature
report: target\surefire-reports\src.test.java.examples.razal_3_1.pup_test.json
scenarios:  2 | passed:  2 | failed:  0 | time: 55.0859
---------------------------------------------------------
00:15:55.322 [ForkJoinPool-1-worker-3] INFO  com.intuit.karate - karate.env system property was:  
00:15:55.338 [ForkJoinPool-1-worker-3] DEBUG com.intuit.karate.shell.Command - found / verified free local port: 22610
00:15:55.338 [ForkJoinPool-1-worker-3] WARN  c.intuit.karate.driver.DriverOptions - preferred port 9515 not available, will use: 22610
00:15:55.338 [ForkJoinPool-1-worker-3] DEBUG c.i.k.d.chromedriver_1659888955338 - poll attempt #0 for port to be ready - localhost:22610
00:15:55.353 [chromedriver_1659888955338] DEBUG c.i.k.d.chromedriver_1659888955338 - command: [C:/Program Files/Google/Chrome/Application/chromedriver.exe, --port=22610, --user-data-dir=C:\Users\Claire\IdeaProjects\Automation_Testing\target\chromedriver_1659888955338]
00:15:55.760 [chromedriver_1659888955338-out] DEBUG c.i.k.d.chromedriver_1659888955338 - Starting ChromeDriver 103.0.5060.53 (a1711811edd74ff1cf2150f36ffa3b0dae40b17f-refs/branch-heads/5060@{#853}) on port 22610
00:15:55.760 [chromedriver_1659888955338-out] DEBUG c.i.k.d.chromedriver_1659888955338 - Only local connections are allowed.
00:15:55.760 [chromedriver_1659888955338-out] DEBUG c.i.k.d.chromedriver_1659888955338 - Please see https://chromedriver.chromium.org/security-considerations for suggestions on keeping ChromeDriver safe.
00:15:55.792 [chromedriver_1659888955338-out] DEBUG c.i.k.d.chromedriver_1659888955338 - ChromeDriver was started successfully.
00:15:55.995 [ForkJoinPool-1-worker-3] DEBUG com.intuit.karate - request:
1 > POST http://localhost:22610/session
1 > Accept-Encoding: gzip,deflate
1 > Connection: Keep-Alive
1 > Content-Length: 57
1 > Content-Type: application/json; charset=UTF-8
1 > Host: localhost:22610
1 > User-Agent: Apache-HttpClient/4.5.12 (Java/11.0.4)
{"capabilities":{"alwaysMatch":{"browserName":"chrome"}}}

00:15:59.368 [ForkJoinPool-1-worker-3] DEBUG com.intuit.karate - response time in milliseconds: 3364.29
1 < 200
1 < Content-Length: 792
1 < Content-Type: application/json; charset=utf-8
1 < cache-control: no-cache
{"value":{"capabilities":{"acceptInsecureCerts":false,"browserName":"chrome","browserVersion":"103.0.5060.134","chrome":{"chromedriverVersion":"103.0.5060.53 (a1711811edd74ff1cf2150f36ffa3b0dae40b17f-refs/branch-heads/5060@{#853})","userDataDir":"C:\\Users\\Claire\\AppData\\Local\\Temp\\scoped_dir10780_1691924653"},"goog:chromeOptions":{"debuggerAddress":"localhost:22614"},"networkConnectionEnabled":false,"pageLoadStrategy":"normal","platformName":"windows","proxy":{},"setWindowRect":true,"strictFileInteractability":false,"timeouts":{"implicit":0,"pageLoad":300000,"script":30000},"unhandledPromptBehavior":"dismiss and notify","webauthn:extension:credBlob":true,"webauthn:extension:largeBlob":true,"webauthn:virtualAuthenticators":true},"sessionId":"a2ab769aa302e796e60240ade9e83163"}}

00:15:59.374 [ForkJoinPool-1-worker-3] DEBUG c.i.k.d.chromedriver_1659888955338 - init session id: a2ab769aa302e796e60240ade9e83163
00:16:00.209 [ForkJoinPool-1-worker-3] DEBUG com.intuit.karate - request:
2 > POST http://localhost:22610/session/a2ab769aa302e796e60240ade9e83163/url
2 > Accept-Encoding: gzip,deflate
2 > Connection: Keep-Alive
2 > Content-Length: 33
2 > Content-Type: application/json; charset=UTF-8
2 > Host: localhost:22610
2 > User-Agent: Apache-HttpClient/4.5.12 (Java/11.0.4)
{"url":"https://www.pup.edu.ph/"}

00:16:16.841 [ForkJoinPool-1-worker-3] DEBUG com.intuit.karate - response time in milliseconds: 16626.90
2 < 200
2 < Content-Length: 14
2 < Content-Type: application/json; charset=utf-8
2 < cache-control: no-cache
{"value":null}

00:16:16.912 [ForkJoinPool-1-worker-3] DEBUG com.intuit.karate - request:
3 > POST http://localhost:22610/session/a2ab769aa302e796e60240ade9e83163/execute/sync
3 > Accept-Encoding: gzip,deflate
3 > Connection: Keep-Alive
3 > Content-Length: 144
3 > Content-Type: application/json; charset=UTF-8
3 > Host: localhost:22610
3 > User-Agent: Apache-HttpClient/4.5.12 (Java/11.0.4)
{"script":"return document.evaluate(\"// a [normalize-space(text())='About PUP']\", document, null, 9, null).singleNodeValue.click()","args":[]}

00:16:32.097 [ForkJoinPool-1-worker-3] DEBUG com.intuit.karate - response time in milliseconds: 15183.82
3 < 200
3 < Content-Length: 14
3 < Content-Type: application/json; charset=utf-8
3 < cache-control: no-cache
{"value":null}

00:16:32.131 [ForkJoinPool-1-worker-3] DEBUG com.intuit.karate - request:
4 > POST http://localhost:22610/session/a2ab769aa302e796e60240ade9e83163/execute/sync
4 > Accept-Encoding: gzip,deflate
4 > Connection: Keep-Alive
4 > Content-Length: 166
4 > Content-Type: application/json; charset=UTF-8
4 > Host: localhost:22610
4 > User-Agent: Apache-HttpClient/4.5.12 (Java/11.0.4)
{"script":"return document.evaluate(\"// a [normalize-space(text())='Branches and Satellite Campuses']\", document, null, 9, null).singleNodeValue.click()","args":[]}

00:16:34.841 [ForkJoinPool-1-worker-3] DEBUG com.intuit.karate - response time in milliseconds: 2708.93
4 < 200
4 < Content-Length: 14
4 < Content-Type: application/json; charset=utf-8
4 < cache-control: no-cache
{"value":null}

00:16:34.893 [ForkJoinPool-1-worker-3] DEBUG com.intuit.karate - request:
5 > GET http://localhost:22610/session/a2ab769aa302e796e60240ade9e83163/url
5 > Accept-Encoding: gzip,deflate
5 > Connection: Keep-Alive
5 > Host: localhost:22610
5 > User-Agent: Apache-HttpClient/4.5.12 (Java/11.0.4)

00:16:34.979 [ForkJoinPool-1-worker-3] DEBUG com.intuit.karate - response time in milliseconds: 84.69
5 < 200
5 < Content-Length: 57
5 < Content-Type: application/json; charset=utf-8
5 < cache-control: no-cache
{"value":"https://www.pup.edu.ph/about/branchescampuses"}

00:16:35.003 [ForkJoinPool-1-worker-3] DEBUG com.intuit.karate - request:
6 > DELETE http://localhost:22610/session/a2ab769aa302e796e60240ade9e83163/window
6 > Accept-Encoding: gzip,deflate
6 > Connection: Keep-Alive
6 > Host: localhost:22610
6 > User-Agent: Apache-HttpClient/4.5.12 (Java/11.0.4)

00:16:36.166 [ForkJoinPool-1-worker-3] DEBUG com.intuit.karate - response time in milliseconds: 1161.85
6 < 200
6 < Content-Length: 12
6 < Content-Type: application/json; charset=utf-8
6 < cache-control: no-cache
{"value":[]}

00:16:36.170 [ForkJoinPool-1-worker-3] DEBUG com.intuit.karate - request:
7 > DELETE http://localhost:22610/session/a2ab769aa302e796e60240ade9e83163
7 > Accept-Encoding: gzip,deflate
7 > Connection: Keep-Alive
7 > Host: localhost:22610
7 > User-Agent: Apache-HttpClient/4.5.12 (Java/11.0.4)

00:16:39.262 [ForkJoinPool-1-worker-3] DEBUG com.intuit.karate - response time in milliseconds: 3092.11
7 < 200
7 < Content-Length: 14
7 < Content-Type: application/json; charset=utf-8
7 < cache-control: no-cache
{"value":null}

00:16:39.262 [ForkJoinPool-1-worker-3] DEBUG com.intuit.karate.shell.Command - closing command: chromedriver_1659888955338
00:16:39.434 [pool-1-thread-1] INFO  com.intuit.karate.Runner - <<pass>> feature 23 of 29: src/test/java/examples/rosemblot_3_1/rosemblot - pup_branchandcampuses.feature
---------------------------------------------------------
feature: src/test/java/examples/rosemblot_3_1/rosemblot - pup_branchandcampuses.feature
report: target\surefire-reports\src.test.java.examples.rosemblot_3_1.rosemblot - pup_branchandcampuses.json
scenarios:  1 | passed:  1 | failed:  0 | time: 39.6571
---------------------------------------------------------
00:16:39.574 [ForkJoinPool-1-worker-3] INFO  com.intuit.karate - karate.env system property was:  
00:16:39.606 [ForkJoinPool-1-worker-3] DEBUG com.intuit.karate.shell.Command - found / verified free local port: 22690
00:16:39.606 [ForkJoinPool-1-worker-3] WARN  c.intuit.karate.driver.DriverOptions - preferred port 9515 not available, will use: 22690
00:16:39.653 [ForkJoinPool-1-worker-3] DEBUG c.i.k.d.chromedriver_1659888999606 - poll attempt #0 for port to be ready - localhost:22690
00:16:39.668 [chromedriver_1659888999606] DEBUG c.i.k.d.chromedriver_1659888999606 - command: [C:/Program Files/Google/Chrome/Application/chromedriver.exe, --port=22690, --user-data-dir=C:\Users\Claire\IdeaProjects\Automation_Testing\target\chromedriver_1659888999606]
00:16:39.887 [chromedriver_1659888955338] WARN  com.intuit.karate.shell.Command - exit code was non-zero: 1 - [C:/Program Files/Google/Chrome/Application/chromedriver.exe, --port=22610, --user-data-dir=C:\Users\Claire\IdeaProjects\Automation_Testing\target\chromedriver_1659888955338]
00:16:39.887 [chromedriver_1659888955338] DEBUG com.intuit.karate.shell.Command - console readers complete
00:16:40.106 [chromedriver_1659888999606-out] DEBUG c.i.k.d.chromedriver_1659888999606 - Starting ChromeDriver 103.0.5060.53 (a1711811edd74ff1cf2150f36ffa3b0dae40b17f-refs/branch-heads/5060@{#853}) on port 22690
00:16:40.106 [chromedriver_1659888999606-out] DEBUG c.i.k.d.chromedriver_1659888999606 - Only local connections are allowed.
00:16:40.106 [chromedriver_1659888999606-out] DEBUG c.i.k.d.chromedriver_1659888999606 - Please see https://chromedriver.chromium.org/security-considerations for suggestions on keeping ChromeDriver safe.
00:16:40.137 [chromedriver_1659888999606-out] DEBUG c.i.k.d.chromedriver_1659888999606 - ChromeDriver was started successfully.
00:16:40.215 [ForkJoinPool-1-worker-3] DEBUG com.intuit.karate - request:
1 > POST http://localhost:22690/session
1 > Accept-Encoding: gzip,deflate
1 > Connection: Keep-Alive
1 > Content-Length: 57
1 > Content-Type: application/json; charset=UTF-8
1 > Host: localhost:22690
1 > User-Agent: Apache-HttpClient/4.5.12 (Java/11.0.4)
{"capabilities":{"alwaysMatch":{"browserName":"chrome"}}}

00:16:46.270 [ForkJoinPool-1-worker-3] DEBUG com.intuit.karate - response time in milliseconds: 6049.87
1 < 200
1 < Content-Length: 791
1 < Content-Type: application/json; charset=utf-8
1 < cache-control: no-cache
{"value":{"capabilities":{"acceptInsecureCerts":false,"browserName":"chrome","browserVersion":"103.0.5060.134","chrome":{"chromedriverVersion":"103.0.5060.53 (a1711811edd74ff1cf2150f36ffa3b0dae40b17f-refs/branch-heads/5060@{#853})","userDataDir":"C:\\Users\\Claire\\AppData\\Local\\Temp\\scoped_dir13908_336833348"},"goog:chromeOptions":{"debuggerAddress":"localhost:22693"},"networkConnectionEnabled":false,"pageLoadStrategy":"normal","platformName":"windows","proxy":{},"setWindowRect":true,"strictFileInteractability":false,"timeouts":{"implicit":0,"pageLoad":300000,"script":30000},"unhandledPromptBehavior":"dismiss and notify","webauthn:extension:credBlob":true,"webauthn:extension:largeBlob":true,"webauthn:virtualAuthenticators":true},"sessionId":"f9fa00268511d425f3a9535907fcc4dd"}}

00:16:46.272 [ForkJoinPool-1-worker-3] DEBUG c.i.k.d.chromedriver_1659888999606 - init session id: f9fa00268511d425f3a9535907fcc4dd
00:16:47.810 [ForkJoinPool-1-worker-3] DEBUG com.intuit.karate - request:
2 > POST http://localhost:22690/session/f9fa00268511d425f3a9535907fcc4dd/url
2 > Accept-Encoding: gzip,deflate
2 > Connection: Keep-Alive
2 > Content-Length: 33
2 > Content-Type: application/json; charset=UTF-8
2 > Host: localhost:22690
2 > User-Agent: Apache-HttpClient/4.5.12 (Java/11.0.4)
{"url":"https://www.pup.edu.ph/"}

00:17:17.824 [ForkJoinPool-1-worker-3] ERROR com.intuit.karate - java.net.SocketTimeoutException: Read timed out, http call failed after 30014 milliseconds for URL: http://localhost:22690/session/f9fa00268511d425f3a9535907fcc4dd/url
00:17:17.828 [ForkJoinPool-1-worker-3] ERROR com.intuit.karate - http request failed: 
java.net.SocketTimeoutException: Read timed out
00:17:17.840 [ForkJoinPool-1-worker-3] DEBUG com.intuit.karate - request:
3 > DELETE http://localhost:22690/session/f9fa00268511d425f3a9535907fcc4dd/url/window
3 > Accept-Encoding: gzip,deflate
3 > Connection: Keep-Alive
3 > Content-Length: 33
3 > Content-Type: application/json; charset=UTF-8
3 > Host: localhost:22690
3 > User-Agent: Apache-HttpClient/4.5.12 (Java/11.0.4)
{"url":"https://www.pup.edu.ph/"}

00:17:17.899 [ForkJoinPool-1-worker-3] DEBUG com.intuit.karate - response time in milliseconds: 57.81
3 < 404
3 < Content-Length: 875
3 < Content-Type: application/json; charset=utf-8
3 < cache-control: no-cache
{"value":{"error":"unknown command","message":"unknown command: unknown command: session/f9fa00268511d425f3a9535907fcc4dd/url/window","stacktrace":"Backtrace:\n\tOrdinal0 [0x00666463+2188387]\n\tOrdinal0 [0x005FE461+1762401]\n\tOrdinal0 [0x00513D78+802168]\n\tOrdinal0 [0x0055A2EE+1090286]\n\tOrdinal0 [0x0055A0D8+1089752]\n\tOrdinal0 [0x004F5447+676935]\n\tOrdinal0 [0x004F59C3+678339]\n\tOrdinal0 [0x004F5DFA+679418]\n\tGetHandleVerifier [0x009071F2+2712546]\n\tGetHandleVerifier [0x008F886D+2652765]\n\tGetHandleVerifier [0x006F002A+520730]\n\tGetHandleVerifier [0x006EEE06+516086]\n\tOrdinal0 [0x0060468B+1787531]\n\tOrdinal0 [0x004F51D7+676311]\n\tOrdinal0 [0x004F4C88+674952]\n\tGetHandleVerifier [0x009295BC+2852780]\n\tBaseThreadInitThunk [0x7796FA29+25]\n\tRtlGetAppContainerNamedObjectPath [0x77BA7A7E+286]\n\tRtlGetAppContainerNamedObjectPath [0x77BA7A4E+238]\n"}}

00:17:17.900 [ForkJoinPool-1-worker-3] WARN  com.intuit.karate - http response code: 404, response: {"value":{"stacktrace":"Backtrace:\n\tOrdinal0 [0x00666463+2188387]\n\tOrdinal0 [0x005FE461+1762401]\n\tOrdinal0 [0x00513D78+802168]\n\tOrdinal0 [0x0055A2EE+1090286]\n\tOrdinal0 [0x0055A0D8+1089752]\n\tOrdinal0 [0x004F5447+676935]\n\tOrdinal0 [0x004F59C3+678339]\n\tOrdinal0 [0x004F5DFA+679418]\n\tGetHandleVerifier [0x009071F2+2712546]\n\tGetHandleVerifier [0x008F886D+2652765]\n\tGetHandleVerifier [0x006F002A+520730]\n\tGetHandleVerifier [0x006EEE06+516086]\n\tOrdinal0 [0x0060468B+1787531]\n\tOrdinal0 [0x004F51D7+676311]\n\tOrdinal0 [0x004F4C88+674952]\n\tGetHandleVerifier [0x009295BC+2852780]\n\tBaseThreadInitThunk [0x7796FA29+25]\n\tRtlGetAppContainerNamedObjectPath [0x77BA7A7E+286]\n\tRtlGetAppContainerNamedObjectPath [0x77BA7A4E+238]\n","error":"unknown command","message":"unknown command: unknown command: session/f9fa00268511d425f3a9535907fcc4dd/url/window"}}, request: [method: DELETE, responseTime: 57.8111, body: {"url":"https://www.pup.edu.ph/"}]
00:17:17.904 [ForkJoinPool-1-worker-3] DEBUG com.intuit.karate - request:
4 > DELETE http://localhost:22690/session/f9fa00268511d425f3a9535907fcc4dd
4 > Accept-Encoding: gzip,deflate
4 > Connection: Keep-Alive
4 > Host: localhost:22690
4 > User-Agent: Apache-HttpClient/4.5.12 (Java/11.0.4)

00:17:32.080 [ForkJoinPool-1-worker-3] DEBUG com.intuit.karate - response time in milliseconds: 14175.24
4 < 200
4 < Content-Length: 14
4 < Content-Type: application/json; charset=utf-8
4 < cache-control: no-cache
{"value":null}

00:17:32.081 [ForkJoinPool-1-worker-3] DEBUG com.intuit.karate.shell.Command - closing command: chromedriver_1659888999606
00:17:32.154 [chromedriver_1659888999606] WARN  com.intuit.karate.shell.Command - exit code was non-zero: 1 - [C:/Program Files/Google/Chrome/Application/chromedriver.exe, --port=22690, --user-data-dir=C:\Users\Claire\IdeaProjects\Automation_Testing\target\chromedriver_1659888999606]
00:17:32.158 [chromedriver_1659888999606] DEBUG com.intuit.karate.shell.Command - console readers complete
00:17:32.343 [pool-1-thread-1] INFO  com.intuit.karate.Runner - <<fail>> feature 24 of 29: src/test/java/examples/rosemblot_3_1/Rosemblot - pup_studentservices.feature
---------------------------------------------------------
feature: src/test/java/examples/rosemblot_3_1/Rosemblot - pup_studentservices.feature
report: target\surefire-reports\src.test.java.examples.rosemblot_3_1.Rosemblot - pup_studentservices.json
scenarios:  1 | passed:  0 | failed:  1 | time: 38.2236
---------------------------------------------------------

HTML report: (paste into browser to view) | Karate version: 0.9.6.RC4
file:/C:/Users/Claire/IdeaProjects/Automation_Testing/target/surefire-reports/karate-summary.html
===================================================================

Karate version: 0.9.6.RC4
======================================================
elapsed: 542.07 | threads:    1 | thread time: 473.38 
features:    11 | ignored:   18 | efficiency: 0.87
scenarios:   12 | passed:     8 | failed: 4
======================================================
failed features:
src.test.java.examples.boquiren_3_1.PUP_History: [1.1:18] PUP_History.feature:14 - evaluation (js) failed: waitForUrl('www.pup.edu.ph/history'), waitForUrl: failed after 3 retries and 9171 milliseconds
src.test.java.examples.fallesgon_3_1.PUP_Student_Council: [1.1:13] PUP_Student_Council.feature:8 - evaluation (js) failed: click('{a}Student Council'), 
java.net.SocketTimeoutException: Read timed out
src.test.java.examples.muyrong_3_1.download: [1.1:19] download.feature:15 - evaluation (js) failed: waitForUrl('https://www.pup.edu.ph/downloads/employees/'), waitForUrl: failed after 3 retries and 9164 milliseconds
src.test.java.examples.rosemblot_3_1.Rosemblot - pup_studentservices: [1.1:13] Rosemblot - pup_studentservices.feature:6 - 
java.net.SocketTimeoutException: Read timed out

]]></system-out>
    <system-err><![CDATA[Warning: Nashorn engine is planned to be removed from a future JDK release
Aug 08, 2022 12:17:41 AM net.masterthought.cucumber.ReportParser parseJsonFiles
INFO: File 'C:\Users\Claire\IdeaProjects\Automation_Testing\target\surefire-reports\src.test.java.examples.boquiren_3_1.PUP_Colleges.json' contains 1 features
Aug 08, 2022 12:17:41 AM net.masterthought.cucumber.ReportParser parseJsonFiles
INFO: File 'C:\Users\Claire\IdeaProjects\Automation_Testing\target\surefire-reports\src.test.java.examples.boquiren_3_1.PUP_History.json' contains 1 features
Aug 08, 2022 12:17:41 AM net.masterthought.cucumber.ReportParser parseJsonFiles
INFO: File 'C:\Users\Claire\IdeaProjects\Automation_Testing\target\surefire-reports\src.test.java.examples.defiesta_3_1.DEFIESTA - pup_branchncampuses.json' contains 1 features
Aug 08, 2022 12:17:41 AM net.masterthought.cucumber.ReportParser parseJsonFiles
INFO: File 'C:\Users\Claire\IdeaProjects\Automation_Testing\target\surefire-reports\src.test.java.examples.defiesta_3_1.DEFIESTA - pup_program.json' contains 1 features
Aug 08, 2022 12:17:42 AM net.masterthought.cucumber.ReportParser parseJsonFiles
INFO: File 'C:\Users\Claire\IdeaProjects\Automation_Testing\target\surefire-reports\src.test.java.examples.esteban_3_1.pupeduph.json' contains 1 features
Aug 08, 2022 12:17:42 AM net.masterthought.cucumber.ReportParser parseJsonFiles
INFO: File 'C:\Users\Claire\IdeaProjects\Automation_Testing\target\surefire-reports\src.test.java.examples.esteban_3_1.pupeduph2.json' contains 1 features
Aug 08, 2022 12:17:42 AM net.masterthought.cucumber.ReportParser parseJsonFiles
INFO: File 'C:\Users\Claire\IdeaProjects\Automation_Testing\target\surefire-reports\src.test.java.examples.fallesgon_3_1.PUP_Student_Council.json' contains 1 features
Aug 08, 2022 12:17:42 AM net.masterthought.cucumber.ReportParser parseJsonFiles
INFO: File 'C:\Users\Claire\IdeaProjects\Automation_Testing\target\surefire-reports\src.test.java.examples.fallesgon_3_1.PUP_Student_Services.json' contains 1 features
Aug 08, 2022 12:17:42 AM net.masterthought.cucumber.ReportParser parseJsonFiles
INFO: File 'C:\Users\Claire\IdeaProjects\Automation_Testing\target\surefire-reports\src.test.java.examples.lupo_3_1.pup_bor.json' contains 1 features
Aug 08, 2022 12:17:42 AM net.masterthought.cucumber.ReportParser parseJsonFiles
INFO: File 'C:\Users\Claire\IdeaProjects\Automation_Testing\target\surefire-reports\src.test.java.examples.lupo_3_1.pup_unical.json' contains 1 features
Aug 08, 2022 12:17:43 AM net.masterthought.cucumber.ReportParser parseJsonFiles
INFO: File 'C:\Users\Claire\IdeaProjects\Automation_Testing\target\surefire-reports\src.test.java.examples.masangcay_3_1.pupeduph.json' contains 1 features
Aug 08, 2022 12:17:43 AM net.masterthought.cucumber.ReportParser parseJsonFiles
INFO: File 'C:\Users\Claire\IdeaProjects\Automation_Testing\target\surefire-reports\src.test.java.examples.masangcay_3_1.pupeduph2.json' contains 1 features
Aug 08, 2022 12:17:44 AM net.masterthought.cucumber.ReportParser parseJsonFiles
INFO: File 'C:\Users\Claire\IdeaProjects\Automation_Testing\target\surefire-reports\src.test.java.examples.Mejorada_3_1.login.json' contains 1 features
Aug 08, 2022 12:17:44 AM net.masterthought.cucumber.ReportParser parseJsonFiles
INFO: File 'C:\Users\Claire\IdeaProjects\Automation_Testing\target\surefire-reports\src.test.java.examples.Mejorada_3_1.pup_search.json' contains 1 features
Aug 08, 2022 12:17:44 AM net.masterthought.cucumber.ReportParser parseJsonFiles
INFO: File 'C:\Users\Claire\IdeaProjects\Automation_Testing\target\surefire-reports\src.test.java.examples.muyrong_3_1.AcademicYear.json' contains 1 features
Aug 08, 2022 12:17:44 AM net.masterthought.cucumber.ReportParser parseJsonFiles
INFO: File 'C:\Users\Claire\IdeaProjects\Automation_Testing\target\surefire-reports\src.test.java.examples.muyrong_3_1.download.json' contains 1 features
Aug 08, 2022 12:17:44 AM net.masterthought.cucumber.ReportParser parseJsonFiles
INFO: File 'C:\Users\Claire\IdeaProjects\Automation_Testing\target\surefire-reports\src.test.java.examples.razal_3_1.pup_test.json' contains 1 features
Aug 08, 2022 12:17:44 AM net.masterthought.cucumber.ReportParser parseJsonFiles
INFO: File 'C:\Users\Claire\IdeaProjects\Automation_Testing\target\surefire-reports\src.test.java.examples.rosemblot_3_1.rosemblot - pup_branchandcampuses.json' contains 1 features
Aug 08, 2022 12:17:44 AM net.masterthought.cucumber.ReportParser parseJsonFiles
INFO: File 'C:\Users\Claire\IdeaProjects\Automation_Testing\target\surefire-reports\src.test.java.examples.rosemblot_3_1.Rosemblot - pup_studentservices.json' contains 1 features
Aug 08, 2022 12:17:45 AM net.masterthought.cucumber.ReportParser parseJsonFiles
INFO: File 'C:\Users\Claire\IdeaProjects\Automation_Testing\target\surefire-reports\src.test.java.examples.tulod_3_1.pup_test.json' contains 1 features
Aug 08, 2022 12:17:45 AM net.masterthought.cucumber.ReportParser parseJsonFiles
INFO: File 'C:\Users\Claire\IdeaProjects\Automation_Testing\target\surefire-reports\src.test.java.examples.ulibas_3_1.pup_contact_us.json' contains 1 features
Aug 08, 2022 12:17:45 AM net.masterthought.cucumber.ReportParser parseJsonFiles
INFO: File 'C:\Users\Claire\IdeaProjects\Automation_Testing\target\surefire-reports\src.test.java.examples.ulibas_3_1.pup_search.json' contains 1 features
Aug 08, 2022 12:17:45 AM net.masterthought.cucumber.ReportParser parseJsonFiles
INFO: File 'C:\Users\Claire\IdeaProjects\Automation_Testing\target\surefire-reports\src.test.java.examples.villaruz3_1.pup_test.json' contains 1 features
]]></system-err>
  </testcase>
</testsuite>